[2025-04-18T11:50:31.817+0000] {processor.py:186} INFO - Started process (PID=147) to work on /home/airflow/.local/lib/python3.12/site-packages/airflow/example_dags/example_subdag_operator.py
[2025-04-18T11:50:31.824+0000] {processor.py:914} INFO - Processing file /home/airflow/.local/lib/python3.12/site-packages/airflow/example_dags/example_subdag_operator.py for tasks to queue
[2025-04-18T11:50:31.842+0000] {logging_mixin.py:190} INFO - [2025-04-18T11:50:31.839+0000] {dagbag.py:588} INFO - Filling up the DagBag from /home/airflow/.local/lib/python3.12/site-packages/airflow/example_dags/example_subdag_operator.py
[2025-04-18T11:50:32.062+0000] {processor.py:925} INFO - DAG(s) 'example_subdag_operator.section-1', 'example_subdag_operator.section-2', 'example_subdag_operator' retrieved from /home/airflow/.local/lib/python3.12/site-packages/airflow/example_dags/example_subdag_operator.py
[2025-04-18T11:50:33.194+0000] {logging_mixin.py:190} INFO - [2025-04-18T11:50:33.192+0000] {override.py:1912} INFO - Created Permission View: can delete on DAG:example_subdag_operator
[2025-04-18T11:50:33.343+0000] {logging_mixin.py:190} INFO - [2025-04-18T11:50:33.342+0000] {override.py:1912} INFO - Created Permission View: can read on DAG:example_subdag_operator
[2025-04-18T11:50:33.435+0000] {logging_mixin.py:190} INFO - [2025-04-18T11:50:33.431+0000] {override.py:1912} INFO - Created Permission View: can edit on DAG:example_subdag_operator
[2025-04-18T11:50:33.558+0000] {logging_mixin.py:190} INFO - [2025-04-18T11:50:33.556+0000] {override.py:1912} INFO - Created Permission View: can read on DAG Run:example_subdag_operator
[2025-04-18T11:50:33.635+0000] {logging_mixin.py:190} INFO - [2025-04-18T11:50:33.634+0000] {override.py:1912} INFO - Created Permission View: menu access on DAG Run:example_subdag_operator
[2025-04-18T11:50:33.766+0000] {logging_mixin.py:190} INFO - [2025-04-18T11:50:33.764+0000] {override.py:1912} INFO - Created Permission View: can create on DAG Run:example_subdag_operator
[2025-04-18T11:50:33.863+0000] {logging_mixin.py:190} INFO - [2025-04-18T11:50:33.862+0000] {override.py:1912} INFO - Created Permission View: can delete on DAG Run:example_subdag_operator
[2025-04-18T11:50:33.877+0000] {logging_mixin.py:190} INFO - [2025-04-18T11:50:33.867+0000] {dag.py:3239} INFO - Sync 3 DAGs
[2025-04-18T11:50:34.165+0000] {logging_mixin.py:190} INFO - [2025-04-18T11:50:34.164+0000] {dag.py:3262} INFO - Creating ORM DAG for example_subdag_operator.section-2
[2025-04-18T11:50:34.194+0000] {logging_mixin.py:190} INFO - [2025-04-18T11:50:34.182+0000] {dag.py:3262} INFO - Creating ORM DAG for example_subdag_operator
[2025-04-18T11:50:34.199+0000] {logging_mixin.py:190} INFO - [2025-04-18T11:50:34.199+0000] {dag.py:3262} INFO - Creating ORM DAG for example_subdag_operator.section-1
[2025-04-18T11:50:34.364+0000] {logging_mixin.py:190} INFO - [2025-04-18T11:50:34.358+0000] {dag.py:4180} INFO - Setting next_dagrun for example_subdag_operator to 2022-01-01 00:00:00+00:00, run_after=2022-01-01 00:00:00+00:00
[2025-04-18T11:50:34.385+0000] {logging_mixin.py:190} INFO - [2025-04-18T11:50:34.379+0000] {dag.py:4180} INFO - Setting next_dagrun for example_subdag_operator.section-1 to None, run_after=None
[2025-04-18T11:50:34.393+0000] {logging_mixin.py:190} INFO - [2025-04-18T11:50:34.391+0000] {dag.py:4180} INFO - Setting next_dagrun for example_subdag_operator.section-2 to None, run_after=None
[2025-04-18T11:50:34.536+0000] {logging_mixin.py:190} INFO - [2025-04-18T11:50:34.534+0000] {dag.py:3239} INFO - Sync 2 DAGs
[2025-04-18T11:50:34.627+0000] {logging_mixin.py:190} INFO - [2025-04-18T11:50:34.624+0000] {dag.py:4180} INFO - Setting next_dagrun for example_subdag_operator.section-1 to None, run_after=None
[2025-04-18T11:50:34.665+0000] {logging_mixin.py:190} INFO - [2025-04-18T11:50:34.662+0000] {dag.py:4180} INFO - Setting next_dagrun for example_subdag_operator.section-2 to None, run_after=None
[2025-04-18T11:50:34.871+0000] {processor.py:208} INFO - Processing /home/airflow/.local/lib/python3.12/site-packages/airflow/example_dags/example_subdag_operator.py took 3.099 seconds
[2025-04-18T11:52:29.538+0000] {processor.py:186} INFO - Started process (PID=242) to work on /home/airflow/.local/lib/python3.12/site-packages/airflow/example_dags/example_subdag_operator.py
[2025-04-18T11:52:29.542+0000] {processor.py:914} INFO - Processing file /home/airflow/.local/lib/python3.12/site-packages/airflow/example_dags/example_subdag_operator.py for tasks to queue
[2025-04-18T11:52:29.555+0000] {logging_mixin.py:190} INFO - [2025-04-18T11:52:29.553+0000] {dagbag.py:588} INFO - Filling up the DagBag from /home/airflow/.local/lib/python3.12/site-packages/airflow/example_dags/example_subdag_operator.py
[2025-04-18T11:52:29.682+0000] {processor.py:925} INFO - DAG(s) 'example_subdag_operator.section-1', 'example_subdag_operator.section-2', 'example_subdag_operator' retrieved from /home/airflow/.local/lib/python3.12/site-packages/airflow/example_dags/example_subdag_operator.py
[2025-04-18T11:52:29.774+0000] {logging_mixin.py:190} INFO - [2025-04-18T11:52:29.773+0000] {dag.py:3239} INFO - Sync 3 DAGs
[2025-04-18T11:52:29.919+0000] {logging_mixin.py:190} INFO - [2025-04-18T11:52:29.918+0000] {dag.py:4180} INFO - Setting next_dagrun for example_subdag_operator to 2022-01-01 00:00:00+00:00, run_after=2022-01-01 00:00:00+00:00
[2025-04-18T11:52:29.951+0000] {logging_mixin.py:190} INFO - [2025-04-18T11:52:29.946+0000] {dag.py:4180} INFO - Setting next_dagrun for example_subdag_operator.section-1 to None, run_after=None
[2025-04-18T11:52:29.964+0000] {logging_mixin.py:190} INFO - [2025-04-18T11:52:29.963+0000] {dag.py:4180} INFO - Setting next_dagrun for example_subdag_operator.section-2 to None, run_after=None
[2025-04-18T11:52:30.129+0000] {logging_mixin.py:190} INFO - [2025-04-18T11:52:30.128+0000] {dag.py:3239} INFO - Sync 2 DAGs
[2025-04-18T11:52:30.277+0000] {logging_mixin.py:190} INFO - [2025-04-18T11:52:30.261+0000] {dag.py:4180} INFO - Setting next_dagrun for example_subdag_operator.section-1 to None, run_after=None
[2025-04-18T11:52:30.285+0000] {logging_mixin.py:190} INFO - [2025-04-18T11:52:30.283+0000] {dag.py:4180} INFO - Setting next_dagrun for example_subdag_operator.section-2 to None, run_after=None
[2025-04-18T11:52:30.887+0000] {processor.py:208} INFO - Processing /home/airflow/.local/lib/python3.12/site-packages/airflow/example_dags/example_subdag_operator.py took 1.395 seconds
[2025-04-18T11:53:34.631+0000] {processor.py:186} INFO - Started process (PID=317) to work on /home/airflow/.local/lib/python3.12/site-packages/airflow/example_dags/example_subdag_operator.py
[2025-04-18T11:53:34.652+0000] {processor.py:914} INFO - Processing file /home/airflow/.local/lib/python3.12/site-packages/airflow/example_dags/example_subdag_operator.py for tasks to queue
[2025-04-18T11:53:34.710+0000] {logging_mixin.py:190} INFO - [2025-04-18T11:53:34.708+0000] {dagbag.py:588} INFO - Filling up the DagBag from /home/airflow/.local/lib/python3.12/site-packages/airflow/example_dags/example_subdag_operator.py
[2025-04-18T11:53:35.105+0000] {processor.py:925} INFO - DAG(s) 'example_subdag_operator.section-1', 'example_subdag_operator.section-2', 'example_subdag_operator' retrieved from /home/airflow/.local/lib/python3.12/site-packages/airflow/example_dags/example_subdag_operator.py
[2025-04-18T11:53:35.273+0000] {logging_mixin.py:190} INFO - [2025-04-18T11:53:35.270+0000] {dag.py:3239} INFO - Sync 3 DAGs
[2025-04-18T11:53:35.769+0000] {logging_mixin.py:190} INFO - [2025-04-18T11:53:35.768+0000] {dag.py:4180} INFO - Setting next_dagrun for example_subdag_operator to 2022-01-01 00:00:00+00:00, run_after=2022-01-01 00:00:00+00:00
[2025-04-18T11:53:35.833+0000] {logging_mixin.py:190} INFO - [2025-04-18T11:53:35.832+0000] {dag.py:4180} INFO - Setting next_dagrun for example_subdag_operator.section-1 to None, run_after=None
[2025-04-18T11:53:35.852+0000] {logging_mixin.py:190} INFO - [2025-04-18T11:53:35.851+0000] {dag.py:4180} INFO - Setting next_dagrun for example_subdag_operator.section-2 to None, run_after=None
[2025-04-18T11:53:35.940+0000] {logging_mixin.py:190} INFO - [2025-04-18T11:53:35.932+0000] {dag.py:3239} INFO - Sync 2 DAGs
[2025-04-18T11:53:36.023+0000] {logging_mixin.py:190} INFO - [2025-04-18T11:53:36.014+0000] {dag.py:4180} INFO - Setting next_dagrun for example_subdag_operator.section-1 to None, run_after=None
[2025-04-18T11:53:36.030+0000] {logging_mixin.py:190} INFO - [2025-04-18T11:53:36.028+0000] {dag.py:4180} INFO - Setting next_dagrun for example_subdag_operator.section-2 to None, run_after=None
[2025-04-18T11:53:36.270+0000] {processor.py:208} INFO - Processing /home/airflow/.local/lib/python3.12/site-packages/airflow/example_dags/example_subdag_operator.py took 1.739 seconds
[2025-04-18T11:54:44.599+0000] {processor.py:186} INFO - Started process (PID=391) to work on /home/airflow/.local/lib/python3.12/site-packages/airflow/example_dags/example_subdag_operator.py
[2025-04-18T11:54:44.604+0000] {processor.py:914} INFO - Processing file /home/airflow/.local/lib/python3.12/site-packages/airflow/example_dags/example_subdag_operator.py for tasks to queue
[2025-04-18T11:54:44.621+0000] {logging_mixin.py:190} INFO - [2025-04-18T11:54:44.620+0000] {dagbag.py:588} INFO - Filling up the DagBag from /home/airflow/.local/lib/python3.12/site-packages/airflow/example_dags/example_subdag_operator.py
[2025-04-18T11:54:44.795+0000] {processor.py:925} INFO - DAG(s) 'example_subdag_operator.section-1', 'example_subdag_operator.section-2', 'example_subdag_operator' retrieved from /home/airflow/.local/lib/python3.12/site-packages/airflow/example_dags/example_subdag_operator.py
[2025-04-18T11:54:45.121+0000] {logging_mixin.py:190} INFO - [2025-04-18T11:54:45.106+0000] {dag.py:3239} INFO - Sync 3 DAGs
[2025-04-18T11:54:45.947+0000] {logging_mixin.py:190} INFO - [2025-04-18T11:54:45.943+0000] {dag.py:4180} INFO - Setting next_dagrun for example_subdag_operator to 2022-01-01 00:00:00+00:00, run_after=2022-01-01 00:00:00+00:00
[2025-04-18T11:54:45.997+0000] {logging_mixin.py:190} INFO - [2025-04-18T11:54:45.990+0000] {dag.py:4180} INFO - Setting next_dagrun for example_subdag_operator.section-1 to None, run_after=None
[2025-04-18T11:54:46.007+0000] {logging_mixin.py:190} INFO - [2025-04-18T11:54:46.006+0000] {dag.py:4180} INFO - Setting next_dagrun for example_subdag_operator.section-2 to None, run_after=None
[2025-04-18T11:54:46.084+0000] {logging_mixin.py:190} INFO - [2025-04-18T11:54:46.083+0000] {dag.py:3239} INFO - Sync 2 DAGs
[2025-04-18T11:54:46.113+0000] {logging_mixin.py:190} INFO - [2025-04-18T11:54:46.113+0000] {dag.py:4180} INFO - Setting next_dagrun for example_subdag_operator.section-1 to None, run_after=None
[2025-04-18T11:54:46.121+0000] {logging_mixin.py:190} INFO - [2025-04-18T11:54:46.121+0000] {dag.py:4180} INFO - Setting next_dagrun for example_subdag_operator.section-2 to None, run_after=None
[2025-04-18T11:54:46.167+0000] {processor.py:208} INFO - Processing /home/airflow/.local/lib/python3.12/site-packages/airflow/example_dags/example_subdag_operator.py took 1.588 seconds
[2025-04-18T11:56:21.929+0000] {processor.py:186} INFO - Started process (PID=485) to work on /home/airflow/.local/lib/python3.12/site-packages/airflow/example_dags/example_subdag_operator.py
[2025-04-18T11:56:21.964+0000] {processor.py:914} INFO - Processing file /home/airflow/.local/lib/python3.12/site-packages/airflow/example_dags/example_subdag_operator.py for tasks to queue
[2025-04-18T11:56:22.046+0000] {logging_mixin.py:190} INFO - [2025-04-18T11:56:22.031+0000] {dagbag.py:588} INFO - Filling up the DagBag from /home/airflow/.local/lib/python3.12/site-packages/airflow/example_dags/example_subdag_operator.py
[2025-04-18T11:56:22.366+0000] {processor.py:925} INFO - DAG(s) 'example_subdag_operator.section-1', 'example_subdag_operator.section-2', 'example_subdag_operator' retrieved from /home/airflow/.local/lib/python3.12/site-packages/airflow/example_dags/example_subdag_operator.py
[2025-04-18T11:56:22.593+0000] {logging_mixin.py:190} INFO - [2025-04-18T11:56:22.590+0000] {dag.py:3239} INFO - Sync 3 DAGs
[2025-04-18T11:56:22.880+0000] {logging_mixin.py:190} INFO - [2025-04-18T11:56:22.878+0000] {dag.py:4180} INFO - Setting next_dagrun for example_subdag_operator to 2022-01-01 00:00:00+00:00, run_after=2022-01-01 00:00:00+00:00
[2025-04-18T11:56:22.924+0000] {logging_mixin.py:190} INFO - [2025-04-18T11:56:22.923+0000] {dag.py:4180} INFO - Setting next_dagrun for example_subdag_operator.section-1 to None, run_after=None
[2025-04-18T11:56:22.947+0000] {logging_mixin.py:190} INFO - [2025-04-18T11:56:22.945+0000] {dag.py:4180} INFO - Setting next_dagrun for example_subdag_operator.section-2 to None, run_after=None
[2025-04-18T11:56:23.089+0000] {logging_mixin.py:190} INFO - [2025-04-18T11:56:23.087+0000] {dag.py:3239} INFO - Sync 2 DAGs
[2025-04-18T11:56:23.219+0000] {logging_mixin.py:190} INFO - [2025-04-18T11:56:23.217+0000] {dag.py:4180} INFO - Setting next_dagrun for example_subdag_operator.section-1 to None, run_after=None
[2025-04-18T11:56:23.229+0000] {logging_mixin.py:190} INFO - [2025-04-18T11:56:23.224+0000] {dag.py:4180} INFO - Setting next_dagrun for example_subdag_operator.section-2 to None, run_after=None
[2025-04-18T11:56:23.325+0000] {processor.py:208} INFO - Processing /home/airflow/.local/lib/python3.12/site-packages/airflow/example_dags/example_subdag_operator.py took 1.510 seconds
[2025-04-18T11:57:19.394+0000] {processor.py:186} INFO - Started process (PID=554) to work on /home/airflow/.local/lib/python3.12/site-packages/airflow/example_dags/example_subdag_operator.py
[2025-04-18T11:57:19.405+0000] {processor.py:914} INFO - Processing file /home/airflow/.local/lib/python3.12/site-packages/airflow/example_dags/example_subdag_operator.py for tasks to queue
[2025-04-18T11:57:19.478+0000] {logging_mixin.py:190} INFO - [2025-04-18T11:57:19.472+0000] {dagbag.py:588} INFO - Filling up the DagBag from /home/airflow/.local/lib/python3.12/site-packages/airflow/example_dags/example_subdag_operator.py
[2025-04-18T11:57:19.854+0000] {processor.py:925} INFO - DAG(s) 'example_subdag_operator.section-1', 'example_subdag_operator.section-2', 'example_subdag_operator' retrieved from /home/airflow/.local/lib/python3.12/site-packages/airflow/example_dags/example_subdag_operator.py
[2025-04-18T11:57:20.187+0000] {logging_mixin.py:190} INFO - [2025-04-18T11:57:20.184+0000] {dag.py:3239} INFO - Sync 3 DAGs
[2025-04-18T11:57:20.434+0000] {logging_mixin.py:190} INFO - [2025-04-18T11:57:20.433+0000] {dag.py:4180} INFO - Setting next_dagrun for example_subdag_operator to 2022-01-01 00:00:00+00:00, run_after=2022-01-01 00:00:00+00:00
[2025-04-18T11:57:20.527+0000] {logging_mixin.py:190} INFO - [2025-04-18T11:57:20.514+0000] {dag.py:4180} INFO - Setting next_dagrun for example_subdag_operator.section-1 to None, run_after=None
[2025-04-18T11:57:20.538+0000] {logging_mixin.py:190} INFO - [2025-04-18T11:57:20.537+0000] {dag.py:4180} INFO - Setting next_dagrun for example_subdag_operator.section-2 to None, run_after=None
[2025-04-18T11:57:20.775+0000] {logging_mixin.py:190} INFO - [2025-04-18T11:57:20.773+0000] {dag.py:3239} INFO - Sync 2 DAGs
[2025-04-18T11:57:21.091+0000] {logging_mixin.py:190} INFO - [2025-04-18T11:57:21.089+0000] {dag.py:4180} INFO - Setting next_dagrun for example_subdag_operator.section-1 to None, run_after=None
[2025-04-18T11:57:21.106+0000] {logging_mixin.py:190} INFO - [2025-04-18T11:57:21.104+0000] {dag.py:4180} INFO - Setting next_dagrun for example_subdag_operator.section-2 to None, run_after=None
[2025-04-18T11:57:21.636+0000] {processor.py:208} INFO - Processing /home/airflow/.local/lib/python3.12/site-packages/airflow/example_dags/example_subdag_operator.py took 2.299 seconds
[2025-04-18T11:58:25.945+0000] {processor.py:186} INFO - Started process (PID=639) to work on /home/airflow/.local/lib/python3.12/site-packages/airflow/example_dags/example_subdag_operator.py
[2025-04-18T11:58:25.960+0000] {processor.py:914} INFO - Processing file /home/airflow/.local/lib/python3.12/site-packages/airflow/example_dags/example_subdag_operator.py for tasks to queue
[2025-04-18T11:58:25.999+0000] {logging_mixin.py:190} INFO - [2025-04-18T11:58:25.997+0000] {dagbag.py:588} INFO - Filling up the DagBag from /home/airflow/.local/lib/python3.12/site-packages/airflow/example_dags/example_subdag_operator.py
[2025-04-18T11:58:26.385+0000] {processor.py:925} INFO - DAG(s) 'example_subdag_operator.section-1', 'example_subdag_operator.section-2', 'example_subdag_operator' retrieved from /home/airflow/.local/lib/python3.12/site-packages/airflow/example_dags/example_subdag_operator.py
[2025-04-18T11:58:26.602+0000] {logging_mixin.py:190} INFO - [2025-04-18T11:58:26.601+0000] {dag.py:3239} INFO - Sync 3 DAGs
[2025-04-18T11:58:27.116+0000] {logging_mixin.py:190} INFO - [2025-04-18T11:58:27.113+0000] {dag.py:4180} INFO - Setting next_dagrun for example_subdag_operator to 2022-01-01 00:00:00+00:00, run_after=2022-01-01 00:00:00+00:00
[2025-04-18T11:58:27.203+0000] {logging_mixin.py:190} INFO - [2025-04-18T11:58:27.200+0000] {dag.py:4180} INFO - Setting next_dagrun for example_subdag_operator.section-1 to None, run_after=None
[2025-04-18T11:58:27.258+0000] {logging_mixin.py:190} INFO - [2025-04-18T11:58:27.257+0000] {dag.py:4180} INFO - Setting next_dagrun for example_subdag_operator.section-2 to None, run_after=None
[2025-04-18T11:58:27.581+0000] {logging_mixin.py:190} INFO - [2025-04-18T11:58:27.578+0000] {dag.py:3239} INFO - Sync 2 DAGs
[2025-04-18T11:58:27.723+0000] {logging_mixin.py:190} INFO - [2025-04-18T11:58:27.719+0000] {dag.py:4180} INFO - Setting next_dagrun for example_subdag_operator.section-1 to None, run_after=None
[2025-04-18T11:58:27.983+0000] {logging_mixin.py:190} INFO - [2025-04-18T11:58:27.982+0000] {dag.py:4180} INFO - Setting next_dagrun for example_subdag_operator.section-2 to None, run_after=None
[2025-04-18T11:58:28.286+0000] {processor.py:208} INFO - Processing /home/airflow/.local/lib/python3.12/site-packages/airflow/example_dags/example_subdag_operator.py took 2.474 seconds
[2025-04-18T12:00:16.459+0000] {processor.py:186} INFO - Started process (PID=723) to work on /home/airflow/.local/lib/python3.12/site-packages/airflow/example_dags/example_subdag_operator.py
[2025-04-18T12:00:16.467+0000] {processor.py:914} INFO - Processing file /home/airflow/.local/lib/python3.12/site-packages/airflow/example_dags/example_subdag_operator.py for tasks to queue
[2025-04-18T12:00:16.475+0000] {logging_mixin.py:190} INFO - [2025-04-18T12:00:16.472+0000] {dagbag.py:588} INFO - Filling up the DagBag from /home/airflow/.local/lib/python3.12/site-packages/airflow/example_dags/example_subdag_operator.py
[2025-04-18T12:00:16.662+0000] {processor.py:925} INFO - DAG(s) 'example_subdag_operator.section-1', 'example_subdag_operator.section-2', 'example_subdag_operator' retrieved from /home/airflow/.local/lib/python3.12/site-packages/airflow/example_dags/example_subdag_operator.py
[2025-04-18T12:00:16.807+0000] {logging_mixin.py:190} INFO - [2025-04-18T12:00:16.806+0000] {dag.py:3239} INFO - Sync 3 DAGs
[2025-04-18T12:00:17.218+0000] {logging_mixin.py:190} INFO - [2025-04-18T12:00:17.200+0000] {dag.py:4180} INFO - Setting next_dagrun for example_subdag_operator to 2022-01-01 00:00:00+00:00, run_after=2022-01-01 00:00:00+00:00
[2025-04-18T12:00:17.396+0000] {logging_mixin.py:190} INFO - [2025-04-18T12:00:17.393+0000] {dag.py:4180} INFO - Setting next_dagrun for example_subdag_operator.section-1 to None, run_after=None
[2025-04-18T12:00:17.495+0000] {logging_mixin.py:190} INFO - [2025-04-18T12:00:17.479+0000] {dag.py:4180} INFO - Setting next_dagrun for example_subdag_operator.section-2 to None, run_after=None
[2025-04-18T12:00:17.786+0000] {logging_mixin.py:190} INFO - [2025-04-18T12:00:17.785+0000] {dag.py:3239} INFO - Sync 2 DAGs
[2025-04-18T12:00:17.880+0000] {logging_mixin.py:190} INFO - [2025-04-18T12:00:17.880+0000] {dag.py:4180} INFO - Setting next_dagrun for example_subdag_operator.section-1 to None, run_after=None
[2025-04-18T12:00:17.896+0000] {logging_mixin.py:190} INFO - [2025-04-18T12:00:17.896+0000] {dag.py:4180} INFO - Setting next_dagrun for example_subdag_operator.section-2 to None, run_after=None
[2025-04-18T12:00:18.016+0000] {processor.py:208} INFO - Processing /home/airflow/.local/lib/python3.12/site-packages/airflow/example_dags/example_subdag_operator.py took 1.658 seconds
[2025-04-18T12:01:39.790+0000] {processor.py:186} INFO - Started process (PID=813) to work on /home/airflow/.local/lib/python3.12/site-packages/airflow/example_dags/example_subdag_operator.py
[2025-04-18T12:01:39.806+0000] {processor.py:914} INFO - Processing file /home/airflow/.local/lib/python3.12/site-packages/airflow/example_dags/example_subdag_operator.py for tasks to queue
[2025-04-18T12:01:39.846+0000] {logging_mixin.py:190} INFO - [2025-04-18T12:01:39.845+0000] {dagbag.py:588} INFO - Filling up the DagBag from /home/airflow/.local/lib/python3.12/site-packages/airflow/example_dags/example_subdag_operator.py
[2025-04-18T12:01:40.358+0000] {processor.py:925} INFO - DAG(s) 'example_subdag_operator.section-1', 'example_subdag_operator.section-2', 'example_subdag_operator' retrieved from /home/airflow/.local/lib/python3.12/site-packages/airflow/example_dags/example_subdag_operator.py
[2025-04-18T12:01:40.557+0000] {logging_mixin.py:190} INFO - [2025-04-18T12:01:40.554+0000] {dag.py:3239} INFO - Sync 3 DAGs
[2025-04-18T12:01:40.946+0000] {logging_mixin.py:190} INFO - [2025-04-18T12:01:40.946+0000] {dag.py:4180} INFO - Setting next_dagrun for example_subdag_operator to 2022-01-01 00:00:00+00:00, run_after=2022-01-01 00:00:00+00:00
[2025-04-18T12:01:41.104+0000] {logging_mixin.py:190} INFO - [2025-04-18T12:01:41.104+0000] {dag.py:4180} INFO - Setting next_dagrun for example_subdag_operator.section-1 to None, run_after=None
[2025-04-18T12:01:41.126+0000] {logging_mixin.py:190} INFO - [2025-04-18T12:01:41.126+0000] {dag.py:4180} INFO - Setting next_dagrun for example_subdag_operator.section-2 to None, run_after=None
[2025-04-18T12:01:41.173+0000] {logging_mixin.py:190} INFO - [2025-04-18T12:01:41.172+0000] {dag.py:3239} INFO - Sync 2 DAGs
[2025-04-18T12:01:41.290+0000] {logging_mixin.py:190} INFO - [2025-04-18T12:01:41.288+0000] {dag.py:4180} INFO - Setting next_dagrun for example_subdag_operator.section-1 to None, run_after=None
[2025-04-18T12:01:41.310+0000] {logging_mixin.py:190} INFO - [2025-04-18T12:01:41.308+0000] {dag.py:4180} INFO - Setting next_dagrun for example_subdag_operator.section-2 to None, run_after=None
[2025-04-18T12:01:42.168+0000] {processor.py:208} INFO - Processing /home/airflow/.local/lib/python3.12/site-packages/airflow/example_dags/example_subdag_operator.py took 2.432 seconds
[2025-04-18T12:03:40.823+0000] {processor.py:186} INFO - Started process (PID=908) to work on /home/airflow/.local/lib/python3.12/site-packages/airflow/example_dags/example_subdag_operator.py
[2025-04-18T12:03:40.837+0000] {processor.py:914} INFO - Processing file /home/airflow/.local/lib/python3.12/site-packages/airflow/example_dags/example_subdag_operator.py for tasks to queue
[2025-04-18T12:03:40.872+0000] {logging_mixin.py:190} INFO - [2025-04-18T12:03:40.871+0000] {dagbag.py:588} INFO - Filling up the DagBag from /home/airflow/.local/lib/python3.12/site-packages/airflow/example_dags/example_subdag_operator.py
[2025-04-18T12:03:41.238+0000] {processor.py:925} INFO - DAG(s) 'example_subdag_operator.section-1', 'example_subdag_operator.section-2', 'example_subdag_operator' retrieved from /home/airflow/.local/lib/python3.12/site-packages/airflow/example_dags/example_subdag_operator.py
[2025-04-18T12:03:41.523+0000] {logging_mixin.py:190} INFO - [2025-04-18T12:03:41.520+0000] {dag.py:3239} INFO - Sync 3 DAGs
[2025-04-18T12:03:41.996+0000] {logging_mixin.py:190} INFO - [2025-04-18T12:03:41.996+0000] {dag.py:4180} INFO - Setting next_dagrun for example_subdag_operator to 2022-01-01 00:00:00+00:00, run_after=2022-01-01 00:00:00+00:00
[2025-04-18T12:03:42.039+0000] {logging_mixin.py:190} INFO - [2025-04-18T12:03:42.035+0000] {dag.py:4180} INFO - Setting next_dagrun for example_subdag_operator.section-1 to None, run_after=None
[2025-04-18T12:03:42.064+0000] {logging_mixin.py:190} INFO - [2025-04-18T12:03:42.059+0000] {dag.py:4180} INFO - Setting next_dagrun for example_subdag_operator.section-2 to None, run_after=None
[2025-04-18T12:03:42.132+0000] {logging_mixin.py:190} INFO - [2025-04-18T12:03:42.129+0000] {dag.py:3239} INFO - Sync 2 DAGs
[2025-04-18T12:03:42.214+0000] {logging_mixin.py:190} INFO - [2025-04-18T12:03:42.212+0000] {dag.py:4180} INFO - Setting next_dagrun for example_subdag_operator.section-1 to None, run_after=None
[2025-04-18T12:03:42.231+0000] {logging_mixin.py:190} INFO - [2025-04-18T12:03:42.221+0000] {dag.py:4180} INFO - Setting next_dagrun for example_subdag_operator.section-2 to None, run_after=None
[2025-04-18T12:03:42.405+0000] {processor.py:208} INFO - Processing /home/airflow/.local/lib/python3.12/site-packages/airflow/example_dags/example_subdag_operator.py took 1.601 seconds
[2025-04-18T12:04:50.120+0000] {processor.py:186} INFO - Started process (PID=987) to work on /home/airflow/.local/lib/python3.12/site-packages/airflow/example_dags/example_subdag_operator.py
[2025-04-18T12:04:50.136+0000] {processor.py:914} INFO - Processing file /home/airflow/.local/lib/python3.12/site-packages/airflow/example_dags/example_subdag_operator.py for tasks to queue
[2025-04-18T12:04:50.181+0000] {logging_mixin.py:190} INFO - [2025-04-18T12:04:50.168+0000] {dagbag.py:588} INFO - Filling up the DagBag from /home/airflow/.local/lib/python3.12/site-packages/airflow/example_dags/example_subdag_operator.py
[2025-04-18T12:04:50.366+0000] {processor.py:925} INFO - DAG(s) 'example_subdag_operator.section-1', 'example_subdag_operator.section-2', 'example_subdag_operator' retrieved from /home/airflow/.local/lib/python3.12/site-packages/airflow/example_dags/example_subdag_operator.py
[2025-04-18T12:04:50.446+0000] {logging_mixin.py:190} INFO - [2025-04-18T12:04:50.445+0000] {dag.py:3239} INFO - Sync 3 DAGs
[2025-04-18T12:04:50.572+0000] {logging_mixin.py:190} INFO - [2025-04-18T12:04:50.571+0000] {dag.py:4180} INFO - Setting next_dagrun for example_subdag_operator to 2022-01-01 00:00:00+00:00, run_after=2022-01-01 00:00:00+00:00
[2025-04-18T12:04:50.624+0000] {logging_mixin.py:190} INFO - [2025-04-18T12:04:50.622+0000] {dag.py:4180} INFO - Setting next_dagrun for example_subdag_operator.section-1 to None, run_after=None
[2025-04-18T12:04:50.649+0000] {logging_mixin.py:190} INFO - [2025-04-18T12:04:50.648+0000] {dag.py:4180} INFO - Setting next_dagrun for example_subdag_operator.section-2 to None, run_after=None
[2025-04-18T12:04:50.731+0000] {logging_mixin.py:190} INFO - [2025-04-18T12:04:50.730+0000] {dag.py:3239} INFO - Sync 2 DAGs
[2025-04-18T12:04:50.795+0000] {logging_mixin.py:190} INFO - [2025-04-18T12:04:50.793+0000] {dag.py:4180} INFO - Setting next_dagrun for example_subdag_operator.section-1 to None, run_after=None
[2025-04-18T12:04:50.810+0000] {logging_mixin.py:190} INFO - [2025-04-18T12:04:50.809+0000] {dag.py:4180} INFO - Setting next_dagrun for example_subdag_operator.section-2 to None, run_after=None
[2025-04-18T12:04:51.755+0000] {processor.py:208} INFO - Processing /home/airflow/.local/lib/python3.12/site-packages/airflow/example_dags/example_subdag_operator.py took 1.657 seconds
[2025-04-18T12:05:53.599+0000] {processor.py:186} INFO - Started process (PID=1060) to work on /home/airflow/.local/lib/python3.12/site-packages/airflow/example_dags/example_subdag_operator.py
[2025-04-18T12:05:53.612+0000] {processor.py:914} INFO - Processing file /home/airflow/.local/lib/python3.12/site-packages/airflow/example_dags/example_subdag_operator.py for tasks to queue
[2025-04-18T12:05:53.630+0000] {logging_mixin.py:190} INFO - [2025-04-18T12:05:53.628+0000] {dagbag.py:588} INFO - Filling up the DagBag from /home/airflow/.local/lib/python3.12/site-packages/airflow/example_dags/example_subdag_operator.py
[2025-04-18T12:05:54.120+0000] {processor.py:925} INFO - DAG(s) 'example_subdag_operator.section-1', 'example_subdag_operator.section-2', 'example_subdag_operator' retrieved from /home/airflow/.local/lib/python3.12/site-packages/airflow/example_dags/example_subdag_operator.py
[2025-04-18T12:05:54.287+0000] {logging_mixin.py:190} INFO - [2025-04-18T12:05:54.284+0000] {dag.py:3239} INFO - Sync 3 DAGs
[2025-04-18T12:05:54.601+0000] {logging_mixin.py:190} INFO - [2025-04-18T12:05:54.598+0000] {dag.py:4180} INFO - Setting next_dagrun for example_subdag_operator to 2022-01-01 00:00:00+00:00, run_after=2022-01-01 00:00:00+00:00
[2025-04-18T12:05:54.650+0000] {logging_mixin.py:190} INFO - [2025-04-18T12:05:54.636+0000] {dag.py:4180} INFO - Setting next_dagrun for example_subdag_operator.section-1 to None, run_after=None
[2025-04-18T12:05:54.703+0000] {logging_mixin.py:190} INFO - [2025-04-18T12:05:54.701+0000] {dag.py:4180} INFO - Setting next_dagrun for example_subdag_operator.section-2 to None, run_after=None
[2025-04-18T12:05:54.842+0000] {logging_mixin.py:190} INFO - [2025-04-18T12:05:54.841+0000] {dag.py:3239} INFO - Sync 2 DAGs
[2025-04-18T12:05:55.013+0000] {logging_mixin.py:190} INFO - [2025-04-18T12:05:55.012+0000] {dag.py:4180} INFO - Setting next_dagrun for example_subdag_operator.section-1 to None, run_after=None
[2025-04-18T12:05:55.018+0000] {logging_mixin.py:190} INFO - [2025-04-18T12:05:55.018+0000] {dag.py:4180} INFO - Setting next_dagrun for example_subdag_operator.section-2 to None, run_after=None
[2025-04-18T12:05:55.321+0000] {processor.py:208} INFO - Processing /home/airflow/.local/lib/python3.12/site-packages/airflow/example_dags/example_subdag_operator.py took 1.789 seconds
[2025-04-18T17:37:34.447+0000] {processor.py:186} INFO - Started process (PID=136) to work on /home/airflow/.local/lib/python3.12/site-packages/airflow/example_dags/example_subdag_operator.py
[2025-04-18T17:37:34.455+0000] {processor.py:914} INFO - Processing file /home/airflow/.local/lib/python3.12/site-packages/airflow/example_dags/example_subdag_operator.py for tasks to queue
[2025-04-18T17:37:34.466+0000] {logging_mixin.py:190} INFO - [2025-04-18T17:37:34.465+0000] {dagbag.py:588} INFO - Filling up the DagBag from /home/airflow/.local/lib/python3.12/site-packages/airflow/example_dags/example_subdag_operator.py
[2025-04-18T17:37:34.555+0000] {processor.py:925} INFO - DAG(s) 'example_subdag_operator.section-1', 'example_subdag_operator.section-2', 'example_subdag_operator' retrieved from /home/airflow/.local/lib/python3.12/site-packages/airflow/example_dags/example_subdag_operator.py
[2025-04-18T17:37:34.596+0000] {logging_mixin.py:190} INFO - [2025-04-18T17:37:34.595+0000] {dag.py:3239} INFO - Sync 3 DAGs
[2025-04-18T17:37:34.670+0000] {logging_mixin.py:190} INFO - [2025-04-18T17:37:34.669+0000] {dag.py:4180} INFO - Setting next_dagrun for example_subdag_operator to 2022-01-01 00:00:00+00:00, run_after=2022-01-01 00:00:00+00:00
[2025-04-18T17:37:34.684+0000] {logging_mixin.py:190} INFO - [2025-04-18T17:37:34.684+0000] {dag.py:4180} INFO - Setting next_dagrun for example_subdag_operator.section-1 to None, run_after=None
[2025-04-18T17:37:34.690+0000] {logging_mixin.py:190} INFO - [2025-04-18T17:37:34.689+0000] {dag.py:4180} INFO - Setting next_dagrun for example_subdag_operator.section-2 to None, run_after=None
[2025-04-18T17:37:34.712+0000] {logging_mixin.py:190} INFO - [2025-04-18T17:37:34.711+0000] {dag.py:3239} INFO - Sync 2 DAGs
[2025-04-18T17:37:34.728+0000] {logging_mixin.py:190} INFO - [2025-04-18T17:37:34.728+0000] {dag.py:4180} INFO - Setting next_dagrun for example_subdag_operator.section-1 to None, run_after=None
[2025-04-18T17:37:34.732+0000] {logging_mixin.py:190} INFO - [2025-04-18T17:37:34.731+0000] {dag.py:4180} INFO - Setting next_dagrun for example_subdag_operator.section-2 to None, run_after=None
[2025-04-18T17:37:34.814+0000] {processor.py:208} INFO - Processing /home/airflow/.local/lib/python3.12/site-packages/airflow/example_dags/example_subdag_operator.py took 0.386 seconds
[2025-04-18T17:38:06.623+0000] {processor.py:186} INFO - Started process (PID=199) to work on /home/airflow/.local/lib/python3.12/site-packages/airflow/example_dags/example_subdag_operator.py
[2025-04-18T17:38:06.627+0000] {processor.py:914} INFO - Processing file /home/airflow/.local/lib/python3.12/site-packages/airflow/example_dags/example_subdag_operator.py for tasks to queue
[2025-04-18T17:38:06.634+0000] {logging_mixin.py:190} INFO - [2025-04-18T17:38:06.633+0000] {dagbag.py:588} INFO - Filling up the DagBag from /home/airflow/.local/lib/python3.12/site-packages/airflow/example_dags/example_subdag_operator.py
[2025-04-18T17:38:06.700+0000] {processor.py:925} INFO - DAG(s) 'example_subdag_operator.section-1', 'example_subdag_operator.section-2', 'example_subdag_operator' retrieved from /home/airflow/.local/lib/python3.12/site-packages/airflow/example_dags/example_subdag_operator.py
[2025-04-18T17:38:06.743+0000] {logging_mixin.py:190} INFO - [2025-04-18T17:38:06.743+0000] {dag.py:3239} INFO - Sync 3 DAGs
[2025-04-18T17:38:06.807+0000] {logging_mixin.py:190} INFO - [2025-04-18T17:38:06.807+0000] {dag.py:4180} INFO - Setting next_dagrun for example_subdag_operator to 2022-01-01 00:00:00+00:00, run_after=2022-01-01 00:00:00+00:00
[2025-04-18T17:38:06.818+0000] {logging_mixin.py:190} INFO - [2025-04-18T17:38:06.817+0000] {dag.py:4180} INFO - Setting next_dagrun for example_subdag_operator.section-1 to None, run_after=None
[2025-04-18T17:38:06.825+0000] {logging_mixin.py:190} INFO - [2025-04-18T17:38:06.824+0000] {dag.py:4180} INFO - Setting next_dagrun for example_subdag_operator.section-2 to None, run_after=None
[2025-04-18T17:38:06.847+0000] {logging_mixin.py:190} INFO - [2025-04-18T17:38:06.847+0000] {dag.py:3239} INFO - Sync 2 DAGs
[2025-04-18T17:38:06.859+0000] {logging_mixin.py:190} INFO - [2025-04-18T17:38:06.859+0000] {dag.py:4180} INFO - Setting next_dagrun for example_subdag_operator.section-1 to None, run_after=None
[2025-04-18T17:38:06.861+0000] {logging_mixin.py:190} INFO - [2025-04-18T17:38:06.861+0000] {dag.py:4180} INFO - Setting next_dagrun for example_subdag_operator.section-2 to None, run_after=None
[2025-04-18T17:38:06.890+0000] {processor.py:208} INFO - Processing /home/airflow/.local/lib/python3.12/site-packages/airflow/example_dags/example_subdag_operator.py took 0.281 seconds
[2025-04-18T17:38:40.415+0000] {processor.py:186} INFO - Started process (PID=263) to work on /home/airflow/.local/lib/python3.12/site-packages/airflow/example_dags/example_subdag_operator.py
[2025-04-18T17:38:40.419+0000] {processor.py:914} INFO - Processing file /home/airflow/.local/lib/python3.12/site-packages/airflow/example_dags/example_subdag_operator.py for tasks to queue
[2025-04-18T17:38:40.425+0000] {logging_mixin.py:190} INFO - [2025-04-18T17:38:40.424+0000] {dagbag.py:588} INFO - Filling up the DagBag from /home/airflow/.local/lib/python3.12/site-packages/airflow/example_dags/example_subdag_operator.py
[2025-04-18T17:38:40.491+0000] {processor.py:925} INFO - DAG(s) 'example_subdag_operator.section-1', 'example_subdag_operator.section-2', 'example_subdag_operator' retrieved from /home/airflow/.local/lib/python3.12/site-packages/airflow/example_dags/example_subdag_operator.py
[2025-04-18T17:38:40.531+0000] {logging_mixin.py:190} INFO - [2025-04-18T17:38:40.530+0000] {dag.py:3239} INFO - Sync 3 DAGs
[2025-04-18T17:38:40.580+0000] {logging_mixin.py:190} INFO - [2025-04-18T17:38:40.580+0000] {dag.py:4180} INFO - Setting next_dagrun for example_subdag_operator to 2022-01-01 00:00:00+00:00, run_after=2022-01-01 00:00:00+00:00
[2025-04-18T17:38:40.589+0000] {logging_mixin.py:190} INFO - [2025-04-18T17:38:40.588+0000] {dag.py:4180} INFO - Setting next_dagrun for example_subdag_operator.section-1 to None, run_after=None
[2025-04-18T17:38:40.592+0000] {logging_mixin.py:190} INFO - [2025-04-18T17:38:40.592+0000] {dag.py:4180} INFO - Setting next_dagrun for example_subdag_operator.section-2 to None, run_after=None
[2025-04-18T17:38:40.608+0000] {logging_mixin.py:190} INFO - [2025-04-18T17:38:40.607+0000] {dag.py:3239} INFO - Sync 2 DAGs
[2025-04-18T17:38:40.619+0000] {logging_mixin.py:190} INFO - [2025-04-18T17:38:40.618+0000] {dag.py:4180} INFO - Setting next_dagrun for example_subdag_operator.section-1 to None, run_after=None
[2025-04-18T17:38:40.622+0000] {logging_mixin.py:190} INFO - [2025-04-18T17:38:40.621+0000] {dag.py:4180} INFO - Setting next_dagrun for example_subdag_operator.section-2 to None, run_after=None
[2025-04-18T17:38:40.655+0000] {processor.py:208} INFO - Processing /home/airflow/.local/lib/python3.12/site-packages/airflow/example_dags/example_subdag_operator.py took 0.259 seconds
[2025-04-18T17:39:12.519+0000] {processor.py:186} INFO - Started process (PID=327) to work on /home/airflow/.local/lib/python3.12/site-packages/airflow/example_dags/example_subdag_operator.py
[2025-04-18T17:39:12.541+0000] {processor.py:914} INFO - Processing file /home/airflow/.local/lib/python3.12/site-packages/airflow/example_dags/example_subdag_operator.py for tasks to queue
[2025-04-18T17:39:12.586+0000] {logging_mixin.py:190} INFO - [2025-04-18T17:39:12.585+0000] {dagbag.py:588} INFO - Filling up the DagBag from /home/airflow/.local/lib/python3.12/site-packages/airflow/example_dags/example_subdag_operator.py
[2025-04-18T17:39:12.766+0000] {processor.py:925} INFO - DAG(s) 'example_subdag_operator.section-1', 'example_subdag_operator.section-2', 'example_subdag_operator' retrieved from /home/airflow/.local/lib/python3.12/site-packages/airflow/example_dags/example_subdag_operator.py
[2025-04-18T17:39:12.833+0000] {logging_mixin.py:190} INFO - [2025-04-18T17:39:12.832+0000] {dag.py:3239} INFO - Sync 3 DAGs
[2025-04-18T17:39:12.926+0000] {logging_mixin.py:190} INFO - [2025-04-18T17:39:12.925+0000] {dag.py:4180} INFO - Setting next_dagrun for example_subdag_operator to 2022-01-01 00:00:00+00:00, run_after=2022-01-01 00:00:00+00:00
[2025-04-18T17:39:12.947+0000] {logging_mixin.py:190} INFO - [2025-04-18T17:39:12.946+0000] {dag.py:4180} INFO - Setting next_dagrun for example_subdag_operator.section-1 to None, run_after=None
[2025-04-18T17:39:12.960+0000] {logging_mixin.py:190} INFO - [2025-04-18T17:39:12.959+0000] {dag.py:4180} INFO - Setting next_dagrun for example_subdag_operator.section-2 to None, run_after=None
[2025-04-18T17:39:12.997+0000] {logging_mixin.py:190} INFO - [2025-04-18T17:39:12.996+0000] {dag.py:3239} INFO - Sync 2 DAGs
[2025-04-18T17:39:13.036+0000] {logging_mixin.py:190} INFO - [2025-04-18T17:39:13.034+0000] {dag.py:4180} INFO - Setting next_dagrun for example_subdag_operator.section-1 to None, run_after=None
[2025-04-18T17:39:13.047+0000] {logging_mixin.py:190} INFO - [2025-04-18T17:39:13.047+0000] {dag.py:4180} INFO - Setting next_dagrun for example_subdag_operator.section-2 to None, run_after=None
[2025-04-18T17:39:13.130+0000] {processor.py:208} INFO - Processing /home/airflow/.local/lib/python3.12/site-packages/airflow/example_dags/example_subdag_operator.py took 0.635 seconds
[2025-04-18T17:39:45.813+0000] {processor.py:186} INFO - Started process (PID=397) to work on /home/airflow/.local/lib/python3.12/site-packages/airflow/example_dags/example_subdag_operator.py
[2025-04-18T17:39:45.852+0000] {processor.py:914} INFO - Processing file /home/airflow/.local/lib/python3.12/site-packages/airflow/example_dags/example_subdag_operator.py for tasks to queue
[2025-04-18T17:39:45.886+0000] {logging_mixin.py:190} INFO - [2025-04-18T17:39:45.884+0000] {dagbag.py:588} INFO - Filling up the DagBag from /home/airflow/.local/lib/python3.12/site-packages/airflow/example_dags/example_subdag_operator.py
[2025-04-18T17:39:46.356+0000] {processor.py:925} INFO - DAG(s) 'example_subdag_operator.section-1', 'example_subdag_operator.section-2', 'example_subdag_operator' retrieved from /home/airflow/.local/lib/python3.12/site-packages/airflow/example_dags/example_subdag_operator.py
[2025-04-18T17:39:46.721+0000] {logging_mixin.py:190} INFO - [2025-04-18T17:39:46.720+0000] {dag.py:3239} INFO - Sync 3 DAGs
[2025-04-18T17:39:46.833+0000] {logging_mixin.py:190} INFO - [2025-04-18T17:39:46.832+0000] {dag.py:4180} INFO - Setting next_dagrun for example_subdag_operator to 2022-01-01 00:00:00+00:00, run_after=2022-01-01 00:00:00+00:00
[2025-04-18T17:39:46.849+0000] {logging_mixin.py:190} INFO - [2025-04-18T17:39:46.849+0000] {dag.py:4180} INFO - Setting next_dagrun for example_subdag_operator.section-1 to None, run_after=None
[2025-04-18T17:39:46.858+0000] {logging_mixin.py:190} INFO - [2025-04-18T17:39:46.857+0000] {dag.py:4180} INFO - Setting next_dagrun for example_subdag_operator.section-2 to None, run_after=None
[2025-04-18T17:39:46.883+0000] {logging_mixin.py:190} INFO - [2025-04-18T17:39:46.882+0000] {dag.py:3239} INFO - Sync 2 DAGs
[2025-04-18T17:39:46.907+0000] {logging_mixin.py:190} INFO - [2025-04-18T17:39:46.907+0000] {dag.py:4180} INFO - Setting next_dagrun for example_subdag_operator.section-1 to None, run_after=None
[2025-04-18T17:39:46.910+0000] {logging_mixin.py:190} INFO - [2025-04-18T17:39:46.909+0000] {dag.py:4180} INFO - Setting next_dagrun for example_subdag_operator.section-2 to None, run_after=None
[2025-04-18T17:39:46.962+0000] {processor.py:208} INFO - Processing /home/airflow/.local/lib/python3.12/site-packages/airflow/example_dags/example_subdag_operator.py took 1.203 seconds
[2025-04-18T17:40:17.176+0000] {processor.py:186} INFO - Started process (PID=461) to work on /home/airflow/.local/lib/python3.12/site-packages/airflow/example_dags/example_subdag_operator.py
[2025-04-18T17:40:17.182+0000] {processor.py:914} INFO - Processing file /home/airflow/.local/lib/python3.12/site-packages/airflow/example_dags/example_subdag_operator.py for tasks to queue
[2025-04-18T17:40:17.192+0000] {logging_mixin.py:190} INFO - [2025-04-18T17:40:17.191+0000] {dagbag.py:588} INFO - Filling up the DagBag from /home/airflow/.local/lib/python3.12/site-packages/airflow/example_dags/example_subdag_operator.py
[2025-04-18T17:40:17.273+0000] {processor.py:925} INFO - DAG(s) 'example_subdag_operator.section-1', 'example_subdag_operator.section-2', 'example_subdag_operator' retrieved from /home/airflow/.local/lib/python3.12/site-packages/airflow/example_dags/example_subdag_operator.py
[2025-04-18T17:40:17.319+0000] {logging_mixin.py:190} INFO - [2025-04-18T17:40:17.318+0000] {dag.py:3239} INFO - Sync 3 DAGs
[2025-04-18T17:40:17.401+0000] {logging_mixin.py:190} INFO - [2025-04-18T17:40:17.400+0000] {dag.py:4180} INFO - Setting next_dagrun for example_subdag_operator to 2022-01-01 00:00:00+00:00, run_after=2022-01-01 00:00:00+00:00
[2025-04-18T17:40:17.414+0000] {logging_mixin.py:190} INFO - [2025-04-18T17:40:17.413+0000] {dag.py:4180} INFO - Setting next_dagrun for example_subdag_operator.section-1 to None, run_after=None
[2025-04-18T17:40:17.422+0000] {logging_mixin.py:190} INFO - [2025-04-18T17:40:17.421+0000] {dag.py:4180} INFO - Setting next_dagrun for example_subdag_operator.section-2 to None, run_after=None
[2025-04-18T17:40:17.474+0000] {logging_mixin.py:190} INFO - [2025-04-18T17:40:17.474+0000] {dag.py:3239} INFO - Sync 2 DAGs
[2025-04-18T17:40:17.501+0000] {logging_mixin.py:190} INFO - [2025-04-18T17:40:17.500+0000] {dag.py:4180} INFO - Setting next_dagrun for example_subdag_operator.section-1 to None, run_after=None
[2025-04-18T17:40:17.506+0000] {logging_mixin.py:190} INFO - [2025-04-18T17:40:17.504+0000] {dag.py:4180} INFO - Setting next_dagrun for example_subdag_operator.section-2 to None, run_after=None
[2025-04-18T17:40:17.563+0000] {processor.py:208} INFO - Processing /home/airflow/.local/lib/python3.12/site-packages/airflow/example_dags/example_subdag_operator.py took 0.410 seconds
[2025-04-18T17:40:48.305+0000] {processor.py:186} INFO - Started process (PID=525) to work on /home/airflow/.local/lib/python3.12/site-packages/airflow/example_dags/example_subdag_operator.py
[2025-04-18T17:40:48.309+0000] {processor.py:914} INFO - Processing file /home/airflow/.local/lib/python3.12/site-packages/airflow/example_dags/example_subdag_operator.py for tasks to queue
[2025-04-18T17:40:48.317+0000] {logging_mixin.py:190} INFO - [2025-04-18T17:40:48.317+0000] {dagbag.py:588} INFO - Filling up the DagBag from /home/airflow/.local/lib/python3.12/site-packages/airflow/example_dags/example_subdag_operator.py
[2025-04-18T17:40:48.385+0000] {processor.py:925} INFO - DAG(s) 'example_subdag_operator.section-1', 'example_subdag_operator.section-2', 'example_subdag_operator' retrieved from /home/airflow/.local/lib/python3.12/site-packages/airflow/example_dags/example_subdag_operator.py
[2025-04-18T17:40:48.425+0000] {logging_mixin.py:190} INFO - [2025-04-18T17:40:48.424+0000] {dag.py:3239} INFO - Sync 3 DAGs
[2025-04-18T17:40:48.500+0000] {logging_mixin.py:190} INFO - [2025-04-18T17:40:48.499+0000] {dag.py:4180} INFO - Setting next_dagrun for example_subdag_operator to 2022-01-01 00:00:00+00:00, run_after=2022-01-01 00:00:00+00:00
[2025-04-18T17:40:48.517+0000] {logging_mixin.py:190} INFO - [2025-04-18T17:40:48.516+0000] {dag.py:4180} INFO - Setting next_dagrun for example_subdag_operator.section-1 to None, run_after=None
[2025-04-18T17:40:48.522+0000] {logging_mixin.py:190} INFO - [2025-04-18T17:40:48.522+0000] {dag.py:4180} INFO - Setting next_dagrun for example_subdag_operator.section-2 to None, run_after=None
[2025-04-18T17:40:48.544+0000] {logging_mixin.py:190} INFO - [2025-04-18T17:40:48.543+0000] {dag.py:3239} INFO - Sync 2 DAGs
[2025-04-18T17:40:48.560+0000] {logging_mixin.py:190} INFO - [2025-04-18T17:40:48.560+0000] {dag.py:4180} INFO - Setting next_dagrun for example_subdag_operator.section-1 to None, run_after=None
[2025-04-18T17:40:48.562+0000] {logging_mixin.py:190} INFO - [2025-04-18T17:40:48.562+0000] {dag.py:4180} INFO - Setting next_dagrun for example_subdag_operator.section-2 to None, run_after=None
[2025-04-18T17:40:48.595+0000] {processor.py:208} INFO - Processing /home/airflow/.local/lib/python3.12/site-packages/airflow/example_dags/example_subdag_operator.py took 0.304 seconds
[2025-04-18T17:41:25.489+0000] {processor.py:186} INFO - Started process (PID=590) to work on /home/airflow/.local/lib/python3.12/site-packages/airflow/example_dags/example_subdag_operator.py
[2025-04-18T17:41:25.498+0000] {processor.py:914} INFO - Processing file /home/airflow/.local/lib/python3.12/site-packages/airflow/example_dags/example_subdag_operator.py for tasks to queue
[2025-04-18T17:41:25.506+0000] {logging_mixin.py:190} INFO - [2025-04-18T17:41:25.505+0000] {dagbag.py:588} INFO - Filling up the DagBag from /home/airflow/.local/lib/python3.12/site-packages/airflow/example_dags/example_subdag_operator.py
[2025-04-18T17:41:25.656+0000] {processor.py:925} INFO - DAG(s) 'example_subdag_operator.section-1', 'example_subdag_operator.section-2', 'example_subdag_operator' retrieved from /home/airflow/.local/lib/python3.12/site-packages/airflow/example_dags/example_subdag_operator.py
[2025-04-18T17:41:25.734+0000] {logging_mixin.py:190} INFO - [2025-04-18T17:41:25.731+0000] {dag.py:3239} INFO - Sync 3 DAGs
[2025-04-18T17:41:25.836+0000] {logging_mixin.py:190} INFO - [2025-04-18T17:41:25.835+0000] {dag.py:4180} INFO - Setting next_dagrun for example_subdag_operator to 2022-01-01 00:00:00+00:00, run_after=2022-01-01 00:00:00+00:00
[2025-04-18T17:41:25.872+0000] {logging_mixin.py:190} INFO - [2025-04-18T17:41:25.871+0000] {dag.py:4180} INFO - Setting next_dagrun for example_subdag_operator.section-1 to None, run_after=None
[2025-04-18T17:41:25.988+0000] {logging_mixin.py:190} INFO - [2025-04-18T17:41:25.987+0000] {dag.py:4180} INFO - Setting next_dagrun for example_subdag_operator.section-2 to None, run_after=None
[2025-04-18T17:41:26.049+0000] {logging_mixin.py:190} INFO - [2025-04-18T17:41:26.048+0000] {dag.py:3239} INFO - Sync 2 DAGs
[2025-04-18T17:41:26.104+0000] {logging_mixin.py:190} INFO - [2025-04-18T17:41:26.103+0000] {dag.py:4180} INFO - Setting next_dagrun for example_subdag_operator.section-1 to None, run_after=None
[2025-04-18T17:41:26.141+0000] {logging_mixin.py:190} INFO - [2025-04-18T17:41:26.141+0000] {dag.py:4180} INFO - Setting next_dagrun for example_subdag_operator.section-2 to None, run_after=None
[2025-04-18T17:41:26.228+0000] {processor.py:208} INFO - Processing /home/airflow/.local/lib/python3.12/site-packages/airflow/example_dags/example_subdag_operator.py took 0.766 seconds
[2025-04-18T17:42:06.511+0000] {processor.py:186} INFO - Started process (PID=654) to work on /home/airflow/.local/lib/python3.12/site-packages/airflow/example_dags/example_subdag_operator.py
[2025-04-18T17:42:06.521+0000] {processor.py:914} INFO - Processing file /home/airflow/.local/lib/python3.12/site-packages/airflow/example_dags/example_subdag_operator.py for tasks to queue
[2025-04-18T17:42:06.538+0000] {logging_mixin.py:190} INFO - [2025-04-18T17:42:06.531+0000] {dagbag.py:588} INFO - Filling up the DagBag from /home/airflow/.local/lib/python3.12/site-packages/airflow/example_dags/example_subdag_operator.py
[2025-04-18T17:42:06.641+0000] {processor.py:925} INFO - DAG(s) 'example_subdag_operator.section-1', 'example_subdag_operator.section-2', 'example_subdag_operator' retrieved from /home/airflow/.local/lib/python3.12/site-packages/airflow/example_dags/example_subdag_operator.py
[2025-04-18T17:42:06.708+0000] {logging_mixin.py:190} INFO - [2025-04-18T17:42:06.707+0000] {dag.py:3239} INFO - Sync 3 DAGs
[2025-04-18T17:42:06.775+0000] {logging_mixin.py:190} INFO - [2025-04-18T17:42:06.774+0000] {dag.py:4180} INFO - Setting next_dagrun for example_subdag_operator to 2022-01-01 00:00:00+00:00, run_after=2022-01-01 00:00:00+00:00
[2025-04-18T17:42:06.788+0000] {logging_mixin.py:190} INFO - [2025-04-18T17:42:06.787+0000] {dag.py:4180} INFO - Setting next_dagrun for example_subdag_operator.section-1 to None, run_after=None
[2025-04-18T17:42:06.794+0000] {logging_mixin.py:190} INFO - [2025-04-18T17:42:06.793+0000] {dag.py:4180} INFO - Setting next_dagrun for example_subdag_operator.section-2 to None, run_after=None
[2025-04-18T17:42:06.819+0000] {logging_mixin.py:190} INFO - [2025-04-18T17:42:06.819+0000] {dag.py:3239} INFO - Sync 2 DAGs
[2025-04-18T17:42:06.850+0000] {logging_mixin.py:190} INFO - [2025-04-18T17:42:06.848+0000] {dag.py:4180} INFO - Setting next_dagrun for example_subdag_operator.section-1 to None, run_after=None
[2025-04-18T17:42:06.857+0000] {logging_mixin.py:190} INFO - [2025-04-18T17:42:06.855+0000] {dag.py:4180} INFO - Setting next_dagrun for example_subdag_operator.section-2 to None, run_after=None
[2025-04-18T17:42:06.936+0000] {processor.py:208} INFO - Processing /home/airflow/.local/lib/python3.12/site-packages/airflow/example_dags/example_subdag_operator.py took 0.452 seconds
[2025-04-18T17:42:38.266+0000] {processor.py:186} INFO - Started process (PID=719) to work on /home/airflow/.local/lib/python3.12/site-packages/airflow/example_dags/example_subdag_operator.py
[2025-04-18T17:42:38.270+0000] {processor.py:914} INFO - Processing file /home/airflow/.local/lib/python3.12/site-packages/airflow/example_dags/example_subdag_operator.py for tasks to queue
[2025-04-18T17:42:38.277+0000] {logging_mixin.py:190} INFO - [2025-04-18T17:42:38.276+0000] {dagbag.py:588} INFO - Filling up the DagBag from /home/airflow/.local/lib/python3.12/site-packages/airflow/example_dags/example_subdag_operator.py
[2025-04-18T17:42:38.343+0000] {processor.py:925} INFO - DAG(s) 'example_subdag_operator.section-1', 'example_subdag_operator.section-2', 'example_subdag_operator' retrieved from /home/airflow/.local/lib/python3.12/site-packages/airflow/example_dags/example_subdag_operator.py
[2025-04-18T17:42:38.386+0000] {logging_mixin.py:190} INFO - [2025-04-18T17:42:38.386+0000] {dag.py:3239} INFO - Sync 3 DAGs
[2025-04-18T17:42:38.451+0000] {logging_mixin.py:190} INFO - [2025-04-18T17:42:38.450+0000] {dag.py:4180} INFO - Setting next_dagrun for example_subdag_operator to 2022-01-01 00:00:00+00:00, run_after=2022-01-01 00:00:00+00:00
[2025-04-18T17:42:38.461+0000] {logging_mixin.py:190} INFO - [2025-04-18T17:42:38.461+0000] {dag.py:4180} INFO - Setting next_dagrun for example_subdag_operator.section-1 to None, run_after=None
[2025-04-18T17:42:38.466+0000] {logging_mixin.py:190} INFO - [2025-04-18T17:42:38.465+0000] {dag.py:4180} INFO - Setting next_dagrun for example_subdag_operator.section-2 to None, run_after=None
[2025-04-18T17:42:38.485+0000] {logging_mixin.py:190} INFO - [2025-04-18T17:42:38.484+0000] {dag.py:3239} INFO - Sync 2 DAGs
[2025-04-18T17:42:38.500+0000] {logging_mixin.py:190} INFO - [2025-04-18T17:42:38.500+0000] {dag.py:4180} INFO - Setting next_dagrun for example_subdag_operator.section-1 to None, run_after=None
[2025-04-18T17:42:38.503+0000] {logging_mixin.py:190} INFO - [2025-04-18T17:42:38.502+0000] {dag.py:4180} INFO - Setting next_dagrun for example_subdag_operator.section-2 to None, run_after=None
[2025-04-18T17:42:38.531+0000] {processor.py:208} INFO - Processing /home/airflow/.local/lib/python3.12/site-packages/airflow/example_dags/example_subdag_operator.py took 0.281 seconds
[2025-04-18T17:43:18.965+0000] {processor.py:186} INFO - Started process (PID=799) to work on /home/airflow/.local/lib/python3.12/site-packages/airflow/example_dags/example_subdag_operator.py
[2025-04-18T17:43:18.972+0000] {processor.py:914} INFO - Processing file /home/airflow/.local/lib/python3.12/site-packages/airflow/example_dags/example_subdag_operator.py for tasks to queue
[2025-04-18T17:43:18.987+0000] {logging_mixin.py:190} INFO - [2025-04-18T17:43:18.985+0000] {dagbag.py:588} INFO - Filling up the DagBag from /home/airflow/.local/lib/python3.12/site-packages/airflow/example_dags/example_subdag_operator.py
[2025-04-18T17:43:19.074+0000] {processor.py:925} INFO - DAG(s) 'example_subdag_operator.section-1', 'example_subdag_operator.section-2', 'example_subdag_operator' retrieved from /home/airflow/.local/lib/python3.12/site-packages/airflow/example_dags/example_subdag_operator.py
[2025-04-18T17:43:19.129+0000] {logging_mixin.py:190} INFO - [2025-04-18T17:43:19.128+0000] {dag.py:3239} INFO - Sync 3 DAGs
[2025-04-18T17:43:19.225+0000] {logging_mixin.py:190} INFO - [2025-04-18T17:43:19.224+0000] {dag.py:4180} INFO - Setting next_dagrun for example_subdag_operator to 2022-01-01 00:00:00+00:00, run_after=2022-01-01 00:00:00+00:00
[2025-04-18T17:43:19.237+0000] {logging_mixin.py:190} INFO - [2025-04-18T17:43:19.237+0000] {dag.py:4180} INFO - Setting next_dagrun for example_subdag_operator.section-1 to None, run_after=None
[2025-04-18T17:43:19.243+0000] {logging_mixin.py:190} INFO - [2025-04-18T17:43:19.243+0000] {dag.py:4180} INFO - Setting next_dagrun for example_subdag_operator.section-2 to None, run_after=None
[2025-04-18T17:43:19.266+0000] {logging_mixin.py:190} INFO - [2025-04-18T17:43:19.265+0000] {dag.py:3239} INFO - Sync 2 DAGs
[2025-04-18T17:43:19.284+0000] {logging_mixin.py:190} INFO - [2025-04-18T17:43:19.283+0000] {dag.py:4180} INFO - Setting next_dagrun for example_subdag_operator.section-1 to None, run_after=None
[2025-04-18T17:43:19.287+0000] {logging_mixin.py:190} INFO - [2025-04-18T17:43:19.287+0000] {dag.py:4180} INFO - Setting next_dagrun for example_subdag_operator.section-2 to None, run_after=None
[2025-04-18T17:43:19.322+0000] {processor.py:208} INFO - Processing /home/airflow/.local/lib/python3.12/site-packages/airflow/example_dags/example_subdag_operator.py took 0.378 seconds
[2025-04-18T17:43:50.580+0000] {processor.py:186} INFO - Started process (PID=863) to work on /home/airflow/.local/lib/python3.12/site-packages/airflow/example_dags/example_subdag_operator.py
[2025-04-18T17:43:50.587+0000] {processor.py:914} INFO - Processing file /home/airflow/.local/lib/python3.12/site-packages/airflow/example_dags/example_subdag_operator.py for tasks to queue
[2025-04-18T17:43:50.596+0000] {logging_mixin.py:190} INFO - [2025-04-18T17:43:50.595+0000] {dagbag.py:588} INFO - Filling up the DagBag from /home/airflow/.local/lib/python3.12/site-packages/airflow/example_dags/example_subdag_operator.py
[2025-04-18T17:43:50.724+0000] {processor.py:925} INFO - DAG(s) 'example_subdag_operator.section-1', 'example_subdag_operator.section-2', 'example_subdag_operator' retrieved from /home/airflow/.local/lib/python3.12/site-packages/airflow/example_dags/example_subdag_operator.py
[2025-04-18T17:43:50.808+0000] {logging_mixin.py:190} INFO - [2025-04-18T17:43:50.805+0000] {dag.py:3239} INFO - Sync 3 DAGs
[2025-04-18T17:43:50.926+0000] {logging_mixin.py:190} INFO - [2025-04-18T17:43:50.925+0000] {dag.py:4180} INFO - Setting next_dagrun for example_subdag_operator to 2022-01-01 00:00:00+00:00, run_after=2022-01-01 00:00:00+00:00
[2025-04-18T17:43:50.942+0000] {logging_mixin.py:190} INFO - [2025-04-18T17:43:50.941+0000] {dag.py:4180} INFO - Setting next_dagrun for example_subdag_operator.section-1 to None, run_after=None
[2025-04-18T17:43:50.953+0000] {logging_mixin.py:190} INFO - [2025-04-18T17:43:50.952+0000] {dag.py:4180} INFO - Setting next_dagrun for example_subdag_operator.section-2 to None, run_after=None
[2025-04-18T17:43:50.983+0000] {logging_mixin.py:190} INFO - [2025-04-18T17:43:50.982+0000] {dag.py:3239} INFO - Sync 2 DAGs
[2025-04-18T17:43:51.012+0000] {logging_mixin.py:190} INFO - [2025-04-18T17:43:51.012+0000] {dag.py:4180} INFO - Setting next_dagrun for example_subdag_operator.section-1 to None, run_after=None
[2025-04-18T17:43:51.016+0000] {logging_mixin.py:190} INFO - [2025-04-18T17:43:51.015+0000] {dag.py:4180} INFO - Setting next_dagrun for example_subdag_operator.section-2 to None, run_after=None
[2025-04-18T17:43:51.080+0000] {processor.py:208} INFO - Processing /home/airflow/.local/lib/python3.12/site-packages/airflow/example_dags/example_subdag_operator.py took 0.522 seconds
[2025-04-18T17:44:26.207+0000] {processor.py:186} INFO - Started process (PID=936) to work on /home/airflow/.local/lib/python3.12/site-packages/airflow/example_dags/example_subdag_operator.py
[2025-04-18T17:44:26.218+0000] {processor.py:914} INFO - Processing file /home/airflow/.local/lib/python3.12/site-packages/airflow/example_dags/example_subdag_operator.py for tasks to queue
[2025-04-18T17:44:26.283+0000] {logging_mixin.py:190} INFO - [2025-04-18T17:44:26.276+0000] {dagbag.py:588} INFO - Filling up the DagBag from /home/airflow/.local/lib/python3.12/site-packages/airflow/example_dags/example_subdag_operator.py
[2025-04-18T17:44:26.528+0000] {processor.py:925} INFO - DAG(s) 'example_subdag_operator.section-1', 'example_subdag_operator.section-2', 'example_subdag_operator' retrieved from /home/airflow/.local/lib/python3.12/site-packages/airflow/example_dags/example_subdag_operator.py
[2025-04-18T17:44:26.641+0000] {logging_mixin.py:190} INFO - [2025-04-18T17:44:26.640+0000] {dag.py:3239} INFO - Sync 3 DAGs
[2025-04-18T17:44:26.958+0000] {logging_mixin.py:190} INFO - [2025-04-18T17:44:26.956+0000] {dag.py:4180} INFO - Setting next_dagrun for example_subdag_operator to 2022-01-01 00:00:00+00:00, run_after=2022-01-01 00:00:00+00:00
[2025-04-18T17:44:26.979+0000] {logging_mixin.py:190} INFO - [2025-04-18T17:44:26.979+0000] {dag.py:4180} INFO - Setting next_dagrun for example_subdag_operator.section-1 to None, run_after=None
[2025-04-18T17:44:26.995+0000] {logging_mixin.py:190} INFO - [2025-04-18T17:44:26.989+0000] {dag.py:4180} INFO - Setting next_dagrun for example_subdag_operator.section-2 to None, run_after=None
[2025-04-18T17:44:27.033+0000] {logging_mixin.py:190} INFO - [2025-04-18T17:44:27.032+0000] {dag.py:3239} INFO - Sync 2 DAGs
[2025-04-18T17:44:27.063+0000] {logging_mixin.py:190} INFO - [2025-04-18T17:44:27.062+0000] {dag.py:4180} INFO - Setting next_dagrun for example_subdag_operator.section-1 to None, run_after=None
[2025-04-18T17:44:27.070+0000] {logging_mixin.py:190} INFO - [2025-04-18T17:44:27.068+0000] {dag.py:4180} INFO - Setting next_dagrun for example_subdag_operator.section-2 to None, run_after=None
[2025-04-18T17:44:27.139+0000] {processor.py:208} INFO - Processing /home/airflow/.local/lib/python3.12/site-packages/airflow/example_dags/example_subdag_operator.py took 0.949 seconds
[2025-04-18T17:44:59.697+0000] {processor.py:186} INFO - Started process (PID=1000) to work on /home/airflow/.local/lib/python3.12/site-packages/airflow/example_dags/example_subdag_operator.py
[2025-04-18T17:44:59.703+0000] {processor.py:914} INFO - Processing file /home/airflow/.local/lib/python3.12/site-packages/airflow/example_dags/example_subdag_operator.py for tasks to queue
[2025-04-18T17:44:59.710+0000] {logging_mixin.py:190} INFO - [2025-04-18T17:44:59.709+0000] {dagbag.py:588} INFO - Filling up the DagBag from /home/airflow/.local/lib/python3.12/site-packages/airflow/example_dags/example_subdag_operator.py
[2025-04-18T17:44:59.781+0000] {processor.py:925} INFO - DAG(s) 'example_subdag_operator.section-1', 'example_subdag_operator.section-2', 'example_subdag_operator' retrieved from /home/airflow/.local/lib/python3.12/site-packages/airflow/example_dags/example_subdag_operator.py
[2025-04-18T17:44:59.824+0000] {logging_mixin.py:190} INFO - [2025-04-18T17:44:59.823+0000] {dag.py:3239} INFO - Sync 3 DAGs
[2025-04-18T17:44:59.885+0000] {logging_mixin.py:190} INFO - [2025-04-18T17:44:59.885+0000] {dag.py:4180} INFO - Setting next_dagrun for example_subdag_operator to 2022-01-01 00:00:00+00:00, run_after=2022-01-01 00:00:00+00:00
[2025-04-18T17:44:59.897+0000] {logging_mixin.py:190} INFO - [2025-04-18T17:44:59.896+0000] {dag.py:4180} INFO - Setting next_dagrun for example_subdag_operator.section-1 to None, run_after=None
[2025-04-18T17:44:59.903+0000] {logging_mixin.py:190} INFO - [2025-04-18T17:44:59.903+0000] {dag.py:4180} INFO - Setting next_dagrun for example_subdag_operator.section-2 to None, run_after=None
[2025-04-18T17:44:59.924+0000] {logging_mixin.py:190} INFO - [2025-04-18T17:44:59.923+0000] {dag.py:3239} INFO - Sync 2 DAGs
[2025-04-18T17:44:59.940+0000] {logging_mixin.py:190} INFO - [2025-04-18T17:44:59.940+0000] {dag.py:4180} INFO - Setting next_dagrun for example_subdag_operator.section-1 to None, run_after=None
[2025-04-18T17:44:59.943+0000] {logging_mixin.py:190} INFO - [2025-04-18T17:44:59.942+0000] {dag.py:4180} INFO - Setting next_dagrun for example_subdag_operator.section-2 to None, run_after=None
[2025-04-18T17:44:59.980+0000] {processor.py:208} INFO - Processing /home/airflow/.local/lib/python3.12/site-packages/airflow/example_dags/example_subdag_operator.py took 0.303 seconds
[2025-04-18T17:45:30.470+0000] {processor.py:186} INFO - Started process (PID=1064) to work on /home/airflow/.local/lib/python3.12/site-packages/airflow/example_dags/example_subdag_operator.py
[2025-04-18T17:45:30.474+0000] {processor.py:914} INFO - Processing file /home/airflow/.local/lib/python3.12/site-packages/airflow/example_dags/example_subdag_operator.py for tasks to queue
[2025-04-18T17:45:30.482+0000] {logging_mixin.py:190} INFO - [2025-04-18T17:45:30.481+0000] {dagbag.py:588} INFO - Filling up the DagBag from /home/airflow/.local/lib/python3.12/site-packages/airflow/example_dags/example_subdag_operator.py
[2025-04-18T17:45:30.559+0000] {processor.py:925} INFO - DAG(s) 'example_subdag_operator.section-1', 'example_subdag_operator.section-2', 'example_subdag_operator' retrieved from /home/airflow/.local/lib/python3.12/site-packages/airflow/example_dags/example_subdag_operator.py
[2025-04-18T17:45:30.605+0000] {logging_mixin.py:190} INFO - [2025-04-18T17:45:30.605+0000] {dag.py:3239} INFO - Sync 3 DAGs
[2025-04-18T17:45:30.670+0000] {logging_mixin.py:190} INFO - [2025-04-18T17:45:30.670+0000] {dag.py:4180} INFO - Setting next_dagrun for example_subdag_operator to 2022-01-01 00:00:00+00:00, run_after=2022-01-01 00:00:00+00:00
[2025-04-18T17:45:30.681+0000] {logging_mixin.py:190} INFO - [2025-04-18T17:45:30.681+0000] {dag.py:4180} INFO - Setting next_dagrun for example_subdag_operator.section-1 to None, run_after=None
[2025-04-18T17:45:30.687+0000] {logging_mixin.py:190} INFO - [2025-04-18T17:45:30.686+0000] {dag.py:4180} INFO - Setting next_dagrun for example_subdag_operator.section-2 to None, run_after=None
[2025-04-18T17:45:30.708+0000] {logging_mixin.py:190} INFO - [2025-04-18T17:45:30.708+0000] {dag.py:3239} INFO - Sync 2 DAGs
[2025-04-18T17:45:30.724+0000] {logging_mixin.py:190} INFO - [2025-04-18T17:45:30.724+0000] {dag.py:4180} INFO - Setting next_dagrun for example_subdag_operator.section-1 to None, run_after=None
[2025-04-18T17:45:30.727+0000] {logging_mixin.py:190} INFO - [2025-04-18T17:45:30.726+0000] {dag.py:4180} INFO - Setting next_dagrun for example_subdag_operator.section-2 to None, run_after=None
[2025-04-18T17:45:30.764+0000] {processor.py:208} INFO - Processing /home/airflow/.local/lib/python3.12/site-packages/airflow/example_dags/example_subdag_operator.py took 0.308 seconds
[2025-04-18T17:46:01.177+0000] {processor.py:186} INFO - Started process (PID=1129) to work on /home/airflow/.local/lib/python3.12/site-packages/airflow/example_dags/example_subdag_operator.py
[2025-04-18T17:46:01.180+0000] {processor.py:914} INFO - Processing file /home/airflow/.local/lib/python3.12/site-packages/airflow/example_dags/example_subdag_operator.py for tasks to queue
[2025-04-18T17:46:01.186+0000] {logging_mixin.py:190} INFO - [2025-04-18T17:46:01.185+0000] {dagbag.py:588} INFO - Filling up the DagBag from /home/airflow/.local/lib/python3.12/site-packages/airflow/example_dags/example_subdag_operator.py
[2025-04-18T17:46:01.237+0000] {processor.py:925} INFO - DAG(s) 'example_subdag_operator.section-1', 'example_subdag_operator.section-2', 'example_subdag_operator' retrieved from /home/airflow/.local/lib/python3.12/site-packages/airflow/example_dags/example_subdag_operator.py
[2025-04-18T17:46:01.268+0000] {logging_mixin.py:190} INFO - [2025-04-18T17:46:01.267+0000] {dag.py:3239} INFO - Sync 3 DAGs
[2025-04-18T17:46:01.313+0000] {logging_mixin.py:190} INFO - [2025-04-18T17:46:01.313+0000] {dag.py:4180} INFO - Setting next_dagrun for example_subdag_operator to 2022-01-01 00:00:00+00:00, run_after=2022-01-01 00:00:00+00:00
[2025-04-18T17:46:01.322+0000] {logging_mixin.py:190} INFO - [2025-04-18T17:46:01.322+0000] {dag.py:4180} INFO - Setting next_dagrun for example_subdag_operator.section-1 to None, run_after=None
[2025-04-18T17:46:01.326+0000] {logging_mixin.py:190} INFO - [2025-04-18T17:46:01.325+0000] {dag.py:4180} INFO - Setting next_dagrun for example_subdag_operator.section-2 to None, run_after=None
[2025-04-18T17:46:01.338+0000] {logging_mixin.py:190} INFO - [2025-04-18T17:46:01.338+0000] {dag.py:3239} INFO - Sync 2 DAGs
[2025-04-18T17:46:01.349+0000] {logging_mixin.py:190} INFO - [2025-04-18T17:46:01.348+0000] {dag.py:4180} INFO - Setting next_dagrun for example_subdag_operator.section-1 to None, run_after=None
[2025-04-18T17:46:01.350+0000] {logging_mixin.py:190} INFO - [2025-04-18T17:46:01.350+0000] {dag.py:4180} INFO - Setting next_dagrun for example_subdag_operator.section-2 to None, run_after=None
[2025-04-18T17:46:01.377+0000] {processor.py:208} INFO - Processing /home/airflow/.local/lib/python3.12/site-packages/airflow/example_dags/example_subdag_operator.py took 0.214 seconds
[2025-04-18T17:46:36.299+0000] {processor.py:186} INFO - Started process (PID=1193) to work on /home/airflow/.local/lib/python3.12/site-packages/airflow/example_dags/example_subdag_operator.py
[2025-04-18T17:46:36.304+0000] {processor.py:914} INFO - Processing file /home/airflow/.local/lib/python3.12/site-packages/airflow/example_dags/example_subdag_operator.py for tasks to queue
[2025-04-18T17:46:36.323+0000] {logging_mixin.py:190} INFO - [2025-04-18T17:46:36.320+0000] {dagbag.py:588} INFO - Filling up the DagBag from /home/airflow/.local/lib/python3.12/site-packages/airflow/example_dags/example_subdag_operator.py
[2025-04-18T17:46:36.427+0000] {processor.py:925} INFO - DAG(s) 'example_subdag_operator.section-1', 'example_subdag_operator.section-2', 'example_subdag_operator' retrieved from /home/airflow/.local/lib/python3.12/site-packages/airflow/example_dags/example_subdag_operator.py
[2025-04-18T17:46:36.493+0000] {logging_mixin.py:190} INFO - [2025-04-18T17:46:36.492+0000] {dag.py:3239} INFO - Sync 3 DAGs
[2025-04-18T17:46:36.590+0000] {logging_mixin.py:190} INFO - [2025-04-18T17:46:36.589+0000] {dag.py:4180} INFO - Setting next_dagrun for example_subdag_operator to 2022-01-01 00:00:00+00:00, run_after=2022-01-01 00:00:00+00:00
[2025-04-18T17:46:36.621+0000] {logging_mixin.py:190} INFO - [2025-04-18T17:46:36.620+0000] {dag.py:4180} INFO - Setting next_dagrun for example_subdag_operator.section-1 to None, run_after=None
[2025-04-18T17:46:36.632+0000] {logging_mixin.py:190} INFO - [2025-04-18T17:46:36.632+0000] {dag.py:4180} INFO - Setting next_dagrun for example_subdag_operator.section-2 to None, run_after=None
[2025-04-18T17:46:36.658+0000] {logging_mixin.py:190} INFO - [2025-04-18T17:46:36.657+0000] {dag.py:3239} INFO - Sync 2 DAGs
[2025-04-18T17:46:36.682+0000] {logging_mixin.py:190} INFO - [2025-04-18T17:46:36.681+0000] {dag.py:4180} INFO - Setting next_dagrun for example_subdag_operator.section-1 to None, run_after=None
[2025-04-18T17:46:36.686+0000] {logging_mixin.py:190} INFO - [2025-04-18T17:46:36.685+0000] {dag.py:4180} INFO - Setting next_dagrun for example_subdag_operator.section-2 to None, run_after=None
[2025-04-18T17:46:36.742+0000] {processor.py:208} INFO - Processing /home/airflow/.local/lib/python3.12/site-packages/airflow/example_dags/example_subdag_operator.py took 0.470 seconds
[2025-04-18T17:47:09.993+0000] {processor.py:186} INFO - Started process (PID=1257) to work on /home/airflow/.local/lib/python3.12/site-packages/airflow/example_dags/example_subdag_operator.py
[2025-04-18T17:47:09.998+0000] {processor.py:914} INFO - Processing file /home/airflow/.local/lib/python3.12/site-packages/airflow/example_dags/example_subdag_operator.py for tasks to queue
[2025-04-18T17:47:10.008+0000] {logging_mixin.py:190} INFO - [2025-04-18T17:47:10.007+0000] {dagbag.py:588} INFO - Filling up the DagBag from /home/airflow/.local/lib/python3.12/site-packages/airflow/example_dags/example_subdag_operator.py
[2025-04-18T17:47:10.151+0000] {processor.py:925} INFO - DAG(s) 'example_subdag_operator.section-1', 'example_subdag_operator.section-2', 'example_subdag_operator' retrieved from /home/airflow/.local/lib/python3.12/site-packages/airflow/example_dags/example_subdag_operator.py
[2025-04-18T17:47:10.200+0000] {logging_mixin.py:190} INFO - [2025-04-18T17:47:10.199+0000] {dag.py:3239} INFO - Sync 3 DAGs
[2025-04-18T17:47:10.262+0000] {logging_mixin.py:190} INFO - [2025-04-18T17:47:10.261+0000] {dag.py:4180} INFO - Setting next_dagrun for example_subdag_operator to 2022-01-01 00:00:00+00:00, run_after=2022-01-01 00:00:00+00:00
[2025-04-18T17:47:10.272+0000] {logging_mixin.py:190} INFO - [2025-04-18T17:47:10.271+0000] {dag.py:4180} INFO - Setting next_dagrun for example_subdag_operator.section-1 to None, run_after=None
[2025-04-18T17:47:10.280+0000] {logging_mixin.py:190} INFO - [2025-04-18T17:47:10.279+0000] {dag.py:4180} INFO - Setting next_dagrun for example_subdag_operator.section-2 to None, run_after=None
[2025-04-18T17:47:10.300+0000] {logging_mixin.py:190} INFO - [2025-04-18T17:47:10.299+0000] {dag.py:3239} INFO - Sync 2 DAGs
[2025-04-18T17:47:10.317+0000] {logging_mixin.py:190} INFO - [2025-04-18T17:47:10.316+0000] {dag.py:4180} INFO - Setting next_dagrun for example_subdag_operator.section-1 to None, run_after=None
[2025-04-18T17:47:10.319+0000] {logging_mixin.py:190} INFO - [2025-04-18T17:47:10.318+0000] {dag.py:4180} INFO - Setting next_dagrun for example_subdag_operator.section-2 to None, run_after=None
[2025-04-18T17:47:10.353+0000] {processor.py:208} INFO - Processing /home/airflow/.local/lib/python3.12/site-packages/airflow/example_dags/example_subdag_operator.py took 0.382 seconds
[2025-04-18T17:47:41.815+0000] {processor.py:186} INFO - Started process (PID=1321) to work on /home/airflow/.local/lib/python3.12/site-packages/airflow/example_dags/example_subdag_operator.py
[2025-04-18T17:47:41.826+0000] {processor.py:914} INFO - Processing file /home/airflow/.local/lib/python3.12/site-packages/airflow/example_dags/example_subdag_operator.py for tasks to queue
[2025-04-18T17:47:41.846+0000] {logging_mixin.py:190} INFO - [2025-04-18T17:47:41.844+0000] {dagbag.py:588} INFO - Filling up the DagBag from /home/airflow/.local/lib/python3.12/site-packages/airflow/example_dags/example_subdag_operator.py
[2025-04-18T17:47:42.014+0000] {processor.py:925} INFO - DAG(s) 'example_subdag_operator.section-1', 'example_subdag_operator.section-2', 'example_subdag_operator' retrieved from /home/airflow/.local/lib/python3.12/site-packages/airflow/example_dags/example_subdag_operator.py
[2025-04-18T17:47:42.112+0000] {logging_mixin.py:190} INFO - [2025-04-18T17:47:42.111+0000] {dag.py:3239} INFO - Sync 3 DAGs
[2025-04-18T17:47:42.307+0000] {logging_mixin.py:190} INFO - [2025-04-18T17:47:42.292+0000] {dag.py:4180} INFO - Setting next_dagrun for example_subdag_operator to 2022-01-01 00:00:00+00:00, run_after=2022-01-01 00:00:00+00:00
[2025-04-18T17:47:42.338+0000] {logging_mixin.py:190} INFO - [2025-04-18T17:47:42.337+0000] {dag.py:4180} INFO - Setting next_dagrun for example_subdag_operator.section-1 to None, run_after=None
[2025-04-18T17:47:42.368+0000] {logging_mixin.py:190} INFO - [2025-04-18T17:47:42.362+0000] {dag.py:4180} INFO - Setting next_dagrun for example_subdag_operator.section-2 to None, run_after=None
[2025-04-18T17:47:42.461+0000] {logging_mixin.py:190} INFO - [2025-04-18T17:47:42.459+0000] {dag.py:3239} INFO - Sync 2 DAGs
[2025-04-18T17:47:42.526+0000] {logging_mixin.py:190} INFO - [2025-04-18T17:47:42.524+0000] {dag.py:4180} INFO - Setting next_dagrun for example_subdag_operator.section-1 to None, run_after=None
[2025-04-18T17:47:42.559+0000] {logging_mixin.py:190} INFO - [2025-04-18T17:47:42.557+0000] {dag.py:4180} INFO - Setting next_dagrun for example_subdag_operator.section-2 to None, run_after=None
[2025-04-18T17:47:42.725+0000] {processor.py:208} INFO - Processing /home/airflow/.local/lib/python3.12/site-packages/airflow/example_dags/example_subdag_operator.py took 0.940 seconds
