[2025-04-18T11:50:12.813+0000] {processor.py:186} INFO - Started process (PID=121) to work on /home/airflow/.local/lib/python3.12/site-packages/airflow/example_dags/example_nested_branch_dag.py
[2025-04-18T11:50:12.819+0000] {processor.py:914} INFO - Processing file /home/airflow/.local/lib/python3.12/site-packages/airflow/example_dags/example_nested_branch_dag.py for tasks to queue
[2025-04-18T11:50:12.832+0000] {logging_mixin.py:190} INFO - [2025-04-18T11:50:12.830+0000] {dagbag.py:588} INFO - Filling up the DagBag from /home/airflow/.local/lib/python3.12/site-packages/airflow/example_dags/example_nested_branch_dag.py
[2025-04-18T11:50:12.892+0000] {processor.py:925} INFO - DAG(s) 'example_nested_branch_dag' retrieved from /home/airflow/.local/lib/python3.12/site-packages/airflow/example_dags/example_nested_branch_dag.py
[2025-04-18T11:50:13.344+0000] {logging_mixin.py:190} INFO - [2025-04-18T11:50:13.342+0000] {override.py:1912} INFO - Created Permission View: can delete on DAG:example_nested_branch_dag
[2025-04-18T11:50:13.397+0000] {logging_mixin.py:190} INFO - [2025-04-18T11:50:13.396+0000] {override.py:1912} INFO - Created Permission View: can read on DAG:example_nested_branch_dag
[2025-04-18T11:50:13.449+0000] {logging_mixin.py:190} INFO - [2025-04-18T11:50:13.446+0000] {override.py:1912} INFO - Created Permission View: can edit on DAG:example_nested_branch_dag
[2025-04-18T11:50:13.511+0000] {logging_mixin.py:190} INFO - [2025-04-18T11:50:13.510+0000] {override.py:1912} INFO - Created Permission View: can read on DAG Run:example_nested_branch_dag
[2025-04-18T11:50:13.562+0000] {logging_mixin.py:190} INFO - [2025-04-18T11:50:13.561+0000] {override.py:1912} INFO - Created Permission View: menu access on DAG Run:example_nested_branch_dag
[2025-04-18T11:50:13.597+0000] {logging_mixin.py:190} INFO - [2025-04-18T11:50:13.596+0000] {override.py:1912} INFO - Created Permission View: can create on DAG Run:example_nested_branch_dag
[2025-04-18T11:50:13.630+0000] {logging_mixin.py:190} INFO - [2025-04-18T11:50:13.629+0000] {override.py:1912} INFO - Created Permission View: can delete on DAG Run:example_nested_branch_dag
[2025-04-18T11:50:13.633+0000] {logging_mixin.py:190} INFO - [2025-04-18T11:50:13.632+0000] {dag.py:3239} INFO - Sync 1 DAGs
[2025-04-18T11:50:13.693+0000] {logging_mixin.py:190} INFO - [2025-04-18T11:50:13.692+0000] {dag.py:3262} INFO - Creating ORM DAG for example_nested_branch_dag
[2025-04-18T11:50:13.733+0000] {logging_mixin.py:190} INFO - [2025-04-18T11:50:13.732+0000] {dag.py:4180} INFO - Setting next_dagrun for example_nested_branch_dag to 2025-04-17 00:00:00+00:00, run_after=2025-04-18 00:00:00+00:00
[2025-04-18T11:50:13.848+0000] {processor.py:208} INFO - Processing /home/airflow/.local/lib/python3.12/site-packages/airflow/example_dags/example_nested_branch_dag.py took 1.056 seconds
[2025-04-18T11:51:36.979+0000] {processor.py:186} INFO - Started process (PID=196) to work on /home/airflow/.local/lib/python3.12/site-packages/airflow/example_dags/example_nested_branch_dag.py
[2025-04-18T11:51:36.998+0000] {processor.py:914} INFO - Processing file /home/airflow/.local/lib/python3.12/site-packages/airflow/example_dags/example_nested_branch_dag.py for tasks to queue
[2025-04-18T11:51:37.023+0000] {logging_mixin.py:190} INFO - [2025-04-18T11:51:37.021+0000] {dagbag.py:588} INFO - Filling up the DagBag from /home/airflow/.local/lib/python3.12/site-packages/airflow/example_dags/example_nested_branch_dag.py
[2025-04-18T11:51:37.213+0000] {processor.py:925} INFO - DAG(s) 'example_nested_branch_dag' retrieved from /home/airflow/.local/lib/python3.12/site-packages/airflow/example_dags/example_nested_branch_dag.py
[2025-04-18T11:51:37.675+0000] {logging_mixin.py:190} INFO - [2025-04-18T11:51:37.661+0000] {dag.py:3239} INFO - Sync 1 DAGs
[2025-04-18T11:51:38.215+0000] {logging_mixin.py:190} INFO - [2025-04-18T11:51:38.214+0000] {dag.py:4180} INFO - Setting next_dagrun for example_nested_branch_dag to 2025-04-17 00:00:00+00:00, run_after=2025-04-18 00:00:00+00:00
[2025-04-18T11:51:38.505+0000] {processor.py:208} INFO - Processing /home/airflow/.local/lib/python3.12/site-packages/airflow/example_dags/example_nested_branch_dag.py took 1.598 seconds
[2025-04-18T11:52:50.297+0000] {processor.py:186} INFO - Started process (PID=269) to work on /home/airflow/.local/lib/python3.12/site-packages/airflow/example_dags/example_nested_branch_dag.py
[2025-04-18T11:52:50.306+0000] {processor.py:914} INFO - Processing file /home/airflow/.local/lib/python3.12/site-packages/airflow/example_dags/example_nested_branch_dag.py for tasks to queue
[2025-04-18T11:52:50.380+0000] {logging_mixin.py:190} INFO - [2025-04-18T11:52:50.375+0000] {dagbag.py:588} INFO - Filling up the DagBag from /home/airflow/.local/lib/python3.12/site-packages/airflow/example_dags/example_nested_branch_dag.py
[2025-04-18T11:52:50.494+0000] {processor.py:925} INFO - DAG(s) 'example_nested_branch_dag' retrieved from /home/airflow/.local/lib/python3.12/site-packages/airflow/example_dags/example_nested_branch_dag.py
[2025-04-18T11:52:50.798+0000] {logging_mixin.py:190} INFO - [2025-04-18T11:52:50.796+0000] {dag.py:3239} INFO - Sync 1 DAGs
[2025-04-18T11:52:51.073+0000] {logging_mixin.py:190} INFO - [2025-04-18T11:52:51.073+0000] {dag.py:4180} INFO - Setting next_dagrun for example_nested_branch_dag to 2025-04-17 00:00:00+00:00, run_after=2025-04-18 00:00:00+00:00
[2025-04-18T11:52:51.650+0000] {processor.py:208} INFO - Processing /home/airflow/.local/lib/python3.12/site-packages/airflow/example_dags/example_nested_branch_dag.py took 1.452 seconds
[2025-04-18T11:53:49.486+0000] {processor.py:186} INFO - Started process (PID=328) to work on /home/airflow/.local/lib/python3.12/site-packages/airflow/example_dags/example_nested_branch_dag.py
[2025-04-18T11:53:49.503+0000] {processor.py:914} INFO - Processing file /home/airflow/.local/lib/python3.12/site-packages/airflow/example_dags/example_nested_branch_dag.py for tasks to queue
[2025-04-18T11:53:50.009+0000] {logging_mixin.py:190} INFO - [2025-04-18T11:53:49.990+0000] {dagbag.py:588} INFO - Filling up the DagBag from /home/airflow/.local/lib/python3.12/site-packages/airflow/example_dags/example_nested_branch_dag.py
[2025-04-18T11:53:50.558+0000] {processor.py:925} INFO - DAG(s) 'example_nested_branch_dag' retrieved from /home/airflow/.local/lib/python3.12/site-packages/airflow/example_dags/example_nested_branch_dag.py
[2025-04-18T11:53:50.747+0000] {logging_mixin.py:190} INFO - [2025-04-18T11:53:50.746+0000] {dag.py:3239} INFO - Sync 1 DAGs
[2025-04-18T11:53:50.873+0000] {logging_mixin.py:190} INFO - [2025-04-18T11:53:50.872+0000] {dag.py:4180} INFO - Setting next_dagrun for example_nested_branch_dag to 2025-04-17 00:00:00+00:00, run_after=2025-04-18 00:00:00+00:00
[2025-04-18T11:53:51.020+0000] {processor.py:208} INFO - Processing /home/airflow/.local/lib/python3.12/site-packages/airflow/example_dags/example_nested_branch_dag.py took 1.675 seconds
[2025-04-18T11:54:51.414+0000] {processor.py:186} INFO - Started process (PID=396) to work on /home/airflow/.local/lib/python3.12/site-packages/airflow/example_dags/example_nested_branch_dag.py
[2025-04-18T11:54:51.425+0000] {processor.py:914} INFO - Processing file /home/airflow/.local/lib/python3.12/site-packages/airflow/example_dags/example_nested_branch_dag.py for tasks to queue
[2025-04-18T11:54:51.503+0000] {logging_mixin.py:190} INFO - [2025-04-18T11:54:51.502+0000] {dagbag.py:588} INFO - Filling up the DagBag from /home/airflow/.local/lib/python3.12/site-packages/airflow/example_dags/example_nested_branch_dag.py
[2025-04-18T11:54:51.592+0000] {processor.py:925} INFO - DAG(s) 'example_nested_branch_dag' retrieved from /home/airflow/.local/lib/python3.12/site-packages/airflow/example_dags/example_nested_branch_dag.py
[2025-04-18T11:54:51.706+0000] {logging_mixin.py:190} INFO - [2025-04-18T11:54:51.704+0000] {dag.py:3239} INFO - Sync 1 DAGs
[2025-04-18T11:54:51.793+0000] {logging_mixin.py:190} INFO - [2025-04-18T11:54:51.792+0000] {dag.py:4180} INFO - Setting next_dagrun for example_nested_branch_dag to 2025-04-17 00:00:00+00:00, run_after=2025-04-18 00:00:00+00:00
[2025-04-18T11:54:51.922+0000] {processor.py:208} INFO - Processing /home/airflow/.local/lib/python3.12/site-packages/airflow/example_dags/example_nested_branch_dag.py took 0.635 seconds
[2025-04-18T11:56:05.892+0000] {processor.py:186} INFO - Started process (PID=459) to work on /home/airflow/.local/lib/python3.12/site-packages/airflow/example_dags/example_nested_branch_dag.py
[2025-04-18T11:56:05.912+0000] {processor.py:914} INFO - Processing file /home/airflow/.local/lib/python3.12/site-packages/airflow/example_dags/example_nested_branch_dag.py for tasks to queue
[2025-04-18T11:56:05.931+0000] {logging_mixin.py:190} INFO - [2025-04-18T11:56:05.930+0000] {dagbag.py:588} INFO - Filling up the DagBag from /home/airflow/.local/lib/python3.12/site-packages/airflow/example_dags/example_nested_branch_dag.py
[2025-04-18T11:56:06.107+0000] {processor.py:925} INFO - DAG(s) 'example_nested_branch_dag' retrieved from /home/airflow/.local/lib/python3.12/site-packages/airflow/example_dags/example_nested_branch_dag.py
[2025-04-18T11:56:06.515+0000] {logging_mixin.py:190} INFO - [2025-04-18T11:56:06.514+0000] {dag.py:3239} INFO - Sync 1 DAGs
[2025-04-18T11:56:06.946+0000] {logging_mixin.py:190} INFO - [2025-04-18T11:56:06.945+0000] {dag.py:4180} INFO - Setting next_dagrun for example_nested_branch_dag to 2025-04-17 00:00:00+00:00, run_after=2025-04-18 00:00:00+00:00
[2025-04-18T11:56:07.690+0000] {processor.py:208} INFO - Processing /home/airflow/.local/lib/python3.12/site-packages/airflow/example_dags/example_nested_branch_dag.py took 2.037 seconds
[2025-04-18T11:57:02.245+0000] {processor.py:186} INFO - Started process (PID=528) to work on /home/airflow/.local/lib/python3.12/site-packages/airflow/example_dags/example_nested_branch_dag.py
[2025-04-18T11:57:02.251+0000] {processor.py:914} INFO - Processing file /home/airflow/.local/lib/python3.12/site-packages/airflow/example_dags/example_nested_branch_dag.py for tasks to queue
[2025-04-18T11:57:02.260+0000] {logging_mixin.py:190} INFO - [2025-04-18T11:57:02.259+0000] {dagbag.py:588} INFO - Filling up the DagBag from /home/airflow/.local/lib/python3.12/site-packages/airflow/example_dags/example_nested_branch_dag.py
[2025-04-18T11:57:02.297+0000] {processor.py:925} INFO - DAG(s) 'example_nested_branch_dag' retrieved from /home/airflow/.local/lib/python3.12/site-packages/airflow/example_dags/example_nested_branch_dag.py
[2025-04-18T11:57:02.371+0000] {logging_mixin.py:190} INFO - [2025-04-18T11:57:02.370+0000] {dag.py:3239} INFO - Sync 1 DAGs
[2025-04-18T11:57:02.440+0000] {logging_mixin.py:190} INFO - [2025-04-18T11:57:02.439+0000] {dag.py:4180} INFO - Setting next_dagrun for example_nested_branch_dag to 2025-04-17 00:00:00+00:00, run_after=2025-04-18 00:00:00+00:00
[2025-04-18T11:57:02.544+0000] {processor.py:208} INFO - Processing /home/airflow/.local/lib/python3.12/site-packages/airflow/example_dags/example_nested_branch_dag.py took 0.315 seconds
[2025-04-18T11:57:51.120+0000] {processor.py:186} INFO - Started process (PID=593) to work on /home/airflow/.local/lib/python3.12/site-packages/airflow/example_dags/example_nested_branch_dag.py
[2025-04-18T11:57:51.145+0000] {processor.py:914} INFO - Processing file /home/airflow/.local/lib/python3.12/site-packages/airflow/example_dags/example_nested_branch_dag.py for tasks to queue
[2025-04-18T11:57:51.215+0000] {logging_mixin.py:190} INFO - [2025-04-18T11:57:51.202+0000] {dagbag.py:588} INFO - Filling up the DagBag from /home/airflow/.local/lib/python3.12/site-packages/airflow/example_dags/example_nested_branch_dag.py
[2025-04-18T11:57:51.407+0000] {processor.py:925} INFO - DAG(s) 'example_nested_branch_dag' retrieved from /home/airflow/.local/lib/python3.12/site-packages/airflow/example_dags/example_nested_branch_dag.py
[2025-04-18T11:57:51.717+0000] {logging_mixin.py:190} INFO - [2025-04-18T11:57:51.702+0000] {dag.py:3239} INFO - Sync 1 DAGs
[2025-04-18T11:57:52.068+0000] {logging_mixin.py:190} INFO - [2025-04-18T11:57:52.067+0000] {dag.py:4180} INFO - Setting next_dagrun for example_nested_branch_dag to 2025-04-17 00:00:00+00:00, run_after=2025-04-18 00:00:00+00:00
[2025-04-18T11:57:52.400+0000] {processor.py:208} INFO - Processing /home/airflow/.local/lib/python3.12/site-packages/airflow/example_dags/example_nested_branch_dag.py took 1.347 seconds
[2025-04-18T11:58:53.534+0000] {processor.py:186} INFO - Started process (PID=657) to work on /home/airflow/.local/lib/python3.12/site-packages/airflow/example_dags/example_nested_branch_dag.py
[2025-04-18T11:58:53.550+0000] {processor.py:914} INFO - Processing file /home/airflow/.local/lib/python3.12/site-packages/airflow/example_dags/example_nested_branch_dag.py for tasks to queue
[2025-04-18T11:58:53.673+0000] {logging_mixin.py:190} INFO - [2025-04-18T11:58:53.657+0000] {dagbag.py:588} INFO - Filling up the DagBag from /home/airflow/.local/lib/python3.12/site-packages/airflow/example_dags/example_nested_branch_dag.py
[2025-04-18T11:58:53.813+0000] {processor.py:925} INFO - DAG(s) 'example_nested_branch_dag' retrieved from /home/airflow/.local/lib/python3.12/site-packages/airflow/example_dags/example_nested_branch_dag.py
[2025-04-18T11:58:54.489+0000] {logging_mixin.py:190} INFO - [2025-04-18T11:58:54.486+0000] {dag.py:3239} INFO - Sync 1 DAGs
[2025-04-18T11:58:54.888+0000] {logging_mixin.py:190} INFO - [2025-04-18T11:58:54.887+0000] {dag.py:4180} INFO - Setting next_dagrun for example_nested_branch_dag to 2025-04-17 00:00:00+00:00, run_after=2025-04-18 00:00:00+00:00
[2025-04-18T11:58:55.307+0000] {processor.py:208} INFO - Processing /home/airflow/.local/lib/python3.12/site-packages/airflow/example_dags/example_nested_branch_dag.py took 1.800 seconds
[2025-04-18T12:00:41.593+0000] {processor.py:186} INFO - Started process (PID=745) to work on /home/airflow/.local/lib/python3.12/site-packages/airflow/example_dags/example_nested_branch_dag.py
[2025-04-18T12:00:41.607+0000] {processor.py:914} INFO - Processing file /home/airflow/.local/lib/python3.12/site-packages/airflow/example_dags/example_nested_branch_dag.py for tasks to queue
[2025-04-18T12:00:41.628+0000] {logging_mixin.py:190} INFO - [2025-04-18T12:00:41.619+0000] {dagbag.py:588} INFO - Filling up the DagBag from /home/airflow/.local/lib/python3.12/site-packages/airflow/example_dags/example_nested_branch_dag.py
[2025-04-18T12:00:41.758+0000] {processor.py:925} INFO - DAG(s) 'example_nested_branch_dag' retrieved from /home/airflow/.local/lib/python3.12/site-packages/airflow/example_dags/example_nested_branch_dag.py
[2025-04-18T12:00:42.224+0000] {logging_mixin.py:190} INFO - [2025-04-18T12:00:42.221+0000] {dag.py:3239} INFO - Sync 1 DAGs
[2025-04-18T12:00:42.822+0000] {logging_mixin.py:190} INFO - [2025-04-18T12:00:42.821+0000] {dag.py:4180} INFO - Setting next_dagrun for example_nested_branch_dag to 2025-04-17 00:00:00+00:00, run_after=2025-04-18 00:00:00+00:00
[2025-04-18T12:00:43.340+0000] {processor.py:208} INFO - Processing /home/airflow/.local/lib/python3.12/site-packages/airflow/example_dags/example_nested_branch_dag.py took 1.763 seconds
[2025-04-18T12:02:25.865+0000] {processor.py:186} INFO - Started process (PID=848) to work on /home/airflow/.local/lib/python3.12/site-packages/airflow/example_dags/example_nested_branch_dag.py
[2025-04-18T12:02:25.915+0000] {processor.py:914} INFO - Processing file /home/airflow/.local/lib/python3.12/site-packages/airflow/example_dags/example_nested_branch_dag.py for tasks to queue
[2025-04-18T12:02:25.948+0000] {logging_mixin.py:190} INFO - [2025-04-18T12:02:25.933+0000] {dagbag.py:588} INFO - Filling up the DagBag from /home/airflow/.local/lib/python3.12/site-packages/airflow/example_dags/example_nested_branch_dag.py
[2025-04-18T12:02:26.123+0000] {processor.py:925} INFO - DAG(s) 'example_nested_branch_dag' retrieved from /home/airflow/.local/lib/python3.12/site-packages/airflow/example_dags/example_nested_branch_dag.py
[2025-04-18T12:02:26.441+0000] {logging_mixin.py:190} INFO - [2025-04-18T12:02:26.439+0000] {dag.py:3239} INFO - Sync 1 DAGs
[2025-04-18T12:02:26.871+0000] {logging_mixin.py:190} INFO - [2025-04-18T12:02:26.857+0000] {dag.py:4180} INFO - Setting next_dagrun for example_nested_branch_dag to 2025-04-17 00:00:00+00:00, run_after=2025-04-18 00:00:00+00:00
[2025-04-18T12:02:27.278+0000] {processor.py:208} INFO - Processing /home/airflow/.local/lib/python3.12/site-packages/airflow/example_dags/example_nested_branch_dag.py took 1.580 seconds
[2025-04-18T12:04:11.143+0000] {processor.py:186} INFO - Started process (PID=939) to work on /home/airflow/.local/lib/python3.12/site-packages/airflow/example_dags/example_nested_branch_dag.py
[2025-04-18T12:04:11.156+0000] {processor.py:914} INFO - Processing file /home/airflow/.local/lib/python3.12/site-packages/airflow/example_dags/example_nested_branch_dag.py for tasks to queue
[2025-04-18T12:04:11.171+0000] {logging_mixin.py:190} INFO - [2025-04-18T12:04:11.170+0000] {dagbag.py:588} INFO - Filling up the DagBag from /home/airflow/.local/lib/python3.12/site-packages/airflow/example_dags/example_nested_branch_dag.py
[2025-04-18T12:04:11.235+0000] {processor.py:925} INFO - DAG(s) 'example_nested_branch_dag' retrieved from /home/airflow/.local/lib/python3.12/site-packages/airflow/example_dags/example_nested_branch_dag.py
[2025-04-18T12:04:11.357+0000] {logging_mixin.py:190} INFO - [2025-04-18T12:04:11.354+0000] {dag.py:3239} INFO - Sync 1 DAGs
[2025-04-18T12:04:11.705+0000] {logging_mixin.py:190} INFO - [2025-04-18T12:04:11.704+0000] {dag.py:4180} INFO - Setting next_dagrun for example_nested_branch_dag to 2025-04-17 00:00:00+00:00, run_after=2025-04-18 00:00:00+00:00
[2025-04-18T12:04:12.253+0000] {processor.py:208} INFO - Processing /home/airflow/.local/lib/python3.12/site-packages/airflow/example_dags/example_nested_branch_dag.py took 1.116 seconds
[2025-04-18T12:05:12.045+0000] {processor.py:186} INFO - Started process (PID=1011) to work on /home/airflow/.local/lib/python3.12/site-packages/airflow/example_dags/example_nested_branch_dag.py
[2025-04-18T12:05:12.075+0000] {processor.py:914} INFO - Processing file /home/airflow/.local/lib/python3.12/site-packages/airflow/example_dags/example_nested_branch_dag.py for tasks to queue
[2025-04-18T12:05:12.107+0000] {logging_mixin.py:190} INFO - [2025-04-18T12:05:12.104+0000] {dagbag.py:588} INFO - Filling up the DagBag from /home/airflow/.local/lib/python3.12/site-packages/airflow/example_dags/example_nested_branch_dag.py
[2025-04-18T12:05:12.179+0000] {processor.py:925} INFO - DAG(s) 'example_nested_branch_dag' retrieved from /home/airflow/.local/lib/python3.12/site-packages/airflow/example_dags/example_nested_branch_dag.py
[2025-04-18T12:05:12.342+0000] {logging_mixin.py:190} INFO - [2025-04-18T12:05:12.340+0000] {dag.py:3239} INFO - Sync 1 DAGs
[2025-04-18T12:05:12.477+0000] {logging_mixin.py:190} INFO - [2025-04-18T12:05:12.476+0000] {dag.py:4180} INFO - Setting next_dagrun for example_nested_branch_dag to 2025-04-17 00:00:00+00:00, run_after=2025-04-18 00:00:00+00:00
[2025-04-18T12:05:12.663+0000] {processor.py:208} INFO - Processing /home/airflow/.local/lib/python3.12/site-packages/airflow/example_dags/example_nested_branch_dag.py took 0.638 seconds
[2025-04-18T17:37:29.838+0000] {processor.py:186} INFO - Started process (PID=116) to work on /home/airflow/.local/lib/python3.12/site-packages/airflow/example_dags/example_nested_branch_dag.py
[2025-04-18T17:37:29.848+0000] {processor.py:914} INFO - Processing file /home/airflow/.local/lib/python3.12/site-packages/airflow/example_dags/example_nested_branch_dag.py for tasks to queue
[2025-04-18T17:37:29.859+0000] {logging_mixin.py:190} INFO - [2025-04-18T17:37:29.858+0000] {dagbag.py:588} INFO - Filling up the DagBag from /home/airflow/.local/lib/python3.12/site-packages/airflow/example_dags/example_nested_branch_dag.py
[2025-04-18T17:37:29.903+0000] {processor.py:925} INFO - DAG(s) 'example_nested_branch_dag' retrieved from /home/airflow/.local/lib/python3.12/site-packages/airflow/example_dags/example_nested_branch_dag.py
[2025-04-18T17:37:30.017+0000] {logging_mixin.py:190} INFO - [2025-04-18T17:37:30.016+0000] {dag.py:3239} INFO - Sync 1 DAGs
[2025-04-18T17:37:30.135+0000] {logging_mixin.py:190} INFO - [2025-04-18T17:37:30.134+0000] {dag.py:4180} INFO - Setting next_dagrun for example_nested_branch_dag to 2025-04-17 00:00:00+00:00, run_after=2025-04-18 00:00:00+00:00
[2025-04-18T17:37:30.239+0000] {processor.py:208} INFO - Processing /home/airflow/.local/lib/python3.12/site-packages/airflow/example_dags/example_nested_branch_dag.py took 0.420 seconds
[2025-04-18T17:38:02.438+0000] {processor.py:186} INFO - Started process (PID=180) to work on /home/airflow/.local/lib/python3.12/site-packages/airflow/example_dags/example_nested_branch_dag.py
[2025-04-18T17:38:02.441+0000] {processor.py:914} INFO - Processing file /home/airflow/.local/lib/python3.12/site-packages/airflow/example_dags/example_nested_branch_dag.py for tasks to queue
[2025-04-18T17:38:02.449+0000] {logging_mixin.py:190} INFO - [2025-04-18T17:38:02.448+0000] {dagbag.py:588} INFO - Filling up the DagBag from /home/airflow/.local/lib/python3.12/site-packages/airflow/example_dags/example_nested_branch_dag.py
[2025-04-18T17:38:02.480+0000] {processor.py:925} INFO - DAG(s) 'example_nested_branch_dag' retrieved from /home/airflow/.local/lib/python3.12/site-packages/airflow/example_dags/example_nested_branch_dag.py
[2025-04-18T17:38:02.547+0000] {logging_mixin.py:190} INFO - [2025-04-18T17:38:02.546+0000] {dag.py:3239} INFO - Sync 1 DAGs
[2025-04-18T17:38:02.678+0000] {logging_mixin.py:190} INFO - [2025-04-18T17:38:02.677+0000] {dag.py:4180} INFO - Setting next_dagrun for example_nested_branch_dag to 2025-04-17 00:00:00+00:00, run_after=2025-04-18 00:00:00+00:00
[2025-04-18T17:38:02.745+0000] {processor.py:208} INFO - Processing /home/airflow/.local/lib/python3.12/site-packages/airflow/example_dags/example_nested_branch_dag.py took 0.324 seconds
[2025-04-18T17:38:33.630+0000] {processor.py:186} INFO - Started process (PID=243) to work on /home/airflow/.local/lib/python3.12/site-packages/airflow/example_dags/example_nested_branch_dag.py
[2025-04-18T17:38:33.635+0000] {processor.py:914} INFO - Processing file /home/airflow/.local/lib/python3.12/site-packages/airflow/example_dags/example_nested_branch_dag.py for tasks to queue
[2025-04-18T17:38:33.642+0000] {logging_mixin.py:190} INFO - [2025-04-18T17:38:33.641+0000] {dagbag.py:588} INFO - Filling up the DagBag from /home/airflow/.local/lib/python3.12/site-packages/airflow/example_dags/example_nested_branch_dag.py
[2025-04-18T17:38:33.671+0000] {processor.py:925} INFO - DAG(s) 'example_nested_branch_dag' retrieved from /home/airflow/.local/lib/python3.12/site-packages/airflow/example_dags/example_nested_branch_dag.py
[2025-04-18T17:38:33.734+0000] {logging_mixin.py:190} INFO - [2025-04-18T17:38:33.733+0000] {dag.py:3239} INFO - Sync 1 DAGs
[2025-04-18T17:38:33.797+0000] {logging_mixin.py:190} INFO - [2025-04-18T17:38:33.796+0000] {dag.py:4180} INFO - Setting next_dagrun for example_nested_branch_dag to 2025-04-17 00:00:00+00:00, run_after=2025-04-18 00:00:00+00:00
[2025-04-18T17:38:33.860+0000] {processor.py:208} INFO - Processing /home/airflow/.local/lib/python3.12/site-packages/airflow/example_dags/example_nested_branch_dag.py took 0.245 seconds
[2025-04-18T17:39:04.429+0000] {processor.py:186} INFO - Started process (PID=307) to work on /home/airflow/.local/lib/python3.12/site-packages/airflow/example_dags/example_nested_branch_dag.py
[2025-04-18T17:39:04.431+0000] {processor.py:914} INFO - Processing file /home/airflow/.local/lib/python3.12/site-packages/airflow/example_dags/example_nested_branch_dag.py for tasks to queue
[2025-04-18T17:39:04.437+0000] {logging_mixin.py:190} INFO - [2025-04-18T17:39:04.437+0000] {dagbag.py:588} INFO - Filling up the DagBag from /home/airflow/.local/lib/python3.12/site-packages/airflow/example_dags/example_nested_branch_dag.py
[2025-04-18T17:39:04.457+0000] {processor.py:925} INFO - DAG(s) 'example_nested_branch_dag' retrieved from /home/airflow/.local/lib/python3.12/site-packages/airflow/example_dags/example_nested_branch_dag.py
[2025-04-18T17:39:04.496+0000] {logging_mixin.py:190} INFO - [2025-04-18T17:39:04.495+0000] {dag.py:3239} INFO - Sync 1 DAGs
[2025-04-18T17:39:04.536+0000] {logging_mixin.py:190} INFO - [2025-04-18T17:39:04.536+0000] {dag.py:4180} INFO - Setting next_dagrun for example_nested_branch_dag to 2025-04-17 00:00:00+00:00, run_after=2025-04-18 00:00:00+00:00
[2025-04-18T17:39:04.575+0000] {processor.py:208} INFO - Processing /home/airflow/.local/lib/python3.12/site-packages/airflow/example_dags/example_nested_branch_dag.py took 0.156 seconds
[2025-04-18T17:39:34.863+0000] {processor.py:186} INFO - Started process (PID=370) to work on /home/airflow/.local/lib/python3.12/site-packages/airflow/example_dags/example_nested_branch_dag.py
[2025-04-18T17:39:34.867+0000] {processor.py:914} INFO - Processing file /home/airflow/.local/lib/python3.12/site-packages/airflow/example_dags/example_nested_branch_dag.py for tasks to queue
[2025-04-18T17:39:34.874+0000] {logging_mixin.py:190} INFO - [2025-04-18T17:39:34.873+0000] {dagbag.py:588} INFO - Filling up the DagBag from /home/airflow/.local/lib/python3.12/site-packages/airflow/example_dags/example_nested_branch_dag.py
[2025-04-18T17:39:34.902+0000] {processor.py:925} INFO - DAG(s) 'example_nested_branch_dag' retrieved from /home/airflow/.local/lib/python3.12/site-packages/airflow/example_dags/example_nested_branch_dag.py
[2025-04-18T17:39:34.953+0000] {logging_mixin.py:190} INFO - [2025-04-18T17:39:34.953+0000] {dag.py:3239} INFO - Sync 1 DAGs
[2025-04-18T17:39:35.007+0000] {logging_mixin.py:190} INFO - [2025-04-18T17:39:35.006+0000] {dag.py:4180} INFO - Setting next_dagrun for example_nested_branch_dag to 2025-04-17 00:00:00+00:00, run_after=2025-04-18 00:00:00+00:00
[2025-04-18T17:39:35.083+0000] {processor.py:208} INFO - Processing /home/airflow/.local/lib/python3.12/site-packages/airflow/example_dags/example_nested_branch_dag.py took 0.235 seconds
[2025-04-18T17:40:06.475+0000] {processor.py:186} INFO - Started process (PID=434) to work on /home/airflow/.local/lib/python3.12/site-packages/airflow/example_dags/example_nested_branch_dag.py
[2025-04-18T17:40:06.482+0000] {processor.py:914} INFO - Processing file /home/airflow/.local/lib/python3.12/site-packages/airflow/example_dags/example_nested_branch_dag.py for tasks to queue
[2025-04-18T17:40:06.495+0000] {logging_mixin.py:190} INFO - [2025-04-18T17:40:06.494+0000] {dagbag.py:588} INFO - Filling up the DagBag from /home/airflow/.local/lib/python3.12/site-packages/airflow/example_dags/example_nested_branch_dag.py
[2025-04-18T17:40:06.532+0000] {processor.py:925} INFO - DAG(s) 'example_nested_branch_dag' retrieved from /home/airflow/.local/lib/python3.12/site-packages/airflow/example_dags/example_nested_branch_dag.py
[2025-04-18T17:40:06.635+0000] {logging_mixin.py:190} INFO - [2025-04-18T17:40:06.634+0000] {dag.py:3239} INFO - Sync 1 DAGs
[2025-04-18T17:40:06.706+0000] {logging_mixin.py:190} INFO - [2025-04-18T17:40:06.705+0000] {dag.py:4180} INFO - Setting next_dagrun for example_nested_branch_dag to 2025-04-17 00:00:00+00:00, run_after=2025-04-18 00:00:00+00:00
[2025-04-18T17:40:06.809+0000] {processor.py:208} INFO - Processing /home/airflow/.local/lib/python3.12/site-packages/airflow/example_dags/example_nested_branch_dag.py took 0.355 seconds
[2025-04-18T17:40:37.018+0000] {processor.py:186} INFO - Started process (PID=498) to work on /home/airflow/.local/lib/python3.12/site-packages/airflow/example_dags/example_nested_branch_dag.py
[2025-04-18T17:40:37.022+0000] {processor.py:914} INFO - Processing file /home/airflow/.local/lib/python3.12/site-packages/airflow/example_dags/example_nested_branch_dag.py for tasks to queue
[2025-04-18T17:40:37.030+0000] {logging_mixin.py:190} INFO - [2025-04-18T17:40:37.029+0000] {dagbag.py:588} INFO - Filling up the DagBag from /home/airflow/.local/lib/python3.12/site-packages/airflow/example_dags/example_nested_branch_dag.py
[2025-04-18T17:40:37.061+0000] {processor.py:925} INFO - DAG(s) 'example_nested_branch_dag' retrieved from /home/airflow/.local/lib/python3.12/site-packages/airflow/example_dags/example_nested_branch_dag.py
[2025-04-18T17:40:37.111+0000] {logging_mixin.py:190} INFO - [2025-04-18T17:40:37.111+0000] {dag.py:3239} INFO - Sync 1 DAGs
[2025-04-18T17:40:37.173+0000] {logging_mixin.py:190} INFO - [2025-04-18T17:40:37.172+0000] {dag.py:4180} INFO - Setting next_dagrun for example_nested_branch_dag to 2025-04-17 00:00:00+00:00, run_after=2025-04-18 00:00:00+00:00
[2025-04-18T17:40:37.225+0000] {processor.py:208} INFO - Processing /home/airflow/.local/lib/python3.12/site-packages/airflow/example_dags/example_nested_branch_dag.py took 0.227 seconds
[2025-04-18T17:41:13.407+0000] {processor.py:186} INFO - Started process (PID=561) to work on /home/airflow/.local/lib/python3.12/site-packages/airflow/example_dags/example_nested_branch_dag.py
[2025-04-18T17:41:13.421+0000] {processor.py:914} INFO - Processing file /home/airflow/.local/lib/python3.12/site-packages/airflow/example_dags/example_nested_branch_dag.py for tasks to queue
[2025-04-18T17:41:13.434+0000] {logging_mixin.py:190} INFO - [2025-04-18T17:41:13.433+0000] {dagbag.py:588} INFO - Filling up the DagBag from /home/airflow/.local/lib/python3.12/site-packages/airflow/example_dags/example_nested_branch_dag.py
[2025-04-18T17:41:13.482+0000] {processor.py:925} INFO - DAG(s) 'example_nested_branch_dag' retrieved from /home/airflow/.local/lib/python3.12/site-packages/airflow/example_dags/example_nested_branch_dag.py
[2025-04-18T17:41:13.641+0000] {logging_mixin.py:190} INFO - [2025-04-18T17:41:13.640+0000] {dag.py:3239} INFO - Sync 1 DAGs
[2025-04-18T17:41:13.803+0000] {logging_mixin.py:190} INFO - [2025-04-18T17:41:13.802+0000] {dag.py:4180} INFO - Setting next_dagrun for example_nested_branch_dag to 2025-04-17 00:00:00+00:00, run_after=2025-04-18 00:00:00+00:00
[2025-04-18T17:41:14.077+0000] {processor.py:208} INFO - Processing /home/airflow/.local/lib/python3.12/site-packages/airflow/example_dags/example_nested_branch_dag.py took 0.691 seconds
[2025-04-18T17:41:57.334+0000] {processor.py:186} INFO - Started process (PID=633) to work on /home/airflow/.local/lib/python3.12/site-packages/airflow/example_dags/example_nested_branch_dag.py
[2025-04-18T17:41:57.340+0000] {processor.py:914} INFO - Processing file /home/airflow/.local/lib/python3.12/site-packages/airflow/example_dags/example_nested_branch_dag.py for tasks to queue
[2025-04-18T17:41:57.353+0000] {logging_mixin.py:190} INFO - [2025-04-18T17:41:57.351+0000] {dagbag.py:588} INFO - Filling up the DagBag from /home/airflow/.local/lib/python3.12/site-packages/airflow/example_dags/example_nested_branch_dag.py
[2025-04-18T17:41:57.394+0000] {processor.py:925} INFO - DAG(s) 'example_nested_branch_dag' retrieved from /home/airflow/.local/lib/python3.12/site-packages/airflow/example_dags/example_nested_branch_dag.py
[2025-04-18T17:41:57.508+0000] {logging_mixin.py:190} INFO - [2025-04-18T17:41:57.507+0000] {dag.py:3239} INFO - Sync 1 DAGs
[2025-04-18T17:41:57.618+0000] {logging_mixin.py:190} INFO - [2025-04-18T17:41:57.618+0000] {dag.py:4180} INFO - Setting next_dagrun for example_nested_branch_dag to 2025-04-17 00:00:00+00:00, run_after=2025-04-18 00:00:00+00:00
[2025-04-18T17:41:57.736+0000] {processor.py:208} INFO - Processing /home/airflow/.local/lib/python3.12/site-packages/airflow/example_dags/example_nested_branch_dag.py took 0.424 seconds
[2025-04-18T17:42:32.109+0000] {processor.py:186} INFO - Started process (PID=697) to work on /home/airflow/.local/lib/python3.12/site-packages/airflow/example_dags/example_nested_branch_dag.py
[2025-04-18T17:42:32.145+0000] {processor.py:914} INFO - Processing file /home/airflow/.local/lib/python3.12/site-packages/airflow/example_dags/example_nested_branch_dag.py for tasks to queue
[2025-04-18T17:42:32.183+0000] {logging_mixin.py:190} INFO - [2025-04-18T17:42:32.179+0000] {dagbag.py:588} INFO - Filling up the DagBag from /home/airflow/.local/lib/python3.12/site-packages/airflow/example_dags/example_nested_branch_dag.py
[2025-04-18T17:42:32.255+0000] {processor.py:925} INFO - DAG(s) 'example_nested_branch_dag' retrieved from /home/airflow/.local/lib/python3.12/site-packages/airflow/example_dags/example_nested_branch_dag.py
[2025-04-18T17:42:32.391+0000] {logging_mixin.py:190} INFO - [2025-04-18T17:42:32.388+0000] {dag.py:3239} INFO - Sync 1 DAGs
[2025-04-18T17:42:32.537+0000] {logging_mixin.py:190} INFO - [2025-04-18T17:42:32.537+0000] {dag.py:4180} INFO - Setting next_dagrun for example_nested_branch_dag to 2025-04-17 00:00:00+00:00, run_after=2025-04-18 00:00:00+00:00
[2025-04-18T17:42:32.640+0000] {processor.py:208} INFO - Processing /home/airflow/.local/lib/python3.12/site-packages/airflow/example_dags/example_nested_branch_dag.py took 0.554 seconds
[2025-04-18T17:43:06.328+0000] {processor.py:186} INFO - Started process (PID=762) to work on /home/airflow/.local/lib/python3.12/site-packages/airflow/example_dags/example_nested_branch_dag.py
[2025-04-18T17:43:06.351+0000] {processor.py:914} INFO - Processing file /home/airflow/.local/lib/python3.12/site-packages/airflow/example_dags/example_nested_branch_dag.py for tasks to queue
[2025-04-18T17:43:06.375+0000] {logging_mixin.py:190} INFO - [2025-04-18T17:43:06.374+0000] {dagbag.py:588} INFO - Filling up the DagBag from /home/airflow/.local/lib/python3.12/site-packages/airflow/example_dags/example_nested_branch_dag.py
[2025-04-18T17:43:06.439+0000] {processor.py:925} INFO - DAG(s) 'example_nested_branch_dag' retrieved from /home/airflow/.local/lib/python3.12/site-packages/airflow/example_dags/example_nested_branch_dag.py
[2025-04-18T17:43:06.570+0000] {logging_mixin.py:190} INFO - [2025-04-18T17:43:06.568+0000] {dag.py:3239} INFO - Sync 1 DAGs
[2025-04-18T17:43:06.693+0000] {logging_mixin.py:190} INFO - [2025-04-18T17:43:06.692+0000] {dag.py:4180} INFO - Setting next_dagrun for example_nested_branch_dag to 2025-04-17 00:00:00+00:00, run_after=2025-04-18 00:00:00+00:00
[2025-04-18T17:43:06.808+0000] {processor.py:208} INFO - Processing /home/airflow/.local/lib/python3.12/site-packages/airflow/example_dags/example_nested_branch_dag.py took 0.500 seconds
[2025-04-18T17:43:37.607+0000] {processor.py:186} INFO - Started process (PID=826) to work on /home/airflow/.local/lib/python3.12/site-packages/airflow/example_dags/example_nested_branch_dag.py
[2025-04-18T17:43:37.611+0000] {processor.py:914} INFO - Processing file /home/airflow/.local/lib/python3.12/site-packages/airflow/example_dags/example_nested_branch_dag.py for tasks to queue
[2025-04-18T17:43:37.622+0000] {logging_mixin.py:190} INFO - [2025-04-18T17:43:37.621+0000] {dagbag.py:588} INFO - Filling up the DagBag from /home/airflow/.local/lib/python3.12/site-packages/airflow/example_dags/example_nested_branch_dag.py
[2025-04-18T17:43:37.658+0000] {processor.py:925} INFO - DAG(s) 'example_nested_branch_dag' retrieved from /home/airflow/.local/lib/python3.12/site-packages/airflow/example_dags/example_nested_branch_dag.py
[2025-04-18T17:43:37.750+0000] {logging_mixin.py:190} INFO - [2025-04-18T17:43:37.748+0000] {dag.py:3239} INFO - Sync 1 DAGs
[2025-04-18T17:43:37.877+0000] {logging_mixin.py:190} INFO - [2025-04-18T17:43:37.876+0000] {dag.py:4180} INFO - Setting next_dagrun for example_nested_branch_dag to 2025-04-17 00:00:00+00:00, run_after=2025-04-18 00:00:00+00:00
[2025-04-18T17:43:37.983+0000] {processor.py:208} INFO - Processing /home/airflow/.local/lib/python3.12/site-packages/airflow/example_dags/example_nested_branch_dag.py took 0.404 seconds
[2025-04-18T17:44:09.120+0000] {processor.py:186} INFO - Started process (PID=889) to work on /home/airflow/.local/lib/python3.12/site-packages/airflow/example_dags/example_nested_branch_dag.py
[2025-04-18T17:44:09.125+0000] {processor.py:914} INFO - Processing file /home/airflow/.local/lib/python3.12/site-packages/airflow/example_dags/example_nested_branch_dag.py for tasks to queue
[2025-04-18T17:44:09.132+0000] {logging_mixin.py:190} INFO - [2025-04-18T17:44:09.131+0000] {dagbag.py:588} INFO - Filling up the DagBag from /home/airflow/.local/lib/python3.12/site-packages/airflow/example_dags/example_nested_branch_dag.py
[2025-04-18T17:44:09.169+0000] {processor.py:925} INFO - DAG(s) 'example_nested_branch_dag' retrieved from /home/airflow/.local/lib/python3.12/site-packages/airflow/example_dags/example_nested_branch_dag.py
[2025-04-18T17:44:09.284+0000] {logging_mixin.py:190} INFO - [2025-04-18T17:44:09.283+0000] {dag.py:3239} INFO - Sync 1 DAGs
[2025-04-18T17:44:09.369+0000] {logging_mixin.py:190} INFO - [2025-04-18T17:44:09.368+0000] {dag.py:4180} INFO - Setting next_dagrun for example_nested_branch_dag to 2025-04-17 00:00:00+00:00, run_after=2025-04-18 00:00:00+00:00
[2025-04-18T17:44:09.437+0000] {processor.py:208} INFO - Processing /home/airflow/.local/lib/python3.12/site-packages/airflow/example_dags/example_nested_branch_dag.py took 0.335 seconds
[2025-04-18T17:44:43.592+0000] {processor.py:186} INFO - Started process (PID=961) to work on /home/airflow/.local/lib/python3.12/site-packages/airflow/example_dags/example_nested_branch_dag.py
[2025-04-18T17:44:43.604+0000] {processor.py:914} INFO - Processing file /home/airflow/.local/lib/python3.12/site-packages/airflow/example_dags/example_nested_branch_dag.py for tasks to queue
[2025-04-18T17:44:43.632+0000] {logging_mixin.py:190} INFO - [2025-04-18T17:44:43.630+0000] {dagbag.py:588} INFO - Filling up the DagBag from /home/airflow/.local/lib/python3.12/site-packages/airflow/example_dags/example_nested_branch_dag.py
[2025-04-18T17:44:43.679+0000] {processor.py:925} INFO - DAG(s) 'example_nested_branch_dag' retrieved from /home/airflow/.local/lib/python3.12/site-packages/airflow/example_dags/example_nested_branch_dag.py
[2025-04-18T17:44:43.799+0000] {logging_mixin.py:190} INFO - [2025-04-18T17:44:43.798+0000] {dag.py:3239} INFO - Sync 1 DAGs
[2025-04-18T17:44:43.901+0000] {logging_mixin.py:190} INFO - [2025-04-18T17:44:43.901+0000] {dag.py:4180} INFO - Setting next_dagrun for example_nested_branch_dag to 2025-04-17 00:00:00+00:00, run_after=2025-04-18 00:00:00+00:00
[2025-04-18T17:44:44.019+0000] {processor.py:208} INFO - Processing /home/airflow/.local/lib/python3.12/site-packages/airflow/example_dags/example_nested_branch_dag.py took 0.446 seconds
[2025-04-18T17:45:14.550+0000] {processor.py:186} INFO - Started process (PID=1024) to work on /home/airflow/.local/lib/python3.12/site-packages/airflow/example_dags/example_nested_branch_dag.py
[2025-04-18T17:45:14.555+0000] {processor.py:914} INFO - Processing file /home/airflow/.local/lib/python3.12/site-packages/airflow/example_dags/example_nested_branch_dag.py for tasks to queue
[2025-04-18T17:45:14.563+0000] {logging_mixin.py:190} INFO - [2025-04-18T17:45:14.562+0000] {dagbag.py:588} INFO - Filling up the DagBag from /home/airflow/.local/lib/python3.12/site-packages/airflow/example_dags/example_nested_branch_dag.py
[2025-04-18T17:45:14.599+0000] {processor.py:925} INFO - DAG(s) 'example_nested_branch_dag' retrieved from /home/airflow/.local/lib/python3.12/site-packages/airflow/example_dags/example_nested_branch_dag.py
[2025-04-18T17:45:14.660+0000] {logging_mixin.py:190} INFO - [2025-04-18T17:45:14.659+0000] {dag.py:3239} INFO - Sync 1 DAGs
[2025-04-18T17:45:14.731+0000] {logging_mixin.py:190} INFO - [2025-04-18T17:45:14.731+0000] {dag.py:4180} INFO - Setting next_dagrun for example_nested_branch_dag to 2025-04-17 00:00:00+00:00, run_after=2025-04-18 00:00:00+00:00
[2025-04-18T17:45:14.793+0000] {processor.py:208} INFO - Processing /home/airflow/.local/lib/python3.12/site-packages/airflow/example_dags/example_nested_branch_dag.py took 0.265 seconds
[2025-04-18T17:45:45.646+0000] {processor.py:186} INFO - Started process (PID=1088) to work on /home/airflow/.local/lib/python3.12/site-packages/airflow/example_dags/example_nested_branch_dag.py
[2025-04-18T17:45:45.649+0000] {processor.py:914} INFO - Processing file /home/airflow/.local/lib/python3.12/site-packages/airflow/example_dags/example_nested_branch_dag.py for tasks to queue
[2025-04-18T17:45:45.656+0000] {logging_mixin.py:190} INFO - [2025-04-18T17:45:45.655+0000] {dagbag.py:588} INFO - Filling up the DagBag from /home/airflow/.local/lib/python3.12/site-packages/airflow/example_dags/example_nested_branch_dag.py
[2025-04-18T17:45:45.677+0000] {processor.py:925} INFO - DAG(s) 'example_nested_branch_dag' retrieved from /home/airflow/.local/lib/python3.12/site-packages/airflow/example_dags/example_nested_branch_dag.py
[2025-04-18T17:45:45.721+0000] {logging_mixin.py:190} INFO - [2025-04-18T17:45:45.720+0000] {dag.py:3239} INFO - Sync 1 DAGs
[2025-04-18T17:45:45.764+0000] {logging_mixin.py:190} INFO - [2025-04-18T17:45:45.764+0000] {dag.py:4180} INFO - Setting next_dagrun for example_nested_branch_dag to 2025-04-17 00:00:00+00:00, run_after=2025-04-18 00:00:00+00:00
[2025-04-18T17:45:45.808+0000] {processor.py:208} INFO - Processing /home/airflow/.local/lib/python3.12/site-packages/airflow/example_dags/example_nested_branch_dag.py took 0.176 seconds
[2025-04-18T17:46:16.731+0000] {processor.py:186} INFO - Started process (PID=1159) to work on /home/airflow/.local/lib/python3.12/site-packages/airflow/example_dags/example_nested_branch_dag.py
[2025-04-18T17:46:16.747+0000] {processor.py:914} INFO - Processing file /home/airflow/.local/lib/python3.12/site-packages/airflow/example_dags/example_nested_branch_dag.py for tasks to queue
[2025-04-18T17:46:16.768+0000] {logging_mixin.py:190} INFO - [2025-04-18T17:46:16.767+0000] {dagbag.py:588} INFO - Filling up the DagBag from /home/airflow/.local/lib/python3.12/site-packages/airflow/example_dags/example_nested_branch_dag.py
[2025-04-18T17:46:16.828+0000] {processor.py:925} INFO - DAG(s) 'example_nested_branch_dag' retrieved from /home/airflow/.local/lib/python3.12/site-packages/airflow/example_dags/example_nested_branch_dag.py
[2025-04-18T17:46:16.927+0000] {logging_mixin.py:190} INFO - [2025-04-18T17:46:16.927+0000] {dag.py:3239} INFO - Sync 1 DAGs
[2025-04-18T17:46:17.041+0000] {logging_mixin.py:190} INFO - [2025-04-18T17:46:17.040+0000] {dag.py:4180} INFO - Setting next_dagrun for example_nested_branch_dag to 2025-04-17 00:00:00+00:00, run_after=2025-04-18 00:00:00+00:00
[2025-04-18T17:46:17.146+0000] {processor.py:208} INFO - Processing /home/airflow/.local/lib/python3.12/site-packages/airflow/example_dags/example_nested_branch_dag.py took 0.433 seconds
[2025-04-18T17:46:47.447+0000] {processor.py:186} INFO - Started process (PID=1223) to work on /home/airflow/.local/lib/python3.12/site-packages/airflow/example_dags/example_nested_branch_dag.py
[2025-04-18T17:46:47.450+0000] {processor.py:914} INFO - Processing file /home/airflow/.local/lib/python3.12/site-packages/airflow/example_dags/example_nested_branch_dag.py for tasks to queue
[2025-04-18T17:46:47.456+0000] {logging_mixin.py:190} INFO - [2025-04-18T17:46:47.456+0000] {dagbag.py:588} INFO - Filling up the DagBag from /home/airflow/.local/lib/python3.12/site-packages/airflow/example_dags/example_nested_branch_dag.py
[2025-04-18T17:46:47.478+0000] {processor.py:925} INFO - DAG(s) 'example_nested_branch_dag' retrieved from /home/airflow/.local/lib/python3.12/site-packages/airflow/example_dags/example_nested_branch_dag.py
[2025-04-18T17:46:47.521+0000] {logging_mixin.py:190} INFO - [2025-04-18T17:46:47.520+0000] {dag.py:3239} INFO - Sync 1 DAGs
[2025-04-18T17:46:47.574+0000] {logging_mixin.py:190} INFO - [2025-04-18T17:46:47.573+0000] {dag.py:4180} INFO - Setting next_dagrun for example_nested_branch_dag to 2025-04-17 00:00:00+00:00, run_after=2025-04-18 00:00:00+00:00
[2025-04-18T17:46:47.624+0000] {processor.py:208} INFO - Processing /home/airflow/.local/lib/python3.12/site-packages/airflow/example_dags/example_nested_branch_dag.py took 0.188 seconds
[2025-04-18T17:47:18.383+0000] {processor.py:186} INFO - Started process (PID=1286) to work on /home/airflow/.local/lib/python3.12/site-packages/airflow/example_dags/example_nested_branch_dag.py
[2025-04-18T17:47:18.387+0000] {processor.py:914} INFO - Processing file /home/airflow/.local/lib/python3.12/site-packages/airflow/example_dags/example_nested_branch_dag.py for tasks to queue
[2025-04-18T17:47:18.399+0000] {logging_mixin.py:190} INFO - [2025-04-18T17:47:18.397+0000] {dagbag.py:588} INFO - Filling up the DagBag from /home/airflow/.local/lib/python3.12/site-packages/airflow/example_dags/example_nested_branch_dag.py
[2025-04-18T17:47:18.441+0000] {processor.py:925} INFO - DAG(s) 'example_nested_branch_dag' retrieved from /home/airflow/.local/lib/python3.12/site-packages/airflow/example_dags/example_nested_branch_dag.py
[2025-04-18T17:47:18.540+0000] {logging_mixin.py:190} INFO - [2025-04-18T17:47:18.539+0000] {dag.py:3239} INFO - Sync 1 DAGs
[2025-04-18T17:47:18.630+0000] {logging_mixin.py:190} INFO - [2025-04-18T17:47:18.629+0000] {dag.py:4180} INFO - Setting next_dagrun for example_nested_branch_dag to 2025-04-17 00:00:00+00:00, run_after=2025-04-18 00:00:00+00:00
[2025-04-18T17:47:18.688+0000] {processor.py:208} INFO - Processing /home/airflow/.local/lib/python3.12/site-packages/airflow/example_dags/example_nested_branch_dag.py took 0.326 seconds
[2025-04-18T17:47:59.514+0000] {processor.py:186} INFO - Started process (PID=1351) to work on /home/airflow/.local/lib/python3.12/site-packages/airflow/example_dags/example_nested_branch_dag.py
[2025-04-18T17:47:59.534+0000] {processor.py:914} INFO - Processing file /home/airflow/.local/lib/python3.12/site-packages/airflow/example_dags/example_nested_branch_dag.py for tasks to queue
[2025-04-18T17:47:59.548+0000] {logging_mixin.py:190} INFO - [2025-04-18T17:47:59.547+0000] {dagbag.py:588} INFO - Filling up the DagBag from /home/airflow/.local/lib/python3.12/site-packages/airflow/example_dags/example_nested_branch_dag.py
[2025-04-18T17:47:59.607+0000] {processor.py:925} INFO - DAG(s) 'example_nested_branch_dag' retrieved from /home/airflow/.local/lib/python3.12/site-packages/airflow/example_dags/example_nested_branch_dag.py
[2025-04-18T17:47:59.695+0000] {logging_mixin.py:190} INFO - [2025-04-18T17:47:59.694+0000] {dag.py:3239} INFO - Sync 1 DAGs
[2025-04-18T17:47:59.816+0000] {logging_mixin.py:190} INFO - [2025-04-18T17:47:59.815+0000] {dag.py:4180} INFO - Setting next_dagrun for example_nested_branch_dag to 2025-04-17 00:00:00+00:00, run_after=2025-04-18 00:00:00+00:00
[2025-04-18T17:47:59.922+0000] {processor.py:208} INFO - Processing /home/airflow/.local/lib/python3.12/site-packages/airflow/example_dags/example_nested_branch_dag.py took 0.428 seconds
