[2025-04-18T11:50:01.787+0000] {processor.py:186} INFO - Started process (PID=108) to work on /home/airflow/.local/lib/python3.12/site-packages/airflow/example_dags/example_python_operator.py
[2025-04-18T11:50:01.793+0000] {processor.py:914} INFO - Processing file /home/airflow/.local/lib/python3.12/site-packages/airflow/example_dags/example_python_operator.py for tasks to queue
[2025-04-18T11:50:01.802+0000] {logging_mixin.py:190} INFO - [2025-04-18T11:50:01.801+0000] {dagbag.py:588} INFO - Filling up the DagBag from /home/airflow/.local/lib/python3.12/site-packages/airflow/example_dags/example_python_operator.py
[2025-04-18T11:50:01.863+0000] {processor.py:925} INFO - DAG(s) 'example_python_operator' retrieved from /home/airflow/.local/lib/python3.12/site-packages/airflow/example_dags/example_python_operator.py
[2025-04-18T11:50:02.323+0000] {logging_mixin.py:190} INFO - [2025-04-18T11:50:02.320+0000] {override.py:1912} INFO - Created Permission View: can delete on DAG:example_python_operator
[2025-04-18T11:50:02.382+0000] {logging_mixin.py:190} INFO - [2025-04-18T11:50:02.381+0000] {override.py:1912} INFO - Created Permission View: can read on DAG:example_python_operator
[2025-04-18T11:50:02.419+0000] {logging_mixin.py:190} INFO - [2025-04-18T11:50:02.417+0000] {override.py:1912} INFO - Created Permission View: can edit on DAG:example_python_operator
[2025-04-18T11:50:02.486+0000] {logging_mixin.py:190} INFO - [2025-04-18T11:50:02.483+0000] {override.py:1912} INFO - Created Permission View: can read on DAG Run:example_python_operator
[2025-04-18T11:50:02.535+0000] {logging_mixin.py:190} INFO - [2025-04-18T11:50:02.534+0000] {override.py:1912} INFO - Created Permission View: menu access on DAG Run:example_python_operator
[2025-04-18T11:50:02.572+0000] {logging_mixin.py:190} INFO - [2025-04-18T11:50:02.571+0000] {override.py:1912} INFO - Created Permission View: can create on DAG Run:example_python_operator
[2025-04-18T11:50:02.612+0000] {logging_mixin.py:190} INFO - [2025-04-18T11:50:02.611+0000] {override.py:1912} INFO - Created Permission View: can delete on DAG Run:example_python_operator
[2025-04-18T11:50:02.616+0000] {logging_mixin.py:190} INFO - [2025-04-18T11:50:02.615+0000] {dag.py:3239} INFO - Sync 1 DAGs
[2025-04-18T11:50:02.666+0000] {logging_mixin.py:190} INFO - [2025-04-18T11:50:02.665+0000] {dag.py:3262} INFO - Creating ORM DAG for example_python_operator
[2025-04-18T11:50:02.674+0000] {logging_mixin.py:190} INFO - [2025-04-18T11:50:02.673+0000] {dag.py:4180} INFO - Setting next_dagrun for example_python_operator to None, run_after=None
[2025-04-18T11:50:02.764+0000] {processor.py:208} INFO - Processing /home/airflow/.local/lib/python3.12/site-packages/airflow/example_dags/example_python_operator.py took 1.001 seconds
[2025-04-18T11:51:14.319+0000] {processor.py:186} INFO - Started process (PID=177) to work on /home/airflow/.local/lib/python3.12/site-packages/airflow/example_dags/example_python_operator.py
[2025-04-18T11:51:14.332+0000] {processor.py:914} INFO - Processing file /home/airflow/.local/lib/python3.12/site-packages/airflow/example_dags/example_python_operator.py for tasks to queue
[2025-04-18T11:51:14.415+0000] {logging_mixin.py:190} INFO - [2025-04-18T11:51:14.400+0000] {dagbag.py:588} INFO - Filling up the DagBag from /home/airflow/.local/lib/python3.12/site-packages/airflow/example_dags/example_python_operator.py
[2025-04-18T11:51:14.484+0000] {processor.py:925} INFO - DAG(s) 'example_python_operator' retrieved from /home/airflow/.local/lib/python3.12/site-packages/airflow/example_dags/example_python_operator.py
[2025-04-18T11:51:15.050+0000] {logging_mixin.py:190} INFO - [2025-04-18T11:51:15.050+0000] {dag.py:3239} INFO - Sync 1 DAGs
[2025-04-18T11:51:15.278+0000] {logging_mixin.py:190} INFO - [2025-04-18T11:51:15.277+0000] {dag.py:4180} INFO - Setting next_dagrun for example_python_operator to None, run_after=None
[2025-04-18T11:51:15.751+0000] {processor.py:208} INFO - Processing /home/airflow/.local/lib/python3.12/site-packages/airflow/example_dags/example_python_operator.py took 1.453 seconds
[2025-04-18T11:52:18.229+0000] {processor.py:186} INFO - Started process (PID=227) to work on /home/airflow/.local/lib/python3.12/site-packages/airflow/example_dags/example_python_operator.py
[2025-04-18T11:52:18.249+0000] {processor.py:914} INFO - Processing file /home/airflow/.local/lib/python3.12/site-packages/airflow/example_dags/example_python_operator.py for tasks to queue
[2025-04-18T11:52:18.295+0000] {logging_mixin.py:190} INFO - [2025-04-18T11:52:18.288+0000] {dagbag.py:588} INFO - Filling up the DagBag from /home/airflow/.local/lib/python3.12/site-packages/airflow/example_dags/example_python_operator.py
[2025-04-18T11:52:18.425+0000] {processor.py:925} INFO - DAG(s) 'example_python_operator' retrieved from /home/airflow/.local/lib/python3.12/site-packages/airflow/example_dags/example_python_operator.py
[2025-04-18T11:52:18.741+0000] {logging_mixin.py:190} INFO - [2025-04-18T11:52:18.740+0000] {dag.py:3239} INFO - Sync 1 DAGs
[2025-04-18T11:52:18.967+0000] {logging_mixin.py:190} INFO - [2025-04-18T11:52:18.966+0000] {dag.py:4180} INFO - Setting next_dagrun for example_python_operator to None, run_after=None
[2025-04-18T11:52:19.160+0000] {processor.py:208} INFO - Processing /home/airflow/.local/lib/python3.12/site-packages/airflow/example_dags/example_python_operator.py took 1.063 seconds
[2025-04-18T11:53:17.928+0000] {processor.py:186} INFO - Started process (PID=296) to work on /home/airflow/.local/lib/python3.12/site-packages/airflow/example_dags/example_python_operator.py
[2025-04-18T11:53:17.934+0000] {processor.py:914} INFO - Processing file /home/airflow/.local/lib/python3.12/site-packages/airflow/example_dags/example_python_operator.py for tasks to queue
[2025-04-18T11:53:17.944+0000] {logging_mixin.py:190} INFO - [2025-04-18T11:53:17.942+0000] {dagbag.py:588} INFO - Filling up the DagBag from /home/airflow/.local/lib/python3.12/site-packages/airflow/example_dags/example_python_operator.py
[2025-04-18T11:53:17.999+0000] {processor.py:925} INFO - DAG(s) 'example_python_operator' retrieved from /home/airflow/.local/lib/python3.12/site-packages/airflow/example_dags/example_python_operator.py
[2025-04-18T11:53:18.137+0000] {logging_mixin.py:190} INFO - [2025-04-18T11:53:18.137+0000] {dag.py:3239} INFO - Sync 1 DAGs
[2025-04-18T11:53:18.211+0000] {logging_mixin.py:190} INFO - [2025-04-18T11:53:18.210+0000] {dag.py:4180} INFO - Setting next_dagrun for example_python_operator to None, run_after=None
[2025-04-18T11:53:18.368+0000] {processor.py:208} INFO - Processing /home/airflow/.local/lib/python3.12/site-packages/airflow/example_dags/example_python_operator.py took 0.463 seconds
[2025-04-18T11:54:28.043+0000] {processor.py:186} INFO - Started process (PID=369) to work on /home/airflow/.local/lib/python3.12/site-packages/airflow/example_dags/example_python_operator.py
[2025-04-18T11:54:28.056+0000] {processor.py:914} INFO - Processing file /home/airflow/.local/lib/python3.12/site-packages/airflow/example_dags/example_python_operator.py for tasks to queue
[2025-04-18T11:54:28.071+0000] {logging_mixin.py:190} INFO - [2025-04-18T11:54:28.070+0000] {dagbag.py:588} INFO - Filling up the DagBag from /home/airflow/.local/lib/python3.12/site-packages/airflow/example_dags/example_python_operator.py
[2025-04-18T11:54:28.146+0000] {processor.py:925} INFO - DAG(s) 'example_python_operator' retrieved from /home/airflow/.local/lib/python3.12/site-packages/airflow/example_dags/example_python_operator.py
[2025-04-18T11:54:28.293+0000] {logging_mixin.py:190} INFO - [2025-04-18T11:54:28.292+0000] {dag.py:3239} INFO - Sync 1 DAGs
[2025-04-18T11:54:28.396+0000] {logging_mixin.py:190} INFO - [2025-04-18T11:54:28.395+0000] {dag.py:4180} INFO - Setting next_dagrun for example_python_operator to None, run_after=None
[2025-04-18T11:54:28.525+0000] {processor.py:208} INFO - Processing /home/airflow/.local/lib/python3.12/site-packages/airflow/example_dags/example_python_operator.py took 0.538 seconds
[2025-04-18T11:55:25.527+0000] {processor.py:186} INFO - Started process (PID=434) to work on /home/airflow/.local/lib/python3.12/site-packages/airflow/example_dags/example_python_operator.py
[2025-04-18T11:55:25.569+0000] {processor.py:914} INFO - Processing file /home/airflow/.local/lib/python3.12/site-packages/airflow/example_dags/example_python_operator.py for tasks to queue
[2025-04-18T11:55:25.613+0000] {logging_mixin.py:190} INFO - [2025-04-18T11:55:25.612+0000] {dagbag.py:588} INFO - Filling up the DagBag from /home/airflow/.local/lib/python3.12/site-packages/airflow/example_dags/example_python_operator.py
[2025-04-18T11:55:25.816+0000] {processor.py:925} INFO - DAG(s) 'example_python_operator' retrieved from /home/airflow/.local/lib/python3.12/site-packages/airflow/example_dags/example_python_operator.py
[2025-04-18T11:55:26.220+0000] {logging_mixin.py:190} INFO - [2025-04-18T11:55:26.219+0000] {dag.py:3239} INFO - Sync 1 DAGs
[2025-04-18T11:55:26.689+0000] {logging_mixin.py:190} INFO - [2025-04-18T11:55:26.689+0000] {dag.py:4180} INFO - Setting next_dagrun for example_python_operator to None, run_after=None
[2025-04-18T11:55:26.887+0000] {processor.py:208} INFO - Processing /home/airflow/.local/lib/python3.12/site-packages/airflow/example_dags/example_python_operator.py took 1.448 seconds
[2025-04-18T11:56:49.973+0000] {processor.py:186} INFO - Started process (PID=511) to work on /home/airflow/.local/lib/python3.12/site-packages/airflow/example_dags/example_python_operator.py
[2025-04-18T11:56:49.979+0000] {processor.py:914} INFO - Processing file /home/airflow/.local/lib/python3.12/site-packages/airflow/example_dags/example_python_operator.py for tasks to queue
[2025-04-18T11:56:50.028+0000] {logging_mixin.py:190} INFO - [2025-04-18T11:56:50.025+0000] {dagbag.py:588} INFO - Filling up the DagBag from /home/airflow/.local/lib/python3.12/site-packages/airflow/example_dags/example_python_operator.py
[2025-04-18T11:56:50.123+0000] {processor.py:925} INFO - DAG(s) 'example_python_operator' retrieved from /home/airflow/.local/lib/python3.12/site-packages/airflow/example_dags/example_python_operator.py
[2025-04-18T11:56:50.264+0000] {logging_mixin.py:190} INFO - [2025-04-18T11:56:50.263+0000] {dag.py:3239} INFO - Sync 1 DAGs
[2025-04-18T11:56:50.343+0000] {logging_mixin.py:190} INFO - [2025-04-18T11:56:50.343+0000] {dag.py:4180} INFO - Setting next_dagrun for example_python_operator to None, run_after=None
[2025-04-18T11:56:50.562+0000] {processor.py:208} INFO - Processing /home/airflow/.local/lib/python3.12/site-packages/airflow/example_dags/example_python_operator.py took 0.630 seconds
[2025-04-18T11:57:33.577+0000] {processor.py:186} INFO - Started process (PID=569) to work on /home/airflow/.local/lib/python3.12/site-packages/airflow/example_dags/example_python_operator.py
[2025-04-18T11:57:33.582+0000] {processor.py:914} INFO - Processing file /home/airflow/.local/lib/python3.12/site-packages/airflow/example_dags/example_python_operator.py for tasks to queue
[2025-04-18T11:57:33.590+0000] {logging_mixin.py:190} INFO - [2025-04-18T11:57:33.589+0000] {dagbag.py:588} INFO - Filling up the DagBag from /home/airflow/.local/lib/python3.12/site-packages/airflow/example_dags/example_python_operator.py
[2025-04-18T11:57:33.676+0000] {processor.py:925} INFO - DAG(s) 'example_python_operator' retrieved from /home/airflow/.local/lib/python3.12/site-packages/airflow/example_dags/example_python_operator.py
[2025-04-18T11:57:33.852+0000] {logging_mixin.py:190} INFO - [2025-04-18T11:57:33.851+0000] {dag.py:3239} INFO - Sync 1 DAGs
[2025-04-18T11:57:33.928+0000] {logging_mixin.py:190} INFO - [2025-04-18T11:57:33.927+0000] {dag.py:4180} INFO - Setting next_dagrun for example_python_operator to None, run_after=None
[2025-04-18T11:57:34.044+0000] {processor.py:208} INFO - Processing /home/airflow/.local/lib/python3.12/site-packages/airflow/example_dags/example_python_operator.py took 0.495 seconds
[2025-04-18T11:58:17.399+0000] {processor.py:186} INFO - Started process (PID=630) to work on /home/airflow/.local/lib/python3.12/site-packages/airflow/example_dags/example_python_operator.py
[2025-04-18T11:58:17.411+0000] {processor.py:914} INFO - Processing file /home/airflow/.local/lib/python3.12/site-packages/airflow/example_dags/example_python_operator.py for tasks to queue
[2025-04-18T11:58:17.451+0000] {logging_mixin.py:190} INFO - [2025-04-18T11:58:17.450+0000] {dagbag.py:588} INFO - Filling up the DagBag from /home/airflow/.local/lib/python3.12/site-packages/airflow/example_dags/example_python_operator.py
[2025-04-18T11:58:17.505+0000] {processor.py:925} INFO - DAG(s) 'example_python_operator' retrieved from /home/airflow/.local/lib/python3.12/site-packages/airflow/example_dags/example_python_operator.py
[2025-04-18T11:58:17.616+0000] {logging_mixin.py:190} INFO - [2025-04-18T11:58:17.614+0000] {dag.py:3239} INFO - Sync 1 DAGs
[2025-04-18T11:58:17.721+0000] {logging_mixin.py:190} INFO - [2025-04-18T11:58:17.719+0000] {dag.py:4180} INFO - Setting next_dagrun for example_python_operator to None, run_after=None
[2025-04-18T11:58:17.972+0000] {processor.py:208} INFO - Processing /home/airflow/.local/lib/python3.12/site-packages/airflow/example_dags/example_python_operator.py took 0.598 seconds
[2025-04-18T11:59:49.887+0000] {processor.py:186} INFO - Started process (PID=697) to work on /home/airflow/.local/lib/python3.12/site-packages/airflow/example_dags/example_python_operator.py
[2025-04-18T11:59:49.896+0000] {processor.py:914} INFO - Processing file /home/airflow/.local/lib/python3.12/site-packages/airflow/example_dags/example_python_operator.py for tasks to queue
[2025-04-18T11:59:49.914+0000] {logging_mixin.py:190} INFO - [2025-04-18T11:59:49.913+0000] {dagbag.py:588} INFO - Filling up the DagBag from /home/airflow/.local/lib/python3.12/site-packages/airflow/example_dags/example_python_operator.py
[2025-04-18T11:59:50.040+0000] {processor.py:925} INFO - DAG(s) 'example_python_operator' retrieved from /home/airflow/.local/lib/python3.12/site-packages/airflow/example_dags/example_python_operator.py
[2025-04-18T11:59:50.176+0000] {logging_mixin.py:190} INFO - [2025-04-18T11:59:50.175+0000] {dag.py:3239} INFO - Sync 1 DAGs
[2025-04-18T11:59:50.266+0000] {logging_mixin.py:190} INFO - [2025-04-18T11:59:50.263+0000] {dag.py:4180} INFO - Setting next_dagrun for example_python_operator to None, run_after=None
[2025-04-18T11:59:50.469+0000] {processor.py:208} INFO - Processing /home/airflow/.local/lib/python3.12/site-packages/airflow/example_dags/example_python_operator.py took 0.623 seconds
[2025-04-18T12:00:39.722+0000] {processor.py:186} INFO - Started process (PID=743) to work on /home/airflow/.local/lib/python3.12/site-packages/airflow/example_dags/example_python_operator.py
[2025-04-18T12:00:39.738+0000] {processor.py:914} INFO - Processing file /home/airflow/.local/lib/python3.12/site-packages/airflow/example_dags/example_python_operator.py for tasks to queue
[2025-04-18T12:00:39.747+0000] {logging_mixin.py:190} INFO - [2025-04-18T12:00:39.746+0000] {dagbag.py:588} INFO - Filling up the DagBag from /home/airflow/.local/lib/python3.12/site-packages/airflow/example_dags/example_python_operator.py
[2025-04-18T12:00:39.867+0000] {processor.py:925} INFO - DAG(s) 'example_python_operator' retrieved from /home/airflow/.local/lib/python3.12/site-packages/airflow/example_dags/example_python_operator.py
[2025-04-18T12:00:40.242+0000] {logging_mixin.py:190} INFO - [2025-04-18T12:00:40.240+0000] {dag.py:3239} INFO - Sync 1 DAGs
[2025-04-18T12:00:40.437+0000] {logging_mixin.py:190} INFO - [2025-04-18T12:00:40.434+0000] {dag.py:4180} INFO - Setting next_dagrun for example_python_operator to None, run_after=None
[2025-04-18T12:00:41.088+0000] {processor.py:208} INFO - Processing /home/airflow/.local/lib/python3.12/site-packages/airflow/example_dags/example_python_operator.py took 1.420 seconds
[2025-04-18T12:02:20.416+0000] {processor.py:186} INFO - Started process (PID=845) to work on /home/airflow/.local/lib/python3.12/site-packages/airflow/example_dags/example_python_operator.py
[2025-04-18T12:02:20.616+0000] {processor.py:914} INFO - Processing file /home/airflow/.local/lib/python3.12/site-packages/airflow/example_dags/example_python_operator.py for tasks to queue
[2025-04-18T12:02:21.238+0000] {logging_mixin.py:190} INFO - [2025-04-18T12:02:21.230+0000] {dagbag.py:588} INFO - Filling up the DagBag from /home/airflow/.local/lib/python3.12/site-packages/airflow/example_dags/example_python_operator.py
[2025-04-18T12:02:21.294+0000] {processor.py:925} INFO - DAG(s) 'example_python_operator' retrieved from /home/airflow/.local/lib/python3.12/site-packages/airflow/example_dags/example_python_operator.py
[2025-04-18T12:02:21.464+0000] {logging_mixin.py:190} INFO - [2025-04-18T12:02:21.464+0000] {dag.py:3239} INFO - Sync 1 DAGs
[2025-04-18T12:02:21.601+0000] {logging_mixin.py:190} INFO - [2025-04-18T12:02:21.598+0000] {dag.py:4180} INFO - Setting next_dagrun for example_python_operator to None, run_after=None
[2025-04-18T12:02:21.766+0000] {processor.py:208} INFO - Processing /home/airflow/.local/lib/python3.12/site-packages/airflow/example_dags/example_python_operator.py took 1.423 seconds
[2025-04-18T12:03:08.632+0000] {processor.py:186} INFO - Started process (PID=882) to work on /home/airflow/.local/lib/python3.12/site-packages/airflow/example_dags/example_python_operator.py
[2025-04-18T12:03:08.664+0000] {processor.py:914} INFO - Processing file /home/airflow/.local/lib/python3.12/site-packages/airflow/example_dags/example_python_operator.py for tasks to queue
[2025-04-18T12:03:08.681+0000] {logging_mixin.py:190} INFO - [2025-04-18T12:03:08.680+0000] {dagbag.py:588} INFO - Filling up the DagBag from /home/airflow/.local/lib/python3.12/site-packages/airflow/example_dags/example_python_operator.py
[2025-04-18T12:03:08.774+0000] {processor.py:925} INFO - DAG(s) 'example_python_operator' retrieved from /home/airflow/.local/lib/python3.12/site-packages/airflow/example_dags/example_python_operator.py
[2025-04-18T12:03:08.974+0000] {logging_mixin.py:190} INFO - [2025-04-18T12:03:08.973+0000] {dag.py:3239} INFO - Sync 1 DAGs
[2025-04-18T12:03:09.379+0000] {logging_mixin.py:190} INFO - [2025-04-18T12:03:09.362+0000] {dag.py:4180} INFO - Setting next_dagrun for example_python_operator to None, run_after=None
[2025-04-18T12:03:09.850+0000] {processor.py:208} INFO - Processing /home/airflow/.local/lib/python3.12/site-packages/airflow/example_dags/example_python_operator.py took 1.254 seconds
[2025-04-18T12:04:06.758+0000] {processor.py:186} INFO - Started process (PID=934) to work on /home/airflow/.local/lib/python3.12/site-packages/airflow/example_dags/example_python_operator.py
[2025-04-18T12:04:07.172+0000] {processor.py:914} INFO - Processing file /home/airflow/.local/lib/python3.12/site-packages/airflow/example_dags/example_python_operator.py for tasks to queue
[2025-04-18T12:04:07.252+0000] {logging_mixin.py:190} INFO - [2025-04-18T12:04:07.221+0000] {dagbag.py:588} INFO - Filling up the DagBag from /home/airflow/.local/lib/python3.12/site-packages/airflow/example_dags/example_python_operator.py
[2025-04-18T12:04:07.305+0000] {processor.py:925} INFO - DAG(s) 'example_python_operator' retrieved from /home/airflow/.local/lib/python3.12/site-packages/airflow/example_dags/example_python_operator.py
[2025-04-18T12:04:07.868+0000] {logging_mixin.py:190} INFO - [2025-04-18T12:04:07.851+0000] {dag.py:3239} INFO - Sync 1 DAGs
[2025-04-18T12:04:08.124+0000] {logging_mixin.py:190} INFO - [2025-04-18T12:04:08.124+0000] {dag.py:4180} INFO - Setting next_dagrun for example_python_operator to None, run_after=None
[2025-04-18T12:04:08.619+0000] {processor.py:208} INFO - Processing /home/airflow/.local/lib/python3.12/site-packages/airflow/example_dags/example_python_operator.py took 1.928 seconds
[2025-04-18T12:05:07.391+0000] {processor.py:186} INFO - Started process (PID=1006) to work on /home/airflow/.local/lib/python3.12/site-packages/airflow/example_dags/example_python_operator.py
[2025-04-18T12:05:07.398+0000] {processor.py:914} INFO - Processing file /home/airflow/.local/lib/python3.12/site-packages/airflow/example_dags/example_python_operator.py for tasks to queue
[2025-04-18T12:05:07.404+0000] {logging_mixin.py:190} INFO - [2025-04-18T12:05:07.402+0000] {dagbag.py:588} INFO - Filling up the DagBag from /home/airflow/.local/lib/python3.12/site-packages/airflow/example_dags/example_python_operator.py
[2025-04-18T12:05:07.482+0000] {processor.py:925} INFO - DAG(s) 'example_python_operator' retrieved from /home/airflow/.local/lib/python3.12/site-packages/airflow/example_dags/example_python_operator.py
[2025-04-18T12:05:07.707+0000] {logging_mixin.py:190} INFO - [2025-04-18T12:05:07.704+0000] {dag.py:3239} INFO - Sync 1 DAGs
[2025-04-18T12:05:08.041+0000] {logging_mixin.py:190} INFO - [2025-04-18T12:05:08.033+0000] {dag.py:4180} INFO - Setting next_dagrun for example_python_operator to None, run_after=None
[2025-04-18T12:05:08.421+0000] {processor.py:208} INFO - Processing /home/airflow/.local/lib/python3.12/site-packages/airflow/example_dags/example_python_operator.py took 1.049 seconds
[2025-04-18T12:06:15.484+0000] {processor.py:186} INFO - Started process (PID=1076) to work on /home/airflow/.local/lib/python3.12/site-packages/airflow/example_dags/example_python_operator.py
[2025-04-18T12:06:15.511+0000] {processor.py:914} INFO - Processing file /home/airflow/.local/lib/python3.12/site-packages/airflow/example_dags/example_python_operator.py for tasks to queue
[2025-04-18T12:06:15.551+0000] {logging_mixin.py:190} INFO - [2025-04-18T12:06:15.546+0000] {dagbag.py:588} INFO - Filling up the DagBag from /home/airflow/.local/lib/python3.12/site-packages/airflow/example_dags/example_python_operator.py
[2025-04-18T12:06:15.679+0000] {processor.py:925} INFO - DAG(s) 'example_python_operator' retrieved from /home/airflow/.local/lib/python3.12/site-packages/airflow/example_dags/example_python_operator.py
[2025-04-18T12:06:19.019+0000] {logging_mixin.py:190} INFO - [2025-04-18T12:06:19.018+0000] {process_utils.py:266} INFO - Waiting up to 5 seconds for processes to exit...
[2025-04-18T17:37:22.328+0000] {processor.py:186} INFO - Started process (PID=103) to work on /home/airflow/.local/lib/python3.12/site-packages/airflow/example_dags/example_python_operator.py
[2025-04-18T17:37:22.334+0000] {processor.py:914} INFO - Processing file /home/airflow/.local/lib/python3.12/site-packages/airflow/example_dags/example_python_operator.py for tasks to queue
[2025-04-18T17:37:22.342+0000] {logging_mixin.py:190} INFO - [2025-04-18T17:37:22.341+0000] {dagbag.py:588} INFO - Filling up the DagBag from /home/airflow/.local/lib/python3.12/site-packages/airflow/example_dags/example_python_operator.py
[2025-04-18T17:37:22.390+0000] {processor.py:925} INFO - DAG(s) 'example_python_operator' retrieved from /home/airflow/.local/lib/python3.12/site-packages/airflow/example_dags/example_python_operator.py
[2025-04-18T17:37:23.031+0000] {logging_mixin.py:190} INFO - [2025-04-18T17:37:23.028+0000] {dag.py:3239} INFO - Sync 1 DAGs
[2025-04-18T17:37:23.108+0000] {logging_mixin.py:190} INFO - [2025-04-18T17:37:23.106+0000] {dag.py:4180} INFO - Setting next_dagrun for example_python_operator to None, run_after=None
[2025-04-18T17:37:23.288+0000] {processor.py:208} INFO - Processing /home/airflow/.local/lib/python3.12/site-packages/airflow/example_dags/example_python_operator.py took 0.990 seconds
[2025-04-18T17:37:53.798+0000] {processor.py:186} INFO - Started process (PID=166) to work on /home/airflow/.local/lib/python3.12/site-packages/airflow/example_dags/example_python_operator.py
[2025-04-18T17:37:53.808+0000] {processor.py:914} INFO - Processing file /home/airflow/.local/lib/python3.12/site-packages/airflow/example_dags/example_python_operator.py for tasks to queue
[2025-04-18T17:37:53.835+0000] {logging_mixin.py:190} INFO - [2025-04-18T17:37:53.833+0000] {dagbag.py:588} INFO - Filling up the DagBag from /home/airflow/.local/lib/python3.12/site-packages/airflow/example_dags/example_python_operator.py
[2025-04-18T17:37:53.908+0000] {processor.py:925} INFO - DAG(s) 'example_python_operator' retrieved from /home/airflow/.local/lib/python3.12/site-packages/airflow/example_dags/example_python_operator.py
[2025-04-18T17:37:54.105+0000] {logging_mixin.py:190} INFO - [2025-04-18T17:37:54.104+0000] {dag.py:3239} INFO - Sync 1 DAGs
[2025-04-18T17:37:54.200+0000] {logging_mixin.py:190} INFO - [2025-04-18T17:37:54.199+0000] {dag.py:4180} INFO - Setting next_dagrun for example_python_operator to None, run_after=None
[2025-04-18T17:37:54.336+0000] {processor.py:208} INFO - Processing /home/airflow/.local/lib/python3.12/site-packages/airflow/example_dags/example_python_operator.py took 0.566 seconds
[2025-04-18T17:38:24.982+0000] {processor.py:186} INFO - Started process (PID=230) to work on /home/airflow/.local/lib/python3.12/site-packages/airflow/example_dags/example_python_operator.py
[2025-04-18T17:38:24.985+0000] {processor.py:914} INFO - Processing file /home/airflow/.local/lib/python3.12/site-packages/airflow/example_dags/example_python_operator.py for tasks to queue
[2025-04-18T17:38:24.992+0000] {logging_mixin.py:190} INFO - [2025-04-18T17:38:24.990+0000] {dagbag.py:588} INFO - Filling up the DagBag from /home/airflow/.local/lib/python3.12/site-packages/airflow/example_dags/example_python_operator.py
[2025-04-18T17:38:25.017+0000] {processor.py:925} INFO - DAG(s) 'example_python_operator' retrieved from /home/airflow/.local/lib/python3.12/site-packages/airflow/example_dags/example_python_operator.py
[2025-04-18T17:38:25.061+0000] {logging_mixin.py:190} INFO - [2025-04-18T17:38:25.061+0000] {dag.py:3239} INFO - Sync 1 DAGs
[2025-04-18T17:38:25.089+0000] {logging_mixin.py:190} INFO - [2025-04-18T17:38:25.088+0000] {dag.py:4180} INFO - Setting next_dagrun for example_python_operator to None, run_after=None
[2025-04-18T17:38:25.131+0000] {processor.py:208} INFO - Processing /home/airflow/.local/lib/python3.12/site-packages/airflow/example_dags/example_python_operator.py took 0.160 seconds
[2025-04-18T17:38:55.316+0000] {processor.py:186} INFO - Started process (PID=294) to work on /home/airflow/.local/lib/python3.12/site-packages/airflow/example_dags/example_python_operator.py
[2025-04-18T17:38:55.318+0000] {processor.py:914} INFO - Processing file /home/airflow/.local/lib/python3.12/site-packages/airflow/example_dags/example_python_operator.py for tasks to queue
[2025-04-18T17:38:55.323+0000] {logging_mixin.py:190} INFO - [2025-04-18T17:38:55.322+0000] {dagbag.py:588} INFO - Filling up the DagBag from /home/airflow/.local/lib/python3.12/site-packages/airflow/example_dags/example_python_operator.py
[2025-04-18T17:38:55.345+0000] {processor.py:925} INFO - DAG(s) 'example_python_operator' retrieved from /home/airflow/.local/lib/python3.12/site-packages/airflow/example_dags/example_python_operator.py
[2025-04-18T17:38:55.385+0000] {logging_mixin.py:190} INFO - [2025-04-18T17:38:55.385+0000] {dag.py:3239} INFO - Sync 1 DAGs
[2025-04-18T17:38:55.414+0000] {logging_mixin.py:190} INFO - [2025-04-18T17:38:55.414+0000] {dag.py:4180} INFO - Setting next_dagrun for example_python_operator to None, run_after=None
[2025-04-18T17:38:55.453+0000] {processor.py:208} INFO - Processing /home/airflow/.local/lib/python3.12/site-packages/airflow/example_dags/example_python_operator.py took 0.148 seconds
[2025-04-18T17:39:26.169+0000] {processor.py:186} INFO - Started process (PID=358) to work on /home/airflow/.local/lib/python3.12/site-packages/airflow/example_dags/example_python_operator.py
[2025-04-18T17:39:26.173+0000] {processor.py:914} INFO - Processing file /home/airflow/.local/lib/python3.12/site-packages/airflow/example_dags/example_python_operator.py for tasks to queue
[2025-04-18T17:39:26.188+0000] {logging_mixin.py:190} INFO - [2025-04-18T17:39:26.187+0000] {dagbag.py:588} INFO - Filling up the DagBag from /home/airflow/.local/lib/python3.12/site-packages/airflow/example_dags/example_python_operator.py
[2025-04-18T17:39:26.230+0000] {processor.py:925} INFO - DAG(s) 'example_python_operator' retrieved from /home/airflow/.local/lib/python3.12/site-packages/airflow/example_dags/example_python_operator.py
[2025-04-18T17:39:26.349+0000] {logging_mixin.py:190} INFO - [2025-04-18T17:39:26.348+0000] {dag.py:3239} INFO - Sync 1 DAGs
[2025-04-18T17:39:26.421+0000] {logging_mixin.py:190} INFO - [2025-04-18T17:39:26.420+0000] {dag.py:4180} INFO - Setting next_dagrun for example_python_operator to None, run_after=None
[2025-04-18T17:39:26.529+0000] {processor.py:208} INFO - Processing /home/airflow/.local/lib/python3.12/site-packages/airflow/example_dags/example_python_operator.py took 0.385 seconds
[2025-04-18T17:39:57.305+0000] {processor.py:186} INFO - Started process (PID=421) to work on /home/airflow/.local/lib/python3.12/site-packages/airflow/example_dags/example_python_operator.py
[2025-04-18T17:39:57.313+0000] {processor.py:914} INFO - Processing file /home/airflow/.local/lib/python3.12/site-packages/airflow/example_dags/example_python_operator.py for tasks to queue
[2025-04-18T17:39:57.345+0000] {logging_mixin.py:190} INFO - [2025-04-18T17:39:57.342+0000] {dagbag.py:588} INFO - Filling up the DagBag from /home/airflow/.local/lib/python3.12/site-packages/airflow/example_dags/example_python_operator.py
[2025-04-18T17:39:57.396+0000] {processor.py:925} INFO - DAG(s) 'example_python_operator' retrieved from /home/airflow/.local/lib/python3.12/site-packages/airflow/example_dags/example_python_operator.py
[2025-04-18T17:39:57.526+0000] {logging_mixin.py:190} INFO - [2025-04-18T17:39:57.524+0000] {dag.py:3239} INFO - Sync 1 DAGs
[2025-04-18T17:39:57.595+0000] {logging_mixin.py:190} INFO - [2025-04-18T17:39:57.594+0000] {dag.py:4180} INFO - Setting next_dagrun for example_python_operator to None, run_after=None
[2025-04-18T17:39:57.753+0000] {processor.py:208} INFO - Processing /home/airflow/.local/lib/python3.12/site-packages/airflow/example_dags/example_python_operator.py took 0.471 seconds
[2025-04-18T17:40:30.707+0000] {processor.py:186} INFO - Started process (PID=484) to work on /home/airflow/.local/lib/python3.12/site-packages/airflow/example_dags/example_python_operator.py
[2025-04-18T17:40:30.716+0000] {processor.py:914} INFO - Processing file /home/airflow/.local/lib/python3.12/site-packages/airflow/example_dags/example_python_operator.py for tasks to queue
[2025-04-18T17:40:30.730+0000] {logging_mixin.py:190} INFO - [2025-04-18T17:40:30.729+0000] {dagbag.py:588} INFO - Filling up the DagBag from /home/airflow/.local/lib/python3.12/site-packages/airflow/example_dags/example_python_operator.py
[2025-04-18T17:40:30.775+0000] {processor.py:925} INFO - DAG(s) 'example_python_operator' retrieved from /home/airflow/.local/lib/python3.12/site-packages/airflow/example_dags/example_python_operator.py
[2025-04-18T17:40:30.883+0000] {logging_mixin.py:190} INFO - [2025-04-18T17:40:30.882+0000] {dag.py:3239} INFO - Sync 1 DAGs
[2025-04-18T17:40:30.948+0000] {logging_mixin.py:190} INFO - [2025-04-18T17:40:30.947+0000] {dag.py:4180} INFO - Setting next_dagrun for example_python_operator to None, run_after=None
[2025-04-18T17:40:31.075+0000] {processor.py:208} INFO - Processing /home/airflow/.local/lib/python3.12/site-packages/airflow/example_dags/example_python_operator.py took 0.387 seconds
[2025-04-18T17:41:01.793+0000] {processor.py:186} INFO - Started process (PID=548) to work on /home/airflow/.local/lib/python3.12/site-packages/airflow/example_dags/example_python_operator.py
[2025-04-18T17:41:01.800+0000] {processor.py:914} INFO - Processing file /home/airflow/.local/lib/python3.12/site-packages/airflow/example_dags/example_python_operator.py for tasks to queue
[2025-04-18T17:41:01.809+0000] {logging_mixin.py:190} INFO - [2025-04-18T17:41:01.807+0000] {dagbag.py:588} INFO - Filling up the DagBag from /home/airflow/.local/lib/python3.12/site-packages/airflow/example_dags/example_python_operator.py
[2025-04-18T17:41:01.853+0000] {processor.py:925} INFO - DAG(s) 'example_python_operator' retrieved from /home/airflow/.local/lib/python3.12/site-packages/airflow/example_dags/example_python_operator.py
[2025-04-18T17:41:01.978+0000] {logging_mixin.py:190} INFO - [2025-04-18T17:41:01.976+0000] {dag.py:3239} INFO - Sync 1 DAGs
[2025-04-18T17:41:02.062+0000] {logging_mixin.py:190} INFO - [2025-04-18T17:41:02.061+0000] {dag.py:4180} INFO - Setting next_dagrun for example_python_operator to None, run_after=None
[2025-04-18T17:41:02.221+0000] {processor.py:208} INFO - Processing /home/airflow/.local/lib/python3.12/site-packages/airflow/example_dags/example_python_operator.py took 0.446 seconds
[2025-04-18T17:41:34.281+0000] {processor.py:186} INFO - Started process (PID=612) to work on /home/airflow/.local/lib/python3.12/site-packages/airflow/example_dags/example_python_operator.py
[2025-04-18T17:41:34.285+0000] {processor.py:914} INFO - Processing file /home/airflow/.local/lib/python3.12/site-packages/airflow/example_dags/example_python_operator.py for tasks to queue
[2025-04-18T17:41:34.294+0000] {logging_mixin.py:190} INFO - [2025-04-18T17:41:34.292+0000] {dagbag.py:588} INFO - Filling up the DagBag from /home/airflow/.local/lib/python3.12/site-packages/airflow/example_dags/example_python_operator.py
[2025-04-18T17:41:34.335+0000] {processor.py:925} INFO - DAG(s) 'example_python_operator' retrieved from /home/airflow/.local/lib/python3.12/site-packages/airflow/example_dags/example_python_operator.py
[2025-04-18T17:41:34.442+0000] {logging_mixin.py:190} INFO - [2025-04-18T17:41:34.441+0000] {dag.py:3239} INFO - Sync 1 DAGs
[2025-04-18T17:41:34.491+0000] {logging_mixin.py:190} INFO - [2025-04-18T17:41:34.490+0000] {dag.py:4180} INFO - Setting next_dagrun for example_python_operator to None, run_after=None
[2025-04-18T17:41:34.595+0000] {processor.py:208} INFO - Processing /home/airflow/.local/lib/python3.12/site-packages/airflow/example_dags/example_python_operator.py took 0.331 seconds
[2025-04-18T17:42:09.531+0000] {processor.py:186} INFO - Started process (PID=665) to work on /home/airflow/.local/lib/python3.12/site-packages/airflow/example_dags/example_python_operator.py
[2025-04-18T17:42:09.537+0000] {processor.py:914} INFO - Processing file /home/airflow/.local/lib/python3.12/site-packages/airflow/example_dags/example_python_operator.py for tasks to queue
[2025-04-18T17:42:09.547+0000] {logging_mixin.py:190} INFO - [2025-04-18T17:42:09.545+0000] {dagbag.py:588} INFO - Filling up the DagBag from /home/airflow/.local/lib/python3.12/site-packages/airflow/example_dags/example_python_operator.py
[2025-04-18T17:42:09.593+0000] {processor.py:925} INFO - DAG(s) 'example_python_operator' retrieved from /home/airflow/.local/lib/python3.12/site-packages/airflow/example_dags/example_python_operator.py
[2025-04-18T17:42:09.653+0000] {logging_mixin.py:190} INFO - [2025-04-18T17:42:09.652+0000] {dag.py:3239} INFO - Sync 1 DAGs
[2025-04-18T17:42:09.694+0000] {logging_mixin.py:190} INFO - [2025-04-18T17:42:09.693+0000] {dag.py:4180} INFO - Setting next_dagrun for example_python_operator to None, run_after=None
[2025-04-18T17:42:09.751+0000] {processor.py:208} INFO - Processing /home/airflow/.local/lib/python3.12/site-packages/airflow/example_dags/example_python_operator.py took 0.240 seconds
[2025-04-18T17:42:40.641+0000] {processor.py:186} INFO - Started process (PID=729) to work on /home/airflow/.local/lib/python3.12/site-packages/airflow/example_dags/example_python_operator.py
[2025-04-18T17:42:40.644+0000] {processor.py:914} INFO - Processing file /home/airflow/.local/lib/python3.12/site-packages/airflow/example_dags/example_python_operator.py for tasks to queue
[2025-04-18T17:42:40.651+0000] {logging_mixin.py:190} INFO - [2025-04-18T17:42:40.650+0000] {dagbag.py:588} INFO - Filling up the DagBag from /home/airflow/.local/lib/python3.12/site-packages/airflow/example_dags/example_python_operator.py
[2025-04-18T17:42:40.689+0000] {processor.py:925} INFO - DAG(s) 'example_python_operator' retrieved from /home/airflow/.local/lib/python3.12/site-packages/airflow/example_dags/example_python_operator.py
[2025-04-18T17:42:40.750+0000] {logging_mixin.py:190} INFO - [2025-04-18T17:42:40.749+0000] {dag.py:3239} INFO - Sync 1 DAGs
[2025-04-18T17:42:40.792+0000] {logging_mixin.py:190} INFO - [2025-04-18T17:42:40.792+0000] {dag.py:4180} INFO - Setting next_dagrun for example_python_operator to None, run_after=None
[2025-04-18T17:42:40.862+0000] {processor.py:208} INFO - Processing /home/airflow/.local/lib/python3.12/site-packages/airflow/example_dags/example_python_operator.py took 0.236 seconds
[2025-04-18T17:43:17.571+0000] {processor.py:186} INFO - Started process (PID=791) to work on /home/airflow/.local/lib/python3.12/site-packages/airflow/example_dags/example_python_operator.py
[2025-04-18T17:43:17.575+0000] {processor.py:914} INFO - Processing file /home/airflow/.local/lib/python3.12/site-packages/airflow/example_dags/example_python_operator.py for tasks to queue
[2025-04-18T17:43:17.582+0000] {logging_mixin.py:190} INFO - [2025-04-18T17:43:17.581+0000] {dagbag.py:588} INFO - Filling up the DagBag from /home/airflow/.local/lib/python3.12/site-packages/airflow/example_dags/example_python_operator.py
[2025-04-18T17:43:17.616+0000] {processor.py:925} INFO - DAG(s) 'example_python_operator' retrieved from /home/airflow/.local/lib/python3.12/site-packages/airflow/example_dags/example_python_operator.py
[2025-04-18T17:43:17.670+0000] {logging_mixin.py:190} INFO - [2025-04-18T17:43:17.669+0000] {dag.py:3239} INFO - Sync 1 DAGs
[2025-04-18T17:43:17.708+0000] {logging_mixin.py:190} INFO - [2025-04-18T17:43:17.707+0000] {dag.py:4180} INFO - Setting next_dagrun for example_python_operator to None, run_after=None
[2025-04-18T17:43:17.766+0000] {processor.py:208} INFO - Processing /home/airflow/.local/lib/python3.12/site-packages/airflow/example_dags/example_python_operator.py took 0.210 seconds
[2025-04-18T17:43:48.587+0000] {processor.py:186} INFO - Started process (PID=855) to work on /home/airflow/.local/lib/python3.12/site-packages/airflow/example_dags/example_python_operator.py
[2025-04-18T17:43:48.597+0000] {processor.py:914} INFO - Processing file /home/airflow/.local/lib/python3.12/site-packages/airflow/example_dags/example_python_operator.py for tasks to queue
[2025-04-18T17:43:48.604+0000] {logging_mixin.py:190} INFO - [2025-04-18T17:43:48.603+0000] {dagbag.py:588} INFO - Filling up the DagBag from /home/airflow/.local/lib/python3.12/site-packages/airflow/example_dags/example_python_operator.py
[2025-04-18T17:43:48.667+0000] {processor.py:925} INFO - DAG(s) 'example_python_operator' retrieved from /home/airflow/.local/lib/python3.12/site-packages/airflow/example_dags/example_python_operator.py
[2025-04-18T17:43:48.758+0000] {logging_mixin.py:190} INFO - [2025-04-18T17:43:48.757+0000] {dag.py:3239} INFO - Sync 1 DAGs
[2025-04-18T17:43:48.853+0000] {logging_mixin.py:190} INFO - [2025-04-18T17:43:48.852+0000] {dag.py:4180} INFO - Setting next_dagrun for example_python_operator to None, run_after=None
[2025-04-18T17:43:48.956+0000] {processor.py:208} INFO - Processing /home/airflow/.local/lib/python3.12/site-packages/airflow/example_dags/example_python_operator.py took 0.411 seconds
[2025-04-18T17:44:21.784+0000] {processor.py:186} INFO - Started process (PID=928) to work on /home/airflow/.local/lib/python3.12/site-packages/airflow/example_dags/example_python_operator.py
[2025-04-18T17:44:21.791+0000] {processor.py:914} INFO - Processing file /home/airflow/.local/lib/python3.12/site-packages/airflow/example_dags/example_python_operator.py for tasks to queue
[2025-04-18T17:44:21.810+0000] {logging_mixin.py:190} INFO - [2025-04-18T17:44:21.808+0000] {dagbag.py:588} INFO - Filling up the DagBag from /home/airflow/.local/lib/python3.12/site-packages/airflow/example_dags/example_python_operator.py
[2025-04-18T17:44:21.882+0000] {processor.py:925} INFO - DAG(s) 'example_python_operator' retrieved from /home/airflow/.local/lib/python3.12/site-packages/airflow/example_dags/example_python_operator.py
[2025-04-18T17:44:22.025+0000] {logging_mixin.py:190} INFO - [2025-04-18T17:44:22.023+0000] {dag.py:3239} INFO - Sync 1 DAGs
[2025-04-18T17:44:22.113+0000] {logging_mixin.py:190} INFO - [2025-04-18T17:44:22.112+0000] {dag.py:4180} INFO - Setting next_dagrun for example_python_operator to None, run_after=None
[2025-04-18T17:44:22.269+0000] {processor.py:208} INFO - Processing /home/airflow/.local/lib/python3.12/site-packages/airflow/example_dags/example_python_operator.py took 0.514 seconds
[2025-04-18T17:44:57.328+0000] {processor.py:186} INFO - Started process (PID=992) to work on /home/airflow/.local/lib/python3.12/site-packages/airflow/example_dags/example_python_operator.py
[2025-04-18T17:44:57.335+0000] {processor.py:914} INFO - Processing file /home/airflow/.local/lib/python3.12/site-packages/airflow/example_dags/example_python_operator.py for tasks to queue
[2025-04-18T17:44:57.346+0000] {logging_mixin.py:190} INFO - [2025-04-18T17:44:57.345+0000] {dagbag.py:588} INFO - Filling up the DagBag from /home/airflow/.local/lib/python3.12/site-packages/airflow/example_dags/example_python_operator.py
[2025-04-18T17:44:57.399+0000] {processor.py:925} INFO - DAG(s) 'example_python_operator' retrieved from /home/airflow/.local/lib/python3.12/site-packages/airflow/example_dags/example_python_operator.py
[2025-04-18T17:44:57.501+0000] {logging_mixin.py:190} INFO - [2025-04-18T17:44:57.500+0000] {dag.py:3239} INFO - Sync 1 DAGs
[2025-04-18T17:44:57.571+0000] {logging_mixin.py:190} INFO - [2025-04-18T17:44:57.570+0000] {dag.py:4180} INFO - Setting next_dagrun for example_python_operator to None, run_after=None
[2025-04-18T17:44:57.680+0000] {processor.py:208} INFO - Processing /home/airflow/.local/lib/python3.12/site-packages/airflow/example_dags/example_python_operator.py took 0.373 seconds
[2025-04-18T17:45:28.002+0000] {processor.py:186} INFO - Started process (PID=1056) to work on /home/airflow/.local/lib/python3.12/site-packages/airflow/example_dags/example_python_operator.py
[2025-04-18T17:45:28.005+0000] {processor.py:914} INFO - Processing file /home/airflow/.local/lib/python3.12/site-packages/airflow/example_dags/example_python_operator.py for tasks to queue
[2025-04-18T17:45:28.011+0000] {logging_mixin.py:190} INFO - [2025-04-18T17:45:28.010+0000] {dagbag.py:588} INFO - Filling up the DagBag from /home/airflow/.local/lib/python3.12/site-packages/airflow/example_dags/example_python_operator.py
[2025-04-18T17:45:28.042+0000] {processor.py:925} INFO - DAG(s) 'example_python_operator' retrieved from /home/airflow/.local/lib/python3.12/site-packages/airflow/example_dags/example_python_operator.py
[2025-04-18T17:45:28.104+0000] {logging_mixin.py:190} INFO - [2025-04-18T17:45:28.103+0000] {dag.py:3239} INFO - Sync 1 DAGs
[2025-04-18T17:45:28.176+0000] {logging_mixin.py:190} INFO - [2025-04-18T17:45:28.175+0000] {dag.py:4180} INFO - Setting next_dagrun for example_python_operator to None, run_after=None
[2025-04-18T17:45:28.230+0000] {processor.py:208} INFO - Processing /home/airflow/.local/lib/python3.12/site-packages/airflow/example_dags/example_python_operator.py took 0.244 seconds
[2025-04-18T17:45:58.757+0000] {processor.py:186} INFO - Started process (PID=1120) to work on /home/airflow/.local/lib/python3.12/site-packages/airflow/example_dags/example_python_operator.py
[2025-04-18T17:45:58.761+0000] {processor.py:914} INFO - Processing file /home/airflow/.local/lib/python3.12/site-packages/airflow/example_dags/example_python_operator.py for tasks to queue
[2025-04-18T17:45:58.767+0000] {logging_mixin.py:190} INFO - [2025-04-18T17:45:58.766+0000] {dagbag.py:588} INFO - Filling up the DagBag from /home/airflow/.local/lib/python3.12/site-packages/airflow/example_dags/example_python_operator.py
[2025-04-18T17:45:58.809+0000] {processor.py:925} INFO - DAG(s) 'example_python_operator' retrieved from /home/airflow/.local/lib/python3.12/site-packages/airflow/example_dags/example_python_operator.py
[2025-04-18T17:45:58.854+0000] {logging_mixin.py:190} INFO - [2025-04-18T17:45:58.853+0000] {dag.py:3239} INFO - Sync 1 DAGs
[2025-04-18T17:45:58.879+0000] {logging_mixin.py:190} INFO - [2025-04-18T17:45:58.879+0000] {dag.py:4180} INFO - Setting next_dagrun for example_python_operator to None, run_after=None
[2025-04-18T17:45:58.916+0000] {processor.py:208} INFO - Processing /home/airflow/.local/lib/python3.12/site-packages/airflow/example_dags/example_python_operator.py took 0.176 seconds
[2025-04-18T17:46:30.214+0000] {processor.py:186} INFO - Started process (PID=1182) to work on /home/airflow/.local/lib/python3.12/site-packages/airflow/example_dags/example_python_operator.py
[2025-04-18T17:46:30.219+0000] {processor.py:914} INFO - Processing file /home/airflow/.local/lib/python3.12/site-packages/airflow/example_dags/example_python_operator.py for tasks to queue
[2025-04-18T17:46:30.233+0000] {logging_mixin.py:190} INFO - [2025-04-18T17:46:30.232+0000] {dagbag.py:588} INFO - Filling up the DagBag from /home/airflow/.local/lib/python3.12/site-packages/airflow/example_dags/example_python_operator.py
[2025-04-18T17:46:30.272+0000] {processor.py:925} INFO - DAG(s) 'example_python_operator' retrieved from /home/airflow/.local/lib/python3.12/site-packages/airflow/example_dags/example_python_operator.py
[2025-04-18T17:46:30.397+0000] {logging_mixin.py:190} INFO - [2025-04-18T17:46:30.397+0000] {dag.py:3239} INFO - Sync 1 DAGs
[2025-04-18T17:46:30.466+0000] {logging_mixin.py:190} INFO - [2025-04-18T17:46:30.466+0000] {dag.py:4180} INFO - Setting next_dagrun for example_python_operator to None, run_after=None
[2025-04-18T17:46:30.602+0000] {processor.py:208} INFO - Processing /home/airflow/.local/lib/python3.12/site-packages/airflow/example_dags/example_python_operator.py took 0.409 seconds
[2025-04-18T17:47:03.953+0000] {processor.py:186} INFO - Started process (PID=1246) to work on /home/airflow/.local/lib/python3.12/site-packages/airflow/example_dags/example_python_operator.py
[2025-04-18T17:47:03.962+0000] {processor.py:914} INFO - Processing file /home/airflow/.local/lib/python3.12/site-packages/airflow/example_dags/example_python_operator.py for tasks to queue
[2025-04-18T17:47:03.979+0000] {logging_mixin.py:190} INFO - [2025-04-18T17:47:03.977+0000] {dagbag.py:588} INFO - Filling up the DagBag from /home/airflow/.local/lib/python3.12/site-packages/airflow/example_dags/example_python_operator.py
[2025-04-18T17:47:04.027+0000] {processor.py:925} INFO - DAG(s) 'example_python_operator' retrieved from /home/airflow/.local/lib/python3.12/site-packages/airflow/example_dags/example_python_operator.py
[2025-04-18T17:47:04.154+0000] {logging_mixin.py:190} INFO - [2025-04-18T17:47:04.152+0000] {dag.py:3239} INFO - Sync 1 DAGs
[2025-04-18T17:47:04.230+0000] {logging_mixin.py:190} INFO - [2025-04-18T17:47:04.229+0000] {dag.py:4180} INFO - Setting next_dagrun for example_python_operator to None, run_after=None
[2025-04-18T17:47:04.342+0000] {processor.py:208} INFO - Processing /home/airflow/.local/lib/python3.12/site-packages/airflow/example_dags/example_python_operator.py took 0.413 seconds
[2025-04-18T17:47:34.626+0000] {processor.py:186} INFO - Started process (PID=1310) to work on /home/airflow/.local/lib/python3.12/site-packages/airflow/example_dags/example_python_operator.py
[2025-04-18T17:47:34.630+0000] {processor.py:914} INFO - Processing file /home/airflow/.local/lib/python3.12/site-packages/airflow/example_dags/example_python_operator.py for tasks to queue
[2025-04-18T17:47:34.639+0000] {logging_mixin.py:190} INFO - [2025-04-18T17:47:34.638+0000] {dagbag.py:588} INFO - Filling up the DagBag from /home/airflow/.local/lib/python3.12/site-packages/airflow/example_dags/example_python_operator.py
[2025-04-18T17:47:34.690+0000] {processor.py:925} INFO - DAG(s) 'example_python_operator' retrieved from /home/airflow/.local/lib/python3.12/site-packages/airflow/example_dags/example_python_operator.py
[2025-04-18T17:47:34.793+0000] {logging_mixin.py:190} INFO - [2025-04-18T17:47:34.792+0000] {dag.py:3239} INFO - Sync 1 DAGs
[2025-04-18T17:47:34.844+0000] {logging_mixin.py:190} INFO - [2025-04-18T17:47:34.843+0000] {dag.py:4180} INFO - Setting next_dagrun for example_python_operator to None, run_after=None
[2025-04-18T17:47:34.957+0000] {processor.py:208} INFO - Processing /home/airflow/.local/lib/python3.12/site-packages/airflow/example_dags/example_python_operator.py took 0.349 seconds
[2025-04-18T17:48:11.000+0000] {processor.py:186} INFO - Started process (PID=1370) to work on /home/airflow/.local/lib/python3.12/site-packages/airflow/example_dags/example_python_operator.py
[2025-04-18T17:48:11.005+0000] {processor.py:914} INFO - Processing file /home/airflow/.local/lib/python3.12/site-packages/airflow/example_dags/example_python_operator.py for tasks to queue
[2025-04-18T17:48:11.012+0000] {logging_mixin.py:190} INFO - [2025-04-18T17:48:11.011+0000] {dagbag.py:588} INFO - Filling up the DagBag from /home/airflow/.local/lib/python3.12/site-packages/airflow/example_dags/example_python_operator.py
[2025-04-18T17:48:11.050+0000] {processor.py:925} INFO - DAG(s) 'example_python_operator' retrieved from /home/airflow/.local/lib/python3.12/site-packages/airflow/example_dags/example_python_operator.py
[2025-04-18T17:48:11.114+0000] {logging_mixin.py:190} INFO - [2025-04-18T17:48:11.114+0000] {dag.py:3239} INFO - Sync 1 DAGs
[2025-04-18T17:48:11.179+0000] {logging_mixin.py:190} INFO - [2025-04-18T17:48:11.179+0000] {dag.py:4180} INFO - Setting next_dagrun for example_python_operator to None, run_after=None
[2025-04-18T17:48:11.315+0000] {processor.py:208} INFO - Processing /home/airflow/.local/lib/python3.12/site-packages/airflow/example_dags/example_python_operator.py took 0.329 seconds
