[2025-04-18T11:50:42.156+0000] {processor.py:186} INFO - Started process (PID=151) to work on /home/airflow/.local/lib/python3.12/site-packages/airflow/example_dags/example_display_name.py
[2025-04-18T11:50:42.165+0000] {processor.py:914} INFO - Processing file /home/airflow/.local/lib/python3.12/site-packages/airflow/example_dags/example_display_name.py for tasks to queue
[2025-04-18T11:50:42.183+0000] {logging_mixin.py:190} INFO - [2025-04-18T11:50:42.178+0000] {dagbag.py:588} INFO - Filling up the DagBag from /home/airflow/.local/lib/python3.12/site-packages/airflow/example_dags/example_display_name.py
[2025-04-18T11:50:42.247+0000] {processor.py:925} INFO - DAG(s) 'example_display_name' retrieved from /home/airflow/.local/lib/python3.12/site-packages/airflow/example_dags/example_display_name.py
[2025-04-18T11:50:43.607+0000] {logging_mixin.py:190} INFO - [2025-04-18T11:50:43.604+0000] {override.py:1912} INFO - Created Permission View: can delete on DAG:example_display_name
[2025-04-18T11:50:43.891+0000] {logging_mixin.py:190} INFO - [2025-04-18T11:50:43.882+0000] {override.py:1912} INFO - Created Permission View: can read on DAG:example_display_name
[2025-04-18T11:50:44.010+0000] {logging_mixin.py:190} INFO - [2025-04-18T11:50:44.004+0000] {override.py:1912} INFO - Created Permission View: can edit on DAG:example_display_name
[2025-04-18T11:50:44.118+0000] {logging_mixin.py:190} INFO - [2025-04-18T11:50:44.115+0000] {override.py:1912} INFO - Created Permission View: can read on DAG Run:example_display_name
[2025-04-18T11:50:44.338+0000] {logging_mixin.py:190} INFO - [2025-04-18T11:50:44.336+0000] {override.py:1912} INFO - Created Permission View: menu access on DAG Run:example_display_name
[2025-04-18T11:50:44.442+0000] {logging_mixin.py:190} INFO - [2025-04-18T11:50:44.439+0000] {override.py:1912} INFO - Created Permission View: can create on DAG Run:example_display_name
[2025-04-18T11:50:44.581+0000] {logging_mixin.py:190} INFO - [2025-04-18T11:50:44.578+0000] {override.py:1912} INFO - Created Permission View: can delete on DAG Run:example_display_name
[2025-04-18T11:50:44.588+0000] {logging_mixin.py:190} INFO - [2025-04-18T11:50:44.587+0000] {dag.py:3239} INFO - Sync 1 DAGs
[2025-04-18T11:50:44.708+0000] {logging_mixin.py:190} INFO - [2025-04-18T11:50:44.707+0000] {dag.py:3262} INFO - Creating ORM DAG for example_display_name
[2025-04-18T11:50:44.730+0000] {logging_mixin.py:190} INFO - [2025-04-18T11:50:44.719+0000] {dag.py:4180} INFO - Setting next_dagrun for example_display_name to None, run_after=None
[2025-04-18T11:50:45.118+0000] {processor.py:208} INFO - Processing /home/airflow/.local/lib/python3.12/site-packages/airflow/example_dags/example_display_name.py took 3.009 seconds
[2025-04-18T11:52:34.940+0000] {processor.py:186} INFO - Started process (PID=252) to work on /home/airflow/.local/lib/python3.12/site-packages/airflow/example_dags/example_display_name.py
[2025-04-18T11:52:34.947+0000] {processor.py:914} INFO - Processing file /home/airflow/.local/lib/python3.12/site-packages/airflow/example_dags/example_display_name.py for tasks to queue
[2025-04-18T11:52:35.008+0000] {logging_mixin.py:190} INFO - [2025-04-18T11:52:35.007+0000] {dagbag.py:588} INFO - Filling up the DagBag from /home/airflow/.local/lib/python3.12/site-packages/airflow/example_dags/example_display_name.py
[2025-04-18T11:52:35.032+0000] {processor.py:925} INFO - DAG(s) 'example_display_name' retrieved from /home/airflow/.local/lib/python3.12/site-packages/airflow/example_dags/example_display_name.py
[2025-04-18T11:52:35.308+0000] {logging_mixin.py:190} INFO - [2025-04-18T11:52:35.306+0000] {dag.py:3239} INFO - Sync 1 DAGs
[2025-04-18T11:52:35.445+0000] {logging_mixin.py:190} INFO - [2025-04-18T11:52:35.444+0000] {dag.py:4180} INFO - Setting next_dagrun for example_display_name to None, run_after=None
[2025-04-18T11:52:35.715+0000] {processor.py:208} INFO - Processing /home/airflow/.local/lib/python3.12/site-packages/airflow/example_dags/example_display_name.py took 0.841 seconds
[2025-04-18T11:53:39.672+0000] {processor.py:186} INFO - Started process (PID=320) to work on /home/airflow/.local/lib/python3.12/site-packages/airflow/example_dags/example_display_name.py
[2025-04-18T11:53:39.682+0000] {processor.py:914} INFO - Processing file /home/airflow/.local/lib/python3.12/site-packages/airflow/example_dags/example_display_name.py for tasks to queue
[2025-04-18T11:53:39.770+0000] {logging_mixin.py:190} INFO - [2025-04-18T11:53:39.756+0000] {dagbag.py:588} INFO - Filling up the DagBag from /home/airflow/.local/lib/python3.12/site-packages/airflow/example_dags/example_display_name.py
[2025-04-18T11:53:39.810+0000] {processor.py:925} INFO - DAG(s) 'example_display_name' retrieved from /home/airflow/.local/lib/python3.12/site-packages/airflow/example_dags/example_display_name.py
[2025-04-18T11:53:40.016+0000] {logging_mixin.py:190} INFO - [2025-04-18T11:53:40.005+0000] {dag.py:3239} INFO - Sync 1 DAGs
[2025-04-18T11:53:40.142+0000] {logging_mixin.py:190} INFO - [2025-04-18T11:53:40.141+0000] {dag.py:4180} INFO - Setting next_dagrun for example_display_name to None, run_after=None
[2025-04-18T11:53:40.280+0000] {processor.py:208} INFO - Processing /home/airflow/.local/lib/python3.12/site-packages/airflow/example_dags/example_display_name.py took 0.624 seconds
[2025-04-18T11:54:49.778+0000] {processor.py:186} INFO - Started process (PID=394) to work on /home/airflow/.local/lib/python3.12/site-packages/airflow/example_dags/example_display_name.py
[2025-04-18T11:54:49.789+0000] {processor.py:914} INFO - Processing file /home/airflow/.local/lib/python3.12/site-packages/airflow/example_dags/example_display_name.py for tasks to queue
[2025-04-18T11:54:49.818+0000] {logging_mixin.py:190} INFO - [2025-04-18T11:54:49.816+0000] {dagbag.py:588} INFO - Filling up the DagBag from /home/airflow/.local/lib/python3.12/site-packages/airflow/example_dags/example_display_name.py
[2025-04-18T11:54:49.947+0000] {processor.py:925} INFO - DAG(s) 'example_display_name' retrieved from /home/airflow/.local/lib/python3.12/site-packages/airflow/example_dags/example_display_name.py
[2025-04-18T11:54:50.182+0000] {logging_mixin.py:190} INFO - [2025-04-18T11:54:50.179+0000] {dag.py:3239} INFO - Sync 1 DAGs
[2025-04-18T11:54:50.344+0000] {logging_mixin.py:190} INFO - [2025-04-18T11:54:50.342+0000] {dag.py:4180} INFO - Setting next_dagrun for example_display_name to None, run_after=None
[2025-04-18T11:54:50.508+0000] {processor.py:208} INFO - Processing /home/airflow/.local/lib/python3.12/site-packages/airflow/example_dags/example_display_name.py took 0.769 seconds
[2025-04-18T11:56:28.699+0000] {processor.py:186} INFO - Started process (PID=489) to work on /home/airflow/.local/lib/python3.12/site-packages/airflow/example_dags/example_display_name.py
[2025-04-18T11:56:28.717+0000] {processor.py:914} INFO - Processing file /home/airflow/.local/lib/python3.12/site-packages/airflow/example_dags/example_display_name.py for tasks to queue
[2025-04-18T11:56:28.737+0000] {logging_mixin.py:190} INFO - [2025-04-18T11:56:28.734+0000] {dagbag.py:588} INFO - Filling up the DagBag from /home/airflow/.local/lib/python3.12/site-packages/airflow/example_dags/example_display_name.py
[2025-04-18T11:56:28.804+0000] {processor.py:925} INFO - DAG(s) 'example_display_name' retrieved from /home/airflow/.local/lib/python3.12/site-packages/airflow/example_dags/example_display_name.py
[2025-04-18T11:56:29.173+0000] {logging_mixin.py:190} INFO - [2025-04-18T11:56:29.170+0000] {dag.py:3239} INFO - Sync 1 DAGs
[2025-04-18T11:56:29.435+0000] {logging_mixin.py:190} INFO - [2025-04-18T11:56:29.424+0000] {dag.py:4180} INFO - Setting next_dagrun for example_display_name to None, run_after=None
[2025-04-18T11:56:29.763+0000] {processor.py:208} INFO - Processing /home/airflow/.local/lib/python3.12/site-packages/airflow/example_dags/example_display_name.py took 1.119 seconds
[2025-04-18T11:57:24.212+0000] {processor.py:186} INFO - Started process (PID=557) to work on /home/airflow/.local/lib/python3.12/site-packages/airflow/example_dags/example_display_name.py
[2025-04-18T11:57:24.221+0000] {processor.py:914} INFO - Processing file /home/airflow/.local/lib/python3.12/site-packages/airflow/example_dags/example_display_name.py for tasks to queue
[2025-04-18T11:57:24.266+0000] {logging_mixin.py:190} INFO - [2025-04-18T11:57:24.265+0000] {dagbag.py:588} INFO - Filling up the DagBag from /home/airflow/.local/lib/python3.12/site-packages/airflow/example_dags/example_display_name.py
[2025-04-18T11:57:24.367+0000] {processor.py:925} INFO - DAG(s) 'example_display_name' retrieved from /home/airflow/.local/lib/python3.12/site-packages/airflow/example_dags/example_display_name.py
[2025-04-18T11:57:24.638+0000] {logging_mixin.py:190} INFO - [2025-04-18T11:57:24.628+0000] {dag.py:3239} INFO - Sync 1 DAGs
[2025-04-18T11:57:24.930+0000] {logging_mixin.py:190} INFO - [2025-04-18T11:57:24.929+0000] {dag.py:4180} INFO - Setting next_dagrun for example_display_name to None, run_after=None
[2025-04-18T11:57:25.882+0000] {processor.py:208} INFO - Processing /home/airflow/.local/lib/python3.12/site-packages/airflow/example_dags/example_display_name.py took 1.697 seconds
[2025-04-18T11:58:30.766+0000] {processor.py:186} INFO - Started process (PID=642) to work on /home/airflow/.local/lib/python3.12/site-packages/airflow/example_dags/example_display_name.py
[2025-04-18T11:58:30.783+0000] {processor.py:914} INFO - Processing file /home/airflow/.local/lib/python3.12/site-packages/airflow/example_dags/example_display_name.py for tasks to queue
[2025-04-18T11:58:30.804+0000] {logging_mixin.py:190} INFO - [2025-04-18T11:58:30.802+0000] {dagbag.py:588} INFO - Filling up the DagBag from /home/airflow/.local/lib/python3.12/site-packages/airflow/example_dags/example_display_name.py
[2025-04-18T11:58:30.871+0000] {processor.py:925} INFO - DAG(s) 'example_display_name' retrieved from /home/airflow/.local/lib/python3.12/site-packages/airflow/example_dags/example_display_name.py
[2025-04-18T11:58:31.258+0000] {logging_mixin.py:190} INFO - [2025-04-18T11:58:31.245+0000] {dag.py:3239} INFO - Sync 1 DAGs
[2025-04-18T11:58:31.448+0000] {logging_mixin.py:190} INFO - [2025-04-18T11:58:31.448+0000] {dag.py:4180} INFO - Setting next_dagrun for example_display_name to None, run_after=None
[2025-04-18T11:58:32.275+0000] {processor.py:208} INFO - Processing /home/airflow/.local/lib/python3.12/site-packages/airflow/example_dags/example_display_name.py took 1.546 seconds
[2025-04-18T12:00:20.067+0000] {processor.py:186} INFO - Started process (PID=726) to work on /home/airflow/.local/lib/python3.12/site-packages/airflow/example_dags/example_display_name.py
[2025-04-18T12:00:20.077+0000] {processor.py:914} INFO - Processing file /home/airflow/.local/lib/python3.12/site-packages/airflow/example_dags/example_display_name.py for tasks to queue
[2025-04-18T12:00:20.114+0000] {logging_mixin.py:190} INFO - [2025-04-18T12:00:20.099+0000] {dagbag.py:588} INFO - Filling up the DagBag from /home/airflow/.local/lib/python3.12/site-packages/airflow/example_dags/example_display_name.py
[2025-04-18T12:00:20.183+0000] {processor.py:925} INFO - DAG(s) 'example_display_name' retrieved from /home/airflow/.local/lib/python3.12/site-packages/airflow/example_dags/example_display_name.py
[2025-04-18T12:00:20.446+0000] {logging_mixin.py:190} INFO - [2025-04-18T12:00:20.445+0000] {dag.py:3239} INFO - Sync 1 DAGs
[2025-04-18T12:00:20.636+0000] {logging_mixin.py:190} INFO - [2025-04-18T12:00:20.635+0000] {dag.py:4180} INFO - Setting next_dagrun for example_display_name to None, run_after=None
[2025-04-18T12:00:20.820+0000] {processor.py:208} INFO - Processing /home/airflow/.local/lib/python3.12/site-packages/airflow/example_dags/example_display_name.py took 0.776 seconds
[2025-04-18T12:01:45.855+0000] {processor.py:186} INFO - Started process (PID=822) to work on /home/airflow/.local/lib/python3.12/site-packages/airflow/example_dags/example_display_name.py
[2025-04-18T12:01:45.865+0000] {processor.py:914} INFO - Processing file /home/airflow/.local/lib/python3.12/site-packages/airflow/example_dags/example_display_name.py for tasks to queue
[2025-04-18T12:01:45.877+0000] {logging_mixin.py:190} INFO - [2025-04-18T12:01:45.876+0000] {dagbag.py:588} INFO - Filling up the DagBag from /home/airflow/.local/lib/python3.12/site-packages/airflow/example_dags/example_display_name.py
[2025-04-18T12:01:45.951+0000] {processor.py:925} INFO - DAG(s) 'example_display_name' retrieved from /home/airflow/.local/lib/python3.12/site-packages/airflow/example_dags/example_display_name.py
[2025-04-18T12:01:46.225+0000] {logging_mixin.py:190} INFO - [2025-04-18T12:01:46.224+0000] {dag.py:3239} INFO - Sync 1 DAGs
[2025-04-18T12:01:46.472+0000] {logging_mixin.py:190} INFO - [2025-04-18T12:01:46.471+0000] {dag.py:4180} INFO - Setting next_dagrun for example_display_name to None, run_after=None
[2025-04-18T12:01:47.775+0000] {processor.py:208} INFO - Processing /home/airflow/.local/lib/python3.12/site-packages/airflow/example_dags/example_display_name.py took 1.988 seconds
[2025-04-18T12:03:45.292+0000] {processor.py:186} INFO - Started process (PID=911) to work on /home/airflow/.local/lib/python3.12/site-packages/airflow/example_dags/example_display_name.py
[2025-04-18T12:03:45.347+0000] {processor.py:914} INFO - Processing file /home/airflow/.local/lib/python3.12/site-packages/airflow/example_dags/example_display_name.py for tasks to queue
[2025-04-18T12:03:45.396+0000] {logging_mixin.py:190} INFO - [2025-04-18T12:03:45.382+0000] {dagbag.py:588} INFO - Filling up the DagBag from /home/airflow/.local/lib/python3.12/site-packages/airflow/example_dags/example_display_name.py
[2025-04-18T12:03:45.451+0000] {processor.py:925} INFO - DAG(s) 'example_display_name' retrieved from /home/airflow/.local/lib/python3.12/site-packages/airflow/example_dags/example_display_name.py
[2025-04-18T12:03:45.834+0000] {logging_mixin.py:190} INFO - [2025-04-18T12:03:45.822+0000] {dag.py:3239} INFO - Sync 1 DAGs
[2025-04-18T12:03:45.983+0000] {logging_mixin.py:190} INFO - [2025-04-18T12:03:45.983+0000] {dag.py:4180} INFO - Setting next_dagrun for example_display_name to None, run_after=None
[2025-04-18T12:03:46.063+0000] {processor.py:208} INFO - Processing /home/airflow/.local/lib/python3.12/site-packages/airflow/example_dags/example_display_name.py took 0.927 seconds
[2025-04-18T12:04:54.716+0000] {processor.py:186} INFO - Started process (PID=990) to work on /home/airflow/.local/lib/python3.12/site-packages/airflow/example_dags/example_display_name.py
[2025-04-18T12:04:54.736+0000] {processor.py:914} INFO - Processing file /home/airflow/.local/lib/python3.12/site-packages/airflow/example_dags/example_display_name.py for tasks to queue
[2025-04-18T12:04:54.764+0000] {logging_mixin.py:190} INFO - [2025-04-18T12:04:54.762+0000] {dagbag.py:588} INFO - Filling up the DagBag from /home/airflow/.local/lib/python3.12/site-packages/airflow/example_dags/example_display_name.py
[2025-04-18T12:04:54.866+0000] {processor.py:925} INFO - DAG(s) 'example_display_name' retrieved from /home/airflow/.local/lib/python3.12/site-packages/airflow/example_dags/example_display_name.py
[2025-04-18T12:04:55.050+0000] {logging_mixin.py:190} INFO - [2025-04-18T12:04:55.048+0000] {dag.py:3239} INFO - Sync 1 DAGs
[2025-04-18T12:04:55.148+0000] {logging_mixin.py:190} INFO - [2025-04-18T12:04:55.147+0000] {dag.py:4180} INFO - Setting next_dagrun for example_display_name to None, run_after=None
[2025-04-18T12:04:55.357+0000] {processor.py:208} INFO - Processing /home/airflow/.local/lib/python3.12/site-packages/airflow/example_dags/example_display_name.py took 0.671 seconds
[2025-04-18T12:05:58.294+0000] {processor.py:186} INFO - Started process (PID=1063) to work on /home/airflow/.local/lib/python3.12/site-packages/airflow/example_dags/example_display_name.py
[2025-04-18T12:05:58.320+0000] {processor.py:914} INFO - Processing file /home/airflow/.local/lib/python3.12/site-packages/airflow/example_dags/example_display_name.py for tasks to queue
[2025-04-18T12:05:58.333+0000] {logging_mixin.py:190} INFO - [2025-04-18T12:05:58.331+0000] {dagbag.py:588} INFO - Filling up the DagBag from /home/airflow/.local/lib/python3.12/site-packages/airflow/example_dags/example_display_name.py
[2025-04-18T12:05:58.490+0000] {processor.py:925} INFO - DAG(s) 'example_display_name' retrieved from /home/airflow/.local/lib/python3.12/site-packages/airflow/example_dags/example_display_name.py
[2025-04-18T12:05:58.709+0000] {logging_mixin.py:190} INFO - [2025-04-18T12:05:58.708+0000] {dag.py:3239} INFO - Sync 1 DAGs
[2025-04-18T12:05:58.998+0000] {logging_mixin.py:190} INFO - [2025-04-18T12:05:58.997+0000] {dag.py:4180} INFO - Setting next_dagrun for example_display_name to None, run_after=None
[2025-04-18T12:05:59.367+0000] {processor.py:208} INFO - Processing /home/airflow/.local/lib/python3.12/site-packages/airflow/example_dags/example_display_name.py took 1.192 seconds
[2025-04-18T17:37:36.265+0000] {processor.py:186} INFO - Started process (PID=140) to work on /home/airflow/.local/lib/python3.12/site-packages/airflow/example_dags/example_display_name.py
[2025-04-18T17:37:36.271+0000] {processor.py:914} INFO - Processing file /home/airflow/.local/lib/python3.12/site-packages/airflow/example_dags/example_display_name.py for tasks to queue
[2025-04-18T17:37:36.277+0000] {logging_mixin.py:190} INFO - [2025-04-18T17:37:36.276+0000] {dagbag.py:588} INFO - Filling up the DagBag from /home/airflow/.local/lib/python3.12/site-packages/airflow/example_dags/example_display_name.py
[2025-04-18T17:37:36.302+0000] {processor.py:925} INFO - DAG(s) 'example_display_name' retrieved from /home/airflow/.local/lib/python3.12/site-packages/airflow/example_dags/example_display_name.py
[2025-04-18T17:37:36.357+0000] {logging_mixin.py:190} INFO - [2025-04-18T17:37:36.357+0000] {dag.py:3239} INFO - Sync 1 DAGs
[2025-04-18T17:37:36.397+0000] {logging_mixin.py:190} INFO - [2025-04-18T17:37:36.396+0000] {dag.py:4180} INFO - Setting next_dagrun for example_display_name to None, run_after=None
[2025-04-18T17:37:36.455+0000] {processor.py:208} INFO - Processing /home/airflow/.local/lib/python3.12/site-packages/airflow/example_dags/example_display_name.py took 0.207 seconds
[2025-04-18T17:38:07.553+0000] {processor.py:186} INFO - Started process (PID=203) to work on /home/airflow/.local/lib/python3.12/site-packages/airflow/example_dags/example_display_name.py
[2025-04-18T17:38:07.556+0000] {processor.py:914} INFO - Processing file /home/airflow/.local/lib/python3.12/site-packages/airflow/example_dags/example_display_name.py for tasks to queue
[2025-04-18T17:38:07.561+0000] {logging_mixin.py:190} INFO - [2025-04-18T17:38:07.561+0000] {dagbag.py:588} INFO - Filling up the DagBag from /home/airflow/.local/lib/python3.12/site-packages/airflow/example_dags/example_display_name.py
[2025-04-18T17:38:07.574+0000] {processor.py:925} INFO - DAG(s) 'example_display_name' retrieved from /home/airflow/.local/lib/python3.12/site-packages/airflow/example_dags/example_display_name.py
[2025-04-18T17:38:07.613+0000] {logging_mixin.py:190} INFO - [2025-04-18T17:38:07.613+0000] {dag.py:3239} INFO - Sync 1 DAGs
[2025-04-18T17:38:07.637+0000] {logging_mixin.py:190} INFO - [2025-04-18T17:38:07.637+0000] {dag.py:4180} INFO - Setting next_dagrun for example_display_name to None, run_after=None
[2025-04-18T17:38:07.678+0000] {processor.py:208} INFO - Processing /home/airflow/.local/lib/python3.12/site-packages/airflow/example_dags/example_display_name.py took 0.138 seconds
[2025-04-18T17:38:41.205+0000] {processor.py:186} INFO - Started process (PID=266) to work on /home/airflow/.local/lib/python3.12/site-packages/airflow/example_dags/example_display_name.py
[2025-04-18T17:38:41.209+0000] {processor.py:914} INFO - Processing file /home/airflow/.local/lib/python3.12/site-packages/airflow/example_dags/example_display_name.py for tasks to queue
[2025-04-18T17:38:41.216+0000] {logging_mixin.py:190} INFO - [2025-04-18T17:38:41.215+0000] {dagbag.py:588} INFO - Filling up the DagBag from /home/airflow/.local/lib/python3.12/site-packages/airflow/example_dags/example_display_name.py
[2025-04-18T17:38:41.238+0000] {processor.py:925} INFO - DAG(s) 'example_display_name' retrieved from /home/airflow/.local/lib/python3.12/site-packages/airflow/example_dags/example_display_name.py
[2025-04-18T17:38:41.290+0000] {logging_mixin.py:190} INFO - [2025-04-18T17:38:41.289+0000] {dag.py:3239} INFO - Sync 1 DAGs
[2025-04-18T17:38:41.334+0000] {logging_mixin.py:190} INFO - [2025-04-18T17:38:41.333+0000] {dag.py:4180} INFO - Setting next_dagrun for example_display_name to None, run_after=None
[2025-04-18T17:38:41.391+0000] {processor.py:208} INFO - Processing /home/airflow/.local/lib/python3.12/site-packages/airflow/example_dags/example_display_name.py took 0.201 seconds
[2025-04-18T17:39:16.153+0000] {processor.py:186} INFO - Started process (PID=337) to work on /home/airflow/.local/lib/python3.12/site-packages/airflow/example_dags/example_display_name.py
[2025-04-18T17:39:16.165+0000] {processor.py:914} INFO - Processing file /home/airflow/.local/lib/python3.12/site-packages/airflow/example_dags/example_display_name.py for tasks to queue
[2025-04-18T17:39:16.175+0000] {logging_mixin.py:190} INFO - [2025-04-18T17:39:16.174+0000] {dagbag.py:588} INFO - Filling up the DagBag from /home/airflow/.local/lib/python3.12/site-packages/airflow/example_dags/example_display_name.py
[2025-04-18T17:39:16.207+0000] {processor.py:925} INFO - DAG(s) 'example_display_name' retrieved from /home/airflow/.local/lib/python3.12/site-packages/airflow/example_dags/example_display_name.py
[2025-04-18T17:39:16.343+0000] {logging_mixin.py:190} INFO - [2025-04-18T17:39:16.342+0000] {dag.py:3239} INFO - Sync 1 DAGs
[2025-04-18T17:39:16.508+0000] {logging_mixin.py:190} INFO - [2025-04-18T17:39:16.495+0000] {dag.py:4180} INFO - Setting next_dagrun for example_display_name to None, run_after=None
[2025-04-18T17:39:16.654+0000] {processor.py:208} INFO - Processing /home/airflow/.local/lib/python3.12/site-packages/airflow/example_dags/example_display_name.py took 0.527 seconds
[2025-04-18T17:39:47.414+0000] {processor.py:186} INFO - Started process (PID=400) to work on /home/airflow/.local/lib/python3.12/site-packages/airflow/example_dags/example_display_name.py
[2025-04-18T17:39:47.426+0000] {processor.py:914} INFO - Processing file /home/airflow/.local/lib/python3.12/site-packages/airflow/example_dags/example_display_name.py for tasks to queue
[2025-04-18T17:39:47.441+0000] {logging_mixin.py:190} INFO - [2025-04-18T17:39:47.439+0000] {dagbag.py:588} INFO - Filling up the DagBag from /home/airflow/.local/lib/python3.12/site-packages/airflow/example_dags/example_display_name.py
[2025-04-18T17:39:47.487+0000] {processor.py:925} INFO - DAG(s) 'example_display_name' retrieved from /home/airflow/.local/lib/python3.12/site-packages/airflow/example_dags/example_display_name.py
[2025-04-18T17:39:47.618+0000] {logging_mixin.py:190} INFO - [2025-04-18T17:39:47.615+0000] {dag.py:3239} INFO - Sync 1 DAGs
[2025-04-18T17:39:47.686+0000] {logging_mixin.py:190} INFO - [2025-04-18T17:39:47.686+0000] {dag.py:4180} INFO - Setting next_dagrun for example_display_name to None, run_after=None
[2025-04-18T17:39:47.825+0000] {processor.py:208} INFO - Processing /home/airflow/.local/lib/python3.12/site-packages/airflow/example_dags/example_display_name.py took 0.435 seconds
[2025-04-18T17:40:18.606+0000] {processor.py:186} INFO - Started process (PID=464) to work on /home/airflow/.local/lib/python3.12/site-packages/airflow/example_dags/example_display_name.py
[2025-04-18T17:40:18.611+0000] {processor.py:914} INFO - Processing file /home/airflow/.local/lib/python3.12/site-packages/airflow/example_dags/example_display_name.py for tasks to queue
[2025-04-18T17:40:18.628+0000] {logging_mixin.py:190} INFO - [2025-04-18T17:40:18.626+0000] {dagbag.py:588} INFO - Filling up the DagBag from /home/airflow/.local/lib/python3.12/site-packages/airflow/example_dags/example_display_name.py
[2025-04-18T17:40:18.650+0000] {processor.py:925} INFO - DAG(s) 'example_display_name' retrieved from /home/airflow/.local/lib/python3.12/site-packages/airflow/example_dags/example_display_name.py
[2025-04-18T17:40:18.758+0000] {logging_mixin.py:190} INFO - [2025-04-18T17:40:18.758+0000] {dag.py:3239} INFO - Sync 1 DAGs
[2025-04-18T17:40:18.823+0000] {logging_mixin.py:190} INFO - [2025-04-18T17:40:18.822+0000] {dag.py:4180} INFO - Setting next_dagrun for example_display_name to None, run_after=None
[2025-04-18T17:40:18.942+0000] {processor.py:208} INFO - Processing /home/airflow/.local/lib/python3.12/site-packages/airflow/example_dags/example_display_name.py took 0.358 seconds
[2025-04-18T17:40:49.147+0000] {processor.py:186} INFO - Started process (PID=528) to work on /home/airflow/.local/lib/python3.12/site-packages/airflow/example_dags/example_display_name.py
[2025-04-18T17:40:49.151+0000] {processor.py:914} INFO - Processing file /home/airflow/.local/lib/python3.12/site-packages/airflow/example_dags/example_display_name.py for tasks to queue
[2025-04-18T17:40:49.157+0000] {logging_mixin.py:190} INFO - [2025-04-18T17:40:49.157+0000] {dagbag.py:588} INFO - Filling up the DagBag from /home/airflow/.local/lib/python3.12/site-packages/airflow/example_dags/example_display_name.py
[2025-04-18T17:40:49.176+0000] {processor.py:925} INFO - DAG(s) 'example_display_name' retrieved from /home/airflow/.local/lib/python3.12/site-packages/airflow/example_dags/example_display_name.py
[2025-04-18T17:40:49.223+0000] {logging_mixin.py:190} INFO - [2025-04-18T17:40:49.223+0000] {dag.py:3239} INFO - Sync 1 DAGs
[2025-04-18T17:40:49.258+0000] {logging_mixin.py:190} INFO - [2025-04-18T17:40:49.257+0000] {dag.py:4180} INFO - Setting next_dagrun for example_display_name to None, run_after=None
[2025-04-18T17:40:49.307+0000] {processor.py:208} INFO - Processing /home/airflow/.local/lib/python3.12/site-packages/airflow/example_dags/example_display_name.py took 0.174 seconds
[2025-04-18T17:41:27.183+0000] {processor.py:186} INFO - Started process (PID=593) to work on /home/airflow/.local/lib/python3.12/site-packages/airflow/example_dags/example_display_name.py
[2025-04-18T17:41:27.190+0000] {processor.py:914} INFO - Processing file /home/airflow/.local/lib/python3.12/site-packages/airflow/example_dags/example_display_name.py for tasks to queue
[2025-04-18T17:41:27.202+0000] {logging_mixin.py:190} INFO - [2025-04-18T17:41:27.201+0000] {dagbag.py:588} INFO - Filling up the DagBag from /home/airflow/.local/lib/python3.12/site-packages/airflow/example_dags/example_display_name.py
[2025-04-18T17:41:27.247+0000] {processor.py:925} INFO - DAG(s) 'example_display_name' retrieved from /home/airflow/.local/lib/python3.12/site-packages/airflow/example_dags/example_display_name.py
[2025-04-18T17:41:27.371+0000] {logging_mixin.py:190} INFO - [2025-04-18T17:41:27.370+0000] {dag.py:3239} INFO - Sync 1 DAGs
[2025-04-18T17:41:27.443+0000] {logging_mixin.py:190} INFO - [2025-04-18T17:41:27.442+0000] {dag.py:4180} INFO - Setting next_dagrun for example_display_name to None, run_after=None
[2025-04-18T17:41:27.603+0000] {processor.py:208} INFO - Processing /home/airflow/.local/lib/python3.12/site-packages/airflow/example_dags/example_display_name.py took 0.447 seconds
[2025-04-18T17:42:11.113+0000] {processor.py:186} INFO - Started process (PID=669) to work on /home/airflow/.local/lib/python3.12/site-packages/airflow/example_dags/example_display_name.py
[2025-04-18T17:42:11.122+0000] {processor.py:914} INFO - Processing file /home/airflow/.local/lib/python3.12/site-packages/airflow/example_dags/example_display_name.py for tasks to queue
[2025-04-18T17:42:11.132+0000] {logging_mixin.py:190} INFO - [2025-04-18T17:42:11.130+0000] {dagbag.py:588} INFO - Filling up the DagBag from /home/airflow/.local/lib/python3.12/site-packages/airflow/example_dags/example_display_name.py
[2025-04-18T17:42:11.164+0000] {processor.py:925} INFO - DAG(s) 'example_display_name' retrieved from /home/airflow/.local/lib/python3.12/site-packages/airflow/example_dags/example_display_name.py
[2025-04-18T17:42:11.252+0000] {logging_mixin.py:190} INFO - [2025-04-18T17:42:11.251+0000] {dag.py:3239} INFO - Sync 1 DAGs
[2025-04-18T17:42:11.344+0000] {logging_mixin.py:190} INFO - [2025-04-18T17:42:11.343+0000] {dag.py:4180} INFO - Setting next_dagrun for example_display_name to None, run_after=None
[2025-04-18T17:42:11.459+0000] {processor.py:208} INFO - Processing /home/airflow/.local/lib/python3.12/site-packages/airflow/example_dags/example_display_name.py took 0.376 seconds
[2025-04-18T17:42:42.531+0000] {processor.py:186} INFO - Started process (PID=732) to work on /home/airflow/.local/lib/python3.12/site-packages/airflow/example_dags/example_display_name.py
[2025-04-18T17:42:42.534+0000] {processor.py:914} INFO - Processing file /home/airflow/.local/lib/python3.12/site-packages/airflow/example_dags/example_display_name.py for tasks to queue
[2025-04-18T17:42:42.548+0000] {logging_mixin.py:190} INFO - [2025-04-18T17:42:42.546+0000] {dagbag.py:588} INFO - Filling up the DagBag from /home/airflow/.local/lib/python3.12/site-packages/airflow/example_dags/example_display_name.py
[2025-04-18T17:42:42.574+0000] {processor.py:925} INFO - DAG(s) 'example_display_name' retrieved from /home/airflow/.local/lib/python3.12/site-packages/airflow/example_dags/example_display_name.py
[2025-04-18T17:42:42.669+0000] {logging_mixin.py:190} INFO - [2025-04-18T17:42:42.668+0000] {dag.py:3239} INFO - Sync 1 DAGs
[2025-04-18T17:42:42.752+0000] {logging_mixin.py:190} INFO - [2025-04-18T17:42:42.752+0000] {dag.py:4180} INFO - Setting next_dagrun for example_display_name to None, run_after=None
[2025-04-18T17:42:42.836+0000] {processor.py:208} INFO - Processing /home/airflow/.local/lib/python3.12/site-packages/airflow/example_dags/example_display_name.py took 0.323 seconds
[2025-04-18T17:43:19.647+0000] {processor.py:186} INFO - Started process (PID=802) to work on /home/airflow/.local/lib/python3.12/site-packages/airflow/example_dags/example_display_name.py
[2025-04-18T17:43:19.651+0000] {processor.py:914} INFO - Processing file /home/airflow/.local/lib/python3.12/site-packages/airflow/example_dags/example_display_name.py for tasks to queue
[2025-04-18T17:43:19.658+0000] {logging_mixin.py:190} INFO - [2025-04-18T17:43:19.657+0000] {dagbag.py:588} INFO - Filling up the DagBag from /home/airflow/.local/lib/python3.12/site-packages/airflow/example_dags/example_display_name.py
[2025-04-18T17:43:19.681+0000] {processor.py:925} INFO - DAG(s) 'example_display_name' retrieved from /home/airflow/.local/lib/python3.12/site-packages/airflow/example_dags/example_display_name.py
[2025-04-18T17:43:19.739+0000] {logging_mixin.py:190} INFO - [2025-04-18T17:43:19.738+0000] {dag.py:3239} INFO - Sync 1 DAGs
[2025-04-18T17:43:19.780+0000] {logging_mixin.py:190} INFO - [2025-04-18T17:43:19.779+0000] {dag.py:4180} INFO - Setting next_dagrun for example_display_name to None, run_after=None
[2025-04-18T17:43:19.838+0000] {processor.py:208} INFO - Processing /home/airflow/.local/lib/python3.12/site-packages/airflow/example_dags/example_display_name.py took 0.207 seconds
[2025-04-18T17:43:51.584+0000] {processor.py:186} INFO - Started process (PID=866) to work on /home/airflow/.local/lib/python3.12/site-packages/airflow/example_dags/example_display_name.py
[2025-04-18T17:43:51.596+0000] {processor.py:914} INFO - Processing file /home/airflow/.local/lib/python3.12/site-packages/airflow/example_dags/example_display_name.py for tasks to queue
[2025-04-18T17:43:51.621+0000] {logging_mixin.py:190} INFO - [2025-04-18T17:43:51.620+0000] {dagbag.py:588} INFO - Filling up the DagBag from /home/airflow/.local/lib/python3.12/site-packages/airflow/example_dags/example_display_name.py
[2025-04-18T17:43:51.662+0000] {processor.py:925} INFO - DAG(s) 'example_display_name' retrieved from /home/airflow/.local/lib/python3.12/site-packages/airflow/example_dags/example_display_name.py
[2025-04-18T17:43:51.758+0000] {logging_mixin.py:190} INFO - [2025-04-18T17:43:51.757+0000] {dag.py:3239} INFO - Sync 1 DAGs
[2025-04-18T17:43:51.823+0000] {logging_mixin.py:190} INFO - [2025-04-18T17:43:51.822+0000] {dag.py:4180} INFO - Setting next_dagrun for example_display_name to None, run_after=None
[2025-04-18T17:43:51.945+0000] {processor.py:208} INFO - Processing /home/airflow/.local/lib/python3.12/site-packages/airflow/example_dags/example_display_name.py took 0.381 seconds
[2025-04-18T17:44:28.053+0000] {processor.py:186} INFO - Started process (PID=939) to work on /home/airflow/.local/lib/python3.12/site-packages/airflow/example_dags/example_display_name.py
[2025-04-18T17:44:28.069+0000] {processor.py:914} INFO - Processing file /home/airflow/.local/lib/python3.12/site-packages/airflow/example_dags/example_display_name.py for tasks to queue
[2025-04-18T17:44:28.096+0000] {logging_mixin.py:190} INFO - [2025-04-18T17:44:28.094+0000] {dagbag.py:588} INFO - Filling up the DagBag from /home/airflow/.local/lib/python3.12/site-packages/airflow/example_dags/example_display_name.py
[2025-04-18T17:44:28.202+0000] {processor.py:925} INFO - DAG(s) 'example_display_name' retrieved from /home/airflow/.local/lib/python3.12/site-packages/airflow/example_dags/example_display_name.py
[2025-04-18T17:44:28.528+0000] {logging_mixin.py:190} INFO - [2025-04-18T17:44:28.514+0000] {dag.py:3239} INFO - Sync 1 DAGs
[2025-04-18T17:44:28.814+0000] {logging_mixin.py:190} INFO - [2025-04-18T17:44:28.813+0000] {dag.py:4180} INFO - Setting next_dagrun for example_display_name to None, run_after=None
[2025-04-18T17:44:29.676+0000] {processor.py:208} INFO - Processing /home/airflow/.local/lib/python3.12/site-packages/airflow/example_dags/example_display_name.py took 1.698 seconds
[2025-04-18T17:45:00.692+0000] {processor.py:186} INFO - Started process (PID=1003) to work on /home/airflow/.local/lib/python3.12/site-packages/airflow/example_dags/example_display_name.py
[2025-04-18T17:45:00.695+0000] {processor.py:914} INFO - Processing file /home/airflow/.local/lib/python3.12/site-packages/airflow/example_dags/example_display_name.py for tasks to queue
[2025-04-18T17:45:00.701+0000] {logging_mixin.py:190} INFO - [2025-04-18T17:45:00.700+0000] {dagbag.py:588} INFO - Filling up the DagBag from /home/airflow/.local/lib/python3.12/site-packages/airflow/example_dags/example_display_name.py
[2025-04-18T17:45:00.719+0000] {processor.py:925} INFO - DAG(s) 'example_display_name' retrieved from /home/airflow/.local/lib/python3.12/site-packages/airflow/example_dags/example_display_name.py
[2025-04-18T17:45:00.768+0000] {logging_mixin.py:190} INFO - [2025-04-18T17:45:00.767+0000] {dag.py:3239} INFO - Sync 1 DAGs
[2025-04-18T17:45:00.806+0000] {logging_mixin.py:190} INFO - [2025-04-18T17:45:00.806+0000] {dag.py:4180} INFO - Setting next_dagrun for example_display_name to None, run_after=None
[2025-04-18T17:45:00.865+0000] {processor.py:208} INFO - Processing /home/airflow/.local/lib/python3.12/site-packages/airflow/example_dags/example_display_name.py took 0.187 seconds
[2025-04-18T17:45:31.228+0000] {processor.py:186} INFO - Started process (PID=1067) to work on /home/airflow/.local/lib/python3.12/site-packages/airflow/example_dags/example_display_name.py
[2025-04-18T17:45:31.231+0000] {processor.py:914} INFO - Processing file /home/airflow/.local/lib/python3.12/site-packages/airflow/example_dags/example_display_name.py for tasks to queue
[2025-04-18T17:45:31.237+0000] {logging_mixin.py:190} INFO - [2025-04-18T17:45:31.236+0000] {dagbag.py:588} INFO - Filling up the DagBag from /home/airflow/.local/lib/python3.12/site-packages/airflow/example_dags/example_display_name.py
[2025-04-18T17:45:31.256+0000] {processor.py:925} INFO - DAG(s) 'example_display_name' retrieved from /home/airflow/.local/lib/python3.12/site-packages/airflow/example_dags/example_display_name.py
[2025-04-18T17:45:31.302+0000] {logging_mixin.py:190} INFO - [2025-04-18T17:45:31.301+0000] {dag.py:3239} INFO - Sync 1 DAGs
[2025-04-18T17:45:31.336+0000] {logging_mixin.py:190} INFO - [2025-04-18T17:45:31.336+0000] {dag.py:4180} INFO - Setting next_dagrun for example_display_name to None, run_after=None
[2025-04-18T17:45:31.386+0000] {processor.py:208} INFO - Processing /home/airflow/.local/lib/python3.12/site-packages/airflow/example_dags/example_display_name.py took 0.172 seconds
[2025-04-18T17:46:02.485+0000] {processor.py:186} INFO - Started process (PID=1131) to work on /home/airflow/.local/lib/python3.12/site-packages/airflow/example_dags/example_display_name.py
[2025-04-18T17:46:02.487+0000] {processor.py:914} INFO - Processing file /home/airflow/.local/lib/python3.12/site-packages/airflow/example_dags/example_display_name.py for tasks to queue
[2025-04-18T17:46:02.492+0000] {logging_mixin.py:190} INFO - [2025-04-18T17:46:02.492+0000] {dagbag.py:588} INFO - Filling up the DagBag from /home/airflow/.local/lib/python3.12/site-packages/airflow/example_dags/example_display_name.py
[2025-04-18T17:46:02.506+0000] {processor.py:925} INFO - DAG(s) 'example_display_name' retrieved from /home/airflow/.local/lib/python3.12/site-packages/airflow/example_dags/example_display_name.py
[2025-04-18T17:46:02.544+0000] {logging_mixin.py:190} INFO - [2025-04-18T17:46:02.543+0000] {dag.py:3239} INFO - Sync 1 DAGs
[2025-04-18T17:46:02.568+0000] {logging_mixin.py:190} INFO - [2025-04-18T17:46:02.568+0000] {dag.py:4180} INFO - Setting next_dagrun for example_display_name to None, run_after=None
[2025-04-18T17:46:02.600+0000] {processor.py:208} INFO - Processing /home/airflow/.local/lib/python3.12/site-packages/airflow/example_dags/example_display_name.py took 0.127 seconds
[2025-04-18T17:46:37.171+0000] {processor.py:186} INFO - Started process (PID=1196) to work on /home/airflow/.local/lib/python3.12/site-packages/airflow/example_dags/example_display_name.py
[2025-04-18T17:46:37.175+0000] {processor.py:914} INFO - Processing file /home/airflow/.local/lib/python3.12/site-packages/airflow/example_dags/example_display_name.py for tasks to queue
[2025-04-18T17:46:37.188+0000] {logging_mixin.py:190} INFO - [2025-04-18T17:46:37.187+0000] {dagbag.py:588} INFO - Filling up the DagBag from /home/airflow/.local/lib/python3.12/site-packages/airflow/example_dags/example_display_name.py
[2025-04-18T17:46:37.221+0000] {processor.py:925} INFO - DAG(s) 'example_display_name' retrieved from /home/airflow/.local/lib/python3.12/site-packages/airflow/example_dags/example_display_name.py
[2025-04-18T17:46:37.316+0000] {logging_mixin.py:190} INFO - [2025-04-18T17:46:37.315+0000] {dag.py:3239} INFO - Sync 1 DAGs
[2025-04-18T17:46:37.392+0000] {logging_mixin.py:190} INFO - [2025-04-18T17:46:37.391+0000] {dag.py:4180} INFO - Setting next_dagrun for example_display_name to None, run_after=None
[2025-04-18T17:46:37.499+0000] {processor.py:208} INFO - Processing /home/airflow/.local/lib/python3.12/site-packages/airflow/example_dags/example_display_name.py took 0.350 seconds
[2025-04-18T17:47:14.714+0000] {processor.py:186} INFO - Started process (PID=1268) to work on /home/airflow/.local/lib/python3.12/site-packages/airflow/example_dags/example_display_name.py
[2025-04-18T17:47:14.723+0000] {processor.py:914} INFO - Processing file /home/airflow/.local/lib/python3.12/site-packages/airflow/example_dags/example_display_name.py for tasks to queue
[2025-04-18T17:47:14.740+0000] {logging_mixin.py:190} INFO - [2025-04-18T17:47:14.739+0000] {dagbag.py:588} INFO - Filling up the DagBag from /home/airflow/.local/lib/python3.12/site-packages/airflow/example_dags/example_display_name.py
[2025-04-18T17:47:14.768+0000] {processor.py:925} INFO - DAG(s) 'example_display_name' retrieved from /home/airflow/.local/lib/python3.12/site-packages/airflow/example_dags/example_display_name.py
[2025-04-18T17:47:14.820+0000] {logging_mixin.py:190} INFO - [2025-04-18T17:47:14.819+0000] {dag.py:3239} INFO - Sync 1 DAGs
[2025-04-18T17:47:14.861+0000] {logging_mixin.py:190} INFO - [2025-04-18T17:47:14.860+0000] {dag.py:4180} INFO - Setting next_dagrun for example_display_name to None, run_after=None
[2025-04-18T17:47:14.923+0000] {processor.py:208} INFO - Processing /home/airflow/.local/lib/python3.12/site-packages/airflow/example_dags/example_display_name.py took 0.224 seconds
[2025-04-18T17:47:48.092+0000] {processor.py:186} INFO - Started process (PID=1337) to work on /home/airflow/.local/lib/python3.12/site-packages/airflow/example_dags/example_display_name.py
[2025-04-18T17:47:48.096+0000] {processor.py:914} INFO - Processing file /home/airflow/.local/lib/python3.12/site-packages/airflow/example_dags/example_display_name.py for tasks to queue
[2025-04-18T17:47:48.115+0000] {logging_mixin.py:190} INFO - [2025-04-18T17:47:48.114+0000] {dagbag.py:588} INFO - Filling up the DagBag from /home/airflow/.local/lib/python3.12/site-packages/airflow/example_dags/example_display_name.py
[2025-04-18T17:47:48.142+0000] {processor.py:925} INFO - DAG(s) 'example_display_name' retrieved from /home/airflow/.local/lib/python3.12/site-packages/airflow/example_dags/example_display_name.py
[2025-04-18T17:47:48.225+0000] {logging_mixin.py:190} INFO - [2025-04-18T17:47:48.224+0000] {dag.py:3239} INFO - Sync 1 DAGs
[2025-04-18T17:47:48.275+0000] {logging_mixin.py:190} INFO - [2025-04-18T17:47:48.274+0000] {dag.py:4180} INFO - Setting next_dagrun for example_display_name to None, run_after=None
[2025-04-18T17:47:48.361+0000] {processor.py:208} INFO - Processing /home/airflow/.local/lib/python3.12/site-packages/airflow/example_dags/example_display_name.py took 0.293 seconds
