[2025-04-18T11:50:22.512+0000] {processor.py:186} INFO - Started process (PID=134) to work on /home/airflow/.local/lib/python3.12/site-packages/airflow/example_dags/example_task_group.py
[2025-04-18T11:50:22.526+0000] {processor.py:914} INFO - Processing file /home/airflow/.local/lib/python3.12/site-packages/airflow/example_dags/example_task_group.py for tasks to queue
[2025-04-18T11:50:22.542+0000] {logging_mixin.py:190} INFO - [2025-04-18T11:50:22.538+0000] {dagbag.py:588} INFO - Filling up the DagBag from /home/airflow/.local/lib/python3.12/site-packages/airflow/example_dags/example_task_group.py
[2025-04-18T11:50:22.602+0000] {processor.py:925} INFO - DAG(s) 'example_task_group' retrieved from /home/airflow/.local/lib/python3.12/site-packages/airflow/example_dags/example_task_group.py
[2025-04-18T11:50:23.247+0000] {logging_mixin.py:190} INFO - [2025-04-18T11:50:23.239+0000] {override.py:1912} INFO - Created Permission View: can delete on DAG:example_task_group
[2025-04-18T11:50:23.309+0000] {logging_mixin.py:190} INFO - [2025-04-18T11:50:23.309+0000] {override.py:1912} INFO - Created Permission View: can read on DAG:example_task_group
[2025-04-18T11:50:23.346+0000] {logging_mixin.py:190} INFO - [2025-04-18T11:50:23.345+0000] {override.py:1912} INFO - Created Permission View: can edit on DAG:example_task_group
[2025-04-18T11:50:23.459+0000] {logging_mixin.py:190} INFO - [2025-04-18T11:50:23.456+0000] {override.py:1912} INFO - Created Permission View: can read on DAG Run:example_task_group
[2025-04-18T11:50:23.537+0000] {logging_mixin.py:190} INFO - [2025-04-18T11:50:23.531+0000] {override.py:1912} INFO - Created Permission View: menu access on DAG Run:example_task_group
[2025-04-18T11:50:23.610+0000] {logging_mixin.py:190} INFO - [2025-04-18T11:50:23.607+0000] {override.py:1912} INFO - Created Permission View: can create on DAG Run:example_task_group
[2025-04-18T11:50:23.684+0000] {logging_mixin.py:190} INFO - [2025-04-18T11:50:23.679+0000] {override.py:1912} INFO - Created Permission View: can delete on DAG Run:example_task_group
[2025-04-18T11:50:23.705+0000] {logging_mixin.py:190} INFO - [2025-04-18T11:50:23.703+0000] {dag.py:3239} INFO - Sync 1 DAGs
[2025-04-18T11:50:23.846+0000] {logging_mixin.py:190} INFO - [2025-04-18T11:50:23.846+0000] {dag.py:3262} INFO - Creating ORM DAG for example_task_group
[2025-04-18T11:50:23.851+0000] {logging_mixin.py:190} INFO - [2025-04-18T11:50:23.850+0000] {dag.py:4180} INFO - Setting next_dagrun for example_task_group to None, run_after=None
[2025-04-18T11:50:24.113+0000] {processor.py:208} INFO - Processing /home/airflow/.local/lib/python3.12/site-packages/airflow/example_dags/example_task_group.py took 1.634 seconds
[2025-04-18T11:52:03.338+0000] {processor.py:186} INFO - Started process (PID=215) to work on /home/airflow/.local/lib/python3.12/site-packages/airflow/example_dags/example_task_group.py
[2025-04-18T11:52:03.356+0000] {processor.py:914} INFO - Processing file /home/airflow/.local/lib/python3.12/site-packages/airflow/example_dags/example_task_group.py for tasks to queue
[2025-04-18T11:52:03.375+0000] {logging_mixin.py:190} INFO - [2025-04-18T11:52:03.374+0000] {dagbag.py:588} INFO - Filling up the DagBag from /home/airflow/.local/lib/python3.12/site-packages/airflow/example_dags/example_task_group.py
[2025-04-18T11:52:03.434+0000] {processor.py:925} INFO - DAG(s) 'example_task_group' retrieved from /home/airflow/.local/lib/python3.12/site-packages/airflow/example_dags/example_task_group.py
[2025-04-18T11:52:03.582+0000] {logging_mixin.py:190} INFO - [2025-04-18T11:52:03.582+0000] {dag.py:3239} INFO - Sync 1 DAGs
[2025-04-18T11:52:03.677+0000] {logging_mixin.py:190} INFO - [2025-04-18T11:52:03.676+0000] {dag.py:4180} INFO - Setting next_dagrun for example_task_group to None, run_after=None
[2025-04-18T11:52:04.013+0000] {processor.py:208} INFO - Processing /home/airflow/.local/lib/python3.12/site-packages/airflow/example_dags/example_task_group.py took 0.693 seconds
[2025-04-18T11:53:05.182+0000] {processor.py:186} INFO - Started process (PID=288) to work on /home/airflow/.local/lib/python3.12/site-packages/airflow/example_dags/example_task_group.py
[2025-04-18T11:53:05.201+0000] {processor.py:914} INFO - Processing file /home/airflow/.local/lib/python3.12/site-packages/airflow/example_dags/example_task_group.py for tasks to queue
[2025-04-18T11:53:05.335+0000] {logging_mixin.py:190} INFO - [2025-04-18T11:53:05.334+0000] {dagbag.py:588} INFO - Filling up the DagBag from /home/airflow/.local/lib/python3.12/site-packages/airflow/example_dags/example_task_group.py
[2025-04-18T11:53:05.392+0000] {processor.py:925} INFO - DAG(s) 'example_task_group' retrieved from /home/airflow/.local/lib/python3.12/site-packages/airflow/example_dags/example_task_group.py
[2025-04-18T11:53:06.269+0000] {logging_mixin.py:190} INFO - [2025-04-18T11:53:06.268+0000] {dag.py:3239} INFO - Sync 1 DAGs
[2025-04-18T11:53:06.349+0000] {logging_mixin.py:190} INFO - [2025-04-18T11:53:06.348+0000] {dag.py:4180} INFO - Setting next_dagrun for example_task_group to None, run_after=None
[2025-04-18T11:53:06.423+0000] {processor.py:208} INFO - Processing /home/airflow/.local/lib/python3.12/site-packages/airflow/example_dags/example_task_group.py took 1.344 seconds
[2025-04-18T11:54:05.545+0000] {processor.py:186} INFO - Started process (PID=347) to work on /home/airflow/.local/lib/python3.12/site-packages/airflow/example_dags/example_task_group.py
[2025-04-18T11:54:05.681+0000] {processor.py:914} INFO - Processing file /home/airflow/.local/lib/python3.12/site-packages/airflow/example_dags/example_task_group.py for tasks to queue
[2025-04-18T11:54:05.819+0000] {logging_mixin.py:190} INFO - [2025-04-18T11:54:05.797+0000] {dagbag.py:588} INFO - Filling up the DagBag from /home/airflow/.local/lib/python3.12/site-packages/airflow/example_dags/example_task_group.py
[2025-04-18T11:54:06.118+0000] {processor.py:925} INFO - DAG(s) 'example_task_group' retrieved from /home/airflow/.local/lib/python3.12/site-packages/airflow/example_dags/example_task_group.py
[2025-04-18T11:54:07.067+0000] {logging_mixin.py:190} INFO - [2025-04-18T11:54:07.066+0000] {dag.py:3239} INFO - Sync 1 DAGs
[2025-04-18T11:54:07.151+0000] {logging_mixin.py:190} INFO - [2025-04-18T11:54:07.151+0000] {dag.py:4180} INFO - Setting next_dagrun for example_task_group to None, run_after=None
[2025-04-18T11:54:07.333+0000] {processor.py:208} INFO - Processing /home/airflow/.local/lib/python3.12/site-packages/airflow/example_dags/example_task_group.py took 1.824 seconds
[2025-04-18T11:54:59.035+0000] {processor.py:186} INFO - Started process (PID=409) to work on /home/airflow/.local/lib/python3.12/site-packages/airflow/example_dags/example_task_group.py
[2025-04-18T11:54:59.052+0000] {processor.py:914} INFO - Processing file /home/airflow/.local/lib/python3.12/site-packages/airflow/example_dags/example_task_group.py for tasks to queue
[2025-04-18T11:54:59.086+0000] {logging_mixin.py:190} INFO - [2025-04-18T11:54:59.078+0000] {dagbag.py:588} INFO - Filling up the DagBag from /home/airflow/.local/lib/python3.12/site-packages/airflow/example_dags/example_task_group.py
[2025-04-18T11:54:59.143+0000] {processor.py:925} INFO - DAG(s) 'example_task_group' retrieved from /home/airflow/.local/lib/python3.12/site-packages/airflow/example_dags/example_task_group.py
[2025-04-18T11:54:59.260+0000] {logging_mixin.py:190} INFO - [2025-04-18T11:54:59.257+0000] {dag.py:3239} INFO - Sync 1 DAGs
[2025-04-18T11:54:59.329+0000] {logging_mixin.py:190} INFO - [2025-04-18T11:54:59.328+0000] {dag.py:4180} INFO - Setting next_dagrun for example_task_group to None, run_after=None
[2025-04-18T11:54:59.414+0000] {processor.py:208} INFO - Processing /home/airflow/.local/lib/python3.12/site-packages/airflow/example_dags/example_task_group.py took 0.413 seconds
[2025-04-18T11:56:17.882+0000] {processor.py:186} INFO - Started process (PID=478) to work on /home/airflow/.local/lib/python3.12/site-packages/airflow/example_dags/example_task_group.py
[2025-04-18T11:56:17.886+0000] {processor.py:914} INFO - Processing file /home/airflow/.local/lib/python3.12/site-packages/airflow/example_dags/example_task_group.py for tasks to queue
[2025-04-18T11:56:17.901+0000] {logging_mixin.py:190} INFO - [2025-04-18T11:56:17.900+0000] {dagbag.py:588} INFO - Filling up the DagBag from /home/airflow/.local/lib/python3.12/site-packages/airflow/example_dags/example_task_group.py
[2025-04-18T11:56:17.965+0000] {processor.py:925} INFO - DAG(s) 'example_task_group' retrieved from /home/airflow/.local/lib/python3.12/site-packages/airflow/example_dags/example_task_group.py
[2025-04-18T11:56:18.103+0000] {logging_mixin.py:190} INFO - [2025-04-18T11:56:18.102+0000] {dag.py:3239} INFO - Sync 1 DAGs
[2025-04-18T11:56:18.230+0000] {logging_mixin.py:190} INFO - [2025-04-18T11:56:18.229+0000] {dag.py:4180} INFO - Setting next_dagrun for example_task_group to None, run_after=None
[2025-04-18T11:56:18.413+0000] {processor.py:208} INFO - Processing /home/airflow/.local/lib/python3.12/site-packages/airflow/example_dags/example_task_group.py took 0.548 seconds
[2025-04-18T11:57:10.758+0000] {processor.py:186} INFO - Started process (PID=547) to work on /home/airflow/.local/lib/python3.12/site-packages/airflow/example_dags/example_task_group.py
[2025-04-18T11:57:10.780+0000] {processor.py:914} INFO - Processing file /home/airflow/.local/lib/python3.12/site-packages/airflow/example_dags/example_task_group.py for tasks to queue
[2025-04-18T11:57:10.874+0000] {logging_mixin.py:190} INFO - [2025-04-18T11:57:10.871+0000] {dagbag.py:588} INFO - Filling up the DagBag from /home/airflow/.local/lib/python3.12/site-packages/airflow/example_dags/example_task_group.py
[2025-04-18T11:57:10.919+0000] {processor.py:925} INFO - DAG(s) 'example_task_group' retrieved from /home/airflow/.local/lib/python3.12/site-packages/airflow/example_dags/example_task_group.py
[2025-04-18T11:57:11.913+0000] {logging_mixin.py:190} INFO - [2025-04-18T11:57:11.912+0000] {dag.py:3239} INFO - Sync 1 DAGs
[2025-04-18T11:57:12.035+0000] {logging_mixin.py:190} INFO - [2025-04-18T11:57:12.034+0000] {dag.py:4180} INFO - Setting next_dagrun for example_task_group to None, run_after=None
[2025-04-18T11:57:12.248+0000] {processor.py:208} INFO - Processing /home/airflow/.local/lib/python3.12/site-packages/airflow/example_dags/example_task_group.py took 1.526 seconds
[2025-04-18T11:58:03.220+0000] {processor.py:186} INFO - Started process (PID=606) to work on /home/airflow/.local/lib/python3.12/site-packages/airflow/example_dags/example_task_group.py
[2025-04-18T11:58:03.242+0000] {processor.py:914} INFO - Processing file /home/airflow/.local/lib/python3.12/site-packages/airflow/example_dags/example_task_group.py for tasks to queue
[2025-04-18T11:58:03.273+0000] {logging_mixin.py:190} INFO - [2025-04-18T11:58:03.271+0000] {dagbag.py:588} INFO - Filling up the DagBag from /home/airflow/.local/lib/python3.12/site-packages/airflow/example_dags/example_task_group.py
[2025-04-18T11:58:03.300+0000] {processor.py:925} INFO - DAG(s) 'example_task_group' retrieved from /home/airflow/.local/lib/python3.12/site-packages/airflow/example_dags/example_task_group.py
[2025-04-18T11:58:03.523+0000] {logging_mixin.py:190} INFO - [2025-04-18T11:58:03.522+0000] {dag.py:3239} INFO - Sync 1 DAGs
[2025-04-18T11:58:03.633+0000] {logging_mixin.py:190} INFO - [2025-04-18T11:58:03.633+0000] {dag.py:4180} INFO - Setting next_dagrun for example_task_group to None, run_after=None
[2025-04-18T11:58:03.750+0000] {processor.py:208} INFO - Processing /home/airflow/.local/lib/python3.12/site-packages/airflow/example_dags/example_task_group.py took 0.548 seconds
[2025-04-18T12:00:06.799+0000] {processor.py:186} INFO - Started process (PID=710) to work on /home/airflow/.local/lib/python3.12/site-packages/airflow/example_dags/example_task_group.py
[2025-04-18T12:00:06.831+0000] {processor.py:914} INFO - Processing file /home/airflow/.local/lib/python3.12/site-packages/airflow/example_dags/example_task_group.py for tasks to queue
[2025-04-18T12:00:06.945+0000] {logging_mixin.py:190} INFO - [2025-04-18T12:00:06.942+0000] {dagbag.py:588} INFO - Filling up the DagBag from /home/airflow/.local/lib/python3.12/site-packages/airflow/example_dags/example_task_group.py
[2025-04-18T12:00:07.115+0000] {processor.py:925} INFO - DAG(s) 'example_task_group' retrieved from /home/airflow/.local/lib/python3.12/site-packages/airflow/example_dags/example_task_group.py
[2025-04-18T12:00:07.448+0000] {logging_mixin.py:190} INFO - [2025-04-18T12:00:07.445+0000] {dag.py:3239} INFO - Sync 1 DAGs
[2025-04-18T12:00:07.763+0000] {logging_mixin.py:190} INFO - [2025-04-18T12:00:07.762+0000] {dag.py:4180} INFO - Setting next_dagrun for example_task_group to None, run_after=None
[2025-04-18T12:00:08.240+0000] {processor.py:208} INFO - Processing /home/airflow/.local/lib/python3.12/site-packages/airflow/example_dags/example_task_group.py took 1.478 seconds
[2025-04-18T12:01:33.220+0000] {processor.py:186} INFO - Started process (PID=794) to work on /home/airflow/.local/lib/python3.12/site-packages/airflow/example_dags/example_task_group.py
[2025-04-18T12:01:33.266+0000] {processor.py:914} INFO - Processing file /home/airflow/.local/lib/python3.12/site-packages/airflow/example_dags/example_task_group.py for tasks to queue
[2025-04-18T12:01:33.307+0000] {logging_mixin.py:190} INFO - [2025-04-18T12:01:33.298+0000] {dagbag.py:588} INFO - Filling up the DagBag from /home/airflow/.local/lib/python3.12/site-packages/airflow/example_dags/example_task_group.py
[2025-04-18T12:01:33.380+0000] {processor.py:925} INFO - DAG(s) 'example_task_group' retrieved from /home/airflow/.local/lib/python3.12/site-packages/airflow/example_dags/example_task_group.py
[2025-04-18T12:01:33.525+0000] {logging_mixin.py:190} INFO - [2025-04-18T12:01:33.523+0000] {dag.py:3239} INFO - Sync 1 DAGs
[2025-04-18T12:01:33.620+0000] {logging_mixin.py:190} INFO - [2025-04-18T12:01:33.617+0000] {dag.py:4180} INFO - Setting next_dagrun for example_task_group to None, run_after=None
[2025-04-18T12:01:34.076+0000] {processor.py:208} INFO - Processing /home/airflow/.local/lib/python3.12/site-packages/airflow/example_dags/example_task_group.py took 0.962 seconds
[2025-04-18T12:03:32.056+0000] {processor.py:186} INFO - Started process (PID=901) to work on /home/airflow/.local/lib/python3.12/site-packages/airflow/example_dags/example_task_group.py
[2025-04-18T12:03:32.073+0000] {processor.py:914} INFO - Processing file /home/airflow/.local/lib/python3.12/site-packages/airflow/example_dags/example_task_group.py for tasks to queue
[2025-04-18T12:03:32.089+0000] {logging_mixin.py:190} INFO - [2025-04-18T12:03:32.084+0000] {dagbag.py:588} INFO - Filling up the DagBag from /home/airflow/.local/lib/python3.12/site-packages/airflow/example_dags/example_task_group.py
[2025-04-18T12:03:32.176+0000] {processor.py:925} INFO - DAG(s) 'example_task_group' retrieved from /home/airflow/.local/lib/python3.12/site-packages/airflow/example_dags/example_task_group.py
[2025-04-18T12:03:32.456+0000] {logging_mixin.py:190} INFO - [2025-04-18T12:03:32.455+0000] {dag.py:3239} INFO - Sync 1 DAGs
[2025-04-18T12:03:32.620+0000] {logging_mixin.py:190} INFO - [2025-04-18T12:03:32.619+0000] {dag.py:4180} INFO - Setting next_dagrun for example_task_group to None, run_after=None
[2025-04-18T12:03:33.425+0000] {processor.py:208} INFO - Processing /home/airflow/.local/lib/python3.12/site-packages/airflow/example_dags/example_task_group.py took 1.398 seconds
[2025-04-18T12:04:43.135+0000] {processor.py:186} INFO - Started process (PID=974) to work on /home/airflow/.local/lib/python3.12/site-packages/airflow/example_dags/example_task_group.py
[2025-04-18T12:04:43.168+0000] {processor.py:914} INFO - Processing file /home/airflow/.local/lib/python3.12/site-packages/airflow/example_dags/example_task_group.py for tasks to queue
[2025-04-18T12:04:43.219+0000] {logging_mixin.py:190} INFO - [2025-04-18T12:04:43.203+0000] {dagbag.py:588} INFO - Filling up the DagBag from /home/airflow/.local/lib/python3.12/site-packages/airflow/example_dags/example_task_group.py
[2025-04-18T12:04:43.375+0000] {processor.py:925} INFO - DAG(s) 'example_task_group' retrieved from /home/airflow/.local/lib/python3.12/site-packages/airflow/example_dags/example_task_group.py
[2025-04-18T12:04:43.863+0000] {logging_mixin.py:190} INFO - [2025-04-18T12:04:43.862+0000] {dag.py:3239} INFO - Sync 1 DAGs
[2025-04-18T12:04:44.106+0000] {logging_mixin.py:190} INFO - [2025-04-18T12:04:44.106+0000] {dag.py:4180} INFO - Setting next_dagrun for example_task_group to None, run_after=None
[2025-04-18T12:04:44.425+0000] {processor.py:208} INFO - Processing /home/airflow/.local/lib/python3.12/site-packages/airflow/example_dags/example_task_group.py took 1.328 seconds
[2025-04-18T12:05:47.183+0000] {processor.py:186} INFO - Started process (PID=1047) to work on /home/airflow/.local/lib/python3.12/site-packages/airflow/example_dags/example_task_group.py
[2025-04-18T12:05:47.200+0000] {processor.py:914} INFO - Processing file /home/airflow/.local/lib/python3.12/site-packages/airflow/example_dags/example_task_group.py for tasks to queue
[2025-04-18T12:05:47.221+0000] {logging_mixin.py:190} INFO - [2025-04-18T12:05:47.220+0000] {dagbag.py:588} INFO - Filling up the DagBag from /home/airflow/.local/lib/python3.12/site-packages/airflow/example_dags/example_task_group.py
[2025-04-18T12:05:47.248+0000] {processor.py:925} INFO - DAG(s) 'example_task_group' retrieved from /home/airflow/.local/lib/python3.12/site-packages/airflow/example_dags/example_task_group.py
[2025-04-18T12:05:47.449+0000] {logging_mixin.py:190} INFO - [2025-04-18T12:05:47.449+0000] {dag.py:3239} INFO - Sync 1 DAGs
[2025-04-18T12:05:47.513+0000] {logging_mixin.py:190} INFO - [2025-04-18T12:05:47.513+0000] {dag.py:4180} INFO - Setting next_dagrun for example_task_group to None, run_after=None
[2025-04-18T12:05:47.785+0000] {processor.py:208} INFO - Processing /home/airflow/.local/lib/python3.12/site-packages/airflow/example_dags/example_task_group.py took 0.719 seconds
[2025-04-18T17:37:32.949+0000] {processor.py:186} INFO - Started process (PID=129) to work on /home/airflow/.local/lib/python3.12/site-packages/airflow/example_dags/example_task_group.py
[2025-04-18T17:37:32.954+0000] {processor.py:914} INFO - Processing file /home/airflow/.local/lib/python3.12/site-packages/airflow/example_dags/example_task_group.py for tasks to queue
[2025-04-18T17:37:32.962+0000] {logging_mixin.py:190} INFO - [2025-04-18T17:37:32.961+0000] {dagbag.py:588} INFO - Filling up the DagBag from /home/airflow/.local/lib/python3.12/site-packages/airflow/example_dags/example_task_group.py
[2025-04-18T17:37:32.991+0000] {processor.py:925} INFO - DAG(s) 'example_task_group' retrieved from /home/airflow/.local/lib/python3.12/site-packages/airflow/example_dags/example_task_group.py
[2025-04-18T17:37:33.069+0000] {logging_mixin.py:190} INFO - [2025-04-18T17:37:33.069+0000] {dag.py:3239} INFO - Sync 1 DAGs
[2025-04-18T17:37:33.140+0000] {logging_mixin.py:190} INFO - [2025-04-18T17:37:33.139+0000] {dag.py:4180} INFO - Setting next_dagrun for example_task_group to None, run_after=None
[2025-04-18T17:37:33.204+0000] {processor.py:208} INFO - Processing /home/airflow/.local/lib/python3.12/site-packages/airflow/example_dags/example_task_group.py took 0.270 seconds
[2025-04-18T17:38:05.805+0000] {processor.py:186} INFO - Started process (PID=193) to work on /home/airflow/.local/lib/python3.12/site-packages/airflow/example_dags/example_task_group.py
[2025-04-18T17:38:05.809+0000] {processor.py:914} INFO - Processing file /home/airflow/.local/lib/python3.12/site-packages/airflow/example_dags/example_task_group.py for tasks to queue
[2025-04-18T17:38:05.815+0000] {logging_mixin.py:190} INFO - [2025-04-18T17:38:05.814+0000] {dagbag.py:588} INFO - Filling up the DagBag from /home/airflow/.local/lib/python3.12/site-packages/airflow/example_dags/example_task_group.py
[2025-04-18T17:38:05.836+0000] {processor.py:925} INFO - DAG(s) 'example_task_group' retrieved from /home/airflow/.local/lib/python3.12/site-packages/airflow/example_dags/example_task_group.py
[2025-04-18T17:38:05.881+0000] {logging_mixin.py:190} INFO - [2025-04-18T17:38:05.881+0000] {dag.py:3239} INFO - Sync 1 DAGs
[2025-04-18T17:38:05.910+0000] {logging_mixin.py:190} INFO - [2025-04-18T17:38:05.910+0000] {dag.py:4180} INFO - Setting next_dagrun for example_task_group to None, run_after=None
[2025-04-18T17:38:05.960+0000] {processor.py:208} INFO - Processing /home/airflow/.local/lib/python3.12/site-packages/airflow/example_dags/example_task_group.py took 0.169 seconds
[2025-04-18T17:38:38.912+0000] {processor.py:186} INFO - Started process (PID=257) to work on /home/airflow/.local/lib/python3.12/site-packages/airflow/example_dags/example_task_group.py
[2025-04-18T17:38:38.917+0000] {processor.py:914} INFO - Processing file /home/airflow/.local/lib/python3.12/site-packages/airflow/example_dags/example_task_group.py for tasks to queue
[2025-04-18T17:38:38.932+0000] {logging_mixin.py:190} INFO - [2025-04-18T17:38:38.930+0000] {dagbag.py:588} INFO - Filling up the DagBag from /home/airflow/.local/lib/python3.12/site-packages/airflow/example_dags/example_task_group.py
[2025-04-18T17:38:38.960+0000] {processor.py:925} INFO - DAG(s) 'example_task_group' retrieved from /home/airflow/.local/lib/python3.12/site-packages/airflow/example_dags/example_task_group.py
[2025-04-18T17:38:39.043+0000] {logging_mixin.py:190} INFO - [2025-04-18T17:38:39.042+0000] {dag.py:3239} INFO - Sync 1 DAGs
[2025-04-18T17:38:39.096+0000] {logging_mixin.py:190} INFO - [2025-04-18T17:38:39.096+0000] {dag.py:4180} INFO - Setting next_dagrun for example_task_group to None, run_after=None
[2025-04-18T17:38:39.184+0000] {processor.py:208} INFO - Processing /home/airflow/.local/lib/python3.12/site-packages/airflow/example_dags/example_task_group.py took 0.295 seconds
[2025-04-18T17:39:09.821+0000] {processor.py:186} INFO - Started process (PID=321) to work on /home/airflow/.local/lib/python3.12/site-packages/airflow/example_dags/example_task_group.py
[2025-04-18T17:39:09.826+0000] {processor.py:914} INFO - Processing file /home/airflow/.local/lib/python3.12/site-packages/airflow/example_dags/example_task_group.py for tasks to queue
[2025-04-18T17:39:09.834+0000] {logging_mixin.py:190} INFO - [2025-04-18T17:39:09.833+0000] {dagbag.py:588} INFO - Filling up the DagBag from /home/airflow/.local/lib/python3.12/site-packages/airflow/example_dags/example_task_group.py
[2025-04-18T17:39:09.867+0000] {processor.py:925} INFO - DAG(s) 'example_task_group' retrieved from /home/airflow/.local/lib/python3.12/site-packages/airflow/example_dags/example_task_group.py
[2025-04-18T17:39:09.973+0000] {logging_mixin.py:190} INFO - [2025-04-18T17:39:09.972+0000] {dag.py:3239} INFO - Sync 1 DAGs
[2025-04-18T17:39:10.050+0000] {logging_mixin.py:190} INFO - [2025-04-18T17:39:10.049+0000] {dag.py:4180} INFO - Setting next_dagrun for example_task_group to None, run_after=None
[2025-04-18T17:39:10.177+0000] {processor.py:208} INFO - Processing /home/airflow/.local/lib/python3.12/site-packages/airflow/example_dags/example_task_group.py took 0.376 seconds
[2025-04-18T17:39:41.649+0000] {processor.py:186} INFO - Started process (PID=385) to work on /home/airflow/.local/lib/python3.12/site-packages/airflow/example_dags/example_task_group.py
[2025-04-18T17:39:41.654+0000] {processor.py:914} INFO - Processing file /home/airflow/.local/lib/python3.12/site-packages/airflow/example_dags/example_task_group.py for tasks to queue
[2025-04-18T17:39:41.664+0000] {logging_mixin.py:190} INFO - [2025-04-18T17:39:41.663+0000] {dagbag.py:588} INFO - Filling up the DagBag from /home/airflow/.local/lib/python3.12/site-packages/airflow/example_dags/example_task_group.py
[2025-04-18T17:39:41.713+0000] {processor.py:925} INFO - DAG(s) 'example_task_group' retrieved from /home/airflow/.local/lib/python3.12/site-packages/airflow/example_dags/example_task_group.py
[2025-04-18T17:39:41.822+0000] {logging_mixin.py:190} INFO - [2025-04-18T17:39:41.822+0000] {dag.py:3239} INFO - Sync 1 DAGs
[2025-04-18T17:39:41.887+0000] {logging_mixin.py:190} INFO - [2025-04-18T17:39:41.886+0000] {dag.py:4180} INFO - Setting next_dagrun for example_task_group to None, run_after=None
[2025-04-18T17:39:42.004+0000] {processor.py:208} INFO - Processing /home/airflow/.local/lib/python3.12/site-packages/airflow/example_dags/example_task_group.py took 0.376 seconds
[2025-04-18T17:40:15.467+0000] {processor.py:186} INFO - Started process (PID=455) to work on /home/airflow/.local/lib/python3.12/site-packages/airflow/example_dags/example_task_group.py
[2025-04-18T17:40:15.474+0000] {processor.py:914} INFO - Processing file /home/airflow/.local/lib/python3.12/site-packages/airflow/example_dags/example_task_group.py for tasks to queue
[2025-04-18T17:40:15.483+0000] {logging_mixin.py:190} INFO - [2025-04-18T17:40:15.482+0000] {dagbag.py:588} INFO - Filling up the DagBag from /home/airflow/.local/lib/python3.12/site-packages/airflow/example_dags/example_task_group.py
[2025-04-18T17:40:15.525+0000] {processor.py:925} INFO - DAG(s) 'example_task_group' retrieved from /home/airflow/.local/lib/python3.12/site-packages/airflow/example_dags/example_task_group.py
[2025-04-18T17:40:15.600+0000] {logging_mixin.py:190} INFO - [2025-04-18T17:40:15.599+0000] {dag.py:3239} INFO - Sync 1 DAGs
[2025-04-18T17:40:15.669+0000] {logging_mixin.py:190} INFO - [2025-04-18T17:40:15.664+0000] {dag.py:4180} INFO - Setting next_dagrun for example_task_group to None, run_after=None
[2025-04-18T17:40:15.797+0000] {processor.py:208} INFO - Processing /home/airflow/.local/lib/python3.12/site-packages/airflow/example_dags/example_task_group.py took 0.349 seconds
[2025-04-18T17:40:46.321+0000] {processor.py:186} INFO - Started process (PID=519) to work on /home/airflow/.local/lib/python3.12/site-packages/airflow/example_dags/example_task_group.py
[2025-04-18T17:40:46.325+0000] {processor.py:914} INFO - Processing file /home/airflow/.local/lib/python3.12/site-packages/airflow/example_dags/example_task_group.py for tasks to queue
[2025-04-18T17:40:46.333+0000] {logging_mixin.py:190} INFO - [2025-04-18T17:40:46.332+0000] {dagbag.py:588} INFO - Filling up the DagBag from /home/airflow/.local/lib/python3.12/site-packages/airflow/example_dags/example_task_group.py
[2025-04-18T17:40:46.354+0000] {processor.py:925} INFO - DAG(s) 'example_task_group' retrieved from /home/airflow/.local/lib/python3.12/site-packages/airflow/example_dags/example_task_group.py
[2025-04-18T17:40:46.397+0000] {logging_mixin.py:190} INFO - [2025-04-18T17:40:46.397+0000] {dag.py:3239} INFO - Sync 1 DAGs
[2025-04-18T17:40:46.427+0000] {logging_mixin.py:190} INFO - [2025-04-18T17:40:46.427+0000] {dag.py:4180} INFO - Setting next_dagrun for example_task_group to None, run_after=None
[2025-04-18T17:40:46.475+0000] {processor.py:208} INFO - Processing /home/airflow/.local/lib/python3.12/site-packages/airflow/example_dags/example_task_group.py took 0.169 seconds
[2025-04-18T17:41:23.697+0000] {processor.py:186} INFO - Started process (PID=584) to work on /home/airflow/.local/lib/python3.12/site-packages/airflow/example_dags/example_task_group.py
[2025-04-18T17:41:23.701+0000] {processor.py:914} INFO - Processing file /home/airflow/.local/lib/python3.12/site-packages/airflow/example_dags/example_task_group.py for tasks to queue
[2025-04-18T17:41:23.707+0000] {logging_mixin.py:190} INFO - [2025-04-18T17:41:23.706+0000] {dagbag.py:588} INFO - Filling up the DagBag from /home/airflow/.local/lib/python3.12/site-packages/airflow/example_dags/example_task_group.py
[2025-04-18T17:41:23.730+0000] {processor.py:925} INFO - DAG(s) 'example_task_group' retrieved from /home/airflow/.local/lib/python3.12/site-packages/airflow/example_dags/example_task_group.py
[2025-04-18T17:41:23.788+0000] {logging_mixin.py:190} INFO - [2025-04-18T17:41:23.787+0000] {dag.py:3239} INFO - Sync 1 DAGs
[2025-04-18T17:41:23.829+0000] {logging_mixin.py:190} INFO - [2025-04-18T17:41:23.828+0000] {dag.py:4180} INFO - Setting next_dagrun for example_task_group to None, run_after=None
[2025-04-18T17:41:23.884+0000] {processor.py:208} INFO - Processing /home/airflow/.local/lib/python3.12/site-packages/airflow/example_dags/example_task_group.py took 0.203 seconds
[2025-04-18T17:42:05.054+0000] {processor.py:186} INFO - Started process (PID=648) to work on /home/airflow/.local/lib/python3.12/site-packages/airflow/example_dags/example_task_group.py
[2025-04-18T17:42:05.059+0000] {processor.py:914} INFO - Processing file /home/airflow/.local/lib/python3.12/site-packages/airflow/example_dags/example_task_group.py for tasks to queue
[2025-04-18T17:42:05.066+0000] {logging_mixin.py:190} INFO - [2025-04-18T17:42:05.065+0000] {dagbag.py:588} INFO - Filling up the DagBag from /home/airflow/.local/lib/python3.12/site-packages/airflow/example_dags/example_task_group.py
[2025-04-18T17:42:05.093+0000] {processor.py:925} INFO - DAG(s) 'example_task_group' retrieved from /home/airflow/.local/lib/python3.12/site-packages/airflow/example_dags/example_task_group.py
[2025-04-18T17:42:05.168+0000] {logging_mixin.py:190} INFO - [2025-04-18T17:42:05.167+0000] {dag.py:3239} INFO - Sync 1 DAGs
[2025-04-18T17:42:05.222+0000] {logging_mixin.py:190} INFO - [2025-04-18T17:42:05.221+0000] {dag.py:4180} INFO - Setting next_dagrun for example_task_group to None, run_after=None
[2025-04-18T17:42:05.329+0000] {processor.py:208} INFO - Processing /home/airflow/.local/lib/python3.12/site-packages/airflow/example_dags/example_task_group.py took 0.291 seconds
[2025-04-18T17:42:37.146+0000] {processor.py:186} INFO - Started process (PID=712) to work on /home/airflow/.local/lib/python3.12/site-packages/airflow/example_dags/example_task_group.py
[2025-04-18T17:42:37.149+0000] {processor.py:914} INFO - Processing file /home/airflow/.local/lib/python3.12/site-packages/airflow/example_dags/example_task_group.py for tasks to queue
[2025-04-18T17:42:37.157+0000] {logging_mixin.py:190} INFO - [2025-04-18T17:42:37.156+0000] {dagbag.py:588} INFO - Filling up the DagBag from /home/airflow/.local/lib/python3.12/site-packages/airflow/example_dags/example_task_group.py
[2025-04-18T17:42:37.183+0000] {processor.py:925} INFO - DAG(s) 'example_task_group' retrieved from /home/airflow/.local/lib/python3.12/site-packages/airflow/example_dags/example_task_group.py
[2025-04-18T17:42:37.242+0000] {logging_mixin.py:190} INFO - [2025-04-18T17:42:37.242+0000] {dag.py:3239} INFO - Sync 1 DAGs
[2025-04-18T17:42:37.283+0000] {logging_mixin.py:190} INFO - [2025-04-18T17:42:37.282+0000] {dag.py:4180} INFO - Setting next_dagrun for example_task_group to None, run_after=None
[2025-04-18T17:42:37.336+0000] {processor.py:208} INFO - Processing /home/airflow/.local/lib/python3.12/site-packages/airflow/example_dags/example_task_group.py took 0.205 seconds
[2025-04-18T17:43:13.628+0000] {processor.py:186} INFO - Started process (PID=776) to work on /home/airflow/.local/lib/python3.12/site-packages/airflow/example_dags/example_task_group.py
[2025-04-18T17:43:13.637+0000] {processor.py:914} INFO - Processing file /home/airflow/.local/lib/python3.12/site-packages/airflow/example_dags/example_task_group.py for tasks to queue
[2025-04-18T17:43:13.652+0000] {logging_mixin.py:190} INFO - [2025-04-18T17:43:13.651+0000] {dagbag.py:588} INFO - Filling up the DagBag from /home/airflow/.local/lib/python3.12/site-packages/airflow/example_dags/example_task_group.py
[2025-04-18T17:43:13.695+0000] {processor.py:925} INFO - DAG(s) 'example_task_group' retrieved from /home/airflow/.local/lib/python3.12/site-packages/airflow/example_dags/example_task_group.py
[2025-04-18T17:43:13.806+0000] {logging_mixin.py:190} INFO - [2025-04-18T17:43:13.805+0000] {dag.py:3239} INFO - Sync 1 DAGs
[2025-04-18T17:43:13.984+0000] {logging_mixin.py:190} INFO - [2025-04-18T17:43:13.970+0000] {dag.py:4180} INFO - Setting next_dagrun for example_task_group to None, run_after=None
[2025-04-18T17:43:14.331+0000] {processor.py:208} INFO - Processing /home/airflow/.local/lib/python3.12/site-packages/airflow/example_dags/example_task_group.py took 0.728 seconds
[2025-04-18T17:43:46.606+0000] {processor.py:186} INFO - Started process (PID=848) to work on /home/airflow/.local/lib/python3.12/site-packages/airflow/example_dags/example_task_group.py
[2025-04-18T17:43:46.615+0000] {processor.py:914} INFO - Processing file /home/airflow/.local/lib/python3.12/site-packages/airflow/example_dags/example_task_group.py for tasks to queue
[2025-04-18T17:43:46.641+0000] {logging_mixin.py:190} INFO - [2025-04-18T17:43:46.638+0000] {dagbag.py:588} INFO - Filling up the DagBag from /home/airflow/.local/lib/python3.12/site-packages/airflow/example_dags/example_task_group.py
[2025-04-18T17:43:46.680+0000] {processor.py:925} INFO - DAG(s) 'example_task_group' retrieved from /home/airflow/.local/lib/python3.12/site-packages/airflow/example_dags/example_task_group.py
[2025-04-18T17:43:46.825+0000] {logging_mixin.py:190} INFO - [2025-04-18T17:43:46.823+0000] {dag.py:3239} INFO - Sync 1 DAGs
[2025-04-18T17:43:46.910+0000] {logging_mixin.py:190} INFO - [2025-04-18T17:43:46.909+0000] {dag.py:4180} INFO - Setting next_dagrun for example_task_group to None, run_after=None
[2025-04-18T17:43:47.030+0000] {processor.py:208} INFO - Processing /home/airflow/.local/lib/python3.12/site-packages/airflow/example_dags/example_task_group.py took 0.447 seconds
[2025-04-18T17:44:19.415+0000] {processor.py:186} INFO - Started process (PID=924) to work on /home/airflow/.local/lib/python3.12/site-packages/airflow/example_dags/example_task_group.py
[2025-04-18T17:44:19.419+0000] {processor.py:914} INFO - Processing file /home/airflow/.local/lib/python3.12/site-packages/airflow/example_dags/example_task_group.py for tasks to queue
[2025-04-18T17:44:19.425+0000] {logging_mixin.py:190} INFO - [2025-04-18T17:44:19.424+0000] {dagbag.py:588} INFO - Filling up the DagBag from /home/airflow/.local/lib/python3.12/site-packages/airflow/example_dags/example_task_group.py
[2025-04-18T17:44:19.452+0000] {processor.py:925} INFO - DAG(s) 'example_task_group' retrieved from /home/airflow/.local/lib/python3.12/site-packages/airflow/example_dags/example_task_group.py
[2025-04-18T17:44:19.514+0000] {logging_mixin.py:190} INFO - [2025-04-18T17:44:19.513+0000] {dag.py:3239} INFO - Sync 1 DAGs
[2025-04-18T17:44:19.561+0000] {logging_mixin.py:190} INFO - [2025-04-18T17:44:19.560+0000] {dag.py:4180} INFO - Setting next_dagrun for example_task_group to None, run_after=None
[2025-04-18T17:44:19.620+0000] {processor.py:208} INFO - Processing /home/airflow/.local/lib/python3.12/site-packages/airflow/example_dags/example_task_group.py took 0.220 seconds
[2025-04-18T17:44:55.937+0000] {processor.py:186} INFO - Started process (PID=989) to work on /home/airflow/.local/lib/python3.12/site-packages/airflow/example_dags/example_task_group.py
[2025-04-18T17:44:55.940+0000] {processor.py:914} INFO - Processing file /home/airflow/.local/lib/python3.12/site-packages/airflow/example_dags/example_task_group.py for tasks to queue
[2025-04-18T17:44:55.950+0000] {logging_mixin.py:190} INFO - [2025-04-18T17:44:55.948+0000] {dagbag.py:588} INFO - Filling up the DagBag from /home/airflow/.local/lib/python3.12/site-packages/airflow/example_dags/example_task_group.py
[2025-04-18T17:44:55.988+0000] {processor.py:925} INFO - DAG(s) 'example_task_group' retrieved from /home/airflow/.local/lib/python3.12/site-packages/airflow/example_dags/example_task_group.py
[2025-04-18T17:44:56.083+0000] {logging_mixin.py:190} INFO - [2025-04-18T17:44:56.082+0000] {dag.py:3239} INFO - Sync 1 DAGs
[2025-04-18T17:44:56.138+0000] {logging_mixin.py:190} INFO - [2025-04-18T17:44:56.137+0000] {dag.py:4180} INFO - Setting next_dagrun for example_task_group to None, run_after=None
[2025-04-18T17:44:56.247+0000] {processor.py:208} INFO - Processing /home/airflow/.local/lib/python3.12/site-packages/airflow/example_dags/example_task_group.py took 0.329 seconds
[2025-04-18T17:45:26.534+0000] {processor.py:186} INFO - Started process (PID=1053) to work on /home/airflow/.local/lib/python3.12/site-packages/airflow/example_dags/example_task_group.py
[2025-04-18T17:45:26.538+0000] {processor.py:914} INFO - Processing file /home/airflow/.local/lib/python3.12/site-packages/airflow/example_dags/example_task_group.py for tasks to queue
[2025-04-18T17:45:26.545+0000] {logging_mixin.py:190} INFO - [2025-04-18T17:45:26.544+0000] {dagbag.py:588} INFO - Filling up the DagBag from /home/airflow/.local/lib/python3.12/site-packages/airflow/example_dags/example_task_group.py
[2025-04-18T17:45:26.571+0000] {processor.py:925} INFO - DAG(s) 'example_task_group' retrieved from /home/airflow/.local/lib/python3.12/site-packages/airflow/example_dags/example_task_group.py
[2025-04-18T17:45:26.638+0000] {logging_mixin.py:190} INFO - [2025-04-18T17:45:26.637+0000] {dag.py:3239} INFO - Sync 1 DAGs
[2025-04-18T17:45:26.676+0000] {logging_mixin.py:190} INFO - [2025-04-18T17:45:26.676+0000] {dag.py:4180} INFO - Setting next_dagrun for example_task_group to None, run_after=None
[2025-04-18T17:45:26.733+0000] {processor.py:208} INFO - Processing /home/airflow/.local/lib/python3.12/site-packages/airflow/example_dags/example_task_group.py took 0.214 seconds
[2025-04-18T17:45:57.101+0000] {processor.py:186} INFO - Started process (PID=1116) to work on /home/airflow/.local/lib/python3.12/site-packages/airflow/example_dags/example_task_group.py
[2025-04-18T17:45:57.106+0000] {processor.py:914} INFO - Processing file /home/airflow/.local/lib/python3.12/site-packages/airflow/example_dags/example_task_group.py for tasks to queue
[2025-04-18T17:45:57.114+0000] {logging_mixin.py:190} INFO - [2025-04-18T17:45:57.113+0000] {dagbag.py:588} INFO - Filling up the DagBag from /home/airflow/.local/lib/python3.12/site-packages/airflow/example_dags/example_task_group.py
[2025-04-18T17:45:57.140+0000] {processor.py:925} INFO - DAG(s) 'example_task_group' retrieved from /home/airflow/.local/lib/python3.12/site-packages/airflow/example_dags/example_task_group.py
[2025-04-18T17:45:57.209+0000] {logging_mixin.py:190} INFO - [2025-04-18T17:45:57.208+0000] {dag.py:3239} INFO - Sync 1 DAGs
[2025-04-18T17:45:57.256+0000] {logging_mixin.py:190} INFO - [2025-04-18T17:45:57.256+0000] {dag.py:4180} INFO - Setting next_dagrun for example_task_group to None, run_after=None
[2025-04-18T17:45:57.311+0000] {processor.py:208} INFO - Processing /home/airflow/.local/lib/python3.12/site-packages/airflow/example_dags/example_task_group.py took 0.224 seconds
[2025-04-18T17:46:32.381+0000] {processor.py:186} INFO - Started process (PID=1186) to work on /home/airflow/.local/lib/python3.12/site-packages/airflow/example_dags/example_task_group.py
[2025-04-18T17:46:32.390+0000] {processor.py:914} INFO - Processing file /home/airflow/.local/lib/python3.12/site-packages/airflow/example_dags/example_task_group.py for tasks to queue
[2025-04-18T17:46:32.458+0000] {logging_mixin.py:190} INFO - [2025-04-18T17:46:32.456+0000] {dagbag.py:588} INFO - Filling up the DagBag from /home/airflow/.local/lib/python3.12/site-packages/airflow/example_dags/example_task_group.py
[2025-04-18T17:46:32.574+0000] {processor.py:925} INFO - DAG(s) 'example_task_group' retrieved from /home/airflow/.local/lib/python3.12/site-packages/airflow/example_dags/example_task_group.py
[2025-04-18T17:46:33.077+0000] {logging_mixin.py:190} INFO - [2025-04-18T17:46:33.074+0000] {dag.py:3239} INFO - Sync 1 DAGs
[2025-04-18T17:46:33.327+0000] {logging_mixin.py:190} INFO - [2025-04-18T17:46:33.319+0000] {dag.py:4180} INFO - Setting next_dagrun for example_task_group to None, run_after=None
[2025-04-18T17:46:33.623+0000] {processor.py:208} INFO - Processing /home/airflow/.local/lib/python3.12/site-packages/airflow/example_dags/example_task_group.py took 1.287 seconds
[2025-04-18T17:47:05.268+0000] {processor.py:186} INFO - Started process (PID=1249) to work on /home/airflow/.local/lib/python3.12/site-packages/airflow/example_dags/example_task_group.py
[2025-04-18T17:47:05.290+0000] {processor.py:914} INFO - Processing file /home/airflow/.local/lib/python3.12/site-packages/airflow/example_dags/example_task_group.py for tasks to queue
[2025-04-18T17:47:05.330+0000] {logging_mixin.py:190} INFO - [2025-04-18T17:47:05.328+0000] {dagbag.py:588} INFO - Filling up the DagBag from /home/airflow/.local/lib/python3.12/site-packages/airflow/example_dags/example_task_group.py
[2025-04-18T17:47:05.390+0000] {processor.py:925} INFO - DAG(s) 'example_task_group' retrieved from /home/airflow/.local/lib/python3.12/site-packages/airflow/example_dags/example_task_group.py
[2025-04-18T17:47:05.527+0000] {logging_mixin.py:190} INFO - [2025-04-18T17:47:05.526+0000] {dag.py:3239} INFO - Sync 1 DAGs
[2025-04-18T17:47:05.604+0000] {logging_mixin.py:190} INFO - [2025-04-18T17:47:05.603+0000] {dag.py:4180} INFO - Setting next_dagrun for example_task_group to None, run_after=None
[2025-04-18T17:47:05.728+0000] {processor.py:208} INFO - Processing /home/airflow/.local/lib/python3.12/site-packages/airflow/example_dags/example_task_group.py took 0.483 seconds
[2025-04-18T17:47:35.982+0000] {processor.py:186} INFO - Started process (PID=1313) to work on /home/airflow/.local/lib/python3.12/site-packages/airflow/example_dags/example_task_group.py
[2025-04-18T17:47:35.986+0000] {processor.py:914} INFO - Processing file /home/airflow/.local/lib/python3.12/site-packages/airflow/example_dags/example_task_group.py for tasks to queue
[2025-04-18T17:47:35.994+0000] {logging_mixin.py:190} INFO - [2025-04-18T17:47:35.993+0000] {dagbag.py:588} INFO - Filling up the DagBag from /home/airflow/.local/lib/python3.12/site-packages/airflow/example_dags/example_task_group.py
[2025-04-18T17:47:36.033+0000] {processor.py:925} INFO - DAG(s) 'example_task_group' retrieved from /home/airflow/.local/lib/python3.12/site-packages/airflow/example_dags/example_task_group.py
[2025-04-18T17:47:36.118+0000] {logging_mixin.py:190} INFO - [2025-04-18T17:47:36.117+0000] {dag.py:3239} INFO - Sync 1 DAGs
[2025-04-18T17:47:36.184+0000] {logging_mixin.py:190} INFO - [2025-04-18T17:47:36.183+0000] {dag.py:4180} INFO - Setting next_dagrun for example_task_group to None, run_after=None
[2025-04-18T17:47:36.286+0000] {processor.py:208} INFO - Processing /home/airflow/.local/lib/python3.12/site-packages/airflow/example_dags/example_task_group.py took 0.322 seconds
[2025-04-18T17:48:13.318+0000] {processor.py:186} INFO - Started process (PID=1376) to work on /home/airflow/.local/lib/python3.12/site-packages/airflow/example_dags/example_task_group.py
[2025-04-18T17:48:13.327+0000] {processor.py:914} INFO - Processing file /home/airflow/.local/lib/python3.12/site-packages/airflow/example_dags/example_task_group.py for tasks to queue
[2025-04-18T17:48:13.347+0000] {logging_mixin.py:190} INFO - [2025-04-18T17:48:13.345+0000] {dagbag.py:588} INFO - Filling up the DagBag from /home/airflow/.local/lib/python3.12/site-packages/airflow/example_dags/example_task_group.py
[2025-04-18T17:48:13.388+0000] {processor.py:925} INFO - DAG(s) 'example_task_group' retrieved from /home/airflow/.local/lib/python3.12/site-packages/airflow/example_dags/example_task_group.py
[2025-04-18T17:48:13.522+0000] {logging_mixin.py:190} INFO - [2025-04-18T17:48:13.521+0000] {dag.py:3239} INFO - Sync 1 DAGs
[2025-04-18T17:48:13.593+0000] {logging_mixin.py:190} INFO - [2025-04-18T17:48:13.592+0000] {dag.py:4180} INFO - Setting next_dagrun for example_task_group to None, run_after=None
[2025-04-18T17:48:13.821+0000] {processor.py:208} INFO - Processing /home/airflow/.local/lib/python3.12/site-packages/airflow/example_dags/example_task_group.py took 0.526 seconds
