[2025-04-18T11:50:38.735+0000] {processor.py:186} INFO - Started process (PID=149) to work on /home/airflow/.local/lib/python3.12/site-packages/airflow/example_dags/example_branch_operator.py
[2025-04-18T11:50:38.743+0000] {processor.py:914} INFO - Processing file /home/airflow/.local/lib/python3.12/site-packages/airflow/example_dags/example_branch_operator.py for tasks to queue
[2025-04-18T11:50:38.797+0000] {logging_mixin.py:190} INFO - [2025-04-18T11:50:38.796+0000] {dagbag.py:588} INFO - Filling up the DagBag from /home/airflow/.local/lib/python3.12/site-packages/airflow/example_dags/example_branch_operator.py
[2025-04-18T11:50:38.916+0000] {processor.py:925} INFO - DAG(s) 'example_branch_operator' retrieved from /home/airflow/.local/lib/python3.12/site-packages/airflow/example_dags/example_branch_operator.py
[2025-04-18T11:50:40.700+0000] {logging_mixin.py:190} INFO - [2025-04-18T11:50:40.695+0000] {override.py:1912} INFO - Created Permission View: can delete on DAG:example_branch_operator
[2025-04-18T11:50:41.006+0000] {logging_mixin.py:190} INFO - [2025-04-18T11:50:40.990+0000] {override.py:1912} INFO - Created Permission View: can read on DAG:example_branch_operator
[2025-04-18T11:50:41.225+0000] {logging_mixin.py:190} INFO - [2025-04-18T11:50:41.212+0000] {override.py:1912} INFO - Created Permission View: can edit on DAG:example_branch_operator
[2025-04-18T11:50:41.362+0000] {logging_mixin.py:190} INFO - [2025-04-18T11:50:41.359+0000] {override.py:1912} INFO - Created Permission View: can read on DAG Run:example_branch_operator
[2025-04-18T11:50:41.455+0000] {logging_mixin.py:190} INFO - [2025-04-18T11:50:41.451+0000] {override.py:1912} INFO - Created Permission View: menu access on DAG Run:example_branch_operator
[2025-04-18T11:50:41.515+0000] {logging_mixin.py:190} INFO - [2025-04-18T11:50:41.512+0000] {override.py:1912} INFO - Created Permission View: can create on DAG Run:example_branch_operator
[2025-04-18T11:50:41.585+0000] {logging_mixin.py:190} INFO - [2025-04-18T11:50:41.583+0000] {override.py:1912} INFO - Created Permission View: can delete on DAG Run:example_branch_operator
[2025-04-18T11:50:41.590+0000] {logging_mixin.py:190} INFO - [2025-04-18T11:50:41.590+0000] {dag.py:3239} INFO - Sync 1 DAGs
[2025-04-18T11:50:41.646+0000] {logging_mixin.py:190} INFO - [2025-04-18T11:50:41.646+0000] {dag.py:3262} INFO - Creating ORM DAG for example_branch_operator
[2025-04-18T11:50:41.686+0000] {logging_mixin.py:190} INFO - [2025-04-18T11:50:41.685+0000] {dag.py:4180} INFO - Setting next_dagrun for example_branch_operator to 2025-04-17 00:00:00+00:00, run_after=2025-04-18 00:00:00+00:00
[2025-04-18T11:50:41.869+0000] {processor.py:208} INFO - Processing /home/airflow/.local/lib/python3.12/site-packages/airflow/example_dags/example_branch_operator.py took 3.151 seconds
[2025-04-18T11:52:33.059+0000] {processor.py:186} INFO - Started process (PID=250) to work on /home/airflow/.local/lib/python3.12/site-packages/airflow/example_dags/example_branch_operator.py
[2025-04-18T11:52:33.077+0000] {processor.py:914} INFO - Processing file /home/airflow/.local/lib/python3.12/site-packages/airflow/example_dags/example_branch_operator.py for tasks to queue
[2025-04-18T11:52:33.175+0000] {logging_mixin.py:190} INFO - [2025-04-18T11:52:33.160+0000] {dagbag.py:588} INFO - Filling up the DagBag from /home/airflow/.local/lib/python3.12/site-packages/airflow/example_dags/example_branch_operator.py
[2025-04-18T11:52:33.283+0000] {processor.py:925} INFO - DAG(s) 'example_branch_operator' retrieved from /home/airflow/.local/lib/python3.12/site-packages/airflow/example_dags/example_branch_operator.py
[2025-04-18T11:52:33.669+0000] {logging_mixin.py:190} INFO - [2025-04-18T11:52:33.667+0000] {dag.py:3239} INFO - Sync 1 DAGs
[2025-04-18T11:52:34.039+0000] {logging_mixin.py:190} INFO - [2025-04-18T11:52:34.038+0000] {dag.py:4180} INFO - Setting next_dagrun for example_branch_operator to 2025-04-17 00:00:00+00:00, run_after=2025-04-18 00:00:00+00:00
[2025-04-18T11:52:34.464+0000] {processor.py:208} INFO - Processing /home/airflow/.local/lib/python3.12/site-packages/airflow/example_dags/example_branch_operator.py took 1.498 seconds
[2025-04-18T11:53:37.794+0000] {processor.py:186} INFO - Started process (PID=319) to work on /home/airflow/.local/lib/python3.12/site-packages/airflow/example_dags/example_branch_operator.py
[2025-04-18T11:53:37.807+0000] {processor.py:914} INFO - Processing file /home/airflow/.local/lib/python3.12/site-packages/airflow/example_dags/example_branch_operator.py for tasks to queue
[2025-04-18T11:53:37.827+0000] {logging_mixin.py:190} INFO - [2025-04-18T11:53:37.826+0000] {dagbag.py:588} INFO - Filling up the DagBag from /home/airflow/.local/lib/python3.12/site-packages/airflow/example_dags/example_branch_operator.py
[2025-04-18T11:53:38.000+0000] {processor.py:925} INFO - DAG(s) 'example_branch_operator' retrieved from /home/airflow/.local/lib/python3.12/site-packages/airflow/example_dags/example_branch_operator.py
[2025-04-18T11:53:38.673+0000] {logging_mixin.py:190} INFO - [2025-04-18T11:53:38.671+0000] {dag.py:3239} INFO - Sync 1 DAGs
[2025-04-18T11:53:38.975+0000] {logging_mixin.py:190} INFO - [2025-04-18T11:53:38.974+0000] {dag.py:4180} INFO - Setting next_dagrun for example_branch_operator to 2025-04-17 00:00:00+00:00, run_after=2025-04-18 00:00:00+00:00
[2025-04-18T11:53:39.225+0000] {processor.py:208} INFO - Processing /home/airflow/.local/lib/python3.12/site-packages/airflow/example_dags/example_branch_operator.py took 1.469 seconds
[2025-04-18T11:54:47.399+0000] {processor.py:186} INFO - Started process (PID=393) to work on /home/airflow/.local/lib/python3.12/site-packages/airflow/example_dags/example_branch_operator.py
[2025-04-18T11:54:47.421+0000] {processor.py:914} INFO - Processing file /home/airflow/.local/lib/python3.12/site-packages/airflow/example_dags/example_branch_operator.py for tasks to queue
[2025-04-18T11:54:47.445+0000] {logging_mixin.py:190} INFO - [2025-04-18T11:54:47.443+0000] {dagbag.py:588} INFO - Filling up the DagBag from /home/airflow/.local/lib/python3.12/site-packages/airflow/example_dags/example_branch_operator.py
[2025-04-18T11:54:47.536+0000] {processor.py:925} INFO - DAG(s) 'example_branch_operator' retrieved from /home/airflow/.local/lib/python3.12/site-packages/airflow/example_dags/example_branch_operator.py
[2025-04-18T11:54:48.019+0000] {logging_mixin.py:190} INFO - [2025-04-18T11:54:48.006+0000] {dag.py:3239} INFO - Sync 1 DAGs
[2025-04-18T11:54:48.432+0000] {logging_mixin.py:190} INFO - [2025-04-18T11:54:48.431+0000] {dag.py:4180} INFO - Setting next_dagrun for example_branch_operator to 2025-04-17 00:00:00+00:00, run_after=2025-04-18 00:00:00+00:00
[2025-04-18T11:54:48.552+0000] {processor.py:208} INFO - Processing /home/airflow/.local/lib/python3.12/site-packages/airflow/example_dags/example_branch_operator.py took 1.181 seconds
[2025-04-18T11:56:26.900+0000] {processor.py:186} INFO - Started process (PID=487) to work on /home/airflow/.local/lib/python3.12/site-packages/airflow/example_dags/example_branch_operator.py
[2025-04-18T11:56:26.913+0000] {processor.py:914} INFO - Processing file /home/airflow/.local/lib/python3.12/site-packages/airflow/example_dags/example_branch_operator.py for tasks to queue
[2025-04-18T11:56:26.988+0000] {logging_mixin.py:190} INFO - [2025-04-18T11:56:26.987+0000] {dagbag.py:588} INFO - Filling up the DagBag from /home/airflow/.local/lib/python3.12/site-packages/airflow/example_dags/example_branch_operator.py
[2025-04-18T11:56:27.293+0000] {processor.py:925} INFO - DAG(s) 'example_branch_operator' retrieved from /home/airflow/.local/lib/python3.12/site-packages/airflow/example_dags/example_branch_operator.py
[2025-04-18T11:56:27.697+0000] {logging_mixin.py:190} INFO - [2025-04-18T11:56:27.684+0000] {dag.py:3239} INFO - Sync 1 DAGs
[2025-04-18T11:56:28.073+0000] {logging_mixin.py:190} INFO - [2025-04-18T11:56:28.059+0000] {dag.py:4180} INFO - Setting next_dagrun for example_branch_operator to 2025-04-17 00:00:00+00:00, run_after=2025-04-18 00:00:00+00:00
[2025-04-18T11:56:28.405+0000] {processor.py:208} INFO - Processing /home/airflow/.local/lib/python3.12/site-packages/airflow/example_dags/example_branch_operator.py took 1.569 seconds
[2025-04-18T11:57:22.818+0000] {processor.py:186} INFO - Started process (PID=556) to work on /home/airflow/.local/lib/python3.12/site-packages/airflow/example_dags/example_branch_operator.py
[2025-04-18T11:57:22.836+0000] {processor.py:914} INFO - Processing file /home/airflow/.local/lib/python3.12/site-packages/airflow/example_dags/example_branch_operator.py for tasks to queue
[2025-04-18T11:57:22.869+0000] {logging_mixin.py:190} INFO - [2025-04-18T11:57:22.856+0000] {dagbag.py:588} INFO - Filling up the DagBag from /home/airflow/.local/lib/python3.12/site-packages/airflow/example_dags/example_branch_operator.py
[2025-04-18T11:57:23.230+0000] {processor.py:925} INFO - DAG(s) 'example_branch_operator' retrieved from /home/airflow/.local/lib/python3.12/site-packages/airflow/example_dags/example_branch_operator.py
[2025-04-18T11:57:23.718+0000] {logging_mixin.py:190} INFO - [2025-04-18T11:57:23.717+0000] {dag.py:3239} INFO - Sync 1 DAGs
[2025-04-18T11:57:24.213+0000] {logging_mixin.py:190} INFO - [2025-04-18T11:57:24.199+0000] {dag.py:4180} INFO - Setting next_dagrun for example_branch_operator to 2025-04-17 00:00:00+00:00, run_after=2025-04-18 00:00:00+00:00
[2025-04-18T11:57:24.637+0000] {processor.py:208} INFO - Processing /home/airflow/.local/lib/python3.12/site-packages/airflow/example_dags/example_branch_operator.py took 1.915 seconds
[2025-04-18T11:58:30.045+0000] {processor.py:186} INFO - Started process (PID=641) to work on /home/airflow/.local/lib/python3.12/site-packages/airflow/example_dags/example_branch_operator.py
[2025-04-18T11:58:30.061+0000] {processor.py:914} INFO - Processing file /home/airflow/.local/lib/python3.12/site-packages/airflow/example_dags/example_branch_operator.py for tasks to queue
[2025-04-18T11:58:30.080+0000] {logging_mixin.py:190} INFO - [2025-04-18T11:58:30.079+0000] {dagbag.py:588} INFO - Filling up the DagBag from /home/airflow/.local/lib/python3.12/site-packages/airflow/example_dags/example_branch_operator.py
[2025-04-18T11:58:30.340+0000] {processor.py:925} INFO - DAG(s) 'example_branch_operator' retrieved from /home/airflow/.local/lib/python3.12/site-packages/airflow/example_dags/example_branch_operator.py
[2025-04-18T11:58:31.014+0000] {logging_mixin.py:190} INFO - [2025-04-18T11:58:31.001+0000] {dag.py:3239} INFO - Sync 1 DAGs
[2025-04-18T11:58:31.372+0000] {logging_mixin.py:190} INFO - [2025-04-18T11:58:31.371+0000] {dag.py:4180} INFO - Setting next_dagrun for example_branch_operator to 2025-04-17 00:00:00+00:00, run_after=2025-04-18 00:00:00+00:00
[2025-04-18T11:58:32.339+0000] {processor.py:208} INFO - Processing /home/airflow/.local/lib/python3.12/site-packages/airflow/example_dags/example_branch_operator.py took 2.360 seconds
[2025-04-18T12:00:19.353+0000] {processor.py:186} INFO - Started process (PID=725) to work on /home/airflow/.local/lib/python3.12/site-packages/airflow/example_dags/example_branch_operator.py
[2025-04-18T12:00:19.363+0000] {processor.py:914} INFO - Processing file /home/airflow/.local/lib/python3.12/site-packages/airflow/example_dags/example_branch_operator.py for tasks to queue
[2025-04-18T12:00:19.371+0000] {logging_mixin.py:190} INFO - [2025-04-18T12:00:19.370+0000] {dagbag.py:588} INFO - Filling up the DagBag from /home/airflow/.local/lib/python3.12/site-packages/airflow/example_dags/example_branch_operator.py
[2025-04-18T12:00:19.497+0000] {processor.py:925} INFO - DAG(s) 'example_branch_operator' retrieved from /home/airflow/.local/lib/python3.12/site-packages/airflow/example_dags/example_branch_operator.py
[2025-04-18T12:00:20.096+0000] {logging_mixin.py:190} INFO - [2025-04-18T12:00:20.095+0000] {dag.py:3239} INFO - Sync 1 DAGs
[2025-04-18T12:00:20.404+0000] {logging_mixin.py:190} INFO - [2025-04-18T12:00:20.403+0000] {dag.py:4180} INFO - Setting next_dagrun for example_branch_operator to 2025-04-17 00:00:00+00:00, run_after=2025-04-18 00:00:00+00:00
[2025-04-18T12:00:20.474+0000] {processor.py:208} INFO - Processing /home/airflow/.local/lib/python3.12/site-packages/airflow/example_dags/example_branch_operator.py took 1.156 seconds
[2025-04-18T12:01:44.873+0000] {processor.py:186} INFO - Started process (PID=821) to work on /home/airflow/.local/lib/python3.12/site-packages/airflow/example_dags/example_branch_operator.py
[2025-04-18T12:01:44.917+0000] {processor.py:914} INFO - Processing file /home/airflow/.local/lib/python3.12/site-packages/airflow/example_dags/example_branch_operator.py for tasks to queue
[2025-04-18T12:01:45.109+0000] {logging_mixin.py:190} INFO - [2025-04-18T12:01:45.104+0000] {dagbag.py:588} INFO - Filling up the DagBag from /home/airflow/.local/lib/python3.12/site-packages/airflow/example_dags/example_branch_operator.py
[2025-04-18T12:01:45.321+0000] {processor.py:925} INFO - DAG(s) 'example_branch_operator' retrieved from /home/airflow/.local/lib/python3.12/site-packages/airflow/example_dags/example_branch_operator.py
[2025-04-18T12:01:45.965+0000] {logging_mixin.py:190} INFO - [2025-04-18T12:01:45.954+0000] {dag.py:3239} INFO - Sync 1 DAGs
[2025-04-18T12:01:46.371+0000] {logging_mixin.py:190} INFO - [2025-04-18T12:01:46.370+0000] {dag.py:4180} INFO - Setting next_dagrun for example_branch_operator to 2025-04-17 00:00:00+00:00, run_after=2025-04-18 00:00:00+00:00
[2025-04-18T12:01:46.944+0000] {processor.py:208} INFO - Processing /home/airflow/.local/lib/python3.12/site-packages/airflow/example_dags/example_branch_operator.py took 2.195 seconds
[2025-04-18T12:03:43.914+0000] {processor.py:186} INFO - Started process (PID=910) to work on /home/airflow/.local/lib/python3.12/site-packages/airflow/example_dags/example_branch_operator.py
[2025-04-18T12:03:43.928+0000] {processor.py:914} INFO - Processing file /home/airflow/.local/lib/python3.12/site-packages/airflow/example_dags/example_branch_operator.py for tasks to queue
[2025-04-18T12:03:43.945+0000] {logging_mixin.py:190} INFO - [2025-04-18T12:03:43.944+0000] {dagbag.py:588} INFO - Filling up the DagBag from /home/airflow/.local/lib/python3.12/site-packages/airflow/example_dags/example_branch_operator.py
[2025-04-18T12:03:44.362+0000] {processor.py:925} INFO - DAG(s) 'example_branch_operator' retrieved from /home/airflow/.local/lib/python3.12/site-packages/airflow/example_dags/example_branch_operator.py
[2025-04-18T12:03:44.781+0000] {logging_mixin.py:190} INFO - [2025-04-18T12:03:44.777+0000] {dag.py:3239} INFO - Sync 1 DAGs
[2025-04-18T12:03:45.077+0000] {logging_mixin.py:190} INFO - [2025-04-18T12:03:45.076+0000] {dag.py:4180} INFO - Setting next_dagrun for example_branch_operator to 2025-04-17 00:00:00+00:00, run_after=2025-04-18 00:00:00+00:00
[2025-04-18T12:03:45.486+0000] {processor.py:208} INFO - Processing /home/airflow/.local/lib/python3.12/site-packages/airflow/example_dags/example_branch_operator.py took 1.702 seconds
[2025-04-18T12:04:54.152+0000] {processor.py:186} INFO - Started process (PID=989) to work on /home/airflow/.local/lib/python3.12/site-packages/airflow/example_dags/example_branch_operator.py
[2025-04-18T12:04:54.171+0000] {processor.py:914} INFO - Processing file /home/airflow/.local/lib/python3.12/site-packages/airflow/example_dags/example_branch_operator.py for tasks to queue
[2025-04-18T12:04:54.195+0000] {logging_mixin.py:190} INFO - [2025-04-18T12:04:54.194+0000] {dagbag.py:588} INFO - Filling up the DagBag from /home/airflow/.local/lib/python3.12/site-packages/airflow/example_dags/example_branch_operator.py
[2025-04-18T12:04:54.274+0000] {processor.py:925} INFO - DAG(s) 'example_branch_operator' retrieved from /home/airflow/.local/lib/python3.12/site-packages/airflow/example_dags/example_branch_operator.py
[2025-04-18T12:04:54.429+0000] {logging_mixin.py:190} INFO - [2025-04-18T12:04:54.428+0000] {dag.py:3239} INFO - Sync 1 DAGs
[2025-04-18T12:04:54.573+0000] {logging_mixin.py:190} INFO - [2025-04-18T12:04:54.571+0000] {dag.py:4180} INFO - Setting next_dagrun for example_branch_operator to 2025-04-17 00:00:00+00:00, run_after=2025-04-18 00:00:00+00:00
[2025-04-18T12:04:54.747+0000] {processor.py:208} INFO - Processing /home/airflow/.local/lib/python3.12/site-packages/airflow/example_dags/example_branch_operator.py took 0.624 seconds
[2025-04-18T12:05:58.010+0000] {processor.py:186} INFO - Started process (PID=1062) to work on /home/airflow/.local/lib/python3.12/site-packages/airflow/example_dags/example_branch_operator.py
[2025-04-18T12:05:58.029+0000] {processor.py:914} INFO - Processing file /home/airflow/.local/lib/python3.12/site-packages/airflow/example_dags/example_branch_operator.py for tasks to queue
[2025-04-18T12:05:58.052+0000] {logging_mixin.py:190} INFO - [2025-04-18T12:05:58.045+0000] {dagbag.py:588} INFO - Filling up the DagBag from /home/airflow/.local/lib/python3.12/site-packages/airflow/example_dags/example_branch_operator.py
[2025-04-18T12:05:58.207+0000] {processor.py:925} INFO - DAG(s) 'example_branch_operator' retrieved from /home/airflow/.local/lib/python3.12/site-packages/airflow/example_dags/example_branch_operator.py
[2025-04-18T12:05:58.717+0000] {logging_mixin.py:190} INFO - [2025-04-18T12:05:58.716+0000] {dag.py:3239} INFO - Sync 1 DAGs
[2025-04-18T12:05:58.929+0000] {logging_mixin.py:190} INFO - [2025-04-18T12:05:58.928+0000] {dag.py:4180} INFO - Setting next_dagrun for example_branch_operator to 2025-04-17 00:00:00+00:00, run_after=2025-04-18 00:00:00+00:00
[2025-04-18T12:05:59.226+0000] {processor.py:208} INFO - Processing /home/airflow/.local/lib/python3.12/site-packages/airflow/example_dags/example_branch_operator.py took 1.240 seconds
[2025-04-18T17:37:35.351+0000] {processor.py:186} INFO - Started process (PID=138) to work on /home/airflow/.local/lib/python3.12/site-packages/airflow/example_dags/example_branch_operator.py
[2025-04-18T17:37:35.356+0000] {processor.py:914} INFO - Processing file /home/airflow/.local/lib/python3.12/site-packages/airflow/example_dags/example_branch_operator.py for tasks to queue
[2025-04-18T17:37:35.366+0000] {logging_mixin.py:190} INFO - [2025-04-18T17:37:35.365+0000] {dagbag.py:588} INFO - Filling up the DagBag from /home/airflow/.local/lib/python3.12/site-packages/airflow/example_dags/example_branch_operator.py
[2025-04-18T17:37:35.459+0000] {processor.py:925} INFO - DAG(s) 'example_branch_operator' retrieved from /home/airflow/.local/lib/python3.12/site-packages/airflow/example_dags/example_branch_operator.py
[2025-04-18T17:37:35.884+0000] {logging_mixin.py:190} INFO - [2025-04-18T17:37:35.883+0000] {dag.py:3239} INFO - Sync 1 DAGs
[2025-04-18T17:37:35.990+0000] {logging_mixin.py:190} INFO - [2025-04-18T17:37:35.988+0000] {dag.py:4180} INFO - Setting next_dagrun for example_branch_operator to 2025-04-17 00:00:00+00:00, run_after=2025-04-18 00:00:00+00:00
[2025-04-18T17:37:36.061+0000] {processor.py:208} INFO - Processing /home/airflow/.local/lib/python3.12/site-packages/airflow/example_dags/example_branch_operator.py took 0.727 seconds
[2025-04-18T17:38:07.243+0000] {processor.py:186} INFO - Started process (PID=202) to work on /home/airflow/.local/lib/python3.12/site-packages/airflow/example_dags/example_branch_operator.py
[2025-04-18T17:38:07.246+0000] {processor.py:914} INFO - Processing file /home/airflow/.local/lib/python3.12/site-packages/airflow/example_dags/example_branch_operator.py for tasks to queue
[2025-04-18T17:38:07.252+0000] {logging_mixin.py:190} INFO - [2025-04-18T17:38:07.252+0000] {dagbag.py:588} INFO - Filling up the DagBag from /home/airflow/.local/lib/python3.12/site-packages/airflow/example_dags/example_branch_operator.py
[2025-04-18T17:38:07.292+0000] {processor.py:925} INFO - DAG(s) 'example_branch_operator' retrieved from /home/airflow/.local/lib/python3.12/site-packages/airflow/example_dags/example_branch_operator.py
[2025-04-18T17:38:07.358+0000] {logging_mixin.py:190} INFO - [2025-04-18T17:38:07.357+0000] {dag.py:3239} INFO - Sync 1 DAGs
[2025-04-18T17:38:07.399+0000] {logging_mixin.py:190} INFO - [2025-04-18T17:38:07.399+0000] {dag.py:4180} INFO - Setting next_dagrun for example_branch_operator to 2025-04-17 00:00:00+00:00, run_after=2025-04-18 00:00:00+00:00
[2025-04-18T17:38:07.445+0000] {processor.py:208} INFO - Processing /home/airflow/.local/lib/python3.12/site-packages/airflow/example_dags/example_branch_operator.py took 0.214 seconds
[2025-04-18T17:38:40.817+0000] {processor.py:186} INFO - Started process (PID=265) to work on /home/airflow/.local/lib/python3.12/site-packages/airflow/example_dags/example_branch_operator.py
[2025-04-18T17:38:40.822+0000] {processor.py:914} INFO - Processing file /home/airflow/.local/lib/python3.12/site-packages/airflow/example_dags/example_branch_operator.py for tasks to queue
[2025-04-18T17:38:40.829+0000] {logging_mixin.py:190} INFO - [2025-04-18T17:38:40.828+0000] {dagbag.py:588} INFO - Filling up the DagBag from /home/airflow/.local/lib/python3.12/site-packages/airflow/example_dags/example_branch_operator.py
[2025-04-18T17:38:40.879+0000] {processor.py:925} INFO - DAG(s) 'example_branch_operator' retrieved from /home/airflow/.local/lib/python3.12/site-packages/airflow/example_dags/example_branch_operator.py
[2025-04-18T17:38:40.958+0000] {logging_mixin.py:190} INFO - [2025-04-18T17:38:40.957+0000] {dag.py:3239} INFO - Sync 1 DAGs
[2025-04-18T17:38:41.026+0000] {logging_mixin.py:190} INFO - [2025-04-18T17:38:41.025+0000] {dag.py:4180} INFO - Setting next_dagrun for example_branch_operator to 2025-04-17 00:00:00+00:00, run_after=2025-04-18 00:00:00+00:00
[2025-04-18T17:38:41.084+0000] {processor.py:208} INFO - Processing /home/airflow/.local/lib/python3.12/site-packages/airflow/example_dags/example_branch_operator.py took 0.282 seconds
[2025-04-18T17:39:13.712+0000] {processor.py:186} INFO - Started process (PID=330) to work on /home/airflow/.local/lib/python3.12/site-packages/airflow/example_dags/example_branch_operator.py
[2025-04-18T17:39:13.747+0000] {processor.py:914} INFO - Processing file /home/airflow/.local/lib/python3.12/site-packages/airflow/example_dags/example_branch_operator.py for tasks to queue
[2025-04-18T17:39:13.792+0000] {logging_mixin.py:190} INFO - [2025-04-18T17:39:13.791+0000] {dagbag.py:588} INFO - Filling up the DagBag from /home/airflow/.local/lib/python3.12/site-packages/airflow/example_dags/example_branch_operator.py
[2025-04-18T17:39:13.975+0000] {processor.py:925} INFO - DAG(s) 'example_branch_operator' retrieved from /home/airflow/.local/lib/python3.12/site-packages/airflow/example_dags/example_branch_operator.py
[2025-04-18T17:39:14.625+0000] {logging_mixin.py:190} INFO - [2025-04-18T17:39:14.623+0000] {dag.py:3239} INFO - Sync 1 DAGs
[2025-04-18T17:39:15.410+0000] {logging_mixin.py:190} INFO - [2025-04-18T17:39:15.407+0000] {dag.py:4180} INFO - Setting next_dagrun for example_branch_operator to 2025-04-17 00:00:00+00:00, run_after=2025-04-18 00:00:00+00:00
[2025-04-18T17:39:15.823+0000] {processor.py:208} INFO - Processing /home/airflow/.local/lib/python3.12/site-packages/airflow/example_dags/example_branch_operator.py took 2.227 seconds
[2025-04-18T17:39:47.083+0000] {processor.py:186} INFO - Started process (PID=399) to work on /home/airflow/.local/lib/python3.12/site-packages/airflow/example_dags/example_branch_operator.py
[2025-04-18T17:39:47.086+0000] {processor.py:914} INFO - Processing file /home/airflow/.local/lib/python3.12/site-packages/airflow/example_dags/example_branch_operator.py for tasks to queue
[2025-04-18T17:39:47.113+0000] {logging_mixin.py:190} INFO - [2025-04-18T17:39:47.110+0000] {dagbag.py:588} INFO - Filling up the DagBag from /home/airflow/.local/lib/python3.12/site-packages/airflow/example_dags/example_branch_operator.py
[2025-04-18T17:39:47.177+0000] {processor.py:925} INFO - DAG(s) 'example_branch_operator' retrieved from /home/airflow/.local/lib/python3.12/site-packages/airflow/example_dags/example_branch_operator.py
[2025-04-18T17:39:47.343+0000] {logging_mixin.py:190} INFO - [2025-04-18T17:39:47.342+0000] {dag.py:3239} INFO - Sync 1 DAGs
[2025-04-18T17:39:47.464+0000] {logging_mixin.py:190} INFO - [2025-04-18T17:39:47.463+0000] {dag.py:4180} INFO - Setting next_dagrun for example_branch_operator to 2025-04-17 00:00:00+00:00, run_after=2025-04-18 00:00:00+00:00
[2025-04-18T17:39:47.583+0000] {processor.py:208} INFO - Processing /home/airflow/.local/lib/python3.12/site-packages/airflow/example_dags/example_branch_operator.py took 0.518 seconds
[2025-04-18T17:40:18.095+0000] {processor.py:186} INFO - Started process (PID=463) to work on /home/airflow/.local/lib/python3.12/site-packages/airflow/example_dags/example_branch_operator.py
[2025-04-18T17:40:18.101+0000] {processor.py:914} INFO - Processing file /home/airflow/.local/lib/python3.12/site-packages/airflow/example_dags/example_branch_operator.py for tasks to queue
[2025-04-18T17:40:18.109+0000] {logging_mixin.py:190} INFO - [2025-04-18T17:40:18.108+0000] {dagbag.py:588} INFO - Filling up the DagBag from /home/airflow/.local/lib/python3.12/site-packages/airflow/example_dags/example_branch_operator.py
[2025-04-18T17:40:18.161+0000] {processor.py:925} INFO - DAG(s) 'example_branch_operator' retrieved from /home/airflow/.local/lib/python3.12/site-packages/airflow/example_dags/example_branch_operator.py
[2025-04-18T17:40:18.253+0000] {logging_mixin.py:190} INFO - [2025-04-18T17:40:18.252+0000] {dag.py:3239} INFO - Sync 1 DAGs
[2025-04-18T17:40:18.335+0000] {logging_mixin.py:190} INFO - [2025-04-18T17:40:18.334+0000] {dag.py:4180} INFO - Setting next_dagrun for example_branch_operator to 2025-04-17 00:00:00+00:00, run_after=2025-04-18 00:00:00+00:00
[2025-04-18T17:40:18.408+0000] {processor.py:208} INFO - Processing /home/airflow/.local/lib/python3.12/site-packages/airflow/example_dags/example_branch_operator.py took 0.337 seconds
[2025-04-18T17:40:48.776+0000] {processor.py:186} INFO - Started process (PID=527) to work on /home/airflow/.local/lib/python3.12/site-packages/airflow/example_dags/example_branch_operator.py
[2025-04-18T17:40:48.779+0000] {processor.py:914} INFO - Processing file /home/airflow/.local/lib/python3.12/site-packages/airflow/example_dags/example_branch_operator.py for tasks to queue
[2025-04-18T17:40:48.785+0000] {logging_mixin.py:190} INFO - [2025-04-18T17:40:48.784+0000] {dagbag.py:588} INFO - Filling up the DagBag from /home/airflow/.local/lib/python3.12/site-packages/airflow/example_dags/example_branch_operator.py
[2025-04-18T17:40:48.829+0000] {processor.py:925} INFO - DAG(s) 'example_branch_operator' retrieved from /home/airflow/.local/lib/python3.12/site-packages/airflow/example_dags/example_branch_operator.py
[2025-04-18T17:40:48.899+0000] {logging_mixin.py:190} INFO - [2025-04-18T17:40:48.898+0000] {dag.py:3239} INFO - Sync 1 DAGs
[2025-04-18T17:40:48.949+0000] {logging_mixin.py:190} INFO - [2025-04-18T17:40:48.948+0000] {dag.py:4180} INFO - Setting next_dagrun for example_branch_operator to 2025-04-17 00:00:00+00:00, run_after=2025-04-18 00:00:00+00:00
[2025-04-18T17:40:48.996+0000] {processor.py:208} INFO - Processing /home/airflow/.local/lib/python3.12/site-packages/airflow/example_dags/example_branch_operator.py took 0.235 seconds
[2025-04-18T17:41:26.613+0000] {processor.py:186} INFO - Started process (PID=592) to work on /home/airflow/.local/lib/python3.12/site-packages/airflow/example_dags/example_branch_operator.py
[2025-04-18T17:41:26.627+0000] {processor.py:914} INFO - Processing file /home/airflow/.local/lib/python3.12/site-packages/airflow/example_dags/example_branch_operator.py for tasks to queue
[2025-04-18T17:41:26.651+0000] {logging_mixin.py:190} INFO - [2025-04-18T17:41:26.649+0000] {dagbag.py:588} INFO - Filling up the DagBag from /home/airflow/.local/lib/python3.12/site-packages/airflow/example_dags/example_branch_operator.py
[2025-04-18T17:41:26.726+0000] {processor.py:925} INFO - DAG(s) 'example_branch_operator' retrieved from /home/airflow/.local/lib/python3.12/site-packages/airflow/example_dags/example_branch_operator.py
[2025-04-18T17:41:26.856+0000] {logging_mixin.py:190} INFO - [2025-04-18T17:41:26.856+0000] {dag.py:3239} INFO - Sync 1 DAGs
[2025-04-18T17:41:26.974+0000] {logging_mixin.py:190} INFO - [2025-04-18T17:41:26.973+0000] {dag.py:4180} INFO - Setting next_dagrun for example_branch_operator to 2025-04-17 00:00:00+00:00, run_after=2025-04-18 00:00:00+00:00
[2025-04-18T17:41:27.096+0000] {processor.py:208} INFO - Processing /home/airflow/.local/lib/python3.12/site-packages/airflow/example_dags/example_branch_operator.py took 0.499 seconds
[2025-04-18T17:42:07.062+0000] {processor.py:186} INFO - Started process (PID=656) to work on /home/airflow/.local/lib/python3.12/site-packages/airflow/example_dags/example_branch_operator.py
[2025-04-18T17:42:07.066+0000] {processor.py:914} INFO - Processing file /home/airflow/.local/lib/python3.12/site-packages/airflow/example_dags/example_branch_operator.py for tasks to queue
[2025-04-18T17:42:07.083+0000] {logging_mixin.py:190} INFO - [2025-04-18T17:42:07.082+0000] {dagbag.py:588} INFO - Filling up the DagBag from /home/airflow/.local/lib/python3.12/site-packages/airflow/example_dags/example_branch_operator.py
[2025-04-18T17:42:07.143+0000] {processor.py:925} INFO - DAG(s) 'example_branch_operator' retrieved from /home/airflow/.local/lib/python3.12/site-packages/airflow/example_dags/example_branch_operator.py
[2025-04-18T17:42:07.241+0000] {logging_mixin.py:190} INFO - [2025-04-18T17:42:07.240+0000] {dag.py:3239} INFO - Sync 1 DAGs
[2025-04-18T17:42:07.345+0000] {logging_mixin.py:190} INFO - [2025-04-18T17:42:07.344+0000] {dag.py:4180} INFO - Setting next_dagrun for example_branch_operator to 2025-04-17 00:00:00+00:00, run_after=2025-04-18 00:00:00+00:00
[2025-04-18T17:42:07.409+0000] {processor.py:208} INFO - Processing /home/airflow/.local/lib/python3.12/site-packages/airflow/example_dags/example_branch_operator.py took 0.364 seconds
[2025-04-18T17:42:38.651+0000] {processor.py:186} INFO - Started process (PID=721) to work on /home/airflow/.local/lib/python3.12/site-packages/airflow/example_dags/example_branch_operator.py
[2025-04-18T17:42:38.656+0000] {processor.py:914} INFO - Processing file /home/airflow/.local/lib/python3.12/site-packages/airflow/example_dags/example_branch_operator.py for tasks to queue
[2025-04-18T17:42:38.663+0000] {logging_mixin.py:190} INFO - [2025-04-18T17:42:38.662+0000] {dagbag.py:588} INFO - Filling up the DagBag from /home/airflow/.local/lib/python3.12/site-packages/airflow/example_dags/example_branch_operator.py
[2025-04-18T17:42:38.709+0000] {processor.py:925} INFO - DAG(s) 'example_branch_operator' retrieved from /home/airflow/.local/lib/python3.12/site-packages/airflow/example_dags/example_branch_operator.py
[2025-04-18T17:42:38.778+0000] {logging_mixin.py:190} INFO - [2025-04-18T17:42:38.778+0000] {dag.py:3239} INFO - Sync 1 DAGs
[2025-04-18T17:42:38.844+0000] {logging_mixin.py:190} INFO - [2025-04-18T17:42:38.843+0000] {dag.py:4180} INFO - Setting next_dagrun for example_branch_operator to 2025-04-17 00:00:00+00:00, run_after=2025-04-18 00:00:00+00:00
[2025-04-18T17:42:38.897+0000] {processor.py:208} INFO - Processing /home/airflow/.local/lib/python3.12/site-packages/airflow/example_dags/example_branch_operator.py took 0.261 seconds
[2025-04-18T17:43:19.484+0000] {processor.py:186} INFO - Started process (PID=801) to work on /home/airflow/.local/lib/python3.12/site-packages/airflow/example_dags/example_branch_operator.py
[2025-04-18T17:43:19.489+0000] {processor.py:914} INFO - Processing file /home/airflow/.local/lib/python3.12/site-packages/airflow/example_dags/example_branch_operator.py for tasks to queue
[2025-04-18T17:43:19.499+0000] {logging_mixin.py:190} INFO - [2025-04-18T17:43:19.498+0000] {dagbag.py:588} INFO - Filling up the DagBag from /home/airflow/.local/lib/python3.12/site-packages/airflow/example_dags/example_branch_operator.py
[2025-04-18T17:43:19.600+0000] {processor.py:925} INFO - DAG(s) 'example_branch_operator' retrieved from /home/airflow/.local/lib/python3.12/site-packages/airflow/example_dags/example_branch_operator.py
[2025-04-18T17:43:19.706+0000] {logging_mixin.py:190} INFO - [2025-04-18T17:43:19.705+0000] {dag.py:3239} INFO - Sync 1 DAGs
[2025-04-18T17:43:19.777+0000] {logging_mixin.py:190} INFO - [2025-04-18T17:43:19.777+0000] {dag.py:4180} INFO - Setting next_dagrun for example_branch_operator to 2025-04-17 00:00:00+00:00, run_after=2025-04-18 00:00:00+00:00
[2025-04-18T17:43:19.832+0000] {processor.py:208} INFO - Processing /home/airflow/.local/lib/python3.12/site-packages/airflow/example_dags/example_branch_operator.py took 0.366 seconds
[2025-04-18T17:43:51.505+0000] {processor.py:186} INFO - Started process (PID=865) to work on /home/airflow/.local/lib/python3.12/site-packages/airflow/example_dags/example_branch_operator.py
[2025-04-18T17:43:51.510+0000] {processor.py:914} INFO - Processing file /home/airflow/.local/lib/python3.12/site-packages/airflow/example_dags/example_branch_operator.py for tasks to queue
[2025-04-18T17:43:51.520+0000] {logging_mixin.py:190} INFO - [2025-04-18T17:43:51.519+0000] {dagbag.py:588} INFO - Filling up the DagBag from /home/airflow/.local/lib/python3.12/site-packages/airflow/example_dags/example_branch_operator.py
[2025-04-18T17:43:51.589+0000] {processor.py:925} INFO - DAG(s) 'example_branch_operator' retrieved from /home/airflow/.local/lib/python3.12/site-packages/airflow/example_dags/example_branch_operator.py
[2025-04-18T17:43:51.750+0000] {logging_mixin.py:190} INFO - [2025-04-18T17:43:51.748+0000] {dag.py:3239} INFO - Sync 1 DAGs
[2025-04-18T17:43:51.861+0000] {logging_mixin.py:190} INFO - [2025-04-18T17:43:51.860+0000] {dag.py:4180} INFO - Setting next_dagrun for example_branch_operator to 2025-04-17 00:00:00+00:00, run_after=2025-04-18 00:00:00+00:00
[2025-04-18T17:43:51.985+0000] {processor.py:208} INFO - Processing /home/airflow/.local/lib/python3.12/site-packages/airflow/example_dags/example_branch_operator.py took 0.505 seconds
[2025-04-18T17:44:27.487+0000] {processor.py:186} INFO - Started process (PID=938) to work on /home/airflow/.local/lib/python3.12/site-packages/airflow/example_dags/example_branch_operator.py
[2025-04-18T17:44:27.493+0000] {processor.py:914} INFO - Processing file /home/airflow/.local/lib/python3.12/site-packages/airflow/example_dags/example_branch_operator.py for tasks to queue
[2025-04-18T17:44:27.514+0000] {logging_mixin.py:190} INFO - [2025-04-18T17:44:27.512+0000] {dagbag.py:588} INFO - Filling up the DagBag from /home/airflow/.local/lib/python3.12/site-packages/airflow/example_dags/example_branch_operator.py
[2025-04-18T17:44:27.828+0000] {processor.py:925} INFO - DAG(s) 'example_branch_operator' retrieved from /home/airflow/.local/lib/python3.12/site-packages/airflow/example_dags/example_branch_operator.py
[2025-04-18T17:44:28.296+0000] {logging_mixin.py:190} INFO - [2025-04-18T17:44:28.294+0000] {dag.py:3239} INFO - Sync 1 DAGs
[2025-04-18T17:44:28.873+0000] {logging_mixin.py:190} INFO - [2025-04-18T17:44:28.804+0000] {dag.py:4180} INFO - Setting next_dagrun for example_branch_operator to 2025-04-17 00:00:00+00:00, run_after=2025-04-18 00:00:00+00:00
[2025-04-18T17:44:29.629+0000] {processor.py:208} INFO - Processing /home/airflow/.local/lib/python3.12/site-packages/airflow/example_dags/example_branch_operator.py took 2.179 seconds
[2025-04-18T17:45:00.228+0000] {processor.py:186} INFO - Started process (PID=1002) to work on /home/airflow/.local/lib/python3.12/site-packages/airflow/example_dags/example_branch_operator.py
[2025-04-18T17:45:00.233+0000] {processor.py:914} INFO - Processing file /home/airflow/.local/lib/python3.12/site-packages/airflow/example_dags/example_branch_operator.py for tasks to queue
[2025-04-18T17:45:00.242+0000] {logging_mixin.py:190} INFO - [2025-04-18T17:45:00.241+0000] {dagbag.py:588} INFO - Filling up the DagBag from /home/airflow/.local/lib/python3.12/site-packages/airflow/example_dags/example_branch_operator.py
[2025-04-18T17:45:00.304+0000] {processor.py:925} INFO - DAG(s) 'example_branch_operator' retrieved from /home/airflow/.local/lib/python3.12/site-packages/airflow/example_dags/example_branch_operator.py
[2025-04-18T17:45:00.390+0000] {logging_mixin.py:190} INFO - [2025-04-18T17:45:00.389+0000] {dag.py:3239} INFO - Sync 1 DAGs
[2025-04-18T17:45:00.455+0000] {logging_mixin.py:190} INFO - [2025-04-18T17:45:00.454+0000] {dag.py:4180} INFO - Setting next_dagrun for example_branch_operator to 2025-04-17 00:00:00+00:00, run_after=2025-04-18 00:00:00+00:00
[2025-04-18T17:45:00.519+0000] {processor.py:208} INFO - Processing /home/airflow/.local/lib/python3.12/site-packages/airflow/example_dags/example_branch_operator.py took 0.313 seconds
[2025-04-18T17:45:30.806+0000] {processor.py:186} INFO - Started process (PID=1066) to work on /home/airflow/.local/lib/python3.12/site-packages/airflow/example_dags/example_branch_operator.py
[2025-04-18T17:45:30.809+0000] {processor.py:914} INFO - Processing file /home/airflow/.local/lib/python3.12/site-packages/airflow/example_dags/example_branch_operator.py for tasks to queue
[2025-04-18T17:45:30.815+0000] {logging_mixin.py:190} INFO - [2025-04-18T17:45:30.814+0000] {dagbag.py:588} INFO - Filling up the DagBag from /home/airflow/.local/lib/python3.12/site-packages/airflow/example_dags/example_branch_operator.py
[2025-04-18T17:45:30.861+0000] {processor.py:925} INFO - DAG(s) 'example_branch_operator' retrieved from /home/airflow/.local/lib/python3.12/site-packages/airflow/example_dags/example_branch_operator.py
[2025-04-18T17:45:30.929+0000] {logging_mixin.py:190} INFO - [2025-04-18T17:45:30.928+0000] {dag.py:3239} INFO - Sync 1 DAGs
[2025-04-18T17:45:30.981+0000] {logging_mixin.py:190} INFO - [2025-04-18T17:45:30.980+0000] {dag.py:4180} INFO - Setting next_dagrun for example_branch_operator to 2025-04-17 00:00:00+00:00, run_after=2025-04-18 00:00:00+00:00
[2025-04-18T17:45:31.029+0000] {processor.py:208} INFO - Processing /home/airflow/.local/lib/python3.12/site-packages/airflow/example_dags/example_branch_operator.py took 0.238 seconds
[2025-04-18T17:46:01.177+0000] {processor.py:186} INFO - Started process (PID=1130) to work on /home/airflow/.local/lib/python3.12/site-packages/airflow/example_dags/example_branch_operator.py
[2025-04-18T17:46:01.180+0000] {processor.py:914} INFO - Processing file /home/airflow/.local/lib/python3.12/site-packages/airflow/example_dags/example_branch_operator.py for tasks to queue
[2025-04-18T17:46:01.186+0000] {logging_mixin.py:190} INFO - [2025-04-18T17:46:01.185+0000] {dagbag.py:588} INFO - Filling up the DagBag from /home/airflow/.local/lib/python3.12/site-packages/airflow/example_dags/example_branch_operator.py
[2025-04-18T17:46:01.223+0000] {processor.py:925} INFO - DAG(s) 'example_branch_operator' retrieved from /home/airflow/.local/lib/python3.12/site-packages/airflow/example_dags/example_branch_operator.py
[2025-04-18T17:46:01.277+0000] {logging_mixin.py:190} INFO - [2025-04-18T17:46:01.277+0000] {dag.py:3239} INFO - Sync 1 DAGs
[2025-04-18T17:46:01.325+0000] {logging_mixin.py:190} INFO - [2025-04-18T17:46:01.324+0000] {dag.py:4180} INFO - Setting next_dagrun for example_branch_operator to 2025-04-17 00:00:00+00:00, run_after=2025-04-18 00:00:00+00:00
[2025-04-18T17:46:01.359+0000] {processor.py:208} INFO - Processing /home/airflow/.local/lib/python3.12/site-packages/airflow/example_dags/example_branch_operator.py took 0.196 seconds
[2025-04-18T17:46:36.918+0000] {processor.py:186} INFO - Started process (PID=1195) to work on /home/airflow/.local/lib/python3.12/site-packages/airflow/example_dags/example_branch_operator.py
[2025-04-18T17:46:36.925+0000] {processor.py:914} INFO - Processing file /home/airflow/.local/lib/python3.12/site-packages/airflow/example_dags/example_branch_operator.py for tasks to queue
[2025-04-18T17:46:36.944+0000] {logging_mixin.py:190} INFO - [2025-04-18T17:46:36.943+0000] {dagbag.py:588} INFO - Filling up the DagBag from /home/airflow/.local/lib/python3.12/site-packages/airflow/example_dags/example_branch_operator.py
[2025-04-18T17:46:37.021+0000] {processor.py:925} INFO - DAG(s) 'example_branch_operator' retrieved from /home/airflow/.local/lib/python3.12/site-packages/airflow/example_dags/example_branch_operator.py
[2025-04-18T17:46:37.194+0000] {logging_mixin.py:190} INFO - [2025-04-18T17:46:37.193+0000] {dag.py:3239} INFO - Sync 1 DAGs
[2025-04-18T17:46:37.300+0000] {logging_mixin.py:190} INFO - [2025-04-18T17:46:37.299+0000] {dag.py:4180} INFO - Setting next_dagrun for example_branch_operator to 2025-04-17 00:00:00+00:00, run_after=2025-04-18 00:00:00+00:00
[2025-04-18T17:46:37.439+0000] {processor.py:208} INFO - Processing /home/airflow/.local/lib/python3.12/site-packages/airflow/example_dags/example_branch_operator.py took 0.549 seconds
[2025-04-18T17:47:13.575+0000] {processor.py:186} INFO - Started process (PID=1267) to work on /home/airflow/.local/lib/python3.12/site-packages/airflow/example_dags/example_branch_operator.py
[2025-04-18T17:47:13.579+0000] {processor.py:914} INFO - Processing file /home/airflow/.local/lib/python3.12/site-packages/airflow/example_dags/example_branch_operator.py for tasks to queue
[2025-04-18T17:47:13.587+0000] {logging_mixin.py:190} INFO - [2025-04-18T17:47:13.586+0000] {dagbag.py:588} INFO - Filling up the DagBag from /home/airflow/.local/lib/python3.12/site-packages/airflow/example_dags/example_branch_operator.py
[2025-04-18T17:47:13.646+0000] {processor.py:925} INFO - DAG(s) 'example_branch_operator' retrieved from /home/airflow/.local/lib/python3.12/site-packages/airflow/example_dags/example_branch_operator.py
[2025-04-18T17:47:13.732+0000] {logging_mixin.py:190} INFO - [2025-04-18T17:47:13.731+0000] {dag.py:3239} INFO - Sync 1 DAGs
[2025-04-18T17:47:13.817+0000] {logging_mixin.py:190} INFO - [2025-04-18T17:47:13.816+0000] {dag.py:4180} INFO - Setting next_dagrun for example_branch_operator to 2025-04-17 00:00:00+00:00, run_after=2025-04-18 00:00:00+00:00
[2025-04-18T17:47:13.920+0000] {processor.py:208} INFO - Processing /home/airflow/.local/lib/python3.12/site-packages/airflow/example_dags/example_branch_operator.py took 0.360 seconds
[2025-04-18T17:47:47.609+0000] {processor.py:186} INFO - Started process (PID=1336) to work on /home/airflow/.local/lib/python3.12/site-packages/airflow/example_dags/example_branch_operator.py
[2025-04-18T17:47:47.625+0000] {processor.py:914} INFO - Processing file /home/airflow/.local/lib/python3.12/site-packages/airflow/example_dags/example_branch_operator.py for tasks to queue
[2025-04-18T17:47:47.657+0000] {logging_mixin.py:190} INFO - [2025-04-18T17:47:47.655+0000] {dagbag.py:588} INFO - Filling up the DagBag from /home/airflow/.local/lib/python3.12/site-packages/airflow/example_dags/example_branch_operator.py
[2025-04-18T17:47:47.730+0000] {processor.py:925} INFO - DAG(s) 'example_branch_operator' retrieved from /home/airflow/.local/lib/python3.12/site-packages/airflow/example_dags/example_branch_operator.py
[2025-04-18T17:47:47.931+0000] {logging_mixin.py:190} INFO - [2025-04-18T17:47:47.930+0000] {dag.py:3239} INFO - Sync 1 DAGs
[2025-04-18T17:47:48.169+0000] {logging_mixin.py:190} INFO - [2025-04-18T17:47:48.168+0000] {dag.py:4180} INFO - Setting next_dagrun for example_branch_operator to 2025-04-17 00:00:00+00:00, run_after=2025-04-18 00:00:00+00:00
[2025-04-18T17:47:48.313+0000] {processor.py:208} INFO - Processing /home/airflow/.local/lib/python3.12/site-packages/airflow/example_dags/example_branch_operator.py took 0.726 seconds
