[2025-04-18T11:50:24.372+0000] {processor.py:186} INFO - Started process (PID=135) to work on /home/airflow/.local/lib/python3.12/site-packages/airflow/example_dags/example_dynamic_task_mapping.py
[2025-04-18T11:50:24.387+0000] {processor.py:914} INFO - Processing file /home/airflow/.local/lib/python3.12/site-packages/airflow/example_dags/example_dynamic_task_mapping.py for tasks to queue
[2025-04-18T11:50:24.403+0000] {logging_mixin.py:190} INFO - [2025-04-18T11:50:24.399+0000] {dagbag.py:588} INFO - Filling up the DagBag from /home/airflow/.local/lib/python3.12/site-packages/airflow/example_dags/example_dynamic_task_mapping.py
[2025-04-18T11:50:24.472+0000] {processor.py:925} INFO - DAG(s) 'example_dynamic_task_mapping' retrieved from /home/airflow/.local/lib/python3.12/site-packages/airflow/example_dags/example_dynamic_task_mapping.py
[2025-04-18T11:50:25.223+0000] {logging_mixin.py:190} INFO - [2025-04-18T11:50:25.218+0000] {override.py:1912} INFO - Created Permission View: can delete on DAG:example_dynamic_task_mapping
[2025-04-18T11:50:25.296+0000] {logging_mixin.py:190} INFO - [2025-04-18T11:50:25.295+0000] {override.py:1912} INFO - Created Permission View: can read on DAG:example_dynamic_task_mapping
[2025-04-18T11:50:25.367+0000] {logging_mixin.py:190} INFO - [2025-04-18T11:50:25.366+0000] {override.py:1912} INFO - Created Permission View: can edit on DAG:example_dynamic_task_mapping
[2025-04-18T11:50:25.444+0000] {logging_mixin.py:190} INFO - [2025-04-18T11:50:25.442+0000] {override.py:1912} INFO - Created Permission View: can read on DAG Run:example_dynamic_task_mapping
[2025-04-18T11:50:25.501+0000] {logging_mixin.py:190} INFO - [2025-04-18T11:50:25.499+0000] {override.py:1912} INFO - Created Permission View: menu access on DAG Run:example_dynamic_task_mapping
[2025-04-18T11:50:25.567+0000] {logging_mixin.py:190} INFO - [2025-04-18T11:50:25.564+0000] {override.py:1912} INFO - Created Permission View: can create on DAG Run:example_dynamic_task_mapping
[2025-04-18T11:50:25.638+0000] {logging_mixin.py:190} INFO - [2025-04-18T11:50:25.636+0000] {override.py:1912} INFO - Created Permission View: can delete on DAG Run:example_dynamic_task_mapping
[2025-04-18T11:50:25.642+0000] {logging_mixin.py:190} INFO - [2025-04-18T11:50:25.640+0000] {dag.py:3239} INFO - Sync 1 DAGs
[2025-04-18T11:50:25.773+0000] {logging_mixin.py:190} INFO - [2025-04-18T11:50:25.772+0000] {dag.py:3262} INFO - Creating ORM DAG for example_dynamic_task_mapping
[2025-04-18T11:50:25.778+0000] {logging_mixin.py:190} INFO - [2025-04-18T11:50:25.778+0000] {dag.py:4180} INFO - Setting next_dagrun for example_dynamic_task_mapping to None, run_after=None
[2025-04-18T11:50:25.898+0000] {processor.py:208} INFO - Processing /home/airflow/.local/lib/python3.12/site-packages/airflow/example_dags/example_dynamic_task_mapping.py took 1.556 seconds
[2025-04-18T11:52:04.180+0000] {processor.py:186} INFO - Started process (PID=216) to work on /home/airflow/.local/lib/python3.12/site-packages/airflow/example_dags/example_dynamic_task_mapping.py
[2025-04-18T11:52:04.235+0000] {processor.py:914} INFO - Processing file /home/airflow/.local/lib/python3.12/site-packages/airflow/example_dags/example_dynamic_task_mapping.py for tasks to queue
[2025-04-18T11:52:04.289+0000] {logging_mixin.py:190} INFO - [2025-04-18T11:52:04.288+0000] {dagbag.py:588} INFO - Filling up the DagBag from /home/airflow/.local/lib/python3.12/site-packages/airflow/example_dags/example_dynamic_task_mapping.py
[2025-04-18T11:52:04.430+0000] {processor.py:925} INFO - DAG(s) 'example_dynamic_task_mapping' retrieved from /home/airflow/.local/lib/python3.12/site-packages/airflow/example_dags/example_dynamic_task_mapping.py
[2025-04-18T11:52:05.352+0000] {logging_mixin.py:190} INFO - [2025-04-18T11:52:05.351+0000] {dag.py:3239} INFO - Sync 1 DAGs
[2025-04-18T11:52:05.555+0000] {logging_mixin.py:190} INFO - [2025-04-18T11:52:05.553+0000] {dag.py:4180} INFO - Setting next_dagrun for example_dynamic_task_mapping to None, run_after=None
[2025-04-18T11:52:06.363+0000] {processor.py:208} INFO - Processing /home/airflow/.local/lib/python3.12/site-packages/airflow/example_dags/example_dynamic_task_mapping.py took 2.468 seconds
[2025-04-18T11:53:06.616+0000] {processor.py:186} INFO - Started process (PID=289) to work on /home/airflow/.local/lib/python3.12/site-packages/airflow/example_dags/example_dynamic_task_mapping.py
[2025-04-18T11:53:06.620+0000] {processor.py:914} INFO - Processing file /home/airflow/.local/lib/python3.12/site-packages/airflow/example_dags/example_dynamic_task_mapping.py for tasks to queue
[2025-04-18T11:53:06.632+0000] {logging_mixin.py:190} INFO - [2025-04-18T11:53:06.631+0000] {dagbag.py:588} INFO - Filling up the DagBag from /home/airflow/.local/lib/python3.12/site-packages/airflow/example_dags/example_dynamic_task_mapping.py
[2025-04-18T11:53:06.680+0000] {processor.py:925} INFO - DAG(s) 'example_dynamic_task_mapping' retrieved from /home/airflow/.local/lib/python3.12/site-packages/airflow/example_dags/example_dynamic_task_mapping.py
[2025-04-18T11:53:06.801+0000] {logging_mixin.py:190} INFO - [2025-04-18T11:53:06.799+0000] {dag.py:3239} INFO - Sync 1 DAGs
[2025-04-18T11:53:06.945+0000] {logging_mixin.py:190} INFO - [2025-04-18T11:53:06.943+0000] {dag.py:4180} INFO - Setting next_dagrun for example_dynamic_task_mapping to None, run_after=None
[2025-04-18T11:53:07.469+0000] {processor.py:208} INFO - Processing /home/airflow/.local/lib/python3.12/site-packages/airflow/example_dags/example_dynamic_task_mapping.py took 0.878 seconds
[2025-04-18T11:54:07.799+0000] {processor.py:186} INFO - Started process (PID=348) to work on /home/airflow/.local/lib/python3.12/site-packages/airflow/example_dags/example_dynamic_task_mapping.py
[2025-04-18T11:54:07.813+0000] {processor.py:914} INFO - Processing file /home/airflow/.local/lib/python3.12/site-packages/airflow/example_dags/example_dynamic_task_mapping.py for tasks to queue
[2025-04-18T11:54:07.922+0000] {logging_mixin.py:190} INFO - [2025-04-18T11:54:07.906+0000] {dagbag.py:588} INFO - Filling up the DagBag from /home/airflow/.local/lib/python3.12/site-packages/airflow/example_dags/example_dynamic_task_mapping.py
[2025-04-18T11:54:08.155+0000] {processor.py:925} INFO - DAG(s) 'example_dynamic_task_mapping' retrieved from /home/airflow/.local/lib/python3.12/site-packages/airflow/example_dags/example_dynamic_task_mapping.py
[2025-04-18T11:54:08.673+0000] {logging_mixin.py:190} INFO - [2025-04-18T11:54:08.671+0000] {dag.py:3239} INFO - Sync 1 DAGs
[2025-04-18T11:54:08.835+0000] {logging_mixin.py:190} INFO - [2025-04-18T11:54:08.835+0000] {dag.py:4180} INFO - Setting next_dagrun for example_dynamic_task_mapping to None, run_after=None
[2025-04-18T11:54:09.355+0000] {processor.py:208} INFO - Processing /home/airflow/.local/lib/python3.12/site-packages/airflow/example_dags/example_dynamic_task_mapping.py took 1.674 seconds
[2025-04-18T11:54:59.503+0000] {processor.py:186} INFO - Started process (PID=410) to work on /home/airflow/.local/lib/python3.12/site-packages/airflow/example_dags/example_dynamic_task_mapping.py
[2025-04-18T11:54:59.513+0000] {processor.py:914} INFO - Processing file /home/airflow/.local/lib/python3.12/site-packages/airflow/example_dags/example_dynamic_task_mapping.py for tasks to queue
[2025-04-18T11:54:59.525+0000] {logging_mixin.py:190} INFO - [2025-04-18T11:54:59.523+0000] {dagbag.py:588} INFO - Filling up the DagBag from /home/airflow/.local/lib/python3.12/site-packages/airflow/example_dags/example_dynamic_task_mapping.py
[2025-04-18T11:54:59.579+0000] {processor.py:925} INFO - DAG(s) 'example_dynamic_task_mapping' retrieved from /home/airflow/.local/lib/python3.12/site-packages/airflow/example_dags/example_dynamic_task_mapping.py
[2025-04-18T11:54:59.719+0000] {logging_mixin.py:190} INFO - [2025-04-18T11:54:59.716+0000] {dag.py:3239} INFO - Sync 1 DAGs
[2025-04-18T11:54:59.809+0000] {logging_mixin.py:190} INFO - [2025-04-18T11:54:59.804+0000] {dag.py:4180} INFO - Setting next_dagrun for example_dynamic_task_mapping to None, run_after=None
[2025-04-18T11:54:59.981+0000] {processor.py:208} INFO - Processing /home/airflow/.local/lib/python3.12/site-packages/airflow/example_dags/example_dynamic_task_mapping.py took 0.520 seconds
[2025-04-18T11:56:17.904+0000] {processor.py:186} INFO - Started process (PID=479) to work on /home/airflow/.local/lib/python3.12/site-packages/airflow/example_dags/example_dynamic_task_mapping.py
[2025-04-18T11:56:17.919+0000] {processor.py:914} INFO - Processing file /home/airflow/.local/lib/python3.12/site-packages/airflow/example_dags/example_dynamic_task_mapping.py for tasks to queue
[2025-04-18T11:56:17.935+0000] {logging_mixin.py:190} INFO - [2025-04-18T11:56:17.934+0000] {dagbag.py:588} INFO - Filling up the DagBag from /home/airflow/.local/lib/python3.12/site-packages/airflow/example_dags/example_dynamic_task_mapping.py
[2025-04-18T11:56:17.991+0000] {processor.py:925} INFO - DAG(s) 'example_dynamic_task_mapping' retrieved from /home/airflow/.local/lib/python3.12/site-packages/airflow/example_dags/example_dynamic_task_mapping.py
[2025-04-18T11:56:18.177+0000] {logging_mixin.py:190} INFO - [2025-04-18T11:56:18.176+0000] {dag.py:3239} INFO - Sync 1 DAGs
[2025-04-18T11:56:18.235+0000] {logging_mixin.py:190} INFO - [2025-04-18T11:56:18.234+0000] {dag.py:4180} INFO - Setting next_dagrun for example_dynamic_task_mapping to None, run_after=None
[2025-04-18T11:56:18.329+0000] {processor.py:208} INFO - Processing /home/airflow/.local/lib/python3.12/site-packages/airflow/example_dags/example_dynamic_task_mapping.py took 0.452 seconds
[2025-04-18T11:57:10.871+0000] {processor.py:186} INFO - Started process (PID=548) to work on /home/airflow/.local/lib/python3.12/site-packages/airflow/example_dags/example_dynamic_task_mapping.py
[2025-04-18T11:57:10.885+0000] {processor.py:914} INFO - Processing file /home/airflow/.local/lib/python3.12/site-packages/airflow/example_dags/example_dynamic_task_mapping.py for tasks to queue
[2025-04-18T11:57:11.088+0000] {logging_mixin.py:190} INFO - [2025-04-18T11:57:11.087+0000] {dagbag.py:588} INFO - Filling up the DagBag from /home/airflow/.local/lib/python3.12/site-packages/airflow/example_dags/example_dynamic_task_mapping.py
[2025-04-18T11:57:11.192+0000] {processor.py:925} INFO - DAG(s) 'example_dynamic_task_mapping' retrieved from /home/airflow/.local/lib/python3.12/site-packages/airflow/example_dags/example_dynamic_task_mapping.py
[2025-04-18T11:57:11.841+0000] {logging_mixin.py:190} INFO - [2025-04-18T11:57:11.825+0000] {dag.py:3239} INFO - Sync 1 DAGs
[2025-04-18T11:57:11.961+0000] {logging_mixin.py:190} INFO - [2025-04-18T11:57:11.961+0000] {dag.py:4180} INFO - Setting next_dagrun for example_dynamic_task_mapping to None, run_after=None
[2025-04-18T11:57:12.133+0000] {processor.py:208} INFO - Processing /home/airflow/.local/lib/python3.12/site-packages/airflow/example_dags/example_dynamic_task_mapping.py took 1.300 seconds
[2025-04-18T11:58:03.503+0000] {processor.py:186} INFO - Started process (PID=607) to work on /home/airflow/.local/lib/python3.12/site-packages/airflow/example_dags/example_dynamic_task_mapping.py
[2025-04-18T11:58:03.511+0000] {processor.py:914} INFO - Processing file /home/airflow/.local/lib/python3.12/site-packages/airflow/example_dags/example_dynamic_task_mapping.py for tasks to queue
[2025-04-18T11:58:03.551+0000] {logging_mixin.py:190} INFO - [2025-04-18T11:58:03.550+0000] {dagbag.py:588} INFO - Filling up the DagBag from /home/airflow/.local/lib/python3.12/site-packages/airflow/example_dags/example_dynamic_task_mapping.py
[2025-04-18T11:58:03.641+0000] {processor.py:925} INFO - DAG(s) 'example_dynamic_task_mapping' retrieved from /home/airflow/.local/lib/python3.12/site-packages/airflow/example_dags/example_dynamic_task_mapping.py
[2025-04-18T11:58:03.897+0000] {logging_mixin.py:190} INFO - [2025-04-18T11:58:03.896+0000] {dag.py:3239} INFO - Sync 1 DAGs
[2025-04-18T11:58:04.122+0000] {logging_mixin.py:190} INFO - [2025-04-18T11:58:04.120+0000] {dag.py:4180} INFO - Setting next_dagrun for example_dynamic_task_mapping to None, run_after=None
[2025-04-18T11:58:04.367+0000] {processor.py:208} INFO - Processing /home/airflow/.local/lib/python3.12/site-packages/airflow/example_dags/example_dynamic_task_mapping.py took 0.923 seconds
[2025-04-18T12:00:07.064+0000] {processor.py:186} INFO - Started process (PID=711) to work on /home/airflow/.local/lib/python3.12/site-packages/airflow/example_dags/example_dynamic_task_mapping.py
[2025-04-18T12:00:07.142+0000] {processor.py:914} INFO - Processing file /home/airflow/.local/lib/python3.12/site-packages/airflow/example_dags/example_dynamic_task_mapping.py for tasks to queue
[2025-04-18T12:00:07.265+0000] {logging_mixin.py:190} INFO - [2025-04-18T12:00:07.263+0000] {dagbag.py:588} INFO - Filling up the DagBag from /home/airflow/.local/lib/python3.12/site-packages/airflow/example_dags/example_dynamic_task_mapping.py
[2025-04-18T12:00:07.386+0000] {processor.py:925} INFO - DAG(s) 'example_dynamic_task_mapping' retrieved from /home/airflow/.local/lib/python3.12/site-packages/airflow/example_dags/example_dynamic_task_mapping.py
[2025-04-18T12:00:07.829+0000] {logging_mixin.py:190} INFO - [2025-04-18T12:00:07.826+0000] {dag.py:3239} INFO - Sync 1 DAGs
[2025-04-18T12:00:08.114+0000] {logging_mixin.py:190} INFO - [2025-04-18T12:00:08.114+0000] {dag.py:4180} INFO - Setting next_dagrun for example_dynamic_task_mapping to None, run_after=None
[2025-04-18T12:00:08.405+0000] {processor.py:208} INFO - Processing /home/airflow/.local/lib/python3.12/site-packages/airflow/example_dags/example_dynamic_task_mapping.py took 1.366 seconds
[2025-04-18T12:01:33.112+0000] {processor.py:186} INFO - Started process (PID=795) to work on /home/airflow/.local/lib/python3.12/site-packages/airflow/example_dags/example_dynamic_task_mapping.py
[2025-04-18T12:01:33.125+0000] {processor.py:914} INFO - Processing file /home/airflow/.local/lib/python3.12/site-packages/airflow/example_dags/example_dynamic_task_mapping.py for tasks to queue
[2025-04-18T12:01:33.139+0000] {logging_mixin.py:190} INFO - [2025-04-18T12:01:33.131+0000] {dagbag.py:588} INFO - Filling up the DagBag from /home/airflow/.local/lib/python3.12/site-packages/airflow/example_dags/example_dynamic_task_mapping.py
[2025-04-18T12:01:33.190+0000] {processor.py:925} INFO - DAG(s) 'example_dynamic_task_mapping' retrieved from /home/airflow/.local/lib/python3.12/site-packages/airflow/example_dags/example_dynamic_task_mapping.py
[2025-04-18T12:01:33.399+0000] {logging_mixin.py:190} INFO - [2025-04-18T12:01:33.398+0000] {dag.py:3239} INFO - Sync 1 DAGs
[2025-04-18T12:01:33.511+0000] {logging_mixin.py:190} INFO - [2025-04-18T12:01:33.510+0000] {dag.py:4180} INFO - Setting next_dagrun for example_dynamic_task_mapping to None, run_after=None
[2025-04-18T12:01:33.627+0000] {processor.py:208} INFO - Processing /home/airflow/.local/lib/python3.12/site-packages/airflow/example_dags/example_dynamic_task_mapping.py took 0.539 seconds
[2025-04-18T12:03:33.291+0000] {processor.py:186} INFO - Started process (PID=902) to work on /home/airflow/.local/lib/python3.12/site-packages/airflow/example_dags/example_dynamic_task_mapping.py
[2025-04-18T12:03:33.324+0000] {processor.py:914} INFO - Processing file /home/airflow/.local/lib/python3.12/site-packages/airflow/example_dags/example_dynamic_task_mapping.py for tasks to queue
[2025-04-18T12:03:33.359+0000] {logging_mixin.py:190} INFO - [2025-04-18T12:03:33.345+0000] {dagbag.py:588} INFO - Filling up the DagBag from /home/airflow/.local/lib/python3.12/site-packages/airflow/example_dags/example_dynamic_task_mapping.py
[2025-04-18T12:03:33.519+0000] {processor.py:925} INFO - DAG(s) 'example_dynamic_task_mapping' retrieved from /home/airflow/.local/lib/python3.12/site-packages/airflow/example_dags/example_dynamic_task_mapping.py
[2025-04-18T12:03:33.769+0000] {logging_mixin.py:190} INFO - [2025-04-18T12:03:33.765+0000] {dag.py:3239} INFO - Sync 1 DAGs
[2025-04-18T12:03:33.885+0000] {logging_mixin.py:190} INFO - [2025-04-18T12:03:33.884+0000] {dag.py:4180} INFO - Setting next_dagrun for example_dynamic_task_mapping to None, run_after=None
[2025-04-18T12:03:34.049+0000] {processor.py:208} INFO - Processing /home/airflow/.local/lib/python3.12/site-packages/airflow/example_dags/example_dynamic_task_mapping.py took 1.252 seconds
[2025-04-18T12:04:44.971+0000] {processor.py:186} INFO - Started process (PID=975) to work on /home/airflow/.local/lib/python3.12/site-packages/airflow/example_dags/example_dynamic_task_mapping.py
[2025-04-18T12:04:44.976+0000] {processor.py:914} INFO - Processing file /home/airflow/.local/lib/python3.12/site-packages/airflow/example_dags/example_dynamic_task_mapping.py for tasks to queue
[2025-04-18T12:04:44.992+0000] {logging_mixin.py:190} INFO - [2025-04-18T12:04:44.980+0000] {dagbag.py:588} INFO - Filling up the DagBag from /home/airflow/.local/lib/python3.12/site-packages/airflow/example_dags/example_dynamic_task_mapping.py
[2025-04-18T12:04:45.063+0000] {processor.py:925} INFO - DAG(s) 'example_dynamic_task_mapping' retrieved from /home/airflow/.local/lib/python3.12/site-packages/airflow/example_dags/example_dynamic_task_mapping.py
[2025-04-18T12:04:45.301+0000] {logging_mixin.py:190} INFO - [2025-04-18T12:04:45.298+0000] {dag.py:3239} INFO - Sync 1 DAGs
[2025-04-18T12:04:45.558+0000] {logging_mixin.py:190} INFO - [2025-04-18T12:04:45.554+0000] {dag.py:4180} INFO - Setting next_dagrun for example_dynamic_task_mapping to None, run_after=None
[2025-04-18T12:04:45.766+0000] {processor.py:208} INFO - Processing /home/airflow/.local/lib/python3.12/site-packages/airflow/example_dags/example_dynamic_task_mapping.py took 0.848 seconds
[2025-04-18T12:05:48.455+0000] {processor.py:186} INFO - Started process (PID=1054) to work on /home/airflow/.local/lib/python3.12/site-packages/airflow/example_dags/example_dynamic_task_mapping.py
[2025-04-18T12:05:48.469+0000] {processor.py:914} INFO - Processing file /home/airflow/.local/lib/python3.12/site-packages/airflow/example_dags/example_dynamic_task_mapping.py for tasks to queue
[2025-04-18T12:05:48.517+0000] {logging_mixin.py:190} INFO - [2025-04-18T12:05:48.516+0000] {dagbag.py:588} INFO - Filling up the DagBag from /home/airflow/.local/lib/python3.12/site-packages/airflow/example_dags/example_dynamic_task_mapping.py
[2025-04-18T12:05:48.592+0000] {processor.py:925} INFO - DAG(s) 'example_dynamic_task_mapping' retrieved from /home/airflow/.local/lib/python3.12/site-packages/airflow/example_dags/example_dynamic_task_mapping.py
[2025-04-18T12:05:48.842+0000] {logging_mixin.py:190} INFO - [2025-04-18T12:05:48.834+0000] {dag.py:3239} INFO - Sync 1 DAGs
[2025-04-18T12:05:49.320+0000] {logging_mixin.py:190} INFO - [2025-04-18T12:05:49.306+0000] {dag.py:4180} INFO - Setting next_dagrun for example_dynamic_task_mapping to None, run_after=None
[2025-04-18T12:05:49.776+0000] {processor.py:208} INFO - Processing /home/airflow/.local/lib/python3.12/site-packages/airflow/example_dags/example_dynamic_task_mapping.py took 1.332 seconds
[2025-04-18T17:37:33.015+0000] {processor.py:186} INFO - Started process (PID=130) to work on /home/airflow/.local/lib/python3.12/site-packages/airflow/example_dags/example_dynamic_task_mapping.py
[2025-04-18T17:37:33.019+0000] {processor.py:914} INFO - Processing file /home/airflow/.local/lib/python3.12/site-packages/airflow/example_dags/example_dynamic_task_mapping.py for tasks to queue
[2025-04-18T17:37:33.027+0000] {logging_mixin.py:190} INFO - [2025-04-18T17:37:33.026+0000] {dagbag.py:588} INFO - Filling up the DagBag from /home/airflow/.local/lib/python3.12/site-packages/airflow/example_dags/example_dynamic_task_mapping.py
[2025-04-18T17:37:33.063+0000] {processor.py:925} INFO - DAG(s) 'example_dynamic_task_mapping' retrieved from /home/airflow/.local/lib/python3.12/site-packages/airflow/example_dags/example_dynamic_task_mapping.py
[2025-04-18T17:37:33.163+0000] {logging_mixin.py:190} INFO - [2025-04-18T17:37:33.163+0000] {dag.py:3239} INFO - Sync 1 DAGs
[2025-04-18T17:37:33.211+0000] {logging_mixin.py:190} INFO - [2025-04-18T17:37:33.210+0000] {dag.py:4180} INFO - Setting next_dagrun for example_dynamic_task_mapping to None, run_after=None
[2025-04-18T17:37:33.268+0000] {processor.py:208} INFO - Processing /home/airflow/.local/lib/python3.12/site-packages/airflow/example_dags/example_dynamic_task_mapping.py took 0.267 seconds
[2025-04-18T17:38:06.019+0000] {processor.py:186} INFO - Started process (PID=194) to work on /home/airflow/.local/lib/python3.12/site-packages/airflow/example_dags/example_dynamic_task_mapping.py
[2025-04-18T17:38:06.022+0000] {processor.py:914} INFO - Processing file /home/airflow/.local/lib/python3.12/site-packages/airflow/example_dags/example_dynamic_task_mapping.py for tasks to queue
[2025-04-18T17:38:06.029+0000] {logging_mixin.py:190} INFO - [2025-04-18T17:38:06.028+0000] {dagbag.py:588} INFO - Filling up the DagBag from /home/airflow/.local/lib/python3.12/site-packages/airflow/example_dags/example_dynamic_task_mapping.py
[2025-04-18T17:38:06.050+0000] {processor.py:925} INFO - DAG(s) 'example_dynamic_task_mapping' retrieved from /home/airflow/.local/lib/python3.12/site-packages/airflow/example_dags/example_dynamic_task_mapping.py
[2025-04-18T17:38:06.099+0000] {logging_mixin.py:190} INFO - [2025-04-18T17:38:06.099+0000] {dag.py:3239} INFO - Sync 1 DAGs
[2025-04-18T17:38:06.137+0000] {logging_mixin.py:190} INFO - [2025-04-18T17:38:06.136+0000] {dag.py:4180} INFO - Setting next_dagrun for example_dynamic_task_mapping to None, run_after=None
[2025-04-18T17:38:06.182+0000] {processor.py:208} INFO - Processing /home/airflow/.local/lib/python3.12/site-packages/airflow/example_dags/example_dynamic_task_mapping.py took 0.177 seconds
[2025-04-18T17:38:39.321+0000] {processor.py:186} INFO - Started process (PID=258) to work on /home/airflow/.local/lib/python3.12/site-packages/airflow/example_dags/example_dynamic_task_mapping.py
[2025-04-18T17:38:39.324+0000] {processor.py:914} INFO - Processing file /home/airflow/.local/lib/python3.12/site-packages/airflow/example_dags/example_dynamic_task_mapping.py for tasks to queue
[2025-04-18T17:38:39.333+0000] {logging_mixin.py:190} INFO - [2025-04-18T17:38:39.331+0000] {dagbag.py:588} INFO - Filling up the DagBag from /home/airflow/.local/lib/python3.12/site-packages/airflow/example_dags/example_dynamic_task_mapping.py
[2025-04-18T17:38:39.357+0000] {processor.py:925} INFO - DAG(s) 'example_dynamic_task_mapping' retrieved from /home/airflow/.local/lib/python3.12/site-packages/airflow/example_dags/example_dynamic_task_mapping.py
[2025-04-18T17:38:39.403+0000] {logging_mixin.py:190} INFO - [2025-04-18T17:38:39.402+0000] {dag.py:3239} INFO - Sync 1 DAGs
[2025-04-18T17:38:39.441+0000] {logging_mixin.py:190} INFO - [2025-04-18T17:38:39.441+0000] {dag.py:4180} INFO - Setting next_dagrun for example_dynamic_task_mapping to None, run_after=None
[2025-04-18T17:38:39.498+0000] {processor.py:208} INFO - Processing /home/airflow/.local/lib/python3.12/site-packages/airflow/example_dags/example_dynamic_task_mapping.py took 0.193 seconds
[2025-04-18T17:39:10.367+0000] {processor.py:186} INFO - Started process (PID=322) to work on /home/airflow/.local/lib/python3.12/site-packages/airflow/example_dags/example_dynamic_task_mapping.py
[2025-04-18T17:39:10.380+0000] {processor.py:914} INFO - Processing file /home/airflow/.local/lib/python3.12/site-packages/airflow/example_dags/example_dynamic_task_mapping.py for tasks to queue
[2025-04-18T17:39:10.398+0000] {logging_mixin.py:190} INFO - [2025-04-18T17:39:10.397+0000] {dagbag.py:588} INFO - Filling up the DagBag from /home/airflow/.local/lib/python3.12/site-packages/airflow/example_dags/example_dynamic_task_mapping.py
[2025-04-18T17:39:10.430+0000] {processor.py:925} INFO - DAG(s) 'example_dynamic_task_mapping' retrieved from /home/airflow/.local/lib/python3.12/site-packages/airflow/example_dags/example_dynamic_task_mapping.py
[2025-04-18T17:39:10.520+0000] {logging_mixin.py:190} INFO - [2025-04-18T17:39:10.520+0000] {dag.py:3239} INFO - Sync 1 DAGs
[2025-04-18T17:39:10.582+0000] {logging_mixin.py:190} INFO - [2025-04-18T17:39:10.581+0000] {dag.py:4180} INFO - Setting next_dagrun for example_dynamic_task_mapping to None, run_after=None
[2025-04-18T17:39:10.715+0000] {processor.py:208} INFO - Processing /home/airflow/.local/lib/python3.12/site-packages/airflow/example_dags/example_dynamic_task_mapping.py took 0.367 seconds
[2025-04-18T17:39:42.843+0000] {processor.py:186} INFO - Started process (PID=386) to work on /home/airflow/.local/lib/python3.12/site-packages/airflow/example_dags/example_dynamic_task_mapping.py
[2025-04-18T17:39:42.861+0000] {processor.py:914} INFO - Processing file /home/airflow/.local/lib/python3.12/site-packages/airflow/example_dags/example_dynamic_task_mapping.py for tasks to queue
[2025-04-18T17:39:42.888+0000] {logging_mixin.py:190} INFO - [2025-04-18T17:39:42.886+0000] {dagbag.py:588} INFO - Filling up the DagBag from /home/airflow/.local/lib/python3.12/site-packages/airflow/example_dags/example_dynamic_task_mapping.py
[2025-04-18T17:39:42.938+0000] {processor.py:925} INFO - DAG(s) 'example_dynamic_task_mapping' retrieved from /home/airflow/.local/lib/python3.12/site-packages/airflow/example_dags/example_dynamic_task_mapping.py
[2025-04-18T17:39:43.033+0000] {logging_mixin.py:190} INFO - [2025-04-18T17:39:43.032+0000] {dag.py:3239} INFO - Sync 1 DAGs
[2025-04-18T17:39:43.081+0000] {logging_mixin.py:190} INFO - [2025-04-18T17:39:43.081+0000] {dag.py:4180} INFO - Setting next_dagrun for example_dynamic_task_mapping to None, run_after=None
[2025-04-18T17:39:43.188+0000] {processor.py:208} INFO - Processing /home/airflow/.local/lib/python3.12/site-packages/airflow/example_dags/example_dynamic_task_mapping.py took 0.370 seconds
[2025-04-18T17:40:15.511+0000] {processor.py:186} INFO - Started process (PID=456) to work on /home/airflow/.local/lib/python3.12/site-packages/airflow/example_dags/example_dynamic_task_mapping.py
[2025-04-18T17:40:15.529+0000] {processor.py:914} INFO - Processing file /home/airflow/.local/lib/python3.12/site-packages/airflow/example_dags/example_dynamic_task_mapping.py for tasks to queue
[2025-04-18T17:40:15.557+0000] {logging_mixin.py:190} INFO - [2025-04-18T17:40:15.552+0000] {dagbag.py:588} INFO - Filling up the DagBag from /home/airflow/.local/lib/python3.12/site-packages/airflow/example_dags/example_dynamic_task_mapping.py
[2025-04-18T17:40:15.618+0000] {processor.py:925} INFO - DAG(s) 'example_dynamic_task_mapping' retrieved from /home/airflow/.local/lib/python3.12/site-packages/airflow/example_dags/example_dynamic_task_mapping.py
[2025-04-18T17:40:15.760+0000] {logging_mixin.py:190} INFO - [2025-04-18T17:40:15.759+0000] {dag.py:3239} INFO - Sync 1 DAGs
[2025-04-18T17:40:15.880+0000] {logging_mixin.py:190} INFO - [2025-04-18T17:40:15.878+0000] {dag.py:4180} INFO - Setting next_dagrun for example_dynamic_task_mapping to None, run_after=None
[2025-04-18T17:40:16.006+0000] {processor.py:208} INFO - Processing /home/airflow/.local/lib/python3.12/site-packages/airflow/example_dags/example_dynamic_task_mapping.py took 0.529 seconds
[2025-04-18T17:40:46.599+0000] {processor.py:186} INFO - Started process (PID=520) to work on /home/airflow/.local/lib/python3.12/site-packages/airflow/example_dags/example_dynamic_task_mapping.py
[2025-04-18T17:40:46.602+0000] {processor.py:914} INFO - Processing file /home/airflow/.local/lib/python3.12/site-packages/airflow/example_dags/example_dynamic_task_mapping.py for tasks to queue
[2025-04-18T17:40:46.609+0000] {logging_mixin.py:190} INFO - [2025-04-18T17:40:46.608+0000] {dagbag.py:588} INFO - Filling up the DagBag from /home/airflow/.local/lib/python3.12/site-packages/airflow/example_dags/example_dynamic_task_mapping.py
[2025-04-18T17:40:46.638+0000] {processor.py:925} INFO - DAG(s) 'example_dynamic_task_mapping' retrieved from /home/airflow/.local/lib/python3.12/site-packages/airflow/example_dags/example_dynamic_task_mapping.py
[2025-04-18T17:40:46.686+0000] {logging_mixin.py:190} INFO - [2025-04-18T17:40:46.686+0000] {dag.py:3239} INFO - Sync 1 DAGs
[2025-04-18T17:40:46.724+0000] {logging_mixin.py:190} INFO - [2025-04-18T17:40:46.723+0000] {dag.py:4180} INFO - Setting next_dagrun for example_dynamic_task_mapping to None, run_after=None
[2025-04-18T17:40:46.775+0000] {processor.py:208} INFO - Processing /home/airflow/.local/lib/python3.12/site-packages/airflow/example_dags/example_dynamic_task_mapping.py took 0.192 seconds
[2025-04-18T17:41:24.095+0000] {processor.py:186} INFO - Started process (PID=585) to work on /home/airflow/.local/lib/python3.12/site-packages/airflow/example_dags/example_dynamic_task_mapping.py
[2025-04-18T17:41:24.099+0000] {processor.py:914} INFO - Processing file /home/airflow/.local/lib/python3.12/site-packages/airflow/example_dags/example_dynamic_task_mapping.py for tasks to queue
[2025-04-18T17:41:24.106+0000] {logging_mixin.py:190} INFO - [2025-04-18T17:41:24.106+0000] {dagbag.py:588} INFO - Filling up the DagBag from /home/airflow/.local/lib/python3.12/site-packages/airflow/example_dags/example_dynamic_task_mapping.py
[2025-04-18T17:41:24.129+0000] {processor.py:925} INFO - DAG(s) 'example_dynamic_task_mapping' retrieved from /home/airflow/.local/lib/python3.12/site-packages/airflow/example_dags/example_dynamic_task_mapping.py
[2025-04-18T17:41:24.182+0000] {logging_mixin.py:190} INFO - [2025-04-18T17:41:24.182+0000] {dag.py:3239} INFO - Sync 1 DAGs
[2025-04-18T17:41:24.221+0000] {logging_mixin.py:190} INFO - [2025-04-18T17:41:24.221+0000] {dag.py:4180} INFO - Setting next_dagrun for example_dynamic_task_mapping to None, run_after=None
[2025-04-18T17:41:24.279+0000] {processor.py:208} INFO - Processing /home/airflow/.local/lib/python3.12/site-packages/airflow/example_dags/example_dynamic_task_mapping.py took 0.198 seconds
[2025-04-18T17:42:05.365+0000] {processor.py:186} INFO - Started process (PID=649) to work on /home/airflow/.local/lib/python3.12/site-packages/airflow/example_dags/example_dynamic_task_mapping.py
[2025-04-18T17:42:05.369+0000] {processor.py:914} INFO - Processing file /home/airflow/.local/lib/python3.12/site-packages/airflow/example_dags/example_dynamic_task_mapping.py for tasks to queue
[2025-04-18T17:42:05.378+0000] {logging_mixin.py:190} INFO - [2025-04-18T17:42:05.377+0000] {dagbag.py:588} INFO - Filling up the DagBag from /home/airflow/.local/lib/python3.12/site-packages/airflow/example_dags/example_dynamic_task_mapping.py
[2025-04-18T17:42:05.410+0000] {processor.py:925} INFO - DAG(s) 'example_dynamic_task_mapping' retrieved from /home/airflow/.local/lib/python3.12/site-packages/airflow/example_dags/example_dynamic_task_mapping.py
[2025-04-18T17:42:05.490+0000] {logging_mixin.py:190} INFO - [2025-04-18T17:42:05.489+0000] {dag.py:3239} INFO - Sync 1 DAGs
[2025-04-18T17:42:05.560+0000] {logging_mixin.py:190} INFO - [2025-04-18T17:42:05.559+0000] {dag.py:4180} INFO - Setting next_dagrun for example_dynamic_task_mapping to None, run_after=None
[2025-04-18T17:42:05.661+0000] {processor.py:208} INFO - Processing /home/airflow/.local/lib/python3.12/site-packages/airflow/example_dags/example_dynamic_task_mapping.py took 0.317 seconds
[2025-04-18T17:42:37.259+0000] {processor.py:186} INFO - Started process (PID=713) to work on /home/airflow/.local/lib/python3.12/site-packages/airflow/example_dags/example_dynamic_task_mapping.py
[2025-04-18T17:42:37.263+0000] {processor.py:914} INFO - Processing file /home/airflow/.local/lib/python3.12/site-packages/airflow/example_dags/example_dynamic_task_mapping.py for tasks to queue
[2025-04-18T17:42:37.272+0000] {logging_mixin.py:190} INFO - [2025-04-18T17:42:37.271+0000] {dagbag.py:588} INFO - Filling up the DagBag from /home/airflow/.local/lib/python3.12/site-packages/airflow/example_dags/example_dynamic_task_mapping.py
[2025-04-18T17:42:37.302+0000] {processor.py:925} INFO - DAG(s) 'example_dynamic_task_mapping' retrieved from /home/airflow/.local/lib/python3.12/site-packages/airflow/example_dags/example_dynamic_task_mapping.py
[2025-04-18T17:42:37.360+0000] {logging_mixin.py:190} INFO - [2025-04-18T17:42:37.359+0000] {dag.py:3239} INFO - Sync 1 DAGs
[2025-04-18T17:42:37.420+0000] {logging_mixin.py:190} INFO - [2025-04-18T17:42:37.419+0000] {dag.py:4180} INFO - Setting next_dagrun for example_dynamic_task_mapping to None, run_after=None
[2025-04-18T17:42:37.506+0000] {processor.py:208} INFO - Processing /home/airflow/.local/lib/python3.12/site-packages/airflow/example_dags/example_dynamic_task_mapping.py took 0.267 seconds
[2025-04-18T17:43:18.073+0000] {processor.py:186} INFO - Started process (PID=794) to work on /home/airflow/.local/lib/python3.12/site-packages/airflow/example_dags/example_dynamic_task_mapping.py
[2025-04-18T17:43:18.078+0000] {processor.py:914} INFO - Processing file /home/airflow/.local/lib/python3.12/site-packages/airflow/example_dags/example_dynamic_task_mapping.py for tasks to queue
[2025-04-18T17:43:18.084+0000] {logging_mixin.py:190} INFO - [2025-04-18T17:43:18.083+0000] {dagbag.py:588} INFO - Filling up the DagBag from /home/airflow/.local/lib/python3.12/site-packages/airflow/example_dags/example_dynamic_task_mapping.py
[2025-04-18T17:43:18.110+0000] {processor.py:925} INFO - DAG(s) 'example_dynamic_task_mapping' retrieved from /home/airflow/.local/lib/python3.12/site-packages/airflow/example_dags/example_dynamic_task_mapping.py
[2025-04-18T17:43:18.161+0000] {logging_mixin.py:190} INFO - [2025-04-18T17:43:18.160+0000] {dag.py:3239} INFO - Sync 1 DAGs
[2025-04-18T17:43:18.201+0000] {logging_mixin.py:190} INFO - [2025-04-18T17:43:18.200+0000] {dag.py:4180} INFO - Setting next_dagrun for example_dynamic_task_mapping to None, run_after=None
[2025-04-18T17:43:18.254+0000] {processor.py:208} INFO - Processing /home/airflow/.local/lib/python3.12/site-packages/airflow/example_dags/example_dynamic_task_mapping.py took 0.197 seconds
[2025-04-18T17:43:49.272+0000] {processor.py:186} INFO - Started process (PID=858) to work on /home/airflow/.local/lib/python3.12/site-packages/airflow/example_dags/example_dynamic_task_mapping.py
[2025-04-18T17:43:49.275+0000] {processor.py:914} INFO - Processing file /home/airflow/.local/lib/python3.12/site-packages/airflow/example_dags/example_dynamic_task_mapping.py for tasks to queue
[2025-04-18T17:43:49.286+0000] {logging_mixin.py:190} INFO - [2025-04-18T17:43:49.285+0000] {dagbag.py:588} INFO - Filling up the DagBag from /home/airflow/.local/lib/python3.12/site-packages/airflow/example_dags/example_dynamic_task_mapping.py
[2025-04-18T17:43:49.312+0000] {processor.py:925} INFO - DAG(s) 'example_dynamic_task_mapping' retrieved from /home/airflow/.local/lib/python3.12/site-packages/airflow/example_dags/example_dynamic_task_mapping.py
[2025-04-18T17:43:49.433+0000] {logging_mixin.py:190} INFO - [2025-04-18T17:43:49.433+0000] {dag.py:3239} INFO - Sync 1 DAGs
[2025-04-18T17:43:49.480+0000] {logging_mixin.py:190} INFO - [2025-04-18T17:43:49.480+0000] {dag.py:4180} INFO - Setting next_dagrun for example_dynamic_task_mapping to None, run_after=None
[2025-04-18T17:43:49.581+0000] {processor.py:208} INFO - Processing /home/airflow/.local/lib/python3.12/site-packages/airflow/example_dags/example_dynamic_task_mapping.py took 0.325 seconds
[2025-04-18T17:44:23.223+0000] {processor.py:186} INFO - Started process (PID=931) to work on /home/airflow/.local/lib/python3.12/site-packages/airflow/example_dags/example_dynamic_task_mapping.py
[2025-04-18T17:44:23.233+0000] {processor.py:914} INFO - Processing file /home/airflow/.local/lib/python3.12/site-packages/airflow/example_dags/example_dynamic_task_mapping.py for tasks to queue
[2025-04-18T17:44:23.252+0000] {logging_mixin.py:190} INFO - [2025-04-18T17:44:23.248+0000] {dagbag.py:588} INFO - Filling up the DagBag from /home/airflow/.local/lib/python3.12/site-packages/airflow/example_dags/example_dynamic_task_mapping.py
[2025-04-18T17:44:23.320+0000] {processor.py:925} INFO - DAG(s) 'example_dynamic_task_mapping' retrieved from /home/airflow/.local/lib/python3.12/site-packages/airflow/example_dags/example_dynamic_task_mapping.py
[2025-04-18T17:44:23.475+0000] {logging_mixin.py:190} INFO - [2025-04-18T17:44:23.474+0000] {dag.py:3239} INFO - Sync 1 DAGs
[2025-04-18T17:44:23.567+0000] {logging_mixin.py:190} INFO - [2025-04-18T17:44:23.566+0000] {dag.py:4180} INFO - Setting next_dagrun for example_dynamic_task_mapping to None, run_after=None
[2025-04-18T17:44:23.837+0000] {processor.py:208} INFO - Processing /home/airflow/.local/lib/python3.12/site-packages/airflow/example_dags/example_dynamic_task_mapping.py took 0.651 seconds
[2025-04-18T17:44:58.186+0000] {processor.py:186} INFO - Started process (PID=995) to work on /home/airflow/.local/lib/python3.12/site-packages/airflow/example_dags/example_dynamic_task_mapping.py
[2025-04-18T17:44:58.191+0000] {processor.py:914} INFO - Processing file /home/airflow/.local/lib/python3.12/site-packages/airflow/example_dags/example_dynamic_task_mapping.py for tasks to queue
[2025-04-18T17:44:58.206+0000] {logging_mixin.py:190} INFO - [2025-04-18T17:44:58.205+0000] {dagbag.py:588} INFO - Filling up the DagBag from /home/airflow/.local/lib/python3.12/site-packages/airflow/example_dags/example_dynamic_task_mapping.py
[2025-04-18T17:44:58.239+0000] {processor.py:925} INFO - DAG(s) 'example_dynamic_task_mapping' retrieved from /home/airflow/.local/lib/python3.12/site-packages/airflow/example_dags/example_dynamic_task_mapping.py
[2025-04-18T17:44:58.356+0000] {logging_mixin.py:190} INFO - [2025-04-18T17:44:58.355+0000] {dag.py:3239} INFO - Sync 1 DAGs
[2025-04-18T17:44:58.425+0000] {logging_mixin.py:190} INFO - [2025-04-18T17:44:58.424+0000] {dag.py:4180} INFO - Setting next_dagrun for example_dynamic_task_mapping to None, run_after=None
[2025-04-18T17:44:58.538+0000] {processor.py:208} INFO - Processing /home/airflow/.local/lib/python3.12/site-packages/airflow/example_dags/example_dynamic_task_mapping.py took 0.372 seconds
[2025-04-18T17:45:29.097+0000] {processor.py:186} INFO - Started process (PID=1059) to work on /home/airflow/.local/lib/python3.12/site-packages/airflow/example_dags/example_dynamic_task_mapping.py
[2025-04-18T17:45:29.100+0000] {processor.py:914} INFO - Processing file /home/airflow/.local/lib/python3.12/site-packages/airflow/example_dags/example_dynamic_task_mapping.py for tasks to queue
[2025-04-18T17:45:29.107+0000] {logging_mixin.py:190} INFO - [2025-04-18T17:45:29.106+0000] {dagbag.py:588} INFO - Filling up the DagBag from /home/airflow/.local/lib/python3.12/site-packages/airflow/example_dags/example_dynamic_task_mapping.py
[2025-04-18T17:45:29.128+0000] {processor.py:925} INFO - DAG(s) 'example_dynamic_task_mapping' retrieved from /home/airflow/.local/lib/python3.12/site-packages/airflow/example_dags/example_dynamic_task_mapping.py
[2025-04-18T17:45:29.178+0000] {logging_mixin.py:190} INFO - [2025-04-18T17:45:29.178+0000] {dag.py:3239} INFO - Sync 1 DAGs
[2025-04-18T17:45:29.215+0000] {logging_mixin.py:190} INFO - [2025-04-18T17:45:29.214+0000] {dag.py:4180} INFO - Setting next_dagrun for example_dynamic_task_mapping to None, run_after=None
[2025-04-18T17:45:29.266+0000] {processor.py:208} INFO - Processing /home/airflow/.local/lib/python3.12/site-packages/airflow/example_dags/example_dynamic_task_mapping.py took 0.184 seconds
[2025-04-18T17:45:59.640+0000] {processor.py:186} INFO - Started process (PID=1123) to work on /home/airflow/.local/lib/python3.12/site-packages/airflow/example_dags/example_dynamic_task_mapping.py
[2025-04-18T17:45:59.643+0000] {processor.py:914} INFO - Processing file /home/airflow/.local/lib/python3.12/site-packages/airflow/example_dags/example_dynamic_task_mapping.py for tasks to queue
[2025-04-18T17:45:59.650+0000] {logging_mixin.py:190} INFO - [2025-04-18T17:45:59.649+0000] {dagbag.py:588} INFO - Filling up the DagBag from /home/airflow/.local/lib/python3.12/site-packages/airflow/example_dags/example_dynamic_task_mapping.py
[2025-04-18T17:45:59.671+0000] {processor.py:925} INFO - DAG(s) 'example_dynamic_task_mapping' retrieved from /home/airflow/.local/lib/python3.12/site-packages/airflow/example_dags/example_dynamic_task_mapping.py
[2025-04-18T17:45:59.714+0000] {logging_mixin.py:190} INFO - [2025-04-18T17:45:59.714+0000] {dag.py:3239} INFO - Sync 1 DAGs
[2025-04-18T17:45:59.749+0000] {logging_mixin.py:190} INFO - [2025-04-18T17:45:59.749+0000] {dag.py:4180} INFO - Setting next_dagrun for example_dynamic_task_mapping to None, run_after=None
[2025-04-18T17:45:59.801+0000] {processor.py:208} INFO - Processing /home/airflow/.local/lib/python3.12/site-packages/airflow/example_dags/example_dynamic_task_mapping.py took 0.175 seconds
[2025-04-18T17:46:34.637+0000] {processor.py:186} INFO - Started process (PID=1188) to work on /home/airflow/.local/lib/python3.12/site-packages/airflow/example_dags/example_dynamic_task_mapping.py
[2025-04-18T17:46:34.643+0000] {processor.py:914} INFO - Processing file /home/airflow/.local/lib/python3.12/site-packages/airflow/example_dags/example_dynamic_task_mapping.py for tasks to queue
[2025-04-18T17:46:34.669+0000] {logging_mixin.py:190} INFO - [2025-04-18T17:46:34.667+0000] {dagbag.py:588} INFO - Filling up the DagBag from /home/airflow/.local/lib/python3.12/site-packages/airflow/example_dags/example_dynamic_task_mapping.py
[2025-04-18T17:46:34.696+0000] {processor.py:925} INFO - DAG(s) 'example_dynamic_task_mapping' retrieved from /home/airflow/.local/lib/python3.12/site-packages/airflow/example_dags/example_dynamic_task_mapping.py
[2025-04-18T17:46:34.802+0000] {logging_mixin.py:190} INFO - [2025-04-18T17:46:34.801+0000] {dag.py:3239} INFO - Sync 1 DAGs
[2025-04-18T17:46:34.860+0000] {logging_mixin.py:190} INFO - [2025-04-18T17:46:34.859+0000] {dag.py:4180} INFO - Setting next_dagrun for example_dynamic_task_mapping to None, run_after=None
[2025-04-18T17:46:34.944+0000] {processor.py:208} INFO - Processing /home/airflow/.local/lib/python3.12/site-packages/airflow/example_dags/example_dynamic_task_mapping.py took 0.329 seconds
[2025-04-18T17:47:06.426+0000] {processor.py:186} INFO - Started process (PID=1252) to work on /home/airflow/.local/lib/python3.12/site-packages/airflow/example_dags/example_dynamic_task_mapping.py
[2025-04-18T17:47:06.438+0000] {processor.py:914} INFO - Processing file /home/airflow/.local/lib/python3.12/site-packages/airflow/example_dags/example_dynamic_task_mapping.py for tasks to queue
[2025-04-18T17:47:06.460+0000] {logging_mixin.py:190} INFO - [2025-04-18T17:47:06.459+0000] {dagbag.py:588} INFO - Filling up the DagBag from /home/airflow/.local/lib/python3.12/site-packages/airflow/example_dags/example_dynamic_task_mapping.py
[2025-04-18T17:47:06.491+0000] {processor.py:925} INFO - DAG(s) 'example_dynamic_task_mapping' retrieved from /home/airflow/.local/lib/python3.12/site-packages/airflow/example_dags/example_dynamic_task_mapping.py
[2025-04-18T17:47:06.605+0000] {logging_mixin.py:190} INFO - [2025-04-18T17:47:06.604+0000] {dag.py:3239} INFO - Sync 1 DAGs
[2025-04-18T17:47:06.664+0000] {logging_mixin.py:190} INFO - [2025-04-18T17:47:06.663+0000] {dag.py:4180} INFO - Setting next_dagrun for example_dynamic_task_mapping to None, run_after=None
[2025-04-18T17:47:06.783+0000] {processor.py:208} INFO - Processing /home/airflow/.local/lib/python3.12/site-packages/airflow/example_dags/example_dynamic_task_mapping.py took 0.383 seconds
[2025-04-18T17:47:37.138+0000] {processor.py:186} INFO - Started process (PID=1315) to work on /home/airflow/.local/lib/python3.12/site-packages/airflow/example_dags/example_dynamic_task_mapping.py
[2025-04-18T17:47:37.146+0000] {processor.py:914} INFO - Processing file /home/airflow/.local/lib/python3.12/site-packages/airflow/example_dags/example_dynamic_task_mapping.py for tasks to queue
[2025-04-18T17:47:37.165+0000] {logging_mixin.py:190} INFO - [2025-04-18T17:47:37.164+0000] {dagbag.py:588} INFO - Filling up the DagBag from /home/airflow/.local/lib/python3.12/site-packages/airflow/example_dags/example_dynamic_task_mapping.py
[2025-04-18T17:47:37.212+0000] {processor.py:925} INFO - DAG(s) 'example_dynamic_task_mapping' retrieved from /home/airflow/.local/lib/python3.12/site-packages/airflow/example_dags/example_dynamic_task_mapping.py
[2025-04-18T17:47:37.373+0000] {logging_mixin.py:190} INFO - [2025-04-18T17:47:37.362+0000] {dag.py:3239} INFO - Sync 1 DAGs
[2025-04-18T17:47:37.476+0000] {logging_mixin.py:190} INFO - [2025-04-18T17:47:37.475+0000] {dag.py:4180} INFO - Setting next_dagrun for example_dynamic_task_mapping to None, run_after=None
[2025-04-18T17:47:37.620+0000] {processor.py:208} INFO - Processing /home/airflow/.local/lib/python3.12/site-packages/airflow/example_dags/example_dynamic_task_mapping.py took 0.518 seconds
