[2025-04-18T11:50:22.100+0000] {processor.py:186} INFO - Started process (PID=133) to work on /home/airflow/.local/lib/python3.12/site-packages/airflow/example_dags/example_setup_teardown.py
[2025-04-18T11:50:22.111+0000] {processor.py:914} INFO - Processing file /home/airflow/.local/lib/python3.12/site-packages/airflow/example_dags/example_setup_teardown.py for tasks to queue
[2025-04-18T11:50:22.130+0000] {logging_mixin.py:190} INFO - [2025-04-18T11:50:22.128+0000] {dagbag.py:588} INFO - Filling up the DagBag from /home/airflow/.local/lib/python3.12/site-packages/airflow/example_dags/example_setup_teardown.py
[2025-04-18T11:50:22.262+0000] {processor.py:925} INFO - DAG(s) 'example_setup_teardown' retrieved from /home/airflow/.local/lib/python3.12/site-packages/airflow/example_dags/example_setup_teardown.py
[2025-04-18T11:50:23.465+0000] {logging_mixin.py:190} INFO - [2025-04-18T11:50:23.464+0000] {override.py:1912} INFO - Created Permission View: can delete on DAG:example_setup_teardown
[2025-04-18T11:50:23.541+0000] {logging_mixin.py:190} INFO - [2025-04-18T11:50:23.540+0000] {override.py:1912} INFO - Created Permission View: can read on DAG:example_setup_teardown
[2025-04-18T11:50:23.600+0000] {logging_mixin.py:190} INFO - [2025-04-18T11:50:23.597+0000] {override.py:1912} INFO - Created Permission View: can edit on DAG:example_setup_teardown
[2025-04-18T11:50:23.672+0000] {logging_mixin.py:190} INFO - [2025-04-18T11:50:23.671+0000] {override.py:1912} INFO - Created Permission View: can read on DAG Run:example_setup_teardown
[2025-04-18T11:50:23.769+0000] {logging_mixin.py:190} INFO - [2025-04-18T11:50:23.766+0000] {override.py:1912} INFO - Created Permission View: menu access on DAG Run:example_setup_teardown
[2025-04-18T11:50:24.000+0000] {logging_mixin.py:190} INFO - [2025-04-18T11:50:23.998+0000] {override.py:1912} INFO - Created Permission View: can create on DAG Run:example_setup_teardown
[2025-04-18T11:50:24.156+0000] {logging_mixin.py:190} INFO - [2025-04-18T11:50:24.152+0000] {override.py:1912} INFO - Created Permission View: can delete on DAG Run:example_setup_teardown
[2025-04-18T11:50:24.172+0000] {logging_mixin.py:190} INFO - [2025-04-18T11:50:24.170+0000] {dag.py:3239} INFO - Sync 1 DAGs
[2025-04-18T11:50:24.325+0000] {logging_mixin.py:190} INFO - [2025-04-18T11:50:24.324+0000] {dag.py:3262} INFO - Creating ORM DAG for example_setup_teardown
[2025-04-18T11:50:24.340+0000] {logging_mixin.py:190} INFO - [2025-04-18T11:50:24.335+0000] {dag.py:4180} INFO - Setting next_dagrun for example_setup_teardown to None, run_after=None
[2025-04-18T11:50:24.530+0000] {processor.py:208} INFO - Processing /home/airflow/.local/lib/python3.12/site-packages/airflow/example_dags/example_setup_teardown.py took 2.475 seconds
[2025-04-18T11:52:02.183+0000] {processor.py:186} INFO - Started process (PID=214) to work on /home/airflow/.local/lib/python3.12/site-packages/airflow/example_dags/example_setup_teardown.py
[2025-04-18T11:52:02.234+0000] {processor.py:914} INFO - Processing file /home/airflow/.local/lib/python3.12/site-packages/airflow/example_dags/example_setup_teardown.py for tasks to queue
[2025-04-18T11:52:02.563+0000] {logging_mixin.py:190} INFO - [2025-04-18T11:52:02.543+0000] {dagbag.py:588} INFO - Filling up the DagBag from /home/airflow/.local/lib/python3.12/site-packages/airflow/example_dags/example_setup_teardown.py
[2025-04-18T11:52:03.135+0000] {processor.py:925} INFO - DAG(s) 'example_setup_teardown' retrieved from /home/airflow/.local/lib/python3.12/site-packages/airflow/example_dags/example_setup_teardown.py
[2025-04-18T11:52:03.261+0000] {logging_mixin.py:190} INFO - [2025-04-18T11:52:03.260+0000] {dag.py:3239} INFO - Sync 1 DAGs
[2025-04-18T11:52:03.332+0000] {logging_mixin.py:190} INFO - [2025-04-18T11:52:03.331+0000] {dag.py:4180} INFO - Setting next_dagrun for example_setup_teardown to None, run_after=None
[2025-04-18T11:52:03.422+0000] {processor.py:208} INFO - Processing /home/airflow/.local/lib/python3.12/site-packages/airflow/example_dags/example_setup_teardown.py took 1.351 seconds
[2025-04-18T11:53:04.799+0000] {processor.py:186} INFO - Started process (PID=287) to work on /home/airflow/.local/lib/python3.12/site-packages/airflow/example_dags/example_setup_teardown.py
[2025-04-18T11:53:04.817+0000] {processor.py:914} INFO - Processing file /home/airflow/.local/lib/python3.12/site-packages/airflow/example_dags/example_setup_teardown.py for tasks to queue
[2025-04-18T11:53:04.871+0000] {logging_mixin.py:190} INFO - [2025-04-18T11:53:04.855+0000] {dagbag.py:588} INFO - Filling up the DagBag from /home/airflow/.local/lib/python3.12/site-packages/airflow/example_dags/example_setup_teardown.py
[2025-04-18T11:53:05.040+0000] {processor.py:925} INFO - DAG(s) 'example_setup_teardown' retrieved from /home/airflow/.local/lib/python3.12/site-packages/airflow/example_dags/example_setup_teardown.py
[2025-04-18T11:53:05.394+0000] {logging_mixin.py:190} INFO - [2025-04-18T11:53:05.378+0000] {dag.py:3239} INFO - Sync 1 DAGs
[2025-04-18T11:53:05.822+0000] {logging_mixin.py:190} INFO - [2025-04-18T11:53:05.804+0000] {dag.py:4180} INFO - Setting next_dagrun for example_setup_teardown to None, run_after=None
[2025-04-18T11:53:06.357+0000] {processor.py:208} INFO - Processing /home/airflow/.local/lib/python3.12/site-packages/airflow/example_dags/example_setup_teardown.py took 1.663 seconds
[2025-04-18T11:54:05.578+0000] {processor.py:186} INFO - Started process (PID=340) to work on /home/airflow/.local/lib/python3.12/site-packages/airflow/example_dags/example_setup_teardown.py
[2025-04-18T11:54:05.681+0000] {processor.py:914} INFO - Processing file /home/airflow/.local/lib/python3.12/site-packages/airflow/example_dags/example_setup_teardown.py for tasks to queue
[2025-04-18T11:54:05.773+0000] {logging_mixin.py:190} INFO - [2025-04-18T11:54:05.771+0000] {dagbag.py:588} INFO - Filling up the DagBag from /home/airflow/.local/lib/python3.12/site-packages/airflow/example_dags/example_setup_teardown.py
[2025-04-18T11:54:06.103+0000] {processor.py:925} INFO - DAG(s) 'example_setup_teardown' retrieved from /home/airflow/.local/lib/python3.12/site-packages/airflow/example_dags/example_setup_teardown.py
[2025-04-18T11:54:07.254+0000] {logging_mixin.py:190} INFO - [2025-04-18T11:54:07.253+0000] {dag.py:3239} INFO - Sync 1 DAGs
[2025-04-18T11:54:07.388+0000] {logging_mixin.py:190} INFO - [2025-04-18T11:54:07.387+0000] {dag.py:4180} INFO - Setting next_dagrun for example_setup_teardown to None, run_after=None
[2025-04-18T11:54:07.542+0000] {processor.py:208} INFO - Processing /home/airflow/.local/lib/python3.12/site-packages/airflow/example_dags/example_setup_teardown.py took 2.006 seconds
[2025-04-18T11:54:58.795+0000] {processor.py:186} INFO - Started process (PID=408) to work on /home/airflow/.local/lib/python3.12/site-packages/airflow/example_dags/example_setup_teardown.py
[2025-04-18T11:54:58.804+0000] {processor.py:914} INFO - Processing file /home/airflow/.local/lib/python3.12/site-packages/airflow/example_dags/example_setup_teardown.py for tasks to queue
[2025-04-18T11:54:58.817+0000] {logging_mixin.py:190} INFO - [2025-04-18T11:54:58.815+0000] {dagbag.py:588} INFO - Filling up the DagBag from /home/airflow/.local/lib/python3.12/site-packages/airflow/example_dags/example_setup_teardown.py
[2025-04-18T11:54:58.857+0000] {processor.py:925} INFO - DAG(s) 'example_setup_teardown' retrieved from /home/airflow/.local/lib/python3.12/site-packages/airflow/example_dags/example_setup_teardown.py
[2025-04-18T11:54:58.961+0000] {logging_mixin.py:190} INFO - [2025-04-18T11:54:58.960+0000] {dag.py:3239} INFO - Sync 1 DAGs
[2025-04-18T11:54:59.058+0000] {logging_mixin.py:190} INFO - [2025-04-18T11:54:59.057+0000] {dag.py:4180} INFO - Setting next_dagrun for example_setup_teardown to None, run_after=None
[2025-04-18T11:54:59.274+0000] {processor.py:208} INFO - Processing /home/airflow/.local/lib/python3.12/site-packages/airflow/example_dags/example_setup_teardown.py took 0.502 seconds
[2025-04-18T11:56:17.228+0000] {processor.py:186} INFO - Started process (PID=477) to work on /home/airflow/.local/lib/python3.12/site-packages/airflow/example_dags/example_setup_teardown.py
[2025-04-18T11:56:17.238+0000] {processor.py:914} INFO - Processing file /home/airflow/.local/lib/python3.12/site-packages/airflow/example_dags/example_setup_teardown.py for tasks to queue
[2025-04-18T11:56:17.247+0000] {logging_mixin.py:190} INFO - [2025-04-18T11:56:17.246+0000] {dagbag.py:588} INFO - Filling up the DagBag from /home/airflow/.local/lib/python3.12/site-packages/airflow/example_dags/example_setup_teardown.py
[2025-04-18T11:56:17.307+0000] {processor.py:925} INFO - DAG(s) 'example_setup_teardown' retrieved from /home/airflow/.local/lib/python3.12/site-packages/airflow/example_dags/example_setup_teardown.py
[2025-04-18T11:56:17.418+0000] {logging_mixin.py:190} INFO - [2025-04-18T11:56:17.417+0000] {dag.py:3239} INFO - Sync 1 DAGs
[2025-04-18T11:56:17.506+0000] {logging_mixin.py:190} INFO - [2025-04-18T11:56:17.505+0000] {dag.py:4180} INFO - Setting next_dagrun for example_setup_teardown to None, run_after=None
[2025-04-18T11:56:17.615+0000] {processor.py:208} INFO - Processing /home/airflow/.local/lib/python3.12/site-packages/airflow/example_dags/example_setup_teardown.py took 0.413 seconds
[2025-04-18T11:57:09.431+0000] {processor.py:186} INFO - Started process (PID=540) to work on /home/airflow/.local/lib/python3.12/site-packages/airflow/example_dags/example_setup_teardown.py
[2025-04-18T11:57:09.484+0000] {processor.py:914} INFO - Processing file /home/airflow/.local/lib/python3.12/site-packages/airflow/example_dags/example_setup_teardown.py for tasks to queue
[2025-04-18T11:57:09.509+0000] {logging_mixin.py:190} INFO - [2025-04-18T11:57:09.508+0000] {dagbag.py:588} INFO - Filling up the DagBag from /home/airflow/.local/lib/python3.12/site-packages/airflow/example_dags/example_setup_teardown.py
[2025-04-18T11:57:09.567+0000] {processor.py:925} INFO - DAG(s) 'example_setup_teardown' retrieved from /home/airflow/.local/lib/python3.12/site-packages/airflow/example_dags/example_setup_teardown.py
[2025-04-18T11:57:09.724+0000] {logging_mixin.py:190} INFO - [2025-04-18T11:57:09.723+0000] {dag.py:3239} INFO - Sync 1 DAGs
[2025-04-18T11:57:09.772+0000] {logging_mixin.py:190} INFO - [2025-04-18T11:57:09.772+0000] {dag.py:4180} INFO - Setting next_dagrun for example_setup_teardown to None, run_after=None
[2025-04-18T11:57:09.886+0000] {processor.py:208} INFO - Processing /home/airflow/.local/lib/python3.12/site-packages/airflow/example_dags/example_setup_teardown.py took 0.557 seconds
[2025-04-18T11:58:01.846+0000] {processor.py:186} INFO - Started process (PID=605) to work on /home/airflow/.local/lib/python3.12/site-packages/airflow/example_dags/example_setup_teardown.py
[2025-04-18T11:58:01.854+0000] {processor.py:914} INFO - Processing file /home/airflow/.local/lib/python3.12/site-packages/airflow/example_dags/example_setup_teardown.py for tasks to queue
[2025-04-18T11:58:01.867+0000] {logging_mixin.py:190} INFO - [2025-04-18T11:58:01.865+0000] {dagbag.py:588} INFO - Filling up the DagBag from /home/airflow/.local/lib/python3.12/site-packages/airflow/example_dags/example_setup_teardown.py
[2025-04-18T11:58:01.904+0000] {processor.py:925} INFO - DAG(s) 'example_setup_teardown' retrieved from /home/airflow/.local/lib/python3.12/site-packages/airflow/example_dags/example_setup_teardown.py
[2025-04-18T11:58:02.235+0000] {logging_mixin.py:190} INFO - [2025-04-18T11:58:02.232+0000] {dag.py:3239} INFO - Sync 1 DAGs
[2025-04-18T11:58:02.374+0000] {logging_mixin.py:190} INFO - [2025-04-18T11:58:02.372+0000] {dag.py:4180} INFO - Setting next_dagrun for example_setup_teardown to None, run_after=None
[2025-04-18T11:58:02.834+0000] {processor.py:208} INFO - Processing /home/airflow/.local/lib/python3.12/site-packages/airflow/example_dags/example_setup_teardown.py took 1.085 seconds
[2025-04-18T11:59:09.755+0000] {processor.py:186} INFO - Started process (PID=668) to work on /home/airflow/.local/lib/python3.12/site-packages/airflow/example_dags/example_setup_teardown.py
[2025-04-18T11:59:09.762+0000] {processor.py:914} INFO - Processing file /home/airflow/.local/lib/python3.12/site-packages/airflow/example_dags/example_setup_teardown.py for tasks to queue
[2025-04-18T11:59:09.833+0000] {logging_mixin.py:190} INFO - [2025-04-18T11:59:09.818+0000] {dagbag.py:588} INFO - Filling up the DagBag from /home/airflow/.local/lib/python3.12/site-packages/airflow/example_dags/example_setup_teardown.py
[2025-04-18T11:59:09.888+0000] {processor.py:925} INFO - DAG(s) 'example_setup_teardown' retrieved from /home/airflow/.local/lib/python3.12/site-packages/airflow/example_dags/example_setup_teardown.py
[2025-04-18T11:59:10.391+0000] {logging_mixin.py:190} INFO - [2025-04-18T11:59:10.388+0000] {dag.py:3239} INFO - Sync 1 DAGs
[2025-04-18T11:59:10.561+0000] {logging_mixin.py:190} INFO - [2025-04-18T11:59:10.546+0000] {dag.py:4180} INFO - Setting next_dagrun for example_setup_teardown to None, run_after=None
[2025-04-18T11:59:10.871+0000] {processor.py:208} INFO - Processing /home/airflow/.local/lib/python3.12/site-packages/airflow/example_dags/example_setup_teardown.py took 1.227 seconds
[2025-04-18T12:00:55.642+0000] {processor.py:186} INFO - Started process (PID=762) to work on /home/airflow/.local/lib/python3.12/site-packages/airflow/example_dags/example_setup_teardown.py
[2025-04-18T12:00:55.656+0000] {processor.py:914} INFO - Processing file /home/airflow/.local/lib/python3.12/site-packages/airflow/example_dags/example_setup_teardown.py for tasks to queue
[2025-04-18T12:00:55.705+0000] {logging_mixin.py:190} INFO - [2025-04-18T12:00:55.692+0000] {dagbag.py:588} INFO - Filling up the DagBag from /home/airflow/.local/lib/python3.12/site-packages/airflow/example_dags/example_setup_teardown.py
[2025-04-18T12:00:55.798+0000] {processor.py:925} INFO - DAG(s) 'example_setup_teardown' retrieved from /home/airflow/.local/lib/python3.12/site-packages/airflow/example_dags/example_setup_teardown.py
[2025-04-18T12:00:56.126+0000] {logging_mixin.py:190} INFO - [2025-04-18T12:00:56.110+0000] {dag.py:3239} INFO - Sync 1 DAGs
[2025-04-18T12:00:56.528+0000] {logging_mixin.py:190} INFO - [2025-04-18T12:00:56.526+0000] {dag.py:4180} INFO - Setting next_dagrun for example_setup_teardown to None, run_after=None
[2025-04-18T12:00:57.635+0000] {processor.py:208} INFO - Processing /home/airflow/.local/lib/python3.12/site-packages/airflow/example_dags/example_setup_teardown.py took 2.017 seconds
[2025-04-18T12:02:45.544+0000] {processor.py:186} INFO - Started process (PID=859) to work on /home/airflow/.local/lib/python3.12/site-packages/airflow/example_dags/example_setup_teardown.py
[2025-04-18T12:02:45.566+0000] {processor.py:914} INFO - Processing file /home/airflow/.local/lib/python3.12/site-packages/airflow/example_dags/example_setup_teardown.py for tasks to queue
[2025-04-18T12:02:45.625+0000] {logging_mixin.py:190} INFO - [2025-04-18T12:02:45.621+0000] {dagbag.py:588} INFO - Filling up the DagBag from /home/airflow/.local/lib/python3.12/site-packages/airflow/example_dags/example_setup_teardown.py
[2025-04-18T12:02:45.770+0000] {processor.py:925} INFO - DAG(s) 'example_setup_teardown' retrieved from /home/airflow/.local/lib/python3.12/site-packages/airflow/example_dags/example_setup_teardown.py
[2025-04-18T12:02:46.151+0000] {logging_mixin.py:190} INFO - [2025-04-18T12:02:46.136+0000] {dag.py:3239} INFO - Sync 1 DAGs
[2025-04-18T12:02:46.363+0000] {logging_mixin.py:190} INFO - [2025-04-18T12:02:46.349+0000] {dag.py:4180} INFO - Setting next_dagrun for example_setup_teardown to None, run_after=None
[2025-04-18T12:02:46.681+0000] {processor.py:208} INFO - Processing /home/airflow/.local/lib/python3.12/site-packages/airflow/example_dags/example_setup_teardown.py took 1.152 seconds
[2025-04-18T12:04:19.971+0000] {processor.py:186} INFO - Started process (PID=956) to work on /home/airflow/.local/lib/python3.12/site-packages/airflow/example_dags/example_setup_teardown.py
[2025-04-18T12:04:19.980+0000] {processor.py:914} INFO - Processing file /home/airflow/.local/lib/python3.12/site-packages/airflow/example_dags/example_setup_teardown.py for tasks to queue
[2025-04-18T12:04:19.989+0000] {logging_mixin.py:190} INFO - [2025-04-18T12:04:19.987+0000] {dagbag.py:588} INFO - Filling up the DagBag from /home/airflow/.local/lib/python3.12/site-packages/airflow/example_dags/example_setup_teardown.py
[2025-04-18T12:04:20.072+0000] {processor.py:925} INFO - DAG(s) 'example_setup_teardown' retrieved from /home/airflow/.local/lib/python3.12/site-packages/airflow/example_dags/example_setup_teardown.py
[2025-04-18T12:04:20.252+0000] {logging_mixin.py:190} INFO - [2025-04-18T12:04:20.251+0000] {dag.py:3239} INFO - Sync 1 DAGs
[2025-04-18T12:04:20.315+0000] {logging_mixin.py:190} INFO - [2025-04-18T12:04:20.311+0000] {dag.py:4180} INFO - Setting next_dagrun for example_setup_teardown to None, run_after=None
[2025-04-18T12:04:20.401+0000] {processor.py:208} INFO - Processing /home/airflow/.local/lib/python3.12/site-packages/airflow/example_dags/example_setup_teardown.py took 0.525 seconds
[2025-04-18T12:05:23.101+0000] {processor.py:186} INFO - Started process (PID=1028) to work on /home/airflow/.local/lib/python3.12/site-packages/airflow/example_dags/example_setup_teardown.py
[2025-04-18T12:05:23.109+0000] {processor.py:914} INFO - Processing file /home/airflow/.local/lib/python3.12/site-packages/airflow/example_dags/example_setup_teardown.py for tasks to queue
[2025-04-18T12:05:23.129+0000] {logging_mixin.py:190} INFO - [2025-04-18T12:05:23.127+0000] {dagbag.py:588} INFO - Filling up the DagBag from /home/airflow/.local/lib/python3.12/site-packages/airflow/example_dags/example_setup_teardown.py
[2025-04-18T12:05:23.418+0000] {processor.py:925} INFO - DAG(s) 'example_setup_teardown' retrieved from /home/airflow/.local/lib/python3.12/site-packages/airflow/example_dags/example_setup_teardown.py
[2025-04-18T12:05:23.705+0000] {logging_mixin.py:190} INFO - [2025-04-18T12:05:23.692+0000] {dag.py:3239} INFO - Sync 1 DAGs
[2025-04-18T12:05:23.921+0000] {logging_mixin.py:190} INFO - [2025-04-18T12:05:23.920+0000] {dag.py:4180} INFO - Setting next_dagrun for example_setup_teardown to None, run_after=None
[2025-04-18T12:05:24.390+0000] {processor.py:208} INFO - Processing /home/airflow/.local/lib/python3.12/site-packages/airflow/example_dags/example_setup_teardown.py took 1.321 seconds
[2025-04-18T17:37:32.690+0000] {processor.py:186} INFO - Started process (PID=128) to work on /home/airflow/.local/lib/python3.12/site-packages/airflow/example_dags/example_setup_teardown.py
[2025-04-18T17:37:32.695+0000] {processor.py:914} INFO - Processing file /home/airflow/.local/lib/python3.12/site-packages/airflow/example_dags/example_setup_teardown.py for tasks to queue
[2025-04-18T17:37:32.702+0000] {logging_mixin.py:190} INFO - [2025-04-18T17:37:32.701+0000] {dagbag.py:588} INFO - Filling up the DagBag from /home/airflow/.local/lib/python3.12/site-packages/airflow/example_dags/example_setup_teardown.py
[2025-04-18T17:37:32.734+0000] {processor.py:925} INFO - DAG(s) 'example_setup_teardown' retrieved from /home/airflow/.local/lib/python3.12/site-packages/airflow/example_dags/example_setup_teardown.py
[2025-04-18T17:37:32.794+0000] {logging_mixin.py:190} INFO - [2025-04-18T17:37:32.793+0000] {dag.py:3239} INFO - Sync 1 DAGs
[2025-04-18T17:37:32.833+0000] {logging_mixin.py:190} INFO - [2025-04-18T17:37:32.832+0000] {dag.py:4180} INFO - Setting next_dagrun for example_setup_teardown to None, run_after=None
[2025-04-18T17:37:32.895+0000] {processor.py:208} INFO - Processing /home/airflow/.local/lib/python3.12/site-packages/airflow/example_dags/example_setup_teardown.py took 0.222 seconds
[2025-04-18T17:38:05.758+0000] {processor.py:186} INFO - Started process (PID=192) to work on /home/airflow/.local/lib/python3.12/site-packages/airflow/example_dags/example_setup_teardown.py
[2025-04-18T17:38:05.761+0000] {processor.py:914} INFO - Processing file /home/airflow/.local/lib/python3.12/site-packages/airflow/example_dags/example_setup_teardown.py for tasks to queue
[2025-04-18T17:38:05.769+0000] {logging_mixin.py:190} INFO - [2025-04-18T17:38:05.768+0000] {dagbag.py:588} INFO - Filling up the DagBag from /home/airflow/.local/lib/python3.12/site-packages/airflow/example_dags/example_setup_teardown.py
[2025-04-18T17:38:05.791+0000] {processor.py:925} INFO - DAG(s) 'example_setup_teardown' retrieved from /home/airflow/.local/lib/python3.12/site-packages/airflow/example_dags/example_setup_teardown.py
[2025-04-18T17:38:05.837+0000] {logging_mixin.py:190} INFO - [2025-04-18T17:38:05.837+0000] {dag.py:3239} INFO - Sync 1 DAGs
[2025-04-18T17:38:05.867+0000] {logging_mixin.py:190} INFO - [2025-04-18T17:38:05.866+0000] {dag.py:4180} INFO - Setting next_dagrun for example_setup_teardown to None, run_after=None
[2025-04-18T17:38:05.908+0000] {processor.py:208} INFO - Processing /home/airflow/.local/lib/python3.12/site-packages/airflow/example_dags/example_setup_teardown.py took 0.164 seconds
[2025-04-18T17:38:38.812+0000] {processor.py:186} INFO - Started process (PID=256) to work on /home/airflow/.local/lib/python3.12/site-packages/airflow/example_dags/example_setup_teardown.py
[2025-04-18T17:38:38.818+0000] {processor.py:914} INFO - Processing file /home/airflow/.local/lib/python3.12/site-packages/airflow/example_dags/example_setup_teardown.py for tasks to queue
[2025-04-18T17:38:38.828+0000] {logging_mixin.py:190} INFO - [2025-04-18T17:38:38.827+0000] {dagbag.py:588} INFO - Filling up the DagBag from /home/airflow/.local/lib/python3.12/site-packages/airflow/example_dags/example_setup_teardown.py
[2025-04-18T17:38:38.865+0000] {processor.py:925} INFO - DAG(s) 'example_setup_teardown' retrieved from /home/airflow/.local/lib/python3.12/site-packages/airflow/example_dags/example_setup_teardown.py
[2025-04-18T17:38:38.952+0000] {logging_mixin.py:190} INFO - [2025-04-18T17:38:38.951+0000] {dag.py:3239} INFO - Sync 1 DAGs
[2025-04-18T17:38:39.017+0000] {logging_mixin.py:190} INFO - [2025-04-18T17:38:39.016+0000] {dag.py:4180} INFO - Setting next_dagrun for example_setup_teardown to None, run_after=None
[2025-04-18T17:38:39.111+0000] {processor.py:208} INFO - Processing /home/airflow/.local/lib/python3.12/site-packages/airflow/example_dags/example_setup_teardown.py took 0.322 seconds
[2025-04-18T17:39:09.759+0000] {processor.py:186} INFO - Started process (PID=320) to work on /home/airflow/.local/lib/python3.12/site-packages/airflow/example_dags/example_setup_teardown.py
[2025-04-18T17:39:09.763+0000] {processor.py:914} INFO - Processing file /home/airflow/.local/lib/python3.12/site-packages/airflow/example_dags/example_setup_teardown.py for tasks to queue
[2025-04-18T17:39:09.771+0000] {logging_mixin.py:190} INFO - [2025-04-18T17:39:09.769+0000] {dagbag.py:588} INFO - Filling up the DagBag from /home/airflow/.local/lib/python3.12/site-packages/airflow/example_dags/example_setup_teardown.py
[2025-04-18T17:39:09.799+0000] {processor.py:925} INFO - DAG(s) 'example_setup_teardown' retrieved from /home/airflow/.local/lib/python3.12/site-packages/airflow/example_dags/example_setup_teardown.py
[2025-04-18T17:39:09.873+0000] {logging_mixin.py:190} INFO - [2025-04-18T17:39:09.870+0000] {dag.py:3239} INFO - Sync 1 DAGs
[2025-04-18T17:39:09.926+0000] {logging_mixin.py:190} INFO - [2025-04-18T17:39:09.925+0000] {dag.py:4180} INFO - Setting next_dagrun for example_setup_teardown to None, run_after=None
[2025-04-18T17:39:10.033+0000] {processor.py:208} INFO - Processing /home/airflow/.local/lib/python3.12/site-packages/airflow/example_dags/example_setup_teardown.py took 0.291 seconds
[2025-04-18T17:39:41.092+0000] {processor.py:186} INFO - Started process (PID=384) to work on /home/airflow/.local/lib/python3.12/site-packages/airflow/example_dags/example_setup_teardown.py
[2025-04-18T17:39:41.101+0000] {processor.py:914} INFO - Processing file /home/airflow/.local/lib/python3.12/site-packages/airflow/example_dags/example_setup_teardown.py for tasks to queue
[2025-04-18T17:39:41.120+0000] {logging_mixin.py:190} INFO - [2025-04-18T17:39:41.119+0000] {dagbag.py:588} INFO - Filling up the DagBag from /home/airflow/.local/lib/python3.12/site-packages/airflow/example_dags/example_setup_teardown.py
[2025-04-18T17:39:41.156+0000] {processor.py:925} INFO - DAG(s) 'example_setup_teardown' retrieved from /home/airflow/.local/lib/python3.12/site-packages/airflow/example_dags/example_setup_teardown.py
[2025-04-18T17:39:41.238+0000] {logging_mixin.py:190} INFO - [2025-04-18T17:39:41.237+0000] {dag.py:3239} INFO - Sync 1 DAGs
[2025-04-18T17:39:41.291+0000] {logging_mixin.py:190} INFO - [2025-04-18T17:39:41.289+0000] {dag.py:4180} INFO - Setting next_dagrun for example_setup_teardown to None, run_after=None
[2025-04-18T17:39:41.389+0000] {processor.py:208} INFO - Processing /home/airflow/.local/lib/python3.12/site-packages/airflow/example_dags/example_setup_teardown.py took 0.318 seconds
[2025-04-18T17:40:14.342+0000] {processor.py:186} INFO - Started process (PID=454) to work on /home/airflow/.local/lib/python3.12/site-packages/airflow/example_dags/example_setup_teardown.py
[2025-04-18T17:40:14.353+0000] {processor.py:914} INFO - Processing file /home/airflow/.local/lib/python3.12/site-packages/airflow/example_dags/example_setup_teardown.py for tasks to queue
[2025-04-18T17:40:14.400+0000] {logging_mixin.py:190} INFO - [2025-04-18T17:40:14.389+0000] {dagbag.py:588} INFO - Filling up the DagBag from /home/airflow/.local/lib/python3.12/site-packages/airflow/example_dags/example_setup_teardown.py
[2025-04-18T17:40:14.512+0000] {processor.py:925} INFO - DAG(s) 'example_setup_teardown' retrieved from /home/airflow/.local/lib/python3.12/site-packages/airflow/example_dags/example_setup_teardown.py
[2025-04-18T17:40:14.692+0000] {logging_mixin.py:190} INFO - [2025-04-18T17:40:14.690+0000] {dag.py:3239} INFO - Sync 1 DAGs
[2025-04-18T17:40:14.841+0000] {logging_mixin.py:190} INFO - [2025-04-18T17:40:14.840+0000] {dag.py:4180} INFO - Setting next_dagrun for example_setup_teardown to None, run_after=None
[2025-04-18T17:40:14.979+0000] {processor.py:208} INFO - Processing /home/airflow/.local/lib/python3.12/site-packages/airflow/example_dags/example_setup_teardown.py took 0.688 seconds
[2025-04-18T17:40:46.017+0000] {processor.py:186} INFO - Started process (PID=518) to work on /home/airflow/.local/lib/python3.12/site-packages/airflow/example_dags/example_setup_teardown.py
[2025-04-18T17:40:46.021+0000] {processor.py:914} INFO - Processing file /home/airflow/.local/lib/python3.12/site-packages/airflow/example_dags/example_setup_teardown.py for tasks to queue
[2025-04-18T17:40:46.029+0000] {logging_mixin.py:190} INFO - [2025-04-18T17:40:46.028+0000] {dagbag.py:588} INFO - Filling up the DagBag from /home/airflow/.local/lib/python3.12/site-packages/airflow/example_dags/example_setup_teardown.py
[2025-04-18T17:40:46.052+0000] {processor.py:925} INFO - DAG(s) 'example_setup_teardown' retrieved from /home/airflow/.local/lib/python3.12/site-packages/airflow/example_dags/example_setup_teardown.py
[2025-04-18T17:40:46.110+0000] {logging_mixin.py:190} INFO - [2025-04-18T17:40:46.109+0000] {dag.py:3239} INFO - Sync 1 DAGs
[2025-04-18T17:40:46.157+0000] {logging_mixin.py:190} INFO - [2025-04-18T17:40:46.156+0000] {dag.py:4180} INFO - Setting next_dagrun for example_setup_teardown to None, run_after=None
[2025-04-18T17:40:46.212+0000] {processor.py:208} INFO - Processing /home/airflow/.local/lib/python3.12/site-packages/airflow/example_dags/example_setup_teardown.py took 0.210 seconds
[2025-04-18T17:41:23.369+0000] {processor.py:186} INFO - Started process (PID=583) to work on /home/airflow/.local/lib/python3.12/site-packages/airflow/example_dags/example_setup_teardown.py
[2025-04-18T17:41:23.375+0000] {processor.py:914} INFO - Processing file /home/airflow/.local/lib/python3.12/site-packages/airflow/example_dags/example_setup_teardown.py for tasks to queue
[2025-04-18T17:41:23.388+0000] {logging_mixin.py:190} INFO - [2025-04-18T17:41:23.387+0000] {dagbag.py:588} INFO - Filling up the DagBag from /home/airflow/.local/lib/python3.12/site-packages/airflow/example_dags/example_setup_teardown.py
[2025-04-18T17:41:23.421+0000] {processor.py:925} INFO - DAG(s) 'example_setup_teardown' retrieved from /home/airflow/.local/lib/python3.12/site-packages/airflow/example_dags/example_setup_teardown.py
[2025-04-18T17:41:23.498+0000] {logging_mixin.py:190} INFO - [2025-04-18T17:41:23.498+0000] {dag.py:3239} INFO - Sync 1 DAGs
[2025-04-18T17:41:23.538+0000] {logging_mixin.py:190} INFO - [2025-04-18T17:41:23.537+0000] {dag.py:4180} INFO - Setting next_dagrun for example_setup_teardown to None, run_after=None
[2025-04-18T17:41:23.591+0000] {processor.py:208} INFO - Processing /home/airflow/.local/lib/python3.12/site-packages/airflow/example_dags/example_setup_teardown.py took 0.239 seconds
[2025-04-18T17:42:04.977+0000] {processor.py:186} INFO - Started process (PID=647) to work on /home/airflow/.local/lib/python3.12/site-packages/airflow/example_dags/example_setup_teardown.py
[2025-04-18T17:42:04.982+0000] {processor.py:914} INFO - Processing file /home/airflow/.local/lib/python3.12/site-packages/airflow/example_dags/example_setup_teardown.py for tasks to queue
[2025-04-18T17:42:04.990+0000] {logging_mixin.py:190} INFO - [2025-04-18T17:42:04.989+0000] {dagbag.py:588} INFO - Filling up the DagBag from /home/airflow/.local/lib/python3.12/site-packages/airflow/example_dags/example_setup_teardown.py
[2025-04-18T17:42:05.014+0000] {processor.py:925} INFO - DAG(s) 'example_setup_teardown' retrieved from /home/airflow/.local/lib/python3.12/site-packages/airflow/example_dags/example_setup_teardown.py
[2025-04-18T17:42:05.067+0000] {logging_mixin.py:190} INFO - [2025-04-18T17:42:05.067+0000] {dag.py:3239} INFO - Sync 1 DAGs
[2025-04-18T17:42:05.112+0000] {logging_mixin.py:190} INFO - [2025-04-18T17:42:05.111+0000] {dag.py:4180} INFO - Setting next_dagrun for example_setup_teardown to None, run_after=None
[2025-04-18T17:42:05.182+0000] {processor.py:208} INFO - Processing /home/airflow/.local/lib/python3.12/site-packages/airflow/example_dags/example_setup_teardown.py took 0.223 seconds
[2025-04-18T17:42:36.881+0000] {processor.py:186} INFO - Started process (PID=711) to work on /home/airflow/.local/lib/python3.12/site-packages/airflow/example_dags/example_setup_teardown.py
[2025-04-18T17:42:36.886+0000] {processor.py:914} INFO - Processing file /home/airflow/.local/lib/python3.12/site-packages/airflow/example_dags/example_setup_teardown.py for tasks to queue
[2025-04-18T17:42:36.893+0000] {logging_mixin.py:190} INFO - [2025-04-18T17:42:36.892+0000] {dagbag.py:588} INFO - Filling up the DagBag from /home/airflow/.local/lib/python3.12/site-packages/airflow/example_dags/example_setup_teardown.py
[2025-04-18T17:42:36.917+0000] {processor.py:925} INFO - DAG(s) 'example_setup_teardown' retrieved from /home/airflow/.local/lib/python3.12/site-packages/airflow/example_dags/example_setup_teardown.py
[2025-04-18T17:42:36.979+0000] {logging_mixin.py:190} INFO - [2025-04-18T17:42:36.978+0000] {dag.py:3239} INFO - Sync 1 DAGs
[2025-04-18T17:42:37.039+0000] {logging_mixin.py:190} INFO - [2025-04-18T17:42:37.038+0000] {dag.py:4180} INFO - Setting next_dagrun for example_setup_teardown to None, run_after=None
[2025-04-18T17:42:37.110+0000] {processor.py:208} INFO - Processing /home/airflow/.local/lib/python3.12/site-packages/airflow/example_dags/example_setup_teardown.py took 0.245 seconds
[2025-04-18T17:43:13.494+0000] {processor.py:186} INFO - Started process (PID=775) to work on /home/airflow/.local/lib/python3.12/site-packages/airflow/example_dags/example_setup_teardown.py
[2025-04-18T17:43:13.502+0000] {processor.py:914} INFO - Processing file /home/airflow/.local/lib/python3.12/site-packages/airflow/example_dags/example_setup_teardown.py for tasks to queue
[2025-04-18T17:43:13.518+0000] {logging_mixin.py:190} INFO - [2025-04-18T17:43:13.515+0000] {dagbag.py:588} INFO - Filling up the DagBag from /home/airflow/.local/lib/python3.12/site-packages/airflow/example_dags/example_setup_teardown.py
[2025-04-18T17:43:13.567+0000] {processor.py:925} INFO - DAG(s) 'example_setup_teardown' retrieved from /home/airflow/.local/lib/python3.12/site-packages/airflow/example_dags/example_setup_teardown.py
[2025-04-18T17:43:13.786+0000] {logging_mixin.py:190} INFO - [2025-04-18T17:43:13.783+0000] {dag.py:3239} INFO - Sync 1 DAGs
[2025-04-18T17:43:14.112+0000] {logging_mixin.py:190} INFO - [2025-04-18T17:43:14.107+0000] {dag.py:4180} INFO - Setting next_dagrun for example_setup_teardown to None, run_after=None
[2025-04-18T17:43:14.402+0000] {processor.py:208} INFO - Processing /home/airflow/.local/lib/python3.12/site-packages/airflow/example_dags/example_setup_teardown.py took 0.930 seconds
[2025-04-18T17:43:46.236+0000] {processor.py:186} INFO - Started process (PID=847) to work on /home/airflow/.local/lib/python3.12/site-packages/airflow/example_dags/example_setup_teardown.py
[2025-04-18T17:43:46.240+0000] {processor.py:914} INFO - Processing file /home/airflow/.local/lib/python3.12/site-packages/airflow/example_dags/example_setup_teardown.py for tasks to queue
[2025-04-18T17:43:46.246+0000] {logging_mixin.py:190} INFO - [2025-04-18T17:43:46.245+0000] {dagbag.py:588} INFO - Filling up the DagBag from /home/airflow/.local/lib/python3.12/site-packages/airflow/example_dags/example_setup_teardown.py
[2025-04-18T17:43:46.275+0000] {processor.py:925} INFO - DAG(s) 'example_setup_teardown' retrieved from /home/airflow/.local/lib/python3.12/site-packages/airflow/example_dags/example_setup_teardown.py
[2025-04-18T17:43:46.355+0000] {logging_mixin.py:190} INFO - [2025-04-18T17:43:46.354+0000] {dag.py:3239} INFO - Sync 1 DAGs
[2025-04-18T17:43:46.427+0000] {logging_mixin.py:190} INFO - [2025-04-18T17:43:46.426+0000] {dag.py:4180} INFO - Setting next_dagrun for example_setup_teardown to None, run_after=None
[2025-04-18T17:43:46.539+0000] {processor.py:208} INFO - Processing /home/airflow/.local/lib/python3.12/site-packages/airflow/example_dags/example_setup_teardown.py took 0.320 seconds
[2025-04-18T17:44:17.394+0000] {processor.py:186} INFO - Started process (PID=920) to work on /home/airflow/.local/lib/python3.12/site-packages/airflow/example_dags/example_setup_teardown.py
[2025-04-18T17:44:17.403+0000] {processor.py:914} INFO - Processing file /home/airflow/.local/lib/python3.12/site-packages/airflow/example_dags/example_setup_teardown.py for tasks to queue
[2025-04-18T17:44:17.423+0000] {logging_mixin.py:190} INFO - [2025-04-18T17:44:17.421+0000] {dagbag.py:588} INFO - Filling up the DagBag from /home/airflow/.local/lib/python3.12/site-packages/airflow/example_dags/example_setup_teardown.py
[2025-04-18T17:44:17.461+0000] {processor.py:925} INFO - DAG(s) 'example_setup_teardown' retrieved from /home/airflow/.local/lib/python3.12/site-packages/airflow/example_dags/example_setup_teardown.py
[2025-04-18T17:44:17.579+0000] {logging_mixin.py:190} INFO - [2025-04-18T17:44:17.579+0000] {dag.py:3239} INFO - Sync 1 DAGs
[2025-04-18T17:44:17.641+0000] {logging_mixin.py:190} INFO - [2025-04-18T17:44:17.640+0000] {dag.py:4180} INFO - Setting next_dagrun for example_setup_teardown to None, run_after=None
[2025-04-18T17:44:17.775+0000] {processor.py:208} INFO - Processing /home/airflow/.local/lib/python3.12/site-packages/airflow/example_dags/example_setup_teardown.py took 0.421 seconds
[2025-04-18T17:44:55.351+0000] {processor.py:186} INFO - Started process (PID=988) to work on /home/airflow/.local/lib/python3.12/site-packages/airflow/example_dags/example_setup_teardown.py
[2025-04-18T17:44:55.358+0000] {processor.py:914} INFO - Processing file /home/airflow/.local/lib/python3.12/site-packages/airflow/example_dags/example_setup_teardown.py for tasks to queue
[2025-04-18T17:44:55.384+0000] {logging_mixin.py:190} INFO - [2025-04-18T17:44:55.382+0000] {dagbag.py:588} INFO - Filling up the DagBag from /home/airflow/.local/lib/python3.12/site-packages/airflow/example_dags/example_setup_teardown.py
[2025-04-18T17:44:55.424+0000] {processor.py:925} INFO - DAG(s) 'example_setup_teardown' retrieved from /home/airflow/.local/lib/python3.12/site-packages/airflow/example_dags/example_setup_teardown.py
[2025-04-18T17:44:55.536+0000] {logging_mixin.py:190} INFO - [2025-04-18T17:44:55.535+0000] {dag.py:3239} INFO - Sync 1 DAGs
[2025-04-18T17:44:55.603+0000] {logging_mixin.py:190} INFO - [2025-04-18T17:44:55.602+0000] {dag.py:4180} INFO - Setting next_dagrun for example_setup_teardown to None, run_after=None
[2025-04-18T17:44:55.711+0000] {processor.py:208} INFO - Processing /home/airflow/.local/lib/python3.12/site-packages/airflow/example_dags/example_setup_teardown.py took 0.378 seconds
[2025-04-18T17:45:26.143+0000] {processor.py:186} INFO - Started process (PID=1052) to work on /home/airflow/.local/lib/python3.12/site-packages/airflow/example_dags/example_setup_teardown.py
[2025-04-18T17:45:26.148+0000] {processor.py:914} INFO - Processing file /home/airflow/.local/lib/python3.12/site-packages/airflow/example_dags/example_setup_teardown.py for tasks to queue
[2025-04-18T17:45:26.156+0000] {logging_mixin.py:190} INFO - [2025-04-18T17:45:26.155+0000] {dagbag.py:588} INFO - Filling up the DagBag from /home/airflow/.local/lib/python3.12/site-packages/airflow/example_dags/example_setup_teardown.py
[2025-04-18T17:45:26.184+0000] {processor.py:925} INFO - DAG(s) 'example_setup_teardown' retrieved from /home/airflow/.local/lib/python3.12/site-packages/airflow/example_dags/example_setup_teardown.py
[2025-04-18T17:45:26.253+0000] {logging_mixin.py:190} INFO - [2025-04-18T17:45:26.253+0000] {dag.py:3239} INFO - Sync 1 DAGs
[2025-04-18T17:45:26.325+0000] {logging_mixin.py:190} INFO - [2025-04-18T17:45:26.324+0000] {dag.py:4180} INFO - Setting next_dagrun for example_setup_teardown to None, run_after=None
[2025-04-18T17:45:26.403+0000] {processor.py:208} INFO - Processing /home/airflow/.local/lib/python3.12/site-packages/airflow/example_dags/example_setup_teardown.py took 0.282 seconds
[2025-04-18T17:45:56.615+0000] {processor.py:186} INFO - Started process (PID=1115) to work on /home/airflow/.local/lib/python3.12/site-packages/airflow/example_dags/example_setup_teardown.py
[2025-04-18T17:45:56.621+0000] {processor.py:914} INFO - Processing file /home/airflow/.local/lib/python3.12/site-packages/airflow/example_dags/example_setup_teardown.py for tasks to queue
[2025-04-18T17:45:56.631+0000] {logging_mixin.py:190} INFO - [2025-04-18T17:45:56.629+0000] {dagbag.py:588} INFO - Filling up the DagBag from /home/airflow/.local/lib/python3.12/site-packages/airflow/example_dags/example_setup_teardown.py
[2025-04-18T17:45:56.661+0000] {processor.py:925} INFO - DAG(s) 'example_setup_teardown' retrieved from /home/airflow/.local/lib/python3.12/site-packages/airflow/example_dags/example_setup_teardown.py
[2025-04-18T17:45:56.779+0000] {logging_mixin.py:190} INFO - [2025-04-18T17:45:56.776+0000] {dag.py:3239} INFO - Sync 1 DAGs
[2025-04-18T17:45:56.829+0000] {logging_mixin.py:190} INFO - [2025-04-18T17:45:56.828+0000] {dag.py:4180} INFO - Setting next_dagrun for example_setup_teardown to None, run_after=None
[2025-04-18T17:45:56.887+0000] {processor.py:208} INFO - Processing /home/airflow/.local/lib/python3.12/site-packages/airflow/example_dags/example_setup_teardown.py took 0.295 seconds
[2025-04-18T17:46:31.236+0000] {processor.py:186} INFO - Started process (PID=1185) to work on /home/airflow/.local/lib/python3.12/site-packages/airflow/example_dags/example_setup_teardown.py
[2025-04-18T17:46:31.256+0000] {processor.py:914} INFO - Processing file /home/airflow/.local/lib/python3.12/site-packages/airflow/example_dags/example_setup_teardown.py for tasks to queue
[2025-04-18T17:46:31.291+0000] {logging_mixin.py:190} INFO - [2025-04-18T17:46:31.289+0000] {dagbag.py:588} INFO - Filling up the DagBag from /home/airflow/.local/lib/python3.12/site-packages/airflow/example_dags/example_setup_teardown.py
[2025-04-18T17:46:31.342+0000] {processor.py:925} INFO - DAG(s) 'example_setup_teardown' retrieved from /home/airflow/.local/lib/python3.12/site-packages/airflow/example_dags/example_setup_teardown.py
[2025-04-18T17:46:31.597+0000] {logging_mixin.py:190} INFO - [2025-04-18T17:46:31.595+0000] {dag.py:3239} INFO - Sync 1 DAGs
[2025-04-18T17:46:31.754+0000] {logging_mixin.py:190} INFO - [2025-04-18T17:46:31.747+0000] {dag.py:4180} INFO - Setting next_dagrun for example_setup_teardown to None, run_after=None
[2025-04-18T17:46:31.922+0000] {processor.py:208} INFO - Processing /home/airflow/.local/lib/python3.12/site-packages/airflow/example_dags/example_setup_teardown.py took 0.710 seconds
[2025-04-18T17:47:04.723+0000] {processor.py:186} INFO - Started process (PID=1248) to work on /home/airflow/.local/lib/python3.12/site-packages/airflow/example_dags/example_setup_teardown.py
[2025-04-18T17:47:04.747+0000] {processor.py:914} INFO - Processing file /home/airflow/.local/lib/python3.12/site-packages/airflow/example_dags/example_setup_teardown.py for tasks to queue
[2025-04-18T17:47:04.785+0000] {logging_mixin.py:190} INFO - [2025-04-18T17:47:04.784+0000] {dagbag.py:588} INFO - Filling up the DagBag from /home/airflow/.local/lib/python3.12/site-packages/airflow/example_dags/example_setup_teardown.py
[2025-04-18T17:47:04.854+0000] {processor.py:925} INFO - DAG(s) 'example_setup_teardown' retrieved from /home/airflow/.local/lib/python3.12/site-packages/airflow/example_dags/example_setup_teardown.py
[2025-04-18T17:47:04.986+0000] {logging_mixin.py:190} INFO - [2025-04-18T17:47:04.985+0000] {dag.py:3239} INFO - Sync 1 DAGs
[2025-04-18T17:47:05.092+0000] {logging_mixin.py:190} INFO - [2025-04-18T17:47:05.091+0000] {dag.py:4180} INFO - Setting next_dagrun for example_setup_teardown to None, run_after=None
[2025-04-18T17:47:05.214+0000] {processor.py:208} INFO - Processing /home/airflow/.local/lib/python3.12/site-packages/airflow/example_dags/example_setup_teardown.py took 0.513 seconds
[2025-04-18T17:47:35.839+0000] {processor.py:186} INFO - Started process (PID=1312) to work on /home/airflow/.local/lib/python3.12/site-packages/airflow/example_dags/example_setup_teardown.py
[2025-04-18T17:47:35.844+0000] {processor.py:914} INFO - Processing file /home/airflow/.local/lib/python3.12/site-packages/airflow/example_dags/example_setup_teardown.py for tasks to queue
[2025-04-18T17:47:35.863+0000] {logging_mixin.py:190} INFO - [2025-04-18T17:47:35.860+0000] {dagbag.py:588} INFO - Filling up the DagBag from /home/airflow/.local/lib/python3.12/site-packages/airflow/example_dags/example_setup_teardown.py
[2025-04-18T17:47:35.891+0000] {processor.py:925} INFO - DAG(s) 'example_setup_teardown' retrieved from /home/airflow/.local/lib/python3.12/site-packages/airflow/example_dags/example_setup_teardown.py
[2025-04-18T17:47:36.002+0000] {logging_mixin.py:190} INFO - [2025-04-18T17:47:36.001+0000] {dag.py:3239} INFO - Sync 1 DAGs
[2025-04-18T17:47:36.060+0000] {logging_mixin.py:190} INFO - [2025-04-18T17:47:36.059+0000] {dag.py:4180} INFO - Setting next_dagrun for example_setup_teardown to None, run_after=None
[2025-04-18T17:47:36.132+0000] {processor.py:208} INFO - Processing /home/airflow/.local/lib/python3.12/site-packages/airflow/example_dags/example_setup_teardown.py took 0.313 seconds
[2025-04-18T17:48:12.447+0000] {processor.py:186} INFO - Started process (PID=1375) to work on /home/airflow/.local/lib/python3.12/site-packages/airflow/example_dags/example_setup_teardown.py
[2025-04-18T17:48:12.460+0000] {processor.py:914} INFO - Processing file /home/airflow/.local/lib/python3.12/site-packages/airflow/example_dags/example_setup_teardown.py for tasks to queue
[2025-04-18T17:48:12.477+0000] {logging_mixin.py:190} INFO - [2025-04-18T17:48:12.476+0000] {dagbag.py:588} INFO - Filling up the DagBag from /home/airflow/.local/lib/python3.12/site-packages/airflow/example_dags/example_setup_teardown.py
[2025-04-18T17:48:12.523+0000] {processor.py:925} INFO - DAG(s) 'example_setup_teardown' retrieved from /home/airflow/.local/lib/python3.12/site-packages/airflow/example_dags/example_setup_teardown.py
[2025-04-18T17:48:12.636+0000] {logging_mixin.py:190} INFO - [2025-04-18T17:48:12.634+0000] {dag.py:3239} INFO - Sync 1 DAGs
[2025-04-18T17:48:12.732+0000] {logging_mixin.py:190} INFO - [2025-04-18T17:48:12.731+0000] {dag.py:4180} INFO - Setting next_dagrun for example_setup_teardown to None, run_after=None
[2025-04-18T17:48:12.880+0000] {processor.py:208} INFO - Processing /home/airflow/.local/lib/python3.12/site-packages/airflow/example_dags/example_setup_teardown.py took 0.459 seconds
