[2025-04-18T11:50:27.664+0000] {processor.py:186} INFO - Started process (PID=139) to work on /home/airflow/.local/lib/python3.12/site-packages/airflow/example_dags/example_inlet_event_extra.py
[2025-04-18T11:50:27.674+0000] {processor.py:914} INFO - Processing file /home/airflow/.local/lib/python3.12/site-packages/airflow/example_dags/example_inlet_event_extra.py for tasks to queue
[2025-04-18T11:50:27.713+0000] {logging_mixin.py:190} INFO - [2025-04-18T11:50:27.709+0000] {dagbag.py:588} INFO - Filling up the DagBag from /home/airflow/.local/lib/python3.12/site-packages/airflow/example_dags/example_inlet_event_extra.py
[2025-04-18T11:50:34.964+0000] {processor.py:925} INFO - DAG(s) 'read_dataset_event_from_classic', 'read_dataset_event' retrieved from /home/airflow/.local/lib/python3.12/site-packages/airflow/example_dags/example_inlet_event_extra.py
[2025-04-18T11:50:35.980+0000] {logging_mixin.py:190} INFO - [2025-04-18T11:50:35.974+0000] {override.py:1912} INFO - Created Permission View: can delete on DAG:read_dataset_event_from_classic
[2025-04-18T11:50:36.145+0000] {logging_mixin.py:190} INFO - [2025-04-18T11:50:36.144+0000] {override.py:1912} INFO - Created Permission View: can read on DAG:read_dataset_event_from_classic
[2025-04-18T11:50:36.243+0000] {logging_mixin.py:190} INFO - [2025-04-18T11:50:36.240+0000] {override.py:1912} INFO - Created Permission View: can edit on DAG:read_dataset_event_from_classic
[2025-04-18T11:50:36.377+0000] {logging_mixin.py:190} INFO - [2025-04-18T11:50:36.371+0000] {override.py:1912} INFO - Created Permission View: can read on DAG Run:read_dataset_event_from_classic
[2025-04-18T11:50:36.482+0000] {logging_mixin.py:190} INFO - [2025-04-18T11:50:36.479+0000] {override.py:1912} INFO - Created Permission View: menu access on DAG Run:read_dataset_event_from_classic
[2025-04-18T11:50:36.572+0000] {logging_mixin.py:190} INFO - [2025-04-18T11:50:36.570+0000] {override.py:1912} INFO - Created Permission View: can create on DAG Run:read_dataset_event_from_classic
[2025-04-18T11:50:36.669+0000] {logging_mixin.py:190} INFO - [2025-04-18T11:50:36.666+0000] {override.py:1912} INFO - Created Permission View: can delete on DAG Run:read_dataset_event_from_classic
[2025-04-18T11:50:36.895+0000] {logging_mixin.py:190} INFO - [2025-04-18T11:50:36.892+0000] {override.py:1912} INFO - Created Permission View: can delete on DAG:read_dataset_event
[2025-04-18T11:50:37.032+0000] {logging_mixin.py:190} INFO - [2025-04-18T11:50:37.029+0000] {override.py:1912} INFO - Created Permission View: can read on DAG:read_dataset_event
[2025-04-18T11:50:37.128+0000] {logging_mixin.py:190} INFO - [2025-04-18T11:50:37.124+0000] {override.py:1912} INFO - Created Permission View: can edit on DAG:read_dataset_event
[2025-04-18T11:50:37.230+0000] {logging_mixin.py:190} INFO - [2025-04-18T11:50:37.229+0000] {override.py:1912} INFO - Created Permission View: can read on DAG Run:read_dataset_event
[2025-04-18T11:50:37.323+0000] {logging_mixin.py:190} INFO - [2025-04-18T11:50:37.322+0000] {override.py:1912} INFO - Created Permission View: menu access on DAG Run:read_dataset_event
[2025-04-18T11:50:37.404+0000] {logging_mixin.py:190} INFO - [2025-04-18T11:50:37.400+0000] {override.py:1912} INFO - Created Permission View: can create on DAG Run:read_dataset_event
[2025-04-18T11:50:37.498+0000] {logging_mixin.py:190} INFO - [2025-04-18T11:50:37.498+0000] {override.py:1912} INFO - Created Permission View: can delete on DAG Run:read_dataset_event
[2025-04-18T11:50:37.509+0000] {logging_mixin.py:190} INFO - [2025-04-18T11:50:37.506+0000] {dag.py:3239} INFO - Sync 2 DAGs
[2025-04-18T11:50:37.679+0000] {logging_mixin.py:190} INFO - [2025-04-18T11:50:37.671+0000] {dag.py:3262} INFO - Creating ORM DAG for read_dataset_event_from_classic
[2025-04-18T11:50:37.695+0000] {logging_mixin.py:190} INFO - [2025-04-18T11:50:37.695+0000] {dag.py:3262} INFO - Creating ORM DAG for read_dataset_event
[2025-04-18T11:50:37.916+0000] {logging_mixin.py:190} INFO - [2025-04-18T11:50:37.885+0000] {dag.py:4180} INFO - Setting next_dagrun for read_dataset_event to 2025-04-17 00:00:00+00:00, run_after=2025-04-18 00:00:00+00:00
[2025-04-18T11:50:37.988+0000] {logging_mixin.py:190} INFO - [2025-04-18T11:50:37.987+0000] {dag.py:4180} INFO - Setting next_dagrun for read_dataset_event_from_classic to 2025-04-17 00:00:00+00:00, run_after=2025-04-18 00:00:00+00:00
[2025-04-18T11:50:38.280+0000] {processor.py:208} INFO - Processing /home/airflow/.local/lib/python3.12/site-packages/airflow/example_dags/example_inlet_event_extra.py took 10.650 seconds
[2025-04-18T11:52:27.833+0000] {processor.py:186} INFO - Started process (PID=240) to work on /home/airflow/.local/lib/python3.12/site-packages/airflow/example_dags/example_inlet_event_extra.py
[2025-04-18T11:52:27.841+0000] {processor.py:914} INFO - Processing file /home/airflow/.local/lib/python3.12/site-packages/airflow/example_dags/example_inlet_event_extra.py for tasks to queue
[2025-04-18T11:52:27.859+0000] {logging_mixin.py:190} INFO - [2025-04-18T11:52:27.858+0000] {dagbag.py:588} INFO - Filling up the DagBag from /home/airflow/.local/lib/python3.12/site-packages/airflow/example_dags/example_inlet_event_extra.py
[2025-04-18T11:52:32.384+0000] {processor.py:925} INFO - DAG(s) 'read_dataset_event_from_classic', 'read_dataset_event' retrieved from /home/airflow/.local/lib/python3.12/site-packages/airflow/example_dags/example_inlet_event_extra.py
[2025-04-18T11:52:32.857+0000] {logging_mixin.py:190} INFO - [2025-04-18T11:52:32.856+0000] {dag.py:3239} INFO - Sync 2 DAGs
[2025-04-18T11:52:33.255+0000] {logging_mixin.py:190} INFO - [2025-04-18T11:52:33.254+0000] {dag.py:4180} INFO - Setting next_dagrun for read_dataset_event to 2025-04-17 00:00:00+00:00, run_after=2025-04-18 00:00:00+00:00
[2025-04-18T11:52:33.359+0000] {logging_mixin.py:190} INFO - [2025-04-18T11:52:33.356+0000] {dag.py:4180} INFO - Setting next_dagrun for read_dataset_event_from_classic to 2025-04-17 00:00:00+00:00, run_after=2025-04-18 00:00:00+00:00
[2025-04-18T11:52:33.670+0000] {processor.py:208} INFO - Processing /home/airflow/.local/lib/python3.12/site-packages/airflow/example_dags/example_inlet_event_extra.py took 5.862 seconds
[2025-04-18T11:53:33.045+0000] {processor.py:186} INFO - Started process (PID=309) to work on /home/airflow/.local/lib/python3.12/site-packages/airflow/example_dags/example_inlet_event_extra.py
[2025-04-18T11:53:33.067+0000] {processor.py:914} INFO - Processing file /home/airflow/.local/lib/python3.12/site-packages/airflow/example_dags/example_inlet_event_extra.py for tasks to queue
[2025-04-18T11:53:33.102+0000] {logging_mixin.py:190} INFO - [2025-04-18T11:53:33.101+0000] {dagbag.py:588} INFO - Filling up the DagBag from /home/airflow/.local/lib/python3.12/site-packages/airflow/example_dags/example_inlet_event_extra.py
[2025-04-18T11:53:38.002+0000] {processor.py:925} INFO - DAG(s) 'read_dataset_event', 'read_dataset_event_from_classic' retrieved from /home/airflow/.local/lib/python3.12/site-packages/airflow/example_dags/example_inlet_event_extra.py
[2025-04-18T11:53:38.538+0000] {logging_mixin.py:190} INFO - [2025-04-18T11:53:38.537+0000] {dag.py:3239} INFO - Sync 2 DAGs
[2025-04-18T11:53:38.886+0000] {logging_mixin.py:190} INFO - [2025-04-18T11:53:38.872+0000] {dag.py:4180} INFO - Setting next_dagrun for read_dataset_event to 2025-04-17 00:00:00+00:00, run_after=2025-04-18 00:00:00+00:00
[2025-04-18T11:53:38.965+0000] {logging_mixin.py:190} INFO - [2025-04-18T11:53:38.964+0000] {dag.py:4180} INFO - Setting next_dagrun for read_dataset_event_from_classic to 2025-04-17 00:00:00+00:00, run_after=2025-04-18 00:00:00+00:00
[2025-04-18T11:53:39.118+0000] {processor.py:208} INFO - Processing /home/airflow/.local/lib/python3.12/site-packages/airflow/example_dags/example_inlet_event_extra.py took 6.207 seconds
[2025-04-18T11:54:42.653+0000] {processor.py:186} INFO - Started process (PID=389) to work on /home/airflow/.local/lib/python3.12/site-packages/airflow/example_dags/example_inlet_event_extra.py
[2025-04-18T11:54:42.662+0000] {processor.py:914} INFO - Processing file /home/airflow/.local/lib/python3.12/site-packages/airflow/example_dags/example_inlet_event_extra.py for tasks to queue
[2025-04-18T11:54:42.701+0000] {logging_mixin.py:190} INFO - [2025-04-18T11:54:42.700+0000] {dagbag.py:588} INFO - Filling up the DagBag from /home/airflow/.local/lib/python3.12/site-packages/airflow/example_dags/example_inlet_event_extra.py
[2025-04-18T11:54:47.390+0000] {processor.py:925} INFO - DAG(s) 'read_dataset_event_from_classic', 'read_dataset_event' retrieved from /home/airflow/.local/lib/python3.12/site-packages/airflow/example_dags/example_inlet_event_extra.py
[2025-04-18T11:54:47.595+0000] {logging_mixin.py:190} INFO - [2025-04-18T11:54:47.585+0000] {dag.py:3239} INFO - Sync 2 DAGs
[2025-04-18T11:54:48.000+0000] {logging_mixin.py:190} INFO - [2025-04-18T11:54:47.996+0000] {dag.py:4180} INFO - Setting next_dagrun for read_dataset_event to 2025-04-17 00:00:00+00:00, run_after=2025-04-18 00:00:00+00:00
[2025-04-18T11:54:48.123+0000] {logging_mixin.py:190} INFO - [2025-04-18T11:54:48.111+0000] {dag.py:4180} INFO - Setting next_dagrun for read_dataset_event_from_classic to 2025-04-17 00:00:00+00:00, run_after=2025-04-18 00:00:00+00:00
[2025-04-18T11:54:48.486+0000] {processor.py:208} INFO - Processing /home/airflow/.local/lib/python3.12/site-packages/airflow/example_dags/example_inlet_event_extra.py took 5.923 seconds
[2025-04-18T11:56:19.820+0000] {processor.py:186} INFO - Started process (PID=483) to work on /home/airflow/.local/lib/python3.12/site-packages/airflow/example_dags/example_inlet_event_extra.py
[2025-04-18T11:56:19.827+0000] {processor.py:914} INFO - Processing file /home/airflow/.local/lib/python3.12/site-packages/airflow/example_dags/example_inlet_event_extra.py for tasks to queue
[2025-04-18T11:56:19.853+0000] {logging_mixin.py:190} INFO - [2025-04-18T11:56:19.852+0000] {dagbag.py:588} INFO - Filling up the DagBag from /home/airflow/.local/lib/python3.12/site-packages/airflow/example_dags/example_inlet_event_extra.py
[2025-04-18T11:56:25.794+0000] {processor.py:925} INFO - DAG(s) 'read_dataset_event_from_classic', 'read_dataset_event' retrieved from /home/airflow/.local/lib/python3.12/site-packages/airflow/example_dags/example_inlet_event_extra.py
[2025-04-18T11:56:25.958+0000] {logging_mixin.py:190} INFO - [2025-04-18T11:56:25.956+0000] {dag.py:3239} INFO - Sync 2 DAGs
[2025-04-18T11:56:26.293+0000] {logging_mixin.py:190} INFO - [2025-04-18T11:56:26.291+0000] {dag.py:4180} INFO - Setting next_dagrun for read_dataset_event to 2025-04-17 00:00:00+00:00, run_after=2025-04-18 00:00:00+00:00
[2025-04-18T11:56:26.526+0000] {logging_mixin.py:190} INFO - [2025-04-18T11:56:26.526+0000] {dag.py:4180} INFO - Setting next_dagrun for read_dataset_event_from_classic to 2025-04-17 00:00:00+00:00, run_after=2025-04-18 00:00:00+00:00
[2025-04-18T11:56:26.857+0000] {processor.py:208} INFO - Processing /home/airflow/.local/lib/python3.12/site-packages/airflow/example_dags/example_inlet_event_extra.py took 7.090 seconds
[2025-04-18T11:57:15.322+0000] {processor.py:186} INFO - Started process (PID=552) to work on /home/airflow/.local/lib/python3.12/site-packages/airflow/example_dags/example_inlet_event_extra.py
[2025-04-18T11:57:15.344+0000] {processor.py:914} INFO - Processing file /home/airflow/.local/lib/python3.12/site-packages/airflow/example_dags/example_inlet_event_extra.py for tasks to queue
[2025-04-18T11:57:15.398+0000] {logging_mixin.py:190} INFO - [2025-04-18T11:57:15.393+0000] {dagbag.py:588} INFO - Filling up the DagBag from /home/airflow/.local/lib/python3.12/site-packages/airflow/example_dags/example_inlet_event_extra.py
[2025-04-18T11:57:19.923+0000] {processor.py:925} INFO - DAG(s) 'read_dataset_event', 'read_dataset_event_from_classic' retrieved from /home/airflow/.local/lib/python3.12/site-packages/airflow/example_dags/example_inlet_event_extra.py
[2025-04-18T11:57:20.617+0000] {logging_mixin.py:190} INFO - [2025-04-18T11:57:20.613+0000] {dag.py:3239} INFO - Sync 2 DAGs
[2025-04-18T11:57:20.855+0000] {logging_mixin.py:190} INFO - [2025-04-18T11:57:20.855+0000] {dag.py:4180} INFO - Setting next_dagrun for read_dataset_event to 2025-04-17 00:00:00+00:00, run_after=2025-04-18 00:00:00+00:00
[2025-04-18T11:57:20.973+0000] {logging_mixin.py:190} INFO - [2025-04-18T11:57:20.970+0000] {dag.py:4180} INFO - Setting next_dagrun for read_dataset_event_from_classic to 2025-04-17 00:00:00+00:00, run_after=2025-04-18 00:00:00+00:00
[2025-04-18T11:57:21.594+0000] {processor.py:208} INFO - Processing /home/airflow/.local/lib/python3.12/site-packages/airflow/example_dags/example_inlet_event_extra.py took 6.373 seconds
[2025-04-18T11:58:23.305+0000] {processor.py:186} INFO - Started process (PID=637) to work on /home/airflow/.local/lib/python3.12/site-packages/airflow/example_dags/example_inlet_event_extra.py
[2025-04-18T11:58:23.314+0000] {processor.py:914} INFO - Processing file /home/airflow/.local/lib/python3.12/site-packages/airflow/example_dags/example_inlet_event_extra.py for tasks to queue
[2025-04-18T11:58:23.383+0000] {logging_mixin.py:190} INFO - [2025-04-18T11:58:23.378+0000] {dagbag.py:588} INFO - Filling up the DagBag from /home/airflow/.local/lib/python3.12/site-packages/airflow/example_dags/example_inlet_event_extra.py
[2025-04-18T11:58:28.264+0000] {processor.py:925} INFO - DAG(s) 'read_dataset_event_from_classic', 'read_dataset_event' retrieved from /home/airflow/.local/lib/python3.12/site-packages/airflow/example_dags/example_inlet_event_extra.py
[2025-04-18T11:58:28.480+0000] {logging_mixin.py:190} INFO - [2025-04-18T11:58:28.478+0000] {dag.py:3239} INFO - Sync 2 DAGs
[2025-04-18T11:58:29.136+0000] {logging_mixin.py:190} INFO - [2025-04-18T11:58:29.135+0000] {dag.py:4180} INFO - Setting next_dagrun for read_dataset_event to 2025-04-17 00:00:00+00:00, run_after=2025-04-18 00:00:00+00:00
[2025-04-18T11:58:29.224+0000] {logging_mixin.py:190} INFO - [2025-04-18T11:58:29.223+0000] {dag.py:4180} INFO - Setting next_dagrun for read_dataset_event_from_classic to 2025-04-17 00:00:00+00:00, run_after=2025-04-18 00:00:00+00:00
[2025-04-18T11:58:29.582+0000] {processor.py:208} INFO - Processing /home/airflow/.local/lib/python3.12/site-packages/airflow/example_dags/example_inlet_event_extra.py took 6.383 seconds
[2025-04-18T12:00:12.432+0000] {processor.py:186} INFO - Started process (PID=715) to work on /home/airflow/.local/lib/python3.12/site-packages/airflow/example_dags/example_inlet_event_extra.py
[2025-04-18T12:00:12.476+0000] {processor.py:914} INFO - Processing file /home/airflow/.local/lib/python3.12/site-packages/airflow/example_dags/example_inlet_event_extra.py for tasks to queue
[2025-04-18T12:00:12.496+0000] {logging_mixin.py:190} INFO - [2025-04-18T12:00:12.494+0000] {dagbag.py:588} INFO - Filling up the DagBag from /home/airflow/.local/lib/python3.12/site-packages/airflow/example_dags/example_inlet_event_extra.py
[2025-04-18T12:00:18.409+0000] {processor.py:925} INFO - DAG(s) 'read_dataset_event_from_classic', 'read_dataset_event' retrieved from /home/airflow/.local/lib/python3.12/site-packages/airflow/example_dags/example_inlet_event_extra.py
[2025-04-18T12:00:18.502+0000] {logging_mixin.py:190} INFO - [2025-04-18T12:00:18.500+0000] {dag.py:3239} INFO - Sync 2 DAGs
[2025-04-18T12:00:18.623+0000] {logging_mixin.py:190} INFO - [2025-04-18T12:00:18.622+0000] {dag.py:4180} INFO - Setting next_dagrun for read_dataset_event to 2025-04-17 00:00:00+00:00, run_after=2025-04-18 00:00:00+00:00
[2025-04-18T12:00:18.657+0000] {logging_mixin.py:190} INFO - [2025-04-18T12:00:18.657+0000] {dag.py:4180} INFO - Setting next_dagrun for read_dataset_event_from_classic to 2025-04-17 00:00:00+00:00, run_after=2025-04-18 00:00:00+00:00
[2025-04-18T12:00:18.790+0000] {processor.py:208} INFO - Processing /home/airflow/.local/lib/python3.12/site-packages/airflow/example_dags/example_inlet_event_extra.py took 6.462 seconds
[2025-04-18T12:01:37.285+0000] {processor.py:186} INFO - Started process (PID=807) to work on /home/airflow/.local/lib/python3.12/site-packages/airflow/example_dags/example_inlet_event_extra.py
[2025-04-18T12:01:37.304+0000] {processor.py:914} INFO - Processing file /home/airflow/.local/lib/python3.12/site-packages/airflow/example_dags/example_inlet_event_extra.py for tasks to queue
[2025-04-18T12:01:37.358+0000] {logging_mixin.py:190} INFO - [2025-04-18T12:01:37.357+0000] {dagbag.py:588} INFO - Filling up the DagBag from /home/airflow/.local/lib/python3.12/site-packages/airflow/example_dags/example_inlet_event_extra.py
[2025-04-18T12:01:42.381+0000] {processor.py:925} INFO - DAG(s) 'read_dataset_event_from_classic', 'read_dataset_event' retrieved from /home/airflow/.local/lib/python3.12/site-packages/airflow/example_dags/example_inlet_event_extra.py
[2025-04-18T12:01:42.618+0000] {logging_mixin.py:190} INFO - [2025-04-18T12:01:42.617+0000] {dag.py:3239} INFO - Sync 2 DAGs
[2025-04-18T12:01:43.189+0000] {logging_mixin.py:190} INFO - [2025-04-18T12:01:43.188+0000] {dag.py:4180} INFO - Setting next_dagrun for read_dataset_event to 2025-04-17 00:00:00+00:00, run_after=2025-04-18 00:00:00+00:00
[2025-04-18T12:01:43.366+0000] {logging_mixin.py:190} INFO - [2025-04-18T12:01:43.366+0000] {dag.py:4180} INFO - Setting next_dagrun for read_dataset_event_from_classic to 2025-04-17 00:00:00+00:00, run_after=2025-04-18 00:00:00+00:00
[2025-04-18T12:01:43.736+0000] {processor.py:208} INFO - Processing /home/airflow/.local/lib/python3.12/site-packages/airflow/example_dags/example_inlet_event_extra.py took 6.471 seconds
[2025-04-18T12:03:37.221+0000] {processor.py:186} INFO - Started process (PID=906) to work on /home/airflow/.local/lib/python3.12/site-packages/airflow/example_dags/example_inlet_event_extra.py
[2025-04-18T12:03:37.227+0000] {processor.py:914} INFO - Processing file /home/airflow/.local/lib/python3.12/site-packages/airflow/example_dags/example_inlet_event_extra.py for tasks to queue
[2025-04-18T12:03:37.237+0000] {logging_mixin.py:190} INFO - [2025-04-18T12:03:37.235+0000] {dagbag.py:588} INFO - Filling up the DagBag from /home/airflow/.local/lib/python3.12/site-packages/airflow/example_dags/example_inlet_event_extra.py
[2025-04-18T12:03:43.601+0000] {processor.py:925} INFO - DAG(s) 'read_dataset_event', 'read_dataset_event_from_classic' retrieved from /home/airflow/.local/lib/python3.12/site-packages/airflow/example_dags/example_inlet_event_extra.py
[2025-04-18T12:03:43.771+0000] {logging_mixin.py:190} INFO - [2025-04-18T12:03:43.770+0000] {dag.py:3239} INFO - Sync 2 DAGs
[2025-04-18T12:03:43.995+0000] {logging_mixin.py:190} INFO - [2025-04-18T12:03:43.995+0000] {dag.py:4180} INFO - Setting next_dagrun for read_dataset_event to 2025-04-17 00:00:00+00:00, run_after=2025-04-18 00:00:00+00:00
[2025-04-18T12:03:44.065+0000] {logging_mixin.py:190} INFO - [2025-04-18T12:03:44.064+0000] {dag.py:4180} INFO - Setting next_dagrun for read_dataset_event_from_classic to 2025-04-17 00:00:00+00:00, run_after=2025-04-18 00:00:00+00:00
[2025-04-18T12:03:44.410+0000] {processor.py:208} INFO - Processing /home/airflow/.local/lib/python3.12/site-packages/airflow/example_dags/example_inlet_event_extra.py took 7.214 seconds
[2025-04-18T12:04:47.353+0000] {processor.py:186} INFO - Started process (PID=985) to work on /home/airflow/.local/lib/python3.12/site-packages/airflow/example_dags/example_inlet_event_extra.py
[2025-04-18T12:04:47.389+0000] {processor.py:914} INFO - Processing file /home/airflow/.local/lib/python3.12/site-packages/airflow/example_dags/example_inlet_event_extra.py for tasks to queue
[2025-04-18T12:04:47.477+0000] {logging_mixin.py:190} INFO - [2025-04-18T12:04:47.476+0000] {dagbag.py:588} INFO - Filling up the DagBag from /home/airflow/.local/lib/python3.12/site-packages/airflow/example_dags/example_inlet_event_extra.py
[2025-04-18T12:04:53.789+0000] {processor.py:925} INFO - DAG(s) 'read_dataset_event', 'read_dataset_event_from_classic' retrieved from /home/airflow/.local/lib/python3.12/site-packages/airflow/example_dags/example_inlet_event_extra.py
[2025-04-18T12:04:53.898+0000] {logging_mixin.py:190} INFO - [2025-04-18T12:04:53.895+0000] {dag.py:3239} INFO - Sync 2 DAGs
[2025-04-18T12:04:53.983+0000] {logging_mixin.py:190} INFO - [2025-04-18T12:04:53.982+0000] {dag.py:4180} INFO - Setting next_dagrun for read_dataset_event to 2025-04-17 00:00:00+00:00, run_after=2025-04-18 00:00:00+00:00
[2025-04-18T12:04:54.026+0000] {logging_mixin.py:190} INFO - [2025-04-18T12:04:54.024+0000] {dag.py:4180} INFO - Setting next_dagrun for read_dataset_event_from_classic to 2025-04-17 00:00:00+00:00, run_after=2025-04-18 00:00:00+00:00
[2025-04-18T12:04:54.093+0000] {processor.py:208} INFO - Processing /home/airflow/.local/lib/python3.12/site-packages/airflow/example_dags/example_inlet_event_extra.py took 6.779 seconds
[2025-04-18T12:05:51.659+0000] {processor.py:186} INFO - Started process (PID=1058) to work on /home/airflow/.local/lib/python3.12/site-packages/airflow/example_dags/example_inlet_event_extra.py
[2025-04-18T12:05:51.662+0000] {processor.py:914} INFO - Processing file /home/airflow/.local/lib/python3.12/site-packages/airflow/example_dags/example_inlet_event_extra.py for tasks to queue
[2025-04-18T12:05:51.669+0000] {logging_mixin.py:190} INFO - [2025-04-18T12:05:51.668+0000] {dagbag.py:588} INFO - Filling up the DagBag from /home/airflow/.local/lib/python3.12/site-packages/airflow/example_dags/example_inlet_event_extra.py
[2025-04-18T12:05:56.984+0000] {processor.py:925} INFO - DAG(s) 'read_dataset_event', 'read_dataset_event_from_classic' retrieved from /home/airflow/.local/lib/python3.12/site-packages/airflow/example_dags/example_inlet_event_extra.py
[2025-04-18T12:05:57.382+0000] {logging_mixin.py:190} INFO - [2025-04-18T12:05:57.381+0000] {dag.py:3239} INFO - Sync 2 DAGs
[2025-04-18T12:05:57.584+0000] {logging_mixin.py:190} INFO - [2025-04-18T12:05:57.583+0000] {dag.py:4180} INFO - Setting next_dagrun for read_dataset_event to 2025-04-17 00:00:00+00:00, run_after=2025-04-18 00:00:00+00:00
[2025-04-18T12:05:57.649+0000] {logging_mixin.py:190} INFO - [2025-04-18T12:05:57.635+0000] {dag.py:4180} INFO - Setting next_dagrun for read_dataset_event_from_classic to 2025-04-17 00:00:00+00:00, run_after=2025-04-18 00:00:00+00:00
[2025-04-18T12:05:57.858+0000] {processor.py:208} INFO - Processing /home/airflow/.local/lib/python3.12/site-packages/airflow/example_dags/example_inlet_event_extra.py took 6.217 seconds
[2025-04-18T17:37:33.802+0000] {processor.py:186} INFO - Started process (PID=134) to work on /home/airflow/.local/lib/python3.12/site-packages/airflow/example_dags/example_inlet_event_extra.py
[2025-04-18T17:37:33.807+0000] {processor.py:914} INFO - Processing file /home/airflow/.local/lib/python3.12/site-packages/airflow/example_dags/example_inlet_event_extra.py for tasks to queue
[2025-04-18T17:37:33.828+0000] {logging_mixin.py:190} INFO - [2025-04-18T17:37:33.827+0000] {dagbag.py:588} INFO - Filling up the DagBag from /home/airflow/.local/lib/python3.12/site-packages/airflow/example_dags/example_inlet_event_extra.py
[2025-04-18T17:37:35.565+0000] {processor.py:925} INFO - DAG(s) 'read_dataset_event', 'read_dataset_event_from_classic' retrieved from /home/airflow/.local/lib/python3.12/site-packages/airflow/example_dags/example_inlet_event_extra.py
[2025-04-18T17:37:35.630+0000] {logging_mixin.py:190} INFO - [2025-04-18T17:37:35.629+0000] {dag.py:3239} INFO - Sync 2 DAGs
[2025-04-18T17:37:35.762+0000] {logging_mixin.py:190} INFO - [2025-04-18T17:37:35.761+0000] {dag.py:4180} INFO - Setting next_dagrun for read_dataset_event to 2025-04-17 00:00:00+00:00, run_after=2025-04-18 00:00:00+00:00
[2025-04-18T17:37:35.779+0000] {logging_mixin.py:190} INFO - [2025-04-18T17:37:35.778+0000] {dag.py:4180} INFO - Setting next_dagrun for read_dataset_event_from_classic to 2025-04-17 00:00:00+00:00, run_after=2025-04-18 00:00:00+00:00
[2025-04-18T17:37:35.847+0000] {processor.py:208} INFO - Processing /home/airflow/.local/lib/python3.12/site-packages/airflow/example_dags/example_inlet_event_extra.py took 2.062 seconds
[2025-04-18T17:38:06.856+0000] {processor.py:186} INFO - Started process (PID=200) to work on /home/airflow/.local/lib/python3.12/site-packages/airflow/example_dags/example_inlet_event_extra.py
[2025-04-18T17:38:06.858+0000] {processor.py:914} INFO - Processing file /home/airflow/.local/lib/python3.12/site-packages/airflow/example_dags/example_inlet_event_extra.py for tasks to queue
[2025-04-18T17:38:06.864+0000] {logging_mixin.py:190} INFO - [2025-04-18T17:38:06.863+0000] {dagbag.py:588} INFO - Filling up the DagBag from /home/airflow/.local/lib/python3.12/site-packages/airflow/example_dags/example_inlet_event_extra.py
[2025-04-18T17:38:07.947+0000] {processor.py:925} INFO - DAG(s) 'read_dataset_event_from_classic', 'read_dataset_event' retrieved from /home/airflow/.local/lib/python3.12/site-packages/airflow/example_dags/example_inlet_event_extra.py
[2025-04-18T17:38:07.987+0000] {logging_mixin.py:190} INFO - [2025-04-18T17:38:07.987+0000] {dag.py:3239} INFO - Sync 2 DAGs
[2025-04-18T17:38:08.044+0000] {logging_mixin.py:190} INFO - [2025-04-18T17:38:08.043+0000] {dag.py:4180} INFO - Setting next_dagrun for read_dataset_event to 2025-04-17 00:00:00+00:00, run_after=2025-04-18 00:00:00+00:00
[2025-04-18T17:38:08.056+0000] {logging_mixin.py:190} INFO - [2025-04-18T17:38:08.056+0000] {dag.py:4180} INFO - Setting next_dagrun for read_dataset_event_from_classic to 2025-04-17 00:00:00+00:00, run_after=2025-04-18 00:00:00+00:00
[2025-04-18T17:38:08.096+0000] {processor.py:208} INFO - Processing /home/airflow/.local/lib/python3.12/site-packages/airflow/example_dags/example_inlet_event_extra.py took 1.259 seconds
[2025-04-18T17:38:41.576+0000] {processor.py:186} INFO - Started process (PID=268) to work on /home/airflow/.local/lib/python3.12/site-packages/airflow/example_dags/example_inlet_event_extra.py
[2025-04-18T17:38:41.580+0000] {processor.py:914} INFO - Processing file /home/airflow/.local/lib/python3.12/site-packages/airflow/example_dags/example_inlet_event_extra.py for tasks to queue
[2025-04-18T17:38:41.587+0000] {logging_mixin.py:190} INFO - [2025-04-18T17:38:41.586+0000] {dagbag.py:588} INFO - Filling up the DagBag from /home/airflow/.local/lib/python3.12/site-packages/airflow/example_dags/example_inlet_event_extra.py
[2025-04-18T17:38:42.719+0000] {processor.py:925} INFO - DAG(s) 'read_dataset_event_from_classic', 'read_dataset_event' retrieved from /home/airflow/.local/lib/python3.12/site-packages/airflow/example_dags/example_inlet_event_extra.py
[2025-04-18T17:38:42.769+0000] {logging_mixin.py:190} INFO - [2025-04-18T17:38:42.769+0000] {dag.py:3239} INFO - Sync 2 DAGs
[2025-04-18T17:38:42.824+0000] {logging_mixin.py:190} INFO - [2025-04-18T17:38:42.823+0000] {dag.py:4180} INFO - Setting next_dagrun for read_dataset_event to 2025-04-17 00:00:00+00:00, run_after=2025-04-18 00:00:00+00:00
[2025-04-18T17:38:42.837+0000] {logging_mixin.py:190} INFO - [2025-04-18T17:38:42.836+0000] {dag.py:4180} INFO - Setting next_dagrun for read_dataset_event_from_classic to 2025-04-17 00:00:00+00:00, run_after=2025-04-18 00:00:00+00:00
[2025-04-18T17:38:42.879+0000] {processor.py:208} INFO - Processing /home/airflow/.local/lib/python3.12/site-packages/airflow/example_dags/example_inlet_event_extra.py took 1.319 seconds
[2025-04-18T17:39:14.169+0000] {processor.py:186} INFO - Started process (PID=336) to work on /home/airflow/.local/lib/python3.12/site-packages/airflow/example_dags/example_inlet_event_extra.py
[2025-04-18T17:39:14.196+0000] {processor.py:914} INFO - Processing file /home/airflow/.local/lib/python3.12/site-packages/airflow/example_dags/example_inlet_event_extra.py for tasks to queue
[2025-04-18T17:39:14.221+0000] {logging_mixin.py:190} INFO - [2025-04-18T17:39:14.216+0000] {dagbag.py:588} INFO - Filling up the DagBag from /home/airflow/.local/lib/python3.12/site-packages/airflow/example_dags/example_inlet_event_extra.py
[2025-04-18T17:39:17.824+0000] {processor.py:925} INFO - DAG(s) 'read_dataset_event', 'read_dataset_event_from_classic' retrieved from /home/airflow/.local/lib/python3.12/site-packages/airflow/example_dags/example_inlet_event_extra.py
[2025-04-18T17:39:17.915+0000] {logging_mixin.py:190} INFO - [2025-04-18T17:39:17.914+0000] {dag.py:3239} INFO - Sync 2 DAGs
[2025-04-18T17:39:18.007+0000] {logging_mixin.py:190} INFO - [2025-04-18T17:39:18.005+0000] {dag.py:4180} INFO - Setting next_dagrun for read_dataset_event to 2025-04-17 00:00:00+00:00, run_after=2025-04-18 00:00:00+00:00
[2025-04-18T17:39:18.028+0000] {logging_mixin.py:190} INFO - [2025-04-18T17:39:18.026+0000] {dag.py:4180} INFO - Setting next_dagrun for read_dataset_event_from_classic to 2025-04-17 00:00:00+00:00, run_after=2025-04-18 00:00:00+00:00
[2025-04-18T17:39:18.088+0000] {processor.py:208} INFO - Processing /home/airflow/.local/lib/python3.12/site-packages/airflow/example_dags/example_inlet_event_extra.py took 4.110 seconds
[2025-04-18T17:39:48.431+0000] {processor.py:186} INFO - Started process (PID=402) to work on /home/airflow/.local/lib/python3.12/site-packages/airflow/example_dags/example_inlet_event_extra.py
[2025-04-18T17:39:48.435+0000] {processor.py:914} INFO - Processing file /home/airflow/.local/lib/python3.12/site-packages/airflow/example_dags/example_inlet_event_extra.py for tasks to queue
[2025-04-18T17:39:48.443+0000] {logging_mixin.py:190} INFO - [2025-04-18T17:39:48.442+0000] {dagbag.py:588} INFO - Filling up the DagBag from /home/airflow/.local/lib/python3.12/site-packages/airflow/example_dags/example_inlet_event_extra.py
[2025-04-18T17:39:50.307+0000] {processor.py:925} INFO - DAG(s) 'read_dataset_event', 'read_dataset_event_from_classic' retrieved from /home/airflow/.local/lib/python3.12/site-packages/airflow/example_dags/example_inlet_event_extra.py
[2025-04-18T17:39:50.375+0000] {logging_mixin.py:190} INFO - [2025-04-18T17:39:50.374+0000] {dag.py:3239} INFO - Sync 2 DAGs
[2025-04-18T17:39:50.474+0000] {logging_mixin.py:190} INFO - [2025-04-18T17:39:50.473+0000] {dag.py:4180} INFO - Setting next_dagrun for read_dataset_event to 2025-04-17 00:00:00+00:00, run_after=2025-04-18 00:00:00+00:00
[2025-04-18T17:39:50.498+0000] {logging_mixin.py:190} INFO - [2025-04-18T17:39:50.497+0000] {dag.py:4180} INFO - Setting next_dagrun for read_dataset_event_from_classic to 2025-04-17 00:00:00+00:00, run_after=2025-04-18 00:00:00+00:00
[2025-04-18T17:39:50.586+0000] {processor.py:208} INFO - Processing /home/airflow/.local/lib/python3.12/site-packages/airflow/example_dags/example_inlet_event_extra.py took 2.175 seconds
[2025-04-18T17:40:21.174+0000] {processor.py:186} INFO - Started process (PID=470) to work on /home/airflow/.local/lib/python3.12/site-packages/airflow/example_dags/example_inlet_event_extra.py
[2025-04-18T17:40:21.179+0000] {processor.py:914} INFO - Processing file /home/airflow/.local/lib/python3.12/site-packages/airflow/example_dags/example_inlet_event_extra.py for tasks to queue
[2025-04-18T17:40:21.192+0000] {logging_mixin.py:190} INFO - [2025-04-18T17:40:21.191+0000] {dagbag.py:588} INFO - Filling up the DagBag from /home/airflow/.local/lib/python3.12/site-packages/airflow/example_dags/example_inlet_event_extra.py
[2025-04-18T17:40:23.936+0000] {processor.py:925} INFO - DAG(s) 'read_dataset_event_from_classic', 'read_dataset_event' retrieved from /home/airflow/.local/lib/python3.12/site-packages/airflow/example_dags/example_inlet_event_extra.py
[2025-04-18T17:40:24.072+0000] {logging_mixin.py:190} INFO - [2025-04-18T17:40:24.071+0000] {dag.py:3239} INFO - Sync 2 DAGs
[2025-04-18T17:40:24.257+0000] {logging_mixin.py:190} INFO - [2025-04-18T17:40:24.254+0000] {dag.py:4180} INFO - Setting next_dagrun for read_dataset_event to 2025-04-17 00:00:00+00:00, run_after=2025-04-18 00:00:00+00:00
[2025-04-18T17:40:24.301+0000] {logging_mixin.py:190} INFO - [2025-04-18T17:40:24.300+0000] {dag.py:4180} INFO - Setting next_dagrun for read_dataset_event_from_classic to 2025-04-17 00:00:00+00:00, run_after=2025-04-18 00:00:00+00:00
[2025-04-18T17:40:24.476+0000] {processor.py:208} INFO - Processing /home/airflow/.local/lib/python3.12/site-packages/airflow/example_dags/example_inlet_event_extra.py took 3.325 seconds
[2025-04-18T17:40:54.842+0000] {processor.py:186} INFO - Started process (PID=537) to work on /home/airflow/.local/lib/python3.12/site-packages/airflow/example_dags/example_inlet_event_extra.py
[2025-04-18T17:40:54.846+0000] {processor.py:914} INFO - Processing file /home/airflow/.local/lib/python3.12/site-packages/airflow/example_dags/example_inlet_event_extra.py for tasks to queue
[2025-04-18T17:40:54.851+0000] {logging_mixin.py:190} INFO - [2025-04-18T17:40:54.850+0000] {dagbag.py:588} INFO - Filling up the DagBag from /home/airflow/.local/lib/python3.12/site-packages/airflow/example_dags/example_inlet_event_extra.py
[2025-04-18T17:40:56.579+0000] {processor.py:925} INFO - DAG(s) 'read_dataset_event', 'read_dataset_event_from_classic' retrieved from /home/airflow/.local/lib/python3.12/site-packages/airflow/example_dags/example_inlet_event_extra.py
[2025-04-18T17:40:56.685+0000] {logging_mixin.py:190} INFO - [2025-04-18T17:40:56.683+0000] {dag.py:3239} INFO - Sync 2 DAGs
[2025-04-18T17:40:56.797+0000] {logging_mixin.py:190} INFO - [2025-04-18T17:40:56.796+0000] {dag.py:4180} INFO - Setting next_dagrun for read_dataset_event to 2025-04-17 00:00:00+00:00, run_after=2025-04-18 00:00:00+00:00
[2025-04-18T17:40:56.825+0000] {logging_mixin.py:190} INFO - [2025-04-18T17:40:56.825+0000] {dag.py:4180} INFO - Setting next_dagrun for read_dataset_event_from_classic to 2025-04-17 00:00:00+00:00, run_after=2025-04-18 00:00:00+00:00
[2025-04-18T17:40:56.918+0000] {processor.py:208} INFO - Processing /home/airflow/.local/lib/python3.12/site-packages/airflow/example_dags/example_inlet_event_extra.py took 2.089 seconds
[2025-04-18T17:41:30.654+0000] {processor.py:186} INFO - Started process (PID=602) to work on /home/airflow/.local/lib/python3.12/site-packages/airflow/example_dags/example_inlet_event_extra.py
[2025-04-18T17:41:30.659+0000] {processor.py:914} INFO - Processing file /home/airflow/.local/lib/python3.12/site-packages/airflow/example_dags/example_inlet_event_extra.py for tasks to queue
[2025-04-18T17:41:30.669+0000] {logging_mixin.py:190} INFO - [2025-04-18T17:41:30.668+0000] {dagbag.py:588} INFO - Filling up the DagBag from /home/airflow/.local/lib/python3.12/site-packages/airflow/example_dags/example_inlet_event_extra.py
[2025-04-18T17:41:32.454+0000] {processor.py:925} INFO - DAG(s) 'read_dataset_event', 'read_dataset_event_from_classic' retrieved from /home/airflow/.local/lib/python3.12/site-packages/airflow/example_dags/example_inlet_event_extra.py
[2025-04-18T17:41:32.514+0000] {logging_mixin.py:190} INFO - [2025-04-18T17:41:32.513+0000] {dag.py:3239} INFO - Sync 2 DAGs
[2025-04-18T17:41:32.615+0000] {logging_mixin.py:190} INFO - [2025-04-18T17:41:32.614+0000] {dag.py:4180} INFO - Setting next_dagrun for read_dataset_event to 2025-04-17 00:00:00+00:00, run_after=2025-04-18 00:00:00+00:00
[2025-04-18T17:41:32.644+0000] {logging_mixin.py:190} INFO - [2025-04-18T17:41:32.643+0000] {dag.py:4180} INFO - Setting next_dagrun for read_dataset_event_from_classic to 2025-04-17 00:00:00+00:00, run_after=2025-04-18 00:00:00+00:00
[2025-04-18T17:41:32.710+0000] {processor.py:208} INFO - Processing /home/airflow/.local/lib/python3.12/site-packages/airflow/example_dags/example_inlet_event_extra.py took 2.082 seconds
[2025-04-18T17:42:10.292+0000] {processor.py:186} INFO - Started process (PID=668) to work on /home/airflow/.local/lib/python3.12/site-packages/airflow/example_dags/example_inlet_event_extra.py
[2025-04-18T17:42:10.298+0000] {processor.py:914} INFO - Processing file /home/airflow/.local/lib/python3.12/site-packages/airflow/example_dags/example_inlet_event_extra.py for tasks to queue
[2025-04-18T17:42:10.312+0000] {logging_mixin.py:190} INFO - [2025-04-18T17:42:10.311+0000] {dagbag.py:588} INFO - Filling up the DagBag from /home/airflow/.local/lib/python3.12/site-packages/airflow/example_dags/example_inlet_event_extra.py
[2025-04-18T17:42:12.973+0000] {processor.py:925} INFO - DAG(s) 'read_dataset_event', 'read_dataset_event_from_classic' retrieved from /home/airflow/.local/lib/python3.12/site-packages/airflow/example_dags/example_inlet_event_extra.py
[2025-04-18T17:42:13.113+0000] {logging_mixin.py:190} INFO - [2025-04-18T17:42:13.110+0000] {dag.py:3239} INFO - Sync 2 DAGs
[2025-04-18T17:42:13.240+0000] {logging_mixin.py:190} INFO - [2025-04-18T17:42:13.239+0000] {dag.py:4180} INFO - Setting next_dagrun for read_dataset_event to 2025-04-17 00:00:00+00:00, run_after=2025-04-18 00:00:00+00:00
[2025-04-18T17:42:13.263+0000] {logging_mixin.py:190} INFO - [2025-04-18T17:42:13.263+0000] {dag.py:4180} INFO - Setting next_dagrun for read_dataset_event_from_classic to 2025-04-17 00:00:00+00:00, run_after=2025-04-18 00:00:00+00:00
[2025-04-18T17:42:13.355+0000] {processor.py:208} INFO - Processing /home/airflow/.local/lib/python3.12/site-packages/airflow/example_dags/example_inlet_event_extra.py took 3.092 seconds
[2025-04-18T17:42:43.718+0000] {processor.py:186} INFO - Started process (PID=734) to work on /home/airflow/.local/lib/python3.12/site-packages/airflow/example_dags/example_inlet_event_extra.py
[2025-04-18T17:42:43.733+0000] {processor.py:914} INFO - Processing file /home/airflow/.local/lib/python3.12/site-packages/airflow/example_dags/example_inlet_event_extra.py for tasks to queue
[2025-04-18T17:42:43.759+0000] {logging_mixin.py:190} INFO - [2025-04-18T17:42:43.757+0000] {dagbag.py:588} INFO - Filling up the DagBag from /home/airflow/.local/lib/python3.12/site-packages/airflow/example_dags/example_inlet_event_extra.py
[2025-04-18T17:42:46.227+0000] {processor.py:925} INFO - DAG(s) 'read_dataset_event_from_classic', 'read_dataset_event' retrieved from /home/airflow/.local/lib/python3.12/site-packages/airflow/example_dags/example_inlet_event_extra.py
[2025-04-18T17:42:46.280+0000] {logging_mixin.py:190} INFO - [2025-04-18T17:42:46.279+0000] {dag.py:3239} INFO - Sync 2 DAGs
[2025-04-18T17:42:46.340+0000] {logging_mixin.py:190} INFO - [2025-04-18T17:42:46.340+0000] {dag.py:4180} INFO - Setting next_dagrun for read_dataset_event to 2025-04-17 00:00:00+00:00, run_after=2025-04-18 00:00:00+00:00
[2025-04-18T17:42:46.356+0000] {logging_mixin.py:190} INFO - [2025-04-18T17:42:46.355+0000] {dag.py:4180} INFO - Setting next_dagrun for read_dataset_event_from_classic to 2025-04-17 00:00:00+00:00, run_after=2025-04-18 00:00:00+00:00
[2025-04-18T17:42:46.401+0000] {processor.py:208} INFO - Processing /home/airflow/.local/lib/python3.12/site-packages/airflow/example_dags/example_inlet_event_extra.py took 2.704 seconds
[2025-04-18T17:43:23.539+0000] {processor.py:186} INFO - Started process (PID=812) to work on /home/airflow/.local/lib/python3.12/site-packages/airflow/example_dags/example_inlet_event_extra.py
[2025-04-18T17:43:23.544+0000] {processor.py:914} INFO - Processing file /home/airflow/.local/lib/python3.12/site-packages/airflow/example_dags/example_inlet_event_extra.py for tasks to queue
[2025-04-18T17:43:23.556+0000] {logging_mixin.py:190} INFO - [2025-04-18T17:43:23.555+0000] {dagbag.py:588} INFO - Filling up the DagBag from /home/airflow/.local/lib/python3.12/site-packages/airflow/example_dags/example_inlet_event_extra.py
[2025-04-18T17:43:25.593+0000] {processor.py:925} INFO - DAG(s) 'read_dataset_event_from_classic', 'read_dataset_event' retrieved from /home/airflow/.local/lib/python3.12/site-packages/airflow/example_dags/example_inlet_event_extra.py
[2025-04-18T17:43:25.693+0000] {logging_mixin.py:190} INFO - [2025-04-18T17:43:25.693+0000] {dag.py:3239} INFO - Sync 2 DAGs
[2025-04-18T17:43:25.809+0000] {logging_mixin.py:190} INFO - [2025-04-18T17:43:25.808+0000] {dag.py:4180} INFO - Setting next_dagrun for read_dataset_event to 2025-04-17 00:00:00+00:00, run_after=2025-04-18 00:00:00+00:00
[2025-04-18T17:43:25.832+0000] {logging_mixin.py:190} INFO - [2025-04-18T17:43:25.831+0000] {dag.py:4180} INFO - Setting next_dagrun for read_dataset_event_from_classic to 2025-04-17 00:00:00+00:00, run_after=2025-04-18 00:00:00+00:00
[2025-04-18T17:43:25.893+0000] {processor.py:208} INFO - Processing /home/airflow/.local/lib/python3.12/site-packages/airflow/example_dags/example_inlet_event_extra.py took 2.387 seconds
[2025-04-18T17:43:57.136+0000] {processor.py:186} INFO - Started process (PID=876) to work on /home/airflow/.local/lib/python3.12/site-packages/airflow/example_dags/example_inlet_event_extra.py
[2025-04-18T17:43:57.147+0000] {processor.py:914} INFO - Processing file /home/airflow/.local/lib/python3.12/site-packages/airflow/example_dags/example_inlet_event_extra.py for tasks to queue
[2025-04-18T17:43:57.168+0000] {logging_mixin.py:190} INFO - [2025-04-18T17:43:57.167+0000] {dagbag.py:588} INFO - Filling up the DagBag from /home/airflow/.local/lib/python3.12/site-packages/airflow/example_dags/example_inlet_event_extra.py
[2025-04-18T17:43:59.020+0000] {processor.py:925} INFO - DAG(s) 'read_dataset_event', 'read_dataset_event_from_classic' retrieved from /home/airflow/.local/lib/python3.12/site-packages/airflow/example_dags/example_inlet_event_extra.py
[2025-04-18T17:43:59.072+0000] {logging_mixin.py:190} INFO - [2025-04-18T17:43:59.071+0000] {dag.py:3239} INFO - Sync 2 DAGs
[2025-04-18T17:43:59.134+0000] {logging_mixin.py:190} INFO - [2025-04-18T17:43:59.133+0000] {dag.py:4180} INFO - Setting next_dagrun for read_dataset_event to 2025-04-17 00:00:00+00:00, run_after=2025-04-18 00:00:00+00:00
[2025-04-18T17:43:59.149+0000] {logging_mixin.py:190} INFO - [2025-04-18T17:43:59.148+0000] {dag.py:4180} INFO - Setting next_dagrun for read_dataset_event_from_classic to 2025-04-17 00:00:00+00:00, run_after=2025-04-18 00:00:00+00:00
[2025-04-18T17:43:59.202+0000] {processor.py:208} INFO - Processing /home/airflow/.local/lib/python3.12/site-packages/airflow/example_dags/example_inlet_event_extra.py took 2.088 seconds
[2025-04-18T17:44:34.719+0000] {processor.py:186} INFO - Started process (PID=949) to work on /home/airflow/.local/lib/python3.12/site-packages/airflow/example_dags/example_inlet_event_extra.py
[2025-04-18T17:44:34.724+0000] {processor.py:914} INFO - Processing file /home/airflow/.local/lib/python3.12/site-packages/airflow/example_dags/example_inlet_event_extra.py for tasks to queue
[2025-04-18T17:44:34.733+0000] {logging_mixin.py:190} INFO - [2025-04-18T17:44:34.731+0000] {dagbag.py:588} INFO - Filling up the DagBag from /home/airflow/.local/lib/python3.12/site-packages/airflow/example_dags/example_inlet_event_extra.py
[2025-04-18T17:44:37.922+0000] {processor.py:925} INFO - DAG(s) 'read_dataset_event_from_classic', 'read_dataset_event' retrieved from /home/airflow/.local/lib/python3.12/site-packages/airflow/example_dags/example_inlet_event_extra.py
[2025-04-18T17:44:38.215+0000] {logging_mixin.py:190} INFO - [2025-04-18T17:44:38.211+0000] {dag.py:3239} INFO - Sync 2 DAGs
[2025-04-18T17:44:38.399+0000] {logging_mixin.py:190} INFO - [2025-04-18T17:44:38.397+0000] {dag.py:4180} INFO - Setting next_dagrun for read_dataset_event to 2025-04-17 00:00:00+00:00, run_after=2025-04-18 00:00:00+00:00
[2025-04-18T17:44:38.444+0000] {logging_mixin.py:190} INFO - [2025-04-18T17:44:38.443+0000] {dag.py:4180} INFO - Setting next_dagrun for read_dataset_event_from_classic to 2025-04-17 00:00:00+00:00, run_after=2025-04-18 00:00:00+00:00
[2025-04-18T17:44:38.572+0000] {processor.py:208} INFO - Processing /home/airflow/.local/lib/python3.12/site-packages/airflow/example_dags/example_inlet_event_extra.py took 3.877 seconds
[2025-04-18T17:45:09.560+0000] {processor.py:186} INFO - Started process (PID=1017) to work on /home/airflow/.local/lib/python3.12/site-packages/airflow/example_dags/example_inlet_event_extra.py
[2025-04-18T17:45:09.571+0000] {processor.py:914} INFO - Processing file /home/airflow/.local/lib/python3.12/site-packages/airflow/example_dags/example_inlet_event_extra.py for tasks to queue
[2025-04-18T17:45:09.588+0000] {logging_mixin.py:190} INFO - [2025-04-18T17:45:09.587+0000] {dagbag.py:588} INFO - Filling up the DagBag from /home/airflow/.local/lib/python3.12/site-packages/airflow/example_dags/example_inlet_event_extra.py
[2025-04-18T17:45:11.905+0000] {processor.py:925} INFO - DAG(s) 'read_dataset_event', 'read_dataset_event_from_classic' retrieved from /home/airflow/.local/lib/python3.12/site-packages/airflow/example_dags/example_inlet_event_extra.py
[2025-04-18T17:45:12.043+0000] {logging_mixin.py:190} INFO - [2025-04-18T17:45:12.041+0000] {dag.py:3239} INFO - Sync 2 DAGs
[2025-04-18T17:45:12.185+0000] {logging_mixin.py:190} INFO - [2025-04-18T17:45:12.184+0000] {dag.py:4180} INFO - Setting next_dagrun for read_dataset_event to 2025-04-17 00:00:00+00:00, run_after=2025-04-18 00:00:00+00:00
[2025-04-18T17:45:12.217+0000] {logging_mixin.py:190} INFO - [2025-04-18T17:45:12.216+0000] {dag.py:4180} INFO - Setting next_dagrun for read_dataset_event_from_classic to 2025-04-17 00:00:00+00:00, run_after=2025-04-18 00:00:00+00:00
[2025-04-18T17:45:12.317+0000] {processor.py:208} INFO - Processing /home/airflow/.local/lib/python3.12/site-packages/airflow/example_dags/example_inlet_event_extra.py took 2.774 seconds
[2025-04-18T17:45:42.550+0000] {processor.py:186} INFO - Started process (PID=1084) to work on /home/airflow/.local/lib/python3.12/site-packages/airflow/example_dags/example_inlet_event_extra.py
[2025-04-18T17:45:42.554+0000] {processor.py:914} INFO - Processing file /home/airflow/.local/lib/python3.12/site-packages/airflow/example_dags/example_inlet_event_extra.py for tasks to queue
[2025-04-18T17:45:42.561+0000] {logging_mixin.py:190} INFO - [2025-04-18T17:45:42.560+0000] {dagbag.py:588} INFO - Filling up the DagBag from /home/airflow/.local/lib/python3.12/site-packages/airflow/example_dags/example_inlet_event_extra.py
[2025-04-18T17:45:43.898+0000] {processor.py:925} INFO - DAG(s) 'read_dataset_event', 'read_dataset_event_from_classic' retrieved from /home/airflow/.local/lib/python3.12/site-packages/airflow/example_dags/example_inlet_event_extra.py
[2025-04-18T17:45:43.936+0000] {logging_mixin.py:190} INFO - [2025-04-18T17:45:43.936+0000] {dag.py:3239} INFO - Sync 2 DAGs
[2025-04-18T17:45:43.989+0000] {logging_mixin.py:190} INFO - [2025-04-18T17:45:43.989+0000] {dag.py:4180} INFO - Setting next_dagrun for read_dataset_event to 2025-04-17 00:00:00+00:00, run_after=2025-04-18 00:00:00+00:00
[2025-04-18T17:45:43.999+0000] {logging_mixin.py:190} INFO - [2025-04-18T17:45:43.999+0000] {dag.py:4180} INFO - Setting next_dagrun for read_dataset_event_from_classic to 2025-04-17 00:00:00+00:00, run_after=2025-04-18 00:00:00+00:00
[2025-04-18T17:45:44.036+0000] {processor.py:208} INFO - Processing /home/airflow/.local/lib/python3.12/site-packages/airflow/example_dags/example_inlet_event_extra.py took 1.501 seconds
[2025-04-18T17:46:14.472+0000] {processor.py:186} INFO - Started process (PID=1149) to work on /home/airflow/.local/lib/python3.12/site-packages/airflow/example_dags/example_inlet_event_extra.py
[2025-04-18T17:46:14.479+0000] {processor.py:914} INFO - Processing file /home/airflow/.local/lib/python3.12/site-packages/airflow/example_dags/example_inlet_event_extra.py for tasks to queue
[2025-04-18T17:46:14.498+0000] {logging_mixin.py:190} INFO - [2025-04-18T17:46:14.496+0000] {dagbag.py:588} INFO - Filling up the DagBag from /home/airflow/.local/lib/python3.12/site-packages/airflow/example_dags/example_inlet_event_extra.py
[2025-04-18T17:46:16.651+0000] {processor.py:925} INFO - DAG(s) 'read_dataset_event', 'read_dataset_event_from_classic' retrieved from /home/airflow/.local/lib/python3.12/site-packages/airflow/example_dags/example_inlet_event_extra.py
[2025-04-18T17:46:16.755+0000] {logging_mixin.py:190} INFO - [2025-04-18T17:46:16.753+0000] {dag.py:3239} INFO - Sync 2 DAGs
[2025-04-18T17:46:16.861+0000] {logging_mixin.py:190} INFO - [2025-04-18T17:46:16.861+0000] {dag.py:4180} INFO - Setting next_dagrun for read_dataset_event to 2025-04-17 00:00:00+00:00, run_after=2025-04-18 00:00:00+00:00
[2025-04-18T17:46:16.890+0000] {logging_mixin.py:190} INFO - [2025-04-18T17:46:16.889+0000] {dag.py:4180} INFO - Setting next_dagrun for read_dataset_event_from_classic to 2025-04-17 00:00:00+00:00, run_after=2025-04-18 00:00:00+00:00
[2025-04-18T17:46:16.993+0000] {processor.py:208} INFO - Processing /home/airflow/.local/lib/python3.12/site-packages/airflow/example_dags/example_inlet_event_extra.py took 2.542 seconds
[2025-04-18T17:46:47.172+0000] {processor.py:186} INFO - Started process (PID=1222) to work on /home/airflow/.local/lib/python3.12/site-packages/airflow/example_dags/example_inlet_event_extra.py
[2025-04-18T17:46:47.175+0000] {processor.py:914} INFO - Processing file /home/airflow/.local/lib/python3.12/site-packages/airflow/example_dags/example_inlet_event_extra.py for tasks to queue
[2025-04-18T17:46:47.181+0000] {logging_mixin.py:190} INFO - [2025-04-18T17:46:47.181+0000] {dagbag.py:588} INFO - Filling up the DagBag from /home/airflow/.local/lib/python3.12/site-packages/airflow/example_dags/example_inlet_event_extra.py
[2025-04-18T17:46:48.685+0000] {processor.py:925} INFO - DAG(s) 'read_dataset_event_from_classic', 'read_dataset_event' retrieved from /home/airflow/.local/lib/python3.12/site-packages/airflow/example_dags/example_inlet_event_extra.py
[2025-04-18T17:46:48.768+0000] {logging_mixin.py:190} INFO - [2025-04-18T17:46:48.768+0000] {dag.py:3239} INFO - Sync 2 DAGs
[2025-04-18T17:46:48.881+0000] {logging_mixin.py:190} INFO - [2025-04-18T17:46:48.880+0000] {dag.py:4180} INFO - Setting next_dagrun for read_dataset_event to 2025-04-17 00:00:00+00:00, run_after=2025-04-18 00:00:00+00:00
[2025-04-18T17:46:48.923+0000] {logging_mixin.py:190} INFO - [2025-04-18T17:46:48.922+0000] {dag.py:4180} INFO - Setting next_dagrun for read_dataset_event_from_classic to 2025-04-17 00:00:00+00:00, run_after=2025-04-18 00:00:00+00:00
[2025-04-18T17:46:49.029+0000] {processor.py:208} INFO - Processing /home/airflow/.local/lib/python3.12/site-packages/airflow/example_dags/example_inlet_event_extra.py took 1.869 seconds
[2025-04-18T17:47:19.766+0000] {processor.py:186} INFO - Started process (PID=1288) to work on /home/airflow/.local/lib/python3.12/site-packages/airflow/example_dags/example_inlet_event_extra.py
[2025-04-18T17:47:19.770+0000] {processor.py:914} INFO - Processing file /home/airflow/.local/lib/python3.12/site-packages/airflow/example_dags/example_inlet_event_extra.py for tasks to queue
[2025-04-18T17:47:19.779+0000] {logging_mixin.py:190} INFO - [2025-04-18T17:47:19.778+0000] {dagbag.py:588} INFO - Filling up the DagBag from /home/airflow/.local/lib/python3.12/site-packages/airflow/example_dags/example_inlet_event_extra.py
[2025-04-18T17:47:21.707+0000] {processor.py:925} INFO - DAG(s) 'read_dataset_event', 'read_dataset_event_from_classic' retrieved from /home/airflow/.local/lib/python3.12/site-packages/airflow/example_dags/example_inlet_event_extra.py
[2025-04-18T17:47:21.763+0000] {logging_mixin.py:190} INFO - [2025-04-18T17:47:21.762+0000] {dag.py:3239} INFO - Sync 2 DAGs
[2025-04-18T17:47:21.829+0000] {logging_mixin.py:190} INFO - [2025-04-18T17:47:21.828+0000] {dag.py:4180} INFO - Setting next_dagrun for read_dataset_event to 2025-04-17 00:00:00+00:00, run_after=2025-04-18 00:00:00+00:00
[2025-04-18T17:47:21.846+0000] {logging_mixin.py:190} INFO - [2025-04-18T17:47:21.845+0000] {dag.py:4180} INFO - Setting next_dagrun for read_dataset_event_from_classic to 2025-04-17 00:00:00+00:00, run_after=2025-04-18 00:00:00+00:00
[2025-04-18T17:47:21.928+0000] {processor.py:208} INFO - Processing /home/airflow/.local/lib/python3.12/site-packages/airflow/example_dags/example_inlet_event_extra.py took 2.187 seconds
[2025-04-18T17:48:01.431+0000] {processor.py:186} INFO - Started process (PID=1358) to work on /home/airflow/.local/lib/python3.12/site-packages/airflow/example_dags/example_inlet_event_extra.py
[2025-04-18T17:48:01.451+0000] {processor.py:914} INFO - Processing file /home/airflow/.local/lib/python3.12/site-packages/airflow/example_dags/example_inlet_event_extra.py for tasks to queue
[2025-04-18T17:48:01.472+0000] {logging_mixin.py:190} INFO - [2025-04-18T17:48:01.471+0000] {dagbag.py:588} INFO - Filling up the DagBag from /home/airflow/.local/lib/python3.12/site-packages/airflow/example_dags/example_inlet_event_extra.py
[2025-04-18T17:48:04.052+0000] {processor.py:925} INFO - DAG(s) 'read_dataset_event', 'read_dataset_event_from_classic' retrieved from /home/airflow/.local/lib/python3.12/site-packages/airflow/example_dags/example_inlet_event_extra.py
[2025-04-18T17:48:04.187+0000] {logging_mixin.py:190} INFO - [2025-04-18T17:48:04.186+0000] {dag.py:3239} INFO - Sync 2 DAGs
[2025-04-18T17:48:04.283+0000] {logging_mixin.py:190} INFO - [2025-04-18T17:48:04.282+0000] {dag.py:4180} INFO - Setting next_dagrun for read_dataset_event to 2025-04-17 00:00:00+00:00, run_after=2025-04-18 00:00:00+00:00
[2025-04-18T17:48:04.326+0000] {logging_mixin.py:190} INFO - [2025-04-18T17:48:04.325+0000] {dag.py:4180} INFO - Setting next_dagrun for read_dataset_event_from_classic to 2025-04-17 00:00:00+00:00, run_after=2025-04-18 00:00:00+00:00
[2025-04-18T17:48:04.533+0000] {processor.py:208} INFO - Processing /home/airflow/.local/lib/python3.12/site-packages/airflow/example_dags/example_inlet_event_extra.py took 3.122 seconds
