[2025-05-17T06:25:34.858+0000] {processor.py:186} INFO - Started process (PID=154) to work on /home/airflow/.local/lib/python3.12/site-packages/airflow/example_dags/example_dataset_alias.py
[2025-05-17T06:25:34.864+0000] {processor.py:914} INFO - Processing file /home/airflow/.local/lib/python3.12/site-packages/airflow/example_dags/example_dataset_alias.py for tasks to queue
[2025-05-17T06:25:34.876+0000] {logging_mixin.py:190} INFO - [2025-05-17T06:25:34.874+0000] {dagbag.py:588} INFO - Filling up the DagBag from /home/airflow/.local/lib/python3.12/site-packages/airflow/example_dags/example_dataset_alias.py
[2025-05-17T06:25:38.123+0000] {processor.py:925} INFO - DAG(s) 'dataset_s3_bucket_producer', 'dataset_alias_example_alias_consumer', 'dataset_alias_example_alias_producer', 'dataset_s3_bucket_consumer' retrieved from /home/airflow/.local/lib/python3.12/site-packages/airflow/example_dags/example_dataset_alias.py
[2025-05-17T06:25:38.280+0000] {logging_mixin.py:190} INFO - [2025-05-17T06:25:38.273+0000] {dag.py:3239} INFO - Sync 4 DAGs
[2025-05-17T06:25:38.402+0000] {logging_mixin.py:190} INFO - [2025-05-17T06:25:38.399+0000] {dag.py:4180} INFO - Setting next_dagrun for dataset_alias_example_alias_consumer to None, run_after=None
[2025-05-17T06:25:38.428+0000] {logging_mixin.py:190} INFO - [2025-05-17T06:25:38.426+0000] {dag.py:4180} INFO - Setting next_dagrun for dataset_alias_example_alias_producer to None, run_after=None
[2025-05-17T06:25:38.442+0000] {logging_mixin.py:190} INFO - [2025-05-17T06:25:38.441+0000] {dag.py:4180} INFO - Setting next_dagrun for dataset_s3_bucket_consumer to None, run_after=None
[2025-05-17T06:25:38.457+0000] {logging_mixin.py:190} INFO - [2025-05-17T06:25:38.455+0000] {dag.py:4180} INFO - Setting next_dagrun for dataset_s3_bucket_producer to None, run_after=None
[2025-05-17T06:25:38.571+0000] {processor.py:208} INFO - Processing /home/airflow/.local/lib/python3.12/site-packages/airflow/example_dags/example_dataset_alias.py took 3.732 seconds
[2025-05-17T06:34:20.000+0000] {processor.py:186} INFO - Started process (PID=145) to work on /home/airflow/.local/lib/python3.12/site-packages/airflow/example_dags/example_dataset_alias.py
[2025-05-17T06:34:20.004+0000] {processor.py:914} INFO - Processing file /home/airflow/.local/lib/python3.12/site-packages/airflow/example_dags/example_dataset_alias.py for tasks to queue
[2025-05-17T06:34:20.013+0000] {logging_mixin.py:190} INFO - [2025-05-17T06:34:20.011+0000] {dagbag.py:588} INFO - Filling up the DagBag from /home/airflow/.local/lib/python3.12/site-packages/airflow/example_dags/example_dataset_alias.py
[2025-05-17T06:34:22.349+0000] {processor.py:925} INFO - DAG(s) 'dataset_alias_example_alias_producer', 'dataset_alias_example_alias_consumer', 'dataset_s3_bucket_consumer', 'dataset_s3_bucket_producer' retrieved from /home/airflow/.local/lib/python3.12/site-packages/airflow/example_dags/example_dataset_alias.py
[2025-05-17T06:34:22.480+0000] {logging_mixin.py:190} INFO - [2025-05-17T06:34:22.478+0000] {dag.py:3239} INFO - Sync 4 DAGs
[2025-05-17T06:34:22.632+0000] {logging_mixin.py:190} INFO - [2025-05-17T06:34:22.627+0000] {dag.py:4180} INFO - Setting next_dagrun for dataset_alias_example_alias_consumer to None, run_after=None
[2025-05-17T06:34:22.655+0000] {logging_mixin.py:190} INFO - [2025-05-17T06:34:22.654+0000] {dag.py:4180} INFO - Setting next_dagrun for dataset_alias_example_alias_producer to None, run_after=None
[2025-05-17T06:34:22.664+0000] {logging_mixin.py:190} INFO - [2025-05-17T06:34:22.663+0000] {dag.py:4180} INFO - Setting next_dagrun for dataset_s3_bucket_consumer to None, run_after=None
[2025-05-17T06:34:22.672+0000] {logging_mixin.py:190} INFO - [2025-05-17T06:34:22.671+0000] {dag.py:4180} INFO - Setting next_dagrun for dataset_s3_bucket_producer to None, run_after=None
[2025-05-17T06:34:22.820+0000] {processor.py:208} INFO - Processing /home/airflow/.local/lib/python3.12/site-packages/airflow/example_dags/example_dataset_alias.py took 2.840 seconds
[2025-05-17T06:34:54.915+0000] {processor.py:186} INFO - Started process (PID=213) to work on /home/airflow/.local/lib/python3.12/site-packages/airflow/example_dags/example_dataset_alias.py
[2025-05-17T06:34:54.922+0000] {processor.py:914} INFO - Processing file /home/airflow/.local/lib/python3.12/site-packages/airflow/example_dags/example_dataset_alias.py for tasks to queue
[2025-05-17T06:34:54.944+0000] {logging_mixin.py:190} INFO - [2025-05-17T06:34:54.943+0000] {dagbag.py:588} INFO - Filling up the DagBag from /home/airflow/.local/lib/python3.12/site-packages/airflow/example_dags/example_dataset_alias.py
[2025-05-17T06:34:56.869+0000] {processor.py:925} INFO - DAG(s) 'dataset_s3_bucket_producer', 'dataset_s3_bucket_consumer', 'dataset_alias_example_alias_consumer', 'dataset_alias_example_alias_producer' retrieved from /home/airflow/.local/lib/python3.12/site-packages/airflow/example_dags/example_dataset_alias.py
[2025-05-17T06:34:56.973+0000] {logging_mixin.py:190} INFO - [2025-05-17T06:34:56.968+0000] {dag.py:3239} INFO - Sync 4 DAGs
[2025-05-17T06:34:57.071+0000] {logging_mixin.py:190} INFO - [2025-05-17T06:34:57.070+0000] {dag.py:4180} INFO - Setting next_dagrun for dataset_alias_example_alias_consumer to None, run_after=None
[2025-05-17T06:34:57.083+0000] {logging_mixin.py:190} INFO - [2025-05-17T06:34:57.082+0000] {dag.py:4180} INFO - Setting next_dagrun for dataset_alias_example_alias_producer to None, run_after=None
[2025-05-17T06:34:57.091+0000] {logging_mixin.py:190} INFO - [2025-05-17T06:34:57.090+0000] {dag.py:4180} INFO - Setting next_dagrun for dataset_s3_bucket_consumer to None, run_after=None
[2025-05-17T06:34:57.099+0000] {logging_mixin.py:190} INFO - [2025-05-17T06:34:57.098+0000] {dag.py:4180} INFO - Setting next_dagrun for dataset_s3_bucket_producer to None, run_after=None
[2025-05-17T06:34:57.210+0000] {processor.py:208} INFO - Processing /home/airflow/.local/lib/python3.12/site-packages/airflow/example_dags/example_dataset_alias.py took 2.313 seconds
[2025-05-17T06:35:33.487+0000] {processor.py:186} INFO - Started process (PID=276) to work on /home/airflow/.local/lib/python3.12/site-packages/airflow/example_dags/example_dataset_alias.py
[2025-05-17T06:35:33.494+0000] {processor.py:914} INFO - Processing file /home/airflow/.local/lib/python3.12/site-packages/airflow/example_dags/example_dataset_alias.py for tasks to queue
[2025-05-17T06:35:33.508+0000] {logging_mixin.py:190} INFO - [2025-05-17T06:35:33.507+0000] {dagbag.py:588} INFO - Filling up the DagBag from /home/airflow/.local/lib/python3.12/site-packages/airflow/example_dags/example_dataset_alias.py
[2025-05-17T06:35:36.199+0000] {processor.py:925} INFO - DAG(s) 'dataset_s3_bucket_producer', 'dataset_s3_bucket_consumer', 'dataset_alias_example_alias_consumer', 'dataset_alias_example_alias_producer' retrieved from /home/airflow/.local/lib/python3.12/site-packages/airflow/example_dags/example_dataset_alias.py
[2025-05-17T06:35:36.369+0000] {logging_mixin.py:190} INFO - [2025-05-17T06:35:36.367+0000] {dag.py:3239} INFO - Sync 4 DAGs
[2025-05-17T06:35:36.533+0000] {logging_mixin.py:190} INFO - [2025-05-17T06:35:36.532+0000] {dag.py:4180} INFO - Setting next_dagrun for dataset_alias_example_alias_consumer to None, run_after=None
[2025-05-17T06:35:36.544+0000] {logging_mixin.py:190} INFO - [2025-05-17T06:35:36.544+0000] {dag.py:4180} INFO - Setting next_dagrun for dataset_alias_example_alias_producer to None, run_after=None
[2025-05-17T06:35:36.554+0000] {logging_mixin.py:190} INFO - [2025-05-17T06:35:36.553+0000] {dag.py:4180} INFO - Setting next_dagrun for dataset_s3_bucket_consumer to None, run_after=None
[2025-05-17T06:35:36.559+0000] {logging_mixin.py:190} INFO - [2025-05-17T06:35:36.558+0000] {dag.py:4180} INFO - Setting next_dagrun for dataset_s3_bucket_producer to None, run_after=None
[2025-05-17T06:35:36.656+0000] {processor.py:208} INFO - Processing /home/airflow/.local/lib/python3.12/site-packages/airflow/example_dags/example_dataset_alias.py took 3.204 seconds
[2025-05-17T06:36:56.911+0000] {processor.py:186} INFO - Started process (PID=356) to work on /home/airflow/.local/lib/python3.12/site-packages/airflow/example_dags/example_dataset_alias.py
[2025-05-17T06:36:56.913+0000] {processor.py:914} INFO - Processing file /home/airflow/.local/lib/python3.12/site-packages/airflow/example_dags/example_dataset_alias.py for tasks to queue
[2025-05-17T06:36:56.918+0000] {logging_mixin.py:190} INFO - [2025-05-17T06:36:56.918+0000] {dagbag.py:588} INFO - Filling up the DagBag from /home/airflow/.local/lib/python3.12/site-packages/airflow/example_dags/example_dataset_alias.py
[2025-05-17T06:36:58.189+0000] {processor.py:925} INFO - DAG(s) 'dataset_s3_bucket_consumer', 'dataset_alias_example_alias_producer', 'dataset_s3_bucket_producer', 'dataset_alias_example_alias_consumer' retrieved from /home/airflow/.local/lib/python3.12/site-packages/airflow/example_dags/example_dataset_alias.py
[2025-05-17T06:36:58.260+0000] {logging_mixin.py:190} INFO - [2025-05-17T06:36:58.259+0000] {dag.py:3239} INFO - Sync 4 DAGs
[2025-05-17T06:36:58.322+0000] {logging_mixin.py:190} INFO - [2025-05-17T06:36:58.322+0000] {dag.py:4180} INFO - Setting next_dagrun for dataset_alias_example_alias_consumer to None, run_after=None
[2025-05-17T06:36:58.328+0000] {logging_mixin.py:190} INFO - [2025-05-17T06:36:58.328+0000] {dag.py:4180} INFO - Setting next_dagrun for dataset_alias_example_alias_producer to None, run_after=None
[2025-05-17T06:36:58.336+0000] {logging_mixin.py:190} INFO - [2025-05-17T06:36:58.335+0000] {dag.py:4180} INFO - Setting next_dagrun for dataset_s3_bucket_consumer to None, run_after=None
[2025-05-17T06:36:58.339+0000] {logging_mixin.py:190} INFO - [2025-05-17T06:36:58.339+0000] {dag.py:4180} INFO - Setting next_dagrun for dataset_s3_bucket_producer to None, run_after=None
[2025-05-17T06:36:58.409+0000] {processor.py:208} INFO - Processing /home/airflow/.local/lib/python3.12/site-packages/airflow/example_dags/example_dataset_alias.py took 1.509 seconds
[2025-05-17T06:37:44.008+0000] {processor.py:186} INFO - Started process (PID=428) to work on /home/airflow/.local/lib/python3.12/site-packages/airflow/example_dags/example_dataset_alias.py
[2025-05-17T06:37:44.017+0000] {processor.py:914} INFO - Processing file /home/airflow/.local/lib/python3.12/site-packages/airflow/example_dags/example_dataset_alias.py for tasks to queue
[2025-05-17T06:37:44.028+0000] {logging_mixin.py:190} INFO - [2025-05-17T06:37:44.027+0000] {dagbag.py:588} INFO - Filling up the DagBag from /home/airflow/.local/lib/python3.12/site-packages/airflow/example_dags/example_dataset_alias.py
[2025-05-17T06:37:48.314+0000] {processor.py:925} INFO - DAG(s) 'dataset_alias_example_alias_producer', 'dataset_s3_bucket_producer', 'dataset_alias_example_alias_consumer', 'dataset_s3_bucket_consumer' retrieved from /home/airflow/.local/lib/python3.12/site-packages/airflow/example_dags/example_dataset_alias.py
[2025-05-17T06:37:48.582+0000] {logging_mixin.py:190} INFO - [2025-05-17T06:37:48.580+0000] {dag.py:3239} INFO - Sync 4 DAGs
[2025-05-17T06:37:48.817+0000] {logging_mixin.py:190} INFO - [2025-05-17T06:37:48.816+0000] {dag.py:4180} INFO - Setting next_dagrun for dataset_alias_example_alias_consumer to None, run_after=None
[2025-05-17T06:37:48.852+0000] {logging_mixin.py:190} INFO - [2025-05-17T06:37:48.851+0000] {dag.py:4180} INFO - Setting next_dagrun for dataset_alias_example_alias_producer to None, run_after=None
[2025-05-17T06:37:48.888+0000] {logging_mixin.py:190} INFO - [2025-05-17T06:37:48.887+0000] {dag.py:4180} INFO - Setting next_dagrun for dataset_s3_bucket_consumer to None, run_after=None
[2025-05-17T06:37:48.907+0000] {logging_mixin.py:190} INFO - [2025-05-17T06:37:48.906+0000] {dag.py:4180} INFO - Setting next_dagrun for dataset_s3_bucket_producer to None, run_after=None
[2025-05-17T06:37:49.064+0000] {processor.py:208} INFO - Processing /home/airflow/.local/lib/python3.12/site-packages/airflow/example_dags/example_dataset_alias.py took 5.089 seconds
[2025-05-17T06:38:24.460+0000] {processor.py:186} INFO - Started process (PID=494) to work on /home/airflow/.local/lib/python3.12/site-packages/airflow/example_dags/example_dataset_alias.py
[2025-05-17T06:38:24.469+0000] {processor.py:914} INFO - Processing file /home/airflow/.local/lib/python3.12/site-packages/airflow/example_dags/example_dataset_alias.py for tasks to queue
[2025-05-17T06:38:24.492+0000] {logging_mixin.py:190} INFO - [2025-05-17T06:38:24.491+0000] {dagbag.py:588} INFO - Filling up the DagBag from /home/airflow/.local/lib/python3.12/site-packages/airflow/example_dags/example_dataset_alias.py
[2025-05-17T06:38:29.273+0000] {processor.py:925} INFO - DAG(s) 'dataset_s3_bucket_producer', 'dataset_alias_example_alias_consumer', 'dataset_s3_bucket_consumer', 'dataset_alias_example_alias_producer' retrieved from /home/airflow/.local/lib/python3.12/site-packages/airflow/example_dags/example_dataset_alias.py
[2025-05-17T06:38:29.411+0000] {logging_mixin.py:190} INFO - [2025-05-17T06:38:29.410+0000] {dag.py:3239} INFO - Sync 4 DAGs
[2025-05-17T06:38:29.526+0000] {logging_mixin.py:190} INFO - [2025-05-17T06:38:29.525+0000] {dag.py:4180} INFO - Setting next_dagrun for dataset_alias_example_alias_consumer to None, run_after=None
[2025-05-17T06:38:29.542+0000] {logging_mixin.py:190} INFO - [2025-05-17T06:38:29.541+0000] {dag.py:4180} INFO - Setting next_dagrun for dataset_alias_example_alias_producer to None, run_after=None
[2025-05-17T06:38:29.553+0000] {logging_mixin.py:190} INFO - [2025-05-17T06:38:29.552+0000] {dag.py:4180} INFO - Setting next_dagrun for dataset_s3_bucket_consumer to None, run_after=None
[2025-05-17T06:38:29.562+0000] {logging_mixin.py:190} INFO - [2025-05-17T06:38:29.561+0000] {dag.py:4180} INFO - Setting next_dagrun for dataset_s3_bucket_producer to None, run_after=None
[2025-05-17T06:38:29.705+0000] {processor.py:208} INFO - Processing /home/airflow/.local/lib/python3.12/site-packages/airflow/example_dags/example_dataset_alias.py took 5.271 seconds
[2025-05-17T06:39:17.373+0000] {processor.py:186} INFO - Started process (PID=582) to work on /home/airflow/.local/lib/python3.12/site-packages/airflow/example_dags/example_dataset_alias.py
[2025-05-17T06:39:17.379+0000] {processor.py:914} INFO - Processing file /home/airflow/.local/lib/python3.12/site-packages/airflow/example_dags/example_dataset_alias.py for tasks to queue
[2025-05-17T06:39:17.387+0000] {logging_mixin.py:190} INFO - [2025-05-17T06:39:17.386+0000] {dagbag.py:588} INFO - Filling up the DagBag from /home/airflow/.local/lib/python3.12/site-packages/airflow/example_dags/example_dataset_alias.py
[2025-05-17T06:39:19.571+0000] {processor.py:925} INFO - DAG(s) 'dataset_s3_bucket_consumer', 'dataset_alias_example_alias_consumer', 'dataset_alias_example_alias_producer', 'dataset_s3_bucket_producer' retrieved from /home/airflow/.local/lib/python3.12/site-packages/airflow/example_dags/example_dataset_alias.py
[2025-05-17T06:39:19.696+0000] {logging_mixin.py:190} INFO - [2025-05-17T06:39:19.694+0000] {dag.py:3239} INFO - Sync 4 DAGs
[2025-05-17T06:39:19.826+0000] {logging_mixin.py:190} INFO - [2025-05-17T06:39:19.825+0000] {dag.py:4180} INFO - Setting next_dagrun for dataset_alias_example_alias_consumer to None, run_after=None
[2025-05-17T06:39:19.854+0000] {logging_mixin.py:190} INFO - [2025-05-17T06:39:19.853+0000] {dag.py:4180} INFO - Setting next_dagrun for dataset_alias_example_alias_producer to None, run_after=None
[2025-05-17T06:39:19.871+0000] {logging_mixin.py:190} INFO - [2025-05-17T06:39:19.871+0000] {dag.py:4180} INFO - Setting next_dagrun for dataset_s3_bucket_consumer to None, run_after=None
[2025-05-17T06:39:19.878+0000] {logging_mixin.py:190} INFO - [2025-05-17T06:39:19.877+0000] {dag.py:4180} INFO - Setting next_dagrun for dataset_s3_bucket_producer to None, run_after=None
[2025-05-17T06:39:20.017+0000] {processor.py:208} INFO - Processing /home/airflow/.local/lib/python3.12/site-packages/airflow/example_dags/example_dataset_alias.py took 2.669 seconds
[2025-05-17T06:39:50.416+0000] {processor.py:186} INFO - Started process (PID=652) to work on /home/airflow/.local/lib/python3.12/site-packages/airflow/example_dags/example_dataset_alias.py
[2025-05-17T06:39:50.419+0000] {processor.py:914} INFO - Processing file /home/airflow/.local/lib/python3.12/site-packages/airflow/example_dags/example_dataset_alias.py for tasks to queue
[2025-05-17T06:39:50.426+0000] {logging_mixin.py:190} INFO - [2025-05-17T06:39:50.425+0000] {dagbag.py:588} INFO - Filling up the DagBag from /home/airflow/.local/lib/python3.12/site-packages/airflow/example_dags/example_dataset_alias.py
[2025-05-17T06:39:51.668+0000] {processor.py:925} INFO - DAG(s) 'dataset_alias_example_alias_consumer', 'dataset_s3_bucket_producer', 'dataset_s3_bucket_consumer', 'dataset_alias_example_alias_producer' retrieved from /home/airflow/.local/lib/python3.12/site-packages/airflow/example_dags/example_dataset_alias.py
[2025-05-17T06:39:51.768+0000] {logging_mixin.py:190} INFO - [2025-05-17T06:39:51.766+0000] {dag.py:3239} INFO - Sync 4 DAGs
[2025-05-17T06:39:51.868+0000] {logging_mixin.py:190} INFO - [2025-05-17T06:39:51.866+0000] {dag.py:4180} INFO - Setting next_dagrun for dataset_alias_example_alias_consumer to None, run_after=None
[2025-05-17T06:39:51.882+0000] {logging_mixin.py:190} INFO - [2025-05-17T06:39:51.881+0000] {dag.py:4180} INFO - Setting next_dagrun for dataset_alias_example_alias_producer to None, run_after=None
[2025-05-17T06:39:51.894+0000] {logging_mixin.py:190} INFO - [2025-05-17T06:39:51.893+0000] {dag.py:4180} INFO - Setting next_dagrun for dataset_s3_bucket_consumer to None, run_after=None
[2025-05-17T06:39:51.902+0000] {logging_mixin.py:190} INFO - [2025-05-17T06:39:51.901+0000] {dag.py:4180} INFO - Setting next_dagrun for dataset_s3_bucket_producer to None, run_after=None
[2025-05-17T06:39:52.021+0000] {processor.py:208} INFO - Processing /home/airflow/.local/lib/python3.12/site-packages/airflow/example_dags/example_dataset_alias.py took 1.623 seconds
[2025-05-17T06:40:47.771+0000] {processor.py:186} INFO - Started process (PID=741) to work on /home/airflow/.local/lib/python3.12/site-packages/airflow/example_dags/example_dataset_alias.py
[2025-05-17T06:40:47.782+0000] {processor.py:914} INFO - Processing file /home/airflow/.local/lib/python3.12/site-packages/airflow/example_dags/example_dataset_alias.py for tasks to queue
[2025-05-17T06:40:47.802+0000] {logging_mixin.py:190} INFO - [2025-05-17T06:40:47.797+0000] {dagbag.py:588} INFO - Filling up the DagBag from /home/airflow/.local/lib/python3.12/site-packages/airflow/example_dags/example_dataset_alias.py
[2025-05-17T06:40:51.411+0000] {processor.py:925} INFO - DAG(s) 'dataset_alias_example_alias_producer', 'dataset_s3_bucket_consumer', 'dataset_alias_example_alias_consumer', 'dataset_s3_bucket_producer' retrieved from /home/airflow/.local/lib/python3.12/site-packages/airflow/example_dags/example_dataset_alias.py
[2025-05-17T06:40:51.525+0000] {logging_mixin.py:190} INFO - [2025-05-17T06:40:51.524+0000] {dag.py:3239} INFO - Sync 4 DAGs
[2025-05-17T06:40:51.625+0000] {logging_mixin.py:190} INFO - [2025-05-17T06:40:51.623+0000] {dag.py:4180} INFO - Setting next_dagrun for dataset_alias_example_alias_consumer to None, run_after=None
[2025-05-17T06:40:51.650+0000] {logging_mixin.py:190} INFO - [2025-05-17T06:40:51.649+0000] {dag.py:4180} INFO - Setting next_dagrun for dataset_alias_example_alias_producer to None, run_after=None
[2025-05-17T06:40:51.666+0000] {logging_mixin.py:190} INFO - [2025-05-17T06:40:51.665+0000] {dag.py:4180} INFO - Setting next_dagrun for dataset_s3_bucket_consumer to None, run_after=None
[2025-05-17T06:40:51.687+0000] {logging_mixin.py:190} INFO - [2025-05-17T06:40:51.686+0000] {dag.py:4180} INFO - Setting next_dagrun for dataset_s3_bucket_producer to None, run_after=None
[2025-05-17T06:40:51.842+0000] {processor.py:208} INFO - Processing /home/airflow/.local/lib/python3.12/site-packages/airflow/example_dags/example_dataset_alias.py took 4.122 seconds
[2025-05-17T06:41:22.408+0000] {processor.py:186} INFO - Started process (PID=810) to work on /home/airflow/.local/lib/python3.12/site-packages/airflow/example_dags/example_dataset_alias.py
[2025-05-17T06:41:22.414+0000] {processor.py:914} INFO - Processing file /home/airflow/.local/lib/python3.12/site-packages/airflow/example_dags/example_dataset_alias.py for tasks to queue
[2025-05-17T06:41:22.423+0000] {logging_mixin.py:190} INFO - [2025-05-17T06:41:22.422+0000] {dagbag.py:588} INFO - Filling up the DagBag from /home/airflow/.local/lib/python3.12/site-packages/airflow/example_dags/example_dataset_alias.py
[2025-05-17T06:41:24.785+0000] {processor.py:925} INFO - DAG(s) 'dataset_s3_bucket_producer', 'dataset_alias_example_alias_consumer', 'dataset_s3_bucket_consumer', 'dataset_alias_example_alias_producer' retrieved from /home/airflow/.local/lib/python3.12/site-packages/airflow/example_dags/example_dataset_alias.py
[2025-05-17T06:41:24.898+0000] {logging_mixin.py:190} INFO - [2025-05-17T06:41:24.895+0000] {dag.py:3239} INFO - Sync 4 DAGs
[2025-05-17T06:41:25.001+0000] {logging_mixin.py:190} INFO - [2025-05-17T06:41:25.000+0000] {dag.py:4180} INFO - Setting next_dagrun for dataset_alias_example_alias_consumer to None, run_after=None
[2025-05-17T06:41:25.027+0000] {logging_mixin.py:190} INFO - [2025-05-17T06:41:25.026+0000] {dag.py:4180} INFO - Setting next_dagrun for dataset_alias_example_alias_producer to None, run_after=None
[2025-05-17T06:41:25.045+0000] {logging_mixin.py:190} INFO - [2025-05-17T06:41:25.045+0000] {dag.py:4180} INFO - Setting next_dagrun for dataset_s3_bucket_consumer to None, run_after=None
[2025-05-17T06:41:25.056+0000] {logging_mixin.py:190} INFO - [2025-05-17T06:41:25.055+0000] {dag.py:4180} INFO - Setting next_dagrun for dataset_s3_bucket_producer to None, run_after=None
[2025-05-17T06:41:25.208+0000] {processor.py:208} INFO - Processing /home/airflow/.local/lib/python3.12/site-packages/airflow/example_dags/example_dataset_alias.py took 2.823 seconds
[2025-05-17T06:42:03.528+0000] {processor.py:186} INFO - Started process (PID=873) to work on /home/airflow/.local/lib/python3.12/site-packages/airflow/example_dags/example_dataset_alias.py
[2025-05-17T06:42:03.533+0000] {processor.py:914} INFO - Processing file /home/airflow/.local/lib/python3.12/site-packages/airflow/example_dags/example_dataset_alias.py for tasks to queue
[2025-05-17T06:42:03.540+0000] {logging_mixin.py:190} INFO - [2025-05-17T06:42:03.539+0000] {dagbag.py:588} INFO - Filling up the DagBag from /home/airflow/.local/lib/python3.12/site-packages/airflow/example_dags/example_dataset_alias.py
[2025-05-17T06:42:05.259+0000] {processor.py:925} INFO - DAG(s) 'dataset_alias_example_alias_consumer', 'dataset_alias_example_alias_producer', 'dataset_s3_bucket_consumer', 'dataset_s3_bucket_producer' retrieved from /home/airflow/.local/lib/python3.12/site-packages/airflow/example_dags/example_dataset_alias.py
[2025-05-17T06:42:05.339+0000] {logging_mixin.py:190} INFO - [2025-05-17T06:42:05.336+0000] {dag.py:3239} INFO - Sync 4 DAGs
[2025-05-17T06:42:05.432+0000] {logging_mixin.py:190} INFO - [2025-05-17T06:42:05.429+0000] {dag.py:4180} INFO - Setting next_dagrun for dataset_alias_example_alias_consumer to None, run_after=None
[2025-05-17T06:42:05.478+0000] {logging_mixin.py:190} INFO - [2025-05-17T06:42:05.477+0000] {dag.py:4180} INFO - Setting next_dagrun for dataset_alias_example_alias_producer to None, run_after=None
[2025-05-17T06:42:05.496+0000] {logging_mixin.py:190} INFO - [2025-05-17T06:42:05.496+0000] {dag.py:4180} INFO - Setting next_dagrun for dataset_s3_bucket_consumer to None, run_after=None
[2025-05-17T06:42:05.510+0000] {logging_mixin.py:190} INFO - [2025-05-17T06:42:05.509+0000] {dag.py:4180} INFO - Setting next_dagrun for dataset_s3_bucket_producer to None, run_after=None
[2025-05-17T06:42:05.632+0000] {processor.py:208} INFO - Processing /home/airflow/.local/lib/python3.12/site-packages/airflow/example_dags/example_dataset_alias.py took 2.135 seconds
[2025-05-17T06:42:36.186+0000] {processor.py:186} INFO - Started process (PID=940) to work on /home/airflow/.local/lib/python3.12/site-packages/airflow/example_dags/example_dataset_alias.py
[2025-05-17T06:42:36.193+0000] {processor.py:914} INFO - Processing file /home/airflow/.local/lib/python3.12/site-packages/airflow/example_dags/example_dataset_alias.py for tasks to queue
[2025-05-17T06:42:36.205+0000] {logging_mixin.py:190} INFO - [2025-05-17T06:42:36.204+0000] {dagbag.py:588} INFO - Filling up the DagBag from /home/airflow/.local/lib/python3.12/site-packages/airflow/example_dags/example_dataset_alias.py
[2025-05-17T06:42:38.228+0000] {processor.py:925} INFO - DAG(s) 'dataset_s3_bucket_producer', 'dataset_alias_example_alias_producer', 'dataset_s3_bucket_consumer', 'dataset_alias_example_alias_consumer' retrieved from /home/airflow/.local/lib/python3.12/site-packages/airflow/example_dags/example_dataset_alias.py
[2025-05-17T06:42:38.341+0000] {logging_mixin.py:190} INFO - [2025-05-17T06:42:38.339+0000] {dag.py:3239} INFO - Sync 4 DAGs
[2025-05-17T06:42:38.427+0000] {logging_mixin.py:190} INFO - [2025-05-17T06:42:38.424+0000] {dag.py:4180} INFO - Setting next_dagrun for dataset_alias_example_alias_consumer to None, run_after=None
[2025-05-17T06:42:38.440+0000] {logging_mixin.py:190} INFO - [2025-05-17T06:42:38.439+0000] {dag.py:4180} INFO - Setting next_dagrun for dataset_alias_example_alias_producer to None, run_after=None
[2025-05-17T06:42:38.450+0000] {logging_mixin.py:190} INFO - [2025-05-17T06:42:38.449+0000] {dag.py:4180} INFO - Setting next_dagrun for dataset_s3_bucket_consumer to None, run_after=None
[2025-05-17T06:42:38.457+0000] {logging_mixin.py:190} INFO - [2025-05-17T06:42:38.457+0000] {dag.py:4180} INFO - Setting next_dagrun for dataset_s3_bucket_producer to None, run_after=None
[2025-05-17T06:42:38.582+0000] {processor.py:208} INFO - Processing /home/airflow/.local/lib/python3.12/site-packages/airflow/example_dags/example_dataset_alias.py took 2.417 seconds
[2025-05-17T06:43:17.611+0000] {processor.py:186} INFO - Started process (PID=1014) to work on /home/airflow/.local/lib/python3.12/site-packages/airflow/example_dags/example_dataset_alias.py
[2025-05-17T06:43:17.619+0000] {processor.py:914} INFO - Processing file /home/airflow/.local/lib/python3.12/site-packages/airflow/example_dags/example_dataset_alias.py for tasks to queue
[2025-05-17T06:43:17.630+0000] {logging_mixin.py:190} INFO - [2025-05-17T06:43:17.629+0000] {dagbag.py:588} INFO - Filling up the DagBag from /home/airflow/.local/lib/python3.12/site-packages/airflow/example_dags/example_dataset_alias.py
[2025-05-17T06:43:19.661+0000] {processor.py:925} INFO - DAG(s) 'dataset_alias_example_alias_producer', 'dataset_alias_example_alias_consumer', 'dataset_s3_bucket_consumer', 'dataset_s3_bucket_producer' retrieved from /home/airflow/.local/lib/python3.12/site-packages/airflow/example_dags/example_dataset_alias.py
[2025-05-17T06:43:19.737+0000] {logging_mixin.py:190} INFO - [2025-05-17T06:43:19.736+0000] {dag.py:3239} INFO - Sync 4 DAGs
[2025-05-17T06:43:19.847+0000] {logging_mixin.py:190} INFO - [2025-05-17T06:43:19.846+0000] {dag.py:4180} INFO - Setting next_dagrun for dataset_alias_example_alias_consumer to None, run_after=None
[2025-05-17T06:43:19.865+0000] {logging_mixin.py:190} INFO - [2025-05-17T06:43:19.864+0000] {dag.py:4180} INFO - Setting next_dagrun for dataset_alias_example_alias_producer to None, run_after=None
[2025-05-17T06:43:19.871+0000] {logging_mixin.py:190} INFO - [2025-05-17T06:43:19.870+0000] {dag.py:4180} INFO - Setting next_dagrun for dataset_s3_bucket_consumer to None, run_after=None
[2025-05-17T06:43:19.877+0000] {logging_mixin.py:190} INFO - [2025-05-17T06:43:19.876+0000] {dag.py:4180} INFO - Setting next_dagrun for dataset_s3_bucket_producer to None, run_after=None
[2025-05-17T06:43:19.949+0000] {processor.py:208} INFO - Processing /home/airflow/.local/lib/python3.12/site-packages/airflow/example_dags/example_dataset_alias.py took 2.357 seconds
[2025-05-17T06:44:07.377+0000] {processor.py:186} INFO - Started process (PID=1100) to work on /home/airflow/.local/lib/python3.12/site-packages/airflow/example_dags/example_dataset_alias.py
[2025-05-17T06:44:07.407+0000] {processor.py:914} INFO - Processing file /home/airflow/.local/lib/python3.12/site-packages/airflow/example_dags/example_dataset_alias.py for tasks to queue
[2025-05-17T06:44:07.426+0000] {logging_mixin.py:190} INFO - [2025-05-17T06:44:07.425+0000] {dagbag.py:588} INFO - Filling up the DagBag from /home/airflow/.local/lib/python3.12/site-packages/airflow/example_dags/example_dataset_alias.py
[2025-05-17T06:44:10.868+0000] {processor.py:925} INFO - DAG(s) 'dataset_alias_example_alias_consumer', 'dataset_s3_bucket_producer', 'dataset_alias_example_alias_producer', 'dataset_s3_bucket_consumer' retrieved from /home/airflow/.local/lib/python3.12/site-packages/airflow/example_dags/example_dataset_alias.py
[2025-05-17T06:44:11.026+0000] {logging_mixin.py:190} INFO - [2025-05-17T06:44:11.024+0000] {dag.py:3239} INFO - Sync 4 DAGs
[2025-05-17T06:44:11.208+0000] {logging_mixin.py:190} INFO - [2025-05-17T06:44:11.206+0000] {dag.py:4180} INFO - Setting next_dagrun for dataset_alias_example_alias_consumer to None, run_after=None
[2025-05-17T06:44:11.225+0000] {logging_mixin.py:190} INFO - [2025-05-17T06:44:11.221+0000] {dag.py:4180} INFO - Setting next_dagrun for dataset_alias_example_alias_producer to None, run_after=None
[2025-05-17T06:44:11.250+0000] {logging_mixin.py:190} INFO - [2025-05-17T06:44:11.249+0000] {dag.py:4180} INFO - Setting next_dagrun for dataset_s3_bucket_consumer to None, run_after=None
[2025-05-17T06:44:11.271+0000] {logging_mixin.py:190} INFO - [2025-05-17T06:44:11.271+0000] {dag.py:4180} INFO - Setting next_dagrun for dataset_s3_bucket_producer to None, run_after=None
[2025-05-17T06:44:11.465+0000] {processor.py:208} INFO - Processing /home/airflow/.local/lib/python3.12/site-packages/airflow/example_dags/example_dataset_alias.py took 4.104 seconds
[2025-05-17T06:44:50.585+0000] {processor.py:186} INFO - Started process (PID=1177) to work on /home/airflow/.local/lib/python3.12/site-packages/airflow/example_dags/example_dataset_alias.py
[2025-05-17T06:44:50.593+0000] {processor.py:914} INFO - Processing file /home/airflow/.local/lib/python3.12/site-packages/airflow/example_dags/example_dataset_alias.py for tasks to queue
[2025-05-17T06:44:50.608+0000] {logging_mixin.py:190} INFO - [2025-05-17T06:44:50.607+0000] {dagbag.py:588} INFO - Filling up the DagBag from /home/airflow/.local/lib/python3.12/site-packages/airflow/example_dags/example_dataset_alias.py
[2025-05-17T06:44:54.940+0000] {processor.py:925} INFO - DAG(s) 'dataset_s3_bucket_consumer', 'dataset_s3_bucket_producer', 'dataset_alias_example_alias_producer', 'dataset_alias_example_alias_consumer' retrieved from /home/airflow/.local/lib/python3.12/site-packages/airflow/example_dags/example_dataset_alias.py
[2025-05-17T06:44:55.256+0000] {logging_mixin.py:190} INFO - [2025-05-17T06:44:55.243+0000] {dag.py:3239} INFO - Sync 4 DAGs
[2025-05-17T06:44:55.466+0000] {logging_mixin.py:190} INFO - [2025-05-17T06:44:55.466+0000] {dag.py:4180} INFO - Setting next_dagrun for dataset_alias_example_alias_consumer to None, run_after=None
[2025-05-17T06:44:55.513+0000] {logging_mixin.py:190} INFO - [2025-05-17T06:44:55.506+0000] {dag.py:4180} INFO - Setting next_dagrun for dataset_alias_example_alias_producer to None, run_after=None
[2025-05-17T06:44:55.532+0000] {logging_mixin.py:190} INFO - [2025-05-17T06:44:55.522+0000] {dag.py:4180} INFO - Setting next_dagrun for dataset_s3_bucket_consumer to None, run_after=None
[2025-05-17T06:44:55.557+0000] {logging_mixin.py:190} INFO - [2025-05-17T06:44:55.548+0000] {dag.py:4180} INFO - Setting next_dagrun for dataset_s3_bucket_producer to None, run_after=None
[2025-05-17T06:44:55.944+0000] {processor.py:208} INFO - Processing /home/airflow/.local/lib/python3.12/site-packages/airflow/example_dags/example_dataset_alias.py took 5.388 seconds
[2025-05-17T06:45:43.591+0000] {processor.py:186} INFO - Started process (PID=1252) to work on /home/airflow/.local/lib/python3.12/site-packages/airflow/example_dags/example_dataset_alias.py
[2025-05-17T06:45:43.603+0000] {processor.py:914} INFO - Processing file /home/airflow/.local/lib/python3.12/site-packages/airflow/example_dags/example_dataset_alias.py for tasks to queue
[2025-05-17T06:45:43.661+0000] {logging_mixin.py:190} INFO - [2025-05-17T06:45:43.648+0000] {dagbag.py:588} INFO - Filling up the DagBag from /home/airflow/.local/lib/python3.12/site-packages/airflow/example_dags/example_dataset_alias.py
[2025-05-17T06:45:50.691+0000] {processor.py:925} INFO - DAG(s) 'dataset_alias_example_alias_consumer', 'dataset_s3_bucket_producer', 'dataset_alias_example_alias_producer', 'dataset_s3_bucket_consumer' retrieved from /home/airflow/.local/lib/python3.12/site-packages/airflow/example_dags/example_dataset_alias.py
[2025-05-17T06:45:50.926+0000] {logging_mixin.py:190} INFO - [2025-05-17T06:45:50.921+0000] {dag.py:3239} INFO - Sync 4 DAGs
[2025-05-17T06:45:51.305+0000] {logging_mixin.py:190} INFO - [2025-05-17T06:45:51.303+0000] {dag.py:4180} INFO - Setting next_dagrun for dataset_alias_example_alias_consumer to None, run_after=None
[2025-05-17T06:45:51.398+0000] {logging_mixin.py:190} INFO - [2025-05-17T06:45:51.396+0000] {dag.py:4180} INFO - Setting next_dagrun for dataset_alias_example_alias_producer to None, run_after=None
[2025-05-17T06:45:51.453+0000] {logging_mixin.py:190} INFO - [2025-05-17T06:45:51.440+0000] {dag.py:4180} INFO - Setting next_dagrun for dataset_s3_bucket_consumer to None, run_after=None
[2025-05-17T06:45:51.480+0000] {logging_mixin.py:190} INFO - [2025-05-17T06:45:51.479+0000] {dag.py:4180} INFO - Setting next_dagrun for dataset_s3_bucket_producer to None, run_after=None
[2025-05-17T06:45:51.925+0000] {processor.py:208} INFO - Processing /home/airflow/.local/lib/python3.12/site-packages/airflow/example_dags/example_dataset_alias.py took 8.429 seconds
[2025-05-17T06:47:07.511+0000] {processor.py:186} INFO - Started process (PID=1343) to work on /home/airflow/.local/lib/python3.12/site-packages/airflow/example_dags/example_dataset_alias.py
[2025-05-17T06:47:07.555+0000] {processor.py:914} INFO - Processing file /home/airflow/.local/lib/python3.12/site-packages/airflow/example_dags/example_dataset_alias.py for tasks to queue
[2025-05-17T06:47:07.598+0000] {logging_mixin.py:190} INFO - [2025-05-17T06:47:07.583+0000] {dagbag.py:588} INFO - Filling up the DagBag from /home/airflow/.local/lib/python3.12/site-packages/airflow/example_dags/example_dataset_alias.py
[2025-05-17T06:47:15.925+0000] {processor.py:925} INFO - DAG(s) 'dataset_s3_bucket_consumer', 'dataset_s3_bucket_producer', 'dataset_alias_example_alias_consumer', 'dataset_alias_example_alias_producer' retrieved from /home/airflow/.local/lib/python3.12/site-packages/airflow/example_dags/example_dataset_alias.py
[2025-05-17T06:47:16.099+0000] {logging_mixin.py:190} INFO - [2025-05-17T06:47:16.097+0000] {dag.py:3239} INFO - Sync 4 DAGs
[2025-05-17T06:47:16.294+0000] {logging_mixin.py:190} INFO - [2025-05-17T06:47:16.293+0000] {dag.py:4180} INFO - Setting next_dagrun for dataset_alias_example_alias_consumer to None, run_after=None
[2025-05-17T06:47:16.332+0000] {logging_mixin.py:190} INFO - [2025-05-17T06:47:16.331+0000] {dag.py:4180} INFO - Setting next_dagrun for dataset_alias_example_alias_producer to None, run_after=None
[2025-05-17T06:47:16.377+0000] {logging_mixin.py:190} INFO - [2025-05-17T06:47:16.363+0000] {dag.py:4180} INFO - Setting next_dagrun for dataset_s3_bucket_consumer to None, run_after=None
[2025-05-17T06:47:16.409+0000] {logging_mixin.py:190} INFO - [2025-05-17T06:47:16.398+0000] {dag.py:4180} INFO - Setting next_dagrun for dataset_s3_bucket_producer to None, run_after=None
[2025-05-17T06:47:16.688+0000] {processor.py:208} INFO - Processing /home/airflow/.local/lib/python3.12/site-packages/airflow/example_dags/example_dataset_alias.py took 9.266 seconds
[2025-05-17T06:48:07.811+0000] {processor.py:186} INFO - Started process (PID=1415) to work on /home/airflow/.local/lib/python3.12/site-packages/airflow/example_dags/example_dataset_alias.py
[2025-05-17T06:48:07.832+0000] {processor.py:914} INFO - Processing file /home/airflow/.local/lib/python3.12/site-packages/airflow/example_dags/example_dataset_alias.py for tasks to queue
[2025-05-17T06:48:07.856+0000] {logging_mixin.py:190} INFO - [2025-05-17T06:48:07.855+0000] {dagbag.py:588} INFO - Filling up the DagBag from /home/airflow/.local/lib/python3.12/site-packages/airflow/example_dags/example_dataset_alias.py
[2025-05-17T06:48:12.708+0000] {processor.py:925} INFO - DAG(s) 'dataset_s3_bucket_consumer', 'dataset_alias_example_alias_producer', 'dataset_s3_bucket_producer', 'dataset_alias_example_alias_consumer' retrieved from /home/airflow/.local/lib/python3.12/site-packages/airflow/example_dags/example_dataset_alias.py
[2025-05-17T06:48:12.879+0000] {logging_mixin.py:190} INFO - [2025-05-17T06:48:12.877+0000] {dag.py:3239} INFO - Sync 4 DAGs
[2025-05-17T06:48:13.042+0000] {logging_mixin.py:190} INFO - [2025-05-17T06:48:13.041+0000] {dag.py:4180} INFO - Setting next_dagrun for dataset_alias_example_alias_consumer to None, run_after=None
[2025-05-17T06:48:13.108+0000] {logging_mixin.py:190} INFO - [2025-05-17T06:48:13.105+0000] {dag.py:4180} INFO - Setting next_dagrun for dataset_alias_example_alias_producer to None, run_after=None
[2025-05-17T06:48:13.157+0000] {logging_mixin.py:190} INFO - [2025-05-17T06:48:13.144+0000] {dag.py:4180} INFO - Setting next_dagrun for dataset_s3_bucket_consumer to None, run_after=None
[2025-05-17T06:48:13.171+0000] {logging_mixin.py:190} INFO - [2025-05-17T06:48:13.170+0000] {dag.py:4180} INFO - Setting next_dagrun for dataset_s3_bucket_producer to None, run_after=None
[2025-05-17T06:48:13.466+0000] {processor.py:208} INFO - Processing /home/airflow/.local/lib/python3.12/site-packages/airflow/example_dags/example_dataset_alias.py took 5.693 seconds
[2025-05-17T06:49:57.274+0000] {processor.py:186} INFO - Started process (PID=1540) to work on /home/airflow/.local/lib/python3.12/site-packages/airflow/example_dags/example_dataset_alias.py
[2025-05-17T06:49:57.295+0000] {processor.py:914} INFO - Processing file /home/airflow/.local/lib/python3.12/site-packages/airflow/example_dags/example_dataset_alias.py for tasks to queue
[2025-05-17T06:49:57.369+0000] {logging_mixin.py:190} INFO - [2025-05-17T06:49:57.363+0000] {dagbag.py:588} INFO - Filling up the DagBag from /home/airflow/.local/lib/python3.12/site-packages/airflow/example_dags/example_dataset_alias.py
[2025-05-17T06:50:03.077+0000] {processor.py:925} INFO - DAG(s) 'dataset_alias_example_alias_consumer', 'dataset_alias_example_alias_producer', 'dataset_s3_bucket_producer', 'dataset_s3_bucket_consumer' retrieved from /home/airflow/.local/lib/python3.12/site-packages/airflow/example_dags/example_dataset_alias.py
[2025-05-17T06:50:03.244+0000] {logging_mixin.py:190} INFO - [2025-05-17T06:50:03.239+0000] {dag.py:3239} INFO - Sync 4 DAGs
[2025-05-17T06:50:03.375+0000] {logging_mixin.py:190} INFO - [2025-05-17T06:50:03.374+0000] {dag.py:4180} INFO - Setting next_dagrun for dataset_alias_example_alias_consumer to None, run_after=None
[2025-05-17T06:50:03.407+0000] {logging_mixin.py:190} INFO - [2025-05-17T06:50:03.406+0000] {dag.py:4180} INFO - Setting next_dagrun for dataset_alias_example_alias_producer to None, run_after=None
[2025-05-17T06:50:03.430+0000] {logging_mixin.py:190} INFO - [2025-05-17T06:50:03.429+0000] {dag.py:4180} INFO - Setting next_dagrun for dataset_s3_bucket_consumer to None, run_after=None
[2025-05-17T06:50:03.452+0000] {logging_mixin.py:190} INFO - [2025-05-17T06:50:03.451+0000] {dag.py:4180} INFO - Setting next_dagrun for dataset_s3_bucket_producer to None, run_after=None
[2025-05-17T06:50:03.593+0000] {processor.py:208} INFO - Processing /home/airflow/.local/lib/python3.12/site-packages/airflow/example_dags/example_dataset_alias.py took 6.384 seconds
[2025-05-17T06:51:12.274+0000] {processor.py:186} INFO - Started process (PID=1624) to work on /home/airflow/.local/lib/python3.12/site-packages/airflow/example_dags/example_dataset_alias.py
[2025-05-17T06:51:12.281+0000] {processor.py:914} INFO - Processing file /home/airflow/.local/lib/python3.12/site-packages/airflow/example_dags/example_dataset_alias.py for tasks to queue
[2025-05-17T06:51:12.326+0000] {logging_mixin.py:190} INFO - [2025-05-17T06:51:12.325+0000] {dagbag.py:588} INFO - Filling up the DagBag from /home/airflow/.local/lib/python3.12/site-packages/airflow/example_dags/example_dataset_alias.py
[2025-05-17T06:51:15.827+0000] {processor.py:925} INFO - DAG(s) 'dataset_s3_bucket_consumer', 'dataset_s3_bucket_producer', 'dataset_alias_example_alias_consumer', 'dataset_alias_example_alias_producer' retrieved from /home/airflow/.local/lib/python3.12/site-packages/airflow/example_dags/example_dataset_alias.py
[2025-05-17T06:51:16.413+0000] {logging_mixin.py:190} INFO - [2025-05-17T06:51:16.401+0000] {dag.py:3239} INFO - Sync 4 DAGs
[2025-05-17T06:51:16.843+0000] {logging_mixin.py:190} INFO - [2025-05-17T06:51:16.842+0000] {dag.py:4180} INFO - Setting next_dagrun for dataset_alias_example_alias_consumer to None, run_after=None
[2025-05-17T06:51:16.903+0000] {logging_mixin.py:190} INFO - [2025-05-17T06:51:16.900+0000] {dag.py:4180} INFO - Setting next_dagrun for dataset_alias_example_alias_producer to None, run_after=None
[2025-05-17T06:51:16.971+0000] {logging_mixin.py:190} INFO - [2025-05-17T06:51:16.957+0000] {dag.py:4180} INFO - Setting next_dagrun for dataset_s3_bucket_consumer to None, run_after=None
[2025-05-17T06:51:17.077+0000] {logging_mixin.py:190} INFO - [2025-05-17T06:51:17.076+0000] {dag.py:4180} INFO - Setting next_dagrun for dataset_s3_bucket_producer to None, run_after=None
[2025-05-17T06:51:17.201+0000] {processor.py:208} INFO - Processing /home/airflow/.local/lib/python3.12/site-packages/airflow/example_dags/example_dataset_alias.py took 4.957 seconds
[2025-05-17T06:52:46.302+0000] {processor.py:186} INFO - Started process (PID=1727) to work on /home/airflow/.local/lib/python3.12/site-packages/airflow/example_dags/example_dataset_alias.py
[2025-05-17T06:52:46.316+0000] {processor.py:914} INFO - Processing file /home/airflow/.local/lib/python3.12/site-packages/airflow/example_dags/example_dataset_alias.py for tasks to queue
[2025-05-17T06:52:46.334+0000] {logging_mixin.py:190} INFO - [2025-05-17T06:52:46.333+0000] {dagbag.py:588} INFO - Filling up the DagBag from /home/airflow/.local/lib/python3.12/site-packages/airflow/example_dags/example_dataset_alias.py
[2025-05-17T06:52:50.444+0000] {processor.py:925} INFO - DAG(s) 'dataset_alias_example_alias_producer', 'dataset_s3_bucket_consumer', 'dataset_alias_example_alias_consumer', 'dataset_s3_bucket_producer' retrieved from /home/airflow/.local/lib/python3.12/site-packages/airflow/example_dags/example_dataset_alias.py
[2025-05-17T06:52:50.666+0000] {logging_mixin.py:190} INFO - [2025-05-17T06:52:50.664+0000] {dag.py:3239} INFO - Sync 4 DAGs
[2025-05-17T06:52:50.839+0000] {logging_mixin.py:190} INFO - [2025-05-17T06:52:50.836+0000] {dag.py:4180} INFO - Setting next_dagrun for dataset_alias_example_alias_consumer to None, run_after=None
[2025-05-17T06:52:50.853+0000] {logging_mixin.py:190} INFO - [2025-05-17T06:52:50.851+0000] {dag.py:4180} INFO - Setting next_dagrun for dataset_alias_example_alias_producer to None, run_after=None
[2025-05-17T06:52:50.893+0000] {logging_mixin.py:190} INFO - [2025-05-17T06:52:50.891+0000] {dag.py:4180} INFO - Setting next_dagrun for dataset_s3_bucket_consumer to None, run_after=None
[2025-05-17T06:52:50.938+0000] {logging_mixin.py:190} INFO - [2025-05-17T06:52:50.926+0000] {dag.py:4180} INFO - Setting next_dagrun for dataset_s3_bucket_producer to None, run_after=None
[2025-05-17T06:52:51.143+0000] {processor.py:208} INFO - Processing /home/airflow/.local/lib/python3.12/site-packages/airflow/example_dags/example_dataset_alias.py took 4.883 seconds
[2025-05-17T06:53:37.885+0000] {processor.py:186} INFO - Started process (PID=1799) to work on /home/airflow/.local/lib/python3.12/site-packages/airflow/example_dags/example_dataset_alias.py
[2025-05-17T06:53:37.890+0000] {processor.py:914} INFO - Processing file /home/airflow/.local/lib/python3.12/site-packages/airflow/example_dags/example_dataset_alias.py for tasks to queue
[2025-05-17T06:53:37.909+0000] {logging_mixin.py:190} INFO - [2025-05-17T06:53:37.908+0000] {dagbag.py:588} INFO - Filling up the DagBag from /home/airflow/.local/lib/python3.12/site-packages/airflow/example_dags/example_dataset_alias.py
[2025-05-17T06:53:41.619+0000] {processor.py:925} INFO - DAG(s) 'dataset_s3_bucket_producer', 'dataset_alias_example_alias_consumer', 'dataset_s3_bucket_consumer', 'dataset_alias_example_alias_producer' retrieved from /home/airflow/.local/lib/python3.12/site-packages/airflow/example_dags/example_dataset_alias.py
[2025-05-17T06:53:41.782+0000] {logging_mixin.py:190} INFO - [2025-05-17T06:53:41.780+0000] {dag.py:3239} INFO - Sync 4 DAGs
[2025-05-17T06:53:41.908+0000] {logging_mixin.py:190} INFO - [2025-05-17T06:53:41.907+0000] {dag.py:4180} INFO - Setting next_dagrun for dataset_alias_example_alias_consumer to None, run_after=None
[2025-05-17T06:53:41.917+0000] {logging_mixin.py:190} INFO - [2025-05-17T06:53:41.916+0000] {dag.py:4180} INFO - Setting next_dagrun for dataset_alias_example_alias_producer to None, run_after=None
[2025-05-17T06:53:41.929+0000] {logging_mixin.py:190} INFO - [2025-05-17T06:53:41.929+0000] {dag.py:4180} INFO - Setting next_dagrun for dataset_s3_bucket_consumer to None, run_after=None
[2025-05-17T06:53:41.939+0000] {logging_mixin.py:190} INFO - [2025-05-17T06:53:41.937+0000] {dag.py:4180} INFO - Setting next_dagrun for dataset_s3_bucket_producer to None, run_after=None
[2025-05-17T06:53:42.114+0000] {processor.py:208} INFO - Processing /home/airflow/.local/lib/python3.12/site-packages/airflow/example_dags/example_dataset_alias.py took 4.254 seconds
[2025-05-17T06:55:33.126+0000] {processor.py:186} INFO - Started process (PID=1905) to work on /home/airflow/.local/lib/python3.12/site-packages/airflow/example_dags/example_dataset_alias.py
[2025-05-17T06:55:33.138+0000] {processor.py:914} INFO - Processing file /home/airflow/.local/lib/python3.12/site-packages/airflow/example_dags/example_dataset_alias.py for tasks to queue
[2025-05-17T06:55:33.177+0000] {logging_mixin.py:190} INFO - [2025-05-17T06:55:33.176+0000] {dagbag.py:588} INFO - Filling up the DagBag from /home/airflow/.local/lib/python3.12/site-packages/airflow/example_dags/example_dataset_alias.py
[2025-05-17T06:55:37.275+0000] {processor.py:925} INFO - DAG(s) 'dataset_s3_bucket_consumer', 'dataset_alias_example_alias_consumer', 'dataset_s3_bucket_producer', 'dataset_alias_example_alias_producer' retrieved from /home/airflow/.local/lib/python3.12/site-packages/airflow/example_dags/example_dataset_alias.py
[2025-05-17T06:55:37.621+0000] {logging_mixin.py:190} INFO - [2025-05-17T06:55:37.596+0000] {dag.py:3239} INFO - Sync 4 DAGs
[2025-05-17T06:55:37.857+0000] {logging_mixin.py:190} INFO - [2025-05-17T06:55:37.855+0000] {dag.py:4180} INFO - Setting next_dagrun for dataset_alias_example_alias_consumer to None, run_after=None
[2025-05-17T06:55:37.901+0000] {logging_mixin.py:190} INFO - [2025-05-17T06:55:37.888+0000] {dag.py:4180} INFO - Setting next_dagrun for dataset_alias_example_alias_producer to None, run_after=None
[2025-05-17T06:55:37.947+0000] {logging_mixin.py:190} INFO - [2025-05-17T06:55:37.934+0000] {dag.py:4180} INFO - Setting next_dagrun for dataset_s3_bucket_consumer to None, run_after=None
[2025-05-17T06:55:37.970+0000] {logging_mixin.py:190} INFO - [2025-05-17T06:55:37.968+0000] {dag.py:4180} INFO - Setting next_dagrun for dataset_s3_bucket_producer to None, run_after=None
[2025-05-17T06:55:38.322+0000] {processor.py:208} INFO - Processing /home/airflow/.local/lib/python3.12/site-packages/airflow/example_dags/example_dataset_alias.py took 5.144 seconds
