[2025-05-17T06:25:20.026+0000] {processor.py:186} INFO - Started process (PID=113) to work on /home/airflow/.local/lib/python3.12/site-packages/airflow/example_dags/example_outlet_event_extra.py
[2025-05-17T06:25:20.031+0000] {processor.py:914} INFO - Processing file /home/airflow/.local/lib/python3.12/site-packages/airflow/example_dags/example_outlet_event_extra.py for tasks to queue
[2025-05-17T06:25:20.044+0000] {logging_mixin.py:190} INFO - [2025-05-17T06:25:20.043+0000] {dagbag.py:588} INFO - Filling up the DagBag from /home/airflow/.local/lib/python3.12/site-packages/airflow/example_dags/example_outlet_event_extra.py
[2025-05-17T06:25:22.663+0000] {processor.py:925} INFO - DAG(s) 'dataset_with_extra_by_context', 'dataset_with_extra_from_classic_operator', 'dataset_with_extra_by_yield' retrieved from /home/airflow/.local/lib/python3.12/site-packages/airflow/example_dags/example_outlet_event_extra.py
[2025-05-17T06:25:22.842+0000] {logging_mixin.py:190} INFO - [2025-05-17T06:25:22.841+0000] {dag.py:3239} INFO - Sync 3 DAGs
[2025-05-17T06:25:22.976+0000] {logging_mixin.py:190} INFO - [2025-05-17T06:25:22.975+0000] {dag.py:4180} INFO - Setting next_dagrun for dataset_with_extra_by_context to 2025-05-16 00:00:00+00:00, run_after=2025-05-17 00:00:00+00:00
[2025-05-17T06:25:23.007+0000] {logging_mixin.py:190} INFO - [2025-05-17T06:25:23.006+0000] {dag.py:4180} INFO - Setting next_dagrun for dataset_with_extra_by_yield to 2025-05-16 00:00:00+00:00, run_after=2025-05-17 00:00:00+00:00
[2025-05-17T06:25:23.024+0000] {logging_mixin.py:190} INFO - [2025-05-17T06:25:23.022+0000] {dag.py:4180} INFO - Setting next_dagrun for dataset_with_extra_from_classic_operator to 2025-05-16 00:00:00+00:00, run_after=2025-05-17 00:00:00+00:00
[2025-05-17T06:25:23.101+0000] {processor.py:208} INFO - Processing /home/airflow/.local/lib/python3.12/site-packages/airflow/example_dags/example_outlet_event_extra.py took 3.112 seconds
[2025-05-17T06:25:53.323+0000] {processor.py:186} INFO - Started process (PID=183) to work on /home/airflow/.local/lib/python3.12/site-packages/airflow/example_dags/example_outlet_event_extra.py
[2025-05-17T06:25:53.327+0000] {processor.py:914} INFO - Processing file /home/airflow/.local/lib/python3.12/site-packages/airflow/example_dags/example_outlet_event_extra.py for tasks to queue
[2025-05-17T06:25:53.333+0000] {logging_mixin.py:190} INFO - [2025-05-17T06:25:53.332+0000] {dagbag.py:588} INFO - Filling up the DagBag from /home/airflow/.local/lib/python3.12/site-packages/airflow/example_dags/example_outlet_event_extra.py
[2025-05-17T06:25:54.750+0000] {processor.py:925} INFO - DAG(s) 'dataset_with_extra_from_classic_operator', 'dataset_with_extra_by_context', 'dataset_with_extra_by_yield' retrieved from /home/airflow/.local/lib/python3.12/site-packages/airflow/example_dags/example_outlet_event_extra.py
[2025-05-17T06:25:54.815+0000] {logging_mixin.py:190} INFO - [2025-05-17T06:25:54.814+0000] {dag.py:3239} INFO - Sync 3 DAGs
[2025-05-17T06:25:54.891+0000] {logging_mixin.py:190} INFO - [2025-05-17T06:25:54.890+0000] {dag.py:4180} INFO - Setting next_dagrun for dataset_with_extra_by_context to 2025-05-16 00:00:00+00:00, run_after=2025-05-17 00:00:00+00:00
[2025-05-17T06:25:54.914+0000] {logging_mixin.py:190} INFO - [2025-05-17T06:25:54.913+0000] {dag.py:4180} INFO - Setting next_dagrun for dataset_with_extra_by_yield to 2025-05-16 00:00:00+00:00, run_after=2025-05-17 00:00:00+00:00
[2025-05-17T06:25:54.945+0000] {logging_mixin.py:190} INFO - [2025-05-17T06:25:54.941+0000] {dag.py:4180} INFO - Setting next_dagrun for dataset_with_extra_from_classic_operator to 2025-05-16 00:00:00+00:00, run_after=2025-05-17 00:00:00+00:00
[2025-05-17T06:25:55.081+0000] {processor.py:208} INFO - Processing /home/airflow/.local/lib/python3.12/site-packages/airflow/example_dags/example_outlet_event_extra.py took 1.773 seconds
[2025-05-17T06:34:05.584+0000] {processor.py:186} INFO - Started process (PID=110) to work on /home/airflow/.local/lib/python3.12/site-packages/airflow/example_dags/example_outlet_event_extra.py
[2025-05-17T06:34:05.591+0000] {processor.py:914} INFO - Processing file /home/airflow/.local/lib/python3.12/site-packages/airflow/example_dags/example_outlet_event_extra.py for tasks to queue
[2025-05-17T06:34:05.610+0000] {logging_mixin.py:190} INFO - [2025-05-17T06:34:05.607+0000] {dagbag.py:588} INFO - Filling up the DagBag from /home/airflow/.local/lib/python3.12/site-packages/airflow/example_dags/example_outlet_event_extra.py
[2025-05-17T06:34:07.589+0000] {processor.py:925} INFO - DAG(s) 'dataset_with_extra_by_context', 'dataset_with_extra_from_classic_operator', 'dataset_with_extra_by_yield' retrieved from /home/airflow/.local/lib/python3.12/site-packages/airflow/example_dags/example_outlet_event_extra.py
[2025-05-17T06:34:07.930+0000] {logging_mixin.py:190} INFO - [2025-05-17T06:34:07.930+0000] {dag.py:3239} INFO - Sync 3 DAGs
[2025-05-17T06:34:08.317+0000] {logging_mixin.py:190} INFO - [2025-05-17T06:34:08.317+0000] {dag.py:4180} INFO - Setting next_dagrun for dataset_with_extra_by_context to 2025-05-16 00:00:00+00:00, run_after=2025-05-17 00:00:00+00:00
[2025-05-17T06:34:08.384+0000] {logging_mixin.py:190} INFO - [2025-05-17T06:34:08.384+0000] {dag.py:4180} INFO - Setting next_dagrun for dataset_with_extra_by_yield to 2025-05-16 00:00:00+00:00, run_after=2025-05-17 00:00:00+00:00
[2025-05-17T06:34:08.424+0000] {logging_mixin.py:190} INFO - [2025-05-17T06:34:08.424+0000] {dag.py:4180} INFO - Setting next_dagrun for dataset_with_extra_from_classic_operator to 2025-05-16 00:00:00+00:00, run_after=2025-05-17 00:00:00+00:00
[2025-05-17T06:34:08.583+0000] {processor.py:208} INFO - Processing /home/airflow/.local/lib/python3.12/site-packages/airflow/example_dags/example_outlet_event_extra.py took 3.023 seconds
[2025-05-17T06:34:40.660+0000] {processor.py:186} INFO - Started process (PID=177) to work on /home/airflow/.local/lib/python3.12/site-packages/airflow/example_dags/example_outlet_event_extra.py
[2025-05-17T06:34:40.665+0000] {processor.py:914} INFO - Processing file /home/airflow/.local/lib/python3.12/site-packages/airflow/example_dags/example_outlet_event_extra.py for tasks to queue
[2025-05-17T06:34:40.673+0000] {logging_mixin.py:190} INFO - [2025-05-17T06:34:40.672+0000] {dagbag.py:588} INFO - Filling up the DagBag from /home/airflow/.local/lib/python3.12/site-packages/airflow/example_dags/example_outlet_event_extra.py
[2025-05-17T06:34:43.212+0000] {processor.py:925} INFO - DAG(s) 'dataset_with_extra_by_context', 'dataset_with_extra_from_classic_operator', 'dataset_with_extra_by_yield' retrieved from /home/airflow/.local/lib/python3.12/site-packages/airflow/example_dags/example_outlet_event_extra.py
[2025-05-17T06:34:43.350+0000] {logging_mixin.py:190} INFO - [2025-05-17T06:34:43.349+0000] {dag.py:3239} INFO - Sync 3 DAGs
[2025-05-17T06:34:43.476+0000] {logging_mixin.py:190} INFO - [2025-05-17T06:34:43.475+0000] {dag.py:4180} INFO - Setting next_dagrun for dataset_with_extra_by_context to 2025-05-16 00:00:00+00:00, run_after=2025-05-17 00:00:00+00:00
[2025-05-17T06:34:43.507+0000] {logging_mixin.py:190} INFO - [2025-05-17T06:34:43.506+0000] {dag.py:4180} INFO - Setting next_dagrun for dataset_with_extra_by_yield to 2025-05-16 00:00:00+00:00, run_after=2025-05-17 00:00:00+00:00
[2025-05-17T06:34:43.531+0000] {logging_mixin.py:190} INFO - [2025-05-17T06:34:43.531+0000] {dag.py:4180} INFO - Setting next_dagrun for dataset_with_extra_from_classic_operator to 2025-05-16 00:00:00+00:00, run_after=2025-05-17 00:00:00+00:00
[2025-05-17T06:34:43.668+0000] {processor.py:208} INFO - Processing /home/airflow/.local/lib/python3.12/site-packages/airflow/example_dags/example_outlet_event_extra.py took 3.028 seconds
[2025-05-17T06:35:14.163+0000] {processor.py:186} INFO - Started process (PID=244) to work on /home/airflow/.local/lib/python3.12/site-packages/airflow/example_dags/example_outlet_event_extra.py
[2025-05-17T06:35:14.167+0000] {processor.py:914} INFO - Processing file /home/airflow/.local/lib/python3.12/site-packages/airflow/example_dags/example_outlet_event_extra.py for tasks to queue
[2025-05-17T06:35:14.177+0000] {logging_mixin.py:190} INFO - [2025-05-17T06:35:14.176+0000] {dagbag.py:588} INFO - Filling up the DagBag from /home/airflow/.local/lib/python3.12/site-packages/airflow/example_dags/example_outlet_event_extra.py
[2025-05-17T06:35:17.234+0000] {processor.py:925} INFO - DAG(s) 'dataset_with_extra_by_context', 'dataset_with_extra_by_yield', 'dataset_with_extra_from_classic_operator' retrieved from /home/airflow/.local/lib/python3.12/site-packages/airflow/example_dags/example_outlet_event_extra.py
[2025-05-17T06:35:17.346+0000] {logging_mixin.py:190} INFO - [2025-05-17T06:35:17.345+0000] {dag.py:3239} INFO - Sync 3 DAGs
[2025-05-17T06:35:17.464+0000] {logging_mixin.py:190} INFO - [2025-05-17T06:35:17.463+0000] {dag.py:4180} INFO - Setting next_dagrun for dataset_with_extra_by_context to 2025-05-16 00:00:00+00:00, run_after=2025-05-17 00:00:00+00:00
[2025-05-17T06:35:17.491+0000] {logging_mixin.py:190} INFO - [2025-05-17T06:35:17.491+0000] {dag.py:4180} INFO - Setting next_dagrun for dataset_with_extra_by_yield to 2025-05-16 00:00:00+00:00, run_after=2025-05-17 00:00:00+00:00
[2025-05-17T06:35:17.510+0000] {logging_mixin.py:190} INFO - [2025-05-17T06:35:17.509+0000] {dag.py:4180} INFO - Setting next_dagrun for dataset_with_extra_from_classic_operator to 2025-05-16 00:00:00+00:00, run_after=2025-05-17 00:00:00+00:00
[2025-05-17T06:35:17.673+0000] {processor.py:208} INFO - Processing /home/airflow/.local/lib/python3.12/site-packages/airflow/example_dags/example_outlet_event_extra.py took 3.536 seconds
[2025-05-17T06:36:49.480+0000] {processor.py:186} INFO - Started process (PID=321) to work on /home/airflow/.local/lib/python3.12/site-packages/airflow/example_dags/example_outlet_event_extra.py
[2025-05-17T06:36:49.483+0000] {processor.py:914} INFO - Processing file /home/airflow/.local/lib/python3.12/site-packages/airflow/example_dags/example_outlet_event_extra.py for tasks to queue
[2025-05-17T06:36:49.487+0000] {logging_mixin.py:190} INFO - [2025-05-17T06:36:49.486+0000] {dagbag.py:588} INFO - Filling up the DagBag from /home/airflow/.local/lib/python3.12/site-packages/airflow/example_dags/example_outlet_event_extra.py
[2025-05-17T06:36:50.492+0000] {processor.py:925} INFO - DAG(s) 'dataset_with_extra_from_classic_operator', 'dataset_with_extra_by_yield', 'dataset_with_extra_by_context' retrieved from /home/airflow/.local/lib/python3.12/site-packages/airflow/example_dags/example_outlet_event_extra.py
[2025-05-17T06:36:50.543+0000] {logging_mixin.py:190} INFO - [2025-05-17T06:36:50.542+0000] {dag.py:3239} INFO - Sync 3 DAGs
[2025-05-17T06:36:50.587+0000] {logging_mixin.py:190} INFO - [2025-05-17T06:36:50.586+0000] {dag.py:4180} INFO - Setting next_dagrun for dataset_with_extra_by_context to 2025-05-16 00:00:00+00:00, run_after=2025-05-17 00:00:00+00:00
[2025-05-17T06:36:50.597+0000] {logging_mixin.py:190} INFO - [2025-05-17T06:36:50.597+0000] {dag.py:4180} INFO - Setting next_dagrun for dataset_with_extra_by_yield to 2025-05-16 00:00:00+00:00, run_after=2025-05-17 00:00:00+00:00
[2025-05-17T06:36:50.602+0000] {logging_mixin.py:190} INFO - [2025-05-17T06:36:50.602+0000] {dag.py:4180} INFO - Setting next_dagrun for dataset_with_extra_from_classic_operator to 2025-05-16 00:00:00+00:00, run_after=2025-05-17 00:00:00+00:00
[2025-05-17T06:36:50.642+0000] {processor.py:208} INFO - Processing /home/airflow/.local/lib/python3.12/site-packages/airflow/example_dags/example_outlet_event_extra.py took 1.173 seconds
[2025-05-17T06:37:21.870+0000] {processor.py:186} INFO - Started process (PID=387) to work on /home/airflow/.local/lib/python3.12/site-packages/airflow/example_dags/example_outlet_event_extra.py
[2025-05-17T06:37:21.872+0000] {processor.py:914} INFO - Processing file /home/airflow/.local/lib/python3.12/site-packages/airflow/example_dags/example_outlet_event_extra.py for tasks to queue
[2025-05-17T06:37:21.877+0000] {logging_mixin.py:190} INFO - [2025-05-17T06:37:21.877+0000] {dagbag.py:588} INFO - Filling up the DagBag from /home/airflow/.local/lib/python3.12/site-packages/airflow/example_dags/example_outlet_event_extra.py
[2025-05-17T06:37:22.971+0000] {processor.py:925} INFO - DAG(s) 'dataset_with_extra_from_classic_operator', 'dataset_with_extra_by_yield', 'dataset_with_extra_by_context' retrieved from /home/airflow/.local/lib/python3.12/site-packages/airflow/example_dags/example_outlet_event_extra.py
[2025-05-17T06:37:23.024+0000] {logging_mixin.py:190} INFO - [2025-05-17T06:37:23.023+0000] {dag.py:3239} INFO - Sync 3 DAGs
[2025-05-17T06:37:23.066+0000] {logging_mixin.py:190} INFO - [2025-05-17T06:37:23.066+0000] {dag.py:4180} INFO - Setting next_dagrun for dataset_with_extra_by_context to 2025-05-16 00:00:00+00:00, run_after=2025-05-17 00:00:00+00:00
[2025-05-17T06:37:23.077+0000] {logging_mixin.py:190} INFO - [2025-05-17T06:37:23.077+0000] {dag.py:4180} INFO - Setting next_dagrun for dataset_with_extra_by_yield to 2025-05-16 00:00:00+00:00, run_after=2025-05-17 00:00:00+00:00
[2025-05-17T06:37:23.085+0000] {logging_mixin.py:190} INFO - [2025-05-17T06:37:23.085+0000] {dag.py:4180} INFO - Setting next_dagrun for dataset_with_extra_from_classic_operator to 2025-05-16 00:00:00+00:00, run_after=2025-05-17 00:00:00+00:00
[2025-05-17T06:37:23.135+0000] {processor.py:208} INFO - Processing /home/airflow/.local/lib/python3.12/site-packages/airflow/example_dags/example_outlet_event_extra.py took 1.276 seconds
[2025-05-17T06:37:59.278+0000] {processor.py:186} INFO - Started process (PID=455) to work on /home/airflow/.local/lib/python3.12/site-packages/airflow/example_dags/example_outlet_event_extra.py
[2025-05-17T06:37:59.283+0000] {processor.py:914} INFO - Processing file /home/airflow/.local/lib/python3.12/site-packages/airflow/example_dags/example_outlet_event_extra.py for tasks to queue
[2025-05-17T06:37:59.292+0000] {logging_mixin.py:190} INFO - [2025-05-17T06:37:59.290+0000] {dagbag.py:588} INFO - Filling up the DagBag from /home/airflow/.local/lib/python3.12/site-packages/airflow/example_dags/example_outlet_event_extra.py
[2025-05-17T06:38:01.319+0000] {processor.py:925} INFO - DAG(s) 'dataset_with_extra_by_context', 'dataset_with_extra_from_classic_operator', 'dataset_with_extra_by_yield' retrieved from /home/airflow/.local/lib/python3.12/site-packages/airflow/example_dags/example_outlet_event_extra.py
[2025-05-17T06:38:01.482+0000] {logging_mixin.py:190} INFO - [2025-05-17T06:38:01.482+0000] {dag.py:3239} INFO - Sync 3 DAGs
[2025-05-17T06:38:01.604+0000] {logging_mixin.py:190} INFO - [2025-05-17T06:38:01.603+0000] {dag.py:4180} INFO - Setting next_dagrun for dataset_with_extra_by_context to 2025-05-16 00:00:00+00:00, run_after=2025-05-17 00:00:00+00:00
[2025-05-17T06:38:01.621+0000] {logging_mixin.py:190} INFO - [2025-05-17T06:38:01.620+0000] {dag.py:4180} INFO - Setting next_dagrun for dataset_with_extra_by_yield to 2025-05-16 00:00:00+00:00, run_after=2025-05-17 00:00:00+00:00
[2025-05-17T06:38:01.632+0000] {logging_mixin.py:190} INFO - [2025-05-17T06:38:01.630+0000] {dag.py:4180} INFO - Setting next_dagrun for dataset_with_extra_from_classic_operator to 2025-05-16 00:00:00+00:00, run_after=2025-05-17 00:00:00+00:00
[2025-05-17T06:38:01.763+0000] {processor.py:208} INFO - Processing /home/airflow/.local/lib/python3.12/site-packages/airflow/example_dags/example_outlet_event_extra.py took 2.502 seconds
[2025-05-17T06:38:37.490+0000] {processor.py:186} INFO - Started process (PID=519) to work on /home/airflow/.local/lib/python3.12/site-packages/airflow/example_dags/example_outlet_event_extra.py
[2025-05-17T06:38:37.502+0000] {processor.py:914} INFO - Processing file /home/airflow/.local/lib/python3.12/site-packages/airflow/example_dags/example_outlet_event_extra.py for tasks to queue
[2025-05-17T06:38:37.535+0000] {logging_mixin.py:190} INFO - [2025-05-17T06:38:37.534+0000] {dagbag.py:588} INFO - Filling up the DagBag from /home/airflow/.local/lib/python3.12/site-packages/airflow/example_dags/example_outlet_event_extra.py
[2025-05-17T06:38:40.373+0000] {processor.py:925} INFO - DAG(s) 'dataset_with_extra_from_classic_operator', 'dataset_with_extra_by_context', 'dataset_with_extra_by_yield' retrieved from /home/airflow/.local/lib/python3.12/site-packages/airflow/example_dags/example_outlet_event_extra.py
[2025-05-17T06:38:40.708+0000] {logging_mixin.py:190} INFO - [2025-05-17T06:38:40.696+0000] {dag.py:3239} INFO - Sync 3 DAGs
[2025-05-17T06:38:41.145+0000] {logging_mixin.py:190} INFO - [2025-05-17T06:38:41.144+0000] {dag.py:4180} INFO - Setting next_dagrun for dataset_with_extra_by_context to 2025-05-16 00:00:00+00:00, run_after=2025-05-17 00:00:00+00:00
[2025-05-17T06:38:41.341+0000] {logging_mixin.py:190} INFO - [2025-05-17T06:38:41.340+0000] {dag.py:4180} INFO - Setting next_dagrun for dataset_with_extra_by_yield to 2025-05-16 00:00:00+00:00, run_after=2025-05-17 00:00:00+00:00
[2025-05-17T06:38:41.366+0000] {logging_mixin.py:190} INFO - [2025-05-17T06:38:41.365+0000] {dag.py:4180} INFO - Setting next_dagrun for dataset_with_extra_from_classic_operator to 2025-05-16 00:00:00+00:00, run_after=2025-05-17 00:00:00+00:00
[2025-05-17T06:38:41.562+0000] {processor.py:208} INFO - Processing /home/airflow/.local/lib/python3.12/site-packages/airflow/example_dags/example_outlet_event_extra.py took 4.093 seconds
[2025-05-17T06:39:22.269+0000] {processor.py:186} INFO - Started process (PID=592) to work on /home/airflow/.local/lib/python3.12/site-packages/airflow/example_dags/example_outlet_event_extra.py
[2025-05-17T06:39:22.274+0000] {processor.py:914} INFO - Processing file /home/airflow/.local/lib/python3.12/site-packages/airflow/example_dags/example_outlet_event_extra.py for tasks to queue
[2025-05-17T06:39:22.282+0000] {logging_mixin.py:190} INFO - [2025-05-17T06:39:22.281+0000] {dagbag.py:588} INFO - Filling up the DagBag from /home/airflow/.local/lib/python3.12/site-packages/airflow/example_dags/example_outlet_event_extra.py
[2025-05-17T06:39:24.980+0000] {processor.py:925} INFO - DAG(s) 'dataset_with_extra_by_context', 'dataset_with_extra_from_classic_operator', 'dataset_with_extra_by_yield' retrieved from /home/airflow/.local/lib/python3.12/site-packages/airflow/example_dags/example_outlet_event_extra.py
[2025-05-17T06:39:25.135+0000] {logging_mixin.py:190} INFO - [2025-05-17T06:39:25.134+0000] {dag.py:3239} INFO - Sync 3 DAGs
[2025-05-17T06:39:25.275+0000] {logging_mixin.py:190} INFO - [2025-05-17T06:39:25.274+0000] {dag.py:4180} INFO - Setting next_dagrun for dataset_with_extra_by_context to 2025-05-16 00:00:00+00:00, run_after=2025-05-17 00:00:00+00:00
[2025-05-17T06:39:25.308+0000] {logging_mixin.py:190} INFO - [2025-05-17T06:39:25.305+0000] {dag.py:4180} INFO - Setting next_dagrun for dataset_with_extra_by_yield to 2025-05-16 00:00:00+00:00, run_after=2025-05-17 00:00:00+00:00
[2025-05-17T06:39:25.331+0000] {logging_mixin.py:190} INFO - [2025-05-17T06:39:25.330+0000] {dag.py:4180} INFO - Setting next_dagrun for dataset_with_extra_from_classic_operator to 2025-05-16 00:00:00+00:00, run_after=2025-05-17 00:00:00+00:00
[2025-05-17T06:39:25.449+0000] {processor.py:208} INFO - Processing /home/airflow/.local/lib/python3.12/site-packages/airflow/example_dags/example_outlet_event_extra.py took 3.202 seconds
[2025-05-17T06:39:55.892+0000] {processor.py:186} INFO - Started process (PID=661) to work on /home/airflow/.local/lib/python3.12/site-packages/airflow/example_dags/example_outlet_event_extra.py
[2025-05-17T06:39:55.895+0000] {processor.py:914} INFO - Processing file /home/airflow/.local/lib/python3.12/site-packages/airflow/example_dags/example_outlet_event_extra.py for tasks to queue
[2025-05-17T06:39:55.900+0000] {logging_mixin.py:190} INFO - [2025-05-17T06:39:55.900+0000] {dagbag.py:588} INFO - Filling up the DagBag from /home/airflow/.local/lib/python3.12/site-packages/airflow/example_dags/example_outlet_event_extra.py
[2025-05-17T06:39:56.795+0000] {processor.py:925} INFO - DAG(s) 'dataset_with_extra_by_yield', 'dataset_with_extra_from_classic_operator', 'dataset_with_extra_by_context' retrieved from /home/airflow/.local/lib/python3.12/site-packages/airflow/example_dags/example_outlet_event_extra.py
[2025-05-17T06:39:56.839+0000] {logging_mixin.py:190} INFO - [2025-05-17T06:39:56.839+0000] {dag.py:3239} INFO - Sync 3 DAGs
[2025-05-17T06:39:56.885+0000] {logging_mixin.py:190} INFO - [2025-05-17T06:39:56.885+0000] {dag.py:4180} INFO - Setting next_dagrun for dataset_with_extra_by_context to 2025-05-16 00:00:00+00:00, run_after=2025-05-17 00:00:00+00:00
[2025-05-17T06:39:56.895+0000] {logging_mixin.py:190} INFO - [2025-05-17T06:39:56.894+0000] {dag.py:4180} INFO - Setting next_dagrun for dataset_with_extra_by_yield to 2025-05-16 00:00:00+00:00, run_after=2025-05-17 00:00:00+00:00
[2025-05-17T06:39:56.900+0000] {logging_mixin.py:190} INFO - [2025-05-17T06:39:56.900+0000] {dag.py:4180} INFO - Setting next_dagrun for dataset_with_extra_from_classic_operator to 2025-05-16 00:00:00+00:00, run_after=2025-05-17 00:00:00+00:00
[2025-05-17T06:39:56.947+0000] {processor.py:208} INFO - Processing /home/airflow/.local/lib/python3.12/site-packages/airflow/example_dags/example_outlet_event_extra.py took 1.068 seconds
[2025-05-17T06:40:32.936+0000] {processor.py:186} INFO - Started process (PID=718) to work on /home/airflow/.local/lib/python3.12/site-packages/airflow/example_dags/example_outlet_event_extra.py
[2025-05-17T06:40:32.940+0000] {processor.py:914} INFO - Processing file /home/airflow/.local/lib/python3.12/site-packages/airflow/example_dags/example_outlet_event_extra.py for tasks to queue
[2025-05-17T06:40:32.962+0000] {logging_mixin.py:190} INFO - [2025-05-17T06:40:32.961+0000] {dagbag.py:588} INFO - Filling up the DagBag from /home/airflow/.local/lib/python3.12/site-packages/airflow/example_dags/example_outlet_event_extra.py
[2025-05-17T06:40:36.659+0000] {processor.py:925} INFO - DAG(s) 'dataset_with_extra_by_yield', 'dataset_with_extra_by_context', 'dataset_with_extra_from_classic_operator' retrieved from /home/airflow/.local/lib/python3.12/site-packages/airflow/example_dags/example_outlet_event_extra.py
[2025-05-17T06:40:37.137+0000] {logging_mixin.py:190} INFO - [2025-05-17T06:40:37.134+0000] {dag.py:3239} INFO - Sync 3 DAGs
[2025-05-17T06:40:37.470+0000] {logging_mixin.py:190} INFO - [2025-05-17T06:40:37.457+0000] {dag.py:4180} INFO - Setting next_dagrun for dataset_with_extra_by_context to 2025-05-16 00:00:00+00:00, run_after=2025-05-17 00:00:00+00:00
[2025-05-17T06:40:37.547+0000] {logging_mixin.py:190} INFO - [2025-05-17T06:40:37.545+0000] {dag.py:4180} INFO - Setting next_dagrun for dataset_with_extra_by_yield to 2025-05-16 00:00:00+00:00, run_after=2025-05-17 00:00:00+00:00
[2025-05-17T06:40:37.604+0000] {logging_mixin.py:190} INFO - [2025-05-17T06:40:37.602+0000] {dag.py:4180} INFO - Setting next_dagrun for dataset_with_extra_from_classic_operator to 2025-05-16 00:00:00+00:00, run_after=2025-05-17 00:00:00+00:00
[2025-05-17T06:40:37.872+0000] {processor.py:208} INFO - Processing /home/airflow/.local/lib/python3.12/site-packages/airflow/example_dags/example_outlet_event_extra.py took 5.012 seconds
[2025-05-17T06:41:11.985+0000] {processor.py:186} INFO - Started process (PID=780) to work on /home/airflow/.local/lib/python3.12/site-packages/airflow/example_dags/example_outlet_event_extra.py
[2025-05-17T06:41:11.992+0000] {processor.py:914} INFO - Processing file /home/airflow/.local/lib/python3.12/site-packages/airflow/example_dags/example_outlet_event_extra.py for tasks to queue
[2025-05-17T06:41:12.004+0000] {logging_mixin.py:190} INFO - [2025-05-17T06:41:12.003+0000] {dagbag.py:588} INFO - Filling up the DagBag from /home/airflow/.local/lib/python3.12/site-packages/airflow/example_dags/example_outlet_event_extra.py
[2025-05-17T06:41:14.428+0000] {processor.py:925} INFO - DAG(s) 'dataset_with_extra_by_yield', 'dataset_with_extra_by_context', 'dataset_with_extra_from_classic_operator' retrieved from /home/airflow/.local/lib/python3.12/site-packages/airflow/example_dags/example_outlet_event_extra.py
[2025-05-17T06:41:14.605+0000] {logging_mixin.py:190} INFO - [2025-05-17T06:41:14.603+0000] {dag.py:3239} INFO - Sync 3 DAGs
[2025-05-17T06:41:14.759+0000] {logging_mixin.py:190} INFO - [2025-05-17T06:41:14.759+0000] {dag.py:4180} INFO - Setting next_dagrun for dataset_with_extra_by_context to 2025-05-16 00:00:00+00:00, run_after=2025-05-17 00:00:00+00:00
[2025-05-17T06:41:14.777+0000] {logging_mixin.py:190} INFO - [2025-05-17T06:41:14.776+0000] {dag.py:4180} INFO - Setting next_dagrun for dataset_with_extra_by_yield to 2025-05-16 00:00:00+00:00, run_after=2025-05-17 00:00:00+00:00
[2025-05-17T06:41:14.787+0000] {logging_mixin.py:190} INFO - [2025-05-17T06:41:14.786+0000] {dag.py:4180} INFO - Setting next_dagrun for dataset_with_extra_from_classic_operator to 2025-05-16 00:00:00+00:00, run_after=2025-05-17 00:00:00+00:00
[2025-05-17T06:41:14.902+0000] {processor.py:208} INFO - Processing /home/airflow/.local/lib/python3.12/site-packages/airflow/example_dags/example_outlet_event_extra.py took 2.937 seconds
[2025-05-17T06:41:58.379+0000] {processor.py:186} INFO - Started process (PID=858) to work on /home/airflow/.local/lib/python3.12/site-packages/airflow/example_dags/example_outlet_event_extra.py
[2025-05-17T06:41:58.407+0000] {processor.py:914} INFO - Processing file /home/airflow/.local/lib/python3.12/site-packages/airflow/example_dags/example_outlet_event_extra.py for tasks to queue
[2025-05-17T06:41:58.423+0000] {logging_mixin.py:190} INFO - [2025-05-17T06:41:58.421+0000] {dagbag.py:588} INFO - Filling up the DagBag from /home/airflow/.local/lib/python3.12/site-packages/airflow/example_dags/example_outlet_event_extra.py
[2025-05-17T06:42:01.014+0000] {processor.py:925} INFO - DAG(s) 'dataset_with_extra_from_classic_operator', 'dataset_with_extra_by_yield', 'dataset_with_extra_by_context' retrieved from /home/airflow/.local/lib/python3.12/site-packages/airflow/example_dags/example_outlet_event_extra.py
[2025-05-17T06:42:01.092+0000] {logging_mixin.py:190} INFO - [2025-05-17T06:42:01.091+0000] {dag.py:3239} INFO - Sync 3 DAGs
[2025-05-17T06:42:01.165+0000] {logging_mixin.py:190} INFO - [2025-05-17T06:42:01.164+0000] {dag.py:4180} INFO - Setting next_dagrun for dataset_with_extra_by_context to 2025-05-16 00:00:00+00:00, run_after=2025-05-17 00:00:00+00:00
[2025-05-17T06:42:01.184+0000] {logging_mixin.py:190} INFO - [2025-05-17T06:42:01.183+0000] {dag.py:4180} INFO - Setting next_dagrun for dataset_with_extra_by_yield to 2025-05-16 00:00:00+00:00, run_after=2025-05-17 00:00:00+00:00
[2025-05-17T06:42:01.193+0000] {logging_mixin.py:190} INFO - [2025-05-17T06:42:01.193+0000] {dag.py:4180} INFO - Setting next_dagrun for dataset_with_extra_from_classic_operator to 2025-05-16 00:00:00+00:00, run_after=2025-05-17 00:00:00+00:00
[2025-05-17T06:42:01.301+0000] {processor.py:208} INFO - Processing /home/airflow/.local/lib/python3.12/site-packages/airflow/example_dags/example_outlet_event_extra.py took 3.049 seconds
[2025-05-17T06:42:32.355+0000] {processor.py:186} INFO - Started process (PID=927) to work on /home/airflow/.local/lib/python3.12/site-packages/airflow/example_dags/example_outlet_event_extra.py
[2025-05-17T06:42:32.358+0000] {processor.py:914} INFO - Processing file /home/airflow/.local/lib/python3.12/site-packages/airflow/example_dags/example_outlet_event_extra.py for tasks to queue
[2025-05-17T06:42:32.366+0000] {logging_mixin.py:190} INFO - [2025-05-17T06:42:32.365+0000] {dagbag.py:588} INFO - Filling up the DagBag from /home/airflow/.local/lib/python3.12/site-packages/airflow/example_dags/example_outlet_event_extra.py
[2025-05-17T06:42:34.072+0000] {processor.py:925} INFO - DAG(s) 'dataset_with_extra_from_classic_operator', 'dataset_with_extra_by_yield', 'dataset_with_extra_by_context' retrieved from /home/airflow/.local/lib/python3.12/site-packages/airflow/example_dags/example_outlet_event_extra.py
[2025-05-17T06:42:34.146+0000] {logging_mixin.py:190} INFO - [2025-05-17T06:42:34.145+0000] {dag.py:3239} INFO - Sync 3 DAGs
[2025-05-17T06:42:34.215+0000] {logging_mixin.py:190} INFO - [2025-05-17T06:42:34.214+0000] {dag.py:4180} INFO - Setting next_dagrun for dataset_with_extra_by_context to 2025-05-16 00:00:00+00:00, run_after=2025-05-17 00:00:00+00:00
[2025-05-17T06:42:34.232+0000] {logging_mixin.py:190} INFO - [2025-05-17T06:42:34.231+0000] {dag.py:4180} INFO - Setting next_dagrun for dataset_with_extra_by_yield to 2025-05-16 00:00:00+00:00, run_after=2025-05-17 00:00:00+00:00
[2025-05-17T06:42:34.240+0000] {logging_mixin.py:190} INFO - [2025-05-17T06:42:34.239+0000] {dag.py:4180} INFO - Setting next_dagrun for dataset_with_extra_from_classic_operator to 2025-05-16 00:00:00+00:00, run_after=2025-05-17 00:00:00+00:00
[2025-05-17T06:42:34.294+0000] {processor.py:208} INFO - Processing /home/airflow/.local/lib/python3.12/site-packages/airflow/example_dags/example_outlet_event_extra.py took 1.955 seconds
[2025-05-17T06:43:12.786+0000] {processor.py:186} INFO - Started process (PID=995) to work on /home/airflow/.local/lib/python3.12/site-packages/airflow/example_dags/example_outlet_event_extra.py
[2025-05-17T06:43:12.790+0000] {processor.py:914} INFO - Processing file /home/airflow/.local/lib/python3.12/site-packages/airflow/example_dags/example_outlet_event_extra.py for tasks to queue
[2025-05-17T06:43:12.802+0000] {logging_mixin.py:190} INFO - [2025-05-17T06:43:12.801+0000] {dagbag.py:588} INFO - Filling up the DagBag from /home/airflow/.local/lib/python3.12/site-packages/airflow/example_dags/example_outlet_event_extra.py
[2025-05-17T06:43:15.600+0000] {processor.py:925} INFO - DAG(s) 'dataset_with_extra_by_context', 'dataset_with_extra_from_classic_operator', 'dataset_with_extra_by_yield' retrieved from /home/airflow/.local/lib/python3.12/site-packages/airflow/example_dags/example_outlet_event_extra.py
[2025-05-17T06:43:15.710+0000] {logging_mixin.py:190} INFO - [2025-05-17T06:43:15.709+0000] {dag.py:3239} INFO - Sync 3 DAGs
[2025-05-17T06:43:15.811+0000] {logging_mixin.py:190} INFO - [2025-05-17T06:43:15.810+0000] {dag.py:4180} INFO - Setting next_dagrun for dataset_with_extra_by_context to 2025-05-16 00:00:00+00:00, run_after=2025-05-17 00:00:00+00:00
[2025-05-17T06:43:15.833+0000] {logging_mixin.py:190} INFO - [2025-05-17T06:43:15.832+0000] {dag.py:4180} INFO - Setting next_dagrun for dataset_with_extra_by_yield to 2025-05-16 00:00:00+00:00, run_after=2025-05-17 00:00:00+00:00
[2025-05-17T06:43:15.841+0000] {logging_mixin.py:190} INFO - [2025-05-17T06:43:15.841+0000] {dag.py:4180} INFO - Setting next_dagrun for dataset_with_extra_from_classic_operator to 2025-05-16 00:00:00+00:00, run_after=2025-05-17 00:00:00+00:00
[2025-05-17T06:43:15.917+0000] {processor.py:208} INFO - Processing /home/airflow/.local/lib/python3.12/site-packages/airflow/example_dags/example_outlet_event_extra.py took 3.158 seconds
[2025-05-17T06:43:50.867+0000] {processor.py:186} INFO - Started process (PID=1062) to work on /home/airflow/.local/lib/python3.12/site-packages/airflow/example_dags/example_outlet_event_extra.py
[2025-05-17T06:43:50.886+0000] {processor.py:914} INFO - Processing file /home/airflow/.local/lib/python3.12/site-packages/airflow/example_dags/example_outlet_event_extra.py for tasks to queue
[2025-05-17T06:43:50.905+0000] {logging_mixin.py:190} INFO - [2025-05-17T06:43:50.903+0000] {dagbag.py:588} INFO - Filling up the DagBag from /home/airflow/.local/lib/python3.12/site-packages/airflow/example_dags/example_outlet_event_extra.py
[2025-05-17T06:43:55.554+0000] {processor.py:925} INFO - DAG(s) 'dataset_with_extra_by_context', 'dataset_with_extra_by_yield', 'dataset_with_extra_from_classic_operator' retrieved from /home/airflow/.local/lib/python3.12/site-packages/airflow/example_dags/example_outlet_event_extra.py
[2025-05-17T06:43:55.781+0000] {logging_mixin.py:190} INFO - [2025-05-17T06:43:55.780+0000] {dag.py:3239} INFO - Sync 3 DAGs
[2025-05-17T06:43:55.896+0000] {logging_mixin.py:190} INFO - [2025-05-17T06:43:55.895+0000] {dag.py:4180} INFO - Setting next_dagrun for dataset_with_extra_by_context to 2025-05-16 00:00:00+00:00, run_after=2025-05-17 00:00:00+00:00
[2025-05-17T06:43:55.924+0000] {logging_mixin.py:190} INFO - [2025-05-17T06:43:55.923+0000] {dag.py:4180} INFO - Setting next_dagrun for dataset_with_extra_by_yield to 2025-05-16 00:00:00+00:00, run_after=2025-05-17 00:00:00+00:00
[2025-05-17T06:43:55.957+0000] {logging_mixin.py:190} INFO - [2025-05-17T06:43:55.956+0000] {dag.py:4180} INFO - Setting next_dagrun for dataset_with_extra_from_classic_operator to 2025-05-16 00:00:00+00:00, run_after=2025-05-17 00:00:00+00:00
[2025-05-17T06:43:56.107+0000] {processor.py:208} INFO - Processing /home/airflow/.local/lib/python3.12/site-packages/airflow/example_dags/example_outlet_event_extra.py took 5.262 seconds
[2025-05-17T06:44:30.640+0000] {processor.py:186} INFO - Started process (PID=1131) to work on /home/airflow/.local/lib/python3.12/site-packages/airflow/example_dags/example_outlet_event_extra.py
[2025-05-17T06:44:30.645+0000] {processor.py:914} INFO - Processing file /home/airflow/.local/lib/python3.12/site-packages/airflow/example_dags/example_outlet_event_extra.py for tasks to queue
[2025-05-17T06:44:30.661+0000] {logging_mixin.py:190} INFO - [2025-05-17T06:44:30.659+0000] {dagbag.py:588} INFO - Filling up the DagBag from /home/airflow/.local/lib/python3.12/site-packages/airflow/example_dags/example_outlet_event_extra.py
[2025-05-17T06:44:35.032+0000] {processor.py:925} INFO - DAG(s) 'dataset_with_extra_by_context', 'dataset_with_extra_by_yield', 'dataset_with_extra_from_classic_operator' retrieved from /home/airflow/.local/lib/python3.12/site-packages/airflow/example_dags/example_outlet_event_extra.py
[2025-05-17T06:44:35.184+0000] {logging_mixin.py:190} INFO - [2025-05-17T06:44:35.183+0000] {dag.py:3239} INFO - Sync 3 DAGs
[2025-05-17T06:44:35.308+0000] {logging_mixin.py:190} INFO - [2025-05-17T06:44:35.305+0000] {dag.py:4180} INFO - Setting next_dagrun for dataset_with_extra_by_context to 2025-05-16 00:00:00+00:00, run_after=2025-05-17 00:00:00+00:00
[2025-05-17T06:44:35.351+0000] {logging_mixin.py:190} INFO - [2025-05-17T06:44:35.350+0000] {dag.py:4180} INFO - Setting next_dagrun for dataset_with_extra_by_yield to 2025-05-16 00:00:00+00:00, run_after=2025-05-17 00:00:00+00:00
[2025-05-17T06:44:35.362+0000] {logging_mixin.py:190} INFO - [2025-05-17T06:44:35.362+0000] {dag.py:4180} INFO - Setting next_dagrun for dataset_with_extra_from_classic_operator to 2025-05-16 00:00:00+00:00, run_after=2025-05-17 00:00:00+00:00
[2025-05-17T06:44:35.509+0000] {processor.py:208} INFO - Processing /home/airflow/.local/lib/python3.12/site-packages/airflow/example_dags/example_outlet_event_extra.py took 4.905 seconds
[2025-05-17T06:45:15.587+0000] {processor.py:186} INFO - Started process (PID=1201) to work on /home/airflow/.local/lib/python3.12/site-packages/airflow/example_dags/example_outlet_event_extra.py
[2025-05-17T06:45:15.595+0000] {processor.py:914} INFO - Processing file /home/airflow/.local/lib/python3.12/site-packages/airflow/example_dags/example_outlet_event_extra.py for tasks to queue
[2025-05-17T06:45:15.613+0000] {logging_mixin.py:190} INFO - [2025-05-17T06:45:15.612+0000] {dagbag.py:588} INFO - Filling up the DagBag from /home/airflow/.local/lib/python3.12/site-packages/airflow/example_dags/example_outlet_event_extra.py
[2025-05-17T06:45:20.553+0000] {processor.py:925} INFO - DAG(s) 'dataset_with_extra_by_yield', 'dataset_with_extra_by_context', 'dataset_with_extra_from_classic_operator' retrieved from /home/airflow/.local/lib/python3.12/site-packages/airflow/example_dags/example_outlet_event_extra.py
[2025-05-17T06:45:20.680+0000] {logging_mixin.py:190} INFO - [2025-05-17T06:45:20.680+0000] {dag.py:3239} INFO - Sync 3 DAGs
[2025-05-17T06:45:20.832+0000] {logging_mixin.py:190} INFO - [2025-05-17T06:45:20.831+0000] {dag.py:4180} INFO - Setting next_dagrun for dataset_with_extra_by_context to 2025-05-16 00:00:00+00:00, run_after=2025-05-17 00:00:00+00:00
[2025-05-17T06:45:20.854+0000] {logging_mixin.py:190} INFO - [2025-05-17T06:45:20.853+0000] {dag.py:4180} INFO - Setting next_dagrun for dataset_with_extra_by_yield to 2025-05-16 00:00:00+00:00, run_after=2025-05-17 00:00:00+00:00
[2025-05-17T06:45:20.866+0000] {logging_mixin.py:190} INFO - [2025-05-17T06:45:20.865+0000] {dag.py:4180} INFO - Setting next_dagrun for dataset_with_extra_from_classic_operator to 2025-05-16 00:00:00+00:00, run_after=2025-05-17 00:00:00+00:00
[2025-05-17T06:45:20.972+0000] {processor.py:208} INFO - Processing /home/airflow/.local/lib/python3.12/site-packages/airflow/example_dags/example_outlet_event_extra.py took 5.420 seconds
[2025-05-17T06:45:57.115+0000] {processor.py:186} INFO - Started process (PID=1267) to work on /home/airflow/.local/lib/python3.12/site-packages/airflow/example_dags/example_outlet_event_extra.py
[2025-05-17T06:45:57.148+0000] {processor.py:914} INFO - Processing file /home/airflow/.local/lib/python3.12/site-packages/airflow/example_dags/example_outlet_event_extra.py for tasks to queue
[2025-05-17T06:45:57.168+0000] {logging_mixin.py:190} INFO - [2025-05-17T06:45:57.167+0000] {dagbag.py:588} INFO - Filling up the DagBag from /home/airflow/.local/lib/python3.12/site-packages/airflow/example_dags/example_outlet_event_extra.py
[2025-05-17T06:46:01.192+0000] {processor.py:925} INFO - DAG(s) 'dataset_with_extra_from_classic_operator', 'dataset_with_extra_by_context', 'dataset_with_extra_by_yield' retrieved from /home/airflow/.local/lib/python3.12/site-packages/airflow/example_dags/example_outlet_event_extra.py
[2025-05-17T06:46:01.706+0000] {logging_mixin.py:190} INFO - [2025-05-17T06:46:01.703+0000] {dag.py:3239} INFO - Sync 3 DAGs
[2025-05-17T06:46:01.798+0000] {logging_mixin.py:190} INFO - [2025-05-17T06:46:01.797+0000] {dag.py:4180} INFO - Setting next_dagrun for dataset_with_extra_by_context to 2025-05-16 00:00:00+00:00, run_after=2025-05-17 00:00:00+00:00
[2025-05-17T06:46:01.847+0000] {logging_mixin.py:190} INFO - [2025-05-17T06:46:01.846+0000] {dag.py:4180} INFO - Setting next_dagrun for dataset_with_extra_by_yield to 2025-05-16 00:00:00+00:00, run_after=2025-05-17 00:00:00+00:00
[2025-05-17T06:46:01.970+0000] {logging_mixin.py:190} INFO - [2025-05-17T06:46:01.969+0000] {dag.py:4180} INFO - Setting next_dagrun for dataset_with_extra_from_classic_operator to 2025-05-16 00:00:00+00:00, run_after=2025-05-17 00:00:00+00:00
[2025-05-17T06:46:02.836+0000] {processor.py:208} INFO - Processing /home/airflow/.local/lib/python3.12/site-packages/airflow/example_dags/example_outlet_event_extra.py took 5.752 seconds
[2025-05-17T06:46:49.553+0000] {processor.py:186} INFO - Started process (PID=1327) to work on /home/airflow/.local/lib/python3.12/site-packages/airflow/example_dags/example_outlet_event_extra.py
[2025-05-17T06:46:49.584+0000] {processor.py:914} INFO - Processing file /home/airflow/.local/lib/python3.12/site-packages/airflow/example_dags/example_outlet_event_extra.py for tasks to queue
[2025-05-17T06:46:49.597+0000] {logging_mixin.py:190} INFO - [2025-05-17T06:46:49.596+0000] {dagbag.py:588} INFO - Filling up the DagBag from /home/airflow/.local/lib/python3.12/site-packages/airflow/example_dags/example_outlet_event_extra.py
[2025-05-17T06:46:55.602+0000] {processor.py:925} INFO - DAG(s) 'dataset_with_extra_by_context', 'dataset_with_extra_by_yield', 'dataset_with_extra_from_classic_operator' retrieved from /home/airflow/.local/lib/python3.12/site-packages/airflow/example_dags/example_outlet_event_extra.py
[2025-05-17T06:46:56.338+0000] {logging_mixin.py:190} INFO - [2025-05-17T06:46:56.335+0000] {dag.py:3239} INFO - Sync 3 DAGs
[2025-05-17T06:46:56.718+0000] {logging_mixin.py:190} INFO - [2025-05-17T06:46:56.717+0000] {dag.py:4180} INFO - Setting next_dagrun for dataset_with_extra_by_context to 2025-05-16 00:00:00+00:00, run_after=2025-05-17 00:00:00+00:00
[2025-05-17T06:46:56.856+0000] {logging_mixin.py:190} INFO - [2025-05-17T06:46:56.856+0000] {dag.py:4180} INFO - Setting next_dagrun for dataset_with_extra_by_yield to 2025-05-16 00:00:00+00:00, run_after=2025-05-17 00:00:00+00:00
[2025-05-17T06:46:56.957+0000] {logging_mixin.py:190} INFO - [2025-05-17T06:46:56.956+0000] {dag.py:4180} INFO - Setting next_dagrun for dataset_with_extra_from_classic_operator to 2025-05-16 00:00:00+00:00, run_after=2025-05-17 00:00:00+00:00
[2025-05-17T06:46:57.514+0000] {processor.py:208} INFO - Processing /home/airflow/.local/lib/python3.12/site-packages/airflow/example_dags/example_outlet_event_extra.py took 8.111 seconds
[2025-05-17T06:47:56.936+0000] {processor.py:186} INFO - Started process (PID=1405) to work on /home/airflow/.local/lib/python3.12/site-packages/airflow/example_dags/example_outlet_event_extra.py
[2025-05-17T06:47:56.942+0000] {processor.py:914} INFO - Processing file /home/airflow/.local/lib/python3.12/site-packages/airflow/example_dags/example_outlet_event_extra.py for tasks to queue
[2025-05-17T06:47:56.953+0000] {logging_mixin.py:190} INFO - [2025-05-17T06:47:56.951+0000] {dagbag.py:588} INFO - Filling up the DagBag from /home/airflow/.local/lib/python3.12/site-packages/airflow/example_dags/example_outlet_event_extra.py
[2025-05-17T06:48:02.551+0000] {processor.py:925} INFO - DAG(s) 'dataset_with_extra_by_context', 'dataset_with_extra_by_yield', 'dataset_with_extra_from_classic_operator' retrieved from /home/airflow/.local/lib/python3.12/site-packages/airflow/example_dags/example_outlet_event_extra.py
[2025-05-17T06:48:03.291+0000] {logging_mixin.py:190} INFO - [2025-05-17T06:48:03.271+0000] {dag.py:3239} INFO - Sync 3 DAGs
[2025-05-17T06:48:03.510+0000] {logging_mixin.py:190} INFO - [2025-05-17T06:48:03.509+0000] {dag.py:4180} INFO - Setting next_dagrun for dataset_with_extra_by_context to 2025-05-16 00:00:00+00:00, run_after=2025-05-17 00:00:00+00:00
[2025-05-17T06:48:03.560+0000] {logging_mixin.py:190} INFO - [2025-05-17T06:48:03.560+0000] {dag.py:4180} INFO - Setting next_dagrun for dataset_with_extra_by_yield to 2025-05-16 00:00:00+00:00, run_after=2025-05-17 00:00:00+00:00
[2025-05-17T06:48:03.580+0000] {logging_mixin.py:190} INFO - [2025-05-17T06:48:03.580+0000] {dag.py:4180} INFO - Setting next_dagrun for dataset_with_extra_from_classic_operator to 2025-05-16 00:00:00+00:00, run_after=2025-05-17 00:00:00+00:00
[2025-05-17T06:48:03.868+0000] {processor.py:208} INFO - Processing /home/airflow/.local/lib/python3.12/site-packages/airflow/example_dags/example_outlet_event_extra.py took 7.015 seconds
[2025-05-17T06:48:47.743+0000] {processor.py:186} INFO - Started process (PID=1461) to work on /home/airflow/.local/lib/python3.12/site-packages/airflow/example_dags/example_outlet_event_extra.py
[2025-05-17T06:48:47.751+0000] {processor.py:914} INFO - Processing file /home/airflow/.local/lib/python3.12/site-packages/airflow/example_dags/example_outlet_event_extra.py for tasks to queue
[2025-05-17T06:48:47.804+0000] {logging_mixin.py:190} INFO - [2025-05-17T06:48:47.803+0000] {dagbag.py:588} INFO - Filling up the DagBag from /home/airflow/.local/lib/python3.12/site-packages/airflow/example_dags/example_outlet_event_extra.py
[2025-05-17T06:48:53.115+0000] {processor.py:925} INFO - DAG(s) 'dataset_with_extra_by_context', 'dataset_with_extra_by_yield', 'dataset_with_extra_from_classic_operator' retrieved from /home/airflow/.local/lib/python3.12/site-packages/airflow/example_dags/example_outlet_event_extra.py
[2025-05-17T06:48:53.549+0000] {logging_mixin.py:190} INFO - [2025-05-17T06:48:53.545+0000] {dag.py:3239} INFO - Sync 3 DAGs
[2025-05-17T06:48:54.294+0000] {logging_mixin.py:190} INFO - [2025-05-17T06:48:54.294+0000] {dag.py:4180} INFO - Setting next_dagrun for dataset_with_extra_by_context to 2025-05-16 00:00:00+00:00, run_after=2025-05-17 00:00:00+00:00
[2025-05-17T06:48:54.447+0000] {logging_mixin.py:190} INFO - [2025-05-17T06:48:54.446+0000] {dag.py:4180} INFO - Setting next_dagrun for dataset_with_extra_by_yield to 2025-05-16 00:00:00+00:00, run_after=2025-05-17 00:00:00+00:00
[2025-05-17T06:48:54.499+0000] {logging_mixin.py:190} INFO - [2025-05-17T06:48:54.497+0000] {dag.py:4180} INFO - Setting next_dagrun for dataset_with_extra_from_classic_operator to 2025-05-16 00:00:00+00:00, run_after=2025-05-17 00:00:00+00:00
[2025-05-17T06:48:55.692+0000] {processor.py:208} INFO - Processing /home/airflow/.local/lib/python3.12/site-packages/airflow/example_dags/example_outlet_event_extra.py took 7.991 seconds
[2025-05-17T06:50:03.028+0000] {processor.py:186} INFO - Started process (PID=1543) to work on /home/airflow/.local/lib/python3.12/site-packages/airflow/example_dags/example_outlet_event_extra.py
[2025-05-17T06:50:03.077+0000] {processor.py:914} INFO - Processing file /home/airflow/.local/lib/python3.12/site-packages/airflow/example_dags/example_outlet_event_extra.py for tasks to queue
[2025-05-17T06:50:03.121+0000] {logging_mixin.py:190} INFO - [2025-05-17T06:50:03.120+0000] {dagbag.py:588} INFO - Filling up the DagBag from /home/airflow/.local/lib/python3.12/site-packages/airflow/example_dags/example_outlet_event_extra.py
[2025-05-17T06:50:06.108+0000] {processor.py:925} INFO - DAG(s) 'dataset_with_extra_by_yield', 'dataset_with_extra_from_classic_operator', 'dataset_with_extra_by_context' retrieved from /home/airflow/.local/lib/python3.12/site-packages/airflow/example_dags/example_outlet_event_extra.py
[2025-05-17T06:50:06.184+0000] {logging_mixin.py:190} INFO - [2025-05-17T06:50:06.182+0000] {dag.py:3239} INFO - Sync 3 DAGs
[2025-05-17T06:50:06.324+0000] {logging_mixin.py:190} INFO - [2025-05-17T06:50:06.323+0000] {dag.py:4180} INFO - Setting next_dagrun for dataset_with_extra_by_context to 2025-05-16 00:00:00+00:00, run_after=2025-05-17 00:00:00+00:00
[2025-05-17T06:50:06.358+0000] {logging_mixin.py:190} INFO - [2025-05-17T06:50:06.358+0000] {dag.py:4180} INFO - Setting next_dagrun for dataset_with_extra_by_yield to 2025-05-16 00:00:00+00:00, run_after=2025-05-17 00:00:00+00:00
[2025-05-17T06:50:06.387+0000] {logging_mixin.py:190} INFO - [2025-05-17T06:50:06.387+0000] {dag.py:4180} INFO - Setting next_dagrun for dataset_with_extra_from_classic_operator to 2025-05-16 00:00:00+00:00, run_after=2025-05-17 00:00:00+00:00
[2025-05-17T06:50:06.513+0000] {processor.py:208} INFO - Processing /home/airflow/.local/lib/python3.12/site-packages/airflow/example_dags/example_outlet_event_extra.py took 3.603 seconds
[2025-05-17T06:50:46.956+0000] {processor.py:186} INFO - Started process (PID=1596) to work on /home/airflow/.local/lib/python3.12/site-packages/airflow/example_dags/example_outlet_event_extra.py
[2025-05-17T06:50:46.980+0000] {processor.py:914} INFO - Processing file /home/airflow/.local/lib/python3.12/site-packages/airflow/example_dags/example_outlet_event_extra.py for tasks to queue
[2025-05-17T06:50:47.029+0000] {logging_mixin.py:190} INFO - [2025-05-17T06:50:47.027+0000] {dagbag.py:588} INFO - Filling up the DagBag from /home/airflow/.local/lib/python3.12/site-packages/airflow/example_dags/example_outlet_event_extra.py
[2025-05-17T06:50:51.011+0000] {processor.py:925} INFO - DAG(s) 'dataset_with_extra_from_classic_operator', 'dataset_with_extra_by_context', 'dataset_with_extra_by_yield' retrieved from /home/airflow/.local/lib/python3.12/site-packages/airflow/example_dags/example_outlet_event_extra.py
[2025-05-17T06:50:51.620+0000] {logging_mixin.py:190} INFO - [2025-05-17T06:50:51.609+0000] {dag.py:3239} INFO - Sync 3 DAGs
[2025-05-17T06:50:51.922+0000] {logging_mixin.py:190} INFO - [2025-05-17T06:50:51.922+0000] {dag.py:4180} INFO - Setting next_dagrun for dataset_with_extra_by_context to 2025-05-16 00:00:00+00:00, run_after=2025-05-17 00:00:00+00:00
[2025-05-17T06:50:52.089+0000] {logging_mixin.py:190} INFO - [2025-05-17T06:50:52.088+0000] {dag.py:4180} INFO - Setting next_dagrun for dataset_with_extra_by_yield to 2025-05-16 00:00:00+00:00, run_after=2025-05-17 00:00:00+00:00
[2025-05-17T06:50:52.164+0000] {logging_mixin.py:190} INFO - [2025-05-17T06:50:52.163+0000] {dag.py:4180} INFO - Setting next_dagrun for dataset_with_extra_from_classic_operator to 2025-05-16 00:00:00+00:00, run_after=2025-05-17 00:00:00+00:00
[2025-05-17T06:50:52.480+0000] {processor.py:208} INFO - Processing /home/airflow/.local/lib/python3.12/site-packages/airflow/example_dags/example_outlet_event_extra.py took 5.547 seconds
[2025-05-17T06:51:42.628+0000] {processor.py:186} INFO - Started process (PID=1668) to work on /home/airflow/.local/lib/python3.12/site-packages/airflow/example_dags/example_outlet_event_extra.py
[2025-05-17T06:51:42.735+0000] {processor.py:914} INFO - Processing file /home/airflow/.local/lib/python3.12/site-packages/airflow/example_dags/example_outlet_event_extra.py for tasks to queue
[2025-05-17T06:51:42.764+0000] {logging_mixin.py:190} INFO - [2025-05-17T06:51:42.762+0000] {dagbag.py:588} INFO - Filling up the DagBag from /home/airflow/.local/lib/python3.12/site-packages/airflow/example_dags/example_outlet_event_extra.py
[2025-05-17T06:51:51.661+0000] {processor.py:925} INFO - DAG(s) 'dataset_with_extra_by_context', 'dataset_with_extra_by_yield', 'dataset_with_extra_from_classic_operator' retrieved from /home/airflow/.local/lib/python3.12/site-packages/airflow/example_dags/example_outlet_event_extra.py
[2025-05-17T06:51:52.121+0000] {logging_mixin.py:190} INFO - [2025-05-17T06:51:52.120+0000] {dag.py:3239} INFO - Sync 3 DAGs
[2025-05-17T06:51:52.473+0000] {logging_mixin.py:190} INFO - [2025-05-17T06:51:52.466+0000] {dag.py:4180} INFO - Setting next_dagrun for dataset_with_extra_by_context to 2025-05-16 00:00:00+00:00, run_after=2025-05-17 00:00:00+00:00
[2025-05-17T06:51:52.636+0000] {logging_mixin.py:190} INFO - [2025-05-17T06:51:52.622+0000] {dag.py:4180} INFO - Setting next_dagrun for dataset_with_extra_by_yield to 2025-05-16 00:00:00+00:00, run_after=2025-05-17 00:00:00+00:00
[2025-05-17T06:51:52.697+0000] {logging_mixin.py:190} INFO - [2025-05-17T06:51:52.695+0000] {dag.py:4180} INFO - Setting next_dagrun for dataset_with_extra_from_classic_operator to 2025-05-16 00:00:00+00:00, run_after=2025-05-17 00:00:00+00:00
[2025-05-17T06:51:53.116+0000] {processor.py:208} INFO - Processing /home/airflow/.local/lib/python3.12/site-packages/airflow/example_dags/example_outlet_event_extra.py took 10.508 seconds
[2025-05-17T06:52:56.772+0000] {processor.py:186} INFO - Started process (PID=1741) to work on /home/airflow/.local/lib/python3.12/site-packages/airflow/example_dags/example_outlet_event_extra.py
[2025-05-17T06:52:56.777+0000] {processor.py:914} INFO - Processing file /home/airflow/.local/lib/python3.12/site-packages/airflow/example_dags/example_outlet_event_extra.py for tasks to queue
[2025-05-17T06:52:56.798+0000] {logging_mixin.py:190} INFO - [2025-05-17T06:52:56.796+0000] {dagbag.py:588} INFO - Filling up the DagBag from /home/airflow/.local/lib/python3.12/site-packages/airflow/example_dags/example_outlet_event_extra.py
[2025-05-17T06:53:02.948+0000] {processor.py:925} INFO - DAG(s) 'dataset_with_extra_by_context', 'dataset_with_extra_by_yield', 'dataset_with_extra_from_classic_operator' retrieved from /home/airflow/.local/lib/python3.12/site-packages/airflow/example_dags/example_outlet_event_extra.py
[2025-05-17T06:53:03.024+0000] {logging_mixin.py:190} INFO - [2025-05-17T06:53:03.024+0000] {dag.py:3239} INFO - Sync 3 DAGs
[2025-05-17T06:53:03.114+0000] {logging_mixin.py:190} INFO - [2025-05-17T06:53:03.114+0000] {dag.py:4180} INFO - Setting next_dagrun for dataset_with_extra_by_context to 2025-05-16 00:00:00+00:00, run_after=2025-05-17 00:00:00+00:00
[2025-05-17T06:53:03.131+0000] {logging_mixin.py:190} INFO - [2025-05-17T06:53:03.130+0000] {dag.py:4180} INFO - Setting next_dagrun for dataset_with_extra_by_yield to 2025-05-16 00:00:00+00:00, run_after=2025-05-17 00:00:00+00:00
[2025-05-17T06:53:03.160+0000] {logging_mixin.py:190} INFO - [2025-05-17T06:53:03.159+0000] {dag.py:4180} INFO - Setting next_dagrun for dataset_with_extra_from_classic_operator to 2025-05-16 00:00:00+00:00, run_after=2025-05-17 00:00:00+00:00
[2025-05-17T06:53:03.237+0000] {processor.py:208} INFO - Processing /home/airflow/.local/lib/python3.12/site-packages/airflow/example_dags/example_outlet_event_extra.py took 6.505 seconds
[2025-05-17T06:53:45.184+0000] {processor.py:186} INFO - Started process (PID=1811) to work on /home/airflow/.local/lib/python3.12/site-packages/airflow/example_dags/example_outlet_event_extra.py
[2025-05-17T06:53:45.191+0000] {processor.py:914} INFO - Processing file /home/airflow/.local/lib/python3.12/site-packages/airflow/example_dags/example_outlet_event_extra.py for tasks to queue
[2025-05-17T06:53:45.214+0000] {logging_mixin.py:190} INFO - [2025-05-17T06:53:45.212+0000] {dagbag.py:588} INFO - Filling up the DagBag from /home/airflow/.local/lib/python3.12/site-packages/airflow/example_dags/example_outlet_event_extra.py
[2025-05-17T06:53:49.642+0000] {processor.py:925} INFO - DAG(s) 'dataset_with_extra_by_context', 'dataset_with_extra_by_yield', 'dataset_with_extra_from_classic_operator' retrieved from /home/airflow/.local/lib/python3.12/site-packages/airflow/example_dags/example_outlet_event_extra.py
[2025-05-17T06:53:50.030+0000] {logging_mixin.py:190} INFO - [2025-05-17T06:53:50.027+0000] {dag.py:3239} INFO - Sync 3 DAGs
[2025-05-17T06:53:50.415+0000] {logging_mixin.py:190} INFO - [2025-05-17T06:53:50.414+0000] {dag.py:4180} INFO - Setting next_dagrun for dataset_with_extra_by_context to 2025-05-16 00:00:00+00:00, run_after=2025-05-17 00:00:00+00:00
[2025-05-17T06:53:50.535+0000] {logging_mixin.py:190} INFO - [2025-05-17T06:53:50.534+0000] {dag.py:4180} INFO - Setting next_dagrun for dataset_with_extra_by_yield to 2025-05-16 00:00:00+00:00, run_after=2025-05-17 00:00:00+00:00
[2025-05-17T06:53:50.662+0000] {logging_mixin.py:190} INFO - [2025-05-17T06:53:50.648+0000] {dag.py:4180} INFO - Setting next_dagrun for dataset_with_extra_from_classic_operator to 2025-05-16 00:00:00+00:00, run_after=2025-05-17 00:00:00+00:00
[2025-05-17T06:53:51.001+0000] {processor.py:208} INFO - Processing /home/airflow/.local/lib/python3.12/site-packages/airflow/example_dags/example_outlet_event_extra.py took 5.862 seconds
[2025-05-17T06:55:03.827+0000] {processor.py:186} INFO - Started process (PID=1887) to work on /home/airflow/.local/lib/python3.12/site-packages/airflow/example_dags/example_outlet_event_extra.py
[2025-05-17T06:55:03.833+0000] {processor.py:914} INFO - Processing file /home/airflow/.local/lib/python3.12/site-packages/airflow/example_dags/example_outlet_event_extra.py for tasks to queue
[2025-05-17T06:55:03.894+0000] {logging_mixin.py:190} INFO - [2025-05-17T06:55:03.879+0000] {dagbag.py:588} INFO - Filling up the DagBag from /home/airflow/.local/lib/python3.12/site-packages/airflow/example_dags/example_outlet_event_extra.py
[2025-05-17T06:55:08.422+0000] {processor.py:925} INFO - DAG(s) 'dataset_with_extra_from_classic_operator', 'dataset_with_extra_by_yield', 'dataset_with_extra_by_context' retrieved from /home/airflow/.local/lib/python3.12/site-packages/airflow/example_dags/example_outlet_event_extra.py
[2025-05-17T06:55:09.065+0000] {logging_mixin.py:190} INFO - [2025-05-17T06:55:09.064+0000] {dag.py:3239} INFO - Sync 3 DAGs
[2025-05-17T06:55:09.623+0000] {logging_mixin.py:190} INFO - [2025-05-17T06:55:09.609+0000] {dag.py:4180} INFO - Setting next_dagrun for dataset_with_extra_by_context to 2025-05-16 00:00:00+00:00, run_after=2025-05-17 00:00:00+00:00
[2025-05-17T06:55:09.771+0000] {logging_mixin.py:190} INFO - [2025-05-17T06:55:09.771+0000] {dag.py:4180} INFO - Setting next_dagrun for dataset_with_extra_by_yield to 2025-05-16 00:00:00+00:00, run_after=2025-05-17 00:00:00+00:00
[2025-05-17T06:55:09.863+0000] {logging_mixin.py:190} INFO - [2025-05-17T06:55:09.850+0000] {dag.py:4180} INFO - Setting next_dagrun for dataset_with_extra_from_classic_operator to 2025-05-16 00:00:00+00:00, run_after=2025-05-17 00:00:00+00:00
[2025-05-17T06:55:10.278+0000] {processor.py:208} INFO - Processing /home/airflow/.local/lib/python3.12/site-packages/airflow/example_dags/example_outlet_event_extra.py took 6.631 seconds
