[2025-05-17T06:25:13.064+0000] {processor.py:186} INFO - Started process (PID=109) to work on /home/airflow/.local/lib/python3.12/site-packages/airflow/example_dags/example_workday_timetable.py
[2025-05-17T06:25:13.083+0000] {processor.py:914} INFO - Processing file /home/airflow/.local/lib/python3.12/site-packages/airflow/example_dags/example_workday_timetable.py for tasks to queue
[2025-05-17T06:25:13.117+0000] {logging_mixin.py:190} INFO - [2025-05-17T06:25:13.116+0000] {dagbag.py:588} INFO - Filling up the DagBag from /home/airflow/.local/lib/python3.12/site-packages/airflow/example_dags/example_workday_timetable.py
[2025-05-17T06:25:13.222+0000] {processor.py:925} INFO - DAG(s) 'example_workday_timetable' retrieved from /home/airflow/.local/lib/python3.12/site-packages/airflow/example_dags/example_workday_timetable.py
[2025-05-17T06:25:13.380+0000] {logging_mixin.py:190} INFO - [2025-05-17T06:25:13.379+0000] {dag.py:3239} INFO - Sync 1 DAGs
[2025-05-17T06:25:13.728+0000] {logging_mixin.py:190} INFO - [2025-05-17T06:25:13.727+0000] {dag.py:4180} INFO - Setting next_dagrun for example_workday_timetable to 2021-01-04 00:00:00+00:00, run_after=2021-01-05 00:00:00+00:00
[2025-05-17T06:25:13.896+0000] {processor.py:208} INFO - Processing /home/airflow/.local/lib/python3.12/site-packages/airflow/example_dags/example_workday_timetable.py took 0.877 seconds
[2025-05-17T06:25:45.281+0000] {processor.py:186} INFO - Started process (PID=174) to work on /home/airflow/.local/lib/python3.12/site-packages/airflow/example_dags/example_workday_timetable.py
[2025-05-17T06:25:45.297+0000] {processor.py:914} INFO - Processing file /home/airflow/.local/lib/python3.12/site-packages/airflow/example_dags/example_workday_timetable.py for tasks to queue
[2025-05-17T06:25:45.333+0000] {logging_mixin.py:190} INFO - [2025-05-17T06:25:45.330+0000] {dagbag.py:588} INFO - Filling up the DagBag from /home/airflow/.local/lib/python3.12/site-packages/airflow/example_dags/example_workday_timetable.py
[2025-05-17T06:25:45.390+0000] {processor.py:925} INFO - DAG(s) 'example_workday_timetable' retrieved from /home/airflow/.local/lib/python3.12/site-packages/airflow/example_dags/example_workday_timetable.py
[2025-05-17T06:25:45.534+0000] {logging_mixin.py:190} INFO - [2025-05-17T06:25:45.533+0000] {dag.py:3239} INFO - Sync 1 DAGs
[2025-05-17T06:25:45.830+0000] {logging_mixin.py:190} INFO - [2025-05-17T06:25:45.830+0000] {dag.py:4180} INFO - Setting next_dagrun for example_workday_timetable to 2021-01-04 00:00:00+00:00, run_after=2021-01-05 00:00:00+00:00
[2025-05-17T06:25:45.952+0000] {processor.py:208} INFO - Processing /home/airflow/.local/lib/python3.12/site-packages/airflow/example_dags/example_workday_timetable.py took 0.752 seconds
[2025-05-17T06:34:01.723+0000] {processor.py:186} INFO - Started process (PID=100) to work on /home/airflow/.local/lib/python3.12/site-packages/airflow/example_dags/example_workday_timetable.py
[2025-05-17T06:34:01.728+0000] {processor.py:914} INFO - Processing file /home/airflow/.local/lib/python3.12/site-packages/airflow/example_dags/example_workday_timetable.py for tasks to queue
[2025-05-17T06:34:01.743+0000] {logging_mixin.py:190} INFO - [2025-05-17T06:34:01.742+0000] {dagbag.py:588} INFO - Filling up the DagBag from /home/airflow/.local/lib/python3.12/site-packages/airflow/example_dags/example_workday_timetable.py
[2025-05-17T06:34:01.801+0000] {processor.py:925} INFO - DAG(s) 'example_workday_timetable' retrieved from /home/airflow/.local/lib/python3.12/site-packages/airflow/example_dags/example_workday_timetable.py
[2025-05-17T06:34:01.873+0000] {logging_mixin.py:190} INFO - [2025-05-17T06:34:01.872+0000] {dag.py:3239} INFO - Sync 1 DAGs
[2025-05-17T06:34:02.125+0000] {logging_mixin.py:190} INFO - [2025-05-17T06:34:02.124+0000] {dag.py:4180} INFO - Setting next_dagrun for example_workday_timetable to 2021-01-04 00:00:00+00:00, run_after=2021-01-05 00:00:00+00:00
[2025-05-17T06:34:02.216+0000] {processor.py:208} INFO - Processing /home/airflow/.local/lib/python3.12/site-packages/airflow/example_dags/example_workday_timetable.py took 0.541 seconds
[2025-05-17T06:34:33.083+0000] {processor.py:186} INFO - Started process (PID=165) to work on /home/airflow/.local/lib/python3.12/site-packages/airflow/example_dags/example_workday_timetable.py
[2025-05-17T06:34:33.090+0000] {processor.py:914} INFO - Processing file /home/airflow/.local/lib/python3.12/site-packages/airflow/example_dags/example_workday_timetable.py for tasks to queue
[2025-05-17T06:34:33.105+0000] {logging_mixin.py:190} INFO - [2025-05-17T06:34:33.104+0000] {dagbag.py:588} INFO - Filling up the DagBag from /home/airflow/.local/lib/python3.12/site-packages/airflow/example_dags/example_workday_timetable.py
[2025-05-17T06:34:33.139+0000] {processor.py:925} INFO - DAG(s) 'example_workday_timetable' retrieved from /home/airflow/.local/lib/python3.12/site-packages/airflow/example_dags/example_workday_timetable.py
[2025-05-17T06:34:33.269+0000] {logging_mixin.py:190} INFO - [2025-05-17T06:34:33.268+0000] {dag.py:3239} INFO - Sync 1 DAGs
[2025-05-17T06:34:33.629+0000] {logging_mixin.py:190} INFO - [2025-05-17T06:34:33.629+0000] {dag.py:4180} INFO - Setting next_dagrun for example_workday_timetable to 2021-01-04 00:00:00+00:00, run_after=2021-01-05 00:00:00+00:00
[2025-05-17T06:34:33.856+0000] {processor.py:208} INFO - Processing /home/airflow/.local/lib/python3.12/site-packages/airflow/example_dags/example_workday_timetable.py took 0.797 seconds
[2025-05-17T06:35:04.435+0000] {processor.py:186} INFO - Started process (PID=231) to work on /home/airflow/.local/lib/python3.12/site-packages/airflow/example_dags/example_workday_timetable.py
[2025-05-17T06:35:04.439+0000] {processor.py:914} INFO - Processing file /home/airflow/.local/lib/python3.12/site-packages/airflow/example_dags/example_workday_timetable.py for tasks to queue
[2025-05-17T06:35:04.448+0000] {logging_mixin.py:190} INFO - [2025-05-17T06:35:04.447+0000] {dagbag.py:588} INFO - Filling up the DagBag from /home/airflow/.local/lib/python3.12/site-packages/airflow/example_dags/example_workday_timetable.py
[2025-05-17T06:35:04.465+0000] {processor.py:925} INFO - DAG(s) 'example_workday_timetable' retrieved from /home/airflow/.local/lib/python3.12/site-packages/airflow/example_dags/example_workday_timetable.py
[2025-05-17T06:35:04.540+0000] {logging_mixin.py:190} INFO - [2025-05-17T06:35:04.540+0000] {dag.py:3239} INFO - Sync 1 DAGs
[2025-05-17T06:35:04.830+0000] {logging_mixin.py:190} INFO - [2025-05-17T06:35:04.829+0000] {dag.py:4180} INFO - Setting next_dagrun for example_workday_timetable to 2021-01-04 00:00:00+00:00, run_after=2021-01-05 00:00:00+00:00
[2025-05-17T06:35:04.954+0000] {processor.py:208} INFO - Processing /home/airflow/.local/lib/python3.12/site-packages/airflow/example_dags/example_workday_timetable.py took 0.537 seconds
[2025-05-17T06:35:40.190+0000] {processor.py:186} INFO - Started process (PID=301) to work on /home/airflow/.local/lib/python3.12/site-packages/airflow/example_dags/example_workday_timetable.py
[2025-05-17T06:35:40.194+0000] {processor.py:914} INFO - Processing file /home/airflow/.local/lib/python3.12/site-packages/airflow/example_dags/example_workday_timetable.py for tasks to queue
[2025-05-17T06:35:40.201+0000] {logging_mixin.py:190} INFO - [2025-05-17T06:35:40.199+0000] {dagbag.py:588} INFO - Filling up the DagBag from /home/airflow/.local/lib/python3.12/site-packages/airflow/example_dags/example_workday_timetable.py
[2025-05-17T06:35:40.222+0000] {processor.py:925} INFO - DAG(s) 'example_workday_timetable' retrieved from /home/airflow/.local/lib/python3.12/site-packages/airflow/example_dags/example_workday_timetable.py
[2025-05-17T06:35:40.274+0000] {logging_mixin.py:190} INFO - [2025-05-17T06:35:40.273+0000] {dag.py:3239} INFO - Sync 1 DAGs
[2025-05-17T06:35:40.500+0000] {logging_mixin.py:190} INFO - [2025-05-17T06:35:40.499+0000] {dag.py:4180} INFO - Setting next_dagrun for example_workday_timetable to 2021-01-04 00:00:00+00:00, run_after=2021-01-05 00:00:00+00:00
[2025-05-17T06:35:40.594+0000] {processor.py:208} INFO - Processing /home/airflow/.local/lib/python3.12/site-packages/airflow/example_dags/example_workday_timetable.py took 0.420 seconds
[2025-05-17T06:36:48.717+0000] {processor.py:186} INFO - Started process (PID=317) to work on /home/airflow/.local/lib/python3.12/site-packages/airflow/example_dags/example_workday_timetable.py
[2025-05-17T06:36:48.719+0000] {processor.py:914} INFO - Processing file /home/airflow/.local/lib/python3.12/site-packages/airflow/example_dags/example_workday_timetable.py for tasks to queue
[2025-05-17T06:36:48.723+0000] {logging_mixin.py:190} INFO - [2025-05-17T06:36:48.722+0000] {dagbag.py:588} INFO - Filling up the DagBag from /home/airflow/.local/lib/python3.12/site-packages/airflow/example_dags/example_workday_timetable.py
[2025-05-17T06:36:48.732+0000] {processor.py:925} INFO - DAG(s) 'example_workday_timetable' retrieved from /home/airflow/.local/lib/python3.12/site-packages/airflow/example_dags/example_workday_timetable.py
[2025-05-17T06:36:48.765+0000] {logging_mixin.py:190} INFO - [2025-05-17T06:36:48.765+0000] {dag.py:3239} INFO - Sync 1 DAGs
[2025-05-17T06:36:48.856+0000] {logging_mixin.py:190} INFO - [2025-05-17T06:36:48.856+0000] {dag.py:4180} INFO - Setting next_dagrun for example_workday_timetable to 2021-01-04 00:00:00+00:00, run_after=2021-01-05 00:00:00+00:00
[2025-05-17T06:36:48.895+0000] {processor.py:208} INFO - Processing /home/airflow/.local/lib/python3.12/site-packages/airflow/example_dags/example_workday_timetable.py took 0.186 seconds
[2025-05-17T06:37:20.229+0000] {processor.py:186} INFO - Started process (PID=383) to work on /home/airflow/.local/lib/python3.12/site-packages/airflow/example_dags/example_workday_timetable.py
[2025-05-17T06:37:20.232+0000] {processor.py:914} INFO - Processing file /home/airflow/.local/lib/python3.12/site-packages/airflow/example_dags/example_workday_timetable.py for tasks to queue
[2025-05-17T06:37:20.237+0000] {logging_mixin.py:190} INFO - [2025-05-17T06:37:20.236+0000] {dagbag.py:588} INFO - Filling up the DagBag from /home/airflow/.local/lib/python3.12/site-packages/airflow/example_dags/example_workday_timetable.py
[2025-05-17T06:37:20.250+0000] {processor.py:925} INFO - DAG(s) 'example_workday_timetable' retrieved from /home/airflow/.local/lib/python3.12/site-packages/airflow/example_dags/example_workday_timetable.py
[2025-05-17T06:37:20.292+0000] {logging_mixin.py:190} INFO - [2025-05-17T06:37:20.291+0000] {dag.py:3239} INFO - Sync 1 DAGs
[2025-05-17T06:37:20.445+0000] {logging_mixin.py:190} INFO - [2025-05-17T06:37:20.444+0000] {dag.py:4180} INFO - Setting next_dagrun for example_workday_timetable to 2021-01-04 00:00:00+00:00, run_after=2021-01-05 00:00:00+00:00
[2025-05-17T06:37:20.504+0000] {processor.py:208} INFO - Processing /home/airflow/.local/lib/python3.12/site-packages/airflow/example_dags/example_workday_timetable.py took 0.287 seconds
[2025-05-17T06:37:56.985+0000] {processor.py:186} INFO - Started process (PID=449) to work on /home/airflow/.local/lib/python3.12/site-packages/airflow/example_dags/example_workday_timetable.py
[2025-05-17T06:37:56.989+0000] {processor.py:914} INFO - Processing file /home/airflow/.local/lib/python3.12/site-packages/airflow/example_dags/example_workday_timetable.py for tasks to queue
[2025-05-17T06:37:56.996+0000] {logging_mixin.py:190} INFO - [2025-05-17T06:37:56.995+0000] {dagbag.py:588} INFO - Filling up the DagBag from /home/airflow/.local/lib/python3.12/site-packages/airflow/example_dags/example_workday_timetable.py
[2025-05-17T06:37:57.011+0000] {processor.py:925} INFO - DAG(s) 'example_workday_timetable' retrieved from /home/airflow/.local/lib/python3.12/site-packages/airflow/example_dags/example_workday_timetable.py
[2025-05-17T06:37:57.063+0000] {logging_mixin.py:190} INFO - [2025-05-17T06:37:57.062+0000] {dag.py:3239} INFO - Sync 1 DAGs
[2025-05-17T06:37:57.220+0000] {logging_mixin.py:190} INFO - [2025-05-17T06:37:57.219+0000] {dag.py:4180} INFO - Setting next_dagrun for example_workday_timetable to 2021-01-04 00:00:00+00:00, run_after=2021-01-05 00:00:00+00:00
[2025-05-17T06:37:57.317+0000] {processor.py:208} INFO - Processing /home/airflow/.local/lib/python3.12/site-packages/airflow/example_dags/example_workday_timetable.py took 0.347 seconds
[2025-05-17T06:38:33.150+0000] {processor.py:186} INFO - Started process (PID=508) to work on /home/airflow/.local/lib/python3.12/site-packages/airflow/example_dags/example_workday_timetable.py
[2025-05-17T06:38:33.155+0000] {processor.py:914} INFO - Processing file /home/airflow/.local/lib/python3.12/site-packages/airflow/example_dags/example_workday_timetable.py for tasks to queue
[2025-05-17T06:38:33.163+0000] {logging_mixin.py:190} INFO - [2025-05-17T06:38:33.162+0000] {dagbag.py:588} INFO - Filling up the DagBag from /home/airflow/.local/lib/python3.12/site-packages/airflow/example_dags/example_workday_timetable.py
[2025-05-17T06:38:33.181+0000] {processor.py:925} INFO - DAG(s) 'example_workday_timetable' retrieved from /home/airflow/.local/lib/python3.12/site-packages/airflow/example_dags/example_workday_timetable.py
[2025-05-17T06:38:33.295+0000] {logging_mixin.py:190} INFO - [2025-05-17T06:38:33.294+0000] {dag.py:3239} INFO - Sync 1 DAGs
[2025-05-17T06:38:33.539+0000] {logging_mixin.py:190} INFO - [2025-05-17T06:38:33.538+0000] {dag.py:4180} INFO - Setting next_dagrun for example_workday_timetable to 2021-01-04 00:00:00+00:00, run_after=2021-01-05 00:00:00+00:00
[2025-05-17T06:38:33.643+0000] {processor.py:208} INFO - Processing /home/airflow/.local/lib/python3.12/site-packages/airflow/example_dags/example_workday_timetable.py took 0.512 seconds
[2025-05-17T06:39:15.404+0000] {processor.py:186} INFO - Started process (PID=578) to work on /home/airflow/.local/lib/python3.12/site-packages/airflow/example_dags/example_workday_timetable.py
[2025-05-17T06:39:15.411+0000] {processor.py:914} INFO - Processing file /home/airflow/.local/lib/python3.12/site-packages/airflow/example_dags/example_workday_timetable.py for tasks to queue
[2025-05-17T06:39:15.425+0000] {logging_mixin.py:190} INFO - [2025-05-17T06:39:15.424+0000] {dagbag.py:588} INFO - Filling up the DagBag from /home/airflow/.local/lib/python3.12/site-packages/airflow/example_dags/example_workday_timetable.py
[2025-05-17T06:39:15.458+0000] {processor.py:925} INFO - DAG(s) 'example_workday_timetable' retrieved from /home/airflow/.local/lib/python3.12/site-packages/airflow/example_dags/example_workday_timetable.py
[2025-05-17T06:39:15.556+0000] {logging_mixin.py:190} INFO - [2025-05-17T06:39:15.555+0000] {dag.py:3239} INFO - Sync 1 DAGs
[2025-05-17T06:39:15.836+0000] {logging_mixin.py:190} INFO - [2025-05-17T06:39:15.835+0000] {dag.py:4180} INFO - Setting next_dagrun for example_workday_timetable to 2021-01-04 00:00:00+00:00, run_after=2021-01-05 00:00:00+00:00
[2025-05-17T06:39:15.950+0000] {processor.py:208} INFO - Processing /home/airflow/.local/lib/python3.12/site-packages/airflow/example_dags/example_workday_timetable.py took 0.570 seconds
[2025-05-17T06:39:46.315+0000] {processor.py:186} INFO - Started process (PID=644) to work on /home/airflow/.local/lib/python3.12/site-packages/airflow/example_dags/example_workday_timetable.py
[2025-05-17T06:39:46.319+0000] {processor.py:914} INFO - Processing file /home/airflow/.local/lib/python3.12/site-packages/airflow/example_dags/example_workday_timetable.py for tasks to queue
[2025-05-17T06:39:46.324+0000] {logging_mixin.py:190} INFO - [2025-05-17T06:39:46.323+0000] {dagbag.py:588} INFO - Filling up the DagBag from /home/airflow/.local/lib/python3.12/site-packages/airflow/example_dags/example_workday_timetable.py
[2025-05-17T06:39:46.335+0000] {processor.py:925} INFO - DAG(s) 'example_workday_timetable' retrieved from /home/airflow/.local/lib/python3.12/site-packages/airflow/example_dags/example_workday_timetable.py
[2025-05-17T06:39:46.389+0000] {logging_mixin.py:190} INFO - [2025-05-17T06:39:46.389+0000] {dag.py:3239} INFO - Sync 1 DAGs
[2025-05-17T06:39:46.494+0000] {logging_mixin.py:190} INFO - [2025-05-17T06:39:46.494+0000] {dag.py:4180} INFO - Setting next_dagrun for example_workday_timetable to 2021-01-04 00:00:00+00:00, run_after=2021-01-05 00:00:00+00:00
[2025-05-17T06:39:46.556+0000] {processor.py:208} INFO - Processing /home/airflow/.local/lib/python3.12/site-packages/airflow/example_dags/example_workday_timetable.py took 0.251 seconds
[2025-05-17T06:40:27.173+0000] {processor.py:186} INFO - Started process (PID=710) to work on /home/airflow/.local/lib/python3.12/site-packages/airflow/example_dags/example_workday_timetable.py
[2025-05-17T06:40:27.183+0000] {processor.py:914} INFO - Processing file /home/airflow/.local/lib/python3.12/site-packages/airflow/example_dags/example_workday_timetable.py for tasks to queue
[2025-05-17T06:40:27.214+0000] {logging_mixin.py:190} INFO - [2025-05-17T06:40:27.211+0000] {dagbag.py:588} INFO - Filling up the DagBag from /home/airflow/.local/lib/python3.12/site-packages/airflow/example_dags/example_workday_timetable.py
[2025-05-17T06:40:27.273+0000] {processor.py:925} INFO - DAG(s) 'example_workday_timetable' retrieved from /home/airflow/.local/lib/python3.12/site-packages/airflow/example_dags/example_workday_timetable.py
[2025-05-17T06:40:27.462+0000] {logging_mixin.py:190} INFO - [2025-05-17T06:40:27.454+0000] {dag.py:3239} INFO - Sync 1 DAGs
[2025-05-17T06:40:28.106+0000] {logging_mixin.py:190} INFO - [2025-05-17T06:40:28.105+0000] {dag.py:4180} INFO - Setting next_dagrun for example_workday_timetable to 2021-01-04 00:00:00+00:00, run_after=2021-01-05 00:00:00+00:00
[2025-05-17T06:40:28.543+0000] {processor.py:208} INFO - Processing /home/airflow/.local/lib/python3.12/site-packages/airflow/example_dags/example_workday_timetable.py took 1.408 seconds
[2025-05-17T06:41:10.767+0000] {processor.py:186} INFO - Started process (PID=776) to work on /home/airflow/.local/lib/python3.12/site-packages/airflow/example_dags/example_workday_timetable.py
[2025-05-17T06:41:10.772+0000] {processor.py:914} INFO - Processing file /home/airflow/.local/lib/python3.12/site-packages/airflow/example_dags/example_workday_timetable.py for tasks to queue
[2025-05-17T06:41:10.779+0000] {logging_mixin.py:190} INFO - [2025-05-17T06:41:10.778+0000] {dagbag.py:588} INFO - Filling up the DagBag from /home/airflow/.local/lib/python3.12/site-packages/airflow/example_dags/example_workday_timetable.py
[2025-05-17T06:41:10.799+0000] {processor.py:925} INFO - DAG(s) 'example_workday_timetable' retrieved from /home/airflow/.local/lib/python3.12/site-packages/airflow/example_dags/example_workday_timetable.py
[2025-05-17T06:41:10.871+0000] {logging_mixin.py:190} INFO - [2025-05-17T06:41:10.870+0000] {dag.py:3239} INFO - Sync 1 DAGs
[2025-05-17T06:41:11.069+0000] {logging_mixin.py:190} INFO - [2025-05-17T06:41:11.068+0000] {dag.py:4180} INFO - Setting next_dagrun for example_workday_timetable to 2021-01-04 00:00:00+00:00, run_after=2021-01-05 00:00:00+00:00
[2025-05-17T06:41:11.157+0000] {processor.py:208} INFO - Processing /home/airflow/.local/lib/python3.12/site-packages/airflow/example_dags/example_workday_timetable.py took 0.409 seconds
[2025-05-17T06:41:51.805+0000] {processor.py:186} INFO - Started process (PID=848) to work on /home/airflow/.local/lib/python3.12/site-packages/airflow/example_dags/example_workday_timetable.py
[2025-05-17T06:41:51.811+0000] {processor.py:914} INFO - Processing file /home/airflow/.local/lib/python3.12/site-packages/airflow/example_dags/example_workday_timetable.py for tasks to queue
[2025-05-17T06:41:51.821+0000] {logging_mixin.py:190} INFO - [2025-05-17T06:41:51.819+0000] {dagbag.py:588} INFO - Filling up the DagBag from /home/airflow/.local/lib/python3.12/site-packages/airflow/example_dags/example_workday_timetable.py
[2025-05-17T06:41:51.842+0000] {processor.py:925} INFO - DAG(s) 'example_workday_timetable' retrieved from /home/airflow/.local/lib/python3.12/site-packages/airflow/example_dags/example_workday_timetable.py
[2025-05-17T06:41:51.941+0000] {logging_mixin.py:190} INFO - [2025-05-17T06:41:51.940+0000] {dag.py:3239} INFO - Sync 1 DAGs
[2025-05-17T06:41:52.184+0000] {logging_mixin.py:190} INFO - [2025-05-17T06:41:52.183+0000] {dag.py:4180} INFO - Setting next_dagrun for example_workday_timetable to 2021-01-04 00:00:00+00:00, run_after=2021-01-05 00:00:00+00:00
[2025-05-17T06:41:52.284+0000] {processor.py:208} INFO - Processing /home/airflow/.local/lib/python3.12/site-packages/airflow/example_dags/example_workday_timetable.py took 0.504 seconds
[2025-05-17T06:42:27.114+0000] {processor.py:186} INFO - Started process (PID=914) to work on /home/airflow/.local/lib/python3.12/site-packages/airflow/example_dags/example_workday_timetable.py
[2025-05-17T06:42:27.123+0000] {processor.py:914} INFO - Processing file /home/airflow/.local/lib/python3.12/site-packages/airflow/example_dags/example_workday_timetable.py for tasks to queue
[2025-05-17T06:42:27.145+0000] {logging_mixin.py:190} INFO - [2025-05-17T06:42:27.140+0000] {dagbag.py:588} INFO - Filling up the DagBag from /home/airflow/.local/lib/python3.12/site-packages/airflow/example_dags/example_workday_timetable.py
[2025-05-17T06:42:27.167+0000] {processor.py:925} INFO - DAG(s) 'example_workday_timetable' retrieved from /home/airflow/.local/lib/python3.12/site-packages/airflow/example_dags/example_workday_timetable.py
[2025-05-17T06:42:27.268+0000] {logging_mixin.py:190} INFO - [2025-05-17T06:42:27.266+0000] {dag.py:3239} INFO - Sync 1 DAGs
[2025-05-17T06:42:27.559+0000] {logging_mixin.py:190} INFO - [2025-05-17T06:42:27.558+0000] {dag.py:4180} INFO - Setting next_dagrun for example_workday_timetable to 2021-01-04 00:00:00+00:00, run_after=2021-01-05 00:00:00+00:00
[2025-05-17T06:42:27.690+0000] {processor.py:208} INFO - Processing /home/airflow/.local/lib/python3.12/site-packages/airflow/example_dags/example_workday_timetable.py took 0.599 seconds
[2025-05-17T06:43:06.409+0000] {processor.py:186} INFO - Started process (PID=982) to work on /home/airflow/.local/lib/python3.12/site-packages/airflow/example_dags/example_workday_timetable.py
[2025-05-17T06:43:06.417+0000] {processor.py:914} INFO - Processing file /home/airflow/.local/lib/python3.12/site-packages/airflow/example_dags/example_workday_timetable.py for tasks to queue
[2025-05-17T06:43:06.447+0000] {logging_mixin.py:190} INFO - [2025-05-17T06:43:06.443+0000] {dagbag.py:588} INFO - Filling up the DagBag from /home/airflow/.local/lib/python3.12/site-packages/airflow/example_dags/example_workday_timetable.py
[2025-05-17T06:43:06.560+0000] {processor.py:925} INFO - DAG(s) 'example_workday_timetable' retrieved from /home/airflow/.local/lib/python3.12/site-packages/airflow/example_dags/example_workday_timetable.py
[2025-05-17T06:43:06.732+0000] {logging_mixin.py:190} INFO - [2025-05-17T06:43:06.731+0000] {dag.py:3239} INFO - Sync 1 DAGs
[2025-05-17T06:43:07.181+0000] {logging_mixin.py:190} INFO - [2025-05-17T06:43:07.180+0000] {dag.py:4180} INFO - Setting next_dagrun for example_workday_timetable to 2021-01-04 00:00:00+00:00, run_after=2021-01-05 00:00:00+00:00
[2025-05-17T06:43:07.338+0000] {processor.py:208} INFO - Processing /home/airflow/.local/lib/python3.12/site-packages/airflow/example_dags/example_workday_timetable.py took 1.007 seconds
[2025-05-17T06:43:40.516+0000] {processor.py:186} INFO - Started process (PID=1049) to work on /home/airflow/.local/lib/python3.12/site-packages/airflow/example_dags/example_workday_timetable.py
[2025-05-17T06:43:40.523+0000] {processor.py:914} INFO - Processing file /home/airflow/.local/lib/python3.12/site-packages/airflow/example_dags/example_workday_timetable.py for tasks to queue
[2025-05-17T06:43:40.589+0000] {logging_mixin.py:190} INFO - [2025-05-17T06:43:40.574+0000] {dagbag.py:588} INFO - Filling up the DagBag from /home/airflow/.local/lib/python3.12/site-packages/airflow/example_dags/example_workday_timetable.py
[2025-05-17T06:43:40.614+0000] {processor.py:925} INFO - DAG(s) 'example_workday_timetable' retrieved from /home/airflow/.local/lib/python3.12/site-packages/airflow/example_dags/example_workday_timetable.py
[2025-05-17T06:43:40.927+0000] {logging_mixin.py:190} INFO - [2025-05-17T06:43:40.923+0000] {dag.py:3239} INFO - Sync 1 DAGs
[2025-05-17T06:43:41.402+0000] {logging_mixin.py:190} INFO - [2025-05-17T06:43:41.400+0000] {dag.py:4180} INFO - Setting next_dagrun for example_workday_timetable to 2021-01-04 00:00:00+00:00, run_after=2021-01-05 00:00:00+00:00
[2025-05-17T06:43:41.675+0000] {processor.py:208} INFO - Processing /home/airflow/.local/lib/python3.12/site-packages/airflow/example_dags/example_workday_timetable.py took 1.230 seconds
[2025-05-17T06:44:14.422+0000] {processor.py:186} INFO - Started process (PID=1112) to work on /home/airflow/.local/lib/python3.12/site-packages/airflow/example_dags/example_workday_timetable.py
[2025-05-17T06:44:14.437+0000] {processor.py:914} INFO - Processing file /home/airflow/.local/lib/python3.12/site-packages/airflow/example_dags/example_workday_timetable.py for tasks to queue
[2025-05-17T06:44:14.456+0000] {logging_mixin.py:190} INFO - [2025-05-17T06:44:14.446+0000] {dagbag.py:588} INFO - Filling up the DagBag from /home/airflow/.local/lib/python3.12/site-packages/airflow/example_dags/example_workday_timetable.py
[2025-05-17T06:44:14.531+0000] {processor.py:925} INFO - DAG(s) 'example_workday_timetable' retrieved from /home/airflow/.local/lib/python3.12/site-packages/airflow/example_dags/example_workday_timetable.py
[2025-05-17T06:44:14.746+0000] {logging_mixin.py:190} INFO - [2025-05-17T06:44:14.745+0000] {dag.py:3239} INFO - Sync 1 DAGs
[2025-05-17T06:44:15.227+0000] {logging_mixin.py:190} INFO - [2025-05-17T06:44:15.226+0000] {dag.py:4180} INFO - Setting next_dagrun for example_workday_timetable to 2021-01-04 00:00:00+00:00, run_after=2021-01-05 00:00:00+00:00
[2025-05-17T06:44:15.388+0000] {processor.py:208} INFO - Processing /home/airflow/.local/lib/python3.12/site-packages/airflow/example_dags/example_workday_timetable.py took 1.000 seconds
[2025-05-17T06:44:48.699+0000] {processor.py:186} INFO - Started process (PID=1171) to work on /home/airflow/.local/lib/python3.12/site-packages/airflow/example_dags/example_workday_timetable.py
[2025-05-17T06:44:48.704+0000] {processor.py:914} INFO - Processing file /home/airflow/.local/lib/python3.12/site-packages/airflow/example_dags/example_workday_timetable.py for tasks to queue
[2025-05-17T06:44:48.721+0000] {logging_mixin.py:190} INFO - [2025-05-17T06:44:48.720+0000] {dagbag.py:588} INFO - Filling up the DagBag from /home/airflow/.local/lib/python3.12/site-packages/airflow/example_dags/example_workday_timetable.py
[2025-05-17T06:44:48.744+0000] {processor.py:925} INFO - DAG(s) 'example_workday_timetable' retrieved from /home/airflow/.local/lib/python3.12/site-packages/airflow/example_dags/example_workday_timetable.py
[2025-05-17T06:44:48.882+0000] {logging_mixin.py:190} INFO - [2025-05-17T06:44:48.882+0000] {dag.py:3239} INFO - Sync 1 DAGs
[2025-05-17T06:44:49.267+0000] {logging_mixin.py:190} INFO - [2025-05-17T06:44:49.266+0000] {dag.py:4180} INFO - Setting next_dagrun for example_workday_timetable to 2021-01-04 00:00:00+00:00, run_after=2021-01-05 00:00:00+00:00
[2025-05-17T06:44:49.407+0000] {processor.py:208} INFO - Processing /home/airflow/.local/lib/python3.12/site-packages/airflow/example_dags/example_workday_timetable.py took 0.746 seconds
[2025-05-17T06:45:28.348+0000] {processor.py:186} INFO - Started process (PID=1230) to work on /home/airflow/.local/lib/python3.12/site-packages/airflow/example_dags/example_workday_timetable.py
[2025-05-17T06:45:28.365+0000] {processor.py:914} INFO - Processing file /home/airflow/.local/lib/python3.12/site-packages/airflow/example_dags/example_workday_timetable.py for tasks to queue
[2025-05-17T06:45:28.402+0000] {logging_mixin.py:190} INFO - [2025-05-17T06:45:28.398+0000] {dagbag.py:588} INFO - Filling up the DagBag from /home/airflow/.local/lib/python3.12/site-packages/airflow/example_dags/example_workday_timetable.py
[2025-05-17T06:45:28.520+0000] {processor.py:925} INFO - DAG(s) 'example_workday_timetable' retrieved from /home/airflow/.local/lib/python3.12/site-packages/airflow/example_dags/example_workday_timetable.py
[2025-05-17T06:45:28.648+0000] {logging_mixin.py:190} INFO - [2025-05-17T06:45:28.642+0000] {dag.py:3239} INFO - Sync 1 DAGs
[2025-05-17T06:45:29.214+0000] {logging_mixin.py:190} INFO - [2025-05-17T06:45:29.214+0000] {dag.py:4180} INFO - Setting next_dagrun for example_workday_timetable to 2021-01-04 00:00:00+00:00, run_after=2021-01-05 00:00:00+00:00
[2025-05-17T06:45:29.436+0000] {processor.py:208} INFO - Processing /home/airflow/.local/lib/python3.12/site-packages/airflow/example_dags/example_workday_timetable.py took 1.218 seconds
[2025-05-17T06:46:15.578+0000] {processor.py:186} INFO - Started process (PID=1286) to work on /home/airflow/.local/lib/python3.12/site-packages/airflow/example_dags/example_workday_timetable.py
[2025-05-17T06:46:15.592+0000] {processor.py:914} INFO - Processing file /home/airflow/.local/lib/python3.12/site-packages/airflow/example_dags/example_workday_timetable.py for tasks to queue
[2025-05-17T06:46:15.618+0000] {logging_mixin.py:190} INFO - [2025-05-17T06:46:15.605+0000] {dagbag.py:588} INFO - Filling up the DagBag from /home/airflow/.local/lib/python3.12/site-packages/airflow/example_dags/example_workday_timetable.py
[2025-05-17T06:46:15.675+0000] {processor.py:925} INFO - DAG(s) 'example_workday_timetable' retrieved from /home/airflow/.local/lib/python3.12/site-packages/airflow/example_dags/example_workday_timetable.py
[2025-05-17T06:46:15.945+0000] {logging_mixin.py:190} INFO - [2025-05-17T06:46:15.944+0000] {dag.py:3239} INFO - Sync 1 DAGs
[2025-05-17T06:46:16.527+0000] {logging_mixin.py:190} INFO - [2025-05-17T06:46:16.523+0000] {dag.py:4180} INFO - Setting next_dagrun for example_workday_timetable to 2021-01-04 00:00:00+00:00, run_after=2021-01-05 00:00:00+00:00
[2025-05-17T06:46:16.676+0000] {processor.py:208} INFO - Processing /home/airflow/.local/lib/python3.12/site-packages/airflow/example_dags/example_workday_timetable.py took 1.163 seconds
[2025-05-17T06:47:27.464+0000] {processor.py:186} INFO - Started process (PID=1362) to work on /home/airflow/.local/lib/python3.12/site-packages/airflow/example_dags/example_workday_timetable.py
[2025-05-17T06:47:27.518+0000] {processor.py:914} INFO - Processing file /home/airflow/.local/lib/python3.12/site-packages/airflow/example_dags/example_workday_timetable.py for tasks to queue
[2025-05-17T06:47:27.551+0000] {logging_mixin.py:190} INFO - [2025-05-17T06:47:27.550+0000] {dagbag.py:588} INFO - Filling up the DagBag from /home/airflow/.local/lib/python3.12/site-packages/airflow/example_dags/example_workday_timetable.py
[2025-05-17T06:47:27.609+0000] {processor.py:925} INFO - DAG(s) 'example_workday_timetable' retrieved from /home/airflow/.local/lib/python3.12/site-packages/airflow/example_dags/example_workday_timetable.py
[2025-05-17T06:47:27.767+0000] {logging_mixin.py:190} INFO - [2025-05-17T06:47:27.766+0000] {dag.py:3239} INFO - Sync 1 DAGs
[2025-05-17T06:47:28.258+0000] {logging_mixin.py:190} INFO - [2025-05-17T06:47:28.257+0000] {dag.py:4180} INFO - Setting next_dagrun for example_workday_timetable to 2021-01-04 00:00:00+00:00, run_after=2021-01-05 00:00:00+00:00
[2025-05-17T06:47:28.412+0000] {processor.py:208} INFO - Processing /home/airflow/.local/lib/python3.12/site-packages/airflow/example_dags/example_workday_timetable.py took 1.012 seconds
[2025-05-17T06:48:22.655+0000] {processor.py:186} INFO - Started process (PID=1428) to work on /home/airflow/.local/lib/python3.12/site-packages/airflow/example_dags/example_workday_timetable.py
[2025-05-17T06:48:22.663+0000] {processor.py:914} INFO - Processing file /home/airflow/.local/lib/python3.12/site-packages/airflow/example_dags/example_workday_timetable.py for tasks to queue
[2025-05-17T06:48:23.144+0000] {logging_mixin.py:190} INFO - [2025-05-17T06:48:23.121+0000] {dagbag.py:588} INFO - Filling up the DagBag from /home/airflow/.local/lib/python3.12/site-packages/airflow/example_dags/example_workday_timetable.py
[2025-05-17T06:48:23.313+0000] {processor.py:925} INFO - DAG(s) 'example_workday_timetable' retrieved from /home/airflow/.local/lib/python3.12/site-packages/airflow/example_dags/example_workday_timetable.py
[2025-05-17T06:48:23.547+0000] {logging_mixin.py:190} INFO - [2025-05-17T06:48:23.545+0000] {dag.py:3239} INFO - Sync 1 DAGs
[2025-05-17T06:48:24.211+0000] {logging_mixin.py:190} INFO - [2025-05-17T06:48:24.210+0000] {dag.py:4180} INFO - Setting next_dagrun for example_workday_timetable to 2021-01-04 00:00:00+00:00, run_after=2021-01-05 00:00:00+00:00
[2025-05-17T06:48:25.047+0000] {processor.py:208} INFO - Processing /home/airflow/.local/lib/python3.12/site-packages/airflow/example_dags/example_workday_timetable.py took 2.565 seconds
[2025-05-17T06:49:36.316+0000] {processor.py:186} INFO - Started process (PID=1506) to work on /home/airflow/.local/lib/python3.12/site-packages/airflow/example_dags/example_workday_timetable.py
[2025-05-17T06:49:36.324+0000] {processor.py:914} INFO - Processing file /home/airflow/.local/lib/python3.12/site-packages/airflow/example_dags/example_workday_timetable.py for tasks to queue
[2025-05-17T06:49:36.368+0000] {logging_mixin.py:190} INFO - [2025-05-17T06:49:36.363+0000] {dagbag.py:588} INFO - Filling up the DagBag from /home/airflow/.local/lib/python3.12/site-packages/airflow/example_dags/example_workday_timetable.py
[2025-05-17T06:49:36.405+0000] {processor.py:925} INFO - DAG(s) 'example_workday_timetable' retrieved from /home/airflow/.local/lib/python3.12/site-packages/airflow/example_dags/example_workday_timetable.py
[2025-05-17T06:49:36.639+0000] {logging_mixin.py:190} INFO - [2025-05-17T06:49:36.635+0000] {dag.py:3239} INFO - Sync 1 DAGs
[2025-05-17T06:49:37.083+0000] {logging_mixin.py:190} INFO - [2025-05-17T06:49:37.082+0000] {dag.py:4180} INFO - Setting next_dagrun for example_workday_timetable to 2021-01-04 00:00:00+00:00, run_after=2021-01-05 00:00:00+00:00
[2025-05-17T06:49:37.360+0000] {processor.py:208} INFO - Processing /home/airflow/.local/lib/python3.12/site-packages/airflow/example_dags/example_workday_timetable.py took 1.091 seconds
[2025-05-17T06:50:27.642+0000] {processor.py:186} INFO - Started process (PID=1578) to work on /home/airflow/.local/lib/python3.12/site-packages/airflow/example_dags/example_workday_timetable.py
[2025-05-17T06:50:27.646+0000] {processor.py:914} INFO - Processing file /home/airflow/.local/lib/python3.12/site-packages/airflow/example_dags/example_workday_timetable.py for tasks to queue
[2025-05-17T06:50:27.661+0000] {logging_mixin.py:190} INFO - [2025-05-17T06:50:27.660+0000] {dagbag.py:588} INFO - Filling up the DagBag from /home/airflow/.local/lib/python3.12/site-packages/airflow/example_dags/example_workday_timetable.py
[2025-05-17T06:50:27.685+0000] {processor.py:925} INFO - DAG(s) 'example_workday_timetable' retrieved from /home/airflow/.local/lib/python3.12/site-packages/airflow/example_dags/example_workday_timetable.py
[2025-05-17T06:50:27.836+0000] {logging_mixin.py:190} INFO - [2025-05-17T06:50:27.835+0000] {dag.py:3239} INFO - Sync 1 DAGs
[2025-05-17T06:50:28.575+0000] {logging_mixin.py:190} INFO - [2025-05-17T06:50:28.574+0000] {dag.py:4180} INFO - Setting next_dagrun for example_workday_timetable to 2021-01-04 00:00:00+00:00, run_after=2021-01-05 00:00:00+00:00
[2025-05-17T06:50:29.200+0000] {processor.py:208} INFO - Processing /home/airflow/.local/lib/python3.12/site-packages/airflow/example_dags/example_workday_timetable.py took 1.584 seconds
[2025-05-17T06:51:28.367+0000] {processor.py:186} INFO - Started process (PID=1643) to work on /home/airflow/.local/lib/python3.12/site-packages/airflow/example_dags/example_workday_timetable.py
[2025-05-17T06:51:28.375+0000] {processor.py:914} INFO - Processing file /home/airflow/.local/lib/python3.12/site-packages/airflow/example_dags/example_workday_timetable.py for tasks to queue
[2025-05-17T06:51:28.388+0000] {logging_mixin.py:190} INFO - [2025-05-17T06:51:28.387+0000] {dagbag.py:588} INFO - Filling up the DagBag from /home/airflow/.local/lib/python3.12/site-packages/airflow/example_dags/example_workday_timetable.py
[2025-05-17T06:51:28.424+0000] {processor.py:925} INFO - DAG(s) 'example_workday_timetable' retrieved from /home/airflow/.local/lib/python3.12/site-packages/airflow/example_dags/example_workday_timetable.py
[2025-05-17T06:51:28.559+0000] {logging_mixin.py:190} INFO - [2025-05-17T06:51:28.558+0000] {dag.py:3239} INFO - Sync 1 DAGs
[2025-05-17T06:51:28.842+0000] {logging_mixin.py:190} INFO - [2025-05-17T06:51:28.841+0000] {dag.py:4180} INFO - Setting next_dagrun for example_workday_timetable to 2021-01-04 00:00:00+00:00, run_after=2021-01-05 00:00:00+00:00
[2025-05-17T06:51:28.972+0000] {processor.py:208} INFO - Processing /home/airflow/.local/lib/python3.12/site-packages/airflow/example_dags/example_workday_timetable.py took 0.626 seconds
[2025-05-17T06:52:23.762+0000] {processor.py:186} INFO - Started process (PID=1701) to work on /home/airflow/.local/lib/python3.12/site-packages/airflow/example_dags/example_workday_timetable.py
[2025-05-17T06:52:23.783+0000] {processor.py:914} INFO - Processing file /home/airflow/.local/lib/python3.12/site-packages/airflow/example_dags/example_workday_timetable.py for tasks to queue
[2025-05-17T06:52:23.801+0000] {logging_mixin.py:190} INFO - [2025-05-17T06:52:23.799+0000] {dagbag.py:588} INFO - Filling up the DagBag from /home/airflow/.local/lib/python3.12/site-packages/airflow/example_dags/example_workday_timetable.py
[2025-05-17T06:52:23.857+0000] {processor.py:925} INFO - DAG(s) 'example_workday_timetable' retrieved from /home/airflow/.local/lib/python3.12/site-packages/airflow/example_dags/example_workday_timetable.py
[2025-05-17T06:52:24.125+0000] {logging_mixin.py:190} INFO - [2025-05-17T06:52:24.113+0000] {dag.py:3239} INFO - Sync 1 DAGs
[2025-05-17T06:52:25.060+0000] {logging_mixin.py:190} INFO - [2025-05-17T06:52:25.059+0000] {dag.py:4180} INFO - Setting next_dagrun for example_workday_timetable to 2021-01-04 00:00:00+00:00, run_after=2021-01-05 00:00:00+00:00
[2025-05-17T06:52:26.040+0000] {processor.py:208} INFO - Processing /home/airflow/.local/lib/python3.12/site-packages/airflow/example_dags/example_workday_timetable.py took 2.333 seconds
[2025-05-17T06:53:24.293+0000] {processor.py:186} INFO - Started process (PID=1773) to work on /home/airflow/.local/lib/python3.12/site-packages/airflow/example_dags/example_workday_timetable.py
[2025-05-17T06:53:24.347+0000] {processor.py:914} INFO - Processing file /home/airflow/.local/lib/python3.12/site-packages/airflow/example_dags/example_workday_timetable.py for tasks to queue
[2025-05-17T06:53:24.430+0000] {logging_mixin.py:190} INFO - [2025-05-17T06:53:24.414+0000] {dagbag.py:588} INFO - Filling up the DagBag from /home/airflow/.local/lib/python3.12/site-packages/airflow/example_dags/example_workday_timetable.py
[2025-05-17T06:53:24.463+0000] {processor.py:925} INFO - DAG(s) 'example_workday_timetable' retrieved from /home/airflow/.local/lib/python3.12/site-packages/airflow/example_dags/example_workday_timetable.py
[2025-05-17T06:53:24.932+0000] {logging_mixin.py:190} INFO - [2025-05-17T06:53:24.931+0000] {dag.py:3239} INFO - Sync 1 DAGs
[2025-05-17T06:53:25.583+0000] {logging_mixin.py:190} INFO - [2025-05-17T06:53:25.578+0000] {dag.py:4180} INFO - Setting next_dagrun for example_workday_timetable to 2021-01-04 00:00:00+00:00, run_after=2021-01-05 00:00:00+00:00
[2025-05-17T06:53:25.794+0000] {processor.py:208} INFO - Processing /home/airflow/.local/lib/python3.12/site-packages/airflow/example_dags/example_workday_timetable.py took 1.523 seconds
[2025-05-17T06:53:59.254+0000] {processor.py:186} INFO - Started process (PID=1825) to work on /home/airflow/.local/lib/python3.12/site-packages/airflow/example_dags/example_workday_timetable.py
[2025-05-17T06:53:59.266+0000] {processor.py:914} INFO - Processing file /home/airflow/.local/lib/python3.12/site-packages/airflow/example_dags/example_workday_timetable.py for tasks to queue
[2025-05-17T06:53:59.349+0000] {logging_mixin.py:190} INFO - [2025-05-17T06:53:59.334+0000] {dagbag.py:588} INFO - Filling up the DagBag from /home/airflow/.local/lib/python3.12/site-packages/airflow/example_dags/example_workday_timetable.py
[2025-05-17T06:53:59.537+0000] {processor.py:925} INFO - DAG(s) 'example_workday_timetable' retrieved from /home/airflow/.local/lib/python3.12/site-packages/airflow/example_dags/example_workday_timetable.py
[2025-05-17T06:53:59.659+0000] {logging_mixin.py:190} INFO - [2025-05-17T06:53:59.658+0000] {dag.py:3239} INFO - Sync 1 DAGs
[2025-05-17T06:54:00.374+0000] {logging_mixin.py:190} INFO - [2025-05-17T06:54:00.373+0000] {dag.py:4180} INFO - Setting next_dagrun for example_workday_timetable to 2021-01-04 00:00:00+00:00, run_after=2021-01-05 00:00:00+00:00
[2025-05-17T06:54:00.936+0000] {processor.py:208} INFO - Processing /home/airflow/.local/lib/python3.12/site-packages/airflow/example_dags/example_workday_timetable.py took 2.079 seconds
[2025-05-17T06:55:03.584+0000] {processor.py:186} INFO - Started process (PID=1886) to work on /home/airflow/.local/lib/python3.12/site-packages/airflow/example_dags/example_workday_timetable.py
[2025-05-17T06:55:03.610+0000] {processor.py:914} INFO - Processing file /home/airflow/.local/lib/python3.12/site-packages/airflow/example_dags/example_workday_timetable.py for tasks to queue
[2025-05-17T06:55:03.657+0000] {logging_mixin.py:190} INFO - [2025-05-17T06:55:03.654+0000] {dagbag.py:588} INFO - Filling up the DagBag from /home/airflow/.local/lib/python3.12/site-packages/airflow/example_dags/example_workday_timetable.py
[2025-05-17T06:55:03.682+0000] {processor.py:925} INFO - DAG(s) 'example_workday_timetable' retrieved from /home/airflow/.local/lib/python3.12/site-packages/airflow/example_dags/example_workday_timetable.py
[2025-05-17T06:55:04.014+0000] {logging_mixin.py:190} INFO - [2025-05-17T06:55:04.004+0000] {dag.py:3239} INFO - Sync 1 DAGs
[2025-05-17T06:55:04.700+0000] {logging_mixin.py:190} INFO - [2025-05-17T06:55:04.699+0000] {dag.py:4180} INFO - Setting next_dagrun for example_workday_timetable to 2021-01-04 00:00:00+00:00, run_after=2021-01-05 00:00:00+00:00
[2025-05-17T06:55:05.374+0000] {processor.py:208} INFO - Processing /home/airflow/.local/lib/python3.12/site-packages/airflow/example_dags/example_workday_timetable.py took 1.863 seconds
[2025-05-17T06:55:48.797+0000] {processor.py:186} INFO - Started process (PID=1927) to work on /home/airflow/.local/lib/python3.12/site-packages/airflow/example_dags/example_workday_timetable.py
[2025-05-17T06:55:48.804+0000] {processor.py:914} INFO - Processing file /home/airflow/.local/lib/python3.12/site-packages/airflow/example_dags/example_workday_timetable.py for tasks to queue
[2025-05-17T06:55:48.815+0000] {logging_mixin.py:190} INFO - [2025-05-17T06:55:48.814+0000] {dagbag.py:588} INFO - Filling up the DagBag from /home/airflow/.local/lib/python3.12/site-packages/airflow/example_dags/example_workday_timetable.py
[2025-05-17T06:55:48.906+0000] {processor.py:925} INFO - DAG(s) 'example_workday_timetable' retrieved from /home/airflow/.local/lib/python3.12/site-packages/airflow/example_dags/example_workday_timetable.py
[2025-05-17T06:55:49.022+0000] {logging_mixin.py:190} INFO - [2025-05-17T06:55:49.021+0000] {dag.py:3239} INFO - Sync 1 DAGs
[2025-05-17T06:55:49.708+0000] {logging_mixin.py:190} INFO - [2025-05-17T06:55:49.708+0000] {dag.py:4180} INFO - Setting next_dagrun for example_workday_timetable to 2021-01-04 00:00:00+00:00, run_after=2021-01-05 00:00:00+00:00
[2025-05-17T06:55:49.983+0000] {processor.py:208} INFO - Processing /home/airflow/.local/lib/python3.12/site-packages/airflow/example_dags/example_workday_timetable.py took 1.211 seconds
