[2025-05-17T06:25:26.645+0000] {processor.py:186} INFO - Started process (PID=131) to work on /home/airflow/.local/lib/python3.12/site-packages/airflow/example_dags/example_branch_day_of_week_operator.py
[2025-05-17T06:25:26.654+0000] {processor.py:914} INFO - Processing file /home/airflow/.local/lib/python3.12/site-packages/airflow/example_dags/example_branch_day_of_week_operator.py for tasks to queue
[2025-05-17T06:25:26.668+0000] {logging_mixin.py:190} INFO - [2025-05-17T06:25:26.667+0000] {dagbag.py:588} INFO - Filling up the DagBag from /home/airflow/.local/lib/python3.12/site-packages/airflow/example_dags/example_branch_day_of_week_operator.py
[2025-05-17T06:25:26.705+0000] {processor.py:925} INFO - DAG(s) 'example_weekday_branch_operator' retrieved from /home/airflow/.local/lib/python3.12/site-packages/airflow/example_dags/example_branch_day_of_week_operator.py
[2025-05-17T06:25:26.798+0000] {logging_mixin.py:190} INFO - [2025-05-17T06:25:26.798+0000] {dag.py:3239} INFO - Sync 1 DAGs
[2025-05-17T06:25:26.914+0000] {logging_mixin.py:190} INFO - [2025-05-17T06:25:26.913+0000] {dag.py:4180} INFO - Setting next_dagrun for example_weekday_branch_operator to 2025-05-16 00:00:00+00:00, run_after=2025-05-17 00:00:00+00:00
[2025-05-17T06:25:27.042+0000] {processor.py:208} INFO - Processing /home/airflow/.local/lib/python3.12/site-packages/airflow/example_dags/example_branch_day_of_week_operator.py took 0.422 seconds
[2025-05-17T06:25:59.973+0000] {processor.py:186} INFO - Started process (PID=197) to work on /home/airflow/.local/lib/python3.12/site-packages/airflow/example_dags/example_branch_day_of_week_operator.py
[2025-05-17T06:25:59.997+0000] {processor.py:914} INFO - Processing file /home/airflow/.local/lib/python3.12/site-packages/airflow/example_dags/example_branch_day_of_week_operator.py for tasks to queue
[2025-05-17T06:26:00.033+0000] {logging_mixin.py:190} INFO - [2025-05-17T06:26:00.032+0000] {dagbag.py:588} INFO - Filling up the DagBag from /home/airflow/.local/lib/python3.12/site-packages/airflow/example_dags/example_branch_day_of_week_operator.py
[2025-05-17T06:26:00.083+0000] {processor.py:925} INFO - DAG(s) 'example_weekday_branch_operator' retrieved from /home/airflow/.local/lib/python3.12/site-packages/airflow/example_dags/example_branch_day_of_week_operator.py
[2025-05-17T06:26:00.174+0000] {logging_mixin.py:190} INFO - [2025-05-17T06:26:00.173+0000] {dag.py:3239} INFO - Sync 1 DAGs
[2025-05-17T06:26:00.294+0000] {logging_mixin.py:190} INFO - [2025-05-17T06:26:00.294+0000] {dag.py:4180} INFO - Setting next_dagrun for example_weekday_branch_operator to 2025-05-16 00:00:00+00:00, run_after=2025-05-17 00:00:00+00:00
[2025-05-17T06:26:00.403+0000] {processor.py:208} INFO - Processing /home/airflow/.local/lib/python3.12/site-packages/airflow/example_dags/example_branch_day_of_week_operator.py took 0.449 seconds
[2025-05-17T06:34:14.809+0000] {processor.py:186} INFO - Started process (PID=128) to work on /home/airflow/.local/lib/python3.12/site-packages/airflow/example_dags/example_branch_day_of_week_operator.py
[2025-05-17T06:34:14.813+0000] {processor.py:914} INFO - Processing file /home/airflow/.local/lib/python3.12/site-packages/airflow/example_dags/example_branch_day_of_week_operator.py for tasks to queue
[2025-05-17T06:34:14.822+0000] {logging_mixin.py:190} INFO - [2025-05-17T06:34:14.821+0000] {dagbag.py:588} INFO - Filling up the DagBag from /home/airflow/.local/lib/python3.12/site-packages/airflow/example_dags/example_branch_day_of_week_operator.py
[2025-05-17T06:34:14.865+0000] {processor.py:925} INFO - DAG(s) 'example_weekday_branch_operator' retrieved from /home/airflow/.local/lib/python3.12/site-packages/airflow/example_dags/example_branch_day_of_week_operator.py
[2025-05-17T06:34:14.974+0000] {logging_mixin.py:190} INFO - [2025-05-17T06:34:14.973+0000] {dag.py:3239} INFO - Sync 1 DAGs
[2025-05-17T06:34:15.078+0000] {logging_mixin.py:190} INFO - [2025-05-17T06:34:15.077+0000] {dag.py:4180} INFO - Setting next_dagrun for example_weekday_branch_operator to 2025-05-16 00:00:00+00:00, run_after=2025-05-17 00:00:00+00:00
[2025-05-17T06:34:15.136+0000] {processor.py:208} INFO - Processing /home/airflow/.local/lib/python3.12/site-packages/airflow/example_dags/example_branch_day_of_week_operator.py took 0.351 seconds
[2025-05-17T06:34:49.394+0000] {processor.py:186} INFO - Started process (PID=194) to work on /home/airflow/.local/lib/python3.12/site-packages/airflow/example_dags/example_branch_day_of_week_operator.py
[2025-05-17T06:34:49.398+0000] {processor.py:914} INFO - Processing file /home/airflow/.local/lib/python3.12/site-packages/airflow/example_dags/example_branch_day_of_week_operator.py for tasks to queue
[2025-05-17T06:34:49.406+0000] {logging_mixin.py:190} INFO - [2025-05-17T06:34:49.405+0000] {dagbag.py:588} INFO - Filling up the DagBag from /home/airflow/.local/lib/python3.12/site-packages/airflow/example_dags/example_branch_day_of_week_operator.py
[2025-05-17T06:34:49.436+0000] {processor.py:925} INFO - DAG(s) 'example_weekday_branch_operator' retrieved from /home/airflow/.local/lib/python3.12/site-packages/airflow/example_dags/example_branch_day_of_week_operator.py
[2025-05-17T06:34:49.495+0000] {logging_mixin.py:190} INFO - [2025-05-17T06:34:49.495+0000] {dag.py:3239} INFO - Sync 1 DAGs
[2025-05-17T06:34:49.563+0000] {logging_mixin.py:190} INFO - [2025-05-17T06:34:49.562+0000] {dag.py:4180} INFO - Setting next_dagrun for example_weekday_branch_operator to 2025-05-16 00:00:00+00:00, run_after=2025-05-17 00:00:00+00:00
[2025-05-17T06:34:49.622+0000] {processor.py:208} INFO - Processing /home/airflow/.local/lib/python3.12/site-packages/airflow/example_dags/example_branch_day_of_week_operator.py took 0.244 seconds
[2025-05-17T06:35:23.923+0000] {processor.py:186} INFO - Started process (PID=259) to work on /home/airflow/.local/lib/python3.12/site-packages/airflow/example_dags/example_branch_day_of_week_operator.py
[2025-05-17T06:35:23.959+0000] {processor.py:914} INFO - Processing file /home/airflow/.local/lib/python3.12/site-packages/airflow/example_dags/example_branch_day_of_week_operator.py for tasks to queue
[2025-05-17T06:35:23.999+0000] {logging_mixin.py:190} INFO - [2025-05-17T06:35:23.996+0000] {dagbag.py:588} INFO - Filling up the DagBag from /home/airflow/.local/lib/python3.12/site-packages/airflow/example_dags/example_branch_day_of_week_operator.py
[2025-05-17T06:35:24.058+0000] {processor.py:925} INFO - DAG(s) 'example_weekday_branch_operator' retrieved from /home/airflow/.local/lib/python3.12/site-packages/airflow/example_dags/example_branch_day_of_week_operator.py
[2025-05-17T06:35:24.279+0000] {logging_mixin.py:190} INFO - [2025-05-17T06:35:24.277+0000] {dag.py:3239} INFO - Sync 1 DAGs
[2025-05-17T06:35:24.516+0000] {logging_mixin.py:190} INFO - [2025-05-17T06:35:24.515+0000] {dag.py:4180} INFO - Setting next_dagrun for example_weekday_branch_operator to 2025-05-16 00:00:00+00:00, run_after=2025-05-17 00:00:00+00:00
[2025-05-17T06:35:24.746+0000] {processor.py:208} INFO - Processing /home/airflow/.local/lib/python3.12/site-packages/airflow/example_dags/example_branch_day_of_week_operator.py took 0.932 seconds
[2025-05-17T06:36:53.582+0000] {processor.py:186} INFO - Started process (PID=339) to work on /home/airflow/.local/lib/python3.12/site-packages/airflow/example_dags/example_branch_day_of_week_operator.py
[2025-05-17T06:36:53.585+0000] {processor.py:914} INFO - Processing file /home/airflow/.local/lib/python3.12/site-packages/airflow/example_dags/example_branch_day_of_week_operator.py for tasks to queue
[2025-05-17T06:36:53.591+0000] {logging_mixin.py:190} INFO - [2025-05-17T06:36:53.590+0000] {dagbag.py:588} INFO - Filling up the DagBag from /home/airflow/.local/lib/python3.12/site-packages/airflow/example_dags/example_branch_day_of_week_operator.py
[2025-05-17T06:36:53.611+0000] {processor.py:925} INFO - DAG(s) 'example_weekday_branch_operator' retrieved from /home/airflow/.local/lib/python3.12/site-packages/airflow/example_dags/example_branch_day_of_week_operator.py
[2025-05-17T06:36:53.661+0000] {logging_mixin.py:190} INFO - [2025-05-17T06:36:53.660+0000] {dag.py:3239} INFO - Sync 1 DAGs
[2025-05-17T06:36:53.713+0000] {logging_mixin.py:190} INFO - [2025-05-17T06:36:53.713+0000] {dag.py:4180} INFO - Setting next_dagrun for example_weekday_branch_operator to 2025-05-16 00:00:00+00:00, run_after=2025-05-17 00:00:00+00:00
[2025-05-17T06:36:53.766+0000] {processor.py:208} INFO - Processing /home/airflow/.local/lib/python3.12/site-packages/airflow/example_dags/example_branch_day_of_week_operator.py took 0.197 seconds
[2025-05-17T06:37:30.052+0000] {processor.py:186} INFO - Started process (PID=405) to work on /home/airflow/.local/lib/python3.12/site-packages/airflow/example_dags/example_branch_day_of_week_operator.py
[2025-05-17T06:37:30.056+0000] {processor.py:914} INFO - Processing file /home/airflow/.local/lib/python3.12/site-packages/airflow/example_dags/example_branch_day_of_week_operator.py for tasks to queue
[2025-05-17T06:37:30.070+0000] {logging_mixin.py:190} INFO - [2025-05-17T06:37:30.069+0000] {dagbag.py:588} INFO - Filling up the DagBag from /home/airflow/.local/lib/python3.12/site-packages/airflow/example_dags/example_branch_day_of_week_operator.py
[2025-05-17T06:37:30.115+0000] {processor.py:925} INFO - DAG(s) 'example_weekday_branch_operator' retrieved from /home/airflow/.local/lib/python3.12/site-packages/airflow/example_dags/example_branch_day_of_week_operator.py
[2025-05-17T06:37:30.297+0000] {logging_mixin.py:190} INFO - [2025-05-17T06:37:30.295+0000] {dag.py:3239} INFO - Sync 1 DAGs
[2025-05-17T06:37:30.489+0000] {logging_mixin.py:190} INFO - [2025-05-17T06:37:30.488+0000] {dag.py:4180} INFO - Setting next_dagrun for example_weekday_branch_operator to 2025-05-16 00:00:00+00:00, run_after=2025-05-17 00:00:00+00:00
[2025-05-17T06:37:30.676+0000] {processor.py:208} INFO - Processing /home/airflow/.local/lib/python3.12/site-packages/airflow/example_dags/example_branch_day_of_week_operator.py took 0.646 seconds
[2025-05-17T06:38:11.549+0000] {processor.py:186} INFO - Started process (PID=477) to work on /home/airflow/.local/lib/python3.12/site-packages/airflow/example_dags/example_branch_day_of_week_operator.py
[2025-05-17T06:38:11.579+0000] {processor.py:914} INFO - Processing file /home/airflow/.local/lib/python3.12/site-packages/airflow/example_dags/example_branch_day_of_week_operator.py for tasks to queue
[2025-05-17T06:38:11.615+0000] {logging_mixin.py:190} INFO - [2025-05-17T06:38:11.614+0000] {dagbag.py:588} INFO - Filling up the DagBag from /home/airflow/.local/lib/python3.12/site-packages/airflow/example_dags/example_branch_day_of_week_operator.py
[2025-05-17T06:38:11.898+0000] {processor.py:925} INFO - DAG(s) 'example_weekday_branch_operator' retrieved from /home/airflow/.local/lib/python3.12/site-packages/airflow/example_dags/example_branch_day_of_week_operator.py
[2025-05-17T06:38:12.196+0000] {logging_mixin.py:190} INFO - [2025-05-17T06:38:12.195+0000] {dag.py:3239} INFO - Sync 1 DAGs
[2025-05-17T06:38:12.494+0000] {logging_mixin.py:190} INFO - [2025-05-17T06:38:12.494+0000] {dag.py:4180} INFO - Setting next_dagrun for example_weekday_branch_operator to 2025-05-16 00:00:00+00:00, run_after=2025-05-17 00:00:00+00:00
[2025-05-17T06:38:12.931+0000] {processor.py:208} INFO - Processing /home/airflow/.local/lib/python3.12/site-packages/airflow/example_dags/example_branch_day_of_week_operator.py took 1.430 seconds
[2025-05-17T06:38:54.405+0000] {processor.py:186} INFO - Started process (PID=543) to work on /home/airflow/.local/lib/python3.12/site-packages/airflow/example_dags/example_branch_day_of_week_operator.py
[2025-05-17T06:38:54.423+0000] {processor.py:914} INFO - Processing file /home/airflow/.local/lib/python3.12/site-packages/airflow/example_dags/example_branch_day_of_week_operator.py for tasks to queue
[2025-05-17T06:38:54.452+0000] {logging_mixin.py:190} INFO - [2025-05-17T06:38:54.451+0000] {dagbag.py:588} INFO - Filling up the DagBag from /home/airflow/.local/lib/python3.12/site-packages/airflow/example_dags/example_branch_day_of_week_operator.py
[2025-05-17T06:38:54.561+0000] {processor.py:925} INFO - DAG(s) 'example_weekday_branch_operator' retrieved from /home/airflow/.local/lib/python3.12/site-packages/airflow/example_dags/example_branch_day_of_week_operator.py
[2025-05-17T06:38:54.837+0000] {logging_mixin.py:190} INFO - [2025-05-17T06:38:54.834+0000] {dag.py:3239} INFO - Sync 1 DAGs
[2025-05-17T06:38:55.173+0000] {logging_mixin.py:190} INFO - [2025-05-17T06:38:55.172+0000] {dag.py:4180} INFO - Setting next_dagrun for example_weekday_branch_operator to 2025-05-16 00:00:00+00:00, run_after=2025-05-17 00:00:00+00:00
[2025-05-17T06:38:55.314+0000] {processor.py:208} INFO - Processing /home/airflow/.local/lib/python3.12/site-packages/airflow/example_dags/example_branch_day_of_week_operator.py took 0.992 seconds
[2025-05-17T06:39:31.514+0000] {processor.py:186} INFO - Started process (PID=610) to work on /home/airflow/.local/lib/python3.12/site-packages/airflow/example_dags/example_branch_day_of_week_operator.py
[2025-05-17T06:39:31.518+0000] {processor.py:914} INFO - Processing file /home/airflow/.local/lib/python3.12/site-packages/airflow/example_dags/example_branch_day_of_week_operator.py for tasks to queue
[2025-05-17T06:39:31.534+0000] {logging_mixin.py:190} INFO - [2025-05-17T06:39:31.531+0000] {dagbag.py:588} INFO - Filling up the DagBag from /home/airflow/.local/lib/python3.12/site-packages/airflow/example_dags/example_branch_day_of_week_operator.py
[2025-05-17T06:39:31.591+0000] {processor.py:925} INFO - DAG(s) 'example_weekday_branch_operator' retrieved from /home/airflow/.local/lib/python3.12/site-packages/airflow/example_dags/example_branch_day_of_week_operator.py
[2025-05-17T06:39:31.765+0000] {logging_mixin.py:190} INFO - [2025-05-17T06:39:31.762+0000] {dag.py:3239} INFO - Sync 1 DAGs
[2025-05-17T06:39:31.923+0000] {logging_mixin.py:190} INFO - [2025-05-17T06:39:31.923+0000] {dag.py:4180} INFO - Setting next_dagrun for example_weekday_branch_operator to 2025-05-16 00:00:00+00:00, run_after=2025-05-17 00:00:00+00:00
[2025-05-17T06:39:31.992+0000] {processor.py:208} INFO - Processing /home/airflow/.local/lib/python3.12/site-packages/airflow/example_dags/example_branch_day_of_week_operator.py took 0.514 seconds
[2025-05-17T06:40:02.557+0000] {processor.py:186} INFO - Started process (PID=675) to work on /home/airflow/.local/lib/python3.12/site-packages/airflow/example_dags/example_branch_day_of_week_operator.py
[2025-05-17T06:40:02.559+0000] {processor.py:914} INFO - Processing file /home/airflow/.local/lib/python3.12/site-packages/airflow/example_dags/example_branch_day_of_week_operator.py for tasks to queue
[2025-05-17T06:40:02.564+0000] {logging_mixin.py:190} INFO - [2025-05-17T06:40:02.563+0000] {dagbag.py:588} INFO - Filling up the DagBag from /home/airflow/.local/lib/python3.12/site-packages/airflow/example_dags/example_branch_day_of_week_operator.py
[2025-05-17T06:40:02.583+0000] {processor.py:925} INFO - DAG(s) 'example_weekday_branch_operator' retrieved from /home/airflow/.local/lib/python3.12/site-packages/airflow/example_dags/example_branch_day_of_week_operator.py
[2025-05-17T06:40:02.631+0000] {logging_mixin.py:190} INFO - [2025-05-17T06:40:02.631+0000] {dag.py:3239} INFO - Sync 1 DAGs
[2025-05-17T06:40:02.676+0000] {logging_mixin.py:190} INFO - [2025-05-17T06:40:02.676+0000] {dag.py:4180} INFO - Setting next_dagrun for example_weekday_branch_operator to 2025-05-16 00:00:00+00:00, run_after=2025-05-17 00:00:00+00:00
[2025-05-17T06:40:02.720+0000] {processor.py:208} INFO - Processing /home/airflow/.local/lib/python3.12/site-packages/airflow/example_dags/example_branch_day_of_week_operator.py took 0.176 seconds
[2025-05-17T06:40:56.173+0000] {processor.py:186} INFO - Started process (PID=753) to work on /home/airflow/.local/lib/python3.12/site-packages/airflow/example_dags/example_branch_day_of_week_operator.py
[2025-05-17T06:40:56.182+0000] {processor.py:914} INFO - Processing file /home/airflow/.local/lib/python3.12/site-packages/airflow/example_dags/example_branch_day_of_week_operator.py for tasks to queue
[2025-05-17T06:40:56.192+0000] {logging_mixin.py:190} INFO - [2025-05-17T06:40:56.191+0000] {dagbag.py:588} INFO - Filling up the DagBag from /home/airflow/.local/lib/python3.12/site-packages/airflow/example_dags/example_branch_day_of_week_operator.py
[2025-05-17T06:40:56.234+0000] {processor.py:925} INFO - DAG(s) 'example_weekday_branch_operator' retrieved from /home/airflow/.local/lib/python3.12/site-packages/airflow/example_dags/example_branch_day_of_week_operator.py
[2025-05-17T06:40:56.392+0000] {logging_mixin.py:190} INFO - [2025-05-17T06:40:56.391+0000] {dag.py:3239} INFO - Sync 1 DAGs
[2025-05-17T06:40:56.621+0000] {logging_mixin.py:190} INFO - [2025-05-17T06:40:56.619+0000] {dag.py:4180} INFO - Setting next_dagrun for example_weekday_branch_operator to 2025-05-16 00:00:00+00:00, run_after=2025-05-17 00:00:00+00:00
[2025-05-17T06:40:56.886+0000] {processor.py:208} INFO - Processing /home/airflow/.local/lib/python3.12/site-packages/airflow/example_dags/example_branch_day_of_week_operator.py took 0.739 seconds
[2025-05-17T06:41:28.159+0000] {processor.py:186} INFO - Started process (PID=819) to work on /home/airflow/.local/lib/python3.12/site-packages/airflow/example_dags/example_branch_day_of_week_operator.py
[2025-05-17T06:41:28.164+0000] {processor.py:914} INFO - Processing file /home/airflow/.local/lib/python3.12/site-packages/airflow/example_dags/example_branch_day_of_week_operator.py for tasks to queue
[2025-05-17T06:41:28.181+0000] {logging_mixin.py:190} INFO - [2025-05-17T06:41:28.179+0000] {dagbag.py:588} INFO - Filling up the DagBag from /home/airflow/.local/lib/python3.12/site-packages/airflow/example_dags/example_branch_day_of_week_operator.py
[2025-05-17T06:41:28.226+0000] {processor.py:925} INFO - DAG(s) 'example_weekday_branch_operator' retrieved from /home/airflow/.local/lib/python3.12/site-packages/airflow/example_dags/example_branch_day_of_week_operator.py
[2025-05-17T06:41:28.342+0000] {logging_mixin.py:190} INFO - [2025-05-17T06:41:28.341+0000] {dag.py:3239} INFO - Sync 1 DAGs
[2025-05-17T06:41:28.479+0000] {logging_mixin.py:190} INFO - [2025-05-17T06:41:28.478+0000] {dag.py:4180} INFO - Setting next_dagrun for example_weekday_branch_operator to 2025-05-16 00:00:00+00:00, run_after=2025-05-17 00:00:00+00:00
[2025-05-17T06:41:28.622+0000] {processor.py:208} INFO - Processing /home/airflow/.local/lib/python3.12/site-packages/airflow/example_dags/example_branch_day_of_week_operator.py took 0.480 seconds
[2025-05-17T06:42:08.171+0000] {processor.py:186} INFO - Started process (PID=885) to work on /home/airflow/.local/lib/python3.12/site-packages/airflow/example_dags/example_branch_day_of_week_operator.py
[2025-05-17T06:42:08.180+0000] {processor.py:914} INFO - Processing file /home/airflow/.local/lib/python3.12/site-packages/airflow/example_dags/example_branch_day_of_week_operator.py for tasks to queue
[2025-05-17T06:42:08.213+0000] {logging_mixin.py:190} INFO - [2025-05-17T06:42:08.211+0000] {dagbag.py:588} INFO - Filling up the DagBag from /home/airflow/.local/lib/python3.12/site-packages/airflow/example_dags/example_branch_day_of_week_operator.py
[2025-05-17T06:42:08.317+0000] {processor.py:925} INFO - DAG(s) 'example_weekday_branch_operator' retrieved from /home/airflow/.local/lib/python3.12/site-packages/airflow/example_dags/example_branch_day_of_week_operator.py
[2025-05-17T06:42:08.672+0000] {logging_mixin.py:190} INFO - [2025-05-17T06:42:08.669+0000] {dag.py:3239} INFO - Sync 1 DAGs
[2025-05-17T06:42:08.918+0000] {logging_mixin.py:190} INFO - [2025-05-17T06:42:08.917+0000] {dag.py:4180} INFO - Setting next_dagrun for example_weekday_branch_operator to 2025-05-16 00:00:00+00:00, run_after=2025-05-17 00:00:00+00:00
[2025-05-17T06:42:09.045+0000] {processor.py:208} INFO - Processing /home/airflow/.local/lib/python3.12/site-packages/airflow/example_dags/example_branch_day_of_week_operator.py took 0.901 seconds
[2025-05-17T06:42:41.258+0000] {processor.py:186} INFO - Started process (PID=951) to work on /home/airflow/.local/lib/python3.12/site-packages/airflow/example_dags/example_branch_day_of_week_operator.py
[2025-05-17T06:42:41.277+0000] {processor.py:914} INFO - Processing file /home/airflow/.local/lib/python3.12/site-packages/airflow/example_dags/example_branch_day_of_week_operator.py for tasks to queue
[2025-05-17T06:42:41.296+0000] {logging_mixin.py:190} INFO - [2025-05-17T06:42:41.292+0000] {dagbag.py:588} INFO - Filling up the DagBag from /home/airflow/.local/lib/python3.12/site-packages/airflow/example_dags/example_branch_day_of_week_operator.py
[2025-05-17T06:42:41.339+0000] {processor.py:925} INFO - DAG(s) 'example_weekday_branch_operator' retrieved from /home/airflow/.local/lib/python3.12/site-packages/airflow/example_dags/example_branch_day_of_week_operator.py
[2025-05-17T06:42:41.438+0000] {logging_mixin.py:190} INFO - [2025-05-17T06:42:41.437+0000] {dag.py:3239} INFO - Sync 1 DAGs
[2025-05-17T06:42:41.552+0000] {logging_mixin.py:190} INFO - [2025-05-17T06:42:41.552+0000] {dag.py:4180} INFO - Setting next_dagrun for example_weekday_branch_operator to 2025-05-16 00:00:00+00:00, run_after=2025-05-17 00:00:00+00:00
[2025-05-17T06:42:41.653+0000] {processor.py:208} INFO - Processing /home/airflow/.local/lib/python3.12/site-packages/airflow/example_dags/example_branch_day_of_week_operator.py took 0.418 seconds
[2025-05-17T06:43:20.471+0000] {processor.py:186} INFO - Started process (PID=1024) to work on /home/airflow/.local/lib/python3.12/site-packages/airflow/example_dags/example_branch_day_of_week_operator.py
[2025-05-17T06:43:20.475+0000] {processor.py:914} INFO - Processing file /home/airflow/.local/lib/python3.12/site-packages/airflow/example_dags/example_branch_day_of_week_operator.py for tasks to queue
[2025-05-17T06:43:20.482+0000] {logging_mixin.py:190} INFO - [2025-05-17T06:43:20.481+0000] {dagbag.py:588} INFO - Filling up the DagBag from /home/airflow/.local/lib/python3.12/site-packages/airflow/example_dags/example_branch_day_of_week_operator.py
[2025-05-17T06:43:20.511+0000] {processor.py:925} INFO - DAG(s) 'example_weekday_branch_operator' retrieved from /home/airflow/.local/lib/python3.12/site-packages/airflow/example_dags/example_branch_day_of_week_operator.py
[2025-05-17T06:43:20.613+0000] {logging_mixin.py:190} INFO - [2025-05-17T06:43:20.612+0000] {dag.py:3239} INFO - Sync 1 DAGs
[2025-05-17T06:43:20.697+0000] {logging_mixin.py:190} INFO - [2025-05-17T06:43:20.696+0000] {dag.py:4180} INFO - Setting next_dagrun for example_weekday_branch_operator to 2025-05-16 00:00:00+00:00, run_after=2025-05-17 00:00:00+00:00
[2025-05-17T06:43:20.783+0000] {processor.py:208} INFO - Processing /home/airflow/.local/lib/python3.12/site-packages/airflow/example_dags/example_branch_day_of_week_operator.py took 0.330 seconds
[2025-05-17T06:44:02.856+0000] {processor.py:186} INFO - Started process (PID=1084) to work on /home/airflow/.local/lib/python3.12/site-packages/airflow/example_dags/example_branch_day_of_week_operator.py
[2025-05-17T06:44:02.861+0000] {processor.py:914} INFO - Processing file /home/airflow/.local/lib/python3.12/site-packages/airflow/example_dags/example_branch_day_of_week_operator.py for tasks to queue
[2025-05-17T06:44:02.868+0000] {logging_mixin.py:190} INFO - [2025-05-17T06:44:02.867+0000] {dagbag.py:588} INFO - Filling up the DagBag from /home/airflow/.local/lib/python3.12/site-packages/airflow/example_dags/example_branch_day_of_week_operator.py
[2025-05-17T06:44:02.893+0000] {processor.py:925} INFO - DAG(s) 'example_weekday_branch_operator' retrieved from /home/airflow/.local/lib/python3.12/site-packages/airflow/example_dags/example_branch_day_of_week_operator.py
[2025-05-17T06:44:02.952+0000] {logging_mixin.py:190} INFO - [2025-05-17T06:44:02.951+0000] {dag.py:3239} INFO - Sync 1 DAGs
[2025-05-17T06:44:03.023+0000] {logging_mixin.py:190} INFO - [2025-05-17T06:44:03.023+0000] {dag.py:4180} INFO - Setting next_dagrun for example_weekday_branch_operator to 2025-05-16 00:00:00+00:00, run_after=2025-05-17 00:00:00+00:00
[2025-05-17T06:44:03.074+0000] {processor.py:208} INFO - Processing /home/airflow/.local/lib/python3.12/site-packages/airflow/example_dags/example_branch_day_of_week_operator.py took 0.235 seconds
[2025-05-17T06:44:39.567+0000] {processor.py:186} INFO - Started process (PID=1147) to work on /home/airflow/.local/lib/python3.12/site-packages/airflow/example_dags/example_branch_day_of_week_operator.py
[2025-05-17T06:44:39.579+0000] {processor.py:914} INFO - Processing file /home/airflow/.local/lib/python3.12/site-packages/airflow/example_dags/example_branch_day_of_week_operator.py for tasks to queue
[2025-05-17T06:44:39.596+0000] {logging_mixin.py:190} INFO - [2025-05-17T06:44:39.595+0000] {dagbag.py:588} INFO - Filling up the DagBag from /home/airflow/.local/lib/python3.12/site-packages/airflow/example_dags/example_branch_day_of_week_operator.py
[2025-05-17T06:44:39.650+0000] {processor.py:925} INFO - DAG(s) 'example_weekday_branch_operator' retrieved from /home/airflow/.local/lib/python3.12/site-packages/airflow/example_dags/example_branch_day_of_week_operator.py
[2025-05-17T06:44:39.761+0000] {logging_mixin.py:190} INFO - [2025-05-17T06:44:39.760+0000] {dag.py:3239} INFO - Sync 1 DAGs
[2025-05-17T06:44:39.888+0000] {logging_mixin.py:190} INFO - [2025-05-17T06:44:39.888+0000] {dag.py:4180} INFO - Setting next_dagrun for example_weekday_branch_operator to 2025-05-16 00:00:00+00:00, run_after=2025-05-17 00:00:00+00:00
[2025-05-17T06:44:40.032+0000] {processor.py:208} INFO - Processing /home/airflow/.local/lib/python3.12/site-packages/airflow/example_dags/example_branch_day_of_week_operator.py took 0.490 seconds
[2025-05-17T06:45:22.844+0000] {processor.py:186} INFO - Started process (PID=1219) to work on /home/airflow/.local/lib/python3.12/site-packages/airflow/example_dags/example_branch_day_of_week_operator.py
[2025-05-17T06:45:22.858+0000] {processor.py:914} INFO - Processing file /home/airflow/.local/lib/python3.12/site-packages/airflow/example_dags/example_branch_day_of_week_operator.py for tasks to queue
[2025-05-17T06:45:22.895+0000] {logging_mixin.py:190} INFO - [2025-05-17T06:45:22.892+0000] {dagbag.py:588} INFO - Filling up the DagBag from /home/airflow/.local/lib/python3.12/site-packages/airflow/example_dags/example_branch_day_of_week_operator.py
[2025-05-17T06:45:22.967+0000] {processor.py:925} INFO - DAG(s) 'example_weekday_branch_operator' retrieved from /home/airflow/.local/lib/python3.12/site-packages/airflow/example_dags/example_branch_day_of_week_operator.py
[2025-05-17T06:45:23.074+0000] {logging_mixin.py:190} INFO - [2025-05-17T06:45:23.073+0000] {dag.py:3239} INFO - Sync 1 DAGs
[2025-05-17T06:45:23.245+0000] {logging_mixin.py:190} INFO - [2025-05-17T06:45:23.243+0000] {dag.py:4180} INFO - Setting next_dagrun for example_weekday_branch_operator to 2025-05-16 00:00:00+00:00, run_after=2025-05-17 00:00:00+00:00
[2025-05-17T06:45:23.474+0000] {processor.py:208} INFO - Processing /home/airflow/.local/lib/python3.12/site-packages/airflow/example_dags/example_branch_day_of_week_operator.py took 0.655 seconds
[2025-05-17T06:46:18.381+0000] {processor.py:186} INFO - Started process (PID=1290) to work on /home/airflow/.local/lib/python3.12/site-packages/airflow/example_dags/example_branch_day_of_week_operator.py
[2025-05-17T06:46:18.411+0000] {processor.py:914} INFO - Processing file /home/airflow/.local/lib/python3.12/site-packages/airflow/example_dags/example_branch_day_of_week_operator.py for tasks to queue
[2025-05-17T06:46:18.444+0000] {logging_mixin.py:190} INFO - [2025-05-17T06:46:18.440+0000] {dagbag.py:588} INFO - Filling up the DagBag from /home/airflow/.local/lib/python3.12/site-packages/airflow/example_dags/example_branch_day_of_week_operator.py
[2025-05-17T06:46:18.687+0000] {processor.py:925} INFO - DAG(s) 'example_weekday_branch_operator' retrieved from /home/airflow/.local/lib/python3.12/site-packages/airflow/example_dags/example_branch_day_of_week_operator.py
[2025-05-17T06:46:19.285+0000] {logging_mixin.py:190} INFO - [2025-05-17T06:46:19.280+0000] {dag.py:3239} INFO - Sync 1 DAGs
[2025-05-17T06:46:19.723+0000] {logging_mixin.py:190} INFO - [2025-05-17T06:46:19.722+0000] {dag.py:4180} INFO - Setting next_dagrun for example_weekday_branch_operator to 2025-05-16 00:00:00+00:00, run_after=2025-05-17 00:00:00+00:00
[2025-05-17T06:46:20.016+0000] {processor.py:208} INFO - Processing /home/airflow/.local/lib/python3.12/site-packages/airflow/example_dags/example_branch_day_of_week_operator.py took 1.796 seconds
[2025-05-17T06:47:33.426+0000] {processor.py:186} INFO - Started process (PID=1372) to work on /home/airflow/.local/lib/python3.12/site-packages/airflow/example_dags/example_branch_day_of_week_operator.py
[2025-05-17T06:47:33.452+0000] {processor.py:914} INFO - Processing file /home/airflow/.local/lib/python3.12/site-packages/airflow/example_dags/example_branch_day_of_week_operator.py for tasks to queue
[2025-05-17T06:47:33.478+0000] {logging_mixin.py:190} INFO - [2025-05-17T06:47:33.477+0000] {dagbag.py:588} INFO - Filling up the DagBag from /home/airflow/.local/lib/python3.12/site-packages/airflow/example_dags/example_branch_day_of_week_operator.py
[2025-05-17T06:47:33.539+0000] {processor.py:925} INFO - DAG(s) 'example_weekday_branch_operator' retrieved from /home/airflow/.local/lib/python3.12/site-packages/airflow/example_dags/example_branch_day_of_week_operator.py
[2025-05-17T06:47:33.670+0000] {logging_mixin.py:190} INFO - [2025-05-17T06:47:33.669+0000] {dag.py:3239} INFO - Sync 1 DAGs
[2025-05-17T06:47:33.810+0000] {logging_mixin.py:190} INFO - [2025-05-17T06:47:33.809+0000] {dag.py:4180} INFO - Setting next_dagrun for example_weekday_branch_operator to 2025-05-16 00:00:00+00:00, run_after=2025-05-17 00:00:00+00:00
[2025-05-17T06:47:33.936+0000] {processor.py:208} INFO - Processing /home/airflow/.local/lib/python3.12/site-packages/airflow/example_dags/example_branch_day_of_week_operator.py took 0.546 seconds
[2025-05-17T06:48:33.798+0000] {processor.py:186} INFO - Started process (PID=1444) to work on /home/airflow/.local/lib/python3.12/site-packages/airflow/example_dags/example_branch_day_of_week_operator.py
[2025-05-17T06:48:33.814+0000] {processor.py:914} INFO - Processing file /home/airflow/.local/lib/python3.12/site-packages/airflow/example_dags/example_branch_day_of_week_operator.py for tasks to queue
[2025-05-17T06:48:33.857+0000] {logging_mixin.py:190} INFO - [2025-05-17T06:48:33.853+0000] {dagbag.py:588} INFO - Filling up the DagBag from /home/airflow/.local/lib/python3.12/site-packages/airflow/example_dags/example_branch_day_of_week_operator.py
[2025-05-17T06:48:33.887+0000] {processor.py:925} INFO - DAG(s) 'example_weekday_branch_operator' retrieved from /home/airflow/.local/lib/python3.12/site-packages/airflow/example_dags/example_branch_day_of_week_operator.py
[2025-05-17T06:48:34.109+0000] {logging_mixin.py:190} INFO - [2025-05-17T06:48:34.109+0000] {dag.py:3239} INFO - Sync 1 DAGs
[2025-05-17T06:48:34.426+0000] {logging_mixin.py:190} INFO - [2025-05-17T06:48:34.416+0000] {dag.py:4180} INFO - Setting next_dagrun for example_weekday_branch_operator to 2025-05-16 00:00:00+00:00, run_after=2025-05-17 00:00:00+00:00
[2025-05-17T06:48:34.667+0000] {processor.py:208} INFO - Processing /home/airflow/.local/lib/python3.12/site-packages/airflow/example_dags/example_branch_day_of_week_operator.py took 0.900 seconds
[2025-05-17T06:49:46.666+0000] {processor.py:186} INFO - Started process (PID=1520) to work on /home/airflow/.local/lib/python3.12/site-packages/airflow/example_dags/example_branch_day_of_week_operator.py
[2025-05-17T06:49:46.673+0000] {processor.py:914} INFO - Processing file /home/airflow/.local/lib/python3.12/site-packages/airflow/example_dags/example_branch_day_of_week_operator.py for tasks to queue
[2025-05-17T06:49:46.698+0000] {logging_mixin.py:190} INFO - [2025-05-17T06:49:46.697+0000] {dagbag.py:588} INFO - Filling up the DagBag from /home/airflow/.local/lib/python3.12/site-packages/airflow/example_dags/example_branch_day_of_week_operator.py
[2025-05-17T06:49:46.771+0000] {processor.py:925} INFO - DAG(s) 'example_weekday_branch_operator' retrieved from /home/airflow/.local/lib/python3.12/site-packages/airflow/example_dags/example_branch_day_of_week_operator.py
[2025-05-17T06:49:46.987+0000] {logging_mixin.py:190} INFO - [2025-05-17T06:49:46.986+0000] {dag.py:3239} INFO - Sync 1 DAGs
[2025-05-17T06:49:47.341+0000] {logging_mixin.py:190} INFO - [2025-05-17T06:49:47.339+0000] {dag.py:4180} INFO - Setting next_dagrun for example_weekday_branch_operator to 2025-05-16 00:00:00+00:00, run_after=2025-05-17 00:00:00+00:00
[2025-05-17T06:49:47.683+0000] {processor.py:208} INFO - Processing /home/airflow/.local/lib/python3.12/site-packages/airflow/example_dags/example_branch_day_of_week_operator.py took 1.090 seconds
[2025-05-17T06:50:42.971+0000] {processor.py:186} INFO - Started process (PID=1592) to work on /home/airflow/.local/lib/python3.12/site-packages/airflow/example_dags/example_branch_day_of_week_operator.py
[2025-05-17T06:50:42.979+0000] {processor.py:914} INFO - Processing file /home/airflow/.local/lib/python3.12/site-packages/airflow/example_dags/example_branch_day_of_week_operator.py for tasks to queue
[2025-05-17T06:50:43.060+0000] {logging_mixin.py:190} INFO - [2025-05-17T06:50:43.046+0000] {dagbag.py:588} INFO - Filling up the DagBag from /home/airflow/.local/lib/python3.12/site-packages/airflow/example_dags/example_branch_day_of_week_operator.py
[2025-05-17T06:50:43.115+0000] {processor.py:925} INFO - DAG(s) 'example_weekday_branch_operator' retrieved from /home/airflow/.local/lib/python3.12/site-packages/airflow/example_dags/example_branch_day_of_week_operator.py
[2025-05-17T06:50:43.434+0000] {logging_mixin.py:190} INFO - [2025-05-17T06:50:43.433+0000] {dag.py:3239} INFO - Sync 1 DAGs
[2025-05-17T06:50:43.975+0000] {logging_mixin.py:190} INFO - [2025-05-17T06:50:43.972+0000] {dag.py:4180} INFO - Setting next_dagrun for example_weekday_branch_operator to 2025-05-16 00:00:00+00:00, run_after=2025-05-17 00:00:00+00:00
[2025-05-17T06:50:44.349+0000] {processor.py:208} INFO - Processing /home/airflow/.local/lib/python3.12/site-packages/airflow/example_dags/example_branch_day_of_week_operator.py took 1.401 seconds
[2025-05-17T06:51:36.604+0000] {processor.py:186} INFO - Started process (PID=1657) to work on /home/airflow/.local/lib/python3.12/site-packages/airflow/example_dags/example_branch_day_of_week_operator.py
[2025-05-17T06:51:36.611+0000] {processor.py:914} INFO - Processing file /home/airflow/.local/lib/python3.12/site-packages/airflow/example_dags/example_branch_day_of_week_operator.py for tasks to queue
[2025-05-17T06:51:36.619+0000] {logging_mixin.py:190} INFO - [2025-05-17T06:51:36.618+0000] {dagbag.py:588} INFO - Filling up the DagBag from /home/airflow/.local/lib/python3.12/site-packages/airflow/example_dags/example_branch_day_of_week_operator.py
[2025-05-17T06:51:36.656+0000] {processor.py:925} INFO - DAG(s) 'example_weekday_branch_operator' retrieved from /home/airflow/.local/lib/python3.12/site-packages/airflow/example_dags/example_branch_day_of_week_operator.py
[2025-05-17T06:51:36.814+0000] {logging_mixin.py:190} INFO - [2025-05-17T06:51:36.811+0000] {dag.py:3239} INFO - Sync 1 DAGs
[2025-05-17T06:51:36.944+0000] {logging_mixin.py:190} INFO - [2025-05-17T06:51:36.944+0000] {dag.py:4180} INFO - Setting next_dagrun for example_weekday_branch_operator to 2025-05-16 00:00:00+00:00, run_after=2025-05-17 00:00:00+00:00
[2025-05-17T06:51:37.071+0000] {processor.py:208} INFO - Processing /home/airflow/.local/lib/python3.12/site-packages/airflow/example_dags/example_branch_day_of_week_operator.py took 0.463 seconds
[2025-05-17T06:52:39.075+0000] {processor.py:186} INFO - Started process (PID=1721) to work on /home/airflow/.local/lib/python3.12/site-packages/airflow/example_dags/example_branch_day_of_week_operator.py
[2025-05-17T06:52:39.091+0000] {processor.py:914} INFO - Processing file /home/airflow/.local/lib/python3.12/site-packages/airflow/example_dags/example_branch_day_of_week_operator.py for tasks to queue
[2025-05-17T06:52:39.131+0000] {logging_mixin.py:190} INFO - [2025-05-17T06:52:39.128+0000] {dagbag.py:588} INFO - Filling up the DagBag from /home/airflow/.local/lib/python3.12/site-packages/airflow/example_dags/example_branch_day_of_week_operator.py
[2025-05-17T06:52:39.436+0000] {processor.py:925} INFO - DAG(s) 'example_weekday_branch_operator' retrieved from /home/airflow/.local/lib/python3.12/site-packages/airflow/example_dags/example_branch_day_of_week_operator.py
[2025-05-17T06:52:39.731+0000] {logging_mixin.py:190} INFO - [2025-05-17T06:52:39.731+0000] {dag.py:3239} INFO - Sync 1 DAGs
[2025-05-17T06:52:39.972+0000] {logging_mixin.py:190} INFO - [2025-05-17T06:52:39.957+0000] {dag.py:4180} INFO - Setting next_dagrun for example_weekday_branch_operator to 2025-05-16 00:00:00+00:00, run_after=2025-05-17 00:00:00+00:00
[2025-05-17T06:52:40.172+0000] {processor.py:208} INFO - Processing /home/airflow/.local/lib/python3.12/site-packages/airflow/example_dags/example_branch_day_of_week_operator.py took 1.119 seconds
[2025-05-17T06:53:33.336+0000] {processor.py:186} INFO - Started process (PID=1793) to work on /home/airflow/.local/lib/python3.12/site-packages/airflow/example_dags/example_branch_day_of_week_operator.py
[2025-05-17T06:53:33.347+0000] {processor.py:914} INFO - Processing file /home/airflow/.local/lib/python3.12/site-packages/airflow/example_dags/example_branch_day_of_week_operator.py for tasks to queue
[2025-05-17T06:53:33.362+0000] {logging_mixin.py:190} INFO - [2025-05-17T06:53:33.361+0000] {dagbag.py:588} INFO - Filling up the DagBag from /home/airflow/.local/lib/python3.12/site-packages/airflow/example_dags/example_branch_day_of_week_operator.py
[2025-05-17T06:53:33.426+0000] {processor.py:925} INFO - DAG(s) 'example_weekday_branch_operator' retrieved from /home/airflow/.local/lib/python3.12/site-packages/airflow/example_dags/example_branch_day_of_week_operator.py
[2025-05-17T06:53:33.581+0000] {logging_mixin.py:190} INFO - [2025-05-17T06:53:33.578+0000] {dag.py:3239} INFO - Sync 1 DAGs
[2025-05-17T06:53:33.743+0000] {logging_mixin.py:190} INFO - [2025-05-17T06:53:33.743+0000] {dag.py:4180} INFO - Setting next_dagrun for example_weekday_branch_operator to 2025-05-16 00:00:00+00:00, run_after=2025-05-17 00:00:00+00:00
[2025-05-17T06:53:33.858+0000] {processor.py:208} INFO - Processing /home/airflow/.local/lib/python3.12/site-packages/airflow/example_dags/example_branch_day_of_week_operator.py took 0.563 seconds
[2025-05-17T06:54:23.791+0000] {processor.py:186} INFO - Started process (PID=1859) to work on /home/airflow/.local/lib/python3.12/site-packages/airflow/example_dags/example_branch_day_of_week_operator.py
[2025-05-17T06:54:23.814+0000] {processor.py:914} INFO - Processing file /home/airflow/.local/lib/python3.12/site-packages/airflow/example_dags/example_branch_day_of_week_operator.py for tasks to queue
[2025-05-17T06:54:23.911+0000] {logging_mixin.py:190} INFO - [2025-05-17T06:54:23.895+0000] {dagbag.py:588} INFO - Filling up the DagBag from /home/airflow/.local/lib/python3.12/site-packages/airflow/example_dags/example_branch_day_of_week_operator.py
[2025-05-17T06:54:23.959+0000] {processor.py:925} INFO - DAG(s) 'example_weekday_branch_operator' retrieved from /home/airflow/.local/lib/python3.12/site-packages/airflow/example_dags/example_branch_day_of_week_operator.py
[2025-05-17T06:54:24.236+0000] {logging_mixin.py:190} INFO - [2025-05-17T06:54:24.233+0000] {dag.py:3239} INFO - Sync 1 DAGs
[2025-05-17T06:54:24.674+0000] {logging_mixin.py:190} INFO - [2025-05-17T06:54:24.673+0000] {dag.py:4180} INFO - Setting next_dagrun for example_weekday_branch_operator to 2025-05-16 00:00:00+00:00, run_after=2025-05-17 00:00:00+00:00
[2025-05-17T06:54:25.726+0000] {processor.py:208} INFO - Processing /home/airflow/.local/lib/python3.12/site-packages/airflow/example_dags/example_branch_day_of_week_operator.py took 2.023 seconds
