[2025-05-17T06:25:26.305+0000] {processor.py:186} INFO - Started process (PID=129) to work on /home/airflow/.local/lib/python3.12/site-packages/airflow/example_dags/example_external_task_marker_dag.py
[2025-05-17T06:25:26.310+0000] {processor.py:914} INFO - Processing file /home/airflow/.local/lib/python3.12/site-packages/airflow/example_dags/example_external_task_marker_dag.py for tasks to queue
[2025-05-17T06:25:26.317+0000] {logging_mixin.py:190} INFO - [2025-05-17T06:25:26.316+0000] {dagbag.py:588} INFO - Filling up the DagBag from /home/airflow/.local/lib/python3.12/site-packages/airflow/example_dags/example_external_task_marker_dag.py
[2025-05-17T06:25:26.340+0000] {processor.py:925} INFO - DAG(s) 'example_external_task_marker_child', 'example_external_task_marker_parent' retrieved from /home/airflow/.local/lib/python3.12/site-packages/airflow/example_dags/example_external_task_marker_dag.py
[2025-05-17T06:25:26.400+0000] {logging_mixin.py:190} INFO - [2025-05-17T06:25:26.400+0000] {dag.py:3239} INFO - Sync 2 DAGs
[2025-05-17T06:25:26.446+0000] {logging_mixin.py:190} INFO - [2025-05-17T06:25:26.445+0000] {dag.py:4180} INFO - Setting next_dagrun for example_external_task_marker_child to None, run_after=None
[2025-05-17T06:25:26.457+0000] {logging_mixin.py:190} INFO - [2025-05-17T06:25:26.457+0000] {dag.py:4180} INFO - Setting next_dagrun for example_external_task_marker_parent to None, run_after=None
[2025-05-17T06:25:26.507+0000] {processor.py:208} INFO - Processing /home/airflow/.local/lib/python3.12/site-packages/airflow/example_dags/example_external_task_marker_dag.py took 0.217 seconds
[2025-05-17T06:25:59.161+0000] {processor.py:186} INFO - Started process (PID=195) to work on /home/airflow/.local/lib/python3.12/site-packages/airflow/example_dags/example_external_task_marker_dag.py
[2025-05-17T06:25:59.175+0000] {processor.py:914} INFO - Processing file /home/airflow/.local/lib/python3.12/site-packages/airflow/example_dags/example_external_task_marker_dag.py for tasks to queue
[2025-05-17T06:25:59.192+0000] {logging_mixin.py:190} INFO - [2025-05-17T06:25:59.191+0000] {dagbag.py:588} INFO - Filling up the DagBag from /home/airflow/.local/lib/python3.12/site-packages/airflow/example_dags/example_external_task_marker_dag.py
[2025-05-17T06:25:59.231+0000] {processor.py:925} INFO - DAG(s) 'example_external_task_marker_parent', 'example_external_task_marker_child' retrieved from /home/airflow/.local/lib/python3.12/site-packages/airflow/example_dags/example_external_task_marker_dag.py
[2025-05-17T06:25:59.374+0000] {logging_mixin.py:190} INFO - [2025-05-17T06:25:59.373+0000] {dag.py:3239} INFO - Sync 2 DAGs
[2025-05-17T06:25:59.446+0000] {logging_mixin.py:190} INFO - [2025-05-17T06:25:59.445+0000] {dag.py:4180} INFO - Setting next_dagrun for example_external_task_marker_child to None, run_after=None
[2025-05-17T06:25:59.466+0000] {logging_mixin.py:190} INFO - [2025-05-17T06:25:59.465+0000] {dag.py:4180} INFO - Setting next_dagrun for example_external_task_marker_parent to None, run_after=None
[2025-05-17T06:25:59.577+0000] {processor.py:208} INFO - Processing /home/airflow/.local/lib/python3.12/site-packages/airflow/example_dags/example_external_task_marker_dag.py took 0.437 seconds
[2025-05-17T06:34:13.856+0000] {processor.py:186} INFO - Started process (PID=126) to work on /home/airflow/.local/lib/python3.12/site-packages/airflow/example_dags/example_external_task_marker_dag.py
[2025-05-17T06:34:13.862+0000] {processor.py:914} INFO - Processing file /home/airflow/.local/lib/python3.12/site-packages/airflow/example_dags/example_external_task_marker_dag.py for tasks to queue
[2025-05-17T06:34:13.876+0000] {logging_mixin.py:190} INFO - [2025-05-17T06:34:13.875+0000] {dagbag.py:588} INFO - Filling up the DagBag from /home/airflow/.local/lib/python3.12/site-packages/airflow/example_dags/example_external_task_marker_dag.py
[2025-05-17T06:34:13.908+0000] {processor.py:925} INFO - DAG(s) 'example_external_task_marker_parent', 'example_external_task_marker_child' retrieved from /home/airflow/.local/lib/python3.12/site-packages/airflow/example_dags/example_external_task_marker_dag.py
[2025-05-17T06:34:14.032+0000] {logging_mixin.py:190} INFO - [2025-05-17T06:34:14.031+0000] {dag.py:3239} INFO - Sync 2 DAGs
[2025-05-17T06:34:14.101+0000] {logging_mixin.py:190} INFO - [2025-05-17T06:34:14.100+0000] {dag.py:4180} INFO - Setting next_dagrun for example_external_task_marker_child to None, run_after=None
[2025-05-17T06:34:14.126+0000] {logging_mixin.py:190} INFO - [2025-05-17T06:34:14.125+0000] {dag.py:4180} INFO - Setting next_dagrun for example_external_task_marker_parent to None, run_after=None
[2025-05-17T06:34:14.259+0000] {processor.py:208} INFO - Processing /home/airflow/.local/lib/python3.12/site-packages/airflow/example_dags/example_external_task_marker_dag.py took 0.424 seconds
[2025-05-17T06:34:48.335+0000] {processor.py:186} INFO - Started process (PID=192) to work on /home/airflow/.local/lib/python3.12/site-packages/airflow/example_dags/example_external_task_marker_dag.py
[2025-05-17T06:34:48.339+0000] {processor.py:914} INFO - Processing file /home/airflow/.local/lib/python3.12/site-packages/airflow/example_dags/example_external_task_marker_dag.py for tasks to queue
[2025-05-17T06:34:48.347+0000] {logging_mixin.py:190} INFO - [2025-05-17T06:34:48.346+0000] {dagbag.py:588} INFO - Filling up the DagBag from /home/airflow/.local/lib/python3.12/site-packages/airflow/example_dags/example_external_task_marker_dag.py
[2025-05-17T06:34:48.368+0000] {processor.py:925} INFO - DAG(s) 'example_external_task_marker_parent', 'example_external_task_marker_child' retrieved from /home/airflow/.local/lib/python3.12/site-packages/airflow/example_dags/example_external_task_marker_dag.py
[2025-05-17T06:34:48.438+0000] {logging_mixin.py:190} INFO - [2025-05-17T06:34:48.437+0000] {dag.py:3239} INFO - Sync 2 DAGs
[2025-05-17T06:34:48.483+0000] {logging_mixin.py:190} INFO - [2025-05-17T06:34:48.483+0000] {dag.py:4180} INFO - Setting next_dagrun for example_external_task_marker_child to None, run_after=None
[2025-05-17T06:34:48.494+0000] {logging_mixin.py:190} INFO - [2025-05-17T06:34:48.494+0000] {dag.py:4180} INFO - Setting next_dagrun for example_external_task_marker_parent to None, run_after=None
[2025-05-17T06:34:48.715+0000] {processor.py:208} INFO - Processing /home/airflow/.local/lib/python3.12/site-packages/airflow/example_dags/example_external_task_marker_dag.py took 0.397 seconds
[2025-05-17T06:35:22.392+0000] {processor.py:186} INFO - Started process (PID=257) to work on /home/airflow/.local/lib/python3.12/site-packages/airflow/example_dags/example_external_task_marker_dag.py
[2025-05-17T06:35:22.396+0000] {processor.py:914} INFO - Processing file /home/airflow/.local/lib/python3.12/site-packages/airflow/example_dags/example_external_task_marker_dag.py for tasks to queue
[2025-05-17T06:35:22.409+0000] {logging_mixin.py:190} INFO - [2025-05-17T06:35:22.402+0000] {dagbag.py:588} INFO - Filling up the DagBag from /home/airflow/.local/lib/python3.12/site-packages/airflow/example_dags/example_external_task_marker_dag.py
[2025-05-17T06:35:22.446+0000] {processor.py:925} INFO - DAG(s) 'example_external_task_marker_child', 'example_external_task_marker_parent' retrieved from /home/airflow/.local/lib/python3.12/site-packages/airflow/example_dags/example_external_task_marker_dag.py
[2025-05-17T06:35:22.560+0000] {logging_mixin.py:190} INFO - [2025-05-17T06:35:22.559+0000] {dag.py:3239} INFO - Sync 2 DAGs
[2025-05-17T06:35:22.674+0000] {logging_mixin.py:190} INFO - [2025-05-17T06:35:22.674+0000] {dag.py:4180} INFO - Setting next_dagrun for example_external_task_marker_child to None, run_after=None
[2025-05-17T06:35:22.721+0000] {logging_mixin.py:190} INFO - [2025-05-17T06:35:22.720+0000] {dag.py:4180} INFO - Setting next_dagrun for example_external_task_marker_parent to None, run_after=None
[2025-05-17T06:35:23.173+0000] {processor.py:208} INFO - Processing /home/airflow/.local/lib/python3.12/site-packages/airflow/example_dags/example_external_task_marker_dag.py took 0.803 seconds
[2025-05-17T06:36:53.089+0000] {processor.py:186} INFO - Started process (PID=337) to work on /home/airflow/.local/lib/python3.12/site-packages/airflow/example_dags/example_external_task_marker_dag.py
[2025-05-17T06:36:53.092+0000] {processor.py:914} INFO - Processing file /home/airflow/.local/lib/python3.12/site-packages/airflow/example_dags/example_external_task_marker_dag.py for tasks to queue
[2025-05-17T06:36:53.098+0000] {logging_mixin.py:190} INFO - [2025-05-17T06:36:53.097+0000] {dagbag.py:588} INFO - Filling up the DagBag from /home/airflow/.local/lib/python3.12/site-packages/airflow/example_dags/example_external_task_marker_dag.py
[2025-05-17T06:36:53.120+0000] {processor.py:925} INFO - DAG(s) 'example_external_task_marker_child', 'example_external_task_marker_parent' retrieved from /home/airflow/.local/lib/python3.12/site-packages/airflow/example_dags/example_external_task_marker_dag.py
[2025-05-17T06:36:53.178+0000] {logging_mixin.py:190} INFO - [2025-05-17T06:36:53.177+0000] {dag.py:3239} INFO - Sync 2 DAGs
[2025-05-17T06:36:53.210+0000] {logging_mixin.py:190} INFO - [2025-05-17T06:36:53.209+0000] {dag.py:4180} INFO - Setting next_dagrun for example_external_task_marker_child to None, run_after=None
[2025-05-17T06:36:53.219+0000] {logging_mixin.py:190} INFO - [2025-05-17T06:36:53.219+0000] {dag.py:4180} INFO - Setting next_dagrun for example_external_task_marker_parent to None, run_after=None
[2025-05-17T06:36:53.260+0000] {processor.py:208} INFO - Processing /home/airflow/.local/lib/python3.12/site-packages/airflow/example_dags/example_external_task_marker_dag.py took 0.190 seconds
[2025-05-17T06:37:28.950+0000] {processor.py:186} INFO - Started process (PID=403) to work on /home/airflow/.local/lib/python3.12/site-packages/airflow/example_dags/example_external_task_marker_dag.py
[2025-05-17T06:37:28.961+0000] {processor.py:914} INFO - Processing file /home/airflow/.local/lib/python3.12/site-packages/airflow/example_dags/example_external_task_marker_dag.py for tasks to queue
[2025-05-17T06:37:28.999+0000] {logging_mixin.py:190} INFO - [2025-05-17T06:37:28.998+0000] {dagbag.py:588} INFO - Filling up the DagBag from /home/airflow/.local/lib/python3.12/site-packages/airflow/example_dags/example_external_task_marker_dag.py
[2025-05-17T06:37:29.118+0000] {processor.py:925} INFO - DAG(s) 'example_external_task_marker_child', 'example_external_task_marker_parent' retrieved from /home/airflow/.local/lib/python3.12/site-packages/airflow/example_dags/example_external_task_marker_dag.py
[2025-05-17T06:37:29.299+0000] {logging_mixin.py:190} INFO - [2025-05-17T06:37:29.298+0000] {dag.py:3239} INFO - Sync 2 DAGs
[2025-05-17T06:37:29.541+0000] {logging_mixin.py:190} INFO - [2025-05-17T06:37:29.540+0000] {dag.py:4180} INFO - Setting next_dagrun for example_external_task_marker_child to None, run_after=None
[2025-05-17T06:37:29.601+0000] {logging_mixin.py:190} INFO - [2025-05-17T06:37:29.599+0000] {dag.py:4180} INFO - Setting next_dagrun for example_external_task_marker_parent to None, run_after=None
[2025-05-17T06:37:29.803+0000] {processor.py:208} INFO - Processing /home/airflow/.local/lib/python3.12/site-packages/airflow/example_dags/example_external_task_marker_dag.py took 0.907 seconds
[2025-05-17T06:38:09.803+0000] {processor.py:186} INFO - Started process (PID=469) to work on /home/airflow/.local/lib/python3.12/site-packages/airflow/example_dags/example_external_task_marker_dag.py
[2025-05-17T06:38:09.812+0000] {processor.py:914} INFO - Processing file /home/airflow/.local/lib/python3.12/site-packages/airflow/example_dags/example_external_task_marker_dag.py for tasks to queue
[2025-05-17T06:38:09.836+0000] {logging_mixin.py:190} INFO - [2025-05-17T06:38:09.835+0000] {dagbag.py:588} INFO - Filling up the DagBag from /home/airflow/.local/lib/python3.12/site-packages/airflow/example_dags/example_external_task_marker_dag.py
[2025-05-17T06:38:09.888+0000] {processor.py:925} INFO - DAG(s) 'example_external_task_marker_parent', 'example_external_task_marker_child' retrieved from /home/airflow/.local/lib/python3.12/site-packages/airflow/example_dags/example_external_task_marker_dag.py
[2025-05-17T06:38:10.202+0000] {logging_mixin.py:190} INFO - [2025-05-17T06:38:10.193+0000] {dag.py:3239} INFO - Sync 2 DAGs
[2025-05-17T06:38:10.338+0000] {logging_mixin.py:190} INFO - [2025-05-17T06:38:10.337+0000] {dag.py:4180} INFO - Setting next_dagrun for example_external_task_marker_child to None, run_after=None
[2025-05-17T06:38:10.414+0000] {logging_mixin.py:190} INFO - [2025-05-17T06:38:10.413+0000] {dag.py:4180} INFO - Setting next_dagrun for example_external_task_marker_parent to None, run_after=None
[2025-05-17T06:38:10.853+0000] {processor.py:208} INFO - Processing /home/airflow/.local/lib/python3.12/site-packages/airflow/example_dags/example_external_task_marker_dag.py took 1.186 seconds
[2025-05-17T06:38:52.751+0000] {processor.py:186} INFO - Started process (PID=541) to work on /home/airflow/.local/lib/python3.12/site-packages/airflow/example_dags/example_external_task_marker_dag.py
[2025-05-17T06:38:52.772+0000] {processor.py:914} INFO - Processing file /home/airflow/.local/lib/python3.12/site-packages/airflow/example_dags/example_external_task_marker_dag.py for tasks to queue
[2025-05-17T06:38:52.810+0000] {logging_mixin.py:190} INFO - [2025-05-17T06:38:52.809+0000] {dagbag.py:588} INFO - Filling up the DagBag from /home/airflow/.local/lib/python3.12/site-packages/airflow/example_dags/example_external_task_marker_dag.py
[2025-05-17T06:38:52.876+0000] {processor.py:925} INFO - DAG(s) 'example_external_task_marker_child', 'example_external_task_marker_parent' retrieved from /home/airflow/.local/lib/python3.12/site-packages/airflow/example_dags/example_external_task_marker_dag.py
[2025-05-17T06:38:53.120+0000] {logging_mixin.py:190} INFO - [2025-05-17T06:38:53.120+0000] {dag.py:3239} INFO - Sync 2 DAGs
[2025-05-17T06:38:53.311+0000] {logging_mixin.py:190} INFO - [2025-05-17T06:38:53.311+0000] {dag.py:4180} INFO - Setting next_dagrun for example_external_task_marker_child to None, run_after=None
[2025-05-17T06:38:53.339+0000] {logging_mixin.py:190} INFO - [2025-05-17T06:38:53.338+0000] {dag.py:4180} INFO - Setting next_dagrun for example_external_task_marker_parent to None, run_after=None
[2025-05-17T06:38:53.587+0000] {processor.py:208} INFO - Processing /home/airflow/.local/lib/python3.12/site-packages/airflow/example_dags/example_external_task_marker_dag.py took 0.892 seconds
[2025-05-17T06:39:30.428+0000] {processor.py:186} INFO - Started process (PID=608) to work on /home/airflow/.local/lib/python3.12/site-packages/airflow/example_dags/example_external_task_marker_dag.py
[2025-05-17T06:39:30.434+0000] {processor.py:914} INFO - Processing file /home/airflow/.local/lib/python3.12/site-packages/airflow/example_dags/example_external_task_marker_dag.py for tasks to queue
[2025-05-17T06:39:30.449+0000] {logging_mixin.py:190} INFO - [2025-05-17T06:39:30.448+0000] {dagbag.py:588} INFO - Filling up the DagBag from /home/airflow/.local/lib/python3.12/site-packages/airflow/example_dags/example_external_task_marker_dag.py
[2025-05-17T06:39:30.518+0000] {processor.py:925} INFO - DAG(s) 'example_external_task_marker_child', 'example_external_task_marker_parent' retrieved from /home/airflow/.local/lib/python3.12/site-packages/airflow/example_dags/example_external_task_marker_dag.py
[2025-05-17T06:39:30.662+0000] {logging_mixin.py:190} INFO - [2025-05-17T06:39:30.660+0000] {dag.py:3239} INFO - Sync 2 DAGs
[2025-05-17T06:39:30.720+0000] {logging_mixin.py:190} INFO - [2025-05-17T06:39:30.719+0000] {dag.py:4180} INFO - Setting next_dagrun for example_external_task_marker_child to None, run_after=None
[2025-05-17T06:39:30.733+0000] {logging_mixin.py:190} INFO - [2025-05-17T06:39:30.733+0000] {dag.py:4180} INFO - Setting next_dagrun for example_external_task_marker_parent to None, run_after=None
[2025-05-17T06:39:30.817+0000] {processor.py:208} INFO - Processing /home/airflow/.local/lib/python3.12/site-packages/airflow/example_dags/example_external_task_marker_dag.py took 0.438 seconds
[2025-05-17T06:40:01.237+0000] {processor.py:186} INFO - Started process (PID=673) to work on /home/airflow/.local/lib/python3.12/site-packages/airflow/example_dags/example_external_task_marker_dag.py
[2025-05-17T06:40:01.240+0000] {processor.py:914} INFO - Processing file /home/airflow/.local/lib/python3.12/site-packages/airflow/example_dags/example_external_task_marker_dag.py for tasks to queue
[2025-05-17T06:40:01.245+0000] {logging_mixin.py:190} INFO - [2025-05-17T06:40:01.243+0000] {dagbag.py:588} INFO - Filling up the DagBag from /home/airflow/.local/lib/python3.12/site-packages/airflow/example_dags/example_external_task_marker_dag.py
[2025-05-17T06:40:01.260+0000] {processor.py:925} INFO - DAG(s) 'example_external_task_marker_parent', 'example_external_task_marker_child' retrieved from /home/airflow/.local/lib/python3.12/site-packages/airflow/example_dags/example_external_task_marker_dag.py
[2025-05-17T06:40:01.302+0000] {logging_mixin.py:190} INFO - [2025-05-17T06:40:01.302+0000] {dag.py:3239} INFO - Sync 2 DAGs
[2025-05-17T06:40:01.338+0000] {logging_mixin.py:190} INFO - [2025-05-17T06:40:01.337+0000] {dag.py:4180} INFO - Setting next_dagrun for example_external_task_marker_child to None, run_after=None
[2025-05-17T06:40:01.348+0000] {logging_mixin.py:190} INFO - [2025-05-17T06:40:01.348+0000] {dag.py:4180} INFO - Setting next_dagrun for example_external_task_marker_parent to None, run_after=None
[2025-05-17T06:40:01.384+0000] {processor.py:208} INFO - Processing /home/airflow/.local/lib/python3.12/site-packages/airflow/example_dags/example_external_task_marker_dag.py took 0.161 seconds
[2025-05-17T06:40:46.137+0000] {processor.py:186} INFO - Started process (PID=739) to work on /home/airflow/.local/lib/python3.12/site-packages/airflow/example_dags/example_external_task_marker_dag.py
[2025-05-17T06:40:46.145+0000] {processor.py:914} INFO - Processing file /home/airflow/.local/lib/python3.12/site-packages/airflow/example_dags/example_external_task_marker_dag.py for tasks to queue
[2025-05-17T06:40:46.225+0000] {logging_mixin.py:190} INFO - [2025-05-17T06:40:46.210+0000] {dagbag.py:588} INFO - Filling up the DagBag from /home/airflow/.local/lib/python3.12/site-packages/airflow/example_dags/example_external_task_marker_dag.py
[2025-05-17T06:40:46.361+0000] {processor.py:925} INFO - DAG(s) 'example_external_task_marker_parent', 'example_external_task_marker_child' retrieved from /home/airflow/.local/lib/python3.12/site-packages/airflow/example_dags/example_external_task_marker_dag.py
[2025-05-17T06:40:46.751+0000] {logging_mixin.py:190} INFO - [2025-05-17T06:40:46.749+0000] {dag.py:3239} INFO - Sync 2 DAGs
[2025-05-17T06:40:47.125+0000] {logging_mixin.py:190} INFO - [2025-05-17T06:40:47.125+0000] {dag.py:4180} INFO - Setting next_dagrun for example_external_task_marker_child to None, run_after=None
[2025-05-17T06:40:47.151+0000] {logging_mixin.py:190} INFO - [2025-05-17T06:40:47.141+0000] {dag.py:4180} INFO - Setting next_dagrun for example_external_task_marker_parent to None, run_after=None
[2025-05-17T06:40:47.491+0000] {processor.py:208} INFO - Processing /home/airflow/.local/lib/python3.12/site-packages/airflow/example_dags/example_external_task_marker_dag.py took 1.377 seconds
[2025-05-17T06:41:19.821+0000] {processor.py:186} INFO - Started process (PID=806) to work on /home/airflow/.local/lib/python3.12/site-packages/airflow/example_dags/example_external_task_marker_dag.py
[2025-05-17T06:41:19.826+0000] {processor.py:914} INFO - Processing file /home/airflow/.local/lib/python3.12/site-packages/airflow/example_dags/example_external_task_marker_dag.py for tasks to queue
[2025-05-17T06:41:19.835+0000] {logging_mixin.py:190} INFO - [2025-05-17T06:41:19.834+0000] {dagbag.py:588} INFO - Filling up the DagBag from /home/airflow/.local/lib/python3.12/site-packages/airflow/example_dags/example_external_task_marker_dag.py
[2025-05-17T06:41:19.864+0000] {processor.py:925} INFO - DAG(s) 'example_external_task_marker_child', 'example_external_task_marker_parent' retrieved from /home/airflow/.local/lib/python3.12/site-packages/airflow/example_dags/example_external_task_marker_dag.py
[2025-05-17T06:41:19.960+0000] {logging_mixin.py:190} INFO - [2025-05-17T06:41:19.959+0000] {dag.py:3239} INFO - Sync 2 DAGs
[2025-05-17T06:41:20.029+0000] {logging_mixin.py:190} INFO - [2025-05-17T06:41:20.029+0000] {dag.py:4180} INFO - Setting next_dagrun for example_external_task_marker_child to None, run_after=None
[2025-05-17T06:41:20.050+0000] {logging_mixin.py:190} INFO - [2025-05-17T06:41:20.049+0000] {dag.py:4180} INFO - Setting next_dagrun for example_external_task_marker_parent to None, run_after=None
[2025-05-17T06:41:20.145+0000] {processor.py:208} INFO - Processing /home/airflow/.local/lib/python3.12/site-packages/airflow/example_dags/example_external_task_marker_dag.py took 0.350 seconds
[2025-05-17T06:42:03.118+0000] {processor.py:186} INFO - Started process (PID=871) to work on /home/airflow/.local/lib/python3.12/site-packages/airflow/example_dags/example_external_task_marker_dag.py
[2025-05-17T06:42:03.122+0000] {processor.py:914} INFO - Processing file /home/airflow/.local/lib/python3.12/site-packages/airflow/example_dags/example_external_task_marker_dag.py for tasks to queue
[2025-05-17T06:42:03.132+0000] {logging_mixin.py:190} INFO - [2025-05-17T06:42:03.129+0000] {dagbag.py:588} INFO - Filling up the DagBag from /home/airflow/.local/lib/python3.12/site-packages/airflow/example_dags/example_external_task_marker_dag.py
[2025-05-17T06:42:03.160+0000] {processor.py:925} INFO - DAG(s) 'example_external_task_marker_parent', 'example_external_task_marker_child' retrieved from /home/airflow/.local/lib/python3.12/site-packages/airflow/example_dags/example_external_task_marker_dag.py
[2025-05-17T06:42:03.244+0000] {logging_mixin.py:190} INFO - [2025-05-17T06:42:03.243+0000] {dag.py:3239} INFO - Sync 2 DAGs
[2025-05-17T06:42:03.307+0000] {logging_mixin.py:190} INFO - [2025-05-17T06:42:03.306+0000] {dag.py:4180} INFO - Setting next_dagrun for example_external_task_marker_child to None, run_after=None
[2025-05-17T06:42:03.329+0000] {logging_mixin.py:190} INFO - [2025-05-17T06:42:03.328+0000] {dag.py:4180} INFO - Setting next_dagrun for example_external_task_marker_parent to None, run_after=None
[2025-05-17T06:42:03.406+0000] {processor.py:208} INFO - Processing /home/airflow/.local/lib/python3.12/site-packages/airflow/example_dags/example_external_task_marker_dag.py took 0.307 seconds
[2025-05-17T06:42:35.220+0000] {processor.py:186} INFO - Started process (PID=937) to work on /home/airflow/.local/lib/python3.12/site-packages/airflow/example_dags/example_external_task_marker_dag.py
[2025-05-17T06:42:35.223+0000] {processor.py:914} INFO - Processing file /home/airflow/.local/lib/python3.12/site-packages/airflow/example_dags/example_external_task_marker_dag.py for tasks to queue
[2025-05-17T06:42:35.233+0000] {logging_mixin.py:190} INFO - [2025-05-17T06:42:35.232+0000] {dagbag.py:588} INFO - Filling up the DagBag from /home/airflow/.local/lib/python3.12/site-packages/airflow/example_dags/example_external_task_marker_dag.py
[2025-05-17T06:42:35.268+0000] {processor.py:925} INFO - DAG(s) 'example_external_task_marker_child', 'example_external_task_marker_parent' retrieved from /home/airflow/.local/lib/python3.12/site-packages/airflow/example_dags/example_external_task_marker_dag.py
[2025-05-17T06:42:35.398+0000] {logging_mixin.py:190} INFO - [2025-05-17T06:42:35.398+0000] {dag.py:3239} INFO - Sync 2 DAGs
[2025-05-17T06:42:35.466+0000] {logging_mixin.py:190} INFO - [2025-05-17T06:42:35.465+0000] {dag.py:4180} INFO - Setting next_dagrun for example_external_task_marker_child to None, run_after=None
[2025-05-17T06:42:35.489+0000] {logging_mixin.py:190} INFO - [2025-05-17T06:42:35.487+0000] {dag.py:4180} INFO - Setting next_dagrun for example_external_task_marker_parent to None, run_after=None
[2025-05-17T06:42:35.571+0000] {processor.py:208} INFO - Processing /home/airflow/.local/lib/python3.12/site-packages/airflow/example_dags/example_external_task_marker_dag.py took 0.400 seconds
[2025-05-17T06:43:17.014+0000] {processor.py:186} INFO - Started process (PID=1012) to work on /home/airflow/.local/lib/python3.12/site-packages/airflow/example_dags/example_external_task_marker_dag.py
[2025-05-17T06:43:17.018+0000] {processor.py:914} INFO - Processing file /home/airflow/.local/lib/python3.12/site-packages/airflow/example_dags/example_external_task_marker_dag.py for tasks to queue
[2025-05-17T06:43:17.039+0000] {logging_mixin.py:190} INFO - [2025-05-17T06:43:17.037+0000] {dagbag.py:588} INFO - Filling up the DagBag from /home/airflow/.local/lib/python3.12/site-packages/airflow/example_dags/example_external_task_marker_dag.py
[2025-05-17T06:43:17.073+0000] {processor.py:925} INFO - DAG(s) 'example_external_task_marker_parent', 'example_external_task_marker_child' retrieved from /home/airflow/.local/lib/python3.12/site-packages/airflow/example_dags/example_external_task_marker_dag.py
[2025-05-17T06:43:17.148+0000] {logging_mixin.py:190} INFO - [2025-05-17T06:43:17.148+0000] {dag.py:3239} INFO - Sync 2 DAGs
[2025-05-17T06:43:17.225+0000] {logging_mixin.py:190} INFO - [2025-05-17T06:43:17.224+0000] {dag.py:4180} INFO - Setting next_dagrun for example_external_task_marker_child to None, run_after=None
[2025-05-17T06:43:17.267+0000] {logging_mixin.py:190} INFO - [2025-05-17T06:43:17.265+0000] {dag.py:4180} INFO - Setting next_dagrun for example_external_task_marker_parent to None, run_after=None
[2025-05-17T06:43:17.393+0000] {processor.py:208} INFO - Processing /home/airflow/.local/lib/python3.12/site-packages/airflow/example_dags/example_external_task_marker_dag.py took 0.406 seconds
[2025-05-17T06:44:00.928+0000] {processor.py:186} INFO - Started process (PID=1076) to work on /home/airflow/.local/lib/python3.12/site-packages/airflow/example_dags/example_external_task_marker_dag.py
[2025-05-17T06:44:00.933+0000] {processor.py:914} INFO - Processing file /home/airflow/.local/lib/python3.12/site-packages/airflow/example_dags/example_external_task_marker_dag.py for tasks to queue
[2025-05-17T06:44:00.940+0000] {logging_mixin.py:190} INFO - [2025-05-17T06:44:00.939+0000] {dagbag.py:588} INFO - Filling up the DagBag from /home/airflow/.local/lib/python3.12/site-packages/airflow/example_dags/example_external_task_marker_dag.py
[2025-05-17T06:44:00.965+0000] {processor.py:925} INFO - DAG(s) 'example_external_task_marker_child', 'example_external_task_marker_parent' retrieved from /home/airflow/.local/lib/python3.12/site-packages/airflow/example_dags/example_external_task_marker_dag.py
[2025-05-17T06:44:01.032+0000] {logging_mixin.py:190} INFO - [2025-05-17T06:44:01.030+0000] {dag.py:3239} INFO - Sync 2 DAGs
[2025-05-17T06:44:01.080+0000] {logging_mixin.py:190} INFO - [2025-05-17T06:44:01.080+0000] {dag.py:4180} INFO - Setting next_dagrun for example_external_task_marker_child to None, run_after=None
[2025-05-17T06:44:01.092+0000] {logging_mixin.py:190} INFO - [2025-05-17T06:44:01.091+0000] {dag.py:4180} INFO - Setting next_dagrun for example_external_task_marker_parent to None, run_after=None
[2025-05-17T06:44:01.188+0000] {processor.py:208} INFO - Processing /home/airflow/.local/lib/python3.12/site-packages/airflow/example_dags/example_external_task_marker_dag.py took 0.276 seconds
[2025-05-17T06:44:38.785+0000] {processor.py:186} INFO - Started process (PID=1145) to work on /home/airflow/.local/lib/python3.12/site-packages/airflow/example_dags/example_external_task_marker_dag.py
[2025-05-17T06:44:38.799+0000] {processor.py:914} INFO - Processing file /home/airflow/.local/lib/python3.12/site-packages/airflow/example_dags/example_external_task_marker_dag.py for tasks to queue
[2025-05-17T06:44:38.837+0000] {logging_mixin.py:190} INFO - [2025-05-17T06:44:38.836+0000] {dagbag.py:588} INFO - Filling up the DagBag from /home/airflow/.local/lib/python3.12/site-packages/airflow/example_dags/example_external_task_marker_dag.py
[2025-05-17T06:44:38.881+0000] {processor.py:925} INFO - DAG(s) 'example_external_task_marker_parent', 'example_external_task_marker_child' retrieved from /home/airflow/.local/lib/python3.12/site-packages/airflow/example_dags/example_external_task_marker_dag.py
[2025-05-17T06:44:39.008+0000] {logging_mixin.py:190} INFO - [2025-05-17T06:44:39.007+0000] {dag.py:3239} INFO - Sync 2 DAGs
[2025-05-17T06:44:39.087+0000] {logging_mixin.py:190} INFO - [2025-05-17T06:44:39.086+0000] {dag.py:4180} INFO - Setting next_dagrun for example_external_task_marker_child to None, run_after=None
[2025-05-17T06:44:39.114+0000] {logging_mixin.py:190} INFO - [2025-05-17T06:44:39.113+0000] {dag.py:4180} INFO - Setting next_dagrun for example_external_task_marker_parent to None, run_after=None
[2025-05-17T06:44:39.222+0000] {processor.py:208} INFO - Processing /home/airflow/.local/lib/python3.12/site-packages/airflow/example_dags/example_external_task_marker_dag.py took 0.460 seconds
[2025-05-17T06:45:21.542+0000] {processor.py:186} INFO - Started process (PID=1217) to work on /home/airflow/.local/lib/python3.12/site-packages/airflow/example_dags/example_external_task_marker_dag.py
[2025-05-17T06:45:21.548+0000] {processor.py:914} INFO - Processing file /home/airflow/.local/lib/python3.12/site-packages/airflow/example_dags/example_external_task_marker_dag.py for tasks to queue
[2025-05-17T06:45:21.579+0000] {logging_mixin.py:190} INFO - [2025-05-17T06:45:21.575+0000] {dagbag.py:588} INFO - Filling up the DagBag from /home/airflow/.local/lib/python3.12/site-packages/airflow/example_dags/example_external_task_marker_dag.py
[2025-05-17T06:45:21.627+0000] {processor.py:925} INFO - DAG(s) 'example_external_task_marker_parent', 'example_external_task_marker_child' retrieved from /home/airflow/.local/lib/python3.12/site-packages/airflow/example_dags/example_external_task_marker_dag.py
[2025-05-17T06:45:21.762+0000] {logging_mixin.py:190} INFO - [2025-05-17T06:45:21.761+0000] {dag.py:3239} INFO - Sync 2 DAGs
[2025-05-17T06:45:21.835+0000] {logging_mixin.py:190} INFO - [2025-05-17T06:45:21.833+0000] {dag.py:4180} INFO - Setting next_dagrun for example_external_task_marker_child to None, run_after=None
[2025-05-17T06:45:21.877+0000] {logging_mixin.py:190} INFO - [2025-05-17T06:45:21.876+0000] {dag.py:4180} INFO - Setting next_dagrun for example_external_task_marker_parent to None, run_after=None
[2025-05-17T06:45:22.023+0000] {processor.py:208} INFO - Processing /home/airflow/.local/lib/python3.12/site-packages/airflow/example_dags/example_external_task_marker_dag.py took 0.506 seconds
[2025-05-17T06:46:16.823+0000] {processor.py:186} INFO - Started process (PID=1288) to work on /home/airflow/.local/lib/python3.12/site-packages/airflow/example_dags/example_external_task_marker_dag.py
[2025-05-17T06:46:16.837+0000] {processor.py:914} INFO - Processing file /home/airflow/.local/lib/python3.12/site-packages/airflow/example_dags/example_external_task_marker_dag.py for tasks to queue
[2025-05-17T06:46:16.874+0000] {logging_mixin.py:190} INFO - [2025-05-17T06:46:16.873+0000] {dagbag.py:588} INFO - Filling up the DagBag from /home/airflow/.local/lib/python3.12/site-packages/airflow/example_dags/example_external_task_marker_dag.py
[2025-05-17T06:46:16.964+0000] {processor.py:925} INFO - DAG(s) 'example_external_task_marker_parent', 'example_external_task_marker_child' retrieved from /home/airflow/.local/lib/python3.12/site-packages/airflow/example_dags/example_external_task_marker_dag.py
[2025-05-17T06:46:17.368+0000] {logging_mixin.py:190} INFO - [2025-05-17T06:46:17.365+0000] {dag.py:3239} INFO - Sync 2 DAGs
[2025-05-17T06:46:17.587+0000] {logging_mixin.py:190} INFO - [2025-05-17T06:46:17.581+0000] {dag.py:4180} INFO - Setting next_dagrun for example_external_task_marker_child to None, run_after=None
[2025-05-17T06:46:17.666+0000] {logging_mixin.py:190} INFO - [2025-05-17T06:46:17.664+0000] {dag.py:4180} INFO - Setting next_dagrun for example_external_task_marker_parent to None, run_after=None
[2025-05-17T06:46:17.973+0000] {processor.py:208} INFO - Processing /home/airflow/.local/lib/python3.12/site-packages/airflow/example_dags/example_external_task_marker_dag.py took 1.204 seconds
[2025-05-17T06:47:32.360+0000] {processor.py:186} INFO - Started process (PID=1370) to work on /home/airflow/.local/lib/python3.12/site-packages/airflow/example_dags/example_external_task_marker_dag.py
[2025-05-17T06:47:32.396+0000] {processor.py:914} INFO - Processing file /home/airflow/.local/lib/python3.12/site-packages/airflow/example_dags/example_external_task_marker_dag.py for tasks to queue
[2025-05-17T06:47:32.466+0000] {logging_mixin.py:190} INFO - [2025-05-17T06:47:32.465+0000] {dagbag.py:588} INFO - Filling up the DagBag from /home/airflow/.local/lib/python3.12/site-packages/airflow/example_dags/example_external_task_marker_dag.py
[2025-05-17T06:47:32.536+0000] {processor.py:925} INFO - DAG(s) 'example_external_task_marker_child', 'example_external_task_marker_parent' retrieved from /home/airflow/.local/lib/python3.12/site-packages/airflow/example_dags/example_external_task_marker_dag.py
[2025-05-17T06:47:32.661+0000] {logging_mixin.py:190} INFO - [2025-05-17T06:47:32.659+0000] {dag.py:3239} INFO - Sync 2 DAGs
[2025-05-17T06:47:32.763+0000] {logging_mixin.py:190} INFO - [2025-05-17T06:47:32.761+0000] {dag.py:4180} INFO - Setting next_dagrun for example_external_task_marker_child to None, run_after=None
[2025-05-17T06:47:32.802+0000] {logging_mixin.py:190} INFO - [2025-05-17T06:47:32.801+0000] {dag.py:4180} INFO - Setting next_dagrun for example_external_task_marker_parent to None, run_after=None
[2025-05-17T06:47:32.948+0000] {processor.py:208} INFO - Processing /home/airflow/.local/lib/python3.12/site-packages/airflow/example_dags/example_external_task_marker_dag.py took 0.611 seconds
[2025-05-17T06:48:32.254+0000] {processor.py:186} INFO - Started process (PID=1442) to work on /home/airflow/.local/lib/python3.12/site-packages/airflow/example_dags/example_external_task_marker_dag.py
[2025-05-17T06:48:32.259+0000] {processor.py:914} INFO - Processing file /home/airflow/.local/lib/python3.12/site-packages/airflow/example_dags/example_external_task_marker_dag.py for tasks to queue
[2025-05-17T06:48:32.296+0000] {logging_mixin.py:190} INFO - [2025-05-17T06:48:32.294+0000] {dagbag.py:588} INFO - Filling up the DagBag from /home/airflow/.local/lib/python3.12/site-packages/airflow/example_dags/example_external_task_marker_dag.py
[2025-05-17T06:48:32.443+0000] {processor.py:925} INFO - DAG(s) 'example_external_task_marker_child', 'example_external_task_marker_parent' retrieved from /home/airflow/.local/lib/python3.12/site-packages/airflow/example_dags/example_external_task_marker_dag.py
[2025-05-17T06:48:32.835+0000] {logging_mixin.py:190} INFO - [2025-05-17T06:48:32.834+0000] {dag.py:3239} INFO - Sync 2 DAGs
[2025-05-17T06:48:33.053+0000] {logging_mixin.py:190} INFO - [2025-05-17T06:48:33.051+0000] {dag.py:4180} INFO - Setting next_dagrun for example_external_task_marker_child to None, run_after=None
[2025-05-17T06:48:33.183+0000] {logging_mixin.py:190} INFO - [2025-05-17T06:48:33.171+0000] {dag.py:4180} INFO - Setting next_dagrun for example_external_task_marker_parent to None, run_after=None
[2025-05-17T06:48:33.411+0000] {processor.py:208} INFO - Processing /home/airflow/.local/lib/python3.12/site-packages/airflow/example_dags/example_external_task_marker_dag.py took 1.211 seconds
[2025-05-17T06:49:44.984+0000] {processor.py:186} INFO - Started process (PID=1518) to work on /home/airflow/.local/lib/python3.12/site-packages/airflow/example_dags/example_external_task_marker_dag.py
[2025-05-17T06:49:44.995+0000] {processor.py:914} INFO - Processing file /home/airflow/.local/lib/python3.12/site-packages/airflow/example_dags/example_external_task_marker_dag.py for tasks to queue
[2025-05-17T06:49:45.053+0000] {logging_mixin.py:190} INFO - [2025-05-17T06:49:45.037+0000] {dagbag.py:588} INFO - Filling up the DagBag from /home/airflow/.local/lib/python3.12/site-packages/airflow/example_dags/example_external_task_marker_dag.py
[2025-05-17T06:49:45.176+0000] {processor.py:925} INFO - DAG(s) 'example_external_task_marker_parent', 'example_external_task_marker_child' retrieved from /home/airflow/.local/lib/python3.12/site-packages/airflow/example_dags/example_external_task_marker_dag.py
[2025-05-17T06:49:45.444+0000] {logging_mixin.py:190} INFO - [2025-05-17T06:49:45.443+0000] {dag.py:3239} INFO - Sync 2 DAGs
[2025-05-17T06:49:45.570+0000] {logging_mixin.py:190} INFO - [2025-05-17T06:49:45.569+0000] {dag.py:4180} INFO - Setting next_dagrun for example_external_task_marker_child to None, run_after=None
[2025-05-17T06:49:45.593+0000] {logging_mixin.py:190} INFO - [2025-05-17T06:49:45.587+0000] {dag.py:4180} INFO - Setting next_dagrun for example_external_task_marker_parent to None, run_after=None
[2025-05-17T06:49:45.785+0000] {processor.py:208} INFO - Processing /home/airflow/.local/lib/python3.12/site-packages/airflow/example_dags/example_external_task_marker_dag.py took 0.819 seconds
[2025-05-17T06:50:41.064+0000] {processor.py:186} INFO - Started process (PID=1590) to work on /home/airflow/.local/lib/python3.12/site-packages/airflow/example_dags/example_external_task_marker_dag.py
[2025-05-17T06:50:41.072+0000] {processor.py:914} INFO - Processing file /home/airflow/.local/lib/python3.12/site-packages/airflow/example_dags/example_external_task_marker_dag.py for tasks to queue
[2025-05-17T06:50:41.129+0000] {logging_mixin.py:190} INFO - [2025-05-17T06:50:41.118+0000] {dagbag.py:588} INFO - Filling up the DagBag from /home/airflow/.local/lib/python3.12/site-packages/airflow/example_dags/example_external_task_marker_dag.py
[2025-05-17T06:50:41.156+0000] {processor.py:925} INFO - DAG(s) 'example_external_task_marker_parent', 'example_external_task_marker_child' retrieved from /home/airflow/.local/lib/python3.12/site-packages/airflow/example_dags/example_external_task_marker_dag.py
[2025-05-17T06:50:41.548+0000] {logging_mixin.py:190} INFO - [2025-05-17T06:50:41.548+0000] {dag.py:3239} INFO - Sync 2 DAGs
[2025-05-17T06:50:41.805+0000] {logging_mixin.py:190} INFO - [2025-05-17T06:50:41.804+0000] {dag.py:4180} INFO - Setting next_dagrun for example_external_task_marker_child to None, run_after=None
[2025-05-17T06:50:41.836+0000] {logging_mixin.py:190} INFO - [2025-05-17T06:50:41.835+0000] {dag.py:4180} INFO - Setting next_dagrun for example_external_task_marker_parent to None, run_after=None
[2025-05-17T06:50:41.947+0000] {processor.py:208} INFO - Processing /home/airflow/.local/lib/python3.12/site-packages/airflow/example_dags/example_external_task_marker_dag.py took 0.996 seconds
[2025-05-17T06:51:35.864+0000] {processor.py:186} INFO - Started process (PID=1655) to work on /home/airflow/.local/lib/python3.12/site-packages/airflow/example_dags/example_external_task_marker_dag.py
[2025-05-17T06:51:35.869+0000] {processor.py:914} INFO - Processing file /home/airflow/.local/lib/python3.12/site-packages/airflow/example_dags/example_external_task_marker_dag.py for tasks to queue
[2025-05-17T06:51:35.891+0000] {logging_mixin.py:190} INFO - [2025-05-17T06:51:35.889+0000] {dagbag.py:588} INFO - Filling up the DagBag from /home/airflow/.local/lib/python3.12/site-packages/airflow/example_dags/example_external_task_marker_dag.py
[2025-05-17T06:51:35.919+0000] {processor.py:925} INFO - DAG(s) 'example_external_task_marker_child', 'example_external_task_marker_parent' retrieved from /home/airflow/.local/lib/python3.12/site-packages/airflow/example_dags/example_external_task_marker_dag.py
[2025-05-17T06:51:36.063+0000] {logging_mixin.py:190} INFO - [2025-05-17T06:51:36.061+0000] {dag.py:3239} INFO - Sync 2 DAGs
[2025-05-17T06:51:36.144+0000] {logging_mixin.py:190} INFO - [2025-05-17T06:51:36.143+0000] {dag.py:4180} INFO - Setting next_dagrun for example_external_task_marker_child to None, run_after=None
[2025-05-17T06:51:36.167+0000] {logging_mixin.py:190} INFO - [2025-05-17T06:51:36.166+0000] {dag.py:4180} INFO - Setting next_dagrun for example_external_task_marker_parent to None, run_after=None
[2025-05-17T06:51:36.270+0000] {processor.py:208} INFO - Processing /home/airflow/.local/lib/python3.12/site-packages/airflow/example_dags/example_external_task_marker_dag.py took 0.427 seconds
[2025-05-17T06:52:37.384+0000] {processor.py:186} INFO - Started process (PID=1719) to work on /home/airflow/.local/lib/python3.12/site-packages/airflow/example_dags/example_external_task_marker_dag.py
[2025-05-17T06:52:37.393+0000] {processor.py:914} INFO - Processing file /home/airflow/.local/lib/python3.12/site-packages/airflow/example_dags/example_external_task_marker_dag.py for tasks to queue
[2025-05-17T06:52:37.434+0000] {logging_mixin.py:190} INFO - [2025-05-17T06:52:37.432+0000] {dagbag.py:588} INFO - Filling up the DagBag from /home/airflow/.local/lib/python3.12/site-packages/airflow/example_dags/example_external_task_marker_dag.py
[2025-05-17T06:52:37.599+0000] {processor.py:925} INFO - DAG(s) 'example_external_task_marker_child', 'example_external_task_marker_parent' retrieved from /home/airflow/.local/lib/python3.12/site-packages/airflow/example_dags/example_external_task_marker_dag.py
[2025-05-17T06:52:38.022+0000] {logging_mixin.py:190} INFO - [2025-05-17T06:52:38.021+0000] {dag.py:3239} INFO - Sync 2 DAGs
[2025-05-17T06:52:38.365+0000] {logging_mixin.py:190} INFO - [2025-05-17T06:52:38.365+0000] {dag.py:4180} INFO - Setting next_dagrun for example_external_task_marker_child to None, run_after=None
[2025-05-17T06:52:38.414+0000] {logging_mixin.py:190} INFO - [2025-05-17T06:52:38.400+0000] {dag.py:4180} INFO - Setting next_dagrun for example_external_task_marker_parent to None, run_after=None
[2025-05-17T06:52:38.588+0000] {processor.py:208} INFO - Processing /home/airflow/.local/lib/python3.12/site-packages/airflow/example_dags/example_external_task_marker_dag.py took 1.297 seconds
[2025-05-17T06:53:32.735+0000] {processor.py:186} INFO - Started process (PID=1791) to work on /home/airflow/.local/lib/python3.12/site-packages/airflow/example_dags/example_external_task_marker_dag.py
[2025-05-17T06:53:32.745+0000] {processor.py:914} INFO - Processing file /home/airflow/.local/lib/python3.12/site-packages/airflow/example_dags/example_external_task_marker_dag.py for tasks to queue
[2025-05-17T06:53:32.761+0000] {logging_mixin.py:190} INFO - [2025-05-17T06:53:32.758+0000] {dagbag.py:588} INFO - Filling up the DagBag from /home/airflow/.local/lib/python3.12/site-packages/airflow/example_dags/example_external_task_marker_dag.py
[2025-05-17T06:53:32.828+0000] {processor.py:925} INFO - DAG(s) 'example_external_task_marker_child', 'example_external_task_marker_parent' retrieved from /home/airflow/.local/lib/python3.12/site-packages/airflow/example_dags/example_external_task_marker_dag.py
[2025-05-17T06:53:32.953+0000] {logging_mixin.py:190} INFO - [2025-05-17T06:53:32.952+0000] {dag.py:3239} INFO - Sync 2 DAGs
[2025-05-17T06:53:33.017+0000] {logging_mixin.py:190} INFO - [2025-05-17T06:53:33.016+0000] {dag.py:4180} INFO - Setting next_dagrun for example_external_task_marker_child to None, run_after=None
[2025-05-17T06:53:33.036+0000] {logging_mixin.py:190} INFO - [2025-05-17T06:53:33.035+0000] {dag.py:4180} INFO - Setting next_dagrun for example_external_task_marker_parent to None, run_after=None
[2025-05-17T06:53:33.117+0000] {processor.py:208} INFO - Processing /home/airflow/.local/lib/python3.12/site-packages/airflow/example_dags/example_external_task_marker_dag.py took 0.441 seconds
[2025-05-17T06:54:19.551+0000] {processor.py:186} INFO - Started process (PID=1857) to work on /home/airflow/.local/lib/python3.12/site-packages/airflow/example_dags/example_external_task_marker_dag.py
[2025-05-17T06:54:19.564+0000] {processor.py:914} INFO - Processing file /home/airflow/.local/lib/python3.12/site-packages/airflow/example_dags/example_external_task_marker_dag.py for tasks to queue
[2025-05-17T06:54:19.646+0000] {logging_mixin.py:190} INFO - [2025-05-17T06:54:19.632+0000] {dagbag.py:588} INFO - Filling up the DagBag from /home/airflow/.local/lib/python3.12/site-packages/airflow/example_dags/example_external_task_marker_dag.py
[2025-05-17T06:54:19.689+0000] {processor.py:925} INFO - DAG(s) 'example_external_task_marker_child', 'example_external_task_marker_parent' retrieved from /home/airflow/.local/lib/python3.12/site-packages/airflow/example_dags/example_external_task_marker_dag.py
[2025-05-17T06:54:21.027+0000] {logging_mixin.py:190} INFO - [2025-05-17T06:54:21.025+0000] {dag.py:3239} INFO - Sync 2 DAGs
[2025-05-17T06:54:21.496+0000] {logging_mixin.py:190} INFO - [2025-05-17T06:54:21.495+0000] {dag.py:4180} INFO - Setting next_dagrun for example_external_task_marker_child to None, run_after=None
[2025-05-17T06:54:21.570+0000] {logging_mixin.py:190} INFO - [2025-05-17T06:54:21.569+0000] {dag.py:4180} INFO - Setting next_dagrun for example_external_task_marker_parent to None, run_after=None
[2025-05-17T06:54:22.039+0000] {processor.py:208} INFO - Processing /home/airflow/.local/lib/python3.12/site-packages/airflow/example_dags/example_external_task_marker_dag.py took 2.509 seconds
