[2025-05-17T06:25:25.111+0000] {processor.py:186} INFO - Started process (PID=125) to work on /home/airflow/.local/lib/python3.12/site-packages/airflow/example_dags/example_nested_branch_dag.py
[2025-05-17T06:25:25.116+0000] {processor.py:914} INFO - Processing file /home/airflow/.local/lib/python3.12/site-packages/airflow/example_dags/example_nested_branch_dag.py for tasks to queue
[2025-05-17T06:25:25.125+0000] {logging_mixin.py:190} INFO - [2025-05-17T06:25:25.124+0000] {dagbag.py:588} INFO - Filling up the DagBag from /home/airflow/.local/lib/python3.12/site-packages/airflow/example_dags/example_nested_branch_dag.py
[2025-05-17T06:25:25.171+0000] {processor.py:925} INFO - DAG(s) 'example_nested_branch_dag' retrieved from /home/airflow/.local/lib/python3.12/site-packages/airflow/example_dags/example_nested_branch_dag.py
[2025-05-17T06:25:25.321+0000] {logging_mixin.py:190} INFO - [2025-05-17T06:25:25.321+0000] {dag.py:3239} INFO - Sync 1 DAGs
[2025-05-17T06:25:25.422+0000] {logging_mixin.py:190} INFO - [2025-05-17T06:25:25.422+0000] {dag.py:4180} INFO - Setting next_dagrun for example_nested_branch_dag to 2025-05-16 00:00:00+00:00, run_after=2025-05-17 00:00:00+00:00
[2025-05-17T06:25:25.540+0000] {processor.py:208} INFO - Processing /home/airflow/.local/lib/python3.12/site-packages/airflow/example_dags/example_nested_branch_dag.py took 0.449 seconds
[2025-05-17T06:25:56.807+0000] {processor.py:186} INFO - Started process (PID=191) to work on /home/airflow/.local/lib/python3.12/site-packages/airflow/example_dags/example_nested_branch_dag.py
[2025-05-17T06:25:56.809+0000] {processor.py:914} INFO - Processing file /home/airflow/.local/lib/python3.12/site-packages/airflow/example_dags/example_nested_branch_dag.py for tasks to queue
[2025-05-17T06:25:56.816+0000] {logging_mixin.py:190} INFO - [2025-05-17T06:25:56.815+0000] {dagbag.py:588} INFO - Filling up the DagBag from /home/airflow/.local/lib/python3.12/site-packages/airflow/example_dags/example_nested_branch_dag.py
[2025-05-17T06:25:56.849+0000] {processor.py:925} INFO - DAG(s) 'example_nested_branch_dag' retrieved from /home/airflow/.local/lib/python3.12/site-packages/airflow/example_dags/example_nested_branch_dag.py
[2025-05-17T06:25:56.944+0000] {logging_mixin.py:190} INFO - [2025-05-17T06:25:56.944+0000] {dag.py:3239} INFO - Sync 1 DAGs
[2025-05-17T06:25:57.031+0000] {logging_mixin.py:190} INFO - [2025-05-17T06:25:57.030+0000] {dag.py:4180} INFO - Setting next_dagrun for example_nested_branch_dag to 2025-05-16 00:00:00+00:00, run_after=2025-05-17 00:00:00+00:00
[2025-05-17T06:25:57.092+0000] {processor.py:208} INFO - Processing /home/airflow/.local/lib/python3.12/site-packages/airflow/example_dags/example_nested_branch_dag.py took 0.302 seconds
[2025-05-17T06:34:11.872+0000] {processor.py:186} INFO - Started process (PID=122) to work on /home/airflow/.local/lib/python3.12/site-packages/airflow/example_dags/example_nested_branch_dag.py
[2025-05-17T06:34:11.877+0000] {processor.py:914} INFO - Processing file /home/airflow/.local/lib/python3.12/site-packages/airflow/example_dags/example_nested_branch_dag.py for tasks to queue
[2025-05-17T06:34:11.893+0000] {logging_mixin.py:190} INFO - [2025-05-17T06:34:11.891+0000] {dagbag.py:588} INFO - Filling up the DagBag from /home/airflow/.local/lib/python3.12/site-packages/airflow/example_dags/example_nested_branch_dag.py
[2025-05-17T06:34:11.940+0000] {processor.py:925} INFO - DAG(s) 'example_nested_branch_dag' retrieved from /home/airflow/.local/lib/python3.12/site-packages/airflow/example_dags/example_nested_branch_dag.py
[2025-05-17T06:34:12.043+0000] {logging_mixin.py:190} INFO - [2025-05-17T06:34:12.042+0000] {dag.py:3239} INFO - Sync 1 DAGs
[2025-05-17T06:34:12.179+0000] {logging_mixin.py:190} INFO - [2025-05-17T06:34:12.178+0000] {dag.py:4180} INFO - Setting next_dagrun for example_nested_branch_dag to 2025-05-16 00:00:00+00:00, run_after=2025-05-17 00:00:00+00:00
[2025-05-17T06:34:12.301+0000] {processor.py:208} INFO - Processing /home/airflow/.local/lib/python3.12/site-packages/airflow/example_dags/example_nested_branch_dag.py took 0.452 seconds
[2025-05-17T06:34:47.628+0000] {processor.py:186} INFO - Started process (PID=188) to work on /home/airflow/.local/lib/python3.12/site-packages/airflow/example_dags/example_nested_branch_dag.py
[2025-05-17T06:34:47.632+0000] {processor.py:914} INFO - Processing file /home/airflow/.local/lib/python3.12/site-packages/airflow/example_dags/example_nested_branch_dag.py for tasks to queue
[2025-05-17T06:34:47.643+0000] {logging_mixin.py:190} INFO - [2025-05-17T06:34:47.642+0000] {dagbag.py:588} INFO - Filling up the DagBag from /home/airflow/.local/lib/python3.12/site-packages/airflow/example_dags/example_nested_branch_dag.py
[2025-05-17T06:34:47.676+0000] {processor.py:925} INFO - DAG(s) 'example_nested_branch_dag' retrieved from /home/airflow/.local/lib/python3.12/site-packages/airflow/example_dags/example_nested_branch_dag.py
[2025-05-17T06:34:47.736+0000] {logging_mixin.py:190} INFO - [2025-05-17T06:34:47.735+0000] {dag.py:3239} INFO - Sync 1 DAGs
[2025-05-17T06:34:47.808+0000] {logging_mixin.py:190} INFO - [2025-05-17T06:34:47.807+0000] {dag.py:4180} INFO - Setting next_dagrun for example_nested_branch_dag to 2025-05-16 00:00:00+00:00, run_after=2025-05-17 00:00:00+00:00
[2025-05-17T06:34:47.874+0000] {processor.py:208} INFO - Processing /home/airflow/.local/lib/python3.12/site-packages/airflow/example_dags/example_nested_branch_dag.py took 0.265 seconds
[2025-05-17T06:35:19.420+0000] {processor.py:186} INFO - Started process (PID=253) to work on /home/airflow/.local/lib/python3.12/site-packages/airflow/example_dags/example_nested_branch_dag.py
[2025-05-17T06:35:19.424+0000] {processor.py:914} INFO - Processing file /home/airflow/.local/lib/python3.12/site-packages/airflow/example_dags/example_nested_branch_dag.py for tasks to queue
[2025-05-17T06:35:19.433+0000] {logging_mixin.py:190} INFO - [2025-05-17T06:35:19.432+0000] {dagbag.py:588} INFO - Filling up the DagBag from /home/airflow/.local/lib/python3.12/site-packages/airflow/example_dags/example_nested_branch_dag.py
[2025-05-17T06:35:19.463+0000] {processor.py:925} INFO - DAG(s) 'example_nested_branch_dag' retrieved from /home/airflow/.local/lib/python3.12/site-packages/airflow/example_dags/example_nested_branch_dag.py
[2025-05-17T06:35:19.522+0000] {logging_mixin.py:190} INFO - [2025-05-17T06:35:19.521+0000] {dag.py:3239} INFO - Sync 1 DAGs
[2025-05-17T06:35:19.591+0000] {logging_mixin.py:190} INFO - [2025-05-17T06:35:19.590+0000] {dag.py:4180} INFO - Setting next_dagrun for example_nested_branch_dag to 2025-05-16 00:00:00+00:00, run_after=2025-05-17 00:00:00+00:00
[2025-05-17T06:35:19.667+0000] {processor.py:208} INFO - Processing /home/airflow/.local/lib/python3.12/site-packages/airflow/example_dags/example_nested_branch_dag.py took 0.264 seconds
[2025-05-17T06:36:52.652+0000] {processor.py:186} INFO - Started process (PID=333) to work on /home/airflow/.local/lib/python3.12/site-packages/airflow/example_dags/example_nested_branch_dag.py
[2025-05-17T06:36:52.654+0000] {processor.py:914} INFO - Processing file /home/airflow/.local/lib/python3.12/site-packages/airflow/example_dags/example_nested_branch_dag.py for tasks to queue
[2025-05-17T06:36:52.658+0000] {logging_mixin.py:190} INFO - [2025-05-17T06:36:52.657+0000] {dagbag.py:588} INFO - Filling up the DagBag from /home/airflow/.local/lib/python3.12/site-packages/airflow/example_dags/example_nested_branch_dag.py
[2025-05-17T06:36:52.678+0000] {processor.py:925} INFO - DAG(s) 'example_nested_branch_dag' retrieved from /home/airflow/.local/lib/python3.12/site-packages/airflow/example_dags/example_nested_branch_dag.py
[2025-05-17T06:36:52.713+0000] {logging_mixin.py:190} INFO - [2025-05-17T06:36:52.713+0000] {dag.py:3239} INFO - Sync 1 DAGs
[2025-05-17T06:36:52.754+0000] {logging_mixin.py:190} INFO - [2025-05-17T06:36:52.754+0000] {dag.py:4180} INFO - Setting next_dagrun for example_nested_branch_dag to 2025-05-16 00:00:00+00:00, run_after=2025-05-17 00:00:00+00:00
[2025-05-17T06:36:52.794+0000] {processor.py:208} INFO - Processing /home/airflow/.local/lib/python3.12/site-packages/airflow/example_dags/example_nested_branch_dag.py took 0.155 seconds
[2025-05-17T06:37:26.416+0000] {processor.py:186} INFO - Started process (PID=399) to work on /home/airflow/.local/lib/python3.12/site-packages/airflow/example_dags/example_nested_branch_dag.py
[2025-05-17T06:37:26.434+0000] {processor.py:914} INFO - Processing file /home/airflow/.local/lib/python3.12/site-packages/airflow/example_dags/example_nested_branch_dag.py for tasks to queue
[2025-05-17T06:37:26.453+0000] {logging_mixin.py:190} INFO - [2025-05-17T06:37:26.452+0000] {dagbag.py:588} INFO - Filling up the DagBag from /home/airflow/.local/lib/python3.12/site-packages/airflow/example_dags/example_nested_branch_dag.py
[2025-05-17T06:37:26.535+0000] {processor.py:925} INFO - DAG(s) 'example_nested_branch_dag' retrieved from /home/airflow/.local/lib/python3.12/site-packages/airflow/example_dags/example_nested_branch_dag.py
[2025-05-17T06:37:26.684+0000] {logging_mixin.py:190} INFO - [2025-05-17T06:37:26.683+0000] {dag.py:3239} INFO - Sync 1 DAGs
[2025-05-17T06:37:26.851+0000] {logging_mixin.py:190} INFO - [2025-05-17T06:37:26.848+0000] {dag.py:4180} INFO - Setting next_dagrun for example_nested_branch_dag to 2025-05-16 00:00:00+00:00, run_after=2025-05-17 00:00:00+00:00
[2025-05-17T06:37:26.986+0000] {processor.py:208} INFO - Processing /home/airflow/.local/lib/python3.12/site-packages/airflow/example_dags/example_nested_branch_dag.py took 0.596 seconds
[2025-05-17T06:38:05.744+0000] {processor.py:186} INFO - Started process (PID=465) to work on /home/airflow/.local/lib/python3.12/site-packages/airflow/example_dags/example_nested_branch_dag.py
[2025-05-17T06:38:05.760+0000] {processor.py:914} INFO - Processing file /home/airflow/.local/lib/python3.12/site-packages/airflow/example_dags/example_nested_branch_dag.py for tasks to queue
[2025-05-17T06:38:05.780+0000] {logging_mixin.py:190} INFO - [2025-05-17T06:38:05.779+0000] {dagbag.py:588} INFO - Filling up the DagBag from /home/airflow/.local/lib/python3.12/site-packages/airflow/example_dags/example_nested_branch_dag.py
[2025-05-17T06:38:05.904+0000] {processor.py:925} INFO - DAG(s) 'example_nested_branch_dag' retrieved from /home/airflow/.local/lib/python3.12/site-packages/airflow/example_dags/example_nested_branch_dag.py
[2025-05-17T06:38:06.187+0000] {logging_mixin.py:190} INFO - [2025-05-17T06:38:06.174+0000] {dag.py:3239} INFO - Sync 1 DAGs
[2025-05-17T06:38:06.493+0000] {logging_mixin.py:190} INFO - [2025-05-17T06:38:06.493+0000] {dag.py:4180} INFO - Setting next_dagrun for example_nested_branch_dag to 2025-05-16 00:00:00+00:00, run_after=2025-05-17 00:00:00+00:00
[2025-05-17T06:38:06.891+0000] {processor.py:208} INFO - Processing /home/airflow/.local/lib/python3.12/site-packages/airflow/example_dags/example_nested_branch_dag.py took 1.205 seconds
[2025-05-17T06:38:46.784+0000] {processor.py:186} INFO - Started process (PID=537) to work on /home/airflow/.local/lib/python3.12/site-packages/airflow/example_dags/example_nested_branch_dag.py
[2025-05-17T06:38:46.789+0000] {processor.py:914} INFO - Processing file /home/airflow/.local/lib/python3.12/site-packages/airflow/example_dags/example_nested_branch_dag.py for tasks to queue
[2025-05-17T06:38:46.806+0000] {logging_mixin.py:190} INFO - [2025-05-17T06:38:46.805+0000] {dagbag.py:588} INFO - Filling up the DagBag from /home/airflow/.local/lib/python3.12/site-packages/airflow/example_dags/example_nested_branch_dag.py
[2025-05-17T06:38:46.888+0000] {processor.py:925} INFO - DAG(s) 'example_nested_branch_dag' retrieved from /home/airflow/.local/lib/python3.12/site-packages/airflow/example_dags/example_nested_branch_dag.py
[2025-05-17T06:38:47.092+0000] {logging_mixin.py:190} INFO - [2025-05-17T06:38:47.091+0000] {dag.py:3239} INFO - Sync 1 DAGs
[2025-05-17T06:38:47.280+0000] {logging_mixin.py:190} INFO - [2025-05-17T06:38:47.279+0000] {dag.py:4180} INFO - Setting next_dagrun for example_nested_branch_dag to 2025-05-16 00:00:00+00:00, run_after=2025-05-17 00:00:00+00:00
[2025-05-17T06:38:47.429+0000] {processor.py:208} INFO - Processing /home/airflow/.local/lib/python3.12/site-packages/airflow/example_dags/example_nested_branch_dag.py took 0.687 seconds
[2025-05-17T06:39:28.126+0000] {processor.py:186} INFO - Started process (PID=603) to work on /home/airflow/.local/lib/python3.12/site-packages/airflow/example_dags/example_nested_branch_dag.py
[2025-05-17T06:39:28.133+0000] {processor.py:914} INFO - Processing file /home/airflow/.local/lib/python3.12/site-packages/airflow/example_dags/example_nested_branch_dag.py for tasks to queue
[2025-05-17T06:39:28.151+0000] {logging_mixin.py:190} INFO - [2025-05-17T06:39:28.146+0000] {dagbag.py:588} INFO - Filling up the DagBag from /home/airflow/.local/lib/python3.12/site-packages/airflow/example_dags/example_nested_branch_dag.py
[2025-05-17T06:39:28.202+0000] {processor.py:925} INFO - DAG(s) 'example_nested_branch_dag' retrieved from /home/airflow/.local/lib/python3.12/site-packages/airflow/example_dags/example_nested_branch_dag.py
[2025-05-17T06:39:28.311+0000] {logging_mixin.py:190} INFO - [2025-05-17T06:39:28.308+0000] {dag.py:3239} INFO - Sync 1 DAGs
[2025-05-17T06:39:28.460+0000] {logging_mixin.py:190} INFO - [2025-05-17T06:39:28.460+0000] {dag.py:4180} INFO - Setting next_dagrun for example_nested_branch_dag to 2025-05-16 00:00:00+00:00, run_after=2025-05-17 00:00:00+00:00
[2025-05-17T06:39:28.642+0000] {processor.py:208} INFO - Processing /home/airflow/.local/lib/python3.12/site-packages/airflow/example_dags/example_nested_branch_dag.py took 0.552 seconds
[2025-05-17T06:39:58.939+0000] {processor.py:186} INFO - Started process (PID=669) to work on /home/airflow/.local/lib/python3.12/site-packages/airflow/example_dags/example_nested_branch_dag.py
[2025-05-17T06:39:58.942+0000] {processor.py:914} INFO - Processing file /home/airflow/.local/lib/python3.12/site-packages/airflow/example_dags/example_nested_branch_dag.py for tasks to queue
[2025-05-17T06:39:58.948+0000] {logging_mixin.py:190} INFO - [2025-05-17T06:39:58.947+0000] {dagbag.py:588} INFO - Filling up the DagBag from /home/airflow/.local/lib/python3.12/site-packages/airflow/example_dags/example_nested_branch_dag.py
[2025-05-17T06:39:58.974+0000] {processor.py:925} INFO - DAG(s) 'example_nested_branch_dag' retrieved from /home/airflow/.local/lib/python3.12/site-packages/airflow/example_dags/example_nested_branch_dag.py
[2025-05-17T06:39:59.017+0000] {logging_mixin.py:190} INFO - [2025-05-17T06:39:59.016+0000] {dag.py:3239} INFO - Sync 1 DAGs
[2025-05-17T06:39:59.063+0000] {logging_mixin.py:190} INFO - [2025-05-17T06:39:59.062+0000] {dag.py:4180} INFO - Setting next_dagrun for example_nested_branch_dag to 2025-05-16 00:00:00+00:00, run_after=2025-05-17 00:00:00+00:00
[2025-05-17T06:39:59.110+0000] {processor.py:208} INFO - Processing /home/airflow/.local/lib/python3.12/site-packages/airflow/example_dags/example_nested_branch_dag.py took 0.185 seconds
[2025-05-17T06:40:42.317+0000] {processor.py:186} INFO - Started process (PID=729) to work on /home/airflow/.local/lib/python3.12/site-packages/airflow/example_dags/example_nested_branch_dag.py
[2025-05-17T06:40:42.320+0000] {processor.py:914} INFO - Processing file /home/airflow/.local/lib/python3.12/site-packages/airflow/example_dags/example_nested_branch_dag.py for tasks to queue
[2025-05-17T06:40:42.337+0000] {logging_mixin.py:190} INFO - [2025-05-17T06:40:42.336+0000] {dagbag.py:588} INFO - Filling up the DagBag from /home/airflow/.local/lib/python3.12/site-packages/airflow/example_dags/example_nested_branch_dag.py
[2025-05-17T06:40:42.396+0000] {processor.py:925} INFO - DAG(s) 'example_nested_branch_dag' retrieved from /home/airflow/.local/lib/python3.12/site-packages/airflow/example_dags/example_nested_branch_dag.py
[2025-05-17T06:40:42.569+0000] {logging_mixin.py:190} INFO - [2025-05-17T06:40:42.568+0000] {dag.py:3239} INFO - Sync 1 DAGs
[2025-05-17T06:40:42.765+0000] {logging_mixin.py:190} INFO - [2025-05-17T06:40:42.764+0000] {dag.py:4180} INFO - Setting next_dagrun for example_nested_branch_dag to 2025-05-16 00:00:00+00:00, run_after=2025-05-17 00:00:00+00:00
[2025-05-17T06:40:43.181+0000] {processor.py:208} INFO - Processing /home/airflow/.local/lib/python3.12/site-packages/airflow/example_dags/example_nested_branch_dag.py took 0.894 seconds
[2025-05-17T06:41:18.464+0000] {processor.py:186} INFO - Started process (PID=802) to work on /home/airflow/.local/lib/python3.12/site-packages/airflow/example_dags/example_nested_branch_dag.py
[2025-05-17T06:41:18.468+0000] {processor.py:914} INFO - Processing file /home/airflow/.local/lib/python3.12/site-packages/airflow/example_dags/example_nested_branch_dag.py for tasks to queue
[2025-05-17T06:41:18.477+0000] {logging_mixin.py:190} INFO - [2025-05-17T06:41:18.476+0000] {dagbag.py:588} INFO - Filling up the DagBag from /home/airflow/.local/lib/python3.12/site-packages/airflow/example_dags/example_nested_branch_dag.py
[2025-05-17T06:41:18.518+0000] {processor.py:925} INFO - DAG(s) 'example_nested_branch_dag' retrieved from /home/airflow/.local/lib/python3.12/site-packages/airflow/example_dags/example_nested_branch_dag.py
[2025-05-17T06:41:18.645+0000] {logging_mixin.py:190} INFO - [2025-05-17T06:41:18.644+0000] {dag.py:3239} INFO - Sync 1 DAGs
[2025-05-17T06:41:18.745+0000] {logging_mixin.py:190} INFO - [2025-05-17T06:41:18.744+0000] {dag.py:4180} INFO - Setting next_dagrun for example_nested_branch_dag to 2025-05-16 00:00:00+00:00, run_after=2025-05-17 00:00:00+00:00
[2025-05-17T06:41:18.866+0000] {processor.py:208} INFO - Processing /home/airflow/.local/lib/python3.12/site-packages/airflow/example_dags/example_nested_branch_dag.py took 0.423 seconds
[2025-05-17T06:42:02.202+0000] {processor.py:186} INFO - Started process (PID=867) to work on /home/airflow/.local/lib/python3.12/site-packages/airflow/example_dags/example_nested_branch_dag.py
[2025-05-17T06:42:02.207+0000] {processor.py:914} INFO - Processing file /home/airflow/.local/lib/python3.12/site-packages/airflow/example_dags/example_nested_branch_dag.py for tasks to queue
[2025-05-17T06:42:02.219+0000] {logging_mixin.py:190} INFO - [2025-05-17T06:42:02.218+0000] {dagbag.py:588} INFO - Filling up the DagBag from /home/airflow/.local/lib/python3.12/site-packages/airflow/example_dags/example_nested_branch_dag.py
[2025-05-17T06:42:02.255+0000] {processor.py:925} INFO - DAG(s) 'example_nested_branch_dag' retrieved from /home/airflow/.local/lib/python3.12/site-packages/airflow/example_dags/example_nested_branch_dag.py
[2025-05-17T06:42:02.372+0000] {logging_mixin.py:190} INFO - [2025-05-17T06:42:02.371+0000] {dag.py:3239} INFO - Sync 1 DAGs
[2025-05-17T06:42:02.455+0000] {logging_mixin.py:190} INFO - [2025-05-17T06:42:02.455+0000] {dag.py:4180} INFO - Setting next_dagrun for example_nested_branch_dag to 2025-05-16 00:00:00+00:00, run_after=2025-05-17 00:00:00+00:00
[2025-05-17T06:42:02.522+0000] {processor.py:208} INFO - Processing /home/airflow/.local/lib/python3.12/site-packages/airflow/example_dags/example_nested_branch_dag.py took 0.341 seconds
[2025-05-17T06:42:34.431+0000] {processor.py:186} INFO - Started process (PID=933) to work on /home/airflow/.local/lib/python3.12/site-packages/airflow/example_dags/example_nested_branch_dag.py
[2025-05-17T06:42:34.434+0000] {processor.py:914} INFO - Processing file /home/airflow/.local/lib/python3.12/site-packages/airflow/example_dags/example_nested_branch_dag.py for tasks to queue
[2025-05-17T06:42:34.445+0000] {logging_mixin.py:190} INFO - [2025-05-17T06:42:34.443+0000] {dagbag.py:588} INFO - Filling up the DagBag from /home/airflow/.local/lib/python3.12/site-packages/airflow/example_dags/example_nested_branch_dag.py
[2025-05-17T06:42:34.478+0000] {processor.py:925} INFO - DAG(s) 'example_nested_branch_dag' retrieved from /home/airflow/.local/lib/python3.12/site-packages/airflow/example_dags/example_nested_branch_dag.py
[2025-05-17T06:42:34.537+0000] {logging_mixin.py:190} INFO - [2025-05-17T06:42:34.536+0000] {dag.py:3239} INFO - Sync 1 DAGs
[2025-05-17T06:42:34.604+0000] {logging_mixin.py:190} INFO - [2025-05-17T06:42:34.604+0000] {dag.py:4180} INFO - Setting next_dagrun for example_nested_branch_dag to 2025-05-16 00:00:00+00:00, run_after=2025-05-17 00:00:00+00:00
[2025-05-17T06:42:34.690+0000] {processor.py:208} INFO - Processing /home/airflow/.local/lib/python3.12/site-packages/airflow/example_dags/example_nested_branch_dag.py took 0.275 seconds
[2025-05-17T06:43:16.189+0000] {processor.py:186} INFO - Started process (PID=1008) to work on /home/airflow/.local/lib/python3.12/site-packages/airflow/example_dags/example_nested_branch_dag.py
[2025-05-17T06:43:16.194+0000] {processor.py:914} INFO - Processing file /home/airflow/.local/lib/python3.12/site-packages/airflow/example_dags/example_nested_branch_dag.py for tasks to queue
[2025-05-17T06:43:16.202+0000] {logging_mixin.py:190} INFO - [2025-05-17T06:43:16.202+0000] {dagbag.py:588} INFO - Filling up the DagBag from /home/airflow/.local/lib/python3.12/site-packages/airflow/example_dags/example_nested_branch_dag.py
[2025-05-17T06:43:16.239+0000] {processor.py:925} INFO - DAG(s) 'example_nested_branch_dag' retrieved from /home/airflow/.local/lib/python3.12/site-packages/airflow/example_dags/example_nested_branch_dag.py
[2025-05-17T06:43:16.304+0000] {logging_mixin.py:190} INFO - [2025-05-17T06:43:16.303+0000] {dag.py:3239} INFO - Sync 1 DAGs
[2025-05-17T06:43:16.380+0000] {logging_mixin.py:190} INFO - [2025-05-17T06:43:16.380+0000] {dag.py:4180} INFO - Setting next_dagrun for example_nested_branch_dag to 2025-05-16 00:00:00+00:00, run_after=2025-05-17 00:00:00+00:00
[2025-05-17T06:43:16.439+0000] {processor.py:208} INFO - Processing /home/airflow/.local/lib/python3.12/site-packages/airflow/example_dags/example_nested_branch_dag.py took 0.270 seconds
[2025-05-17T06:43:58.429+0000] {processor.py:186} INFO - Started process (PID=1072) to work on /home/airflow/.local/lib/python3.12/site-packages/airflow/example_dags/example_nested_branch_dag.py
[2025-05-17T06:43:58.449+0000] {processor.py:914} INFO - Processing file /home/airflow/.local/lib/python3.12/site-packages/airflow/example_dags/example_nested_branch_dag.py for tasks to queue
[2025-05-17T06:43:58.477+0000] {logging_mixin.py:190} INFO - [2025-05-17T06:43:58.476+0000] {dagbag.py:588} INFO - Filling up the DagBag from /home/airflow/.local/lib/python3.12/site-packages/airflow/example_dags/example_nested_branch_dag.py
[2025-05-17T06:43:58.599+0000] {processor.py:925} INFO - DAG(s) 'example_nested_branch_dag' retrieved from /home/airflow/.local/lib/python3.12/site-packages/airflow/example_dags/example_nested_branch_dag.py
[2025-05-17T06:43:58.789+0000] {logging_mixin.py:190} INFO - [2025-05-17T06:43:58.782+0000] {dag.py:3239} INFO - Sync 1 DAGs
[2025-05-17T06:43:59.047+0000] {logging_mixin.py:190} INFO - [2025-05-17T06:43:59.044+0000] {dag.py:4180} INFO - Setting next_dagrun for example_nested_branch_dag to 2025-05-16 00:00:00+00:00, run_after=2025-05-17 00:00:00+00:00
[2025-05-17T06:43:59.273+0000] {processor.py:208} INFO - Processing /home/airflow/.local/lib/python3.12/site-packages/airflow/example_dags/example_nested_branch_dag.py took 0.896 seconds
[2025-05-17T06:44:35.725+0000] {processor.py:186} INFO - Started process (PID=1138) to work on /home/airflow/.local/lib/python3.12/site-packages/airflow/example_dags/example_nested_branch_dag.py
[2025-05-17T06:44:35.730+0000] {processor.py:914} INFO - Processing file /home/airflow/.local/lib/python3.12/site-packages/airflow/example_dags/example_nested_branch_dag.py for tasks to queue
[2025-05-17T06:44:35.754+0000] {logging_mixin.py:190} INFO - [2025-05-17T06:44:35.751+0000] {dagbag.py:588} INFO - Filling up the DagBag from /home/airflow/.local/lib/python3.12/site-packages/airflow/example_dags/example_nested_branch_dag.py
[2025-05-17T06:44:35.858+0000] {processor.py:925} INFO - DAG(s) 'example_nested_branch_dag' retrieved from /home/airflow/.local/lib/python3.12/site-packages/airflow/example_dags/example_nested_branch_dag.py
[2025-05-17T06:44:35.959+0000] {logging_mixin.py:190} INFO - [2025-05-17T06:44:35.959+0000] {dag.py:3239} INFO - Sync 1 DAGs
[2025-05-17T06:44:36.057+0000] {logging_mixin.py:190} INFO - [2025-05-17T06:44:36.057+0000] {dag.py:4180} INFO - Setting next_dagrun for example_nested_branch_dag to 2025-05-16 00:00:00+00:00, run_after=2025-05-17 00:00:00+00:00
[2025-05-17T06:44:36.142+0000] {processor.py:208} INFO - Processing /home/airflow/.local/lib/python3.12/site-packages/airflow/example_dags/example_nested_branch_dag.py took 0.443 seconds
[2025-05-17T06:45:20.167+0000] {processor.py:186} INFO - Started process (PID=1213) to work on /home/airflow/.local/lib/python3.12/site-packages/airflow/example_dags/example_nested_branch_dag.py
[2025-05-17T06:45:20.172+0000] {processor.py:914} INFO - Processing file /home/airflow/.local/lib/python3.12/site-packages/airflow/example_dags/example_nested_branch_dag.py for tasks to queue
[2025-05-17T06:45:20.193+0000] {logging_mixin.py:190} INFO - [2025-05-17T06:45:20.192+0000] {dagbag.py:588} INFO - Filling up the DagBag from /home/airflow/.local/lib/python3.12/site-packages/airflow/example_dags/example_nested_branch_dag.py
[2025-05-17T06:45:20.268+0000] {processor.py:925} INFO - DAG(s) 'example_nested_branch_dag' retrieved from /home/airflow/.local/lib/python3.12/site-packages/airflow/example_dags/example_nested_branch_dag.py
[2025-05-17T06:45:20.372+0000] {logging_mixin.py:190} INFO - [2025-05-17T06:45:20.371+0000] {dag.py:3239} INFO - Sync 1 DAGs
[2025-05-17T06:45:20.494+0000] {logging_mixin.py:190} INFO - [2025-05-17T06:45:20.493+0000] {dag.py:4180} INFO - Setting next_dagrun for example_nested_branch_dag to 2025-05-16 00:00:00+00:00, run_after=2025-05-17 00:00:00+00:00
[2025-05-17T06:45:20.614+0000] {processor.py:208} INFO - Processing /home/airflow/.local/lib/python3.12/site-packages/airflow/example_dags/example_nested_branch_dag.py took 0.476 seconds
[2025-05-17T06:46:07.811+0000] {processor.py:186} INFO - Started process (PID=1277) to work on /home/airflow/.local/lib/python3.12/site-packages/airflow/example_dags/example_nested_branch_dag.py
[2025-05-17T06:46:07.815+0000] {processor.py:914} INFO - Processing file /home/airflow/.local/lib/python3.12/site-packages/airflow/example_dags/example_nested_branch_dag.py for tasks to queue
[2025-05-17T06:46:07.827+0000] {logging_mixin.py:190} INFO - [2025-05-17T06:46:07.825+0000] {dagbag.py:588} INFO - Filling up the DagBag from /home/airflow/.local/lib/python3.12/site-packages/airflow/example_dags/example_nested_branch_dag.py
[2025-05-17T06:46:07.867+0000] {processor.py:925} INFO - DAG(s) 'example_nested_branch_dag' retrieved from /home/airflow/.local/lib/python3.12/site-packages/airflow/example_dags/example_nested_branch_dag.py
[2025-05-17T06:46:07.980+0000] {logging_mixin.py:190} INFO - [2025-05-17T06:46:07.978+0000] {dag.py:3239} INFO - Sync 1 DAGs
[2025-05-17T06:46:08.092+0000] {logging_mixin.py:190} INFO - [2025-05-17T06:46:08.091+0000] {dag.py:4180} INFO - Setting next_dagrun for example_nested_branch_dag to 2025-05-16 00:00:00+00:00, run_after=2025-05-17 00:00:00+00:00
[2025-05-17T06:46:08.202+0000] {processor.py:208} INFO - Processing /home/airflow/.local/lib/python3.12/site-packages/airflow/example_dags/example_nested_branch_dag.py took 0.412 seconds
[2025-05-17T06:47:30.392+0000] {processor.py:186} INFO - Started process (PID=1366) to work on /home/airflow/.local/lib/python3.12/site-packages/airflow/example_dags/example_nested_branch_dag.py
[2025-05-17T06:47:30.409+0000] {processor.py:914} INFO - Processing file /home/airflow/.local/lib/python3.12/site-packages/airflow/example_dags/example_nested_branch_dag.py for tasks to queue
[2025-05-17T06:47:30.433+0000] {logging_mixin.py:190} INFO - [2025-05-17T06:47:30.432+0000] {dagbag.py:588} INFO - Filling up the DagBag from /home/airflow/.local/lib/python3.12/site-packages/airflow/example_dags/example_nested_branch_dag.py
[2025-05-17T06:47:30.477+0000] {processor.py:925} INFO - DAG(s) 'example_nested_branch_dag' retrieved from /home/airflow/.local/lib/python3.12/site-packages/airflow/example_dags/example_nested_branch_dag.py
[2025-05-17T06:47:30.574+0000] {logging_mixin.py:190} INFO - [2025-05-17T06:47:30.573+0000] {dag.py:3239} INFO - Sync 1 DAGs
[2025-05-17T06:47:30.674+0000] {logging_mixin.py:190} INFO - [2025-05-17T06:47:30.673+0000] {dag.py:4180} INFO - Setting next_dagrun for example_nested_branch_dag to 2025-05-16 00:00:00+00:00, run_after=2025-05-17 00:00:00+00:00
[2025-05-17T06:47:30.787+0000] {processor.py:208} INFO - Processing /home/airflow/.local/lib/python3.12/site-packages/airflow/example_dags/example_nested_branch_dag.py took 0.443 seconds
[2025-05-17T06:48:29.025+0000] {processor.py:186} INFO - Started process (PID=1438) to work on /home/airflow/.local/lib/python3.12/site-packages/airflow/example_dags/example_nested_branch_dag.py
[2025-05-17T06:48:29.047+0000] {processor.py:914} INFO - Processing file /home/airflow/.local/lib/python3.12/site-packages/airflow/example_dags/example_nested_branch_dag.py for tasks to queue
[2025-05-17T06:48:29.096+0000] {logging_mixin.py:190} INFO - [2025-05-17T06:48:29.095+0000] {dagbag.py:588} INFO - Filling up the DagBag from /home/airflow/.local/lib/python3.12/site-packages/airflow/example_dags/example_nested_branch_dag.py
[2025-05-17T06:48:29.271+0000] {processor.py:925} INFO - DAG(s) 'example_nested_branch_dag' retrieved from /home/airflow/.local/lib/python3.12/site-packages/airflow/example_dags/example_nested_branch_dag.py
[2025-05-17T06:48:29.628+0000] {logging_mixin.py:190} INFO - [2025-05-17T06:48:29.618+0000] {dag.py:3239} INFO - Sync 1 DAGs
[2025-05-17T06:48:30.211+0000] {logging_mixin.py:190} INFO - [2025-05-17T06:48:30.210+0000] {dag.py:4180} INFO - Setting next_dagrun for example_nested_branch_dag to 2025-05-16 00:00:00+00:00, run_after=2025-05-17 00:00:00+00:00
[2025-05-17T06:48:30.469+0000] {processor.py:208} INFO - Processing /home/airflow/.local/lib/python3.12/site-packages/airflow/example_dags/example_nested_branch_dag.py took 1.537 seconds
[2025-05-17T06:49:42.187+0000] {processor.py:186} INFO - Started process (PID=1514) to work on /home/airflow/.local/lib/python3.12/site-packages/airflow/example_dags/example_nested_branch_dag.py
[2025-05-17T06:49:42.205+0000] {processor.py:914} INFO - Processing file /home/airflow/.local/lib/python3.12/site-packages/airflow/example_dags/example_nested_branch_dag.py for tasks to queue
[2025-05-17T06:49:42.233+0000] {logging_mixin.py:190} INFO - [2025-05-17T06:49:42.229+0000] {dagbag.py:588} INFO - Filling up the DagBag from /home/airflow/.local/lib/python3.12/site-packages/airflow/example_dags/example_nested_branch_dag.py
[2025-05-17T06:49:42.279+0000] {processor.py:925} INFO - DAG(s) 'example_nested_branch_dag' retrieved from /home/airflow/.local/lib/python3.12/site-packages/airflow/example_dags/example_nested_branch_dag.py
[2025-05-17T06:49:42.549+0000] {logging_mixin.py:190} INFO - [2025-05-17T06:49:42.536+0000] {dag.py:3239} INFO - Sync 1 DAGs
[2025-05-17T06:49:42.873+0000] {logging_mixin.py:190} INFO - [2025-05-17T06:49:42.860+0000] {dag.py:4180} INFO - Setting next_dagrun for example_nested_branch_dag to 2025-05-16 00:00:00+00:00, run_after=2025-05-17 00:00:00+00:00
[2025-05-17T06:49:43.159+0000] {processor.py:208} INFO - Processing /home/airflow/.local/lib/python3.12/site-packages/airflow/example_dags/example_nested_branch_dag.py took 1.015 seconds
[2025-05-17T06:50:38.142+0000] {processor.py:186} INFO - Started process (PID=1586) to work on /home/airflow/.local/lib/python3.12/site-packages/airflow/example_dags/example_nested_branch_dag.py
[2025-05-17T06:50:38.149+0000] {processor.py:914} INFO - Processing file /home/airflow/.local/lib/python3.12/site-packages/airflow/example_dags/example_nested_branch_dag.py for tasks to queue
[2025-05-17T06:50:38.165+0000] {logging_mixin.py:190} INFO - [2025-05-17T06:50:38.164+0000] {dagbag.py:588} INFO - Filling up the DagBag from /home/airflow/.local/lib/python3.12/site-packages/airflow/example_dags/example_nested_branch_dag.py
[2025-05-17T06:50:38.210+0000] {processor.py:925} INFO - DAG(s) 'example_nested_branch_dag' retrieved from /home/airflow/.local/lib/python3.12/site-packages/airflow/example_dags/example_nested_branch_dag.py
[2025-05-17T06:50:38.350+0000] {logging_mixin.py:190} INFO - [2025-05-17T06:50:38.348+0000] {dag.py:3239} INFO - Sync 1 DAGs
[2025-05-17T06:50:38.545+0000] {logging_mixin.py:190} INFO - [2025-05-17T06:50:38.544+0000] {dag.py:4180} INFO - Setting next_dagrun for example_nested_branch_dag to 2025-05-16 00:00:00+00:00, run_after=2025-05-17 00:00:00+00:00
[2025-05-17T06:50:39.026+0000] {processor.py:208} INFO - Processing /home/airflow/.local/lib/python3.12/site-packages/airflow/example_dags/example_nested_branch_dag.py took 0.910 seconds
[2025-05-17T06:51:32.648+0000] {processor.py:186} INFO - Started process (PID=1651) to work on /home/airflow/.local/lib/python3.12/site-packages/airflow/example_dags/example_nested_branch_dag.py
[2025-05-17T06:51:32.654+0000] {processor.py:914} INFO - Processing file /home/airflow/.local/lib/python3.12/site-packages/airflow/example_dags/example_nested_branch_dag.py for tasks to queue
[2025-05-17T06:51:32.662+0000] {logging_mixin.py:190} INFO - [2025-05-17T06:51:32.661+0000] {dagbag.py:588} INFO - Filling up the DagBag from /home/airflow/.local/lib/python3.12/site-packages/airflow/example_dags/example_nested_branch_dag.py
[2025-05-17T06:51:32.709+0000] {processor.py:925} INFO - DAG(s) 'example_nested_branch_dag' retrieved from /home/airflow/.local/lib/python3.12/site-packages/airflow/example_dags/example_nested_branch_dag.py
[2025-05-17T06:51:32.967+0000] {logging_mixin.py:190} INFO - [2025-05-17T06:51:32.964+0000] {dag.py:3239} INFO - Sync 1 DAGs
[2025-05-17T06:51:33.426+0000] {logging_mixin.py:190} INFO - [2025-05-17T06:51:33.425+0000] {dag.py:4180} INFO - Setting next_dagrun for example_nested_branch_dag to 2025-05-16 00:00:00+00:00, run_after=2025-05-17 00:00:00+00:00
[2025-05-17T06:51:33.830+0000] {processor.py:208} INFO - Processing /home/airflow/.local/lib/python3.12/site-packages/airflow/example_dags/example_nested_branch_dag.py took 1.210 seconds
[2025-05-17T06:52:32.817+0000] {processor.py:186} INFO - Started process (PID=1715) to work on /home/airflow/.local/lib/python3.12/site-packages/airflow/example_dags/example_nested_branch_dag.py
[2025-05-17T06:52:32.827+0000] {processor.py:914} INFO - Processing file /home/airflow/.local/lib/python3.12/site-packages/airflow/example_dags/example_nested_branch_dag.py for tasks to queue
[2025-05-17T06:52:32.861+0000] {logging_mixin.py:190} INFO - [2025-05-17T06:52:32.848+0000] {dagbag.py:588} INFO - Filling up the DagBag from /home/airflow/.local/lib/python3.12/site-packages/airflow/example_dags/example_nested_branch_dag.py
[2025-05-17T06:52:33.231+0000] {processor.py:925} INFO - DAG(s) 'example_nested_branch_dag' retrieved from /home/airflow/.local/lib/python3.12/site-packages/airflow/example_dags/example_nested_branch_dag.py
[2025-05-17T06:52:33.722+0000] {logging_mixin.py:190} INFO - [2025-05-17T06:52:33.720+0000] {dag.py:3239} INFO - Sync 1 DAGs
[2025-05-17T06:52:34.383+0000] {logging_mixin.py:190} INFO - [2025-05-17T06:52:34.382+0000] {dag.py:4180} INFO - Setting next_dagrun for example_nested_branch_dag to 2025-05-16 00:00:00+00:00, run_after=2025-05-17 00:00:00+00:00
[2025-05-17T06:52:35.286+0000] {processor.py:208} INFO - Processing /home/airflow/.local/lib/python3.12/site-packages/airflow/example_dags/example_nested_branch_dag.py took 2.541 seconds
[2025-05-17T06:53:31.020+0000] {processor.py:186} INFO - Started process (PID=1787) to work on /home/airflow/.local/lib/python3.12/site-packages/airflow/example_dags/example_nested_branch_dag.py
[2025-05-17T06:53:31.050+0000] {processor.py:914} INFO - Processing file /home/airflow/.local/lib/python3.12/site-packages/airflow/example_dags/example_nested_branch_dag.py for tasks to queue
[2025-05-17T06:53:31.065+0000] {logging_mixin.py:190} INFO - [2025-05-17T06:53:31.064+0000] {dagbag.py:588} INFO - Filling up the DagBag from /home/airflow/.local/lib/python3.12/site-packages/airflow/example_dags/example_nested_branch_dag.py
[2025-05-17T06:53:31.144+0000] {processor.py:925} INFO - DAG(s) 'example_nested_branch_dag' retrieved from /home/airflow/.local/lib/python3.12/site-packages/airflow/example_dags/example_nested_branch_dag.py
[2025-05-17T06:53:31.344+0000] {logging_mixin.py:190} INFO - [2025-05-17T06:53:31.343+0000] {dag.py:3239} INFO - Sync 1 DAGs
[2025-05-17T06:53:31.498+0000] {logging_mixin.py:190} INFO - [2025-05-17T06:53:31.497+0000] {dag.py:4180} INFO - Setting next_dagrun for example_nested_branch_dag to 2025-05-16 00:00:00+00:00, run_after=2025-05-17 00:00:00+00:00
[2025-05-17T06:53:31.662+0000] {processor.py:208} INFO - Processing /home/airflow/.local/lib/python3.12/site-packages/airflow/example_dags/example_nested_branch_dag.py took 0.675 seconds
[2025-05-17T06:54:15.413+0000] {processor.py:186} INFO - Started process (PID=1853) to work on /home/airflow/.local/lib/python3.12/site-packages/airflow/example_dags/example_nested_branch_dag.py
[2025-05-17T06:54:15.458+0000] {processor.py:914} INFO - Processing file /home/airflow/.local/lib/python3.12/site-packages/airflow/example_dags/example_nested_branch_dag.py for tasks to queue
[2025-05-17T06:54:15.563+0000] {logging_mixin.py:190} INFO - [2025-05-17T06:54:15.562+0000] {dagbag.py:588} INFO - Filling up the DagBag from /home/airflow/.local/lib/python3.12/site-packages/airflow/example_dags/example_nested_branch_dag.py
[2025-05-17T06:54:15.801+0000] {processor.py:925} INFO - DAG(s) 'example_nested_branch_dag' retrieved from /home/airflow/.local/lib/python3.12/site-packages/airflow/example_dags/example_nested_branch_dag.py
[2025-05-17T06:54:16.292+0000] {logging_mixin.py:190} INFO - [2025-05-17T06:54:16.289+0000] {dag.py:3239} INFO - Sync 1 DAGs
[2025-05-17T06:54:16.509+0000] {logging_mixin.py:190} INFO - [2025-05-17T06:54:16.506+0000] {dag.py:4180} INFO - Setting next_dagrun for example_nested_branch_dag to 2025-05-16 00:00:00+00:00, run_after=2025-05-17 00:00:00+00:00
[2025-05-17T06:54:16.702+0000] {processor.py:208} INFO - Processing /home/airflow/.local/lib/python3.12/site-packages/airflow/example_dags/example_nested_branch_dag.py took 1.328 seconds
