[2025-05-17T06:25:10.180+0000] {processor.py:186} INFO - Started process (PID=105) to work on /home/airflow/.local/lib/python3.12/site-packages/airflow/example_dags/example_python_decorator.py
[2025-05-17T06:25:10.185+0000] {processor.py:914} INFO - Processing file /home/airflow/.local/lib/python3.12/site-packages/airflow/example_dags/example_python_decorator.py for tasks to queue
[2025-05-17T06:25:10.209+0000] {logging_mixin.py:190} INFO - [2025-05-17T06:25:10.203+0000] {dagbag.py:588} INFO - Filling up the DagBag from /home/airflow/.local/lib/python3.12/site-packages/airflow/example_dags/example_python_decorator.py
[2025-05-17T06:25:10.255+0000] {processor.py:925} INFO - DAG(s) 'example_python_decorator' retrieved from /home/airflow/.local/lib/python3.12/site-packages/airflow/example_dags/example_python_decorator.py
[2025-05-17T06:25:10.732+0000] {logging_mixin.py:190} INFO - [2025-05-17T06:25:10.732+0000] {dag.py:3239} INFO - Sync 1 DAGs
[2025-05-17T06:25:10.769+0000] {logging_mixin.py:190} INFO - [2025-05-17T06:25:10.769+0000] {dag.py:4180} INFO - Setting next_dagrun for example_python_decorator to None, run_after=None
[2025-05-17T06:25:10.873+0000] {processor.py:208} INFO - Processing /home/airflow/.local/lib/python3.12/site-packages/airflow/example_dags/example_python_decorator.py took 0.708 seconds
[2025-05-17T06:25:43.725+0000] {processor.py:186} INFO - Started process (PID=170) to work on /home/airflow/.local/lib/python3.12/site-packages/airflow/example_dags/example_python_decorator.py
[2025-05-17T06:25:43.729+0000] {processor.py:914} INFO - Processing file /home/airflow/.local/lib/python3.12/site-packages/airflow/example_dags/example_python_decorator.py for tasks to queue
[2025-05-17T06:25:43.739+0000] {logging_mixin.py:190} INFO - [2025-05-17T06:25:43.739+0000] {dagbag.py:588} INFO - Filling up the DagBag from /home/airflow/.local/lib/python3.12/site-packages/airflow/example_dags/example_python_decorator.py
[2025-05-17T06:25:43.825+0000] {processor.py:925} INFO - DAG(s) 'example_python_decorator' retrieved from /home/airflow/.local/lib/python3.12/site-packages/airflow/example_dags/example_python_decorator.py
[2025-05-17T06:25:44.058+0000] {logging_mixin.py:190} INFO - [2025-05-17T06:25:44.057+0000] {dag.py:3239} INFO - Sync 1 DAGs
[2025-05-17T06:25:44.157+0000] {logging_mixin.py:190} INFO - [2025-05-17T06:25:44.156+0000] {dag.py:4180} INFO - Setting next_dagrun for example_python_decorator to None, run_after=None
[2025-05-17T06:25:44.323+0000] {processor.py:208} INFO - Processing /home/airflow/.local/lib/python3.12/site-packages/airflow/example_dags/example_python_decorator.py took 0.616 seconds
[2025-05-17T06:33:58.389+0000] {processor.py:186} INFO - Started process (PID=96) to work on /home/airflow/.local/lib/python3.12/site-packages/airflow/example_dags/example_python_decorator.py
[2025-05-17T06:33:58.397+0000] {processor.py:914} INFO - Processing file /home/airflow/.local/lib/python3.12/site-packages/airflow/example_dags/example_python_decorator.py for tasks to queue
[2025-05-17T06:33:58.414+0000] {logging_mixin.py:190} INFO - [2025-05-17T06:33:58.412+0000] {dagbag.py:588} INFO - Filling up the DagBag from /home/airflow/.local/lib/python3.12/site-packages/airflow/example_dags/example_python_decorator.py
[2025-05-17T06:33:58.507+0000] {processor.py:925} INFO - DAG(s) 'example_python_decorator' retrieved from /home/airflow/.local/lib/python3.12/site-packages/airflow/example_dags/example_python_decorator.py
[2025-05-17T06:33:59.789+0000] {logging_mixin.py:190} INFO - [2025-05-17T06:33:59.787+0000] {dag.py:3239} INFO - Sync 1 DAGs
[2025-05-17T06:33:59.843+0000] {logging_mixin.py:190} INFO - [2025-05-17T06:33:59.842+0000] {dag.py:4180} INFO - Setting next_dagrun for example_python_decorator to None, run_after=None
[2025-05-17T06:33:59.919+0000] {processor.py:208} INFO - Processing /home/airflow/.local/lib/python3.12/site-packages/airflow/example_dags/example_python_decorator.py took 1.561 seconds
[2025-05-17T06:34:30.344+0000] {processor.py:186} INFO - Started process (PID=161) to work on /home/airflow/.local/lib/python3.12/site-packages/airflow/example_dags/example_python_decorator.py
[2025-05-17T06:34:30.351+0000] {processor.py:914} INFO - Processing file /home/airflow/.local/lib/python3.12/site-packages/airflow/example_dags/example_python_decorator.py for tasks to queue
[2025-05-17T06:34:30.366+0000] {logging_mixin.py:190} INFO - [2025-05-17T06:34:30.365+0000] {dagbag.py:588} INFO - Filling up the DagBag from /home/airflow/.local/lib/python3.12/site-packages/airflow/example_dags/example_python_decorator.py
[2025-05-17T06:34:30.483+0000] {processor.py:925} INFO - DAG(s) 'example_python_decorator' retrieved from /home/airflow/.local/lib/python3.12/site-packages/airflow/example_dags/example_python_decorator.py
[2025-05-17T06:34:30.631+0000] {logging_mixin.py:190} INFO - [2025-05-17T06:34:30.630+0000] {dag.py:3239} INFO - Sync 1 DAGs
[2025-05-17T06:34:30.710+0000] {logging_mixin.py:190} INFO - [2025-05-17T06:34:30.707+0000] {dag.py:4180} INFO - Setting next_dagrun for example_python_decorator to None, run_after=None
[2025-05-17T06:34:30.840+0000] {processor.py:208} INFO - Processing /home/airflow/.local/lib/python3.12/site-packages/airflow/example_dags/example_python_decorator.py took 0.542 seconds
[2025-05-17T06:35:01.341+0000] {processor.py:186} INFO - Started process (PID=227) to work on /home/airflow/.local/lib/python3.12/site-packages/airflow/example_dags/example_python_decorator.py
[2025-05-17T06:35:01.344+0000] {processor.py:914} INFO - Processing file /home/airflow/.local/lib/python3.12/site-packages/airflow/example_dags/example_python_decorator.py for tasks to queue
[2025-05-17T06:35:01.350+0000] {logging_mixin.py:190} INFO - [2025-05-17T06:35:01.349+0000] {dagbag.py:588} INFO - Filling up the DagBag from /home/airflow/.local/lib/python3.12/site-packages/airflow/example_dags/example_python_decorator.py
[2025-05-17T06:35:01.388+0000] {processor.py:925} INFO - DAG(s) 'example_python_decorator' retrieved from /home/airflow/.local/lib/python3.12/site-packages/airflow/example_dags/example_python_decorator.py
[2025-05-17T06:35:01.448+0000] {logging_mixin.py:190} INFO - [2025-05-17T06:35:01.447+0000] {dag.py:3239} INFO - Sync 1 DAGs
[2025-05-17T06:35:01.486+0000] {logging_mixin.py:190} INFO - [2025-05-17T06:35:01.485+0000] {dag.py:4180} INFO - Setting next_dagrun for example_python_decorator to None, run_after=None
[2025-05-17T06:35:01.540+0000] {processor.py:208} INFO - Processing /home/airflow/.local/lib/python3.12/site-packages/airflow/example_dags/example_python_decorator.py took 0.215 seconds
[2025-05-17T06:35:39.492+0000] {processor.py:186} INFO - Started process (PID=297) to work on /home/airflow/.local/lib/python3.12/site-packages/airflow/example_dags/example_python_decorator.py
[2025-05-17T06:35:39.494+0000] {processor.py:914} INFO - Processing file /home/airflow/.local/lib/python3.12/site-packages/airflow/example_dags/example_python_decorator.py for tasks to queue
[2025-05-17T06:35:39.502+0000] {logging_mixin.py:190} INFO - [2025-05-17T06:35:39.499+0000] {dagbag.py:588} INFO - Filling up the DagBag from /home/airflow/.local/lib/python3.12/site-packages/airflow/example_dags/example_python_decorator.py
[2025-05-17T06:35:39.552+0000] {processor.py:925} INFO - DAG(s) 'example_python_decorator' retrieved from /home/airflow/.local/lib/python3.12/site-packages/airflow/example_dags/example_python_decorator.py
[2025-05-17T06:35:39.630+0000] {logging_mixin.py:190} INFO - [2025-05-17T06:35:39.629+0000] {dag.py:3239} INFO - Sync 1 DAGs
[2025-05-17T06:35:39.679+0000] {logging_mixin.py:190} INFO - [2025-05-17T06:35:39.678+0000] {dag.py:4180} INFO - Setting next_dagrun for example_python_decorator to None, run_after=None
[2025-05-17T06:35:39.739+0000] {processor.py:208} INFO - Processing /home/airflow/.local/lib/python3.12/site-packages/airflow/example_dags/example_python_decorator.py took 0.265 seconds
[2025-05-17T06:36:47.925+0000] {processor.py:186} INFO - Started process (PID=313) to work on /home/airflow/.local/lib/python3.12/site-packages/airflow/example_dags/example_python_decorator.py
[2025-05-17T06:36:47.927+0000] {processor.py:914} INFO - Processing file /home/airflow/.local/lib/python3.12/site-packages/airflow/example_dags/example_python_decorator.py for tasks to queue
[2025-05-17T06:36:47.932+0000] {logging_mixin.py:190} INFO - [2025-05-17T06:36:47.931+0000] {dagbag.py:588} INFO - Filling up the DagBag from /home/airflow/.local/lib/python3.12/site-packages/airflow/example_dags/example_python_decorator.py
[2025-05-17T06:36:47.954+0000] {processor.py:925} INFO - DAG(s) 'example_python_decorator' retrieved from /home/airflow/.local/lib/python3.12/site-packages/airflow/example_dags/example_python_decorator.py
[2025-05-17T06:36:47.991+0000] {logging_mixin.py:190} INFO - [2025-05-17T06:36:47.990+0000] {dag.py:3239} INFO - Sync 1 DAGs
[2025-05-17T06:36:48.013+0000] {logging_mixin.py:190} INFO - [2025-05-17T06:36:48.013+0000] {dag.py:4180} INFO - Setting next_dagrun for example_python_decorator to None, run_after=None
[2025-05-17T06:36:48.049+0000] {processor.py:208} INFO - Processing /home/airflow/.local/lib/python3.12/site-packages/airflow/example_dags/example_python_decorator.py took 0.134 seconds
[2025-05-17T06:37:19.250+0000] {processor.py:186} INFO - Started process (PID=378) to work on /home/airflow/.local/lib/python3.12/site-packages/airflow/example_dags/example_python_decorator.py
[2025-05-17T06:37:19.252+0000] {processor.py:914} INFO - Processing file /home/airflow/.local/lib/python3.12/site-packages/airflow/example_dags/example_python_decorator.py for tasks to queue
[2025-05-17T06:37:19.256+0000] {logging_mixin.py:190} INFO - [2025-05-17T06:37:19.256+0000] {dagbag.py:588} INFO - Filling up the DagBag from /home/airflow/.local/lib/python3.12/site-packages/airflow/example_dags/example_python_decorator.py
[2025-05-17T06:37:19.291+0000] {processor.py:925} INFO - DAG(s) 'example_python_decorator' retrieved from /home/airflow/.local/lib/python3.12/site-packages/airflow/example_dags/example_python_decorator.py
[2025-05-17T06:37:19.334+0000] {logging_mixin.py:190} INFO - [2025-05-17T06:37:19.333+0000] {dag.py:3239} INFO - Sync 1 DAGs
[2025-05-17T06:37:19.359+0000] {logging_mixin.py:190} INFO - [2025-05-17T06:37:19.359+0000] {dag.py:4180} INFO - Setting next_dagrun for example_python_decorator to None, run_after=None
[2025-05-17T06:37:19.399+0000] {processor.py:208} INFO - Processing /home/airflow/.local/lib/python3.12/site-packages/airflow/example_dags/example_python_decorator.py took 0.162 seconds
[2025-05-17T06:37:55.161+0000] {processor.py:186} INFO - Started process (PID=445) to work on /home/airflow/.local/lib/python3.12/site-packages/airflow/example_dags/example_python_decorator.py
[2025-05-17T06:37:55.165+0000] {processor.py:914} INFO - Processing file /home/airflow/.local/lib/python3.12/site-packages/airflow/example_dags/example_python_decorator.py for tasks to queue
[2025-05-17T06:37:55.173+0000] {logging_mixin.py:190} INFO - [2025-05-17T06:37:55.172+0000] {dagbag.py:588} INFO - Filling up the DagBag from /home/airflow/.local/lib/python3.12/site-packages/airflow/example_dags/example_python_decorator.py
[2025-05-17T06:37:55.219+0000] {processor.py:925} INFO - DAG(s) 'example_python_decorator' retrieved from /home/airflow/.local/lib/python3.12/site-packages/airflow/example_dags/example_python_decorator.py
[2025-05-17T06:37:55.310+0000] {logging_mixin.py:190} INFO - [2025-05-17T06:37:55.309+0000] {dag.py:3239} INFO - Sync 1 DAGs
[2025-05-17T06:37:55.360+0000] {logging_mixin.py:190} INFO - [2025-05-17T06:37:55.359+0000] {dag.py:4180} INFO - Setting next_dagrun for example_python_decorator to None, run_after=None
[2025-05-17T06:37:55.464+0000] {processor.py:208} INFO - Processing /home/airflow/.local/lib/python3.12/site-packages/airflow/example_dags/example_python_decorator.py took 0.328 seconds
[2025-05-17T06:38:31.304+0000] {processor.py:186} INFO - Started process (PID=504) to work on /home/airflow/.local/lib/python3.12/site-packages/airflow/example_dags/example_python_decorator.py
[2025-05-17T06:38:31.309+0000] {processor.py:914} INFO - Processing file /home/airflow/.local/lib/python3.12/site-packages/airflow/example_dags/example_python_decorator.py for tasks to queue
[2025-05-17T06:38:31.321+0000] {logging_mixin.py:190} INFO - [2025-05-17T06:38:31.317+0000] {dagbag.py:588} INFO - Filling up the DagBag from /home/airflow/.local/lib/python3.12/site-packages/airflow/example_dags/example_python_decorator.py
[2025-05-17T06:38:31.370+0000] {processor.py:925} INFO - DAG(s) 'example_python_decorator' retrieved from /home/airflow/.local/lib/python3.12/site-packages/airflow/example_dags/example_python_decorator.py
[2025-05-17T06:38:31.442+0000] {logging_mixin.py:190} INFO - [2025-05-17T06:38:31.441+0000] {dag.py:3239} INFO - Sync 1 DAGs
[2025-05-17T06:38:31.484+0000] {logging_mixin.py:190} INFO - [2025-05-17T06:38:31.483+0000] {dag.py:4180} INFO - Setting next_dagrun for example_python_decorator to None, run_after=None
[2025-05-17T06:38:31.559+0000] {processor.py:208} INFO - Processing /home/airflow/.local/lib/python3.12/site-packages/airflow/example_dags/example_python_decorator.py took 0.276 seconds
[2025-05-17T06:39:11.532+0000] {processor.py:186} INFO - Started process (PID=567) to work on /home/airflow/.local/lib/python3.12/site-packages/airflow/example_dags/example_python_decorator.py
[2025-05-17T06:39:11.553+0000] {processor.py:914} INFO - Processing file /home/airflow/.local/lib/python3.12/site-packages/airflow/example_dags/example_python_decorator.py for tasks to queue
[2025-05-17T06:39:11.598+0000] {logging_mixin.py:190} INFO - [2025-05-17T06:39:11.594+0000] {dagbag.py:588} INFO - Filling up the DagBag from /home/airflow/.local/lib/python3.12/site-packages/airflow/example_dags/example_python_decorator.py
[2025-05-17T06:39:11.909+0000] {processor.py:925} INFO - DAG(s) 'example_python_decorator' retrieved from /home/airflow/.local/lib/python3.12/site-packages/airflow/example_dags/example_python_decorator.py
[2025-05-17T06:39:12.079+0000] {logging_mixin.py:190} INFO - [2025-05-17T06:39:12.072+0000] {dag.py:3239} INFO - Sync 1 DAGs
[2025-05-17T06:39:12.203+0000] {logging_mixin.py:190} INFO - [2025-05-17T06:39:12.201+0000] {dag.py:4180} INFO - Setting next_dagrun for example_python_decorator to None, run_after=None
[2025-05-17T06:39:12.345+0000] {processor.py:208} INFO - Processing /home/airflow/.local/lib/python3.12/site-packages/airflow/example_dags/example_python_decorator.py took 0.851 seconds
[2025-05-17T06:39:43.339+0000] {processor.py:186} INFO - Started process (PID=639) to work on /home/airflow/.local/lib/python3.12/site-packages/airflow/example_dags/example_python_decorator.py
[2025-05-17T06:39:43.342+0000] {processor.py:914} INFO - Processing file /home/airflow/.local/lib/python3.12/site-packages/airflow/example_dags/example_python_decorator.py for tasks to queue
[2025-05-17T06:39:43.348+0000] {logging_mixin.py:190} INFO - [2025-05-17T06:39:43.347+0000] {dagbag.py:588} INFO - Filling up the DagBag from /home/airflow/.local/lib/python3.12/site-packages/airflow/example_dags/example_python_decorator.py
[2025-05-17T06:39:43.379+0000] {processor.py:925} INFO - DAG(s) 'example_python_decorator' retrieved from /home/airflow/.local/lib/python3.12/site-packages/airflow/example_dags/example_python_decorator.py
[2025-05-17T06:39:43.427+0000] {logging_mixin.py:190} INFO - [2025-05-17T06:39:43.427+0000] {dag.py:3239} INFO - Sync 1 DAGs
[2025-05-17T06:39:43.465+0000] {logging_mixin.py:190} INFO - [2025-05-17T06:39:43.465+0000] {dag.py:4180} INFO - Setting next_dagrun for example_python_decorator to None, run_after=None
[2025-05-17T06:39:43.517+0000] {processor.py:208} INFO - Processing /home/airflow/.local/lib/python3.12/site-packages/airflow/example_dags/example_python_decorator.py took 0.190 seconds
[2025-05-17T06:40:21.899+0000] {processor.py:186} INFO - Started process (PID=706) to work on /home/airflow/.local/lib/python3.12/site-packages/airflow/example_dags/example_python_decorator.py
[2025-05-17T06:40:21.907+0000] {processor.py:914} INFO - Processing file /home/airflow/.local/lib/python3.12/site-packages/airflow/example_dags/example_python_decorator.py for tasks to queue
[2025-05-17T06:40:21.925+0000] {logging_mixin.py:190} INFO - [2025-05-17T06:40:21.923+0000] {dagbag.py:588} INFO - Filling up the DagBag from /home/airflow/.local/lib/python3.12/site-packages/airflow/example_dags/example_python_decorator.py
[2025-05-17T06:40:22.000+0000] {processor.py:925} INFO - DAG(s) 'example_python_decorator' retrieved from /home/airflow/.local/lib/python3.12/site-packages/airflow/example_dags/example_python_decorator.py
[2025-05-17T06:40:22.143+0000] {logging_mixin.py:190} INFO - [2025-05-17T06:40:22.141+0000] {dag.py:3239} INFO - Sync 1 DAGs
[2025-05-17T06:40:22.270+0000] {logging_mixin.py:190} INFO - [2025-05-17T06:40:22.268+0000] {dag.py:4180} INFO - Setting next_dagrun for example_python_decorator to None, run_after=None
[2025-05-17T06:40:22.620+0000] {processor.py:208} INFO - Processing /home/airflow/.local/lib/python3.12/site-packages/airflow/example_dags/example_python_decorator.py took 0.747 seconds
[2025-05-17T06:41:08.580+0000] {processor.py:186} INFO - Started process (PID=772) to work on /home/airflow/.local/lib/python3.12/site-packages/airflow/example_dags/example_python_decorator.py
[2025-05-17T06:41:08.587+0000] {processor.py:914} INFO - Processing file /home/airflow/.local/lib/python3.12/site-packages/airflow/example_dags/example_python_decorator.py for tasks to queue
[2025-05-17T06:41:08.606+0000] {logging_mixin.py:190} INFO - [2025-05-17T06:41:08.604+0000] {dagbag.py:588} INFO - Filling up the DagBag from /home/airflow/.local/lib/python3.12/site-packages/airflow/example_dags/example_python_decorator.py
[2025-05-17T06:41:08.683+0000] {processor.py:925} INFO - DAG(s) 'example_python_decorator' retrieved from /home/airflow/.local/lib/python3.12/site-packages/airflow/example_dags/example_python_decorator.py
[2025-05-17T06:41:08.801+0000] {logging_mixin.py:190} INFO - [2025-05-17T06:41:08.800+0000] {dag.py:3239} INFO - Sync 1 DAGs
[2025-05-17T06:41:08.883+0000] {logging_mixin.py:190} INFO - [2025-05-17T06:41:08.880+0000] {dag.py:4180} INFO - Setting next_dagrun for example_python_decorator to None, run_after=None
[2025-05-17T06:41:08.993+0000] {processor.py:208} INFO - Processing /home/airflow/.local/lib/python3.12/site-packages/airflow/example_dags/example_python_decorator.py took 0.440 seconds
[2025-05-17T06:41:47.584+0000] {processor.py:186} INFO - Started process (PID=844) to work on /home/airflow/.local/lib/python3.12/site-packages/airflow/example_dags/example_python_decorator.py
[2025-05-17T06:41:47.594+0000] {processor.py:914} INFO - Processing file /home/airflow/.local/lib/python3.12/site-packages/airflow/example_dags/example_python_decorator.py for tasks to queue
[2025-05-17T06:41:47.623+0000] {logging_mixin.py:190} INFO - [2025-05-17T06:41:47.621+0000] {dagbag.py:588} INFO - Filling up the DagBag from /home/airflow/.local/lib/python3.12/site-packages/airflow/example_dags/example_python_decorator.py
[2025-05-17T06:41:47.710+0000] {processor.py:925} INFO - DAG(s) 'example_python_decorator' retrieved from /home/airflow/.local/lib/python3.12/site-packages/airflow/example_dags/example_python_decorator.py
[2025-05-17T06:41:47.894+0000] {logging_mixin.py:190} INFO - [2025-05-17T06:41:47.890+0000] {dag.py:3239} INFO - Sync 1 DAGs
[2025-05-17T06:41:48.242+0000] {logging_mixin.py:190} INFO - [2025-05-17T06:41:48.238+0000] {dag.py:4180} INFO - Setting next_dagrun for example_python_decorator to None, run_after=None
[2025-05-17T06:41:48.491+0000] {processor.py:208} INFO - Processing /home/airflow/.local/lib/python3.12/site-packages/airflow/example_dags/example_python_decorator.py took 0.934 seconds
[2025-05-17T06:42:18.807+0000] {processor.py:186} INFO - Started process (PID=906) to work on /home/airflow/.local/lib/python3.12/site-packages/airflow/example_dags/example_python_decorator.py
[2025-05-17T06:42:18.812+0000] {processor.py:914} INFO - Processing file /home/airflow/.local/lib/python3.12/site-packages/airflow/example_dags/example_python_decorator.py for tasks to queue
[2025-05-17T06:42:18.829+0000] {logging_mixin.py:190} INFO - [2025-05-17T06:42:18.827+0000] {dagbag.py:588} INFO - Filling up the DagBag from /home/airflow/.local/lib/python3.12/site-packages/airflow/example_dags/example_python_decorator.py
[2025-05-17T06:42:18.898+0000] {processor.py:925} INFO - DAG(s) 'example_python_decorator' retrieved from /home/airflow/.local/lib/python3.12/site-packages/airflow/example_dags/example_python_decorator.py
[2025-05-17T06:42:19.037+0000] {logging_mixin.py:190} INFO - [2025-05-17T06:42:19.036+0000] {dag.py:3239} INFO - Sync 1 DAGs
[2025-05-17T06:42:19.114+0000] {logging_mixin.py:190} INFO - [2025-05-17T06:42:19.113+0000] {dag.py:4180} INFO - Setting next_dagrun for example_python_decorator to None, run_after=None
[2025-05-17T06:42:19.260+0000] {processor.py:208} INFO - Processing /home/airflow/.local/lib/python3.12/site-packages/airflow/example_dags/example_python_decorator.py took 0.475 seconds
[2025-05-17T06:42:51.335+0000] {processor.py:186} INFO - Started process (PID=972) to work on /home/airflow/.local/lib/python3.12/site-packages/airflow/example_dags/example_python_decorator.py
[2025-05-17T06:42:51.368+0000] {processor.py:914} INFO - Processing file /home/airflow/.local/lib/python3.12/site-packages/airflow/example_dags/example_python_decorator.py for tasks to queue
[2025-05-17T06:42:51.397+0000] {logging_mixin.py:190} INFO - [2025-05-17T06:42:51.396+0000] {dagbag.py:588} INFO - Filling up the DagBag from /home/airflow/.local/lib/python3.12/site-packages/airflow/example_dags/example_python_decorator.py
[2025-05-17T06:42:51.602+0000] {processor.py:925} INFO - DAG(s) 'example_python_decorator' retrieved from /home/airflow/.local/lib/python3.12/site-packages/airflow/example_dags/example_python_decorator.py
[2025-05-17T06:42:51.931+0000] {logging_mixin.py:190} INFO - [2025-05-17T06:42:51.929+0000] {dag.py:3239} INFO - Sync 1 DAGs
[2025-05-17T06:42:52.121+0000] {logging_mixin.py:190} INFO - [2025-05-17T06:42:52.120+0000] {dag.py:4180} INFO - Setting next_dagrun for example_python_decorator to None, run_after=None
[2025-05-17T06:42:52.342+0000] {processor.py:208} INFO - Processing /home/airflow/.local/lib/python3.12/site-packages/airflow/example_dags/example_python_decorator.py took 1.087 seconds
[2025-05-17T06:43:25.914+0000] {processor.py:186} INFO - Started process (PID=1037) to work on /home/airflow/.local/lib/python3.12/site-packages/airflow/example_dags/example_python_decorator.py
[2025-05-17T06:43:25.922+0000] {processor.py:914} INFO - Processing file /home/airflow/.local/lib/python3.12/site-packages/airflow/example_dags/example_python_decorator.py for tasks to queue
[2025-05-17T06:43:25.938+0000] {logging_mixin.py:190} INFO - [2025-05-17T06:43:25.935+0000] {dagbag.py:588} INFO - Filling up the DagBag from /home/airflow/.local/lib/python3.12/site-packages/airflow/example_dags/example_python_decorator.py
[2025-05-17T06:43:26.027+0000] {processor.py:925} INFO - DAG(s) 'example_python_decorator' retrieved from /home/airflow/.local/lib/python3.12/site-packages/airflow/example_dags/example_python_decorator.py
[2025-05-17T06:43:26.166+0000] {logging_mixin.py:190} INFO - [2025-05-17T06:43:26.163+0000] {dag.py:3239} INFO - Sync 1 DAGs
[2025-05-17T06:43:26.255+0000] {logging_mixin.py:190} INFO - [2025-05-17T06:43:26.254+0000] {dag.py:4180} INFO - Setting next_dagrun for example_python_decorator to None, run_after=None
[2025-05-17T06:43:26.385+0000] {processor.py:208} INFO - Processing /home/airflow/.local/lib/python3.12/site-packages/airflow/example_dags/example_python_decorator.py took 0.488 seconds
[2025-05-17T06:44:02.524+0000] {processor.py:186} INFO - Started process (PID=1082) to work on /home/airflow/.local/lib/python3.12/site-packages/airflow/example_dags/example_python_decorator.py
[2025-05-17T06:44:02.529+0000] {processor.py:914} INFO - Processing file /home/airflow/.local/lib/python3.12/site-packages/airflow/example_dags/example_python_decorator.py for tasks to queue
[2025-05-17T06:44:02.536+0000] {logging_mixin.py:190} INFO - [2025-05-17T06:44:02.535+0000] {dagbag.py:588} INFO - Filling up the DagBag from /home/airflow/.local/lib/python3.12/site-packages/airflow/example_dags/example_python_decorator.py
[2025-05-17T06:44:02.575+0000] {processor.py:925} INFO - DAG(s) 'example_python_decorator' retrieved from /home/airflow/.local/lib/python3.12/site-packages/airflow/example_dags/example_python_decorator.py
[2025-05-17T06:44:02.643+0000] {logging_mixin.py:190} INFO - [2025-05-17T06:44:02.643+0000] {dag.py:3239} INFO - Sync 1 DAGs
[2025-05-17T06:44:02.682+0000] {logging_mixin.py:190} INFO - [2025-05-17T06:44:02.681+0000] {dag.py:4180} INFO - Setting next_dagrun for example_python_decorator to None, run_after=None
[2025-05-17T06:44:02.738+0000] {processor.py:208} INFO - Processing /home/airflow/.local/lib/python3.12/site-packages/airflow/example_dags/example_python_decorator.py took 0.230 seconds
[2025-05-17T06:44:36.361+0000] {processor.py:186} INFO - Started process (PID=1140) to work on /home/airflow/.local/lib/python3.12/site-packages/airflow/example_dags/example_python_decorator.py
[2025-05-17T06:44:36.366+0000] {processor.py:914} INFO - Processing file /home/airflow/.local/lib/python3.12/site-packages/airflow/example_dags/example_python_decorator.py for tasks to queue
[2025-05-17T06:44:36.385+0000] {logging_mixin.py:190} INFO - [2025-05-17T06:44:36.384+0000] {dagbag.py:588} INFO - Filling up the DagBag from /home/airflow/.local/lib/python3.12/site-packages/airflow/example_dags/example_python_decorator.py
[2025-05-17T06:44:36.463+0000] {processor.py:925} INFO - DAG(s) 'example_python_decorator' retrieved from /home/airflow/.local/lib/python3.12/site-packages/airflow/example_dags/example_python_decorator.py
[2025-05-17T06:44:36.555+0000] {logging_mixin.py:190} INFO - [2025-05-17T06:44:36.555+0000] {dag.py:3239} INFO - Sync 1 DAGs
[2025-05-17T06:44:36.621+0000] {logging_mixin.py:190} INFO - [2025-05-17T06:44:36.620+0000] {dag.py:4180} INFO - Setting next_dagrun for example_python_decorator to None, run_after=None
[2025-05-17T06:44:36.731+0000] {processor.py:208} INFO - Processing /home/airflow/.local/lib/python3.12/site-packages/airflow/example_dags/example_python_decorator.py took 0.394 seconds
[2025-05-17T06:45:14.892+0000] {processor.py:186} INFO - Started process (PID=1199) to work on /home/airflow/.local/lib/python3.12/site-packages/airflow/example_dags/example_python_decorator.py
[2025-05-17T06:45:14.900+0000] {processor.py:914} INFO - Processing file /home/airflow/.local/lib/python3.12/site-packages/airflow/example_dags/example_python_decorator.py for tasks to queue
[2025-05-17T06:45:14.914+0000] {logging_mixin.py:190} INFO - [2025-05-17T06:45:14.913+0000] {dagbag.py:588} INFO - Filling up the DagBag from /home/airflow/.local/lib/python3.12/site-packages/airflow/example_dags/example_python_decorator.py
[2025-05-17T06:45:14.967+0000] {processor.py:925} INFO - DAG(s) 'example_python_decorator' retrieved from /home/airflow/.local/lib/python3.12/site-packages/airflow/example_dags/example_python_decorator.py
[2025-05-17T06:45:15.088+0000] {logging_mixin.py:190} INFO - [2025-05-17T06:45:15.087+0000] {dag.py:3239} INFO - Sync 1 DAGs
[2025-05-17T06:45:15.152+0000] {logging_mixin.py:190} INFO - [2025-05-17T06:45:15.152+0000] {dag.py:4180} INFO - Setting next_dagrun for example_python_decorator to None, run_after=None
[2025-05-17T06:45:15.266+0000] {processor.py:208} INFO - Processing /home/airflow/.local/lib/python3.12/site-packages/airflow/example_dags/example_python_decorator.py took 0.402 seconds
[2025-05-17T06:45:55.452+0000] {processor.py:186} INFO - Started process (PID=1265) to work on /home/airflow/.local/lib/python3.12/site-packages/airflow/example_dags/example_python_decorator.py
[2025-05-17T06:45:55.460+0000] {processor.py:914} INFO - Processing file /home/airflow/.local/lib/python3.12/site-packages/airflow/example_dags/example_python_decorator.py for tasks to queue
[2025-05-17T06:45:55.474+0000] {logging_mixin.py:190} INFO - [2025-05-17T06:45:55.471+0000] {dagbag.py:588} INFO - Filling up the DagBag from /home/airflow/.local/lib/python3.12/site-packages/airflow/example_dags/example_python_decorator.py
[2025-05-17T06:45:55.577+0000] {processor.py:925} INFO - DAG(s) 'example_python_decorator' retrieved from /home/airflow/.local/lib/python3.12/site-packages/airflow/example_dags/example_python_decorator.py
[2025-05-17T06:45:55.766+0000] {logging_mixin.py:190} INFO - [2025-05-17T06:45:55.765+0000] {dag.py:3239} INFO - Sync 1 DAGs
[2025-05-17T06:45:55.859+0000] {logging_mixin.py:190} INFO - [2025-05-17T06:45:55.858+0000] {dag.py:4180} INFO - Setting next_dagrun for example_python_decorator to None, run_after=None
[2025-05-17T06:45:56.016+0000] {processor.py:208} INFO - Processing /home/airflow/.local/lib/python3.12/site-packages/airflow/example_dags/example_python_decorator.py took 0.598 seconds
[2025-05-17T06:46:42.029+0000] {processor.py:186} INFO - Started process (PID=1323) to work on /home/airflow/.local/lib/python3.12/site-packages/airflow/example_dags/example_python_decorator.py
[2025-05-17T06:46:42.042+0000] {processor.py:914} INFO - Processing file /home/airflow/.local/lib/python3.12/site-packages/airflow/example_dags/example_python_decorator.py for tasks to queue
[2025-05-17T06:46:42.076+0000] {logging_mixin.py:190} INFO - [2025-05-17T06:46:42.075+0000] {dagbag.py:588} INFO - Filling up the DagBag from /home/airflow/.local/lib/python3.12/site-packages/airflow/example_dags/example_python_decorator.py
[2025-05-17T06:46:42.270+0000] {processor.py:925} INFO - DAG(s) 'example_python_decorator' retrieved from /home/airflow/.local/lib/python3.12/site-packages/airflow/example_dags/example_python_decorator.py
[2025-05-17T06:46:42.473+0000] {logging_mixin.py:190} INFO - [2025-05-17T06:46:42.473+0000] {dag.py:3239} INFO - Sync 1 DAGs
[2025-05-17T06:46:42.769+0000] {logging_mixin.py:190} INFO - [2025-05-17T06:46:42.769+0000] {dag.py:4180} INFO - Setting next_dagrun for example_python_decorator to None, run_after=None
[2025-05-17T06:46:43.167+0000] {processor.py:208} INFO - Processing /home/airflow/.local/lib/python3.12/site-packages/airflow/example_dags/example_python_decorator.py took 1.180 seconds
[2025-05-17T06:47:24.861+0000] {processor.py:186} INFO - Started process (PID=1358) to work on /home/airflow/.local/lib/python3.12/site-packages/airflow/example_dags/example_python_decorator.py
[2025-05-17T06:47:24.888+0000] {processor.py:914} INFO - Processing file /home/airflow/.local/lib/python3.12/site-packages/airflow/example_dags/example_python_decorator.py for tasks to queue
[2025-05-17T06:47:24.936+0000] {logging_mixin.py:190} INFO - [2025-05-17T06:47:24.934+0000] {dagbag.py:588} INFO - Filling up the DagBag from /home/airflow/.local/lib/python3.12/site-packages/airflow/example_dags/example_python_decorator.py
[2025-05-17T06:47:25.175+0000] {processor.py:925} INFO - DAG(s) 'example_python_decorator' retrieved from /home/airflow/.local/lib/python3.12/site-packages/airflow/example_dags/example_python_decorator.py
[2025-05-17T06:47:25.427+0000] {logging_mixin.py:190} INFO - [2025-05-17T06:47:25.425+0000] {dag.py:3239} INFO - Sync 1 DAGs
[2025-05-17T06:47:25.505+0000] {logging_mixin.py:190} INFO - [2025-05-17T06:47:25.502+0000] {dag.py:4180} INFO - Setting next_dagrun for example_python_decorator to None, run_after=None
[2025-05-17T06:47:25.677+0000] {processor.py:208} INFO - Processing /home/airflow/.local/lib/python3.12/site-packages/airflow/example_dags/example_python_decorator.py took 0.954 seconds
[2025-05-17T06:48:16.783+0000] {processor.py:186} INFO - Started process (PID=1424) to work on /home/airflow/.local/lib/python3.12/site-packages/airflow/example_dags/example_python_decorator.py
[2025-05-17T06:48:16.798+0000] {processor.py:914} INFO - Processing file /home/airflow/.local/lib/python3.12/site-packages/airflow/example_dags/example_python_decorator.py for tasks to queue
[2025-05-17T06:48:16.835+0000] {logging_mixin.py:190} INFO - [2025-05-17T06:48:16.834+0000] {dagbag.py:588} INFO - Filling up the DagBag from /home/airflow/.local/lib/python3.12/site-packages/airflow/example_dags/example_python_decorator.py
[2025-05-17T06:48:16.954+0000] {processor.py:925} INFO - DAG(s) 'example_python_decorator' retrieved from /home/airflow/.local/lib/python3.12/site-packages/airflow/example_dags/example_python_decorator.py
[2025-05-17T06:48:17.288+0000] {logging_mixin.py:190} INFO - [2025-05-17T06:48:17.276+0000] {dag.py:3239} INFO - Sync 1 DAGs
[2025-05-17T06:48:17.465+0000] {logging_mixin.py:190} INFO - [2025-05-17T06:48:17.464+0000] {dag.py:4180} INFO - Setting next_dagrun for example_python_decorator to None, run_after=None
[2025-05-17T06:48:17.876+0000] {processor.py:208} INFO - Processing /home/airflow/.local/lib/python3.12/site-packages/airflow/example_dags/example_python_decorator.py took 1.102 seconds
[2025-05-17T06:49:30.681+0000] {processor.py:186} INFO - Started process (PID=1502) to work on /home/airflow/.local/lib/python3.12/site-packages/airflow/example_dags/example_python_decorator.py
[2025-05-17T06:49:30.686+0000] {processor.py:914} INFO - Processing file /home/airflow/.local/lib/python3.12/site-packages/airflow/example_dags/example_python_decorator.py for tasks to queue
[2025-05-17T06:49:30.699+0000] {logging_mixin.py:190} INFO - [2025-05-17T06:49:30.698+0000] {dagbag.py:588} INFO - Filling up the DagBag from /home/airflow/.local/lib/python3.12/site-packages/airflow/example_dags/example_python_decorator.py
[2025-05-17T06:49:30.866+0000] {processor.py:925} INFO - DAG(s) 'example_python_decorator' retrieved from /home/airflow/.local/lib/python3.12/site-packages/airflow/example_dags/example_python_decorator.py
[2025-05-17T06:49:31.085+0000] {logging_mixin.py:190} INFO - [2025-05-17T06:49:31.084+0000] {dag.py:3239} INFO - Sync 1 DAGs
[2025-05-17T06:49:31.215+0000] {logging_mixin.py:190} INFO - [2025-05-17T06:49:31.214+0000] {dag.py:4180} INFO - Setting next_dagrun for example_python_decorator to None, run_after=None
[2025-05-17T06:49:31.490+0000] {processor.py:208} INFO - Processing /home/airflow/.local/lib/python3.12/site-packages/airflow/example_dags/example_python_decorator.py took 0.856 seconds
[2025-05-17T06:50:22.817+0000] {processor.py:186} INFO - Started process (PID=1568) to work on /home/airflow/.local/lib/python3.12/site-packages/airflow/example_dags/example_python_decorator.py
[2025-05-17T06:50:22.824+0000] {processor.py:914} INFO - Processing file /home/airflow/.local/lib/python3.12/site-packages/airflow/example_dags/example_python_decorator.py for tasks to queue
[2025-05-17T06:50:22.834+0000] {logging_mixin.py:190} INFO - [2025-05-17T06:50:22.833+0000] {dagbag.py:588} INFO - Filling up the DagBag from /home/airflow/.local/lib/python3.12/site-packages/airflow/example_dags/example_python_decorator.py
[2025-05-17T06:50:23.000+0000] {processor.py:925} INFO - DAG(s) 'example_python_decorator' retrieved from /home/airflow/.local/lib/python3.12/site-packages/airflow/example_dags/example_python_decorator.py
[2025-05-17T06:50:23.131+0000] {logging_mixin.py:190} INFO - [2025-05-17T06:50:23.131+0000] {dag.py:3239} INFO - Sync 1 DAGs
[2025-05-17T06:50:23.213+0000] {logging_mixin.py:190} INFO - [2025-05-17T06:50:23.213+0000] {dag.py:4180} INFO - Setting next_dagrun for example_python_decorator to None, run_after=None
[2025-05-17T06:50:23.424+0000] {processor.py:208} INFO - Processing /home/airflow/.local/lib/python3.12/site-packages/airflow/example_dags/example_python_decorator.py took 0.655 seconds
[2025-05-17T06:51:24.020+0000] {processor.py:186} INFO - Started process (PID=1633) to work on /home/airflow/.local/lib/python3.12/site-packages/airflow/example_dags/example_python_decorator.py
[2025-05-17T06:51:24.025+0000] {processor.py:914} INFO - Processing file /home/airflow/.local/lib/python3.12/site-packages/airflow/example_dags/example_python_decorator.py for tasks to queue
[2025-05-17T06:51:24.037+0000] {logging_mixin.py:190} INFO - [2025-05-17T06:51:24.034+0000] {dagbag.py:588} INFO - Filling up the DagBag from /home/airflow/.local/lib/python3.12/site-packages/airflow/example_dags/example_python_decorator.py
[2025-05-17T06:51:24.104+0000] {processor.py:925} INFO - DAG(s) 'example_python_decorator' retrieved from /home/airflow/.local/lib/python3.12/site-packages/airflow/example_dags/example_python_decorator.py
[2025-05-17T06:51:24.296+0000] {logging_mixin.py:190} INFO - [2025-05-17T06:51:24.293+0000] {dag.py:3239} INFO - Sync 1 DAGs
[2025-05-17T06:51:24.376+0000] {logging_mixin.py:190} INFO - [2025-05-17T06:51:24.375+0000] {dag.py:4180} INFO - Setting next_dagrun for example_python_decorator to None, run_after=None
[2025-05-17T06:51:24.554+0000] {processor.py:208} INFO - Processing /home/airflow/.local/lib/python3.12/site-packages/airflow/example_dags/example_python_decorator.py took 0.566 seconds
[2025-05-17T06:52:14.950+0000] {processor.py:186} INFO - Started process (PID=1697) to work on /home/airflow/.local/lib/python3.12/site-packages/airflow/example_dags/example_python_decorator.py
[2025-05-17T06:52:14.956+0000] {processor.py:914} INFO - Processing file /home/airflow/.local/lib/python3.12/site-packages/airflow/example_dags/example_python_decorator.py for tasks to queue
[2025-05-17T06:52:15.033+0000] {logging_mixin.py:190} INFO - [2025-05-17T06:52:15.018+0000] {dagbag.py:588} INFO - Filling up the DagBag from /home/airflow/.local/lib/python3.12/site-packages/airflow/example_dags/example_python_decorator.py
[2025-05-17T06:52:15.090+0000] {processor.py:925} INFO - DAG(s) 'example_python_decorator' retrieved from /home/airflow/.local/lib/python3.12/site-packages/airflow/example_dags/example_python_decorator.py
[2025-05-17T06:52:15.315+0000] {logging_mixin.py:190} INFO - [2025-05-17T06:52:15.313+0000] {dag.py:3239} INFO - Sync 1 DAGs
[2025-05-17T06:52:15.411+0000] {logging_mixin.py:190} INFO - [2025-05-17T06:52:15.402+0000] {dag.py:4180} INFO - Setting next_dagrun for example_python_decorator to None, run_after=None
[2025-05-17T06:52:15.654+0000] {processor.py:208} INFO - Processing /home/airflow/.local/lib/python3.12/site-packages/airflow/example_dags/example_python_decorator.py took 0.737 seconds
[2025-05-17T06:52:55.338+0000] {processor.py:186} INFO - Started process (PID=1738) to work on /home/airflow/.local/lib/python3.12/site-packages/airflow/example_dags/example_python_decorator.py
[2025-05-17T06:52:55.345+0000] {processor.py:914} INFO - Processing file /home/airflow/.local/lib/python3.12/site-packages/airflow/example_dags/example_python_decorator.py for tasks to queue
[2025-05-17T06:52:55.363+0000] {logging_mixin.py:190} INFO - [2025-05-17T06:52:55.362+0000] {dagbag.py:588} INFO - Filling up the DagBag from /home/airflow/.local/lib/python3.12/site-packages/airflow/example_dags/example_python_decorator.py
[2025-05-17T06:52:55.480+0000] {processor.py:925} INFO - DAG(s) 'example_python_decorator' retrieved from /home/airflow/.local/lib/python3.12/site-packages/airflow/example_dags/example_python_decorator.py
[2025-05-17T06:52:55.688+0000] {logging_mixin.py:190} INFO - [2025-05-17T06:52:55.687+0000] {dag.py:3239} INFO - Sync 1 DAGs
[2025-05-17T06:52:55.804+0000] {logging_mixin.py:190} INFO - [2025-05-17T06:52:55.803+0000] {dag.py:4180} INFO - Setting next_dagrun for example_python_decorator to None, run_after=None
[2025-05-17T06:52:55.986+0000] {processor.py:208} INFO - Processing /home/airflow/.local/lib/python3.12/site-packages/airflow/example_dags/example_python_decorator.py took 0.702 seconds
[2025-05-17T06:53:43.776+0000] {processor.py:186} INFO - Started process (PID=1808) to work on /home/airflow/.local/lib/python3.12/site-packages/airflow/example_dags/example_python_decorator.py
[2025-05-17T06:53:43.783+0000] {processor.py:914} INFO - Processing file /home/airflow/.local/lib/python3.12/site-packages/airflow/example_dags/example_python_decorator.py for tasks to queue
[2025-05-17T06:53:43.798+0000] {logging_mixin.py:190} INFO - [2025-05-17T06:53:43.796+0000] {dagbag.py:588} INFO - Filling up the DagBag from /home/airflow/.local/lib/python3.12/site-packages/airflow/example_dags/example_python_decorator.py
[2025-05-17T06:53:43.882+0000] {processor.py:925} INFO - DAG(s) 'example_python_decorator' retrieved from /home/airflow/.local/lib/python3.12/site-packages/airflow/example_dags/example_python_decorator.py
[2025-05-17T06:53:44.212+0000] {logging_mixin.py:190} INFO - [2025-05-17T06:53:44.211+0000] {dag.py:3239} INFO - Sync 1 DAGs
[2025-05-17T06:53:44.328+0000] {logging_mixin.py:190} INFO - [2025-05-17T06:53:44.327+0000] {dag.py:4180} INFO - Setting next_dagrun for example_python_decorator to None, run_after=None
[2025-05-17T06:53:44.534+0000] {processor.py:208} INFO - Processing /home/airflow/.local/lib/python3.12/site-packages/airflow/example_dags/example_python_decorator.py took 0.793 seconds
[2025-05-17T06:54:54.157+0000] {processor.py:186} INFO - Started process (PID=1877) to work on /home/airflow/.local/lib/python3.12/site-packages/airflow/example_dags/example_python_decorator.py
[2025-05-17T06:54:54.174+0000] {processor.py:914} INFO - Processing file /home/airflow/.local/lib/python3.12/site-packages/airflow/example_dags/example_python_decorator.py for tasks to queue
[2025-05-17T06:54:54.222+0000] {logging_mixin.py:190} INFO - [2025-05-17T06:54:54.218+0000] {dagbag.py:588} INFO - Filling up the DagBag from /home/airflow/.local/lib/python3.12/site-packages/airflow/example_dags/example_python_decorator.py
[2025-05-17T06:54:54.315+0000] {processor.py:925} INFO - DAG(s) 'example_python_decorator' retrieved from /home/airflow/.local/lib/python3.12/site-packages/airflow/example_dags/example_python_decorator.py
[2025-05-17T06:54:54.617+0000] {logging_mixin.py:190} INFO - [2025-05-17T06:54:54.612+0000] {dag.py:3239} INFO - Sync 1 DAGs
[2025-05-17T06:54:54.803+0000] {logging_mixin.py:190} INFO - [2025-05-17T06:54:54.802+0000] {dag.py:4180} INFO - Setting next_dagrun for example_python_decorator to None, run_after=None
[2025-05-17T06:54:55.147+0000] {processor.py:208} INFO - Processing /home/airflow/.local/lib/python3.12/site-packages/airflow/example_dags/example_python_decorator.py took 1.059 seconds
[2025-05-17T06:55:44.018+0000] {processor.py:186} INFO - Started process (PID=1923) to work on /home/airflow/.local/lib/python3.12/site-packages/airflow/example_dags/example_python_decorator.py
[2025-05-17T06:55:44.044+0000] {processor.py:914} INFO - Processing file /home/airflow/.local/lib/python3.12/site-packages/airflow/example_dags/example_python_decorator.py for tasks to queue
[2025-05-17T06:55:44.138+0000] {logging_mixin.py:190} INFO - [2025-05-17T06:55:44.113+0000] {dagbag.py:588} INFO - Filling up the DagBag from /home/airflow/.local/lib/python3.12/site-packages/airflow/example_dags/example_python_decorator.py
[2025-05-17T06:55:44.268+0000] {processor.py:925} INFO - DAG(s) 'example_python_decorator' retrieved from /home/airflow/.local/lib/python3.12/site-packages/airflow/example_dags/example_python_decorator.py
[2025-05-17T06:55:44.493+0000] {logging_mixin.py:190} INFO - [2025-05-17T06:55:44.492+0000] {dag.py:3239} INFO - Sync 1 DAGs
[2025-05-17T06:55:44.693+0000] {logging_mixin.py:190} INFO - [2025-05-17T06:55:44.693+0000] {dag.py:4180} INFO - Setting next_dagrun for example_python_decorator to None, run_after=None
[2025-05-17T06:55:45.109+0000] {processor.py:208} INFO - Processing /home/airflow/.local/lib/python3.12/site-packages/airflow/example_dags/example_python_decorator.py took 1.134 seconds
