[2025-05-17T06:25:08.941+0000] {processor.py:186} INFO - Started process (PID=103) to work on /home/airflow/.local/lib/python3.12/site-packages/airflow/example_dags/tutorial_taskflow_api.py
[2025-05-17T06:25:08.947+0000] {processor.py:914} INFO - Processing file /home/airflow/.local/lib/python3.12/site-packages/airflow/example_dags/tutorial_taskflow_api.py for tasks to queue
[2025-05-17T06:25:08.955+0000] {logging_mixin.py:190} INFO - [2025-05-17T06:25:08.954+0000] {dagbag.py:588} INFO - Filling up the DagBag from /home/airflow/.local/lib/python3.12/site-packages/airflow/example_dags/tutorial_taskflow_api.py
[2025-05-17T06:25:08.997+0000] {processor.py:925} INFO - DAG(s) 'tutorial_taskflow_api' retrieved from /home/airflow/.local/lib/python3.12/site-packages/airflow/example_dags/tutorial_taskflow_api.py
[2025-05-17T06:25:09.128+0000] {logging_mixin.py:190} INFO - [2025-05-17T06:25:09.126+0000] {dag.py:3239} INFO - Sync 1 DAGs
[2025-05-17T06:25:09.197+0000] {logging_mixin.py:190} INFO - [2025-05-17T06:25:09.196+0000] {dag.py:4180} INFO - Setting next_dagrun for tutorial_taskflow_api to None, run_after=None
[2025-05-17T06:25:09.313+0000] {processor.py:208} INFO - Processing /home/airflow/.local/lib/python3.12/site-packages/airflow/example_dags/tutorial_taskflow_api.py took 0.397 seconds
[2025-05-17T06:25:42.898+0000] {processor.py:186} INFO - Started process (PID=169) to work on /home/airflow/.local/lib/python3.12/site-packages/airflow/example_dags/tutorial_taskflow_api.py
[2025-05-17T06:25:42.902+0000] {processor.py:914} INFO - Processing file /home/airflow/.local/lib/python3.12/site-packages/airflow/example_dags/tutorial_taskflow_api.py for tasks to queue
[2025-05-17T06:25:42.908+0000] {logging_mixin.py:190} INFO - [2025-05-17T06:25:42.907+0000] {dagbag.py:588} INFO - Filling up the DagBag from /home/airflow/.local/lib/python3.12/site-packages/airflow/example_dags/tutorial_taskflow_api.py
[2025-05-17T06:25:42.937+0000] {processor.py:925} INFO - DAG(s) 'tutorial_taskflow_api' retrieved from /home/airflow/.local/lib/python3.12/site-packages/airflow/example_dags/tutorial_taskflow_api.py
[2025-05-17T06:25:43.052+0000] {logging_mixin.py:190} INFO - [2025-05-17T06:25:43.049+0000] {dag.py:3239} INFO - Sync 1 DAGs
[2025-05-17T06:25:43.127+0000] {logging_mixin.py:190} INFO - [2025-05-17T06:25:43.127+0000] {dag.py:4180} INFO - Setting next_dagrun for tutorial_taskflow_api to None, run_after=None
[2025-05-17T06:25:43.248+0000] {processor.py:208} INFO - Processing /home/airflow/.local/lib/python3.12/site-packages/airflow/example_dags/tutorial_taskflow_api.py took 0.365 seconds
[2025-05-17T06:33:56.507+0000] {processor.py:186} INFO - Started process (PID=94) to work on /home/airflow/.local/lib/python3.12/site-packages/airflow/example_dags/tutorial_taskflow_api.py
[2025-05-17T06:33:56.515+0000] {processor.py:914} INFO - Processing file /home/airflow/.local/lib/python3.12/site-packages/airflow/example_dags/tutorial_taskflow_api.py for tasks to queue
[2025-05-17T06:33:56.530+0000] {logging_mixin.py:190} INFO - [2025-05-17T06:33:56.528+0000] {dagbag.py:588} INFO - Filling up the DagBag from /home/airflow/.local/lib/python3.12/site-packages/airflow/example_dags/tutorial_taskflow_api.py
[2025-05-17T06:33:56.567+0000] {processor.py:925} INFO - DAG(s) 'tutorial_taskflow_api' retrieved from /home/airflow/.local/lib/python3.12/site-packages/airflow/example_dags/tutorial_taskflow_api.py
[2025-05-17T06:33:56.730+0000] {logging_mixin.py:190} INFO - [2025-05-17T06:33:56.729+0000] {dag.py:3239} INFO - Sync 1 DAGs
[2025-05-17T06:33:56.915+0000] {logging_mixin.py:190} INFO - [2025-05-17T06:33:56.913+0000] {dag.py:4180} INFO - Setting next_dagrun for tutorial_taskflow_api to None, run_after=None
[2025-05-17T06:33:57.231+0000] {processor.py:208} INFO - Processing /home/airflow/.local/lib/python3.12/site-packages/airflow/example_dags/tutorial_taskflow_api.py took 0.758 seconds
[2025-05-17T06:34:28.022+0000] {processor.py:186} INFO - Started process (PID=159) to work on /home/airflow/.local/lib/python3.12/site-packages/airflow/example_dags/tutorial_taskflow_api.py
[2025-05-17T06:34:28.027+0000] {processor.py:914} INFO - Processing file /home/airflow/.local/lib/python3.12/site-packages/airflow/example_dags/tutorial_taskflow_api.py for tasks to queue
[2025-05-17T06:34:28.038+0000] {logging_mixin.py:190} INFO - [2025-05-17T06:34:28.037+0000] {dagbag.py:588} INFO - Filling up the DagBag from /home/airflow/.local/lib/python3.12/site-packages/airflow/example_dags/tutorial_taskflow_api.py
[2025-05-17T06:34:28.076+0000] {processor.py:925} INFO - DAG(s) 'tutorial_taskflow_api' retrieved from /home/airflow/.local/lib/python3.12/site-packages/airflow/example_dags/tutorial_taskflow_api.py
[2025-05-17T06:34:28.192+0000] {logging_mixin.py:190} INFO - [2025-05-17T06:34:28.190+0000] {dag.py:3239} INFO - Sync 1 DAGs
[2025-05-17T06:34:28.270+0000] {logging_mixin.py:190} INFO - [2025-05-17T06:34:28.268+0000] {dag.py:4180} INFO - Setting next_dagrun for tutorial_taskflow_api to None, run_after=None
[2025-05-17T06:34:28.384+0000] {processor.py:208} INFO - Processing /home/airflow/.local/lib/python3.12/site-packages/airflow/example_dags/tutorial_taskflow_api.py took 0.384 seconds
[2025-05-17T06:34:58.938+0000] {processor.py:186} INFO - Started process (PID=225) to work on /home/airflow/.local/lib/python3.12/site-packages/airflow/example_dags/tutorial_taskflow_api.py
[2025-05-17T06:34:58.942+0000] {processor.py:914} INFO - Processing file /home/airflow/.local/lib/python3.12/site-packages/airflow/example_dags/tutorial_taskflow_api.py for tasks to queue
[2025-05-17T06:34:58.949+0000] {logging_mixin.py:190} INFO - [2025-05-17T06:34:58.948+0000] {dagbag.py:588} INFO - Filling up the DagBag from /home/airflow/.local/lib/python3.12/site-packages/airflow/example_dags/tutorial_taskflow_api.py
[2025-05-17T06:34:58.971+0000] {processor.py:925} INFO - DAG(s) 'tutorial_taskflow_api' retrieved from /home/airflow/.local/lib/python3.12/site-packages/airflow/example_dags/tutorial_taskflow_api.py
[2025-05-17T06:34:59.017+0000] {logging_mixin.py:190} INFO - [2025-05-17T06:34:59.016+0000] {dag.py:3239} INFO - Sync 1 DAGs
[2025-05-17T06:34:59.056+0000] {logging_mixin.py:190} INFO - [2025-05-17T06:34:59.056+0000] {dag.py:4180} INFO - Setting next_dagrun for tutorial_taskflow_api to None, run_after=None
[2025-05-17T06:34:59.112+0000] {processor.py:208} INFO - Processing /home/airflow/.local/lib/python3.12/site-packages/airflow/example_dags/tutorial_taskflow_api.py took 0.189 seconds
[2025-05-17T06:35:39.199+0000] {processor.py:186} INFO - Started process (PID=296) to work on /home/airflow/.local/lib/python3.12/site-packages/airflow/example_dags/tutorial_taskflow_api.py
[2025-05-17T06:35:39.204+0000] {processor.py:914} INFO - Processing file /home/airflow/.local/lib/python3.12/site-packages/airflow/example_dags/tutorial_taskflow_api.py for tasks to queue
[2025-05-17T06:35:39.209+0000] {logging_mixin.py:190} INFO - [2025-05-17T06:35:39.208+0000] {dagbag.py:588} INFO - Filling up the DagBag from /home/airflow/.local/lib/python3.12/site-packages/airflow/example_dags/tutorial_taskflow_api.py
[2025-05-17T06:35:39.229+0000] {processor.py:925} INFO - DAG(s) 'tutorial_taskflow_api' retrieved from /home/airflow/.local/lib/python3.12/site-packages/airflow/example_dags/tutorial_taskflow_api.py
[2025-05-17T06:35:39.278+0000] {logging_mixin.py:190} INFO - [2025-05-17T06:35:39.277+0000] {dag.py:3239} INFO - Sync 1 DAGs
[2025-05-17T06:35:39.320+0000] {logging_mixin.py:190} INFO - [2025-05-17T06:35:39.320+0000] {dag.py:4180} INFO - Setting next_dagrun for tutorial_taskflow_api to None, run_after=None
[2025-05-17T06:35:39.382+0000] {processor.py:208} INFO - Processing /home/airflow/.local/lib/python3.12/site-packages/airflow/example_dags/tutorial_taskflow_api.py took 0.195 seconds
[2025-05-17T06:36:47.735+0000] {processor.py:186} INFO - Started process (PID=311) to work on /home/airflow/.local/lib/python3.12/site-packages/airflow/example_dags/tutorial_taskflow_api.py
[2025-05-17T06:36:47.738+0000] {processor.py:914} INFO - Processing file /home/airflow/.local/lib/python3.12/site-packages/airflow/example_dags/tutorial_taskflow_api.py for tasks to queue
[2025-05-17T06:36:47.744+0000] {logging_mixin.py:190} INFO - [2025-05-17T06:36:47.743+0000] {dagbag.py:588} INFO - Filling up the DagBag from /home/airflow/.local/lib/python3.12/site-packages/airflow/example_dags/tutorial_taskflow_api.py
[2025-05-17T06:36:47.767+0000] {processor.py:925} INFO - DAG(s) 'tutorial_taskflow_api' retrieved from /home/airflow/.local/lib/python3.12/site-packages/airflow/example_dags/tutorial_taskflow_api.py
[2025-05-17T06:36:47.808+0000] {logging_mixin.py:190} INFO - [2025-05-17T06:36:47.808+0000] {dag.py:3239} INFO - Sync 1 DAGs
[2025-05-17T06:36:47.831+0000] {logging_mixin.py:190} INFO - [2025-05-17T06:36:47.831+0000] {dag.py:4180} INFO - Setting next_dagrun for tutorial_taskflow_api to None, run_after=None
[2025-05-17T06:36:47.870+0000] {processor.py:208} INFO - Processing /home/airflow/.local/lib/python3.12/site-packages/airflow/example_dags/tutorial_taskflow_api.py took 0.145 seconds
[2025-05-17T06:37:19.025+0000] {processor.py:186} INFO - Started process (PID=377) to work on /home/airflow/.local/lib/python3.12/site-packages/airflow/example_dags/tutorial_taskflow_api.py
[2025-05-17T06:37:19.028+0000] {processor.py:914} INFO - Processing file /home/airflow/.local/lib/python3.12/site-packages/airflow/example_dags/tutorial_taskflow_api.py for tasks to queue
[2025-05-17T06:37:19.034+0000] {logging_mixin.py:190} INFO - [2025-05-17T06:37:19.033+0000] {dagbag.py:588} INFO - Filling up the DagBag from /home/airflow/.local/lib/python3.12/site-packages/airflow/example_dags/tutorial_taskflow_api.py
[2025-05-17T06:37:19.049+0000] {processor.py:925} INFO - DAG(s) 'tutorial_taskflow_api' retrieved from /home/airflow/.local/lib/python3.12/site-packages/airflow/example_dags/tutorial_taskflow_api.py
[2025-05-17T06:37:19.087+0000] {logging_mixin.py:190} INFO - [2025-05-17T06:37:19.087+0000] {dag.py:3239} INFO - Sync 1 DAGs
[2025-05-17T06:37:19.113+0000] {logging_mixin.py:190} INFO - [2025-05-17T06:37:19.112+0000] {dag.py:4180} INFO - Setting next_dagrun for tutorial_taskflow_api to None, run_after=None
[2025-05-17T06:37:19.156+0000] {processor.py:208} INFO - Processing /home/airflow/.local/lib/python3.12/site-packages/airflow/example_dags/tutorial_taskflow_api.py took 0.141 seconds
[2025-05-17T06:37:54.640+0000] {processor.py:186} INFO - Started process (PID=443) to work on /home/airflow/.local/lib/python3.12/site-packages/airflow/example_dags/tutorial_taskflow_api.py
[2025-05-17T06:37:54.646+0000] {processor.py:914} INFO - Processing file /home/airflow/.local/lib/python3.12/site-packages/airflow/example_dags/tutorial_taskflow_api.py for tasks to queue
[2025-05-17T06:37:54.656+0000] {logging_mixin.py:190} INFO - [2025-05-17T06:37:54.655+0000] {dagbag.py:588} INFO - Filling up the DagBag from /home/airflow/.local/lib/python3.12/site-packages/airflow/example_dags/tutorial_taskflow_api.py
[2025-05-17T06:37:54.685+0000] {processor.py:925} INFO - DAG(s) 'tutorial_taskflow_api' retrieved from /home/airflow/.local/lib/python3.12/site-packages/airflow/example_dags/tutorial_taskflow_api.py
[2025-05-17T06:37:54.794+0000] {logging_mixin.py:190} INFO - [2025-05-17T06:37:54.793+0000] {dag.py:3239} INFO - Sync 1 DAGs
[2025-05-17T06:37:54.883+0000] {logging_mixin.py:190} INFO - [2025-05-17T06:37:54.883+0000] {dag.py:4180} INFO - Setting next_dagrun for tutorial_taskflow_api to None, run_after=None
[2025-05-17T06:37:54.998+0000] {processor.py:208} INFO - Processing /home/airflow/.local/lib/python3.12/site-packages/airflow/example_dags/tutorial_taskflow_api.py took 0.381 seconds
[2025-05-17T06:38:30.866+0000] {processor.py:186} INFO - Started process (PID=502) to work on /home/airflow/.local/lib/python3.12/site-packages/airflow/example_dags/tutorial_taskflow_api.py
[2025-05-17T06:38:30.871+0000] {processor.py:914} INFO - Processing file /home/airflow/.local/lib/python3.12/site-packages/airflow/example_dags/tutorial_taskflow_api.py for tasks to queue
[2025-05-17T06:38:30.882+0000] {logging_mixin.py:190} INFO - [2025-05-17T06:38:30.881+0000] {dagbag.py:588} INFO - Filling up the DagBag from /home/airflow/.local/lib/python3.12/site-packages/airflow/example_dags/tutorial_taskflow_api.py
[2025-05-17T06:38:30.920+0000] {processor.py:925} INFO - DAG(s) 'tutorial_taskflow_api' retrieved from /home/airflow/.local/lib/python3.12/site-packages/airflow/example_dags/tutorial_taskflow_api.py
[2025-05-17T06:38:31.000+0000] {logging_mixin.py:190} INFO - [2025-05-17T06:38:30.999+0000] {dag.py:3239} INFO - Sync 1 DAGs
[2025-05-17T06:38:31.045+0000] {logging_mixin.py:190} INFO - [2025-05-17T06:38:31.044+0000] {dag.py:4180} INFO - Setting next_dagrun for tutorial_taskflow_api to None, run_after=None
[2025-05-17T06:38:31.119+0000] {processor.py:208} INFO - Processing /home/airflow/.local/lib/python3.12/site-packages/airflow/example_dags/tutorial_taskflow_api.py took 0.276 seconds
[2025-05-17T06:39:10.204+0000] {processor.py:186} INFO - Started process (PID=565) to work on /home/airflow/.local/lib/python3.12/site-packages/airflow/example_dags/tutorial_taskflow_api.py
[2025-05-17T06:39:10.213+0000] {processor.py:914} INFO - Processing file /home/airflow/.local/lib/python3.12/site-packages/airflow/example_dags/tutorial_taskflow_api.py for tasks to queue
[2025-05-17T06:39:10.246+0000] {logging_mixin.py:190} INFO - [2025-05-17T06:39:10.243+0000] {dagbag.py:588} INFO - Filling up the DagBag from /home/airflow/.local/lib/python3.12/site-packages/airflow/example_dags/tutorial_taskflow_api.py
[2025-05-17T06:39:10.271+0000] {processor.py:925} INFO - DAG(s) 'tutorial_taskflow_api' retrieved from /home/airflow/.local/lib/python3.12/site-packages/airflow/example_dags/tutorial_taskflow_api.py
[2025-05-17T06:39:10.546+0000] {logging_mixin.py:190} INFO - [2025-05-17T06:39:10.534+0000] {dag.py:3239} INFO - Sync 1 DAGs
[2025-05-17T06:39:10.802+0000] {logging_mixin.py:190} INFO - [2025-05-17T06:39:10.801+0000] {dag.py:4180} INFO - Setting next_dagrun for tutorial_taskflow_api to None, run_after=None
[2025-05-17T06:39:11.121+0000] {processor.py:208} INFO - Processing /home/airflow/.local/lib/python3.12/site-packages/airflow/example_dags/tutorial_taskflow_api.py took 0.940 seconds
[2025-05-17T06:39:42.002+0000] {processor.py:186} INFO - Started process (PID=632) to work on /home/airflow/.local/lib/python3.12/site-packages/airflow/example_dags/tutorial_taskflow_api.py
[2025-05-17T06:39:42.006+0000] {processor.py:914} INFO - Processing file /home/airflow/.local/lib/python3.12/site-packages/airflow/example_dags/tutorial_taskflow_api.py for tasks to queue
[2025-05-17T06:39:42.012+0000] {logging_mixin.py:190} INFO - [2025-05-17T06:39:42.012+0000] {dagbag.py:588} INFO - Filling up the DagBag from /home/airflow/.local/lib/python3.12/site-packages/airflow/example_dags/tutorial_taskflow_api.py
[2025-05-17T06:39:42.034+0000] {processor.py:925} INFO - DAG(s) 'tutorial_taskflow_api' retrieved from /home/airflow/.local/lib/python3.12/site-packages/airflow/example_dags/tutorial_taskflow_api.py
[2025-05-17T06:39:42.089+0000] {logging_mixin.py:190} INFO - [2025-05-17T06:39:42.088+0000] {dag.py:3239} INFO - Sync 1 DAGs
[2025-05-17T06:39:42.144+0000] {logging_mixin.py:190} INFO - [2025-05-17T06:39:42.143+0000] {dag.py:4180} INFO - Setting next_dagrun for tutorial_taskflow_api to None, run_after=None
[2025-05-17T06:39:42.205+0000] {processor.py:208} INFO - Processing /home/airflow/.local/lib/python3.12/site-packages/airflow/example_dags/tutorial_taskflow_api.py took 0.217 seconds
[2025-05-17T06:40:21.253+0000] {processor.py:186} INFO - Started process (PID=704) to work on /home/airflow/.local/lib/python3.12/site-packages/airflow/example_dags/tutorial_taskflow_api.py
[2025-05-17T06:40:21.259+0000] {processor.py:914} INFO - Processing file /home/airflow/.local/lib/python3.12/site-packages/airflow/example_dags/tutorial_taskflow_api.py for tasks to queue
[2025-05-17T06:40:21.273+0000] {logging_mixin.py:190} INFO - [2025-05-17T06:40:21.272+0000] {dagbag.py:588} INFO - Filling up the DagBag from /home/airflow/.local/lib/python3.12/site-packages/airflow/example_dags/tutorial_taskflow_api.py
[2025-05-17T06:40:21.310+0000] {processor.py:925} INFO - DAG(s) 'tutorial_taskflow_api' retrieved from /home/airflow/.local/lib/python3.12/site-packages/airflow/example_dags/tutorial_taskflow_api.py
[2025-05-17T06:40:21.426+0000] {logging_mixin.py:190} INFO - [2025-05-17T06:40:21.424+0000] {dag.py:3239} INFO - Sync 1 DAGs
[2025-05-17T06:40:21.511+0000] {logging_mixin.py:190} INFO - [2025-05-17T06:40:21.510+0000] {dag.py:4180} INFO - Setting next_dagrun for tutorial_taskflow_api to None, run_after=None
[2025-05-17T06:40:21.622+0000] {processor.py:208} INFO - Processing /home/airflow/.local/lib/python3.12/site-packages/airflow/example_dags/tutorial_taskflow_api.py took 0.389 seconds
[2025-05-17T06:40:54.946+0000] {processor.py:186} INFO - Started process (PID=751) to work on /home/airflow/.local/lib/python3.12/site-packages/airflow/example_dags/tutorial_taskflow_api.py
[2025-05-17T06:40:54.975+0000] {processor.py:914} INFO - Processing file /home/airflow/.local/lib/python3.12/site-packages/airflow/example_dags/tutorial_taskflow_api.py for tasks to queue
[2025-05-17T06:40:55.007+0000] {logging_mixin.py:190} INFO - [2025-05-17T06:40:55.006+0000] {dagbag.py:588} INFO - Filling up the DagBag from /home/airflow/.local/lib/python3.12/site-packages/airflow/example_dags/tutorial_taskflow_api.py
[2025-05-17T06:40:55.046+0000] {processor.py:925} INFO - DAG(s) 'tutorial_taskflow_api' retrieved from /home/airflow/.local/lib/python3.12/site-packages/airflow/example_dags/tutorial_taskflow_api.py
[2025-05-17T06:40:55.404+0000] {logging_mixin.py:190} INFO - [2025-05-17T06:40:55.401+0000] {dag.py:3239} INFO - Sync 1 DAGs
[2025-05-17T06:40:55.690+0000] {logging_mixin.py:190} INFO - [2025-05-17T06:40:55.686+0000] {dag.py:4180} INFO - Setting next_dagrun for tutorial_taskflow_api to None, run_after=None
[2025-05-17T06:40:55.917+0000] {processor.py:208} INFO - Processing /home/airflow/.local/lib/python3.12/site-packages/airflow/example_dags/tutorial_taskflow_api.py took 1.042 seconds
[2025-05-17T06:41:27.424+0000] {processor.py:186} INFO - Started process (PID=818) to work on /home/airflow/.local/lib/python3.12/site-packages/airflow/example_dags/tutorial_taskflow_api.py
[2025-05-17T06:41:27.437+0000] {processor.py:914} INFO - Processing file /home/airflow/.local/lib/python3.12/site-packages/airflow/example_dags/tutorial_taskflow_api.py for tasks to queue
[2025-05-17T06:41:27.463+0000] {logging_mixin.py:190} INFO - [2025-05-17T06:41:27.462+0000] {dagbag.py:588} INFO - Filling up the DagBag from /home/airflow/.local/lib/python3.12/site-packages/airflow/example_dags/tutorial_taskflow_api.py
[2025-05-17T06:41:27.496+0000] {processor.py:925} INFO - DAG(s) 'tutorial_taskflow_api' retrieved from /home/airflow/.local/lib/python3.12/site-packages/airflow/example_dags/tutorial_taskflow_api.py
[2025-05-17T06:41:27.607+0000] {logging_mixin.py:190} INFO - [2025-05-17T06:41:27.605+0000] {dag.py:3239} INFO - Sync 1 DAGs
[2025-05-17T06:41:27.674+0000] {logging_mixin.py:190} INFO - [2025-05-17T06:41:27.674+0000] {dag.py:4180} INFO - Setting next_dagrun for tutorial_taskflow_api to None, run_after=None
[2025-05-17T06:41:27.810+0000] {processor.py:208} INFO - Processing /home/airflow/.local/lib/python3.12/site-packages/airflow/example_dags/tutorial_taskflow_api.py took 0.407 seconds
[2025-05-17T06:42:08.072+0000] {processor.py:186} INFO - Started process (PID=884) to work on /home/airflow/.local/lib/python3.12/site-packages/airflow/example_dags/tutorial_taskflow_api.py
[2025-05-17T06:42:08.085+0000] {processor.py:914} INFO - Processing file /home/airflow/.local/lib/python3.12/site-packages/airflow/example_dags/tutorial_taskflow_api.py for tasks to queue
[2025-05-17T06:42:08.100+0000] {logging_mixin.py:190} INFO - [2025-05-17T06:42:08.099+0000] {dagbag.py:588} INFO - Filling up the DagBag from /home/airflow/.local/lib/python3.12/site-packages/airflow/example_dags/tutorial_taskflow_api.py
[2025-05-17T06:42:08.155+0000] {processor.py:925} INFO - DAG(s) 'tutorial_taskflow_api' retrieved from /home/airflow/.local/lib/python3.12/site-packages/airflow/example_dags/tutorial_taskflow_api.py
[2025-05-17T06:42:08.301+0000] {logging_mixin.py:190} INFO - [2025-05-17T06:42:08.300+0000] {dag.py:3239} INFO - Sync 1 DAGs
[2025-05-17T06:42:08.514+0000] {logging_mixin.py:190} INFO - [2025-05-17T06:42:08.514+0000] {dag.py:4180} INFO - Setting next_dagrun for tutorial_taskflow_api to None, run_after=None
[2025-05-17T06:42:08.648+0000] {processor.py:208} INFO - Processing /home/airflow/.local/lib/python3.12/site-packages/airflow/example_dags/tutorial_taskflow_api.py took 0.602 seconds
[2025-05-17T06:42:41.264+0000] {processor.py:186} INFO - Started process (PID=950) to work on /home/airflow/.local/lib/python3.12/site-packages/airflow/example_dags/tutorial_taskflow_api.py
[2025-05-17T06:42:41.276+0000] {processor.py:914} INFO - Processing file /home/airflow/.local/lib/python3.12/site-packages/airflow/example_dags/tutorial_taskflow_api.py for tasks to queue
[2025-05-17T06:42:41.289+0000] {logging_mixin.py:190} INFO - [2025-05-17T06:42:41.288+0000] {dagbag.py:588} INFO - Filling up the DagBag from /home/airflow/.local/lib/python3.12/site-packages/airflow/example_dags/tutorial_taskflow_api.py
[2025-05-17T06:42:41.327+0000] {processor.py:925} INFO - DAG(s) 'tutorial_taskflow_api' retrieved from /home/airflow/.local/lib/python3.12/site-packages/airflow/example_dags/tutorial_taskflow_api.py
[2025-05-17T06:42:41.419+0000] {logging_mixin.py:190} INFO - [2025-05-17T06:42:41.419+0000] {dag.py:3239} INFO - Sync 1 DAGs
[2025-05-17T06:42:41.475+0000] {logging_mixin.py:190} INFO - [2025-05-17T06:42:41.474+0000] {dag.py:4180} INFO - Setting next_dagrun for tutorial_taskflow_api to None, run_after=None
[2025-05-17T06:42:41.581+0000] {processor.py:208} INFO - Processing /home/airflow/.local/lib/python3.12/site-packages/airflow/example_dags/tutorial_taskflow_api.py took 0.340 seconds
[2025-05-17T06:43:20.298+0000] {processor.py:186} INFO - Started process (PID=1023) to work on /home/airflow/.local/lib/python3.12/site-packages/airflow/example_dags/tutorial_taskflow_api.py
[2025-05-17T06:43:20.302+0000] {processor.py:914} INFO - Processing file /home/airflow/.local/lib/python3.12/site-packages/airflow/example_dags/tutorial_taskflow_api.py for tasks to queue
[2025-05-17T06:43:20.309+0000] {logging_mixin.py:190} INFO - [2025-05-17T06:43:20.308+0000] {dagbag.py:588} INFO - Filling up the DagBag from /home/airflow/.local/lib/python3.12/site-packages/airflow/example_dags/tutorial_taskflow_api.py
[2025-05-17T06:43:20.333+0000] {processor.py:925} INFO - DAG(s) 'tutorial_taskflow_api' retrieved from /home/airflow/.local/lib/python3.12/site-packages/airflow/example_dags/tutorial_taskflow_api.py
[2025-05-17T06:43:20.387+0000] {logging_mixin.py:190} INFO - [2025-05-17T06:43:20.386+0000] {dag.py:3239} INFO - Sync 1 DAGs
[2025-05-17T06:43:20.427+0000] {logging_mixin.py:190} INFO - [2025-05-17T06:43:20.427+0000] {dag.py:4180} INFO - Setting next_dagrun for tutorial_taskflow_api to None, run_after=None
[2025-05-17T06:43:20.485+0000] {processor.py:208} INFO - Processing /home/airflow/.local/lib/python3.12/site-packages/airflow/example_dags/tutorial_taskflow_api.py took 0.203 seconds
[2025-05-17T06:44:02.230+0000] {processor.py:186} INFO - Started process (PID=1081) to work on /home/airflow/.local/lib/python3.12/site-packages/airflow/example_dags/tutorial_taskflow_api.py
[2025-05-17T06:44:02.235+0000] {processor.py:914} INFO - Processing file /home/airflow/.local/lib/python3.12/site-packages/airflow/example_dags/tutorial_taskflow_api.py for tasks to queue
[2025-05-17T06:44:02.243+0000] {logging_mixin.py:190} INFO - [2025-05-17T06:44:02.242+0000] {dagbag.py:588} INFO - Filling up the DagBag from /home/airflow/.local/lib/python3.12/site-packages/airflow/example_dags/tutorial_taskflow_api.py
[2025-05-17T06:44:02.265+0000] {processor.py:925} INFO - DAG(s) 'tutorial_taskflow_api' retrieved from /home/airflow/.local/lib/python3.12/site-packages/airflow/example_dags/tutorial_taskflow_api.py
[2025-05-17T06:44:02.312+0000] {logging_mixin.py:190} INFO - [2025-05-17T06:44:02.311+0000] {dag.py:3239} INFO - Sync 1 DAGs
[2025-05-17T06:44:02.342+0000] {logging_mixin.py:190} INFO - [2025-05-17T06:44:02.341+0000] {dag.py:4180} INFO - Setting next_dagrun for tutorial_taskflow_api to None, run_after=None
[2025-05-17T06:44:02.388+0000] {processor.py:208} INFO - Processing /home/airflow/.local/lib/python3.12/site-packages/airflow/example_dags/tutorial_taskflow_api.py took 0.178 seconds
[2025-05-17T06:44:35.892+0000] {processor.py:186} INFO - Started process (PID=1139) to work on /home/airflow/.local/lib/python3.12/site-packages/airflow/example_dags/tutorial_taskflow_api.py
[2025-05-17T06:44:35.899+0000] {processor.py:914} INFO - Processing file /home/airflow/.local/lib/python3.12/site-packages/airflow/example_dags/tutorial_taskflow_api.py for tasks to queue
[2025-05-17T06:44:35.908+0000] {logging_mixin.py:190} INFO - [2025-05-17T06:44:35.907+0000] {dagbag.py:588} INFO - Filling up the DagBag from /home/airflow/.local/lib/python3.12/site-packages/airflow/example_dags/tutorial_taskflow_api.py
[2025-05-17T06:44:35.937+0000] {processor.py:925} INFO - DAG(s) 'tutorial_taskflow_api' retrieved from /home/airflow/.local/lib/python3.12/site-packages/airflow/example_dags/tutorial_taskflow_api.py
[2025-05-17T06:44:36.004+0000] {logging_mixin.py:190} INFO - [2025-05-17T06:44:36.003+0000] {dag.py:3239} INFO - Sync 1 DAGs
[2025-05-17T06:44:36.052+0000] {logging_mixin.py:190} INFO - [2025-05-17T06:44:36.051+0000] {dag.py:4180} INFO - Setting next_dagrun for tutorial_taskflow_api to None, run_after=None
[2025-05-17T06:44:36.121+0000] {processor.py:208} INFO - Processing /home/airflow/.local/lib/python3.12/site-packages/airflow/example_dags/tutorial_taskflow_api.py took 0.247 seconds
[2025-05-17T06:45:14.741+0000] {processor.py:186} INFO - Started process (PID=1198) to work on /home/airflow/.local/lib/python3.12/site-packages/airflow/example_dags/tutorial_taskflow_api.py
[2025-05-17T06:45:14.748+0000] {processor.py:914} INFO - Processing file /home/airflow/.local/lib/python3.12/site-packages/airflow/example_dags/tutorial_taskflow_api.py for tasks to queue
[2025-05-17T06:45:14.768+0000] {logging_mixin.py:190} INFO - [2025-05-17T06:45:14.766+0000] {dagbag.py:588} INFO - Filling up the DagBag from /home/airflow/.local/lib/python3.12/site-packages/airflow/example_dags/tutorial_taskflow_api.py
[2025-05-17T06:45:14.812+0000] {processor.py:925} INFO - DAG(s) 'tutorial_taskflow_api' retrieved from /home/airflow/.local/lib/python3.12/site-packages/airflow/example_dags/tutorial_taskflow_api.py
[2025-05-17T06:45:14.909+0000] {logging_mixin.py:190} INFO - [2025-05-17T06:45:14.908+0000] {dag.py:3239} INFO - Sync 1 DAGs
[2025-05-17T06:45:14.986+0000] {logging_mixin.py:190} INFO - [2025-05-17T06:45:14.984+0000] {dag.py:4180} INFO - Setting next_dagrun for tutorial_taskflow_api to None, run_after=None
[2025-05-17T06:45:15.099+0000] {processor.py:208} INFO - Processing /home/airflow/.local/lib/python3.12/site-packages/airflow/example_dags/tutorial_taskflow_api.py took 0.375 seconds
[2025-05-17T06:45:54.417+0000] {processor.py:186} INFO - Started process (PID=1263) to work on /home/airflow/.local/lib/python3.12/site-packages/airflow/example_dags/tutorial_taskflow_api.py
[2025-05-17T06:45:54.438+0000] {processor.py:914} INFO - Processing file /home/airflow/.local/lib/python3.12/site-packages/airflow/example_dags/tutorial_taskflow_api.py for tasks to queue
[2025-05-17T06:45:54.481+0000] {logging_mixin.py:190} INFO - [2025-05-17T06:45:54.476+0000] {dagbag.py:588} INFO - Filling up the DagBag from /home/airflow/.local/lib/python3.12/site-packages/airflow/example_dags/tutorial_taskflow_api.py
[2025-05-17T06:45:54.577+0000] {processor.py:925} INFO - DAG(s) 'tutorial_taskflow_api' retrieved from /home/airflow/.local/lib/python3.12/site-packages/airflow/example_dags/tutorial_taskflow_api.py
[2025-05-17T06:45:54.845+0000] {logging_mixin.py:190} INFO - [2025-05-17T06:45:54.844+0000] {dag.py:3239} INFO - Sync 1 DAGs
[2025-05-17T06:45:54.940+0000] {logging_mixin.py:190} INFO - [2025-05-17T06:45:54.939+0000] {dag.py:4180} INFO - Setting next_dagrun for tutorial_taskflow_api to None, run_after=None
[2025-05-17T06:45:55.111+0000] {processor.py:208} INFO - Processing /home/airflow/.local/lib/python3.12/site-packages/airflow/example_dags/tutorial_taskflow_api.py took 0.732 seconds
[2025-05-17T06:46:39.480+0000] {processor.py:186} INFO - Started process (PID=1321) to work on /home/airflow/.local/lib/python3.12/site-packages/airflow/example_dags/tutorial_taskflow_api.py
[2025-05-17T06:46:39.493+0000] {processor.py:914} INFO - Processing file /home/airflow/.local/lib/python3.12/site-packages/airflow/example_dags/tutorial_taskflow_api.py for tasks to queue
[2025-05-17T06:46:39.533+0000] {logging_mixin.py:190} INFO - [2025-05-17T06:46:39.530+0000] {dagbag.py:588} INFO - Filling up the DagBag from /home/airflow/.local/lib/python3.12/site-packages/airflow/example_dags/tutorial_taskflow_api.py
[2025-05-17T06:46:40.397+0000] {processor.py:925} INFO - DAG(s) 'tutorial_taskflow_api' retrieved from /home/airflow/.local/lib/python3.12/site-packages/airflow/example_dags/tutorial_taskflow_api.py
[2025-05-17T06:46:41.201+0000] {logging_mixin.py:190} INFO - [2025-05-17T06:46:41.188+0000] {dag.py:3239} INFO - Sync 1 DAGs
[2025-05-17T06:46:41.445+0000] {logging_mixin.py:190} INFO - [2025-05-17T06:46:41.444+0000] {dag.py:4180} INFO - Setting next_dagrun for tutorial_taskflow_api to None, run_after=None
[2025-05-17T06:46:41.735+0000] {processor.py:208} INFO - Processing /home/airflow/.local/lib/python3.12/site-packages/airflow/example_dags/tutorial_taskflow_api.py took 2.316 seconds
[2025-05-17T06:47:24.203+0000] {processor.py:186} INFO - Started process (PID=1357) to work on /home/airflow/.local/lib/python3.12/site-packages/airflow/example_dags/tutorial_taskflow_api.py
[2025-05-17T06:47:24.212+0000] {processor.py:914} INFO - Processing file /home/airflow/.local/lib/python3.12/site-packages/airflow/example_dags/tutorial_taskflow_api.py for tasks to queue
[2025-05-17T06:47:24.232+0000] {logging_mixin.py:190} INFO - [2025-05-17T06:47:24.229+0000] {dagbag.py:588} INFO - Filling up the DagBag from /home/airflow/.local/lib/python3.12/site-packages/airflow/example_dags/tutorial_taskflow_api.py
[2025-05-17T06:47:24.270+0000] {processor.py:925} INFO - DAG(s) 'tutorial_taskflow_api' retrieved from /home/airflow/.local/lib/python3.12/site-packages/airflow/example_dags/tutorial_taskflow_api.py
[2025-05-17T06:47:24.392+0000] {logging_mixin.py:190} INFO - [2025-05-17T06:47:24.390+0000] {dag.py:3239} INFO - Sync 1 DAGs
[2025-05-17T06:47:24.467+0000] {logging_mixin.py:190} INFO - [2025-05-17T06:47:24.466+0000] {dag.py:4180} INFO - Setting next_dagrun for tutorial_taskflow_api to None, run_after=None
[2025-05-17T06:47:24.602+0000] {processor.py:208} INFO - Processing /home/airflow/.local/lib/python3.12/site-packages/airflow/example_dags/tutorial_taskflow_api.py took 0.424 seconds
[2025-05-17T06:48:15.957+0000] {processor.py:186} INFO - Started process (PID=1423) to work on /home/airflow/.local/lib/python3.12/site-packages/airflow/example_dags/tutorial_taskflow_api.py
[2025-05-17T06:48:15.965+0000] {processor.py:914} INFO - Processing file /home/airflow/.local/lib/python3.12/site-packages/airflow/example_dags/tutorial_taskflow_api.py for tasks to queue
[2025-05-17T06:48:15.985+0000] {logging_mixin.py:190} INFO - [2025-05-17T06:48:15.980+0000] {dagbag.py:588} INFO - Filling up the DagBag from /home/airflow/.local/lib/python3.12/site-packages/airflow/example_dags/tutorial_taskflow_api.py
[2025-05-17T06:48:16.057+0000] {processor.py:925} INFO - DAG(s) 'tutorial_taskflow_api' retrieved from /home/airflow/.local/lib/python3.12/site-packages/airflow/example_dags/tutorial_taskflow_api.py
[2025-05-17T06:48:16.626+0000] {logging_mixin.py:190} INFO - [2025-05-17T06:48:16.625+0000] {dag.py:3239} INFO - Sync 1 DAGs
[2025-05-17T06:48:16.814+0000] {logging_mixin.py:190} INFO - [2025-05-17T06:48:16.813+0000] {dag.py:4180} INFO - Setting next_dagrun for tutorial_taskflow_api to None, run_after=None
[2025-05-17T06:48:17.166+0000] {processor.py:208} INFO - Processing /home/airflow/.local/lib/python3.12/site-packages/airflow/example_dags/tutorial_taskflow_api.py took 1.269 seconds
[2025-05-17T06:49:29.524+0000] {processor.py:186} INFO - Started process (PID=1500) to work on /home/airflow/.local/lib/python3.12/site-packages/airflow/example_dags/tutorial_taskflow_api.py
[2025-05-17T06:49:29.531+0000] {processor.py:914} INFO - Processing file /home/airflow/.local/lib/python3.12/site-packages/airflow/example_dags/tutorial_taskflow_api.py for tasks to queue
[2025-05-17T06:49:29.600+0000] {logging_mixin.py:190} INFO - [2025-05-17T06:49:29.586+0000] {dagbag.py:588} INFO - Filling up the DagBag from /home/airflow/.local/lib/python3.12/site-packages/airflow/example_dags/tutorial_taskflow_api.py
[2025-05-17T06:49:29.632+0000] {processor.py:925} INFO - DAG(s) 'tutorial_taskflow_api' retrieved from /home/airflow/.local/lib/python3.12/site-packages/airflow/example_dags/tutorial_taskflow_api.py
[2025-05-17T06:49:29.860+0000] {logging_mixin.py:190} INFO - [2025-05-17T06:49:29.857+0000] {dag.py:3239} INFO - Sync 1 DAGs
[2025-05-17T06:49:30.076+0000] {logging_mixin.py:190} INFO - [2025-05-17T06:49:30.074+0000] {dag.py:4180} INFO - Setting next_dagrun for tutorial_taskflow_api to None, run_after=None
[2025-05-17T06:49:30.435+0000] {processor.py:208} INFO - Processing /home/airflow/.local/lib/python3.12/site-packages/airflow/example_dags/tutorial_taskflow_api.py took 1.014 seconds
[2025-05-17T06:50:21.643+0000] {processor.py:186} INFO - Started process (PID=1566) to work on /home/airflow/.local/lib/python3.12/site-packages/airflow/example_dags/tutorial_taskflow_api.py
[2025-05-17T06:50:21.661+0000] {processor.py:914} INFO - Processing file /home/airflow/.local/lib/python3.12/site-packages/airflow/example_dags/tutorial_taskflow_api.py for tasks to queue
[2025-05-17T06:50:21.689+0000] {logging_mixin.py:190} INFO - [2025-05-17T06:50:21.686+0000] {dagbag.py:588} INFO - Filling up the DagBag from /home/airflow/.local/lib/python3.12/site-packages/airflow/example_dags/tutorial_taskflow_api.py
[2025-05-17T06:50:21.792+0000] {processor.py:925} INFO - DAG(s) 'tutorial_taskflow_api' retrieved from /home/airflow/.local/lib/python3.12/site-packages/airflow/example_dags/tutorial_taskflow_api.py
[2025-05-17T06:50:22.076+0000] {logging_mixin.py:190} INFO - [2025-05-17T06:50:22.062+0000] {dag.py:3239} INFO - Sync 1 DAGs
[2025-05-17T06:50:22.298+0000] {logging_mixin.py:190} INFO - [2025-05-17T06:50:22.298+0000] {dag.py:4180} INFO - Setting next_dagrun for tutorial_taskflow_api to None, run_after=None
[2025-05-17T06:50:22.508+0000] {processor.py:208} INFO - Processing /home/airflow/.local/lib/python3.12/site-packages/airflow/example_dags/tutorial_taskflow_api.py took 0.971 seconds
[2025-05-17T06:51:21.960+0000] {processor.py:186} INFO - Started process (PID=1631) to work on /home/airflow/.local/lib/python3.12/site-packages/airflow/example_dags/tutorial_taskflow_api.py
[2025-05-17T06:51:21.971+0000] {processor.py:914} INFO - Processing file /home/airflow/.local/lib/python3.12/site-packages/airflow/example_dags/tutorial_taskflow_api.py for tasks to queue
[2025-05-17T06:51:22.030+0000] {logging_mixin.py:190} INFO - [2025-05-17T06:51:22.025+0000] {dagbag.py:588} INFO - Filling up the DagBag from /home/airflow/.local/lib/python3.12/site-packages/airflow/example_dags/tutorial_taskflow_api.py
[2025-05-17T06:51:22.135+0000] {processor.py:925} INFO - DAG(s) 'tutorial_taskflow_api' retrieved from /home/airflow/.local/lib/python3.12/site-packages/airflow/example_dags/tutorial_taskflow_api.py
[2025-05-17T06:51:22.409+0000] {logging_mixin.py:190} INFO - [2025-05-17T06:51:22.408+0000] {dag.py:3239} INFO - Sync 1 DAGs
[2025-05-17T06:51:22.740+0000] {logging_mixin.py:190} INFO - [2025-05-17T06:51:22.725+0000] {dag.py:4180} INFO - Setting next_dagrun for tutorial_taskflow_api to None, run_after=None
[2025-05-17T06:51:23.047+0000] {processor.py:208} INFO - Processing /home/airflow/.local/lib/python3.12/site-packages/airflow/example_dags/tutorial_taskflow_api.py took 1.191 seconds
[2025-05-17T06:52:13.083+0000] {processor.py:186} INFO - Started process (PID=1695) to work on /home/airflow/.local/lib/python3.12/site-packages/airflow/example_dags/tutorial_taskflow_api.py
[2025-05-17T06:52:13.098+0000] {processor.py:914} INFO - Processing file /home/airflow/.local/lib/python3.12/site-packages/airflow/example_dags/tutorial_taskflow_api.py for tasks to queue
[2025-05-17T06:52:13.116+0000] {logging_mixin.py:190} INFO - [2025-05-17T06:52:13.114+0000] {dagbag.py:588} INFO - Filling up the DagBag from /home/airflow/.local/lib/python3.12/site-packages/airflow/example_dags/tutorial_taskflow_api.py
[2025-05-17T06:52:13.153+0000] {processor.py:925} INFO - DAG(s) 'tutorial_taskflow_api' retrieved from /home/airflow/.local/lib/python3.12/site-packages/airflow/example_dags/tutorial_taskflow_api.py
[2025-05-17T06:52:13.249+0000] {logging_mixin.py:190} INFO - [2025-05-17T06:52:13.248+0000] {dag.py:3239} INFO - Sync 1 DAGs
[2025-05-17T06:52:13.329+0000] {logging_mixin.py:190} INFO - [2025-05-17T06:52:13.328+0000] {dag.py:4180} INFO - Setting next_dagrun for tutorial_taskflow_api to None, run_after=None
[2025-05-17T06:52:13.445+0000] {processor.py:208} INFO - Processing /home/airflow/.local/lib/python3.12/site-packages/airflow/example_dags/tutorial_taskflow_api.py took 0.380 seconds
[2025-05-17T06:52:54.741+0000] {processor.py:186} INFO - Started process (PID=1737) to work on /home/airflow/.local/lib/python3.12/site-packages/airflow/example_dags/tutorial_taskflow_api.py
[2025-05-17T06:52:54.768+0000] {processor.py:914} INFO - Processing file /home/airflow/.local/lib/python3.12/site-packages/airflow/example_dags/tutorial_taskflow_api.py for tasks to queue
[2025-05-17T06:52:54.781+0000] {logging_mixin.py:190} INFO - [2025-05-17T06:52:54.780+0000] {dagbag.py:588} INFO - Filling up the DagBag from /home/airflow/.local/lib/python3.12/site-packages/airflow/example_dags/tutorial_taskflow_api.py
[2025-05-17T06:52:54.842+0000] {processor.py:925} INFO - DAG(s) 'tutorial_taskflow_api' retrieved from /home/airflow/.local/lib/python3.12/site-packages/airflow/example_dags/tutorial_taskflow_api.py
[2025-05-17T06:52:55.061+0000] {logging_mixin.py:190} INFO - [2025-05-17T06:52:55.060+0000] {dag.py:3239} INFO - Sync 1 DAGs
[2025-05-17T06:52:55.218+0000] {logging_mixin.py:190} INFO - [2025-05-17T06:52:55.211+0000] {dag.py:4180} INFO - Setting next_dagrun for tutorial_taskflow_api to None, run_after=None
[2025-05-17T06:52:55.425+0000] {processor.py:208} INFO - Processing /home/airflow/.local/lib/python3.12/site-packages/airflow/example_dags/tutorial_taskflow_api.py took 0.711 seconds
[2025-05-17T06:53:43.297+0000] {processor.py:186} INFO - Started process (PID=1807) to work on /home/airflow/.local/lib/python3.12/site-packages/airflow/example_dags/tutorial_taskflow_api.py
[2025-05-17T06:53:43.301+0000] {processor.py:914} INFO - Processing file /home/airflow/.local/lib/python3.12/site-packages/airflow/example_dags/tutorial_taskflow_api.py for tasks to queue
[2025-05-17T06:53:43.314+0000] {logging_mixin.py:190} INFO - [2025-05-17T06:53:43.313+0000] {dagbag.py:588} INFO - Filling up the DagBag from /home/airflow/.local/lib/python3.12/site-packages/airflow/example_dags/tutorial_taskflow_api.py
[2025-05-17T06:53:43.350+0000] {processor.py:925} INFO - DAG(s) 'tutorial_taskflow_api' retrieved from /home/airflow/.local/lib/python3.12/site-packages/airflow/example_dags/tutorial_taskflow_api.py
[2025-05-17T06:53:43.560+0000] {logging_mixin.py:190} INFO - [2025-05-17T06:53:43.559+0000] {dag.py:3239} INFO - Sync 1 DAGs
[2025-05-17T06:53:43.641+0000] {logging_mixin.py:190} INFO - [2025-05-17T06:53:43.640+0000] {dag.py:4180} INFO - Setting next_dagrun for tutorial_taskflow_api to None, run_after=None
[2025-05-17T06:53:43.825+0000] {processor.py:208} INFO - Processing /home/airflow/.local/lib/python3.12/site-packages/airflow/example_dags/tutorial_taskflow_api.py took 0.549 seconds
[2025-05-17T06:54:52.592+0000] {processor.py:186} INFO - Started process (PID=1875) to work on /home/airflow/.local/lib/python3.12/site-packages/airflow/example_dags/tutorial_taskflow_api.py
[2025-05-17T06:54:52.601+0000] {processor.py:914} INFO - Processing file /home/airflow/.local/lib/python3.12/site-packages/airflow/example_dags/tutorial_taskflow_api.py for tasks to queue
[2025-05-17T06:54:52.619+0000] {logging_mixin.py:190} INFO - [2025-05-17T06:54:52.618+0000] {dagbag.py:588} INFO - Filling up the DagBag from /home/airflow/.local/lib/python3.12/site-packages/airflow/example_dags/tutorial_taskflow_api.py
[2025-05-17T06:54:52.666+0000] {processor.py:925} INFO - DAG(s) 'tutorial_taskflow_api' retrieved from /home/airflow/.local/lib/python3.12/site-packages/airflow/example_dags/tutorial_taskflow_api.py
[2025-05-17T06:54:52.803+0000] {logging_mixin.py:190} INFO - [2025-05-17T06:54:52.802+0000] {dag.py:3239} INFO - Sync 1 DAGs
[2025-05-17T06:54:52.914+0000] {logging_mixin.py:190} INFO - [2025-05-17T06:54:52.910+0000] {dag.py:4180} INFO - Setting next_dagrun for tutorial_taskflow_api to None, run_after=None
[2025-05-17T06:54:53.285+0000] {processor.py:208} INFO - Processing /home/airflow/.local/lib/python3.12/site-packages/airflow/example_dags/tutorial_taskflow_api.py took 0.718 seconds
[2025-05-17T06:55:43.073+0000] {processor.py:186} INFO - Started process (PID=1921) to work on /home/airflow/.local/lib/python3.12/site-packages/airflow/example_dags/tutorial_taskflow_api.py
[2025-05-17T06:55:43.078+0000] {processor.py:914} INFO - Processing file /home/airflow/.local/lib/python3.12/site-packages/airflow/example_dags/tutorial_taskflow_api.py for tasks to queue
[2025-05-17T06:55:43.121+0000] {logging_mixin.py:190} INFO - [2025-05-17T06:55:43.120+0000] {dagbag.py:588} INFO - Filling up the DagBag from /home/airflow/.local/lib/python3.12/site-packages/airflow/example_dags/tutorial_taskflow_api.py
[2025-05-17T06:55:43.209+0000] {processor.py:925} INFO - DAG(s) 'tutorial_taskflow_api' retrieved from /home/airflow/.local/lib/python3.12/site-packages/airflow/example_dags/tutorial_taskflow_api.py
[2025-05-17T06:55:43.322+0000] {logging_mixin.py:190} INFO - [2025-05-17T06:55:43.319+0000] {dag.py:3239} INFO - Sync 1 DAGs
[2025-05-17T06:55:43.438+0000] {logging_mixin.py:190} INFO - [2025-05-17T06:55:43.437+0000] {dag.py:4180} INFO - Setting next_dagrun for tutorial_taskflow_api to None, run_after=None
[2025-05-17T06:55:43.710+0000] {processor.py:208} INFO - Processing /home/airflow/.local/lib/python3.12/site-packages/airflow/example_dags/tutorial_taskflow_api.py took 0.699 seconds
