[2025-05-15T08:47:48.204+0000] {processor.py:186} INFO - Started process (PID=134) to work on /home/airflow/.local/lib/python3.12/site-packages/airflow/example_dags/example_display_name.py
[2025-05-15T08:47:48.209+0000] {processor.py:914} INFO - Processing file /home/airflow/.local/lib/python3.12/site-packages/airflow/example_dags/example_display_name.py for tasks to queue
[2025-05-15T08:47:48.219+0000] {logging_mixin.py:190} INFO - [2025-05-15T08:47:48.218+0000] {dagbag.py:588} INFO - Filling up the DagBag from /home/airflow/.local/lib/python3.12/site-packages/airflow/example_dags/example_display_name.py
[2025-05-15T08:47:48.246+0000] {processor.py:925} INFO - DAG(s) 'example_display_name' retrieved from /home/airflow/.local/lib/python3.12/site-packages/airflow/example_dags/example_display_name.py
[2025-05-15T08:47:48.317+0000] {logging_mixin.py:190} INFO - [2025-05-15T08:47:48.316+0000] {dag.py:3239} INFO - Sync 1 DAGs
[2025-05-15T08:47:48.373+0000] {logging_mixin.py:190} INFO - [2025-05-15T08:47:48.373+0000] {dag.py:4180} INFO - Setting next_dagrun for example_display_name to None, run_after=None
[2025-05-15T08:47:48.455+0000] {processor.py:208} INFO - Processing /home/airflow/.local/lib/python3.12/site-packages/airflow/example_dags/example_display_name.py took 0.271 seconds
[2025-05-15T08:48:18.621+0000] {processor.py:186} INFO - Started process (PID=199) to work on /home/airflow/.local/lib/python3.12/site-packages/airflow/example_dags/example_display_name.py
[2025-05-15T08:48:18.624+0000] {processor.py:914} INFO - Processing file /home/airflow/.local/lib/python3.12/site-packages/airflow/example_dags/example_display_name.py for tasks to queue
[2025-05-15T08:48:18.629+0000] {logging_mixin.py:190} INFO - [2025-05-15T08:48:18.628+0000] {dagbag.py:588} INFO - Filling up the DagBag from /home/airflow/.local/lib/python3.12/site-packages/airflow/example_dags/example_display_name.py
[2025-05-15T08:48:18.643+0000] {processor.py:925} INFO - DAG(s) 'example_display_name' retrieved from /home/airflow/.local/lib/python3.12/site-packages/airflow/example_dags/example_display_name.py
[2025-05-15T08:48:18.694+0000] {logging_mixin.py:190} INFO - [2025-05-15T08:48:18.693+0000] {dag.py:3239} INFO - Sync 1 DAGs
[2025-05-15T08:48:18.720+0000] {logging_mixin.py:190} INFO - [2025-05-15T08:48:18.719+0000] {dag.py:4180} INFO - Setting next_dagrun for example_display_name to None, run_after=None
[2025-05-15T08:48:18.760+0000] {processor.py:208} INFO - Processing /home/airflow/.local/lib/python3.12/site-packages/airflow/example_dags/example_display_name.py took 0.150 seconds
[2025-05-15T08:48:59.824+0000] {processor.py:186} INFO - Started process (PID=267) to work on /home/airflow/.local/lib/python3.12/site-packages/airflow/example_dags/example_display_name.py
[2025-05-15T08:48:59.831+0000] {processor.py:914} INFO - Processing file /home/airflow/.local/lib/python3.12/site-packages/airflow/example_dags/example_display_name.py for tasks to queue
[2025-05-15T08:48:59.852+0000] {logging_mixin.py:190} INFO - [2025-05-15T08:48:59.850+0000] {dagbag.py:588} INFO - Filling up the DagBag from /home/airflow/.local/lib/python3.12/site-packages/airflow/example_dags/example_display_name.py
[2025-05-15T08:48:59.877+0000] {processor.py:925} INFO - DAG(s) 'example_display_name' retrieved from /home/airflow/.local/lib/python3.12/site-packages/airflow/example_dags/example_display_name.py
[2025-05-15T08:49:00.001+0000] {logging_mixin.py:190} INFO - [2025-05-15T08:48:59.999+0000] {dag.py:3239} INFO - Sync 1 DAGs
[2025-05-15T08:49:00.124+0000] {logging_mixin.py:190} INFO - [2025-05-15T08:49:00.123+0000] {dag.py:4180} INFO - Setting next_dagrun for example_display_name to None, run_after=None
[2025-05-15T08:49:00.306+0000] {processor.py:208} INFO - Processing /home/airflow/.local/lib/python3.12/site-packages/airflow/example_dags/example_display_name.py took 0.514 seconds
[2025-05-15T08:49:50.600+0000] {processor.py:186} INFO - Started process (PID=350) to work on /home/airflow/.local/lib/python3.12/site-packages/airflow/example_dags/example_display_name.py
[2025-05-15T08:49:50.604+0000] {processor.py:914} INFO - Processing file /home/airflow/.local/lib/python3.12/site-packages/airflow/example_dags/example_display_name.py for tasks to queue
[2025-05-15T08:49:50.614+0000] {logging_mixin.py:190} INFO - [2025-05-15T08:49:50.612+0000] {dagbag.py:588} INFO - Filling up the DagBag from /home/airflow/.local/lib/python3.12/site-packages/airflow/example_dags/example_display_name.py
[2025-05-15T08:49:50.646+0000] {processor.py:925} INFO - DAG(s) 'example_display_name' retrieved from /home/airflow/.local/lib/python3.12/site-packages/airflow/example_dags/example_display_name.py
[2025-05-15T08:49:50.735+0000] {logging_mixin.py:190} INFO - [2025-05-15T08:49:50.734+0000] {dag.py:3239} INFO - Sync 1 DAGs
[2025-05-15T08:49:50.809+0000] {logging_mixin.py:190} INFO - [2025-05-15T08:49:50.808+0000] {dag.py:4180} INFO - Setting next_dagrun for example_display_name to None, run_after=None
[2025-05-15T08:49:50.922+0000] {processor.py:208} INFO - Processing /home/airflow/.local/lib/python3.12/site-packages/airflow/example_dags/example_display_name.py took 0.343 seconds
[2025-05-15T08:50:31.439+0000] {processor.py:186} INFO - Started process (PID=415) to work on /home/airflow/.local/lib/python3.12/site-packages/airflow/example_dags/example_display_name.py
[2025-05-15T08:50:31.445+0000] {processor.py:914} INFO - Processing file /home/airflow/.local/lib/python3.12/site-packages/airflow/example_dags/example_display_name.py for tasks to queue
[2025-05-15T08:50:31.461+0000] {logging_mixin.py:190} INFO - [2025-05-15T08:50:31.459+0000] {dagbag.py:588} INFO - Filling up the DagBag from /home/airflow/.local/lib/python3.12/site-packages/airflow/example_dags/example_display_name.py
[2025-05-15T08:50:31.502+0000] {processor.py:925} INFO - DAG(s) 'example_display_name' retrieved from /home/airflow/.local/lib/python3.12/site-packages/airflow/example_dags/example_display_name.py
[2025-05-15T08:50:31.681+0000] {logging_mixin.py:190} INFO - [2025-05-15T08:50:31.679+0000] {dag.py:3239} INFO - Sync 1 DAGs
[2025-05-15T08:50:31.892+0000] {logging_mixin.py:190} INFO - [2025-05-15T08:50:31.891+0000] {dag.py:4180} INFO - Setting next_dagrun for example_display_name to None, run_after=None
[2025-05-15T08:50:32.028+0000] {processor.py:208} INFO - Processing /home/airflow/.local/lib/python3.12/site-packages/airflow/example_dags/example_display_name.py took 0.626 seconds
[2025-05-15T08:51:20.431+0000] {processor.py:186} INFO - Started process (PID=487) to work on /home/airflow/.local/lib/python3.12/site-packages/airflow/example_dags/example_display_name.py
[2025-05-15T08:51:20.442+0000] {processor.py:914} INFO - Processing file /home/airflow/.local/lib/python3.12/site-packages/airflow/example_dags/example_display_name.py for tasks to queue
[2025-05-15T08:51:20.467+0000] {logging_mixin.py:190} INFO - [2025-05-15T08:51:20.466+0000] {dagbag.py:588} INFO - Filling up the DagBag from /home/airflow/.local/lib/python3.12/site-packages/airflow/example_dags/example_display_name.py
[2025-05-15T08:51:20.530+0000] {processor.py:925} INFO - DAG(s) 'example_display_name' retrieved from /home/airflow/.local/lib/python3.12/site-packages/airflow/example_dags/example_display_name.py
[2025-05-15T08:51:20.676+0000] {logging_mixin.py:190} INFO - [2025-05-15T08:51:20.675+0000] {dag.py:3239} INFO - Sync 1 DAGs
[2025-05-15T08:51:20.742+0000] {logging_mixin.py:190} INFO - [2025-05-15T08:51:20.739+0000] {dag.py:4180} INFO - Setting next_dagrun for example_display_name to None, run_after=None
[2025-05-15T08:51:20.879+0000] {processor.py:208} INFO - Processing /home/airflow/.local/lib/python3.12/site-packages/airflow/example_dags/example_display_name.py took 0.505 seconds
[2025-05-15T08:51:51.578+0000] {processor.py:186} INFO - Started process (PID=550) to work on /home/airflow/.local/lib/python3.12/site-packages/airflow/example_dags/example_display_name.py
[2025-05-15T08:51:51.582+0000] {processor.py:914} INFO - Processing file /home/airflow/.local/lib/python3.12/site-packages/airflow/example_dags/example_display_name.py for tasks to queue
[2025-05-15T08:51:51.589+0000] {logging_mixin.py:190} INFO - [2025-05-15T08:51:51.588+0000] {dagbag.py:588} INFO - Filling up the DagBag from /home/airflow/.local/lib/python3.12/site-packages/airflow/example_dags/example_display_name.py
[2025-05-15T08:51:51.610+0000] {processor.py:925} INFO - DAG(s) 'example_display_name' retrieved from /home/airflow/.local/lib/python3.12/site-packages/airflow/example_dags/example_display_name.py
[2025-05-15T08:51:51.665+0000] {logging_mixin.py:190} INFO - [2025-05-15T08:51:51.665+0000] {dag.py:3239} INFO - Sync 1 DAGs
[2025-05-15T08:51:51.710+0000] {logging_mixin.py:190} INFO - [2025-05-15T08:51:51.709+0000] {dag.py:4180} INFO - Setting next_dagrun for example_display_name to None, run_after=None
[2025-05-15T08:51:51.761+0000] {processor.py:208} INFO - Processing /home/airflow/.local/lib/python3.12/site-packages/airflow/example_dags/example_display_name.py took 0.201 seconds
[2025-05-15T08:52:22.502+0000] {processor.py:186} INFO - Started process (PID=615) to work on /home/airflow/.local/lib/python3.12/site-packages/airflow/example_dags/example_display_name.py
[2025-05-15T08:52:22.507+0000] {processor.py:914} INFO - Processing file /home/airflow/.local/lib/python3.12/site-packages/airflow/example_dags/example_display_name.py for tasks to queue
[2025-05-15T08:52:22.520+0000] {logging_mixin.py:190} INFO - [2025-05-15T08:52:22.519+0000] {dagbag.py:588} INFO - Filling up the DagBag from /home/airflow/.local/lib/python3.12/site-packages/airflow/example_dags/example_display_name.py
[2025-05-15T08:52:22.548+0000] {processor.py:925} INFO - DAG(s) 'example_display_name' retrieved from /home/airflow/.local/lib/python3.12/site-packages/airflow/example_dags/example_display_name.py
[2025-05-15T08:52:22.673+0000] {logging_mixin.py:190} INFO - [2025-05-15T08:52:22.672+0000] {dag.py:3239} INFO - Sync 1 DAGs
[2025-05-15T08:52:22.741+0000] {logging_mixin.py:190} INFO - [2025-05-15T08:52:22.741+0000] {dag.py:4180} INFO - Setting next_dagrun for example_display_name to None, run_after=None
[2025-05-15T08:52:22.841+0000] {processor.py:208} INFO - Processing /home/airflow/.local/lib/python3.12/site-packages/airflow/example_dags/example_display_name.py took 0.356 seconds
[2025-05-15T08:52:53.479+0000] {processor.py:186} INFO - Started process (PID=679) to work on /home/airflow/.local/lib/python3.12/site-packages/airflow/example_dags/example_display_name.py
[2025-05-15T08:52:53.483+0000] {processor.py:914} INFO - Processing file /home/airflow/.local/lib/python3.12/site-packages/airflow/example_dags/example_display_name.py for tasks to queue
[2025-05-15T08:52:53.492+0000] {logging_mixin.py:190} INFO - [2025-05-15T08:52:53.490+0000] {dagbag.py:588} INFO - Filling up the DagBag from /home/airflow/.local/lib/python3.12/site-packages/airflow/example_dags/example_display_name.py
[2025-05-15T08:52:53.516+0000] {processor.py:925} INFO - DAG(s) 'example_display_name' retrieved from /home/airflow/.local/lib/python3.12/site-packages/airflow/example_dags/example_display_name.py
[2025-05-15T08:52:53.569+0000] {logging_mixin.py:190} INFO - [2025-05-15T08:52:53.569+0000] {dag.py:3239} INFO - Sync 1 DAGs
[2025-05-15T08:52:53.610+0000] {logging_mixin.py:190} INFO - [2025-05-15T08:52:53.610+0000] {dag.py:4180} INFO - Setting next_dagrun for example_display_name to None, run_after=None
[2025-05-15T08:52:53.663+0000] {processor.py:208} INFO - Processing /home/airflow/.local/lib/python3.12/site-packages/airflow/example_dags/example_display_name.py took 0.206 seconds
[2025-05-15T08:53:24.013+0000] {processor.py:186} INFO - Started process (PID=745) to work on /home/airflow/.local/lib/python3.12/site-packages/airflow/example_dags/example_display_name.py
[2025-05-15T08:53:24.016+0000] {processor.py:914} INFO - Processing file /home/airflow/.local/lib/python3.12/site-packages/airflow/example_dags/example_display_name.py for tasks to queue
[2025-05-15T08:53:24.021+0000] {logging_mixin.py:190} INFO - [2025-05-15T08:53:24.020+0000] {dagbag.py:588} INFO - Filling up the DagBag from /home/airflow/.local/lib/python3.12/site-packages/airflow/example_dags/example_display_name.py
[2025-05-15T08:53:24.038+0000] {processor.py:925} INFO - DAG(s) 'example_display_name' retrieved from /home/airflow/.local/lib/python3.12/site-packages/airflow/example_dags/example_display_name.py
[2025-05-15T08:53:24.081+0000] {logging_mixin.py:190} INFO - [2025-05-15T08:53:24.080+0000] {dag.py:3239} INFO - Sync 1 DAGs
[2025-05-15T08:53:24.108+0000] {logging_mixin.py:190} INFO - [2025-05-15T08:53:24.107+0000] {dag.py:4180} INFO - Setting next_dagrun for example_display_name to None, run_after=None
[2025-05-15T08:53:24.159+0000] {processor.py:208} INFO - Processing /home/airflow/.local/lib/python3.12/site-packages/airflow/example_dags/example_display_name.py took 0.157 seconds
[2025-05-15T08:53:54.354+0000] {processor.py:186} INFO - Started process (PID=810) to work on /home/airflow/.local/lib/python3.12/site-packages/airflow/example_dags/example_display_name.py
[2025-05-15T08:53:54.360+0000] {processor.py:914} INFO - Processing file /home/airflow/.local/lib/python3.12/site-packages/airflow/example_dags/example_display_name.py for tasks to queue
[2025-05-15T08:53:54.366+0000] {logging_mixin.py:190} INFO - [2025-05-15T08:53:54.366+0000] {dagbag.py:588} INFO - Filling up the DagBag from /home/airflow/.local/lib/python3.12/site-packages/airflow/example_dags/example_display_name.py
[2025-05-15T08:53:54.386+0000] {processor.py:925} INFO - DAG(s) 'example_display_name' retrieved from /home/airflow/.local/lib/python3.12/site-packages/airflow/example_dags/example_display_name.py
[2025-05-15T08:53:54.436+0000] {logging_mixin.py:190} INFO - [2025-05-15T08:53:54.435+0000] {dag.py:3239} INFO - Sync 1 DAGs
[2025-05-15T08:53:54.473+0000] {logging_mixin.py:190} INFO - [2025-05-15T08:53:54.473+0000] {dag.py:4180} INFO - Setting next_dagrun for example_display_name to None, run_after=None
[2025-05-15T08:53:54.531+0000] {processor.py:208} INFO - Processing /home/airflow/.local/lib/python3.12/site-packages/airflow/example_dags/example_display_name.py took 0.192 seconds
[2025-05-15T08:54:38.811+0000] {processor.py:186} INFO - Started process (PID=873) to work on /home/airflow/.local/lib/python3.12/site-packages/airflow/example_dags/example_display_name.py
[2025-05-15T08:54:38.814+0000] {processor.py:914} INFO - Processing file /home/airflow/.local/lib/python3.12/site-packages/airflow/example_dags/example_display_name.py for tasks to queue
[2025-05-15T08:54:38.821+0000] {logging_mixin.py:190} INFO - [2025-05-15T08:54:38.820+0000] {dagbag.py:588} INFO - Filling up the DagBag from /home/airflow/.local/lib/python3.12/site-packages/airflow/example_dags/example_display_name.py
[2025-05-15T08:54:38.841+0000] {processor.py:925} INFO - DAG(s) 'example_display_name' retrieved from /home/airflow/.local/lib/python3.12/site-packages/airflow/example_dags/example_display_name.py
[2025-05-15T08:54:38.894+0000] {logging_mixin.py:190} INFO - [2025-05-15T08:54:38.894+0000] {dag.py:3239} INFO - Sync 1 DAGs
[2025-05-15T08:54:38.935+0000] {logging_mixin.py:190} INFO - [2025-05-15T08:54:38.934+0000] {dag.py:4180} INFO - Setting next_dagrun for example_display_name to None, run_after=None
[2025-05-15T08:54:38.987+0000] {processor.py:208} INFO - Processing /home/airflow/.local/lib/python3.12/site-packages/airflow/example_dags/example_display_name.py took 0.191 seconds
[2025-05-15T08:55:16.624+0000] {processor.py:186} INFO - Started process (PID=949) to work on /home/airflow/.local/lib/python3.12/site-packages/airflow/example_dags/example_display_name.py
[2025-05-15T08:55:16.629+0000] {processor.py:914} INFO - Processing file /home/airflow/.local/lib/python3.12/site-packages/airflow/example_dags/example_display_name.py for tasks to queue
[2025-05-15T08:55:16.637+0000] {logging_mixin.py:190} INFO - [2025-05-15T08:55:16.636+0000] {dagbag.py:588} INFO - Filling up the DagBag from /home/airflow/.local/lib/python3.12/site-packages/airflow/example_dags/example_display_name.py
[2025-05-15T08:55:16.661+0000] {processor.py:925} INFO - DAG(s) 'example_display_name' retrieved from /home/airflow/.local/lib/python3.12/site-packages/airflow/example_dags/example_display_name.py
[2025-05-15T08:55:16.717+0000] {logging_mixin.py:190} INFO - [2025-05-15T08:55:16.716+0000] {dag.py:3239} INFO - Sync 1 DAGs
[2025-05-15T08:55:16.774+0000] {logging_mixin.py:190} INFO - [2025-05-15T08:55:16.773+0000] {dag.py:4180} INFO - Setting next_dagrun for example_display_name to None, run_after=None
[2025-05-15T08:55:16.853+0000] {processor.py:208} INFO - Processing /home/airflow/.local/lib/python3.12/site-packages/airflow/example_dags/example_display_name.py took 0.247 seconds
[2025-05-15T08:55:47.452+0000] {processor.py:186} INFO - Started process (PID=1014) to work on /home/airflow/.local/lib/python3.12/site-packages/airflow/example_dags/example_display_name.py
[2025-05-15T08:55:47.454+0000] {processor.py:914} INFO - Processing file /home/airflow/.local/lib/python3.12/site-packages/airflow/example_dags/example_display_name.py for tasks to queue
[2025-05-15T08:55:47.460+0000] {logging_mixin.py:190} INFO - [2025-05-15T08:55:47.460+0000] {dagbag.py:588} INFO - Filling up the DagBag from /home/airflow/.local/lib/python3.12/site-packages/airflow/example_dags/example_display_name.py
[2025-05-15T08:55:47.476+0000] {processor.py:925} INFO - DAG(s) 'example_display_name' retrieved from /home/airflow/.local/lib/python3.12/site-packages/airflow/example_dags/example_display_name.py
[2025-05-15T08:55:47.536+0000] {logging_mixin.py:190} INFO - [2025-05-15T08:55:47.536+0000] {dag.py:3239} INFO - Sync 1 DAGs
[2025-05-15T08:55:47.573+0000] {logging_mixin.py:190} INFO - [2025-05-15T08:55:47.572+0000] {dag.py:4180} INFO - Setting next_dagrun for example_display_name to None, run_after=None
[2025-05-15T08:55:47.620+0000] {processor.py:208} INFO - Processing /home/airflow/.local/lib/python3.12/site-packages/airflow/example_dags/example_display_name.py took 0.180 seconds
[2025-05-15T08:56:18.072+0000] {processor.py:186} INFO - Started process (PID=1079) to work on /home/airflow/.local/lib/python3.12/site-packages/airflow/example_dags/example_display_name.py
[2025-05-15T08:56:18.074+0000] {processor.py:914} INFO - Processing file /home/airflow/.local/lib/python3.12/site-packages/airflow/example_dags/example_display_name.py for tasks to queue
[2025-05-15T08:56:18.079+0000] {logging_mixin.py:190} INFO - [2025-05-15T08:56:18.079+0000] {dagbag.py:588} INFO - Filling up the DagBag from /home/airflow/.local/lib/python3.12/site-packages/airflow/example_dags/example_display_name.py
[2025-05-15T08:56:18.092+0000] {processor.py:925} INFO - DAG(s) 'example_display_name' retrieved from /home/airflow/.local/lib/python3.12/site-packages/airflow/example_dags/example_display_name.py
[2025-05-15T08:56:18.120+0000] {logging_mixin.py:190} INFO - [2025-05-15T08:56:18.120+0000] {dag.py:3239} INFO - Sync 1 DAGs
[2025-05-15T08:56:18.141+0000] {logging_mixin.py:190} INFO - [2025-05-15T08:56:18.141+0000] {dag.py:4180} INFO - Setting next_dagrun for example_display_name to None, run_after=None
[2025-05-15T08:56:18.178+0000] {processor.py:208} INFO - Processing /home/airflow/.local/lib/python3.12/site-packages/airflow/example_dags/example_display_name.py took 0.114 seconds
[2025-05-15T08:56:48.665+0000] {processor.py:186} INFO - Started process (PID=1144) to work on /home/airflow/.local/lib/python3.12/site-packages/airflow/example_dags/example_display_name.py
[2025-05-15T08:56:48.668+0000] {processor.py:914} INFO - Processing file /home/airflow/.local/lib/python3.12/site-packages/airflow/example_dags/example_display_name.py for tasks to queue
[2025-05-15T08:56:48.674+0000] {logging_mixin.py:190} INFO - [2025-05-15T08:56:48.673+0000] {dagbag.py:588} INFO - Filling up the DagBag from /home/airflow/.local/lib/python3.12/site-packages/airflow/example_dags/example_display_name.py
[2025-05-15T08:56:48.692+0000] {processor.py:925} INFO - DAG(s) 'example_display_name' retrieved from /home/airflow/.local/lib/python3.12/site-packages/airflow/example_dags/example_display_name.py
[2025-05-15T08:56:48.748+0000] {logging_mixin.py:190} INFO - [2025-05-15T08:56:48.748+0000] {dag.py:3239} INFO - Sync 1 DAGs
[2025-05-15T08:56:48.780+0000] {logging_mixin.py:190} INFO - [2025-05-15T08:56:48.779+0000] {dag.py:4180} INFO - Setting next_dagrun for example_display_name to None, run_after=None
[2025-05-15T08:56:48.828+0000] {processor.py:208} INFO - Processing /home/airflow/.local/lib/python3.12/site-packages/airflow/example_dags/example_display_name.py took 0.176 seconds
[2025-05-15T08:57:19.431+0000] {processor.py:186} INFO - Started process (PID=1209) to work on /home/airflow/.local/lib/python3.12/site-packages/airflow/example_dags/example_display_name.py
[2025-05-15T08:57:19.432+0000] {processor.py:914} INFO - Processing file /home/airflow/.local/lib/python3.12/site-packages/airflow/example_dags/example_display_name.py for tasks to queue
[2025-05-15T08:57:19.436+0000] {logging_mixin.py:190} INFO - [2025-05-15T08:57:19.436+0000] {dagbag.py:588} INFO - Filling up the DagBag from /home/airflow/.local/lib/python3.12/site-packages/airflow/example_dags/example_display_name.py
[2025-05-15T08:57:19.447+0000] {processor.py:925} INFO - DAG(s) 'example_display_name' retrieved from /home/airflow/.local/lib/python3.12/site-packages/airflow/example_dags/example_display_name.py
[2025-05-15T08:57:19.475+0000] {logging_mixin.py:190} INFO - [2025-05-15T08:57:19.474+0000] {dag.py:3239} INFO - Sync 1 DAGs
[2025-05-15T08:57:19.496+0000] {logging_mixin.py:190} INFO - [2025-05-15T08:57:19.495+0000] {dag.py:4180} INFO - Setting next_dagrun for example_display_name to None, run_after=None
[2025-05-15T08:57:19.527+0000] {processor.py:208} INFO - Processing /home/airflow/.local/lib/python3.12/site-packages/airflow/example_dags/example_display_name.py took 0.103 seconds
[2025-05-15T08:57:49.814+0000] {processor.py:186} INFO - Started process (PID=1275) to work on /home/airflow/.local/lib/python3.12/site-packages/airflow/example_dags/example_display_name.py
[2025-05-15T08:57:49.816+0000] {processor.py:914} INFO - Processing file /home/airflow/.local/lib/python3.12/site-packages/airflow/example_dags/example_display_name.py for tasks to queue
[2025-05-15T08:57:49.819+0000] {logging_mixin.py:190} INFO - [2025-05-15T08:57:49.819+0000] {dagbag.py:588} INFO - Filling up the DagBag from /home/airflow/.local/lib/python3.12/site-packages/airflow/example_dags/example_display_name.py
[2025-05-15T08:57:49.830+0000] {processor.py:925} INFO - DAG(s) 'example_display_name' retrieved from /home/airflow/.local/lib/python3.12/site-packages/airflow/example_dags/example_display_name.py
[2025-05-15T08:57:49.854+0000] {logging_mixin.py:190} INFO - [2025-05-15T08:57:49.854+0000] {dag.py:3239} INFO - Sync 1 DAGs
[2025-05-15T08:57:49.873+0000] {logging_mixin.py:190} INFO - [2025-05-15T08:57:49.872+0000] {dag.py:4180} INFO - Setting next_dagrun for example_display_name to None, run_after=None
[2025-05-15T08:57:49.902+0000] {processor.py:208} INFO - Processing /home/airflow/.local/lib/python3.12/site-packages/airflow/example_dags/example_display_name.py took 0.096 seconds
[2025-05-15T08:58:20.070+0000] {processor.py:186} INFO - Started process (PID=1339) to work on /home/airflow/.local/lib/python3.12/site-packages/airflow/example_dags/example_display_name.py
[2025-05-15T08:58:20.071+0000] {processor.py:914} INFO - Processing file /home/airflow/.local/lib/python3.12/site-packages/airflow/example_dags/example_display_name.py for tasks to queue
[2025-05-15T08:58:20.075+0000] {logging_mixin.py:190} INFO - [2025-05-15T08:58:20.075+0000] {dagbag.py:588} INFO - Filling up the DagBag from /home/airflow/.local/lib/python3.12/site-packages/airflow/example_dags/example_display_name.py
[2025-05-15T08:58:20.085+0000] {processor.py:925} INFO - DAG(s) 'example_display_name' retrieved from /home/airflow/.local/lib/python3.12/site-packages/airflow/example_dags/example_display_name.py
[2025-05-15T08:58:20.111+0000] {logging_mixin.py:190} INFO - [2025-05-15T08:58:20.111+0000] {dag.py:3239} INFO - Sync 1 DAGs
[2025-05-15T08:58:20.129+0000] {logging_mixin.py:190} INFO - [2025-05-15T08:58:20.129+0000] {dag.py:4180} INFO - Setting next_dagrun for example_display_name to None, run_after=None
[2025-05-15T08:58:20.156+0000] {processor.py:208} INFO - Processing /home/airflow/.local/lib/python3.12/site-packages/airflow/example_dags/example_display_name.py took 0.096 seconds
[2025-05-15T08:58:50.905+0000] {processor.py:186} INFO - Started process (PID=1404) to work on /home/airflow/.local/lib/python3.12/site-packages/airflow/example_dags/example_display_name.py
[2025-05-15T08:58:50.907+0000] {processor.py:914} INFO - Processing file /home/airflow/.local/lib/python3.12/site-packages/airflow/example_dags/example_display_name.py for tasks to queue
[2025-05-15T08:58:50.911+0000] {logging_mixin.py:190} INFO - [2025-05-15T08:58:50.910+0000] {dagbag.py:588} INFO - Filling up the DagBag from /home/airflow/.local/lib/python3.12/site-packages/airflow/example_dags/example_display_name.py
[2025-05-15T08:58:50.925+0000] {processor.py:925} INFO - DAG(s) 'example_display_name' retrieved from /home/airflow/.local/lib/python3.12/site-packages/airflow/example_dags/example_display_name.py
[2025-05-15T08:58:50.956+0000] {logging_mixin.py:190} INFO - [2025-05-15T08:58:50.955+0000] {dag.py:3239} INFO - Sync 1 DAGs
[2025-05-15T08:58:50.981+0000] {logging_mixin.py:190} INFO - [2025-05-15T08:58:50.981+0000] {dag.py:4180} INFO - Setting next_dagrun for example_display_name to None, run_after=None
[2025-05-15T08:58:51.012+0000] {processor.py:208} INFO - Processing /home/airflow/.local/lib/python3.12/site-packages/airflow/example_dags/example_display_name.py took 0.117 seconds
[2025-05-15T08:59:21.381+0000] {processor.py:186} INFO - Started process (PID=1469) to work on /home/airflow/.local/lib/python3.12/site-packages/airflow/example_dags/example_display_name.py
[2025-05-15T08:59:21.385+0000] {processor.py:914} INFO - Processing file /home/airflow/.local/lib/python3.12/site-packages/airflow/example_dags/example_display_name.py for tasks to queue
[2025-05-15T08:59:21.390+0000] {logging_mixin.py:190} INFO - [2025-05-15T08:59:21.389+0000] {dagbag.py:588} INFO - Filling up the DagBag from /home/airflow/.local/lib/python3.12/site-packages/airflow/example_dags/example_display_name.py
[2025-05-15T08:59:21.409+0000] {processor.py:925} INFO - DAG(s) 'example_display_name' retrieved from /home/airflow/.local/lib/python3.12/site-packages/airflow/example_dags/example_display_name.py
[2025-05-15T08:59:21.464+0000] {logging_mixin.py:190} INFO - [2025-05-15T08:59:21.463+0000] {dag.py:3239} INFO - Sync 1 DAGs
[2025-05-15T08:59:21.490+0000] {logging_mixin.py:190} INFO - [2025-05-15T08:59:21.490+0000] {dag.py:4180} INFO - Setting next_dagrun for example_display_name to None, run_after=None
[2025-05-15T08:59:21.529+0000] {processor.py:208} INFO - Processing /home/airflow/.local/lib/python3.12/site-packages/airflow/example_dags/example_display_name.py took 0.160 seconds
[2025-05-15T08:59:51.831+0000] {processor.py:186} INFO - Started process (PID=1534) to work on /home/airflow/.local/lib/python3.12/site-packages/airflow/example_dags/example_display_name.py
[2025-05-15T08:59:51.834+0000] {processor.py:914} INFO - Processing file /home/airflow/.local/lib/python3.12/site-packages/airflow/example_dags/example_display_name.py for tasks to queue
[2025-05-15T08:59:51.839+0000] {logging_mixin.py:190} INFO - [2025-05-15T08:59:51.838+0000] {dagbag.py:588} INFO - Filling up the DagBag from /home/airflow/.local/lib/python3.12/site-packages/airflow/example_dags/example_display_name.py
[2025-05-15T08:59:51.856+0000] {processor.py:925} INFO - DAG(s) 'example_display_name' retrieved from /home/airflow/.local/lib/python3.12/site-packages/airflow/example_dags/example_display_name.py
[2025-05-15T08:59:51.904+0000] {logging_mixin.py:190} INFO - [2025-05-15T08:59:51.904+0000] {dag.py:3239} INFO - Sync 1 DAGs
[2025-05-15T08:59:51.935+0000] {logging_mixin.py:190} INFO - [2025-05-15T08:59:51.934+0000] {dag.py:4180} INFO - Setting next_dagrun for example_display_name to None, run_after=None
[2025-05-15T08:59:51.979+0000] {processor.py:208} INFO - Processing /home/airflow/.local/lib/python3.12/site-packages/airflow/example_dags/example_display_name.py took 0.161 seconds
[2025-05-15T09:00:29.912+0000] {processor.py:186} INFO - Started process (PID=1603) to work on /home/airflow/.local/lib/python3.12/site-packages/airflow/example_dags/example_display_name.py
[2025-05-15T09:00:29.917+0000] {processor.py:914} INFO - Processing file /home/airflow/.local/lib/python3.12/site-packages/airflow/example_dags/example_display_name.py for tasks to queue
[2025-05-15T09:00:29.923+0000] {logging_mixin.py:190} INFO - [2025-05-15T09:00:29.922+0000] {dagbag.py:588} INFO - Filling up the DagBag from /home/airflow/.local/lib/python3.12/site-packages/airflow/example_dags/example_display_name.py
[2025-05-15T09:00:29.941+0000] {processor.py:925} INFO - DAG(s) 'example_display_name' retrieved from /home/airflow/.local/lib/python3.12/site-packages/airflow/example_dags/example_display_name.py
[2025-05-15T09:00:29.996+0000] {logging_mixin.py:190} INFO - [2025-05-15T09:00:29.996+0000] {dag.py:3239} INFO - Sync 1 DAGs
[2025-05-15T09:00:30.036+0000] {logging_mixin.py:190} INFO - [2025-05-15T09:00:30.035+0000] {dag.py:4180} INFO - Setting next_dagrun for example_display_name to None, run_after=None
[2025-05-15T09:00:30.080+0000] {processor.py:208} INFO - Processing /home/airflow/.local/lib/python3.12/site-packages/airflow/example_dags/example_display_name.py took 0.181 seconds
[2025-05-15T09:01:18.455+0000] {processor.py:186} INFO - Started process (PID=1675) to work on /home/airflow/.local/lib/python3.12/site-packages/airflow/example_dags/example_display_name.py
[2025-05-15T09:01:18.481+0000] {processor.py:914} INFO - Processing file /home/airflow/.local/lib/python3.12/site-packages/airflow/example_dags/example_display_name.py for tasks to queue
[2025-05-15T09:01:18.549+0000] {logging_mixin.py:190} INFO - [2025-05-15T09:01:18.534+0000] {dagbag.py:588} INFO - Filling up the DagBag from /home/airflow/.local/lib/python3.12/site-packages/airflow/example_dags/example_display_name.py
[2025-05-15T09:01:18.728+0000] {processor.py:925} INFO - DAG(s) 'example_display_name' retrieved from /home/airflow/.local/lib/python3.12/site-packages/airflow/example_dags/example_display_name.py
[2025-05-15T09:01:18.907+0000] {logging_mixin.py:190} INFO - [2025-05-15T09:01:18.901+0000] {dag.py:3239} INFO - Sync 1 DAGs
[2025-05-15T09:01:19.013+0000] {logging_mixin.py:190} INFO - [2025-05-15T09:01:19.009+0000] {dag.py:4180} INFO - Setting next_dagrun for example_display_name to None, run_after=None
[2025-05-15T09:01:19.291+0000] {processor.py:208} INFO - Processing /home/airflow/.local/lib/python3.12/site-packages/airflow/example_dags/example_display_name.py took 0.878 seconds
[2025-05-15T09:02:19.267+0000] {processor.py:186} INFO - Started process (PID=1752) to work on /home/airflow/.local/lib/python3.12/site-packages/airflow/example_dags/example_display_name.py
[2025-05-15T09:02:19.289+0000] {processor.py:914} INFO - Processing file /home/airflow/.local/lib/python3.12/site-packages/airflow/example_dags/example_display_name.py for tasks to queue
[2025-05-15T09:02:19.305+0000] {logging_mixin.py:190} INFO - [2025-05-15T09:02:19.304+0000] {dagbag.py:588} INFO - Filling up the DagBag from /home/airflow/.local/lib/python3.12/site-packages/airflow/example_dags/example_display_name.py
[2025-05-15T09:02:19.367+0000] {processor.py:925} INFO - DAG(s) 'example_display_name' retrieved from /home/airflow/.local/lib/python3.12/site-packages/airflow/example_dags/example_display_name.py
[2025-05-15T09:02:19.548+0000] {logging_mixin.py:190} INFO - [2025-05-15T09:02:19.547+0000] {dag.py:3239} INFO - Sync 1 DAGs
[2025-05-15T09:02:19.643+0000] {logging_mixin.py:190} INFO - [2025-05-15T09:02:19.642+0000] {dag.py:4180} INFO - Setting next_dagrun for example_display_name to None, run_after=None
[2025-05-15T09:02:19.834+0000] {processor.py:208} INFO - Processing /home/airflow/.local/lib/python3.12/site-packages/airflow/example_dags/example_display_name.py took 0.668 seconds
[2025-05-15T09:03:14.081+0000] {processor.py:186} INFO - Started process (PID=1819) to work on /home/airflow/.local/lib/python3.12/site-packages/airflow/example_dags/example_display_name.py
[2025-05-15T09:03:14.108+0000] {processor.py:914} INFO - Processing file /home/airflow/.local/lib/python3.12/site-packages/airflow/example_dags/example_display_name.py for tasks to queue
[2025-05-15T09:03:14.182+0000] {logging_mixin.py:190} INFO - [2025-05-15T09:03:14.181+0000] {dagbag.py:588} INFO - Filling up the DagBag from /home/airflow/.local/lib/python3.12/site-packages/airflow/example_dags/example_display_name.py
[2025-05-15T09:03:14.348+0000] {processor.py:925} INFO - DAG(s) 'example_display_name' retrieved from /home/airflow/.local/lib/python3.12/site-packages/airflow/example_dags/example_display_name.py
[2025-05-15T09:03:14.629+0000] {logging_mixin.py:190} INFO - [2025-05-15T09:03:14.626+0000] {dag.py:3239} INFO - Sync 1 DAGs
[2025-05-15T09:03:14.798+0000] {logging_mixin.py:190} INFO - [2025-05-15T09:03:14.797+0000] {dag.py:4180} INFO - Setting next_dagrun for example_display_name to None, run_after=None
[2025-05-15T09:03:15.139+0000] {processor.py:208} INFO - Processing /home/airflow/.local/lib/python3.12/site-packages/airflow/example_dags/example_display_name.py took 1.100 seconds
[2025-05-15T09:04:16.345+0000] {processor.py:186} INFO - Started process (PID=1890) to work on /home/airflow/.local/lib/python3.12/site-packages/airflow/example_dags/example_display_name.py
[2025-05-15T09:04:16.351+0000] {processor.py:914} INFO - Processing file /home/airflow/.local/lib/python3.12/site-packages/airflow/example_dags/example_display_name.py for tasks to queue
[2025-05-15T09:04:16.372+0000] {logging_mixin.py:190} INFO - [2025-05-15T09:04:16.367+0000] {dagbag.py:588} INFO - Filling up the DagBag from /home/airflow/.local/lib/python3.12/site-packages/airflow/example_dags/example_display_name.py
[2025-05-15T09:04:16.429+0000] {processor.py:925} INFO - DAG(s) 'example_display_name' retrieved from /home/airflow/.local/lib/python3.12/site-packages/airflow/example_dags/example_display_name.py
[2025-05-15T09:04:16.489+0000] {logging_mixin.py:190} INFO - [2025-05-15T09:04:16.488+0000] {dag.py:3239} INFO - Sync 1 DAGs
[2025-05-15T09:04:16.527+0000] {logging_mixin.py:190} INFO - [2025-05-15T09:04:16.527+0000] {dag.py:4180} INFO - Setting next_dagrun for example_display_name to None, run_after=None
[2025-05-15T09:04:16.599+0000] {processor.py:208} INFO - Processing /home/airflow/.local/lib/python3.12/site-packages/airflow/example_dags/example_display_name.py took 0.299 seconds
[2025-05-15T09:04:47.260+0000] {processor.py:186} INFO - Started process (PID=1960) to work on /home/airflow/.local/lib/python3.12/site-packages/airflow/example_dags/example_display_name.py
[2025-05-15T09:04:47.269+0000] {processor.py:914} INFO - Processing file /home/airflow/.local/lib/python3.12/site-packages/airflow/example_dags/example_display_name.py for tasks to queue
[2025-05-15T09:04:47.286+0000] {logging_mixin.py:190} INFO - [2025-05-15T09:04:47.285+0000] {dagbag.py:588} INFO - Filling up the DagBag from /home/airflow/.local/lib/python3.12/site-packages/airflow/example_dags/example_display_name.py
[2025-05-15T09:04:47.321+0000] {processor.py:925} INFO - DAG(s) 'example_display_name' retrieved from /home/airflow/.local/lib/python3.12/site-packages/airflow/example_dags/example_display_name.py
[2025-05-15T09:04:47.385+0000] {logging_mixin.py:190} INFO - [2025-05-15T09:04:47.384+0000] {dag.py:3239} INFO - Sync 1 DAGs
[2025-05-15T09:04:47.453+0000] {logging_mixin.py:190} INFO - [2025-05-15T09:04:47.452+0000] {dag.py:4180} INFO - Setting next_dagrun for example_display_name to None, run_after=None
[2025-05-15T09:04:47.590+0000] {processor.py:208} INFO - Processing /home/airflow/.local/lib/python3.12/site-packages/airflow/example_dags/example_display_name.py took 0.351 seconds
[2025-05-15T09:05:36.349+0000] {processor.py:186} INFO - Started process (PID=2035) to work on /home/airflow/.local/lib/python3.12/site-packages/airflow/example_dags/example_display_name.py
[2025-05-15T09:05:36.354+0000] {processor.py:914} INFO - Processing file /home/airflow/.local/lib/python3.12/site-packages/airflow/example_dags/example_display_name.py for tasks to queue
[2025-05-15T09:05:36.365+0000] {logging_mixin.py:190} INFO - [2025-05-15T09:05:36.364+0000] {dagbag.py:588} INFO - Filling up the DagBag from /home/airflow/.local/lib/python3.12/site-packages/airflow/example_dags/example_display_name.py
[2025-05-15T09:05:36.398+0000] {processor.py:925} INFO - DAG(s) 'example_display_name' retrieved from /home/airflow/.local/lib/python3.12/site-packages/airflow/example_dags/example_display_name.py
[2025-05-15T09:05:36.488+0000] {logging_mixin.py:190} INFO - [2025-05-15T09:05:36.487+0000] {dag.py:3239} INFO - Sync 1 DAGs
[2025-05-15T09:05:36.570+0000] {logging_mixin.py:190} INFO - [2025-05-15T09:05:36.569+0000] {dag.py:4180} INFO - Setting next_dagrun for example_display_name to None, run_after=None
[2025-05-15T09:05:36.689+0000] {processor.py:208} INFO - Processing /home/airflow/.local/lib/python3.12/site-packages/airflow/example_dags/example_display_name.py took 0.359 seconds
[2025-05-15T09:06:07.498+0000] {processor.py:186} INFO - Started process (PID=2100) to work on /home/airflow/.local/lib/python3.12/site-packages/airflow/example_dags/example_display_name.py
[2025-05-15T09:06:07.504+0000] {processor.py:914} INFO - Processing file /home/airflow/.local/lib/python3.12/site-packages/airflow/example_dags/example_display_name.py for tasks to queue
[2025-05-15T09:06:07.515+0000] {logging_mixin.py:190} INFO - [2025-05-15T09:06:07.513+0000] {dagbag.py:588} INFO - Filling up the DagBag from /home/airflow/.local/lib/python3.12/site-packages/airflow/example_dags/example_display_name.py
[2025-05-15T09:06:07.545+0000] {processor.py:925} INFO - DAG(s) 'example_display_name' retrieved from /home/airflow/.local/lib/python3.12/site-packages/airflow/example_dags/example_display_name.py
[2025-05-15T09:06:07.621+0000] {logging_mixin.py:190} INFO - [2025-05-15T09:06:07.620+0000] {dag.py:3239} INFO - Sync 1 DAGs
[2025-05-15T09:06:07.693+0000] {logging_mixin.py:190} INFO - [2025-05-15T09:06:07.692+0000] {dag.py:4180} INFO - Setting next_dagrun for example_display_name to None, run_after=None
[2025-05-15T09:06:07.792+0000] {processor.py:208} INFO - Processing /home/airflow/.local/lib/python3.12/site-packages/airflow/example_dags/example_display_name.py took 0.311 seconds
[2025-05-15T09:06:40.370+0000] {processor.py:186} INFO - Started process (PID=2164) to work on /home/airflow/.local/lib/python3.12/site-packages/airflow/example_dags/example_display_name.py
[2025-05-15T09:06:40.408+0000] {processor.py:914} INFO - Processing file /home/airflow/.local/lib/python3.12/site-packages/airflow/example_dags/example_display_name.py for tasks to queue
[2025-05-15T09:06:40.531+0000] {logging_mixin.py:190} INFO - [2025-05-15T09:06:40.529+0000] {dagbag.py:588} INFO - Filling up the DagBag from /home/airflow/.local/lib/python3.12/site-packages/airflow/example_dags/example_display_name.py
[2025-05-15T09:06:40.652+0000] {processor.py:925} INFO - DAG(s) 'example_display_name' retrieved from /home/airflow/.local/lib/python3.12/site-packages/airflow/example_dags/example_display_name.py
[2025-05-15T09:06:40.793+0000] {logging_mixin.py:190} INFO - [2025-05-15T09:06:40.792+0000] {dag.py:3239} INFO - Sync 1 DAGs
[2025-05-15T09:06:40.906+0000] {logging_mixin.py:190} INFO - [2025-05-15T09:06:40.905+0000] {dag.py:4180} INFO - Setting next_dagrun for example_display_name to None, run_after=None
[2025-05-15T09:06:41.050+0000] {processor.py:208} INFO - Processing /home/airflow/.local/lib/python3.12/site-packages/airflow/example_dags/example_display_name.py took 0.702 seconds
[2025-05-15T09:07:11.652+0000] {processor.py:186} INFO - Started process (PID=2228) to work on /home/airflow/.local/lib/python3.12/site-packages/airflow/example_dags/example_display_name.py
[2025-05-15T09:07:11.656+0000] {processor.py:914} INFO - Processing file /home/airflow/.local/lib/python3.12/site-packages/airflow/example_dags/example_display_name.py for tasks to queue
[2025-05-15T09:07:11.663+0000] {logging_mixin.py:190} INFO - [2025-05-15T09:07:11.662+0000] {dagbag.py:588} INFO - Filling up the DagBag from /home/airflow/.local/lib/python3.12/site-packages/airflow/example_dags/example_display_name.py
[2025-05-15T09:07:11.684+0000] {processor.py:925} INFO - DAG(s) 'example_display_name' retrieved from /home/airflow/.local/lib/python3.12/site-packages/airflow/example_dags/example_display_name.py
[2025-05-15T09:07:11.738+0000] {logging_mixin.py:190} INFO - [2025-05-15T09:07:11.737+0000] {dag.py:3239} INFO - Sync 1 DAGs
[2025-05-15T09:07:11.777+0000] {logging_mixin.py:190} INFO - [2025-05-15T09:07:11.777+0000] {dag.py:4180} INFO - Setting next_dagrun for example_display_name to None, run_after=None
[2025-05-15T09:07:11.829+0000] {processor.py:208} INFO - Processing /home/airflow/.local/lib/python3.12/site-packages/airflow/example_dags/example_display_name.py took 0.191 seconds
[2025-05-15T09:07:42.554+0000] {processor.py:186} INFO - Started process (PID=2292) to work on /home/airflow/.local/lib/python3.12/site-packages/airflow/example_dags/example_display_name.py
[2025-05-15T09:07:42.559+0000] {processor.py:914} INFO - Processing file /home/airflow/.local/lib/python3.12/site-packages/airflow/example_dags/example_display_name.py for tasks to queue
[2025-05-15T09:07:42.564+0000] {logging_mixin.py:190} INFO - [2025-05-15T09:07:42.563+0000] {dagbag.py:588} INFO - Filling up the DagBag from /home/airflow/.local/lib/python3.12/site-packages/airflow/example_dags/example_display_name.py
[2025-05-15T09:07:42.579+0000] {processor.py:925} INFO - DAG(s) 'example_display_name' retrieved from /home/airflow/.local/lib/python3.12/site-packages/airflow/example_dags/example_display_name.py
[2025-05-15T09:07:42.619+0000] {logging_mixin.py:190} INFO - [2025-05-15T09:07:42.618+0000] {dag.py:3239} INFO - Sync 1 DAGs
[2025-05-15T09:07:42.645+0000] {logging_mixin.py:190} INFO - [2025-05-15T09:07:42.645+0000] {dag.py:4180} INFO - Setting next_dagrun for example_display_name to None, run_after=None
[2025-05-15T09:07:42.689+0000] {processor.py:208} INFO - Processing /home/airflow/.local/lib/python3.12/site-packages/airflow/example_dags/example_display_name.py took 0.148 seconds
[2025-05-15T09:08:13.206+0000] {processor.py:186} INFO - Started process (PID=2357) to work on /home/airflow/.local/lib/python3.12/site-packages/airflow/example_dags/example_display_name.py
[2025-05-15T09:08:13.209+0000] {processor.py:914} INFO - Processing file /home/airflow/.local/lib/python3.12/site-packages/airflow/example_dags/example_display_name.py for tasks to queue
[2025-05-15T09:08:13.217+0000] {logging_mixin.py:190} INFO - [2025-05-15T09:08:13.216+0000] {dagbag.py:588} INFO - Filling up the DagBag from /home/airflow/.local/lib/python3.12/site-packages/airflow/example_dags/example_display_name.py
[2025-05-15T09:08:13.233+0000] {processor.py:925} INFO - DAG(s) 'example_display_name' retrieved from /home/airflow/.local/lib/python3.12/site-packages/airflow/example_dags/example_display_name.py
[2025-05-15T09:08:13.299+0000] {logging_mixin.py:190} INFO - [2025-05-15T09:08:13.299+0000] {dag.py:3239} INFO - Sync 1 DAGs
[2025-05-15T09:08:13.327+0000] {logging_mixin.py:190} INFO - [2025-05-15T09:08:13.327+0000] {dag.py:4180} INFO - Setting next_dagrun for example_display_name to None, run_after=None
[2025-05-15T09:08:13.372+0000] {processor.py:208} INFO - Processing /home/airflow/.local/lib/python3.12/site-packages/airflow/example_dags/example_display_name.py took 0.176 seconds
[2025-05-15T09:08:44.167+0000] {processor.py:186} INFO - Started process (PID=2422) to work on /home/airflow/.local/lib/python3.12/site-packages/airflow/example_dags/example_display_name.py
[2025-05-15T09:08:44.170+0000] {processor.py:914} INFO - Processing file /home/airflow/.local/lib/python3.12/site-packages/airflow/example_dags/example_display_name.py for tasks to queue
[2025-05-15T09:08:44.184+0000] {logging_mixin.py:190} INFO - [2025-05-15T09:08:44.184+0000] {dagbag.py:588} INFO - Filling up the DagBag from /home/airflow/.local/lib/python3.12/site-packages/airflow/example_dags/example_display_name.py
[2025-05-15T09:08:44.212+0000] {processor.py:925} INFO - DAG(s) 'example_display_name' retrieved from /home/airflow/.local/lib/python3.12/site-packages/airflow/example_dags/example_display_name.py
[2025-05-15T09:08:44.252+0000] {logging_mixin.py:190} INFO - [2025-05-15T09:08:44.252+0000] {dag.py:3239} INFO - Sync 1 DAGs
[2025-05-15T09:08:44.285+0000] {logging_mixin.py:190} INFO - [2025-05-15T09:08:44.284+0000] {dag.py:4180} INFO - Setting next_dagrun for example_display_name to None, run_after=None
[2025-05-15T09:08:44.319+0000] {processor.py:208} INFO - Processing /home/airflow/.local/lib/python3.12/site-packages/airflow/example_dags/example_display_name.py took 0.164 seconds
[2025-05-15T09:09:16.975+0000] {processor.py:186} INFO - Started process (PID=2488) to work on /home/airflow/.local/lib/python3.12/site-packages/airflow/example_dags/example_display_name.py
[2025-05-15T09:09:16.979+0000] {processor.py:914} INFO - Processing file /home/airflow/.local/lib/python3.12/site-packages/airflow/example_dags/example_display_name.py for tasks to queue
[2025-05-15T09:09:16.993+0000] {logging_mixin.py:190} INFO - [2025-05-15T09:09:16.992+0000] {dagbag.py:588} INFO - Filling up the DagBag from /home/airflow/.local/lib/python3.12/site-packages/airflow/example_dags/example_display_name.py
[2025-05-15T09:09:17.033+0000] {processor.py:925} INFO - DAG(s) 'example_display_name' retrieved from /home/airflow/.local/lib/python3.12/site-packages/airflow/example_dags/example_display_name.py
[2025-05-15T09:09:17.145+0000] {logging_mixin.py:190} INFO - [2025-05-15T09:09:17.144+0000] {dag.py:3239} INFO - Sync 1 DAGs
[2025-05-15T09:09:17.219+0000] {logging_mixin.py:190} INFO - [2025-05-15T09:09:17.216+0000] {dag.py:4180} INFO - Setting next_dagrun for example_display_name to None, run_after=None
[2025-05-15T09:09:17.342+0000] {processor.py:208} INFO - Processing /home/airflow/.local/lib/python3.12/site-packages/airflow/example_dags/example_display_name.py took 0.393 seconds
[2025-05-15T09:09:48.747+0000] {processor.py:186} INFO - Started process (PID=2553) to work on /home/airflow/.local/lib/python3.12/site-packages/airflow/example_dags/example_display_name.py
[2025-05-15T09:09:48.762+0000] {processor.py:914} INFO - Processing file /home/airflow/.local/lib/python3.12/site-packages/airflow/example_dags/example_display_name.py for tasks to queue
[2025-05-15T09:09:48.777+0000] {logging_mixin.py:190} INFO - [2025-05-15T09:09:48.775+0000] {dagbag.py:588} INFO - Filling up the DagBag from /home/airflow/.local/lib/python3.12/site-packages/airflow/example_dags/example_display_name.py
[2025-05-15T09:09:48.803+0000] {processor.py:925} INFO - DAG(s) 'example_display_name' retrieved from /home/airflow/.local/lib/python3.12/site-packages/airflow/example_dags/example_display_name.py
[2025-05-15T09:09:48.877+0000] {logging_mixin.py:190} INFO - [2025-05-15T09:09:48.877+0000] {dag.py:3239} INFO - Sync 1 DAGs
[2025-05-15T09:09:48.930+0000] {logging_mixin.py:190} INFO - [2025-05-15T09:09:48.930+0000] {dag.py:4180} INFO - Setting next_dagrun for example_display_name to None, run_after=None
[2025-05-15T09:09:49.024+0000] {processor.py:208} INFO - Processing /home/airflow/.local/lib/python3.12/site-packages/airflow/example_dags/example_display_name.py took 0.312 seconds
[2025-05-15T09:10:31.974+0000] {processor.py:186} INFO - Started process (PID=2626) to work on /home/airflow/.local/lib/python3.12/site-packages/airflow/example_dags/example_display_name.py
[2025-05-15T09:10:31.980+0000] {processor.py:914} INFO - Processing file /home/airflow/.local/lib/python3.12/site-packages/airflow/example_dags/example_display_name.py for tasks to queue
[2025-05-15T09:10:31.989+0000] {logging_mixin.py:190} INFO - [2025-05-15T09:10:31.988+0000] {dagbag.py:588} INFO - Filling up the DagBag from /home/airflow/.local/lib/python3.12/site-packages/airflow/example_dags/example_display_name.py
[2025-05-15T09:10:32.021+0000] {processor.py:925} INFO - DAG(s) 'example_display_name' retrieved from /home/airflow/.local/lib/python3.12/site-packages/airflow/example_dags/example_display_name.py
[2025-05-15T09:10:32.116+0000] {logging_mixin.py:190} INFO - [2025-05-15T09:10:32.115+0000] {dag.py:3239} INFO - Sync 1 DAGs
[2025-05-15T09:10:32.179+0000] {logging_mixin.py:190} INFO - [2025-05-15T09:10:32.178+0000] {dag.py:4180} INFO - Setting next_dagrun for example_display_name to None, run_after=None
[2025-05-15T09:10:32.253+0000] {processor.py:208} INFO - Processing /home/airflow/.local/lib/python3.12/site-packages/airflow/example_dags/example_display_name.py took 0.302 seconds
[2025-05-15T09:11:03.232+0000] {processor.py:186} INFO - Started process (PID=2691) to work on /home/airflow/.local/lib/python3.12/site-packages/airflow/example_dags/example_display_name.py
[2025-05-15T09:11:03.236+0000] {processor.py:914} INFO - Processing file /home/airflow/.local/lib/python3.12/site-packages/airflow/example_dags/example_display_name.py for tasks to queue
[2025-05-15T09:11:03.243+0000] {logging_mixin.py:190} INFO - [2025-05-15T09:11:03.242+0000] {dagbag.py:588} INFO - Filling up the DagBag from /home/airflow/.local/lib/python3.12/site-packages/airflow/example_dags/example_display_name.py
[2025-05-15T09:11:03.274+0000] {processor.py:925} INFO - DAG(s) 'example_display_name' retrieved from /home/airflow/.local/lib/python3.12/site-packages/airflow/example_dags/example_display_name.py
[2025-05-15T09:11:03.339+0000] {logging_mixin.py:190} INFO - [2025-05-15T09:11:03.338+0000] {dag.py:3239} INFO - Sync 1 DAGs
[2025-05-15T09:11:03.414+0000] {logging_mixin.py:190} INFO - [2025-05-15T09:11:03.414+0000] {dag.py:4180} INFO - Setting next_dagrun for example_display_name to None, run_after=None
[2025-05-15T09:11:03.533+0000] {processor.py:208} INFO - Processing /home/airflow/.local/lib/python3.12/site-packages/airflow/example_dags/example_display_name.py took 0.320 seconds
[2025-05-15T09:11:38.226+0000] {processor.py:186} INFO - Started process (PID=2761) to work on /home/airflow/.local/lib/python3.12/site-packages/airflow/example_dags/example_display_name.py
[2025-05-15T09:11:38.230+0000] {processor.py:914} INFO - Processing file /home/airflow/.local/lib/python3.12/site-packages/airflow/example_dags/example_display_name.py for tasks to queue
[2025-05-15T09:11:38.237+0000] {logging_mixin.py:190} INFO - [2025-05-15T09:11:38.236+0000] {dagbag.py:588} INFO - Filling up the DagBag from /home/airflow/.local/lib/python3.12/site-packages/airflow/example_dags/example_display_name.py
[2025-05-15T09:11:38.257+0000] {processor.py:925} INFO - DAG(s) 'example_display_name' retrieved from /home/airflow/.local/lib/python3.12/site-packages/airflow/example_dags/example_display_name.py
[2025-05-15T09:11:38.309+0000] {logging_mixin.py:190} INFO - [2025-05-15T09:11:38.308+0000] {dag.py:3239} INFO - Sync 1 DAGs
[2025-05-15T09:11:38.348+0000] {logging_mixin.py:190} INFO - [2025-05-15T09:11:38.347+0000] {dag.py:4180} INFO - Setting next_dagrun for example_display_name to None, run_after=None
[2025-05-15T09:11:38.400+0000] {processor.py:208} INFO - Processing /home/airflow/.local/lib/python3.12/site-packages/airflow/example_dags/example_display_name.py took 0.187 seconds
[2025-05-15T09:12:08.738+0000] {processor.py:186} INFO - Started process (PID=2826) to work on /home/airflow/.local/lib/python3.12/site-packages/airflow/example_dags/example_display_name.py
[2025-05-15T09:12:08.741+0000] {processor.py:914} INFO - Processing file /home/airflow/.local/lib/python3.12/site-packages/airflow/example_dags/example_display_name.py for tasks to queue
[2025-05-15T09:12:08.747+0000] {logging_mixin.py:190} INFO - [2025-05-15T09:12:08.746+0000] {dagbag.py:588} INFO - Filling up the DagBag from /home/airflow/.local/lib/python3.12/site-packages/airflow/example_dags/example_display_name.py
[2025-05-15T09:12:08.766+0000] {processor.py:925} INFO - DAG(s) 'example_display_name' retrieved from /home/airflow/.local/lib/python3.12/site-packages/airflow/example_dags/example_display_name.py
[2025-05-15T09:12:08.814+0000] {logging_mixin.py:190} INFO - [2025-05-15T09:12:08.813+0000] {dag.py:3239} INFO - Sync 1 DAGs
[2025-05-15T09:12:08.851+0000] {logging_mixin.py:190} INFO - [2025-05-15T09:12:08.850+0000] {dag.py:4180} INFO - Setting next_dagrun for example_display_name to None, run_after=None
[2025-05-15T09:12:08.888+0000] {processor.py:208} INFO - Processing /home/airflow/.local/lib/python3.12/site-packages/airflow/example_dags/example_display_name.py took 0.164 seconds
[2025-05-15T09:12:39.491+0000] {processor.py:186} INFO - Started process (PID=2891) to work on /home/airflow/.local/lib/python3.12/site-packages/airflow/example_dags/example_display_name.py
[2025-05-15T09:12:39.493+0000] {processor.py:914} INFO - Processing file /home/airflow/.local/lib/python3.12/site-packages/airflow/example_dags/example_display_name.py for tasks to queue
[2025-05-15T09:12:39.497+0000] {logging_mixin.py:190} INFO - [2025-05-15T09:12:39.497+0000] {dagbag.py:588} INFO - Filling up the DagBag from /home/airflow/.local/lib/python3.12/site-packages/airflow/example_dags/example_display_name.py
[2025-05-15T09:12:39.513+0000] {processor.py:925} INFO - DAG(s) 'example_display_name' retrieved from /home/airflow/.local/lib/python3.12/site-packages/airflow/example_dags/example_display_name.py
[2025-05-15T09:12:39.554+0000] {logging_mixin.py:190} INFO - [2025-05-15T09:12:39.553+0000] {dag.py:3239} INFO - Sync 1 DAGs
[2025-05-15T09:12:39.598+0000] {logging_mixin.py:190} INFO - [2025-05-15T09:12:39.598+0000] {dag.py:4180} INFO - Setting next_dagrun for example_display_name to None, run_after=None
[2025-05-15T09:12:39.679+0000] {processor.py:208} INFO - Processing /home/airflow/.local/lib/python3.12/site-packages/airflow/example_dags/example_display_name.py took 0.197 seconds
[2025-05-15T09:13:10.395+0000] {processor.py:186} INFO - Started process (PID=2957) to work on /home/airflow/.local/lib/python3.12/site-packages/airflow/example_dags/example_display_name.py
[2025-05-15T09:13:10.399+0000] {processor.py:914} INFO - Processing file /home/airflow/.local/lib/python3.12/site-packages/airflow/example_dags/example_display_name.py for tasks to queue
[2025-05-15T09:13:10.405+0000] {logging_mixin.py:190} INFO - [2025-05-15T09:13:10.404+0000] {dagbag.py:588} INFO - Filling up the DagBag from /home/airflow/.local/lib/python3.12/site-packages/airflow/example_dags/example_display_name.py
[2025-05-15T09:13:10.423+0000] {processor.py:925} INFO - DAG(s) 'example_display_name' retrieved from /home/airflow/.local/lib/python3.12/site-packages/airflow/example_dags/example_display_name.py
[2025-05-15T09:13:10.461+0000] {logging_mixin.py:190} INFO - [2025-05-15T09:13:10.460+0000] {dag.py:3239} INFO - Sync 1 DAGs
[2025-05-15T09:13:10.502+0000] {logging_mixin.py:190} INFO - [2025-05-15T09:13:10.502+0000] {dag.py:4180} INFO - Setting next_dagrun for example_display_name to None, run_after=None
[2025-05-15T09:13:10.538+0000] {processor.py:208} INFO - Processing /home/airflow/.local/lib/python3.12/site-packages/airflow/example_dags/example_display_name.py took 0.156 seconds
[2025-05-15T09:13:41.313+0000] {processor.py:186} INFO - Started process (PID=3022) to work on /home/airflow/.local/lib/python3.12/site-packages/airflow/example_dags/example_display_name.py
[2025-05-15T09:13:41.315+0000] {processor.py:914} INFO - Processing file /home/airflow/.local/lib/python3.12/site-packages/airflow/example_dags/example_display_name.py for tasks to queue
[2025-05-15T09:13:41.321+0000] {logging_mixin.py:190} INFO - [2025-05-15T09:13:41.320+0000] {dagbag.py:588} INFO - Filling up the DagBag from /home/airflow/.local/lib/python3.12/site-packages/airflow/example_dags/example_display_name.py
[2025-05-15T09:13:41.339+0000] {processor.py:925} INFO - DAG(s) 'example_display_name' retrieved from /home/airflow/.local/lib/python3.12/site-packages/airflow/example_dags/example_display_name.py
[2025-05-15T09:13:41.377+0000] {logging_mixin.py:190} INFO - [2025-05-15T09:13:41.377+0000] {dag.py:3239} INFO - Sync 1 DAGs
[2025-05-15T09:13:41.406+0000] {logging_mixin.py:190} INFO - [2025-05-15T09:13:41.405+0000] {dag.py:4180} INFO - Setting next_dagrun for example_display_name to None, run_after=None
[2025-05-15T09:13:41.441+0000] {processor.py:208} INFO - Processing /home/airflow/.local/lib/python3.12/site-packages/airflow/example_dags/example_display_name.py took 0.138 seconds
[2025-05-15T09:14:12.690+0000] {processor.py:186} INFO - Started process (PID=3088) to work on /home/airflow/.local/lib/python3.12/site-packages/airflow/example_dags/example_display_name.py
[2025-05-15T09:14:12.693+0000] {processor.py:914} INFO - Processing file /home/airflow/.local/lib/python3.12/site-packages/airflow/example_dags/example_display_name.py for tasks to queue
[2025-05-15T09:14:12.700+0000] {logging_mixin.py:190} INFO - [2025-05-15T09:14:12.699+0000] {dagbag.py:588} INFO - Filling up the DagBag from /home/airflow/.local/lib/python3.12/site-packages/airflow/example_dags/example_display_name.py
[2025-05-15T09:14:12.720+0000] {processor.py:925} INFO - DAG(s) 'example_display_name' retrieved from /home/airflow/.local/lib/python3.12/site-packages/airflow/example_dags/example_display_name.py
[2025-05-15T09:14:12.767+0000] {logging_mixin.py:190} INFO - [2025-05-15T09:14:12.767+0000] {dag.py:3239} INFO - Sync 1 DAGs
[2025-05-15T09:14:12.806+0000] {logging_mixin.py:190} INFO - [2025-05-15T09:14:12.806+0000] {dag.py:4180} INFO - Setting next_dagrun for example_display_name to None, run_after=None
[2025-05-15T09:14:12.859+0000] {processor.py:208} INFO - Processing /home/airflow/.local/lib/python3.12/site-packages/airflow/example_dags/example_display_name.py took 0.187 seconds
[2025-05-15T09:14:43.755+0000] {processor.py:186} INFO - Started process (PID=3153) to work on /home/airflow/.local/lib/python3.12/site-packages/airflow/example_dags/example_display_name.py
[2025-05-15T09:14:43.757+0000] {processor.py:914} INFO - Processing file /home/airflow/.local/lib/python3.12/site-packages/airflow/example_dags/example_display_name.py for tasks to queue
[2025-05-15T09:14:43.761+0000] {logging_mixin.py:190} INFO - [2025-05-15T09:14:43.760+0000] {dagbag.py:588} INFO - Filling up the DagBag from /home/airflow/.local/lib/python3.12/site-packages/airflow/example_dags/example_display_name.py
[2025-05-15T09:14:43.777+0000] {processor.py:925} INFO - DAG(s) 'example_display_name' retrieved from /home/airflow/.local/lib/python3.12/site-packages/airflow/example_dags/example_display_name.py
[2025-05-15T09:14:43.812+0000] {logging_mixin.py:190} INFO - [2025-05-15T09:14:43.812+0000] {dag.py:3239} INFO - Sync 1 DAGs
[2025-05-15T09:14:43.838+0000] {logging_mixin.py:190} INFO - [2025-05-15T09:14:43.838+0000] {dag.py:4180} INFO - Setting next_dagrun for example_display_name to None, run_after=None
[2025-05-15T09:14:43.883+0000] {processor.py:208} INFO - Processing /home/airflow/.local/lib/python3.12/site-packages/airflow/example_dags/example_display_name.py took 0.138 seconds
[2025-05-15T09:15:27.994+0000] {processor.py:186} INFO - Started process (PID=3228) to work on /home/airflow/.local/lib/python3.12/site-packages/airflow/example_dags/example_display_name.py
[2025-05-15T09:15:28.007+0000] {processor.py:914} INFO - Processing file /home/airflow/.local/lib/python3.12/site-packages/airflow/example_dags/example_display_name.py for tasks to queue
[2025-05-15T09:15:28.025+0000] {logging_mixin.py:190} INFO - [2025-05-15T09:15:28.024+0000] {dagbag.py:588} INFO - Filling up the DagBag from /home/airflow/.local/lib/python3.12/site-packages/airflow/example_dags/example_display_name.py
[2025-05-15T09:15:28.102+0000] {processor.py:925} INFO - DAG(s) 'example_display_name' retrieved from /home/airflow/.local/lib/python3.12/site-packages/airflow/example_dags/example_display_name.py
[2025-05-15T09:15:28.289+0000] {logging_mixin.py:190} INFO - [2025-05-15T09:15:28.288+0000] {dag.py:3239} INFO - Sync 1 DAGs
[2025-05-15T09:15:28.451+0000] {logging_mixin.py:190} INFO - [2025-05-15T09:15:28.449+0000] {dag.py:4180} INFO - Setting next_dagrun for example_display_name to None, run_after=None
[2025-05-15T09:15:28.587+0000] {processor.py:208} INFO - Processing /home/airflow/.local/lib/python3.12/site-packages/airflow/example_dags/example_display_name.py took 0.635 seconds
[2025-05-15T09:16:01.528+0000] {processor.py:186} INFO - Started process (PID=3294) to work on /home/airflow/.local/lib/python3.12/site-packages/airflow/example_dags/example_display_name.py
[2025-05-15T09:16:01.534+0000] {processor.py:914} INFO - Processing file /home/airflow/.local/lib/python3.12/site-packages/airflow/example_dags/example_display_name.py for tasks to queue
[2025-05-15T09:16:01.551+0000] {logging_mixin.py:190} INFO - [2025-05-15T09:16:01.551+0000] {dagbag.py:588} INFO - Filling up the DagBag from /home/airflow/.local/lib/python3.12/site-packages/airflow/example_dags/example_display_name.py
[2025-05-15T09:16:01.592+0000] {processor.py:925} INFO - DAG(s) 'example_display_name' retrieved from /home/airflow/.local/lib/python3.12/site-packages/airflow/example_dags/example_display_name.py
[2025-05-15T09:16:01.695+0000] {logging_mixin.py:190} INFO - [2025-05-15T09:16:01.692+0000] {dag.py:3239} INFO - Sync 1 DAGs
[2025-05-15T09:16:01.781+0000] {logging_mixin.py:190} INFO - [2025-05-15T09:16:01.781+0000] {dag.py:4180} INFO - Setting next_dagrun for example_display_name to None, run_after=None
[2025-05-15T09:16:01.934+0000] {processor.py:208} INFO - Processing /home/airflow/.local/lib/python3.12/site-packages/airflow/example_dags/example_display_name.py took 0.431 seconds
[2025-05-15T09:16:36.502+0000] {processor.py:186} INFO - Started process (PID=3362) to work on /home/airflow/.local/lib/python3.12/site-packages/airflow/example_dags/example_display_name.py
[2025-05-15T09:16:36.506+0000] {processor.py:914} INFO - Processing file /home/airflow/.local/lib/python3.12/site-packages/airflow/example_dags/example_display_name.py for tasks to queue
[2025-05-15T09:16:36.513+0000] {logging_mixin.py:190} INFO - [2025-05-15T09:16:36.512+0000] {dagbag.py:588} INFO - Filling up the DagBag from /home/airflow/.local/lib/python3.12/site-packages/airflow/example_dags/example_display_name.py
[2025-05-15T09:16:36.534+0000] {processor.py:925} INFO - DAG(s) 'example_display_name' retrieved from /home/airflow/.local/lib/python3.12/site-packages/airflow/example_dags/example_display_name.py
[2025-05-15T09:16:36.591+0000] {logging_mixin.py:190} INFO - [2025-05-15T09:16:36.590+0000] {dag.py:3239} INFO - Sync 1 DAGs
[2025-05-15T09:16:36.636+0000] {logging_mixin.py:190} INFO - [2025-05-15T09:16:36.636+0000] {dag.py:4180} INFO - Setting next_dagrun for example_display_name to None, run_after=None
[2025-05-15T09:16:36.752+0000] {processor.py:208} INFO - Processing /home/airflow/.local/lib/python3.12/site-packages/airflow/example_dags/example_display_name.py took 0.269 seconds
[2025-05-15T09:17:18.756+0000] {processor.py:186} INFO - Started process (PID=3429) to work on /home/airflow/.local/lib/python3.12/site-packages/airflow/example_dags/example_display_name.py
[2025-05-15T09:17:18.761+0000] {processor.py:914} INFO - Processing file /home/airflow/.local/lib/python3.12/site-packages/airflow/example_dags/example_display_name.py for tasks to queue
[2025-05-15T09:17:18.773+0000] {logging_mixin.py:190} INFO - [2025-05-15T09:17:18.773+0000] {dagbag.py:588} INFO - Filling up the DagBag from /home/airflow/.local/lib/python3.12/site-packages/airflow/example_dags/example_display_name.py
[2025-05-15T09:17:18.800+0000] {processor.py:925} INFO - DAG(s) 'example_display_name' retrieved from /home/airflow/.local/lib/python3.12/site-packages/airflow/example_dags/example_display_name.py
[2025-05-15T09:17:18.903+0000] {logging_mixin.py:190} INFO - [2025-05-15T09:17:18.902+0000] {dag.py:3239} INFO - Sync 1 DAGs
[2025-05-15T09:17:18.970+0000] {logging_mixin.py:190} INFO - [2025-05-15T09:17:18.969+0000] {dag.py:4180} INFO - Setting next_dagrun for example_display_name to None, run_after=None
[2025-05-15T09:17:19.082+0000] {processor.py:208} INFO - Processing /home/airflow/.local/lib/python3.12/site-packages/airflow/example_dags/example_display_name.py took 0.344 seconds
[2025-05-15T09:17:51.984+0000] {processor.py:186} INFO - Started process (PID=3500) to work on /home/airflow/.local/lib/python3.12/site-packages/airflow/example_dags/example_display_name.py
[2025-05-15T09:17:51.990+0000] {processor.py:914} INFO - Processing file /home/airflow/.local/lib/python3.12/site-packages/airflow/example_dags/example_display_name.py for tasks to queue
[2025-05-15T09:17:51.997+0000] {logging_mixin.py:190} INFO - [2025-05-15T09:17:51.996+0000] {dagbag.py:588} INFO - Filling up the DagBag from /home/airflow/.local/lib/python3.12/site-packages/airflow/example_dags/example_display_name.py
[2025-05-15T09:17:52.021+0000] {processor.py:925} INFO - DAG(s) 'example_display_name' retrieved from /home/airflow/.local/lib/python3.12/site-packages/airflow/example_dags/example_display_name.py
[2025-05-15T09:17:52.177+0000] {logging_mixin.py:190} INFO - [2025-05-15T09:17:52.176+0000] {dag.py:3239} INFO - Sync 1 DAGs
[2025-05-15T09:17:52.230+0000] {logging_mixin.py:190} INFO - [2025-05-15T09:17:52.229+0000] {dag.py:4180} INFO - Setting next_dagrun for example_display_name to None, run_after=None
[2025-05-15T09:17:52.350+0000] {processor.py:208} INFO - Processing /home/airflow/.local/lib/python3.12/site-packages/airflow/example_dags/example_display_name.py took 0.382 seconds
[2025-05-15T09:18:24.448+0000] {processor.py:186} INFO - Started process (PID=3566) to work on /home/airflow/.local/lib/python3.12/site-packages/airflow/example_dags/example_display_name.py
[2025-05-15T09:18:24.452+0000] {processor.py:914} INFO - Processing file /home/airflow/.local/lib/python3.12/site-packages/airflow/example_dags/example_display_name.py for tasks to queue
[2025-05-15T09:18:24.459+0000] {logging_mixin.py:190} INFO - [2025-05-15T09:18:24.458+0000] {dagbag.py:588} INFO - Filling up the DagBag from /home/airflow/.local/lib/python3.12/site-packages/airflow/example_dags/example_display_name.py
[2025-05-15T09:18:24.481+0000] {processor.py:925} INFO - DAG(s) 'example_display_name' retrieved from /home/airflow/.local/lib/python3.12/site-packages/airflow/example_dags/example_display_name.py
[2025-05-15T09:18:24.605+0000] {logging_mixin.py:190} INFO - [2025-05-15T09:18:24.605+0000] {dag.py:3239} INFO - Sync 1 DAGs
[2025-05-15T09:18:24.644+0000] {logging_mixin.py:190} INFO - [2025-05-15T09:18:24.644+0000] {dag.py:4180} INFO - Setting next_dagrun for example_display_name to None, run_after=None
[2025-05-15T09:18:24.722+0000] {processor.py:208} INFO - Processing /home/airflow/.local/lib/python3.12/site-packages/airflow/example_dags/example_display_name.py took 0.290 seconds
[2025-05-15T09:19:01.016+0000] {processor.py:186} INFO - Started process (PID=3635) to work on /home/airflow/.local/lib/python3.12/site-packages/airflow/example_dags/example_display_name.py
[2025-05-15T09:19:01.032+0000] {processor.py:914} INFO - Processing file /home/airflow/.local/lib/python3.12/site-packages/airflow/example_dags/example_display_name.py for tasks to queue
[2025-05-15T09:19:01.051+0000] {logging_mixin.py:190} INFO - [2025-05-15T09:19:01.050+0000] {dagbag.py:588} INFO - Filling up the DagBag from /home/airflow/.local/lib/python3.12/site-packages/airflow/example_dags/example_display_name.py
[2025-05-15T09:19:01.096+0000] {processor.py:925} INFO - DAG(s) 'example_display_name' retrieved from /home/airflow/.local/lib/python3.12/site-packages/airflow/example_dags/example_display_name.py
[2025-05-15T09:19:01.198+0000] {logging_mixin.py:190} INFO - [2025-05-15T09:19:01.197+0000] {dag.py:3239} INFO - Sync 1 DAGs
[2025-05-15T09:19:01.273+0000] {logging_mixin.py:190} INFO - [2025-05-15T09:19:01.272+0000] {dag.py:4180} INFO - Setting next_dagrun for example_display_name to None, run_after=None
[2025-05-15T09:19:01.394+0000] {processor.py:208} INFO - Processing /home/airflow/.local/lib/python3.12/site-packages/airflow/example_dags/example_display_name.py took 0.453 seconds
[2025-05-15T09:19:31.701+0000] {processor.py:186} INFO - Started process (PID=3700) to work on /home/airflow/.local/lib/python3.12/site-packages/airflow/example_dags/example_display_name.py
[2025-05-15T09:19:31.709+0000] {processor.py:914} INFO - Processing file /home/airflow/.local/lib/python3.12/site-packages/airflow/example_dags/example_display_name.py for tasks to queue
[2025-05-15T09:19:31.723+0000] {logging_mixin.py:190} INFO - [2025-05-15T09:19:31.722+0000] {dagbag.py:588} INFO - Filling up the DagBag from /home/airflow/.local/lib/python3.12/site-packages/airflow/example_dags/example_display_name.py
[2025-05-15T09:19:31.756+0000] {processor.py:925} INFO - DAG(s) 'example_display_name' retrieved from /home/airflow/.local/lib/python3.12/site-packages/airflow/example_dags/example_display_name.py
[2025-05-15T09:19:31.876+0000] {logging_mixin.py:190} INFO - [2025-05-15T09:19:31.875+0000] {dag.py:3239} INFO - Sync 1 DAGs
[2025-05-15T09:19:31.954+0000] {logging_mixin.py:190} INFO - [2025-05-15T09:19:31.954+0000] {dag.py:4180} INFO - Setting next_dagrun for example_display_name to None, run_after=None
[2025-05-15T09:19:32.074+0000] {processor.py:208} INFO - Processing /home/airflow/.local/lib/python3.12/site-packages/airflow/example_dags/example_display_name.py took 0.398 seconds
[2025-05-15T09:20:06.775+0000] {processor.py:186} INFO - Started process (PID=3766) to work on /home/airflow/.local/lib/python3.12/site-packages/airflow/example_dags/example_display_name.py
[2025-05-15T09:20:06.785+0000] {processor.py:914} INFO - Processing file /home/airflow/.local/lib/python3.12/site-packages/airflow/example_dags/example_display_name.py for tasks to queue
[2025-05-15T09:20:06.802+0000] {logging_mixin.py:190} INFO - [2025-05-15T09:20:06.800+0000] {dagbag.py:588} INFO - Filling up the DagBag from /home/airflow/.local/lib/python3.12/site-packages/airflow/example_dags/example_display_name.py
[2025-05-15T09:20:06.862+0000] {processor.py:925} INFO - DAG(s) 'example_display_name' retrieved from /home/airflow/.local/lib/python3.12/site-packages/airflow/example_dags/example_display_name.py
[2025-05-15T09:20:06.998+0000] {logging_mixin.py:190} INFO - [2025-05-15T09:20:06.992+0000] {dag.py:3239} INFO - Sync 1 DAGs
[2025-05-15T09:20:07.094+0000] {logging_mixin.py:190} INFO - [2025-05-15T09:20:07.092+0000] {dag.py:4180} INFO - Setting next_dagrun for example_display_name to None, run_after=None
[2025-05-15T09:20:07.238+0000] {processor.py:208} INFO - Processing /home/airflow/.local/lib/python3.12/site-packages/airflow/example_dags/example_display_name.py took 0.493 seconds
[2025-05-15T09:20:37.821+0000] {processor.py:186} INFO - Started process (PID=3831) to work on /home/airflow/.local/lib/python3.12/site-packages/airflow/example_dags/example_display_name.py
[2025-05-15T09:20:37.825+0000] {processor.py:914} INFO - Processing file /home/airflow/.local/lib/python3.12/site-packages/airflow/example_dags/example_display_name.py for tasks to queue
[2025-05-15T09:20:37.831+0000] {logging_mixin.py:190} INFO - [2025-05-15T09:20:37.830+0000] {dagbag.py:588} INFO - Filling up the DagBag from /home/airflow/.local/lib/python3.12/site-packages/airflow/example_dags/example_display_name.py
[2025-05-15T09:20:37.850+0000] {processor.py:925} INFO - DAG(s) 'example_display_name' retrieved from /home/airflow/.local/lib/python3.12/site-packages/airflow/example_dags/example_display_name.py
[2025-05-15T09:20:37.896+0000] {logging_mixin.py:190} INFO - [2025-05-15T09:20:37.896+0000] {dag.py:3239} INFO - Sync 1 DAGs
[2025-05-15T09:20:37.933+0000] {logging_mixin.py:190} INFO - [2025-05-15T09:20:37.932+0000] {dag.py:4180} INFO - Setting next_dagrun for example_display_name to None, run_after=None
[2025-05-15T09:20:37.984+0000] {processor.py:208} INFO - Processing /home/airflow/.local/lib/python3.12/site-packages/airflow/example_dags/example_display_name.py took 0.177 seconds
[2025-05-15T09:21:18.841+0000] {processor.py:186} INFO - Started process (PID=3907) to work on /home/airflow/.local/lib/python3.12/site-packages/airflow/example_dags/example_display_name.py
[2025-05-15T09:21:18.847+0000] {processor.py:914} INFO - Processing file /home/airflow/.local/lib/python3.12/site-packages/airflow/example_dags/example_display_name.py for tasks to queue
[2025-05-15T09:21:18.863+0000] {logging_mixin.py:190} INFO - [2025-05-15T09:21:18.862+0000] {dagbag.py:588} INFO - Filling up the DagBag from /home/airflow/.local/lib/python3.12/site-packages/airflow/example_dags/example_display_name.py
[2025-05-15T09:21:18.910+0000] {processor.py:925} INFO - DAG(s) 'example_display_name' retrieved from /home/airflow/.local/lib/python3.12/site-packages/airflow/example_dags/example_display_name.py
[2025-05-15T09:21:19.025+0000] {logging_mixin.py:190} INFO - [2025-05-15T09:21:19.024+0000] {dag.py:3239} INFO - Sync 1 DAGs
[2025-05-15T09:21:19.122+0000] {logging_mixin.py:190} INFO - [2025-05-15T09:21:19.121+0000] {dag.py:4180} INFO - Setting next_dagrun for example_display_name to None, run_after=None
[2025-05-15T09:21:19.242+0000] {processor.py:208} INFO - Processing /home/airflow/.local/lib/python3.12/site-packages/airflow/example_dags/example_display_name.py took 0.434 seconds
[2025-05-15T09:21:55.911+0000] {processor.py:186} INFO - Started process (PID=3991) to work on /home/airflow/.local/lib/python3.12/site-packages/airflow/example_dags/example_display_name.py
[2025-05-15T09:21:55.915+0000] {processor.py:914} INFO - Processing file /home/airflow/.local/lib/python3.12/site-packages/airflow/example_dags/example_display_name.py for tasks to queue
[2025-05-15T09:21:55.923+0000] {logging_mixin.py:190} INFO - [2025-05-15T09:21:55.922+0000] {dagbag.py:588} INFO - Filling up the DagBag from /home/airflow/.local/lib/python3.12/site-packages/airflow/example_dags/example_display_name.py
[2025-05-15T09:21:55.943+0000] {processor.py:925} INFO - DAG(s) 'example_display_name' retrieved from /home/airflow/.local/lib/python3.12/site-packages/airflow/example_dags/example_display_name.py
[2025-05-15T09:21:55.994+0000] {logging_mixin.py:190} INFO - [2025-05-15T09:21:55.994+0000] {dag.py:3239} INFO - Sync 1 DAGs
[2025-05-15T09:21:56.034+0000] {logging_mixin.py:190} INFO - [2025-05-15T09:21:56.033+0000] {dag.py:4180} INFO - Setting next_dagrun for example_display_name to None, run_after=None
[2025-05-15T09:21:56.094+0000] {processor.py:208} INFO - Processing /home/airflow/.local/lib/python3.12/site-packages/airflow/example_dags/example_display_name.py took 0.197 seconds
[2025-05-15T09:22:29.329+0000] {processor.py:186} INFO - Started process (PID=4059) to work on /home/airflow/.local/lib/python3.12/site-packages/airflow/example_dags/example_display_name.py
[2025-05-15T09:22:29.335+0000] {processor.py:914} INFO - Processing file /home/airflow/.local/lib/python3.12/site-packages/airflow/example_dags/example_display_name.py for tasks to queue
[2025-05-15T09:22:29.343+0000] {logging_mixin.py:190} INFO - [2025-05-15T09:22:29.343+0000] {dagbag.py:588} INFO - Filling up the DagBag from /home/airflow/.local/lib/python3.12/site-packages/airflow/example_dags/example_display_name.py
[2025-05-15T09:22:29.357+0000] {processor.py:925} INFO - DAG(s) 'example_display_name' retrieved from /home/airflow/.local/lib/python3.12/site-packages/airflow/example_dags/example_display_name.py
[2025-05-15T09:22:29.396+0000] {logging_mixin.py:190} INFO - [2025-05-15T09:22:29.395+0000] {dag.py:3239} INFO - Sync 1 DAGs
[2025-05-15T09:22:29.419+0000] {logging_mixin.py:190} INFO - [2025-05-15T09:22:29.419+0000] {dag.py:4180} INFO - Setting next_dagrun for example_display_name to None, run_after=None
[2025-05-15T09:22:29.454+0000] {processor.py:208} INFO - Processing /home/airflow/.local/lib/python3.12/site-packages/airflow/example_dags/example_display_name.py took 0.145 seconds
[2025-05-15T09:23:02.902+0000] {processor.py:186} INFO - Started process (PID=4127) to work on /home/airflow/.local/lib/python3.12/site-packages/airflow/example_dags/example_display_name.py
[2025-05-15T09:23:02.908+0000] {processor.py:914} INFO - Processing file /home/airflow/.local/lib/python3.12/site-packages/airflow/example_dags/example_display_name.py for tasks to queue
[2025-05-15T09:23:02.921+0000] {logging_mixin.py:190} INFO - [2025-05-15T09:23:02.920+0000] {dagbag.py:588} INFO - Filling up the DagBag from /home/airflow/.local/lib/python3.12/site-packages/airflow/example_dags/example_display_name.py
[2025-05-15T09:23:02.955+0000] {processor.py:925} INFO - DAG(s) 'example_display_name' retrieved from /home/airflow/.local/lib/python3.12/site-packages/airflow/example_dags/example_display_name.py
[2025-05-15T09:23:03.042+0000] {logging_mixin.py:190} INFO - [2025-05-15T09:23:03.041+0000] {dag.py:3239} INFO - Sync 1 DAGs
[2025-05-15T09:23:03.115+0000] {logging_mixin.py:190} INFO - [2025-05-15T09:23:03.114+0000] {dag.py:4180} INFO - Setting next_dagrun for example_display_name to None, run_after=None
[2025-05-15T09:23:03.230+0000] {processor.py:208} INFO - Processing /home/airflow/.local/lib/python3.12/site-packages/airflow/example_dags/example_display_name.py took 0.356 seconds
[2025-05-15T09:23:35.570+0000] {processor.py:186} INFO - Started process (PID=4190) to work on /home/airflow/.local/lib/python3.12/site-packages/airflow/example_dags/example_display_name.py
[2025-05-15T09:23:35.574+0000] {processor.py:914} INFO - Processing file /home/airflow/.local/lib/python3.12/site-packages/airflow/example_dags/example_display_name.py for tasks to queue
[2025-05-15T09:23:35.582+0000] {logging_mixin.py:190} INFO - [2025-05-15T09:23:35.581+0000] {dagbag.py:588} INFO - Filling up the DagBag from /home/airflow/.local/lib/python3.12/site-packages/airflow/example_dags/example_display_name.py
[2025-05-15T09:23:35.606+0000] {processor.py:925} INFO - DAG(s) 'example_display_name' retrieved from /home/airflow/.local/lib/python3.12/site-packages/airflow/example_dags/example_display_name.py
[2025-05-15T09:23:35.677+0000] {logging_mixin.py:190} INFO - [2025-05-15T09:23:35.676+0000] {dag.py:3239} INFO - Sync 1 DAGs
[2025-05-15T09:23:35.759+0000] {logging_mixin.py:190} INFO - [2025-05-15T09:23:35.758+0000] {dag.py:4180} INFO - Setting next_dagrun for example_display_name to None, run_after=None
[2025-05-15T09:23:35.859+0000] {processor.py:208} INFO - Processing /home/airflow/.local/lib/python3.12/site-packages/airflow/example_dags/example_display_name.py took 0.308 seconds
[2025-05-15T09:24:17.246+0000] {processor.py:186} INFO - Started process (PID=4263) to work on /home/airflow/.local/lib/python3.12/site-packages/airflow/example_dags/example_display_name.py
[2025-05-15T09:24:17.251+0000] {processor.py:914} INFO - Processing file /home/airflow/.local/lib/python3.12/site-packages/airflow/example_dags/example_display_name.py for tasks to queue
[2025-05-15T09:24:17.271+0000] {logging_mixin.py:190} INFO - [2025-05-15T09:24:17.268+0000] {dagbag.py:588} INFO - Filling up the DagBag from /home/airflow/.local/lib/python3.12/site-packages/airflow/example_dags/example_display_name.py
[2025-05-15T09:24:17.328+0000] {processor.py:925} INFO - DAG(s) 'example_display_name' retrieved from /home/airflow/.local/lib/python3.12/site-packages/airflow/example_dags/example_display_name.py
[2025-05-15T09:24:17.551+0000] {logging_mixin.py:190} INFO - [2025-05-15T09:24:17.549+0000] {dag.py:3239} INFO - Sync 1 DAGs
[2025-05-15T09:24:17.651+0000] {logging_mixin.py:190} INFO - [2025-05-15T09:24:17.651+0000] {dag.py:4180} INFO - Setting next_dagrun for example_display_name to None, run_after=None
[2025-05-15T09:24:17.850+0000] {processor.py:208} INFO - Processing /home/airflow/.local/lib/python3.12/site-packages/airflow/example_dags/example_display_name.py took 0.691 seconds
[2025-05-15T09:24:48.530+0000] {processor.py:186} INFO - Started process (PID=4328) to work on /home/airflow/.local/lib/python3.12/site-packages/airflow/example_dags/example_display_name.py
[2025-05-15T09:24:48.534+0000] {processor.py:914} INFO - Processing file /home/airflow/.local/lib/python3.12/site-packages/airflow/example_dags/example_display_name.py for tasks to queue
[2025-05-15T09:24:48.542+0000] {logging_mixin.py:190} INFO - [2025-05-15T09:24:48.541+0000] {dagbag.py:588} INFO - Filling up the DagBag from /home/airflow/.local/lib/python3.12/site-packages/airflow/example_dags/example_display_name.py
[2025-05-15T09:24:48.569+0000] {processor.py:925} INFO - DAG(s) 'example_display_name' retrieved from /home/airflow/.local/lib/python3.12/site-packages/airflow/example_dags/example_display_name.py
[2025-05-15T09:24:48.665+0000] {logging_mixin.py:190} INFO - [2025-05-15T09:24:48.664+0000] {dag.py:3239} INFO - Sync 1 DAGs
[2025-05-15T09:24:48.750+0000] {logging_mixin.py:190} INFO - [2025-05-15T09:24:48.749+0000] {dag.py:4180} INFO - Setting next_dagrun for example_display_name to None, run_after=None
[2025-05-15T09:24:48.844+0000] {processor.py:208} INFO - Processing /home/airflow/.local/lib/python3.12/site-packages/airflow/example_dags/example_display_name.py took 0.332 seconds
[2025-05-15T18:16:47.609+0000] {processor.py:186} INFO - Started process (PID=135) to work on /home/airflow/.local/lib/python3.12/site-packages/airflow/example_dags/example_display_name.py
[2025-05-15T18:16:47.612+0000] {processor.py:914} INFO - Processing file /home/airflow/.local/lib/python3.12/site-packages/airflow/example_dags/example_display_name.py for tasks to queue
[2025-05-15T18:16:47.617+0000] {logging_mixin.py:190} INFO - [2025-05-15T18:16:47.616+0000] {dagbag.py:588} INFO - Filling up the DagBag from /home/airflow/.local/lib/python3.12/site-packages/airflow/example_dags/example_display_name.py
[2025-05-15T18:16:47.630+0000] {processor.py:925} INFO - DAG(s) 'example_display_name' retrieved from /home/airflow/.local/lib/python3.12/site-packages/airflow/example_dags/example_display_name.py
[2025-05-15T18:16:47.665+0000] {logging_mixin.py:190} INFO - [2025-05-15T18:16:47.665+0000] {dag.py:3239} INFO - Sync 1 DAGs
[2025-05-15T18:16:47.694+0000] {logging_mixin.py:190} INFO - [2025-05-15T18:16:47.693+0000] {dag.py:4180} INFO - Setting next_dagrun for example_display_name to None, run_after=None
[2025-05-15T18:16:47.730+0000] {processor.py:208} INFO - Processing /home/airflow/.local/lib/python3.12/site-packages/airflow/example_dags/example_display_name.py took 0.130 seconds
[2025-05-15T18:17:49.419+0000] {processor.py:186} INFO - Started process (PID=210) to work on /home/airflow/.local/lib/python3.12/site-packages/airflow/example_dags/example_display_name.py
[2025-05-15T18:17:49.424+0000] {processor.py:914} INFO - Processing file /home/airflow/.local/lib/python3.12/site-packages/airflow/example_dags/example_display_name.py for tasks to queue
[2025-05-15T18:17:49.448+0000] {logging_mixin.py:190} INFO - [2025-05-15T18:17:49.447+0000] {dagbag.py:588} INFO - Filling up the DagBag from /home/airflow/.local/lib/python3.12/site-packages/airflow/example_dags/example_display_name.py
[2025-05-15T18:17:49.478+0000] {processor.py:925} INFO - DAG(s) 'example_display_name' retrieved from /home/airflow/.local/lib/python3.12/site-packages/airflow/example_dags/example_display_name.py
[2025-05-15T18:17:49.717+0000] {logging_mixin.py:190} INFO - [2025-05-15T18:17:49.715+0000] {dag.py:3239} INFO - Sync 1 DAGs
[2025-05-15T18:17:49.985+0000] {logging_mixin.py:190} INFO - [2025-05-15T18:17:49.981+0000] {dag.py:4180} INFO - Setting next_dagrun for example_display_name to None, run_after=None
[2025-05-15T18:17:50.342+0000] {processor.py:208} INFO - Processing /home/airflow/.local/lib/python3.12/site-packages/airflow/example_dags/example_display_name.py took 0.949 seconds
[2025-05-15T18:20:40.714+0000] {processor.py:186} INFO - Started process (PID=327) to work on /home/airflow/.local/lib/python3.12/site-packages/airflow/example_dags/example_display_name.py
[2025-05-15T18:20:40.809+0000] {processor.py:914} INFO - Processing file /home/airflow/.local/lib/python3.12/site-packages/airflow/example_dags/example_display_name.py for tasks to queue
[2025-05-15T18:20:40.910+0000] {logging_mixin.py:190} INFO - [2025-05-15T18:20:40.909+0000] {dagbag.py:588} INFO - Filling up the DagBag from /home/airflow/.local/lib/python3.12/site-packages/airflow/example_dags/example_display_name.py
[2025-05-15T18:20:41.063+0000] {processor.py:925} INFO - DAG(s) 'example_display_name' retrieved from /home/airflow/.local/lib/python3.12/site-packages/airflow/example_dags/example_display_name.py
[2025-05-15T18:20:42.109+0000] {logging_mixin.py:190} INFO - [2025-05-15T18:20:42.107+0000] {dag.py:3239} INFO - Sync 1 DAGs
[2025-05-15T18:20:42.427+0000] {logging_mixin.py:190} INFO - [2025-05-15T18:20:42.426+0000] {dag.py:4180} INFO - Setting next_dagrun for example_display_name to None, run_after=None
[2025-05-15T18:20:42.746+0000] {processor.py:208} INFO - Processing /home/airflow/.local/lib/python3.12/site-packages/airflow/example_dags/example_display_name.py took 2.122 seconds
[2025-05-15T18:24:15.852+0000] {processor.py:186} INFO - Started process (PID=456) to work on /home/airflow/.local/lib/python3.12/site-packages/airflow/example_dags/example_display_name.py
[2025-05-15T18:24:15.927+0000] {processor.py:914} INFO - Processing file /home/airflow/.local/lib/python3.12/site-packages/airflow/example_dags/example_display_name.py for tasks to queue
[2025-05-15T18:24:15.974+0000] {logging_mixin.py:190} INFO - [2025-05-15T18:24:15.972+0000] {dagbag.py:588} INFO - Filling up the DagBag from /home/airflow/.local/lib/python3.12/site-packages/airflow/example_dags/example_display_name.py
[2025-05-15T18:24:16.213+0000] {processor.py:925} INFO - DAG(s) 'example_display_name' retrieved from /home/airflow/.local/lib/python3.12/site-packages/airflow/example_dags/example_display_name.py
[2025-05-15T18:24:17.543+0000] {logging_mixin.py:190} INFO - [2025-05-15T18:24:17.542+0000] {dag.py:3239} INFO - Sync 1 DAGs
[2025-05-15T18:24:18.197+0000] {logging_mixin.py:190} INFO - [2025-05-15T18:24:18.196+0000] {dag.py:4180} INFO - Setting next_dagrun for example_display_name to None, run_after=None
[2025-05-15T18:24:18.698+0000] {processor.py:208} INFO - Processing /home/airflow/.local/lib/python3.12/site-packages/airflow/example_dags/example_display_name.py took 2.868 seconds
[2025-05-15T18:28:28.401+0000] {processor.py:186} INFO - Started process (PID=600) to work on /home/airflow/.local/lib/python3.12/site-packages/airflow/example_dags/example_display_name.py
[2025-05-15T18:28:28.423+0000] {processor.py:914} INFO - Processing file /home/airflow/.local/lib/python3.12/site-packages/airflow/example_dags/example_display_name.py for tasks to queue
[2025-05-15T18:28:28.485+0000] {logging_mixin.py:190} INFO - [2025-05-15T18:28:28.470+0000] {dagbag.py:588} INFO - Filling up the DagBag from /home/airflow/.local/lib/python3.12/site-packages/airflow/example_dags/example_display_name.py
[2025-05-15T18:28:28.647+0000] {processor.py:925} INFO - DAG(s) 'example_display_name' retrieved from /home/airflow/.local/lib/python3.12/site-packages/airflow/example_dags/example_display_name.py
[2025-05-15T18:28:29.127+0000] {logging_mixin.py:190} INFO - [2025-05-15T18:28:29.030+0000] {dag.py:3239} INFO - Sync 1 DAGs
[2025-05-15T18:28:30.004+0000] {logging_mixin.py:190} INFO - [2025-05-15T18:28:30.003+0000] {dag.py:4180} INFO - Setting next_dagrun for example_display_name to None, run_after=None
[2025-05-15T18:28:30.487+0000] {processor.py:208} INFO - Processing /home/airflow/.local/lib/python3.12/site-packages/airflow/example_dags/example_display_name.py took 2.192 seconds
[2025-05-15T18:30:24.875+0000] {processor.py:186} INFO - Started process (PID=695) to work on /home/airflow/.local/lib/python3.12/site-packages/airflow/example_dags/example_display_name.py
[2025-05-15T18:30:24.945+0000] {processor.py:914} INFO - Processing file /home/airflow/.local/lib/python3.12/site-packages/airflow/example_dags/example_display_name.py for tasks to queue
[2025-05-15T18:30:25.111+0000] {logging_mixin.py:190} INFO - [2025-05-15T18:30:25.110+0000] {dagbag.py:588} INFO - Filling up the DagBag from /home/airflow/.local/lib/python3.12/site-packages/airflow/example_dags/example_display_name.py
[2025-05-15T18:30:25.270+0000] {processor.py:925} INFO - DAG(s) 'example_display_name' retrieved from /home/airflow/.local/lib/python3.12/site-packages/airflow/example_dags/example_display_name.py
[2025-05-15T18:30:25.643+0000] {logging_mixin.py:190} INFO - [2025-05-15T18:30:25.643+0000] {dag.py:3239} INFO - Sync 1 DAGs
[2025-05-15T18:30:25.870+0000] {logging_mixin.py:190} INFO - [2025-05-15T18:30:25.869+0000] {dag.py:4180} INFO - Setting next_dagrun for example_display_name to None, run_after=None
[2025-05-15T18:30:26.273+0000] {processor.py:208} INFO - Processing /home/airflow/.local/lib/python3.12/site-packages/airflow/example_dags/example_display_name.py took 1.793 seconds
[2025-05-15T18:31:48.416+0000] {processor.py:186} INFO - Started process (PID=784) to work on /home/airflow/.local/lib/python3.12/site-packages/airflow/example_dags/example_display_name.py
[2025-05-15T18:31:48.438+0000] {processor.py:914} INFO - Processing file /home/airflow/.local/lib/python3.12/site-packages/airflow/example_dags/example_display_name.py for tasks to queue
[2025-05-15T18:31:48.471+0000] {logging_mixin.py:190} INFO - [2025-05-15T18:31:48.470+0000] {dagbag.py:588} INFO - Filling up the DagBag from /home/airflow/.local/lib/python3.12/site-packages/airflow/example_dags/example_display_name.py
[2025-05-15T18:31:48.618+0000] {processor.py:925} INFO - DAG(s) 'example_display_name' retrieved from /home/airflow/.local/lib/python3.12/site-packages/airflow/example_dags/example_display_name.py
[2025-05-15T18:31:48.827+0000] {logging_mixin.py:190} INFO - [2025-05-15T18:31:48.826+0000] {dag.py:3239} INFO - Sync 1 DAGs
[2025-05-15T18:31:48.963+0000] {logging_mixin.py:190} INFO - [2025-05-15T18:31:48.962+0000] {dag.py:4180} INFO - Setting next_dagrun for example_display_name to None, run_after=None
[2025-05-15T18:31:49.119+0000] {processor.py:208} INFO - Processing /home/airflow/.local/lib/python3.12/site-packages/airflow/example_dags/example_display_name.py took 0.757 seconds
