[2025-05-15T08:47:45.993+0000] {processor.py:186} INFO - Started process (PID=129) to work on /home/airflow/.local/lib/python3.12/site-packages/airflow/example_dags/example_sensor_decorator.py
[2025-05-15T08:47:45.997+0000] {processor.py:914} INFO - Processing file /home/airflow/.local/lib/python3.12/site-packages/airflow/example_dags/example_sensor_decorator.py for tasks to queue
[2025-05-15T08:47:46.005+0000] {logging_mixin.py:190} INFO - [2025-05-15T08:47:46.004+0000] {dagbag.py:588} INFO - Filling up the DagBag from /home/airflow/.local/lib/python3.12/site-packages/airflow/example_dags/example_sensor_decorator.py
[2025-05-15T08:47:46.029+0000] {processor.py:925} INFO - DAG(s) 'example_sensor_decorator' retrieved from /home/airflow/.local/lib/python3.12/site-packages/airflow/example_dags/example_sensor_decorator.py
[2025-05-15T08:47:46.086+0000] {logging_mixin.py:190} INFO - [2025-05-15T08:47:46.085+0000] {dag.py:3239} INFO - Sync 1 DAGs
[2025-05-15T08:47:46.121+0000] {logging_mixin.py:190} INFO - [2025-05-15T08:47:46.121+0000] {dag.py:4180} INFO - Setting next_dagrun for example_sensor_decorator to None, run_after=None
[2025-05-15T08:47:46.188+0000] {processor.py:208} INFO - Processing /home/airflow/.local/lib/python3.12/site-packages/airflow/example_dags/example_sensor_decorator.py took 0.212 seconds
[2025-05-15T08:48:16.710+0000] {processor.py:186} INFO - Started process (PID=194) to work on /home/airflow/.local/lib/python3.12/site-packages/airflow/example_dags/example_sensor_decorator.py
[2025-05-15T08:48:16.714+0000] {processor.py:914} INFO - Processing file /home/airflow/.local/lib/python3.12/site-packages/airflow/example_dags/example_sensor_decorator.py for tasks to queue
[2025-05-15T08:48:16.720+0000] {logging_mixin.py:190} INFO - [2025-05-15T08:48:16.720+0000] {dagbag.py:588} INFO - Filling up the DagBag from /home/airflow/.local/lib/python3.12/site-packages/airflow/example_dags/example_sensor_decorator.py
[2025-05-15T08:48:16.739+0000] {processor.py:925} INFO - DAG(s) 'example_sensor_decorator' retrieved from /home/airflow/.local/lib/python3.12/site-packages/airflow/example_dags/example_sensor_decorator.py
[2025-05-15T08:48:16.782+0000] {logging_mixin.py:190} INFO - [2025-05-15T08:48:16.782+0000] {dag.py:3239} INFO - Sync 1 DAGs
[2025-05-15T08:48:16.809+0000] {logging_mixin.py:190} INFO - [2025-05-15T08:48:16.808+0000] {dag.py:4180} INFO - Setting next_dagrun for example_sensor_decorator to None, run_after=None
[2025-05-15T08:48:16.846+0000] {processor.py:208} INFO - Processing /home/airflow/.local/lib/python3.12/site-packages/airflow/example_dags/example_sensor_decorator.py took 0.152 seconds
[2025-05-15T08:48:52.254+0000] {processor.py:186} INFO - Started process (PID=261) to work on /home/airflow/.local/lib/python3.12/site-packages/airflow/example_dags/example_sensor_decorator.py
[2025-05-15T08:48:52.259+0000] {processor.py:914} INFO - Processing file /home/airflow/.local/lib/python3.12/site-packages/airflow/example_dags/example_sensor_decorator.py for tasks to queue
[2025-05-15T08:48:52.266+0000] {logging_mixin.py:190} INFO - [2025-05-15T08:48:52.265+0000] {dagbag.py:588} INFO - Filling up the DagBag from /home/airflow/.local/lib/python3.12/site-packages/airflow/example_dags/example_sensor_decorator.py
[2025-05-15T08:48:52.298+0000] {processor.py:925} INFO - DAG(s) 'example_sensor_decorator' retrieved from /home/airflow/.local/lib/python3.12/site-packages/airflow/example_dags/example_sensor_decorator.py
[2025-05-15T08:48:52.373+0000] {logging_mixin.py:190} INFO - [2025-05-15T08:48:52.372+0000] {dag.py:3239} INFO - Sync 1 DAGs
[2025-05-15T08:48:52.440+0000] {logging_mixin.py:190} INFO - [2025-05-15T08:48:52.439+0000] {dag.py:4180} INFO - Setting next_dagrun for example_sensor_decorator to None, run_after=None
[2025-05-15T08:48:52.562+0000] {processor.py:208} INFO - Processing /home/airflow/.local/lib/python3.12/site-packages/airflow/example_dags/example_sensor_decorator.py took 0.329 seconds
[2025-05-15T08:49:37.647+0000] {processor.py:186} INFO - Started process (PID=326) to work on /home/airflow/.local/lib/python3.12/site-packages/airflow/example_dags/example_sensor_decorator.py
[2025-05-15T08:49:37.663+0000] {processor.py:914} INFO - Processing file /home/airflow/.local/lib/python3.12/site-packages/airflow/example_dags/example_sensor_decorator.py for tasks to queue
[2025-05-15T08:49:37.692+0000] {logging_mixin.py:190} INFO - [2025-05-15T08:49:37.690+0000] {dagbag.py:588} INFO - Filling up the DagBag from /home/airflow/.local/lib/python3.12/site-packages/airflow/example_dags/example_sensor_decorator.py
[2025-05-15T08:49:37.740+0000] {processor.py:925} INFO - DAG(s) 'example_sensor_decorator' retrieved from /home/airflow/.local/lib/python3.12/site-packages/airflow/example_dags/example_sensor_decorator.py
[2025-05-15T08:49:37.911+0000] {logging_mixin.py:190} INFO - [2025-05-15T08:49:37.910+0000] {dag.py:3239} INFO - Sync 1 DAGs
[2025-05-15T08:49:38.054+0000] {logging_mixin.py:190} INFO - [2025-05-15T08:49:38.053+0000] {dag.py:4180} INFO - Setting next_dagrun for example_sensor_decorator to None, run_after=None
[2025-05-15T08:49:38.211+0000] {processor.py:208} INFO - Processing /home/airflow/.local/lib/python3.12/site-packages/airflow/example_dags/example_sensor_decorator.py took 0.587 seconds
[2025-05-15T08:50:15.005+0000] {processor.py:186} INFO - Started process (PID=398) to work on /home/airflow/.local/lib/python3.12/site-packages/airflow/example_dags/example_sensor_decorator.py
[2025-05-15T08:50:15.011+0000] {processor.py:914} INFO - Processing file /home/airflow/.local/lib/python3.12/site-packages/airflow/example_dags/example_sensor_decorator.py for tasks to queue
[2025-05-15T08:50:15.052+0000] {logging_mixin.py:190} INFO - [2025-05-15T08:50:15.051+0000] {dagbag.py:588} INFO - Filling up the DagBag from /home/airflow/.local/lib/python3.12/site-packages/airflow/example_dags/example_sensor_decorator.py
[2025-05-15T08:50:15.109+0000] {processor.py:925} INFO - DAG(s) 'example_sensor_decorator' retrieved from /home/airflow/.local/lib/python3.12/site-packages/airflow/example_dags/example_sensor_decorator.py
[2025-05-15T08:50:15.244+0000] {logging_mixin.py:190} INFO - [2025-05-15T08:50:15.241+0000] {dag.py:3239} INFO - Sync 1 DAGs
[2025-05-15T08:50:15.339+0000] {logging_mixin.py:190} INFO - [2025-05-15T08:50:15.338+0000] {dag.py:4180} INFO - Setting next_dagrun for example_sensor_decorator to None, run_after=None
[2025-05-15T08:50:15.522+0000] {processor.py:208} INFO - Processing /home/airflow/.local/lib/python3.12/site-packages/airflow/example_dags/example_sensor_decorator.py took 0.542 seconds
[2025-05-15T08:51:07.718+0000] {processor.py:186} INFO - Started process (PID=468) to work on /home/airflow/.local/lib/python3.12/site-packages/airflow/example_dags/example_sensor_decorator.py
[2025-05-15T08:51:07.722+0000] {processor.py:914} INFO - Processing file /home/airflow/.local/lib/python3.12/site-packages/airflow/example_dags/example_sensor_decorator.py for tasks to queue
[2025-05-15T08:51:07.747+0000] {logging_mixin.py:190} INFO - [2025-05-15T08:51:07.736+0000] {dagbag.py:588} INFO - Filling up the DagBag from /home/airflow/.local/lib/python3.12/site-packages/airflow/example_dags/example_sensor_decorator.py
[2025-05-15T08:51:07.804+0000] {processor.py:925} INFO - DAG(s) 'example_sensor_decorator' retrieved from /home/airflow/.local/lib/python3.12/site-packages/airflow/example_dags/example_sensor_decorator.py
[2025-05-15T08:51:08.028+0000] {logging_mixin.py:190} INFO - [2025-05-15T08:51:08.024+0000] {dag.py:3239} INFO - Sync 1 DAGs
[2025-05-15T08:51:08.141+0000] {logging_mixin.py:190} INFO - [2025-05-15T08:51:08.138+0000] {dag.py:4180} INFO - Setting next_dagrun for example_sensor_decorator to None, run_after=None
[2025-05-15T08:51:08.455+0000] {processor.py:208} INFO - Processing /home/airflow/.local/lib/python3.12/site-packages/airflow/example_dags/example_sensor_decorator.py took 0.755 seconds
[2025-05-15T08:51:38.719+0000] {processor.py:186} INFO - Started process (PID=533) to work on /home/airflow/.local/lib/python3.12/site-packages/airflow/example_dags/example_sensor_decorator.py
[2025-05-15T08:51:38.724+0000] {processor.py:914} INFO - Processing file /home/airflow/.local/lib/python3.12/site-packages/airflow/example_dags/example_sensor_decorator.py for tasks to queue
[2025-05-15T08:51:38.732+0000] {logging_mixin.py:190} INFO - [2025-05-15T08:51:38.731+0000] {dagbag.py:588} INFO - Filling up the DagBag from /home/airflow/.local/lib/python3.12/site-packages/airflow/example_dags/example_sensor_decorator.py
[2025-05-15T08:51:38.754+0000] {processor.py:925} INFO - DAG(s) 'example_sensor_decorator' retrieved from /home/airflow/.local/lib/python3.12/site-packages/airflow/example_dags/example_sensor_decorator.py
[2025-05-15T08:51:38.814+0000] {logging_mixin.py:190} INFO - [2025-05-15T08:51:38.813+0000] {dag.py:3239} INFO - Sync 1 DAGs
[2025-05-15T08:51:38.864+0000] {logging_mixin.py:190} INFO - [2025-05-15T08:51:38.863+0000] {dag.py:4180} INFO - Setting next_dagrun for example_sensor_decorator to None, run_after=None
[2025-05-15T08:51:38.956+0000] {processor.py:208} INFO - Processing /home/airflow/.local/lib/python3.12/site-packages/airflow/example_dags/example_sensor_decorator.py took 0.251 seconds
[2025-05-15T08:52:09.837+0000] {processor.py:186} INFO - Started process (PID=597) to work on /home/airflow/.local/lib/python3.12/site-packages/airflow/example_dags/example_sensor_decorator.py
[2025-05-15T08:52:09.845+0000] {processor.py:914} INFO - Processing file /home/airflow/.local/lib/python3.12/site-packages/airflow/example_dags/example_sensor_decorator.py for tasks to queue
[2025-05-15T08:52:09.852+0000] {logging_mixin.py:190} INFO - [2025-05-15T08:52:09.851+0000] {dagbag.py:588} INFO - Filling up the DagBag from /home/airflow/.local/lib/python3.12/site-packages/airflow/example_dags/example_sensor_decorator.py
[2025-05-15T08:52:09.876+0000] {processor.py:925} INFO - DAG(s) 'example_sensor_decorator' retrieved from /home/airflow/.local/lib/python3.12/site-packages/airflow/example_dags/example_sensor_decorator.py
[2025-05-15T08:52:09.938+0000] {logging_mixin.py:190} INFO - [2025-05-15T08:52:09.937+0000] {dag.py:3239} INFO - Sync 1 DAGs
[2025-05-15T08:52:09.981+0000] {logging_mixin.py:190} INFO - [2025-05-15T08:52:09.980+0000] {dag.py:4180} INFO - Setting next_dagrun for example_sensor_decorator to None, run_after=None
[2025-05-15T08:52:10.041+0000] {processor.py:208} INFO - Processing /home/airflow/.local/lib/python3.12/site-packages/airflow/example_dags/example_sensor_decorator.py took 0.219 seconds
[2025-05-15T08:52:44.771+0000] {processor.py:186} INFO - Started process (PID=668) to work on /home/airflow/.local/lib/python3.12/site-packages/airflow/example_dags/example_sensor_decorator.py
[2025-05-15T08:52:44.779+0000] {processor.py:914} INFO - Processing file /home/airflow/.local/lib/python3.12/site-packages/airflow/example_dags/example_sensor_decorator.py for tasks to queue
[2025-05-15T08:52:44.787+0000] {logging_mixin.py:190} INFO - [2025-05-15T08:52:44.786+0000] {dagbag.py:588} INFO - Filling up the DagBag from /home/airflow/.local/lib/python3.12/site-packages/airflow/example_dags/example_sensor_decorator.py
[2025-05-15T08:52:44.810+0000] {processor.py:925} INFO - DAG(s) 'example_sensor_decorator' retrieved from /home/airflow/.local/lib/python3.12/site-packages/airflow/example_dags/example_sensor_decorator.py
[2025-05-15T08:52:44.856+0000] {logging_mixin.py:190} INFO - [2025-05-15T08:52:44.855+0000] {dag.py:3239} INFO - Sync 1 DAGs
[2025-05-15T08:52:44.907+0000] {logging_mixin.py:190} INFO - [2025-05-15T08:52:44.907+0000] {dag.py:4180} INFO - Setting next_dagrun for example_sensor_decorator to None, run_after=None
[2025-05-15T08:52:44.979+0000] {processor.py:208} INFO - Processing /home/airflow/.local/lib/python3.12/site-packages/airflow/example_dags/example_sensor_decorator.py took 0.225 seconds
[2025-05-15T08:53:20.682+0000] {processor.py:186} INFO - Started process (PID=740) to work on /home/airflow/.local/lib/python3.12/site-packages/airflow/example_dags/example_sensor_decorator.py
[2025-05-15T08:53:20.687+0000] {processor.py:914} INFO - Processing file /home/airflow/.local/lib/python3.12/site-packages/airflow/example_dags/example_sensor_decorator.py for tasks to queue
[2025-05-15T08:53:20.695+0000] {logging_mixin.py:190} INFO - [2025-05-15T08:53:20.694+0000] {dagbag.py:588} INFO - Filling up the DagBag from /home/airflow/.local/lib/python3.12/site-packages/airflow/example_dags/example_sensor_decorator.py
[2025-05-15T08:53:20.716+0000] {processor.py:925} INFO - DAG(s) 'example_sensor_decorator' retrieved from /home/airflow/.local/lib/python3.12/site-packages/airflow/example_dags/example_sensor_decorator.py
[2025-05-15T08:53:20.771+0000] {logging_mixin.py:190} INFO - [2025-05-15T08:53:20.771+0000] {dag.py:3239} INFO - Sync 1 DAGs
[2025-05-15T08:53:20.813+0000] {logging_mixin.py:190} INFO - [2025-05-15T08:53:20.812+0000] {dag.py:4180} INFO - Setting next_dagrun for example_sensor_decorator to None, run_after=None
[2025-05-15T08:53:20.869+0000] {processor.py:208} INFO - Processing /home/airflow/.local/lib/python3.12/site-packages/airflow/example_dags/example_sensor_decorator.py took 0.202 seconds
[2025-05-15T08:53:52.858+0000] {processor.py:186} INFO - Started process (PID=805) to work on /home/airflow/.local/lib/python3.12/site-packages/airflow/example_dags/example_sensor_decorator.py
[2025-05-15T08:53:52.861+0000] {processor.py:914} INFO - Processing file /home/airflow/.local/lib/python3.12/site-packages/airflow/example_dags/example_sensor_decorator.py for tasks to queue
[2025-05-15T08:53:52.868+0000] {logging_mixin.py:190} INFO - [2025-05-15T08:53:52.867+0000] {dagbag.py:588} INFO - Filling up the DagBag from /home/airflow/.local/lib/python3.12/site-packages/airflow/example_dags/example_sensor_decorator.py
[2025-05-15T08:53:52.889+0000] {processor.py:925} INFO - DAG(s) 'example_sensor_decorator' retrieved from /home/airflow/.local/lib/python3.12/site-packages/airflow/example_dags/example_sensor_decorator.py
[2025-05-15T08:53:52.943+0000] {logging_mixin.py:190} INFO - [2025-05-15T08:53:52.942+0000] {dag.py:3239} INFO - Sync 1 DAGs
[2025-05-15T08:53:52.987+0000] {logging_mixin.py:190} INFO - [2025-05-15T08:53:52.986+0000] {dag.py:4180} INFO - Setting next_dagrun for example_sensor_decorator to None, run_after=None
[2025-05-15T08:53:53.041+0000] {processor.py:208} INFO - Processing /home/airflow/.local/lib/python3.12/site-packages/airflow/example_dags/example_sensor_decorator.py took 0.198 seconds
[2025-05-15T08:54:38.060+0000] {processor.py:186} INFO - Started process (PID=869) to work on /home/airflow/.local/lib/python3.12/site-packages/airflow/example_dags/example_sensor_decorator.py
[2025-05-15T08:54:38.064+0000] {processor.py:914} INFO - Processing file /home/airflow/.local/lib/python3.12/site-packages/airflow/example_dags/example_sensor_decorator.py for tasks to queue
[2025-05-15T08:54:38.073+0000] {logging_mixin.py:190} INFO - [2025-05-15T08:54:38.072+0000] {dagbag.py:588} INFO - Filling up the DagBag from /home/airflow/.local/lib/python3.12/site-packages/airflow/example_dags/example_sensor_decorator.py
[2025-05-15T08:54:38.101+0000] {processor.py:925} INFO - DAG(s) 'example_sensor_decorator' retrieved from /home/airflow/.local/lib/python3.12/site-packages/airflow/example_dags/example_sensor_decorator.py
[2025-05-15T08:54:38.148+0000] {logging_mixin.py:190} INFO - [2025-05-15T08:54:38.147+0000] {dag.py:3239} INFO - Sync 1 DAGs
[2025-05-15T08:54:38.199+0000] {logging_mixin.py:190} INFO - [2025-05-15T08:54:38.198+0000] {dag.py:4180} INFO - Setting next_dagrun for example_sensor_decorator to None, run_after=None
[2025-05-15T08:54:38.254+0000] {processor.py:208} INFO - Processing /home/airflow/.local/lib/python3.12/site-packages/airflow/example_dags/example_sensor_decorator.py took 0.207 seconds
[2025-05-15T08:55:15.534+0000] {processor.py:186} INFO - Started process (PID=945) to work on /home/airflow/.local/lib/python3.12/site-packages/airflow/example_dags/example_sensor_decorator.py
[2025-05-15T08:55:15.538+0000] {processor.py:914} INFO - Processing file /home/airflow/.local/lib/python3.12/site-packages/airflow/example_dags/example_sensor_decorator.py for tasks to queue
[2025-05-15T08:55:15.547+0000] {logging_mixin.py:190} INFO - [2025-05-15T08:55:15.546+0000] {dagbag.py:588} INFO - Filling up the DagBag from /home/airflow/.local/lib/python3.12/site-packages/airflow/example_dags/example_sensor_decorator.py
[2025-05-15T08:55:15.577+0000] {processor.py:925} INFO - DAG(s) 'example_sensor_decorator' retrieved from /home/airflow/.local/lib/python3.12/site-packages/airflow/example_dags/example_sensor_decorator.py
[2025-05-15T08:55:15.687+0000] {logging_mixin.py:190} INFO - [2025-05-15T08:55:15.686+0000] {dag.py:3239} INFO - Sync 1 DAGs
[2025-05-15T08:55:15.767+0000] {logging_mixin.py:190} INFO - [2025-05-15T08:55:15.767+0000] {dag.py:4180} INFO - Setting next_dagrun for example_sensor_decorator to None, run_after=None
[2025-05-15T08:55:15.886+0000] {processor.py:208} INFO - Processing /home/airflow/.local/lib/python3.12/site-packages/airflow/example_dags/example_sensor_decorator.py took 0.370 seconds
[2025-05-15T08:55:46.094+0000] {processor.py:186} INFO - Started process (PID=1010) to work on /home/airflow/.local/lib/python3.12/site-packages/airflow/example_dags/example_sensor_decorator.py
[2025-05-15T08:55:46.097+0000] {processor.py:914} INFO - Processing file /home/airflow/.local/lib/python3.12/site-packages/airflow/example_dags/example_sensor_decorator.py for tasks to queue
[2025-05-15T08:55:46.101+0000] {logging_mixin.py:190} INFO - [2025-05-15T08:55:46.100+0000] {dagbag.py:588} INFO - Filling up the DagBag from /home/airflow/.local/lib/python3.12/site-packages/airflow/example_dags/example_sensor_decorator.py
[2025-05-15T08:55:46.113+0000] {processor.py:925} INFO - DAG(s) 'example_sensor_decorator' retrieved from /home/airflow/.local/lib/python3.12/site-packages/airflow/example_dags/example_sensor_decorator.py
[2025-05-15T08:55:46.145+0000] {logging_mixin.py:190} INFO - [2025-05-15T08:55:46.145+0000] {dag.py:3239} INFO - Sync 1 DAGs
[2025-05-15T08:55:46.167+0000] {logging_mixin.py:190} INFO - [2025-05-15T08:55:46.166+0000] {dag.py:4180} INFO - Setting next_dagrun for example_sensor_decorator to None, run_after=None
[2025-05-15T08:55:46.201+0000] {processor.py:208} INFO - Processing /home/airflow/.local/lib/python3.12/site-packages/airflow/example_dags/example_sensor_decorator.py took 0.117 seconds
[2025-05-15T08:56:16.748+0000] {processor.py:186} INFO - Started process (PID=1075) to work on /home/airflow/.local/lib/python3.12/site-packages/airflow/example_dags/example_sensor_decorator.py
[2025-05-15T08:56:16.751+0000] {processor.py:914} INFO - Processing file /home/airflow/.local/lib/python3.12/site-packages/airflow/example_dags/example_sensor_decorator.py for tasks to queue
[2025-05-15T08:56:16.756+0000] {logging_mixin.py:190} INFO - [2025-05-15T08:56:16.755+0000] {dagbag.py:588} INFO - Filling up the DagBag from /home/airflow/.local/lib/python3.12/site-packages/airflow/example_dags/example_sensor_decorator.py
[2025-05-15T08:56:16.773+0000] {processor.py:925} INFO - DAG(s) 'example_sensor_decorator' retrieved from /home/airflow/.local/lib/python3.12/site-packages/airflow/example_dags/example_sensor_decorator.py
[2025-05-15T08:56:16.807+0000] {logging_mixin.py:190} INFO - [2025-05-15T08:56:16.807+0000] {dag.py:3239} INFO - Sync 1 DAGs
[2025-05-15T08:56:16.827+0000] {logging_mixin.py:190} INFO - [2025-05-15T08:56:16.827+0000] {dag.py:4180} INFO - Setting next_dagrun for example_sensor_decorator to None, run_after=None
[2025-05-15T08:56:16.859+0000] {processor.py:208} INFO - Processing /home/airflow/.local/lib/python3.12/site-packages/airflow/example_dags/example_sensor_decorator.py took 0.129 seconds
[2025-05-15T08:56:48.027+0000] {processor.py:186} INFO - Started process (PID=1140) to work on /home/airflow/.local/lib/python3.12/site-packages/airflow/example_dags/example_sensor_decorator.py
[2025-05-15T08:56:48.029+0000] {processor.py:914} INFO - Processing file /home/airflow/.local/lib/python3.12/site-packages/airflow/example_dags/example_sensor_decorator.py for tasks to queue
[2025-05-15T08:56:48.038+0000] {logging_mixin.py:190} INFO - [2025-05-15T08:56:48.037+0000] {dagbag.py:588} INFO - Filling up the DagBag from /home/airflow/.local/lib/python3.12/site-packages/airflow/example_dags/example_sensor_decorator.py
[2025-05-15T08:56:48.052+0000] {processor.py:925} INFO - DAG(s) 'example_sensor_decorator' retrieved from /home/airflow/.local/lib/python3.12/site-packages/airflow/example_dags/example_sensor_decorator.py
[2025-05-15T08:56:48.082+0000] {logging_mixin.py:190} INFO - [2025-05-15T08:56:48.082+0000] {dag.py:3239} INFO - Sync 1 DAGs
[2025-05-15T08:56:48.105+0000] {logging_mixin.py:190} INFO - [2025-05-15T08:56:48.105+0000] {dag.py:4180} INFO - Setting next_dagrun for example_sensor_decorator to None, run_after=None
[2025-05-15T08:56:48.140+0000] {processor.py:208} INFO - Processing /home/airflow/.local/lib/python3.12/site-packages/airflow/example_dags/example_sensor_decorator.py took 0.122 seconds
[2025-05-15T08:57:18.837+0000] {processor.py:186} INFO - Started process (PID=1205) to work on /home/airflow/.local/lib/python3.12/site-packages/airflow/example_dags/example_sensor_decorator.py
[2025-05-15T08:57:18.839+0000] {processor.py:914} INFO - Processing file /home/airflow/.local/lib/python3.12/site-packages/airflow/example_dags/example_sensor_decorator.py for tasks to queue
[2025-05-15T08:57:18.843+0000] {logging_mixin.py:190} INFO - [2025-05-15T08:57:18.843+0000] {dagbag.py:588} INFO - Filling up the DagBag from /home/airflow/.local/lib/python3.12/site-packages/airflow/example_dags/example_sensor_decorator.py
[2025-05-15T08:57:18.856+0000] {processor.py:925} INFO - DAG(s) 'example_sensor_decorator' retrieved from /home/airflow/.local/lib/python3.12/site-packages/airflow/example_dags/example_sensor_decorator.py
[2025-05-15T08:57:18.884+0000] {logging_mixin.py:190} INFO - [2025-05-15T08:57:18.884+0000] {dag.py:3239} INFO - Sync 1 DAGs
[2025-05-15T08:57:18.902+0000] {logging_mixin.py:190} INFO - [2025-05-15T08:57:18.902+0000] {dag.py:4180} INFO - Setting next_dagrun for example_sensor_decorator to None, run_after=None
[2025-05-15T08:57:18.930+0000] {processor.py:208} INFO - Processing /home/airflow/.local/lib/python3.12/site-packages/airflow/example_dags/example_sensor_decorator.py took 0.100 seconds
[2025-05-15T08:57:49.037+0000] {processor.py:186} INFO - Started process (PID=1270) to work on /home/airflow/.local/lib/python3.12/site-packages/airflow/example_dags/example_sensor_decorator.py
[2025-05-15T08:57:49.038+0000] {processor.py:914} INFO - Processing file /home/airflow/.local/lib/python3.12/site-packages/airflow/example_dags/example_sensor_decorator.py for tasks to queue
[2025-05-15T08:57:49.041+0000] {logging_mixin.py:190} INFO - [2025-05-15T08:57:49.041+0000] {dagbag.py:588} INFO - Filling up the DagBag from /home/airflow/.local/lib/python3.12/site-packages/airflow/example_dags/example_sensor_decorator.py
[2025-05-15T08:57:49.052+0000] {processor.py:925} INFO - DAG(s) 'example_sensor_decorator' retrieved from /home/airflow/.local/lib/python3.12/site-packages/airflow/example_dags/example_sensor_decorator.py
[2025-05-15T08:57:49.077+0000] {logging_mixin.py:190} INFO - [2025-05-15T08:57:49.077+0000] {dag.py:3239} INFO - Sync 1 DAGs
[2025-05-15T08:57:49.101+0000] {logging_mixin.py:190} INFO - [2025-05-15T08:57:49.101+0000] {dag.py:4180} INFO - Setting next_dagrun for example_sensor_decorator to None, run_after=None
[2025-05-15T08:57:49.130+0000] {processor.py:208} INFO - Processing /home/airflow/.local/lib/python3.12/site-packages/airflow/example_dags/example_sensor_decorator.py took 0.101 seconds
[2025-05-15T08:58:19.361+0000] {processor.py:186} INFO - Started process (PID=1335) to work on /home/airflow/.local/lib/python3.12/site-packages/airflow/example_dags/example_sensor_decorator.py
[2025-05-15T08:58:19.363+0000] {processor.py:914} INFO - Processing file /home/airflow/.local/lib/python3.12/site-packages/airflow/example_dags/example_sensor_decorator.py for tasks to queue
[2025-05-15T08:58:19.366+0000] {logging_mixin.py:190} INFO - [2025-05-15T08:58:19.366+0000] {dagbag.py:588} INFO - Filling up the DagBag from /home/airflow/.local/lib/python3.12/site-packages/airflow/example_dags/example_sensor_decorator.py
[2025-05-15T08:58:19.377+0000] {processor.py:925} INFO - DAG(s) 'example_sensor_decorator' retrieved from /home/airflow/.local/lib/python3.12/site-packages/airflow/example_dags/example_sensor_decorator.py
[2025-05-15T08:58:19.407+0000] {logging_mixin.py:190} INFO - [2025-05-15T08:58:19.407+0000] {dag.py:3239} INFO - Sync 1 DAGs
[2025-05-15T08:58:19.430+0000] {logging_mixin.py:190} INFO - [2025-05-15T08:58:19.430+0000] {dag.py:4180} INFO - Setting next_dagrun for example_sensor_decorator to None, run_after=None
[2025-05-15T08:58:19.463+0000] {processor.py:208} INFO - Processing /home/airflow/.local/lib/python3.12/site-packages/airflow/example_dags/example_sensor_decorator.py took 0.109 seconds
[2025-05-15T08:58:50.106+0000] {processor.py:186} INFO - Started process (PID=1400) to work on /home/airflow/.local/lib/python3.12/site-packages/airflow/example_dags/example_sensor_decorator.py
[2025-05-15T08:58:50.108+0000] {processor.py:914} INFO - Processing file /home/airflow/.local/lib/python3.12/site-packages/airflow/example_dags/example_sensor_decorator.py for tasks to queue
[2025-05-15T08:58:50.113+0000] {logging_mixin.py:190} INFO - [2025-05-15T08:58:50.112+0000] {dagbag.py:588} INFO - Filling up the DagBag from /home/airflow/.local/lib/python3.12/site-packages/airflow/example_dags/example_sensor_decorator.py
[2025-05-15T08:58:50.132+0000] {processor.py:925} INFO - DAG(s) 'example_sensor_decorator' retrieved from /home/airflow/.local/lib/python3.12/site-packages/airflow/example_dags/example_sensor_decorator.py
[2025-05-15T08:58:50.173+0000] {logging_mixin.py:190} INFO - [2025-05-15T08:58:50.172+0000] {dag.py:3239} INFO - Sync 1 DAGs
[2025-05-15T08:58:50.206+0000] {logging_mixin.py:190} INFO - [2025-05-15T08:58:50.205+0000] {dag.py:4180} INFO - Setting next_dagrun for example_sensor_decorator to None, run_after=None
[2025-05-15T08:58:50.252+0000] {processor.py:208} INFO - Processing /home/airflow/.local/lib/python3.12/site-packages/airflow/example_dags/example_sensor_decorator.py took 0.160 seconds
[2025-05-15T08:59:20.589+0000] {processor.py:186} INFO - Started process (PID=1465) to work on /home/airflow/.local/lib/python3.12/site-packages/airflow/example_dags/example_sensor_decorator.py
[2025-05-15T08:59:20.591+0000] {processor.py:914} INFO - Processing file /home/airflow/.local/lib/python3.12/site-packages/airflow/example_dags/example_sensor_decorator.py for tasks to queue
[2025-05-15T08:59:20.595+0000] {logging_mixin.py:190} INFO - [2025-05-15T08:59:20.594+0000] {dagbag.py:588} INFO - Filling up the DagBag from /home/airflow/.local/lib/python3.12/site-packages/airflow/example_dags/example_sensor_decorator.py
[2025-05-15T08:59:20.608+0000] {processor.py:925} INFO - DAG(s) 'example_sensor_decorator' retrieved from /home/airflow/.local/lib/python3.12/site-packages/airflow/example_dags/example_sensor_decorator.py
[2025-05-15T08:59:20.638+0000] {logging_mixin.py:190} INFO - [2025-05-15T08:59:20.637+0000] {dag.py:3239} INFO - Sync 1 DAGs
[2025-05-15T08:59:20.660+0000] {logging_mixin.py:190} INFO - [2025-05-15T08:59:20.660+0000] {dag.py:4180} INFO - Setting next_dagrun for example_sensor_decorator to None, run_after=None
[2025-05-15T08:59:20.693+0000] {processor.py:208} INFO - Processing /home/airflow/.local/lib/python3.12/site-packages/airflow/example_dags/example_sensor_decorator.py took 0.113 seconds
[2025-05-15T08:59:50.937+0000] {processor.py:186} INFO - Started process (PID=1530) to work on /home/airflow/.local/lib/python3.12/site-packages/airflow/example_dags/example_sensor_decorator.py
[2025-05-15T08:59:50.940+0000] {processor.py:914} INFO - Processing file /home/airflow/.local/lib/python3.12/site-packages/airflow/example_dags/example_sensor_decorator.py for tasks to queue
[2025-05-15T08:59:50.944+0000] {logging_mixin.py:190} INFO - [2025-05-15T08:59:50.943+0000] {dagbag.py:588} INFO - Filling up the DagBag from /home/airflow/.local/lib/python3.12/site-packages/airflow/example_dags/example_sensor_decorator.py
[2025-05-15T08:59:50.958+0000] {processor.py:925} INFO - DAG(s) 'example_sensor_decorator' retrieved from /home/airflow/.local/lib/python3.12/site-packages/airflow/example_dags/example_sensor_decorator.py
[2025-05-15T08:59:50.989+0000] {logging_mixin.py:190} INFO - [2025-05-15T08:59:50.989+0000] {dag.py:3239} INFO - Sync 1 DAGs
[2025-05-15T08:59:51.013+0000] {logging_mixin.py:190} INFO - [2025-05-15T08:59:51.013+0000] {dag.py:4180} INFO - Setting next_dagrun for example_sensor_decorator to None, run_after=None
[2025-05-15T08:59:51.047+0000] {processor.py:208} INFO - Processing /home/airflow/.local/lib/python3.12/site-packages/airflow/example_dags/example_sensor_decorator.py took 0.120 seconds
[2025-05-15T09:00:28.569+0000] {processor.py:186} INFO - Started process (PID=1599) to work on /home/airflow/.local/lib/python3.12/site-packages/airflow/example_dags/example_sensor_decorator.py
[2025-05-15T09:00:28.573+0000] {processor.py:914} INFO - Processing file /home/airflow/.local/lib/python3.12/site-packages/airflow/example_dags/example_sensor_decorator.py for tasks to queue
[2025-05-15T09:00:28.583+0000] {logging_mixin.py:190} INFO - [2025-05-15T09:00:28.582+0000] {dagbag.py:588} INFO - Filling up the DagBag from /home/airflow/.local/lib/python3.12/site-packages/airflow/example_dags/example_sensor_decorator.py
[2025-05-15T09:00:28.613+0000] {processor.py:925} INFO - DAG(s) 'example_sensor_decorator' retrieved from /home/airflow/.local/lib/python3.12/site-packages/airflow/example_dags/example_sensor_decorator.py
[2025-05-15T09:00:28.722+0000] {logging_mixin.py:190} INFO - [2025-05-15T09:00:28.721+0000] {dag.py:3239} INFO - Sync 1 DAGs
[2025-05-15T09:00:28.788+0000] {logging_mixin.py:190} INFO - [2025-05-15T09:00:28.787+0000] {dag.py:4180} INFO - Setting next_dagrun for example_sensor_decorator to None, run_after=None
[2025-05-15T09:00:28.883+0000] {processor.py:208} INFO - Processing /home/airflow/.local/lib/python3.12/site-packages/airflow/example_dags/example_sensor_decorator.py took 0.331 seconds
[2025-05-15T09:01:14.801+0000] {processor.py:186} INFO - Started process (PID=1666) to work on /home/airflow/.local/lib/python3.12/site-packages/airflow/example_dags/example_sensor_decorator.py
[2025-05-15T09:01:14.839+0000] {processor.py:914} INFO - Processing file /home/airflow/.local/lib/python3.12/site-packages/airflow/example_dags/example_sensor_decorator.py for tasks to queue
[2025-05-15T09:01:14.893+0000] {logging_mixin.py:190} INFO - [2025-05-15T09:01:14.892+0000] {dagbag.py:588} INFO - Filling up the DagBag from /home/airflow/.local/lib/python3.12/site-packages/airflow/example_dags/example_sensor_decorator.py
[2025-05-15T09:01:14.955+0000] {processor.py:925} INFO - DAG(s) 'example_sensor_decorator' retrieved from /home/airflow/.local/lib/python3.12/site-packages/airflow/example_dags/example_sensor_decorator.py
[2025-05-15T09:01:15.139+0000] {logging_mixin.py:190} INFO - [2025-05-15T09:01:15.137+0000] {dag.py:3239} INFO - Sync 1 DAGs
[2025-05-15T09:01:15.449+0000] {logging_mixin.py:190} INFO - [2025-05-15T09:01:15.447+0000] {dag.py:4180} INFO - Setting next_dagrun for example_sensor_decorator to None, run_after=None
[2025-05-15T09:01:15.854+0000] {processor.py:208} INFO - Processing /home/airflow/.local/lib/python3.12/site-packages/airflow/example_dags/example_sensor_decorator.py took 1.078 seconds
[2025-05-15T09:02:16.101+0000] {processor.py:186} INFO - Started process (PID=1748) to work on /home/airflow/.local/lib/python3.12/site-packages/airflow/example_dags/example_sensor_decorator.py
[2025-05-15T09:02:16.127+0000] {processor.py:914} INFO - Processing file /home/airflow/.local/lib/python3.12/site-packages/airflow/example_dags/example_sensor_decorator.py for tasks to queue
[2025-05-15T09:02:16.159+0000] {logging_mixin.py:190} INFO - [2025-05-15T09:02:16.158+0000] {dagbag.py:588} INFO - Filling up the DagBag from /home/airflow/.local/lib/python3.12/site-packages/airflow/example_dags/example_sensor_decorator.py
[2025-05-15T09:02:16.186+0000] {processor.py:925} INFO - DAG(s) 'example_sensor_decorator' retrieved from /home/airflow/.local/lib/python3.12/site-packages/airflow/example_dags/example_sensor_decorator.py
[2025-05-15T09:02:16.400+0000] {logging_mixin.py:190} INFO - [2025-05-15T09:02:16.390+0000] {dag.py:3239} INFO - Sync 1 DAGs
[2025-05-15T09:02:16.510+0000] {logging_mixin.py:190} INFO - [2025-05-15T09:02:16.508+0000] {dag.py:4180} INFO - Setting next_dagrun for example_sensor_decorator to None, run_after=None
[2025-05-15T09:02:16.828+0000] {processor.py:208} INFO - Processing /home/airflow/.local/lib/python3.12/site-packages/airflow/example_dags/example_sensor_decorator.py took 0.802 seconds
[2025-05-15T09:03:10.425+0000] {processor.py:186} INFO - Started process (PID=1815) to work on /home/airflow/.local/lib/python3.12/site-packages/airflow/example_dags/example_sensor_decorator.py
[2025-05-15T09:03:10.459+0000] {processor.py:914} INFO - Processing file /home/airflow/.local/lib/python3.12/site-packages/airflow/example_dags/example_sensor_decorator.py for tasks to queue
[2025-05-15T09:03:10.524+0000] {logging_mixin.py:190} INFO - [2025-05-15T09:03:10.509+0000] {dagbag.py:588} INFO - Filling up the DagBag from /home/airflow/.local/lib/python3.12/site-packages/airflow/example_dags/example_sensor_decorator.py
[2025-05-15T09:03:10.649+0000] {processor.py:925} INFO - DAG(s) 'example_sensor_decorator' retrieved from /home/airflow/.local/lib/python3.12/site-packages/airflow/example_dags/example_sensor_decorator.py
[2025-05-15T09:03:10.775+0000] {logging_mixin.py:190} INFO - [2025-05-15T09:03:10.774+0000] {dag.py:3239} INFO - Sync 1 DAGs
[2025-05-15T09:03:10.916+0000] {logging_mixin.py:190} INFO - [2025-05-15T09:03:10.916+0000] {dag.py:4180} INFO - Setting next_dagrun for example_sensor_decorator to None, run_after=None
[2025-05-15T09:03:11.081+0000] {processor.py:208} INFO - Processing /home/airflow/.local/lib/python3.12/site-packages/airflow/example_dags/example_sensor_decorator.py took 0.720 seconds
[2025-05-15T09:04:14.467+0000] {processor.py:186} INFO - Started process (PID=1886) to work on /home/airflow/.local/lib/python3.12/site-packages/airflow/example_dags/example_sensor_decorator.py
[2025-05-15T09:04:14.472+0000] {processor.py:914} INFO - Processing file /home/airflow/.local/lib/python3.12/site-packages/airflow/example_dags/example_sensor_decorator.py for tasks to queue
[2025-05-15T09:04:14.485+0000] {logging_mixin.py:190} INFO - [2025-05-15T09:04:14.484+0000] {dagbag.py:588} INFO - Filling up the DagBag from /home/airflow/.local/lib/python3.12/site-packages/airflow/example_dags/example_sensor_decorator.py
[2025-05-15T09:04:14.516+0000] {processor.py:925} INFO - DAG(s) 'example_sensor_decorator' retrieved from /home/airflow/.local/lib/python3.12/site-packages/airflow/example_dags/example_sensor_decorator.py
[2025-05-15T09:04:14.692+0000] {logging_mixin.py:190} INFO - [2025-05-15T09:04:14.691+0000] {dag.py:3239} INFO - Sync 1 DAGs
[2025-05-15T09:04:14.787+0000] {logging_mixin.py:190} INFO - [2025-05-15T09:04:14.786+0000] {dag.py:4180} INFO - Setting next_dagrun for example_sensor_decorator to None, run_after=None
[2025-05-15T09:04:14.886+0000] {processor.py:208} INFO - Processing /home/airflow/.local/lib/python3.12/site-packages/airflow/example_dags/example_sensor_decorator.py took 0.439 seconds
[2025-05-15T09:04:45.108+0000] {processor.py:186} INFO - Started process (PID=1950) to work on /home/airflow/.local/lib/python3.12/site-packages/airflow/example_dags/example_sensor_decorator.py
[2025-05-15T09:04:45.115+0000] {processor.py:914} INFO - Processing file /home/airflow/.local/lib/python3.12/site-packages/airflow/example_dags/example_sensor_decorator.py for tasks to queue
[2025-05-15T09:04:45.128+0000] {logging_mixin.py:190} INFO - [2025-05-15T09:04:45.127+0000] {dagbag.py:588} INFO - Filling up the DagBag from /home/airflow/.local/lib/python3.12/site-packages/airflow/example_dags/example_sensor_decorator.py
[2025-05-15T09:04:45.163+0000] {processor.py:925} INFO - DAG(s) 'example_sensor_decorator' retrieved from /home/airflow/.local/lib/python3.12/site-packages/airflow/example_dags/example_sensor_decorator.py
[2025-05-15T09:04:45.287+0000] {logging_mixin.py:190} INFO - [2025-05-15T09:04:45.285+0000] {dag.py:3239} INFO - Sync 1 DAGs
[2025-05-15T09:04:45.369+0000] {logging_mixin.py:190} INFO - [2025-05-15T09:04:45.368+0000] {dag.py:4180} INFO - Setting next_dagrun for example_sensor_decorator to None, run_after=None
[2025-05-15T09:04:45.449+0000] {processor.py:208} INFO - Processing /home/airflow/.local/lib/python3.12/site-packages/airflow/example_dags/example_sensor_decorator.py took 0.365 seconds
[2025-05-15T09:05:30.447+0000] {processor.py:186} INFO - Started process (PID=2021) to work on /home/airflow/.local/lib/python3.12/site-packages/airflow/example_dags/example_sensor_decorator.py
[2025-05-15T09:05:30.463+0000] {processor.py:914} INFO - Processing file /home/airflow/.local/lib/python3.12/site-packages/airflow/example_dags/example_sensor_decorator.py for tasks to queue
[2025-05-15T09:05:30.516+0000] {logging_mixin.py:190} INFO - [2025-05-15T09:05:30.515+0000] {dagbag.py:588} INFO - Filling up the DagBag from /home/airflow/.local/lib/python3.12/site-packages/airflow/example_dags/example_sensor_decorator.py
[2025-05-15T09:05:30.567+0000] {processor.py:925} INFO - DAG(s) 'example_sensor_decorator' retrieved from /home/airflow/.local/lib/python3.12/site-packages/airflow/example_dags/example_sensor_decorator.py
[2025-05-15T09:05:30.630+0000] {logging_mixin.py:190} INFO - [2025-05-15T09:05:30.630+0000] {dag.py:3239} INFO - Sync 1 DAGs
[2025-05-15T09:05:30.702+0000] {logging_mixin.py:190} INFO - [2025-05-15T09:05:30.702+0000] {dag.py:4180} INFO - Setting next_dagrun for example_sensor_decorator to None, run_after=None
[2025-05-15T09:05:30.817+0000] {processor.py:208} INFO - Processing /home/airflow/.local/lib/python3.12/site-packages/airflow/example_dags/example_sensor_decorator.py took 0.386 seconds
[2025-05-15T09:06:01.616+0000] {processor.py:186} INFO - Started process (PID=2087) to work on /home/airflow/.local/lib/python3.12/site-packages/airflow/example_dags/example_sensor_decorator.py
[2025-05-15T09:06:01.620+0000] {processor.py:914} INFO - Processing file /home/airflow/.local/lib/python3.12/site-packages/airflow/example_dags/example_sensor_decorator.py for tasks to queue
[2025-05-15T09:06:01.628+0000] {logging_mixin.py:190} INFO - [2025-05-15T09:06:01.627+0000] {dagbag.py:588} INFO - Filling up the DagBag from /home/airflow/.local/lib/python3.12/site-packages/airflow/example_dags/example_sensor_decorator.py
[2025-05-15T09:06:01.653+0000] {processor.py:925} INFO - DAG(s) 'example_sensor_decorator' retrieved from /home/airflow/.local/lib/python3.12/site-packages/airflow/example_dags/example_sensor_decorator.py
[2025-05-15T09:06:01.709+0000] {logging_mixin.py:190} INFO - [2025-05-15T09:06:01.709+0000] {dag.py:3239} INFO - Sync 1 DAGs
[2025-05-15T09:06:01.739+0000] {logging_mixin.py:190} INFO - [2025-05-15T09:06:01.738+0000] {dag.py:4180} INFO - Setting next_dagrun for example_sensor_decorator to None, run_after=None
[2025-05-15T09:06:01.781+0000] {processor.py:208} INFO - Processing /home/airflow/.local/lib/python3.12/site-packages/airflow/example_dags/example_sensor_decorator.py took 0.179 seconds
[2025-05-15T09:06:32.003+0000] {processor.py:186} INFO - Started process (PID=2152) to work on /home/airflow/.local/lib/python3.12/site-packages/airflow/example_dags/example_sensor_decorator.py
[2025-05-15T09:06:32.004+0000] {processor.py:914} INFO - Processing file /home/airflow/.local/lib/python3.12/site-packages/airflow/example_dags/example_sensor_decorator.py for tasks to queue
[2025-05-15T09:06:32.007+0000] {logging_mixin.py:190} INFO - [2025-05-15T09:06:32.007+0000] {dagbag.py:588} INFO - Filling up the DagBag from /home/airflow/.local/lib/python3.12/site-packages/airflow/example_dags/example_sensor_decorator.py
[2025-05-15T09:06:32.018+0000] {processor.py:925} INFO - DAG(s) 'example_sensor_decorator' retrieved from /home/airflow/.local/lib/python3.12/site-packages/airflow/example_dags/example_sensor_decorator.py
[2025-05-15T09:06:32.043+0000] {logging_mixin.py:190} INFO - [2025-05-15T09:06:32.042+0000] {dag.py:3239} INFO - Sync 1 DAGs
[2025-05-15T09:06:32.061+0000] {logging_mixin.py:190} INFO - [2025-05-15T09:06:32.061+0000] {dag.py:4180} INFO - Setting next_dagrun for example_sensor_decorator to None, run_after=None
[2025-05-15T09:06:32.088+0000] {processor.py:208} INFO - Processing /home/airflow/.local/lib/python3.12/site-packages/airflow/example_dags/example_sensor_decorator.py took 0.094 seconds
[2025-05-15T09:07:02.631+0000] {processor.py:186} INFO - Started process (PID=2216) to work on /home/airflow/.local/lib/python3.12/site-packages/airflow/example_dags/example_sensor_decorator.py
[2025-05-15T09:07:02.634+0000] {processor.py:914} INFO - Processing file /home/airflow/.local/lib/python3.12/site-packages/airflow/example_dags/example_sensor_decorator.py for tasks to queue
[2025-05-15T09:07:02.641+0000] {logging_mixin.py:190} INFO - [2025-05-15T09:07:02.641+0000] {dagbag.py:588} INFO - Filling up the DagBag from /home/airflow/.local/lib/python3.12/site-packages/airflow/example_dags/example_sensor_decorator.py
[2025-05-15T09:07:02.661+0000] {processor.py:925} INFO - DAG(s) 'example_sensor_decorator' retrieved from /home/airflow/.local/lib/python3.12/site-packages/airflow/example_dags/example_sensor_decorator.py
[2025-05-15T09:07:02.704+0000] {logging_mixin.py:190} INFO - [2025-05-15T09:07:02.703+0000] {dag.py:3239} INFO - Sync 1 DAGs
[2025-05-15T09:07:02.733+0000] {logging_mixin.py:190} INFO - [2025-05-15T09:07:02.733+0000] {dag.py:4180} INFO - Setting next_dagrun for example_sensor_decorator to None, run_after=None
[2025-05-15T09:07:02.778+0000] {processor.py:208} INFO - Processing /home/airflow/.local/lib/python3.12/site-packages/airflow/example_dags/example_sensor_decorator.py took 0.164 seconds
[2025-05-15T09:07:34.161+0000] {processor.py:186} INFO - Started process (PID=2280) to work on /home/airflow/.local/lib/python3.12/site-packages/airflow/example_dags/example_sensor_decorator.py
[2025-05-15T09:07:34.174+0000] {processor.py:914} INFO - Processing file /home/airflow/.local/lib/python3.12/site-packages/airflow/example_dags/example_sensor_decorator.py for tasks to queue
[2025-05-15T09:07:34.200+0000] {logging_mixin.py:190} INFO - [2025-05-15T09:07:34.197+0000] {dagbag.py:588} INFO - Filling up the DagBag from /home/airflow/.local/lib/python3.12/site-packages/airflow/example_dags/example_sensor_decorator.py
[2025-05-15T09:07:34.260+0000] {processor.py:925} INFO - DAG(s) 'example_sensor_decorator' retrieved from /home/airflow/.local/lib/python3.12/site-packages/airflow/example_dags/example_sensor_decorator.py
[2025-05-15T09:07:34.424+0000] {logging_mixin.py:190} INFO - [2025-05-15T09:07:34.421+0000] {dag.py:3239} INFO - Sync 1 DAGs
[2025-05-15T09:07:34.569+0000] {logging_mixin.py:190} INFO - [2025-05-15T09:07:34.568+0000] {dag.py:4180} INFO - Setting next_dagrun for example_sensor_decorator to None, run_after=None
[2025-05-15T09:07:34.699+0000] {processor.py:208} INFO - Processing /home/airflow/.local/lib/python3.12/site-packages/airflow/example_dags/example_sensor_decorator.py took 0.622 seconds
[2025-05-15T09:08:05.708+0000] {processor.py:186} INFO - Started process (PID=2344) to work on /home/airflow/.local/lib/python3.12/site-packages/airflow/example_dags/example_sensor_decorator.py
[2025-05-15T09:08:05.711+0000] {processor.py:914} INFO - Processing file /home/airflow/.local/lib/python3.12/site-packages/airflow/example_dags/example_sensor_decorator.py for tasks to queue
[2025-05-15T09:08:05.714+0000] {logging_mixin.py:190} INFO - [2025-05-15T09:08:05.714+0000] {dagbag.py:588} INFO - Filling up the DagBag from /home/airflow/.local/lib/python3.12/site-packages/airflow/example_dags/example_sensor_decorator.py
[2025-05-15T09:08:05.725+0000] {processor.py:925} INFO - DAG(s) 'example_sensor_decorator' retrieved from /home/airflow/.local/lib/python3.12/site-packages/airflow/example_dags/example_sensor_decorator.py
[2025-05-15T09:08:05.750+0000] {logging_mixin.py:190} INFO - [2025-05-15T09:08:05.749+0000] {dag.py:3239} INFO - Sync 1 DAGs
[2025-05-15T09:08:05.772+0000] {logging_mixin.py:190} INFO - [2025-05-15T09:08:05.772+0000] {dag.py:4180} INFO - Setting next_dagrun for example_sensor_decorator to None, run_after=None
[2025-05-15T09:08:05.810+0000] {processor.py:208} INFO - Processing /home/airflow/.local/lib/python3.12/site-packages/airflow/example_dags/example_sensor_decorator.py took 0.109 seconds
[2025-05-15T09:08:36.723+0000] {processor.py:186} INFO - Started process (PID=2409) to work on /home/airflow/.local/lib/python3.12/site-packages/airflow/example_dags/example_sensor_decorator.py
[2025-05-15T09:08:36.727+0000] {processor.py:914} INFO - Processing file /home/airflow/.local/lib/python3.12/site-packages/airflow/example_dags/example_sensor_decorator.py for tasks to queue
[2025-05-15T09:08:36.734+0000] {logging_mixin.py:190} INFO - [2025-05-15T09:08:36.733+0000] {dagbag.py:588} INFO - Filling up the DagBag from /home/airflow/.local/lib/python3.12/site-packages/airflow/example_dags/example_sensor_decorator.py
[2025-05-15T09:08:36.757+0000] {processor.py:925} INFO - DAG(s) 'example_sensor_decorator' retrieved from /home/airflow/.local/lib/python3.12/site-packages/airflow/example_dags/example_sensor_decorator.py
[2025-05-15T09:08:36.799+0000] {logging_mixin.py:190} INFO - [2025-05-15T09:08:36.798+0000] {dag.py:3239} INFO - Sync 1 DAGs
[2025-05-15T09:08:36.827+0000] {logging_mixin.py:190} INFO - [2025-05-15T09:08:36.827+0000] {dag.py:4180} INFO - Setting next_dagrun for example_sensor_decorator to None, run_after=None
[2025-05-15T09:08:36.868+0000] {processor.py:208} INFO - Processing /home/airflow/.local/lib/python3.12/site-packages/airflow/example_dags/example_sensor_decorator.py took 0.154 seconds
[2025-05-15T09:09:13.584+0000] {processor.py:186} INFO - Started process (PID=2479) to work on /home/airflow/.local/lib/python3.12/site-packages/airflow/example_dags/example_sensor_decorator.py
[2025-05-15T09:09:13.589+0000] {processor.py:914} INFO - Processing file /home/airflow/.local/lib/python3.12/site-packages/airflow/example_dags/example_sensor_decorator.py for tasks to queue
[2025-05-15T09:09:13.607+0000] {logging_mixin.py:190} INFO - [2025-05-15T09:09:13.606+0000] {dagbag.py:588} INFO - Filling up the DagBag from /home/airflow/.local/lib/python3.12/site-packages/airflow/example_dags/example_sensor_decorator.py
[2025-05-15T09:09:13.642+0000] {processor.py:925} INFO - DAG(s) 'example_sensor_decorator' retrieved from /home/airflow/.local/lib/python3.12/site-packages/airflow/example_dags/example_sensor_decorator.py
[2025-05-15T09:09:13.751+0000] {logging_mixin.py:190} INFO - [2025-05-15T09:09:13.749+0000] {dag.py:3239} INFO - Sync 1 DAGs
[2025-05-15T09:09:13.809+0000] {logging_mixin.py:190} INFO - [2025-05-15T09:09:13.808+0000] {dag.py:4180} INFO - Setting next_dagrun for example_sensor_decorator to None, run_after=None
[2025-05-15T09:09:13.944+0000] {processor.py:208} INFO - Processing /home/airflow/.local/lib/python3.12/site-packages/airflow/example_dags/example_sensor_decorator.py took 0.403 seconds
[2025-05-15T09:09:44.394+0000] {processor.py:186} INFO - Started process (PID=2544) to work on /home/airflow/.local/lib/python3.12/site-packages/airflow/example_dags/example_sensor_decorator.py
[2025-05-15T09:09:44.397+0000] {processor.py:914} INFO - Processing file /home/airflow/.local/lib/python3.12/site-packages/airflow/example_dags/example_sensor_decorator.py for tasks to queue
[2025-05-15T09:09:44.404+0000] {logging_mixin.py:190} INFO - [2025-05-15T09:09:44.403+0000] {dagbag.py:588} INFO - Filling up the DagBag from /home/airflow/.local/lib/python3.12/site-packages/airflow/example_dags/example_sensor_decorator.py
[2025-05-15T09:09:44.426+0000] {processor.py:925} INFO - DAG(s) 'example_sensor_decorator' retrieved from /home/airflow/.local/lib/python3.12/site-packages/airflow/example_dags/example_sensor_decorator.py
[2025-05-15T09:09:44.479+0000] {logging_mixin.py:190} INFO - [2025-05-15T09:09:44.479+0000] {dag.py:3239} INFO - Sync 1 DAGs
[2025-05-15T09:09:44.517+0000] {logging_mixin.py:190} INFO - [2025-05-15T09:09:44.516+0000] {dag.py:4180} INFO - Setting next_dagrun for example_sensor_decorator to None, run_after=None
[2025-05-15T09:09:44.568+0000] {processor.py:208} INFO - Processing /home/airflow/.local/lib/python3.12/site-packages/airflow/example_dags/example_sensor_decorator.py took 0.189 seconds
[2025-05-15T09:10:30.162+0000] {processor.py:186} INFO - Started process (PID=2622) to work on /home/airflow/.local/lib/python3.12/site-packages/airflow/example_dags/example_sensor_decorator.py
[2025-05-15T09:10:30.174+0000] {processor.py:914} INFO - Processing file /home/airflow/.local/lib/python3.12/site-packages/airflow/example_dags/example_sensor_decorator.py for tasks to queue
[2025-05-15T09:10:30.185+0000] {logging_mixin.py:190} INFO - [2025-05-15T09:10:30.182+0000] {dagbag.py:588} INFO - Filling up the DagBag from /home/airflow/.local/lib/python3.12/site-packages/airflow/example_dags/example_sensor_decorator.py
[2025-05-15T09:10:30.248+0000] {processor.py:925} INFO - DAG(s) 'example_sensor_decorator' retrieved from /home/airflow/.local/lib/python3.12/site-packages/airflow/example_dags/example_sensor_decorator.py
[2025-05-15T09:10:30.405+0000] {logging_mixin.py:190} INFO - [2025-05-15T09:10:30.402+0000] {dag.py:3239} INFO - Sync 1 DAGs
[2025-05-15T09:10:30.496+0000] {logging_mixin.py:190} INFO - [2025-05-15T09:10:30.491+0000] {dag.py:4180} INFO - Setting next_dagrun for example_sensor_decorator to None, run_after=None
[2025-05-15T09:10:30.654+0000] {processor.py:208} INFO - Processing /home/airflow/.local/lib/python3.12/site-packages/airflow/example_dags/example_sensor_decorator.py took 0.538 seconds
[2025-05-15T09:11:01.211+0000] {processor.py:186} INFO - Started process (PID=2686) to work on /home/airflow/.local/lib/python3.12/site-packages/airflow/example_dags/example_sensor_decorator.py
[2025-05-15T09:11:01.215+0000] {processor.py:914} INFO - Processing file /home/airflow/.local/lib/python3.12/site-packages/airflow/example_dags/example_sensor_decorator.py for tasks to queue
[2025-05-15T09:11:01.223+0000] {logging_mixin.py:190} INFO - [2025-05-15T09:11:01.222+0000] {dagbag.py:588} INFO - Filling up the DagBag from /home/airflow/.local/lib/python3.12/site-packages/airflow/example_dags/example_sensor_decorator.py
[2025-05-15T09:11:01.256+0000] {processor.py:925} INFO - DAG(s) 'example_sensor_decorator' retrieved from /home/airflow/.local/lib/python3.12/site-packages/airflow/example_dags/example_sensor_decorator.py
[2025-05-15T09:11:01.341+0000] {logging_mixin.py:190} INFO - [2025-05-15T09:11:01.341+0000] {dag.py:3239} INFO - Sync 1 DAGs
[2025-05-15T09:11:01.397+0000] {logging_mixin.py:190} INFO - [2025-05-15T09:11:01.396+0000] {dag.py:4180} INFO - Setting next_dagrun for example_sensor_decorator to None, run_after=None
[2025-05-15T09:11:01.499+0000] {processor.py:208} INFO - Processing /home/airflow/.local/lib/python3.12/site-packages/airflow/example_dags/example_sensor_decorator.py took 0.306 seconds
[2025-05-15T09:11:35.365+0000] {processor.py:186} INFO - Started process (PID=2752) to work on /home/airflow/.local/lib/python3.12/site-packages/airflow/example_dags/example_sensor_decorator.py
[2025-05-15T09:11:35.369+0000] {processor.py:914} INFO - Processing file /home/airflow/.local/lib/python3.12/site-packages/airflow/example_dags/example_sensor_decorator.py for tasks to queue
[2025-05-15T09:11:35.377+0000] {logging_mixin.py:190} INFO - [2025-05-15T09:11:35.376+0000] {dagbag.py:588} INFO - Filling up the DagBag from /home/airflow/.local/lib/python3.12/site-packages/airflow/example_dags/example_sensor_decorator.py
[2025-05-15T09:11:35.404+0000] {processor.py:925} INFO - DAG(s) 'example_sensor_decorator' retrieved from /home/airflow/.local/lib/python3.12/site-packages/airflow/example_dags/example_sensor_decorator.py
[2025-05-15T09:11:35.462+0000] {logging_mixin.py:190} INFO - [2025-05-15T09:11:35.461+0000] {dag.py:3239} INFO - Sync 1 DAGs
[2025-05-15T09:11:35.499+0000] {logging_mixin.py:190} INFO - [2025-05-15T09:11:35.499+0000] {dag.py:4180} INFO - Setting next_dagrun for example_sensor_decorator to None, run_after=None
[2025-05-15T09:11:35.561+0000] {processor.py:208} INFO - Processing /home/airflow/.local/lib/python3.12/site-packages/airflow/example_dags/example_sensor_decorator.py took 0.214 seconds
[2025-05-15T09:12:06.370+0000] {processor.py:186} INFO - Started process (PID=2817) to work on /home/airflow/.local/lib/python3.12/site-packages/airflow/example_dags/example_sensor_decorator.py
[2025-05-15T09:12:06.373+0000] {processor.py:914} INFO - Processing file /home/airflow/.local/lib/python3.12/site-packages/airflow/example_dags/example_sensor_decorator.py for tasks to queue
[2025-05-15T09:12:06.379+0000] {logging_mixin.py:190} INFO - [2025-05-15T09:12:06.378+0000] {dagbag.py:588} INFO - Filling up the DagBag from /home/airflow/.local/lib/python3.12/site-packages/airflow/example_dags/example_sensor_decorator.py
[2025-05-15T09:12:06.401+0000] {processor.py:925} INFO - DAG(s) 'example_sensor_decorator' retrieved from /home/airflow/.local/lib/python3.12/site-packages/airflow/example_dags/example_sensor_decorator.py
[2025-05-15T09:12:06.459+0000] {logging_mixin.py:190} INFO - [2025-05-15T09:12:06.458+0000] {dag.py:3239} INFO - Sync 1 DAGs
[2025-05-15T09:12:06.550+0000] {logging_mixin.py:190} INFO - [2025-05-15T09:12:06.549+0000] {dag.py:4180} INFO - Setting next_dagrun for example_sensor_decorator to None, run_after=None
[2025-05-15T09:12:06.609+0000] {processor.py:208} INFO - Processing /home/airflow/.local/lib/python3.12/site-packages/airflow/example_dags/example_sensor_decorator.py took 0.254 seconds
[2025-05-15T09:12:37.114+0000] {processor.py:186} INFO - Started process (PID=2882) to work on /home/airflow/.local/lib/python3.12/site-packages/airflow/example_dags/example_sensor_decorator.py
[2025-05-15T09:12:37.119+0000] {processor.py:914} INFO - Processing file /home/airflow/.local/lib/python3.12/site-packages/airflow/example_dags/example_sensor_decorator.py for tasks to queue
[2025-05-15T09:12:37.124+0000] {logging_mixin.py:190} INFO - [2025-05-15T09:12:37.123+0000] {dagbag.py:588} INFO - Filling up the DagBag from /home/airflow/.local/lib/python3.12/site-packages/airflow/example_dags/example_sensor_decorator.py
[2025-05-15T09:12:37.138+0000] {processor.py:925} INFO - DAG(s) 'example_sensor_decorator' retrieved from /home/airflow/.local/lib/python3.12/site-packages/airflow/example_dags/example_sensor_decorator.py
[2025-05-15T09:12:37.175+0000] {logging_mixin.py:190} INFO - [2025-05-15T09:12:37.175+0000] {dag.py:3239} INFO - Sync 1 DAGs
[2025-05-15T09:12:37.208+0000] {logging_mixin.py:190} INFO - [2025-05-15T09:12:37.208+0000] {dag.py:4180} INFO - Setting next_dagrun for example_sensor_decorator to None, run_after=None
[2025-05-15T09:12:37.244+0000] {processor.py:208} INFO - Processing /home/airflow/.local/lib/python3.12/site-packages/airflow/example_dags/example_sensor_decorator.py took 0.142 seconds
[2025-05-15T09:13:08.501+0000] {processor.py:186} INFO - Started process (PID=2947) to work on /home/airflow/.local/lib/python3.12/site-packages/airflow/example_dags/example_sensor_decorator.py
[2025-05-15T09:13:08.503+0000] {processor.py:914} INFO - Processing file /home/airflow/.local/lib/python3.12/site-packages/airflow/example_dags/example_sensor_decorator.py for tasks to queue
[2025-05-15T09:13:08.508+0000] {logging_mixin.py:190} INFO - [2025-05-15T09:13:08.507+0000] {dagbag.py:588} INFO - Filling up the DagBag from /home/airflow/.local/lib/python3.12/site-packages/airflow/example_dags/example_sensor_decorator.py
[2025-05-15T09:13:08.526+0000] {processor.py:925} INFO - DAG(s) 'example_sensor_decorator' retrieved from /home/airflow/.local/lib/python3.12/site-packages/airflow/example_dags/example_sensor_decorator.py
[2025-05-15T09:13:08.562+0000] {logging_mixin.py:190} INFO - [2025-05-15T09:13:08.562+0000] {dag.py:3239} INFO - Sync 1 DAGs
[2025-05-15T09:13:08.587+0000] {logging_mixin.py:190} INFO - [2025-05-15T09:13:08.587+0000] {dag.py:4180} INFO - Setting next_dagrun for example_sensor_decorator to None, run_after=None
[2025-05-15T09:13:08.624+0000] {processor.py:208} INFO - Processing /home/airflow/.local/lib/python3.12/site-packages/airflow/example_dags/example_sensor_decorator.py took 0.134 seconds
[2025-05-15T09:13:38.723+0000] {processor.py:186} INFO - Started process (PID=3011) to work on /home/airflow/.local/lib/python3.12/site-packages/airflow/example_dags/example_sensor_decorator.py
[2025-05-15T09:13:38.724+0000] {processor.py:914} INFO - Processing file /home/airflow/.local/lib/python3.12/site-packages/airflow/example_dags/example_sensor_decorator.py for tasks to queue
[2025-05-15T09:13:38.729+0000] {logging_mixin.py:190} INFO - [2025-05-15T09:13:38.728+0000] {dagbag.py:588} INFO - Filling up the DagBag from /home/airflow/.local/lib/python3.12/site-packages/airflow/example_dags/example_sensor_decorator.py
[2025-05-15T09:13:38.744+0000] {processor.py:925} INFO - DAG(s) 'example_sensor_decorator' retrieved from /home/airflow/.local/lib/python3.12/site-packages/airflow/example_dags/example_sensor_decorator.py
[2025-05-15T09:13:38.782+0000] {logging_mixin.py:190} INFO - [2025-05-15T09:13:38.782+0000] {dag.py:3239} INFO - Sync 1 DAGs
[2025-05-15T09:13:38.808+0000] {logging_mixin.py:190} INFO - [2025-05-15T09:13:38.808+0000] {dag.py:4180} INFO - Setting next_dagrun for example_sensor_decorator to None, run_after=None
[2025-05-15T09:13:38.850+0000] {processor.py:208} INFO - Processing /home/airflow/.local/lib/python3.12/site-packages/airflow/example_dags/example_sensor_decorator.py took 0.138 seconds
[2025-05-15T09:14:09.104+0000] {processor.py:186} INFO - Started process (PID=3076) to work on /home/airflow/.local/lib/python3.12/site-packages/airflow/example_dags/example_sensor_decorator.py
[2025-05-15T09:14:09.106+0000] {processor.py:914} INFO - Processing file /home/airflow/.local/lib/python3.12/site-packages/airflow/example_dags/example_sensor_decorator.py for tasks to queue
[2025-05-15T09:14:09.113+0000] {logging_mixin.py:190} INFO - [2025-05-15T09:14:09.112+0000] {dagbag.py:588} INFO - Filling up the DagBag from /home/airflow/.local/lib/python3.12/site-packages/airflow/example_dags/example_sensor_decorator.py
[2025-05-15T09:14:09.131+0000] {processor.py:925} INFO - DAG(s) 'example_sensor_decorator' retrieved from /home/airflow/.local/lib/python3.12/site-packages/airflow/example_dags/example_sensor_decorator.py
[2025-05-15T09:14:09.176+0000] {logging_mixin.py:190} INFO - [2025-05-15T09:14:09.176+0000] {dag.py:3239} INFO - Sync 1 DAGs
[2025-05-15T09:14:09.204+0000] {logging_mixin.py:190} INFO - [2025-05-15T09:14:09.203+0000] {dag.py:4180} INFO - Setting next_dagrun for example_sensor_decorator to None, run_after=None
[2025-05-15T09:14:09.251+0000] {processor.py:208} INFO - Processing /home/airflow/.local/lib/python3.12/site-packages/airflow/example_dags/example_sensor_decorator.py took 0.158 seconds
[2025-05-15T09:14:40.376+0000] {processor.py:186} INFO - Started process (PID=3141) to work on /home/airflow/.local/lib/python3.12/site-packages/airflow/example_dags/example_sensor_decorator.py
[2025-05-15T09:14:40.379+0000] {processor.py:914} INFO - Processing file /home/airflow/.local/lib/python3.12/site-packages/airflow/example_dags/example_sensor_decorator.py for tasks to queue
[2025-05-15T09:14:40.385+0000] {logging_mixin.py:190} INFO - [2025-05-15T09:14:40.384+0000] {dagbag.py:588} INFO - Filling up the DagBag from /home/airflow/.local/lib/python3.12/site-packages/airflow/example_dags/example_sensor_decorator.py
[2025-05-15T09:14:40.403+0000] {processor.py:925} INFO - DAG(s) 'example_sensor_decorator' retrieved from /home/airflow/.local/lib/python3.12/site-packages/airflow/example_dags/example_sensor_decorator.py
[2025-05-15T09:14:40.440+0000] {logging_mixin.py:190} INFO - [2025-05-15T09:14:40.440+0000] {dag.py:3239} INFO - Sync 1 DAGs
[2025-05-15T09:14:40.469+0000] {logging_mixin.py:190} INFO - [2025-05-15T09:14:40.469+0000] {dag.py:4180} INFO - Setting next_dagrun for example_sensor_decorator to None, run_after=None
[2025-05-15T09:14:40.514+0000] {processor.py:208} INFO - Processing /home/airflow/.local/lib/python3.12/site-packages/airflow/example_dags/example_sensor_decorator.py took 0.151 seconds
[2025-05-15T09:15:24.627+0000] {processor.py:186} INFO - Started process (PID=3224) to work on /home/airflow/.local/lib/python3.12/site-packages/airflow/example_dags/example_sensor_decorator.py
[2025-05-15T09:15:24.632+0000] {processor.py:914} INFO - Processing file /home/airflow/.local/lib/python3.12/site-packages/airflow/example_dags/example_sensor_decorator.py for tasks to queue
[2025-05-15T09:15:24.652+0000] {logging_mixin.py:190} INFO - [2025-05-15T09:15:24.651+0000] {dagbag.py:588} INFO - Filling up the DagBag from /home/airflow/.local/lib/python3.12/site-packages/airflow/example_dags/example_sensor_decorator.py
[2025-05-15T09:15:24.694+0000] {processor.py:925} INFO - DAG(s) 'example_sensor_decorator' retrieved from /home/airflow/.local/lib/python3.12/site-packages/airflow/example_dags/example_sensor_decorator.py
[2025-05-15T09:15:24.833+0000] {logging_mixin.py:190} INFO - [2025-05-15T09:15:24.832+0000] {dag.py:3239} INFO - Sync 1 DAGs
[2025-05-15T09:15:24.913+0000] {logging_mixin.py:190} INFO - [2025-05-15T09:15:24.912+0000] {dag.py:4180} INFO - Setting next_dagrun for example_sensor_decorator to None, run_after=None
[2025-05-15T09:15:25.066+0000] {processor.py:208} INFO - Processing /home/airflow/.local/lib/python3.12/site-packages/airflow/example_dags/example_sensor_decorator.py took 0.461 seconds
[2025-05-15T09:15:59.882+0000] {processor.py:186} INFO - Started process (PID=3290) to work on /home/airflow/.local/lib/python3.12/site-packages/airflow/example_dags/example_sensor_decorator.py
[2025-05-15T09:15:59.886+0000] {processor.py:914} INFO - Processing file /home/airflow/.local/lib/python3.12/site-packages/airflow/example_dags/example_sensor_decorator.py for tasks to queue
[2025-05-15T09:15:59.896+0000] {logging_mixin.py:190} INFO - [2025-05-15T09:15:59.895+0000] {dagbag.py:588} INFO - Filling up the DagBag from /home/airflow/.local/lib/python3.12/site-packages/airflow/example_dags/example_sensor_decorator.py
[2025-05-15T09:15:59.922+0000] {processor.py:925} INFO - DAG(s) 'example_sensor_decorator' retrieved from /home/airflow/.local/lib/python3.12/site-packages/airflow/example_dags/example_sensor_decorator.py
[2025-05-15T09:16:00.023+0000] {logging_mixin.py:190} INFO - [2025-05-15T09:16:00.021+0000] {dag.py:3239} INFO - Sync 1 DAGs
[2025-05-15T09:16:00.094+0000] {logging_mixin.py:190} INFO - [2025-05-15T09:16:00.094+0000] {dag.py:4180} INFO - Setting next_dagrun for example_sensor_decorator to None, run_after=None
[2025-05-15T09:16:00.209+0000] {processor.py:208} INFO - Processing /home/airflow/.local/lib/python3.12/site-packages/airflow/example_dags/example_sensor_decorator.py took 0.347 seconds
[2025-05-15T09:16:35.744+0000] {processor.py:186} INFO - Started process (PID=3358) to work on /home/airflow/.local/lib/python3.12/site-packages/airflow/example_dags/example_sensor_decorator.py
[2025-05-15T09:16:35.753+0000] {processor.py:914} INFO - Processing file /home/airflow/.local/lib/python3.12/site-packages/airflow/example_dags/example_sensor_decorator.py for tasks to queue
[2025-05-15T09:16:35.771+0000] {logging_mixin.py:190} INFO - [2025-05-15T09:16:35.769+0000] {dagbag.py:588} INFO - Filling up the DagBag from /home/airflow/.local/lib/python3.12/site-packages/airflow/example_dags/example_sensor_decorator.py
[2025-05-15T09:16:35.794+0000] {processor.py:925} INFO - DAG(s) 'example_sensor_decorator' retrieved from /home/airflow/.local/lib/python3.12/site-packages/airflow/example_dags/example_sensor_decorator.py
[2025-05-15T09:16:35.854+0000] {logging_mixin.py:190} INFO - [2025-05-15T09:16:35.853+0000] {dag.py:3239} INFO - Sync 1 DAGs
[2025-05-15T09:16:35.892+0000] {logging_mixin.py:190} INFO - [2025-05-15T09:16:35.892+0000] {dag.py:4180} INFO - Setting next_dagrun for example_sensor_decorator to None, run_after=None
[2025-05-15T09:16:35.947+0000] {processor.py:208} INFO - Processing /home/airflow/.local/lib/python3.12/site-packages/airflow/example_dags/example_sensor_decorator.py took 0.226 seconds
[2025-05-15T09:17:17.715+0000] {processor.py:186} INFO - Started process (PID=3425) to work on /home/airflow/.local/lib/python3.12/site-packages/airflow/example_dags/example_sensor_decorator.py
[2025-05-15T09:17:17.719+0000] {processor.py:914} INFO - Processing file /home/airflow/.local/lib/python3.12/site-packages/airflow/example_dags/example_sensor_decorator.py for tasks to queue
[2025-05-15T09:17:17.727+0000] {logging_mixin.py:190} INFO - [2025-05-15T09:17:17.726+0000] {dagbag.py:588} INFO - Filling up the DagBag from /home/airflow/.local/lib/python3.12/site-packages/airflow/example_dags/example_sensor_decorator.py
[2025-05-15T09:17:17.755+0000] {processor.py:925} INFO - DAG(s) 'example_sensor_decorator' retrieved from /home/airflow/.local/lib/python3.12/site-packages/airflow/example_dags/example_sensor_decorator.py
[2025-05-15T09:17:17.863+0000] {logging_mixin.py:190} INFO - [2025-05-15T09:17:17.860+0000] {dag.py:3239} INFO - Sync 1 DAGs
[2025-05-15T09:17:17.913+0000] {logging_mixin.py:190} INFO - [2025-05-15T09:17:17.913+0000] {dag.py:4180} INFO - Setting next_dagrun for example_sensor_decorator to None, run_after=None
[2025-05-15T09:17:17.990+0000] {processor.py:208} INFO - Processing /home/airflow/.local/lib/python3.12/site-packages/airflow/example_dags/example_sensor_decorator.py took 0.293 seconds
[2025-05-15T09:17:50.081+0000] {processor.py:186} INFO - Started process (PID=3490) to work on /home/airflow/.local/lib/python3.12/site-packages/airflow/example_dags/example_sensor_decorator.py
[2025-05-15T09:17:50.092+0000] {processor.py:914} INFO - Processing file /home/airflow/.local/lib/python3.12/site-packages/airflow/example_dags/example_sensor_decorator.py for tasks to queue
[2025-05-15T09:17:50.120+0000] {logging_mixin.py:190} INFO - [2025-05-15T09:17:50.117+0000] {dagbag.py:588} INFO - Filling up the DagBag from /home/airflow/.local/lib/python3.12/site-packages/airflow/example_dags/example_sensor_decorator.py
[2025-05-15T09:17:50.176+0000] {processor.py:925} INFO - DAG(s) 'example_sensor_decorator' retrieved from /home/airflow/.local/lib/python3.12/site-packages/airflow/example_dags/example_sensor_decorator.py
[2025-05-15T09:17:50.267+0000] {logging_mixin.py:190} INFO - [2025-05-15T09:17:50.266+0000] {dag.py:3239} INFO - Sync 1 DAGs
[2025-05-15T09:17:50.338+0000] {logging_mixin.py:190} INFO - [2025-05-15T09:17:50.338+0000] {dag.py:4180} INFO - Setting next_dagrun for example_sensor_decorator to None, run_after=None
[2025-05-15T09:17:50.465+0000] {processor.py:208} INFO - Processing /home/airflow/.local/lib/python3.12/site-packages/airflow/example_dags/example_sensor_decorator.py took 0.401 seconds
[2025-05-15T09:18:23.173+0000] {processor.py:186} INFO - Started process (PID=3561) to work on /home/airflow/.local/lib/python3.12/site-packages/airflow/example_dags/example_sensor_decorator.py
[2025-05-15T09:18:23.185+0000] {processor.py:914} INFO - Processing file /home/airflow/.local/lib/python3.12/site-packages/airflow/example_dags/example_sensor_decorator.py for tasks to queue
[2025-05-15T09:18:23.206+0000] {logging_mixin.py:190} INFO - [2025-05-15T09:18:23.203+0000] {dagbag.py:588} INFO - Filling up the DagBag from /home/airflow/.local/lib/python3.12/site-packages/airflow/example_dags/example_sensor_decorator.py
[2025-05-15T09:18:23.242+0000] {processor.py:925} INFO - DAG(s) 'example_sensor_decorator' retrieved from /home/airflow/.local/lib/python3.12/site-packages/airflow/example_dags/example_sensor_decorator.py
[2025-05-15T09:18:23.329+0000] {logging_mixin.py:190} INFO - [2025-05-15T09:18:23.329+0000] {dag.py:3239} INFO - Sync 1 DAGs
[2025-05-15T09:18:23.425+0000] {logging_mixin.py:190} INFO - [2025-05-15T09:18:23.423+0000] {dag.py:4180} INFO - Setting next_dagrun for example_sensor_decorator to None, run_after=None
[2025-05-15T09:18:23.505+0000] {processor.py:208} INFO - Processing /home/airflow/.local/lib/python3.12/site-packages/airflow/example_dags/example_sensor_decorator.py took 0.385 seconds
[2025-05-15T09:18:56.407+0000] {processor.py:186} INFO - Started process (PID=3627) to work on /home/airflow/.local/lib/python3.12/site-packages/airflow/example_dags/example_sensor_decorator.py
[2025-05-15T09:18:56.413+0000] {processor.py:914} INFO - Processing file /home/airflow/.local/lib/python3.12/site-packages/airflow/example_dags/example_sensor_decorator.py for tasks to queue
[2025-05-15T09:18:56.423+0000] {logging_mixin.py:190} INFO - [2025-05-15T09:18:56.419+0000] {dagbag.py:588} INFO - Filling up the DagBag from /home/airflow/.local/lib/python3.12/site-packages/airflow/example_dags/example_sensor_decorator.py
[2025-05-15T09:18:56.453+0000] {processor.py:925} INFO - DAG(s) 'example_sensor_decorator' retrieved from /home/airflow/.local/lib/python3.12/site-packages/airflow/example_dags/example_sensor_decorator.py
[2025-05-15T09:18:56.633+0000] {logging_mixin.py:190} INFO - [2025-05-15T09:18:56.632+0000] {dag.py:3239} INFO - Sync 1 DAGs
[2025-05-15T09:18:56.721+0000] {logging_mixin.py:190} INFO - [2025-05-15T09:18:56.715+0000] {dag.py:4180} INFO - Setting next_dagrun for example_sensor_decorator to None, run_after=None
[2025-05-15T09:18:56.852+0000] {processor.py:208} INFO - Processing /home/airflow/.local/lib/python3.12/site-packages/airflow/example_dags/example_sensor_decorator.py took 0.464 seconds
[2025-05-15T09:19:27.033+0000] {processor.py:186} INFO - Started process (PID=3692) to work on /home/airflow/.local/lib/python3.12/site-packages/airflow/example_dags/example_sensor_decorator.py
[2025-05-15T09:19:27.036+0000] {processor.py:914} INFO - Processing file /home/airflow/.local/lib/python3.12/site-packages/airflow/example_dags/example_sensor_decorator.py for tasks to queue
[2025-05-15T09:19:27.042+0000] {logging_mixin.py:190} INFO - [2025-05-15T09:19:27.041+0000] {dagbag.py:588} INFO - Filling up the DagBag from /home/airflow/.local/lib/python3.12/site-packages/airflow/example_dags/example_sensor_decorator.py
[2025-05-15T09:19:27.064+0000] {processor.py:925} INFO - DAG(s) 'example_sensor_decorator' retrieved from /home/airflow/.local/lib/python3.12/site-packages/airflow/example_dags/example_sensor_decorator.py
[2025-05-15T09:19:27.102+0000] {logging_mixin.py:190} INFO - [2025-05-15T09:19:27.101+0000] {dag.py:3239} INFO - Sync 1 DAGs
[2025-05-15T09:19:27.131+0000] {logging_mixin.py:190} INFO - [2025-05-15T09:19:27.130+0000] {dag.py:4180} INFO - Setting next_dagrun for example_sensor_decorator to None, run_after=None
[2025-05-15T09:19:27.168+0000] {processor.py:208} INFO - Processing /home/airflow/.local/lib/python3.12/site-packages/airflow/example_dags/example_sensor_decorator.py took 0.152 seconds
[2025-05-15T09:20:02.348+0000] {processor.py:186} INFO - Started process (PID=3760) to work on /home/airflow/.local/lib/python3.12/site-packages/airflow/example_dags/example_sensor_decorator.py
[2025-05-15T09:20:02.380+0000] {processor.py:914} INFO - Processing file /home/airflow/.local/lib/python3.12/site-packages/airflow/example_dags/example_sensor_decorator.py for tasks to queue
[2025-05-15T09:20:02.409+0000] {logging_mixin.py:190} INFO - [2025-05-15T09:20:02.408+0000] {dagbag.py:588} INFO - Filling up the DagBag from /home/airflow/.local/lib/python3.12/site-packages/airflow/example_dags/example_sensor_decorator.py
[2025-05-15T09:20:02.463+0000] {processor.py:925} INFO - DAG(s) 'example_sensor_decorator' retrieved from /home/airflow/.local/lib/python3.12/site-packages/airflow/example_dags/example_sensor_decorator.py
[2025-05-15T09:20:02.569+0000] {logging_mixin.py:190} INFO - [2025-05-15T09:20:02.568+0000] {dag.py:3239} INFO - Sync 1 DAGs
[2025-05-15T09:20:02.646+0000] {logging_mixin.py:190} INFO - [2025-05-15T09:20:02.645+0000] {dag.py:4180} INFO - Setting next_dagrun for example_sensor_decorator to None, run_after=None
[2025-05-15T09:20:02.764+0000] {processor.py:208} INFO - Processing /home/airflow/.local/lib/python3.12/site-packages/airflow/example_dags/example_sensor_decorator.py took 0.436 seconds
[2025-05-15T09:20:35.114+0000] {processor.py:186} INFO - Started process (PID=3825) to work on /home/airflow/.local/lib/python3.12/site-packages/airflow/example_dags/example_sensor_decorator.py
[2025-05-15T09:20:35.119+0000] {processor.py:914} INFO - Processing file /home/airflow/.local/lib/python3.12/site-packages/airflow/example_dags/example_sensor_decorator.py for tasks to queue
[2025-05-15T09:20:35.135+0000] {logging_mixin.py:190} INFO - [2025-05-15T09:20:35.134+0000] {dagbag.py:588} INFO - Filling up the DagBag from /home/airflow/.local/lib/python3.12/site-packages/airflow/example_dags/example_sensor_decorator.py
[2025-05-15T09:20:35.180+0000] {processor.py:925} INFO - DAG(s) 'example_sensor_decorator' retrieved from /home/airflow/.local/lib/python3.12/site-packages/airflow/example_dags/example_sensor_decorator.py
[2025-05-15T09:20:35.280+0000] {logging_mixin.py:190} INFO - [2025-05-15T09:20:35.279+0000] {dag.py:3239} INFO - Sync 1 DAGs
[2025-05-15T09:20:35.371+0000] {logging_mixin.py:190} INFO - [2025-05-15T09:20:35.371+0000] {dag.py:4180} INFO - Setting next_dagrun for example_sensor_decorator to None, run_after=None
[2025-05-15T09:20:35.483+0000] {processor.py:208} INFO - Processing /home/airflow/.local/lib/python3.12/site-packages/airflow/example_dags/example_sensor_decorator.py took 0.392 seconds
[2025-05-15T09:21:12.742+0000] {processor.py:186} INFO - Started process (PID=3892) to work on /home/airflow/.local/lib/python3.12/site-packages/airflow/example_dags/example_sensor_decorator.py
[2025-05-15T09:21:12.748+0000] {processor.py:914} INFO - Processing file /home/airflow/.local/lib/python3.12/site-packages/airflow/example_dags/example_sensor_decorator.py for tasks to queue
[2025-05-15T09:21:12.756+0000] {logging_mixin.py:190} INFO - [2025-05-15T09:21:12.755+0000] {dagbag.py:588} INFO - Filling up the DagBag from /home/airflow/.local/lib/python3.12/site-packages/airflow/example_dags/example_sensor_decorator.py
[2025-05-15T09:21:12.788+0000] {processor.py:925} INFO - DAG(s) 'example_sensor_decorator' retrieved from /home/airflow/.local/lib/python3.12/site-packages/airflow/example_dags/example_sensor_decorator.py
[2025-05-15T09:21:12.898+0000] {logging_mixin.py:190} INFO - [2025-05-15T09:21:12.895+0000] {dag.py:3239} INFO - Sync 1 DAGs
[2025-05-15T09:21:12.952+0000] {logging_mixin.py:190} INFO - [2025-05-15T09:21:12.951+0000] {dag.py:4180} INFO - Setting next_dagrun for example_sensor_decorator to None, run_after=None
[2025-05-15T09:21:13.015+0000] {processor.py:208} INFO - Processing /home/airflow/.local/lib/python3.12/site-packages/airflow/example_dags/example_sensor_decorator.py took 0.296 seconds
[2025-05-15T09:21:50.148+0000] {processor.py:186} INFO - Started process (PID=3970) to work on /home/airflow/.local/lib/python3.12/site-packages/airflow/example_dags/example_sensor_decorator.py
[2025-05-15T09:21:50.154+0000] {processor.py:914} INFO - Processing file /home/airflow/.local/lib/python3.12/site-packages/airflow/example_dags/example_sensor_decorator.py for tasks to queue
[2025-05-15T09:21:50.166+0000] {logging_mixin.py:190} INFO - [2025-05-15T09:21:50.165+0000] {dagbag.py:588} INFO - Filling up the DagBag from /home/airflow/.local/lib/python3.12/site-packages/airflow/example_dags/example_sensor_decorator.py
[2025-05-15T09:21:50.206+0000] {processor.py:925} INFO - DAG(s) 'example_sensor_decorator' retrieved from /home/airflow/.local/lib/python3.12/site-packages/airflow/example_dags/example_sensor_decorator.py
[2025-05-15T09:21:50.308+0000] {logging_mixin.py:190} INFO - [2025-05-15T09:21:50.307+0000] {dag.py:3239} INFO - Sync 1 DAGs
[2025-05-15T09:21:50.372+0000] {logging_mixin.py:190} INFO - [2025-05-15T09:21:50.370+0000] {dag.py:4180} INFO - Setting next_dagrun for example_sensor_decorator to None, run_after=None
[2025-05-15T09:21:50.470+0000] {processor.py:208} INFO - Processing /home/airflow/.local/lib/python3.12/site-packages/airflow/example_dags/example_sensor_decorator.py took 0.342 seconds
[2025-05-15T09:22:21.052+0000] {processor.py:186} INFO - Started process (PID=4037) to work on /home/airflow/.local/lib/python3.12/site-packages/airflow/example_dags/example_sensor_decorator.py
[2025-05-15T09:22:21.056+0000] {processor.py:914} INFO - Processing file /home/airflow/.local/lib/python3.12/site-packages/airflow/example_dags/example_sensor_decorator.py for tasks to queue
[2025-05-15T09:22:21.071+0000] {logging_mixin.py:190} INFO - [2025-05-15T09:22:21.067+0000] {dagbag.py:588} INFO - Filling up the DagBag from /home/airflow/.local/lib/python3.12/site-packages/airflow/example_dags/example_sensor_decorator.py
[2025-05-15T09:22:21.103+0000] {processor.py:925} INFO - DAG(s) 'example_sensor_decorator' retrieved from /home/airflow/.local/lib/python3.12/site-packages/airflow/example_dags/example_sensor_decorator.py
[2025-05-15T09:22:21.229+0000] {logging_mixin.py:190} INFO - [2025-05-15T09:22:21.227+0000] {dag.py:3239} INFO - Sync 1 DAGs
[2025-05-15T09:22:21.315+0000] {logging_mixin.py:190} INFO - [2025-05-15T09:22:21.314+0000] {dag.py:4180} INFO - Setting next_dagrun for example_sensor_decorator to None, run_after=None
[2025-05-15T09:22:21.401+0000] {processor.py:208} INFO - Processing /home/airflow/.local/lib/python3.12/site-packages/airflow/example_dags/example_sensor_decorator.py took 0.372 seconds
[2025-05-15T09:22:52.440+0000] {processor.py:186} INFO - Started process (PID=4101) to work on /home/airflow/.local/lib/python3.12/site-packages/airflow/example_dags/example_sensor_decorator.py
[2025-05-15T09:22:52.448+0000] {processor.py:914} INFO - Processing file /home/airflow/.local/lib/python3.12/site-packages/airflow/example_dags/example_sensor_decorator.py for tasks to queue
[2025-05-15T09:22:52.464+0000] {logging_mixin.py:190} INFO - [2025-05-15T09:22:52.464+0000] {dagbag.py:588} INFO - Filling up the DagBag from /home/airflow/.local/lib/python3.12/site-packages/airflow/example_dags/example_sensor_decorator.py
[2025-05-15T09:22:52.495+0000] {processor.py:925} INFO - DAG(s) 'example_sensor_decorator' retrieved from /home/airflow/.local/lib/python3.12/site-packages/airflow/example_dags/example_sensor_decorator.py
[2025-05-15T09:22:52.564+0000] {logging_mixin.py:190} INFO - [2025-05-15T09:22:52.563+0000] {dag.py:3239} INFO - Sync 1 DAGs
[2025-05-15T09:22:52.631+0000] {logging_mixin.py:190} INFO - [2025-05-15T09:22:52.630+0000] {dag.py:4180} INFO - Setting next_dagrun for example_sensor_decorator to None, run_after=None
[2025-05-15T09:22:52.715+0000] {processor.py:208} INFO - Processing /home/airflow/.local/lib/python3.12/site-packages/airflow/example_dags/example_sensor_decorator.py took 0.315 seconds
[2025-05-15T09:23:23.189+0000] {processor.py:186} INFO - Started process (PID=4166) to work on /home/airflow/.local/lib/python3.12/site-packages/airflow/example_dags/example_sensor_decorator.py
[2025-05-15T09:23:23.193+0000] {processor.py:914} INFO - Processing file /home/airflow/.local/lib/python3.12/site-packages/airflow/example_dags/example_sensor_decorator.py for tasks to queue
[2025-05-15T09:23:23.200+0000] {logging_mixin.py:190} INFO - [2025-05-15T09:23:23.199+0000] {dagbag.py:588} INFO - Filling up the DagBag from /home/airflow/.local/lib/python3.12/site-packages/airflow/example_dags/example_sensor_decorator.py
[2025-05-15T09:23:23.221+0000] {processor.py:925} INFO - DAG(s) 'example_sensor_decorator' retrieved from /home/airflow/.local/lib/python3.12/site-packages/airflow/example_dags/example_sensor_decorator.py
[2025-05-15T09:23:23.270+0000] {logging_mixin.py:190} INFO - [2025-05-15T09:23:23.269+0000] {dag.py:3239} INFO - Sync 1 DAGs
[2025-05-15T09:23:23.307+0000] {logging_mixin.py:190} INFO - [2025-05-15T09:23:23.306+0000] {dag.py:4180} INFO - Setting next_dagrun for example_sensor_decorator to None, run_after=None
[2025-05-15T09:23:23.360+0000] {processor.py:208} INFO - Processing /home/airflow/.local/lib/python3.12/site-packages/airflow/example_dags/example_sensor_decorator.py took 0.186 seconds
[2025-05-15T09:23:58.706+0000] {processor.py:186} INFO - Started process (PID=4239) to work on /home/airflow/.local/lib/python3.12/site-packages/airflow/example_dags/example_sensor_decorator.py
[2025-05-15T09:23:58.710+0000] {processor.py:914} INFO - Processing file /home/airflow/.local/lib/python3.12/site-packages/airflow/example_dags/example_sensor_decorator.py for tasks to queue
[2025-05-15T09:23:58.719+0000] {logging_mixin.py:190} INFO - [2025-05-15T09:23:58.718+0000] {dagbag.py:588} INFO - Filling up the DagBag from /home/airflow/.local/lib/python3.12/site-packages/airflow/example_dags/example_sensor_decorator.py
[2025-05-15T09:23:58.744+0000] {processor.py:925} INFO - DAG(s) 'example_sensor_decorator' retrieved from /home/airflow/.local/lib/python3.12/site-packages/airflow/example_dags/example_sensor_decorator.py
[2025-05-15T09:23:58.805+0000] {logging_mixin.py:190} INFO - [2025-05-15T09:23:58.804+0000] {dag.py:3239} INFO - Sync 1 DAGs
[2025-05-15T09:23:59.124+0000] {logging_mixin.py:190} INFO - [2025-05-15T09:23:59.123+0000] {dag.py:4180} INFO - Setting next_dagrun for example_sensor_decorator to None, run_after=None
[2025-05-15T09:23:59.186+0000] {processor.py:208} INFO - Processing /home/airflow/.local/lib/python3.12/site-packages/airflow/example_dags/example_sensor_decorator.py took 0.499 seconds
[2025-05-15T09:24:34.028+0000] {processor.py:186} INFO - Started process (PID=4306) to work on /home/airflow/.local/lib/python3.12/site-packages/airflow/example_dags/example_sensor_decorator.py
[2025-05-15T09:24:34.030+0000] {processor.py:914} INFO - Processing file /home/airflow/.local/lib/python3.12/site-packages/airflow/example_dags/example_sensor_decorator.py for tasks to queue
[2025-05-15T09:24:34.040+0000] {logging_mixin.py:190} INFO - [2025-05-15T09:24:34.037+0000] {dagbag.py:588} INFO - Filling up the DagBag from /home/airflow/.local/lib/python3.12/site-packages/airflow/example_dags/example_sensor_decorator.py
[2025-05-15T09:24:34.069+0000] {processor.py:925} INFO - DAG(s) 'example_sensor_decorator' retrieved from /home/airflow/.local/lib/python3.12/site-packages/airflow/example_dags/example_sensor_decorator.py
[2025-05-15T09:24:34.144+0000] {logging_mixin.py:190} INFO - [2025-05-15T09:24:34.141+0000] {dag.py:3239} INFO - Sync 1 DAGs
[2025-05-15T09:24:34.197+0000] {logging_mixin.py:190} INFO - [2025-05-15T09:24:34.196+0000] {dag.py:4180} INFO - Setting next_dagrun for example_sensor_decorator to None, run_after=None
[2025-05-15T09:24:34.297+0000] {processor.py:208} INFO - Processing /home/airflow/.local/lib/python3.12/site-packages/airflow/example_dags/example_sensor_decorator.py took 0.281 seconds
[2025-05-15T09:25:06.334+0000] {processor.py:186} INFO - Started process (PID=4370) to work on /home/airflow/.local/lib/python3.12/site-packages/airflow/example_dags/example_sensor_decorator.py
[2025-05-15T09:25:06.338+0000] {processor.py:914} INFO - Processing file /home/airflow/.local/lib/python3.12/site-packages/airflow/example_dags/example_sensor_decorator.py for tasks to queue
[2025-05-15T09:25:06.345+0000] {logging_mixin.py:190} INFO - [2025-05-15T09:25:06.344+0000] {dagbag.py:588} INFO - Filling up the DagBag from /home/airflow/.local/lib/python3.12/site-packages/airflow/example_dags/example_sensor_decorator.py
[2025-05-15T09:25:06.398+0000] {processor.py:925} INFO - DAG(s) 'example_sensor_decorator' retrieved from /home/airflow/.local/lib/python3.12/site-packages/airflow/example_dags/example_sensor_decorator.py
[2025-05-15T09:25:06.556+0000] {logging_mixin.py:190} INFO - [2025-05-15T09:25:06.555+0000] {dag.py:3239} INFO - Sync 1 DAGs
[2025-05-15T09:25:06.628+0000] {logging_mixin.py:190} INFO - [2025-05-15T09:25:06.627+0000] {dag.py:4180} INFO - Setting next_dagrun for example_sensor_decorator to None, run_after=None
[2025-05-15T09:25:06.729+0000] {processor.py:208} INFO - Processing /home/airflow/.local/lib/python3.12/site-packages/airflow/example_dags/example_sensor_decorator.py took 0.411 seconds
[2025-05-15T18:16:46.317+0000] {processor.py:186} INFO - Started process (PID=130) to work on /home/airflow/.local/lib/python3.12/site-packages/airflow/example_dags/example_sensor_decorator.py
[2025-05-15T18:16:46.320+0000] {processor.py:914} INFO - Processing file /home/airflow/.local/lib/python3.12/site-packages/airflow/example_dags/example_sensor_decorator.py for tasks to queue
[2025-05-15T18:16:46.327+0000] {logging_mixin.py:190} INFO - [2025-05-15T18:16:46.324+0000] {dagbag.py:588} INFO - Filling up the DagBag from /home/airflow/.local/lib/python3.12/site-packages/airflow/example_dags/example_sensor_decorator.py
[2025-05-15T18:16:46.341+0000] {processor.py:925} INFO - DAG(s) 'example_sensor_decorator' retrieved from /home/airflow/.local/lib/python3.12/site-packages/airflow/example_dags/example_sensor_decorator.py
[2025-05-15T18:16:46.376+0000] {logging_mixin.py:190} INFO - [2025-05-15T18:16:46.375+0000] {dag.py:3239} INFO - Sync 1 DAGs
[2025-05-15T18:16:46.400+0000] {logging_mixin.py:190} INFO - [2025-05-15T18:16:46.400+0000] {dag.py:4180} INFO - Setting next_dagrun for example_sensor_decorator to None, run_after=None
[2025-05-15T18:16:46.436+0000] {processor.py:208} INFO - Processing /home/airflow/.local/lib/python3.12/site-packages/airflow/example_dags/example_sensor_decorator.py took 0.128 seconds
[2025-05-15T18:17:42.254+0000] {processor.py:186} INFO - Started process (PID=205) to work on /home/airflow/.local/lib/python3.12/site-packages/airflow/example_dags/example_sensor_decorator.py
[2025-05-15T18:17:42.287+0000] {processor.py:914} INFO - Processing file /home/airflow/.local/lib/python3.12/site-packages/airflow/example_dags/example_sensor_decorator.py for tasks to queue
[2025-05-15T18:17:42.333+0000] {logging_mixin.py:190} INFO - [2025-05-15T18:17:42.331+0000] {dagbag.py:588} INFO - Filling up the DagBag from /home/airflow/.local/lib/python3.12/site-packages/airflow/example_dags/example_sensor_decorator.py
[2025-05-15T18:17:42.427+0000] {processor.py:925} INFO - DAG(s) 'example_sensor_decorator' retrieved from /home/airflow/.local/lib/python3.12/site-packages/airflow/example_dags/example_sensor_decorator.py
[2025-05-15T18:17:42.706+0000] {logging_mixin.py:190} INFO - [2025-05-15T18:17:42.704+0000] {dag.py:3239} INFO - Sync 1 DAGs
[2025-05-15T18:17:42.914+0000] {logging_mixin.py:190} INFO - [2025-05-15T18:17:42.901+0000] {dag.py:4180} INFO - Setting next_dagrun for example_sensor_decorator to None, run_after=None
[2025-05-15T18:17:43.346+0000] {processor.py:208} INFO - Processing /home/airflow/.local/lib/python3.12/site-packages/airflow/example_dags/example_sensor_decorator.py took 1.198 seconds
[2025-05-15T18:20:23.763+0000] {processor.py:186} INFO - Started process (PID=316) to work on /home/airflow/.local/lib/python3.12/site-packages/airflow/example_dags/example_sensor_decorator.py
[2025-05-15T18:20:23.810+0000] {processor.py:914} INFO - Processing file /home/airflow/.local/lib/python3.12/site-packages/airflow/example_dags/example_sensor_decorator.py for tasks to queue
[2025-05-15T18:20:23.871+0000] {logging_mixin.py:190} INFO - [2025-05-15T18:20:23.869+0000] {dagbag.py:588} INFO - Filling up the DagBag from /home/airflow/.local/lib/python3.12/site-packages/airflow/example_dags/example_sensor_decorator.py
[2025-05-15T18:20:23.948+0000] {processor.py:925} INFO - DAG(s) 'example_sensor_decorator' retrieved from /home/airflow/.local/lib/python3.12/site-packages/airflow/example_dags/example_sensor_decorator.py
[2025-05-15T18:20:24.255+0000] {logging_mixin.py:190} INFO - [2025-05-15T18:20:24.252+0000] {dag.py:3239} INFO - Sync 1 DAGs
[2025-05-15T18:20:25.010+0000] {logging_mixin.py:190} INFO - [2025-05-15T18:20:25.009+0000] {dag.py:4180} INFO - Setting next_dagrun for example_sensor_decorator to None, run_after=None
[2025-05-15T18:20:25.155+0000] {processor.py:208} INFO - Processing /home/airflow/.local/lib/python3.12/site-packages/airflow/example_dags/example_sensor_decorator.py took 1.421 seconds
[2025-05-15T18:22:47.479+0000] {processor.py:186} INFO - Started process (PID=406) to work on /home/airflow/.local/lib/python3.12/site-packages/airflow/example_dags/example_sensor_decorator.py
[2025-05-15T18:22:47.504+0000] {processor.py:914} INFO - Processing file /home/airflow/.local/lib/python3.12/site-packages/airflow/example_dags/example_sensor_decorator.py for tasks to queue
[2025-05-15T18:22:47.571+0000] {logging_mixin.py:190} INFO - [2025-05-15T18:22:47.570+0000] {dagbag.py:588} INFO - Filling up the DagBag from /home/airflow/.local/lib/python3.12/site-packages/airflow/example_dags/example_sensor_decorator.py
[2025-05-15T18:22:48.003+0000] {processor.py:925} INFO - DAG(s) 'example_sensor_decorator' retrieved from /home/airflow/.local/lib/python3.12/site-packages/airflow/example_dags/example_sensor_decorator.py
[2025-05-15T18:22:48.926+0000] {logging_mixin.py:190} INFO - [2025-05-15T18:22:48.925+0000] {dag.py:3239} INFO - Sync 1 DAGs
[2025-05-15T18:22:49.056+0000] {logging_mixin.py:190} INFO - [2025-05-15T18:22:49.056+0000] {dag.py:4180} INFO - Setting next_dagrun for example_sensor_decorator to None, run_after=None
[2025-05-15T18:22:49.190+0000] {processor.py:208} INFO - Processing /home/airflow/.local/lib/python3.12/site-packages/airflow/example_dags/example_sensor_decorator.py took 1.739 seconds
[2025-05-15T18:26:51.970+0000] {processor.py:186} INFO - Started process (PID=539) to work on /home/airflow/.local/lib/python3.12/site-packages/airflow/example_dags/example_sensor_decorator.py
[2025-05-15T18:26:52.125+0000] {processor.py:914} INFO - Processing file /home/airflow/.local/lib/python3.12/site-packages/airflow/example_dags/example_sensor_decorator.py for tasks to queue
[2025-05-15T18:26:52.148+0000] {logging_mixin.py:190} INFO - [2025-05-15T18:26:52.147+0000] {dagbag.py:588} INFO - Filling up the DagBag from /home/airflow/.local/lib/python3.12/site-packages/airflow/example_dags/example_sensor_decorator.py
[2025-05-15T18:26:52.234+0000] {processor.py:925} INFO - DAG(s) 'example_sensor_decorator' retrieved from /home/airflow/.local/lib/python3.12/site-packages/airflow/example_dags/example_sensor_decorator.py
[2025-05-15T18:26:52.454+0000] {logging_mixin.py:190} INFO - [2025-05-15T18:26:52.453+0000] {dag.py:3239} INFO - Sync 1 DAGs
[2025-05-15T18:26:52.612+0000] {logging_mixin.py:190} INFO - [2025-05-15T18:26:52.611+0000] {dag.py:4180} INFO - Setting next_dagrun for example_sensor_decorator to None, run_after=None
[2025-05-15T18:26:52.990+0000] {processor.py:208} INFO - Processing /home/airflow/.local/lib/python3.12/site-packages/airflow/example_dags/example_sensor_decorator.py took 1.363 seconds
[2025-05-15T18:29:54.504+0000] {processor.py:186} INFO - Started process (PID=667) to work on /home/airflow/.local/lib/python3.12/site-packages/airflow/example_dags/example_sensor_decorator.py
[2025-05-15T18:29:54.510+0000] {processor.py:914} INFO - Processing file /home/airflow/.local/lib/python3.12/site-packages/airflow/example_dags/example_sensor_decorator.py for tasks to queue
[2025-05-15T18:29:54.525+0000] {logging_mixin.py:190} INFO - [2025-05-15T18:29:54.524+0000] {dagbag.py:588} INFO - Filling up the DagBag from /home/airflow/.local/lib/python3.12/site-packages/airflow/example_dags/example_sensor_decorator.py
[2025-05-15T18:29:54.570+0000] {processor.py:925} INFO - DAG(s) 'example_sensor_decorator' retrieved from /home/airflow/.local/lib/python3.12/site-packages/airflow/example_dags/example_sensor_decorator.py
[2025-05-15T18:29:54.683+0000] {logging_mixin.py:190} INFO - [2025-05-15T18:29:54.682+0000] {dag.py:3239} INFO - Sync 1 DAGs
[2025-05-15T18:29:54.800+0000] {logging_mixin.py:190} INFO - [2025-05-15T18:29:54.799+0000] {dag.py:4180} INFO - Setting next_dagrun for example_sensor_decorator to None, run_after=None
[2025-05-15T18:29:54.937+0000] {processor.py:208} INFO - Processing /home/airflow/.local/lib/python3.12/site-packages/airflow/example_dags/example_sensor_decorator.py took 0.465 seconds
[2025-05-15T18:31:21.046+0000] {processor.py:186} INFO - Started process (PID=753) to work on /home/airflow/.local/lib/python3.12/site-packages/airflow/example_dags/example_sensor_decorator.py
[2025-05-15T18:31:21.053+0000] {processor.py:914} INFO - Processing file /home/airflow/.local/lib/python3.12/site-packages/airflow/example_dags/example_sensor_decorator.py for tasks to queue
[2025-05-15T18:31:21.070+0000] {logging_mixin.py:190} INFO - [2025-05-15T18:31:21.069+0000] {dagbag.py:588} INFO - Filling up the DagBag from /home/airflow/.local/lib/python3.12/site-packages/airflow/example_dags/example_sensor_decorator.py
[2025-05-15T18:31:21.107+0000] {processor.py:925} INFO - DAG(s) 'example_sensor_decorator' retrieved from /home/airflow/.local/lib/python3.12/site-packages/airflow/example_dags/example_sensor_decorator.py
[2025-05-15T18:31:21.277+0000] {logging_mixin.py:190} INFO - [2025-05-15T18:31:21.272+0000] {dag.py:3239} INFO - Sync 1 DAGs
[2025-05-15T18:31:21.493+0000] {logging_mixin.py:190} INFO - [2025-05-15T18:31:21.493+0000] {dag.py:4180} INFO - Setting next_dagrun for example_sensor_decorator to None, run_after=None
[2025-05-15T18:31:21.819+0000] {processor.py:208} INFO - Processing /home/airflow/.local/lib/python3.12/site-packages/airflow/example_dags/example_sensor_decorator.py took 0.804 seconds
[2025-05-15T18:32:21.527+0000] {processor.py:186} INFO - Started process (PID=829) to work on /home/airflow/.local/lib/python3.12/site-packages/airflow/example_dags/example_sensor_decorator.py
[2025-05-15T18:32:21.535+0000] {processor.py:914} INFO - Processing file /home/airflow/.local/lib/python3.12/site-packages/airflow/example_dags/example_sensor_decorator.py for tasks to queue
[2025-05-15T18:32:21.628+0000] {logging_mixin.py:190} INFO - [2025-05-15T18:32:21.612+0000] {dagbag.py:588} INFO - Filling up the DagBag from /home/airflow/.local/lib/python3.12/site-packages/airflow/example_dags/example_sensor_decorator.py
[2025-05-15T18:32:21.666+0000] {processor.py:925} INFO - DAG(s) 'example_sensor_decorator' retrieved from /home/airflow/.local/lib/python3.12/site-packages/airflow/example_dags/example_sensor_decorator.py
[2025-05-15T18:32:22.083+0000] {logging_mixin.py:190} INFO - [2025-05-15T18:32:22.081+0000] {dag.py:3239} INFO - Sync 1 DAGs
[2025-05-15T18:32:22.296+0000] {logging_mixin.py:190} INFO - [2025-05-15T18:32:22.282+0000] {dag.py:4180} INFO - Setting next_dagrun for example_sensor_decorator to None, run_after=None
[2025-05-15T18:32:22.686+0000] {processor.py:208} INFO - Processing /home/airflow/.local/lib/python3.12/site-packages/airflow/example_dags/example_sensor_decorator.py took 1.210 seconds
