[2025-05-15T08:47:41.354+0000] {processor.py:186} INFO - Started process (PID=112) to work on /home/airflow/.local/lib/python3.12/site-packages/airflow/example_dags/tutorial_objectstorage.py
[2025-05-15T08:47:41.358+0000] {processor.py:914} INFO - Processing file /home/airflow/.local/lib/python3.12/site-packages/airflow/example_dags/tutorial_objectstorage.py for tasks to queue
[2025-05-15T08:47:41.367+0000] {logging_mixin.py:190} INFO - [2025-05-15T08:47:41.365+0000] {dagbag.py:588} INFO - Filling up the DagBag from /home/airflow/.local/lib/python3.12/site-packages/airflow/example_dags/tutorial_objectstorage.py
[2025-05-15T08:47:41.396+0000] {processor.py:925} INFO - DAG(s) 'tutorial_objectstorage' retrieved from /home/airflow/.local/lib/python3.12/site-packages/airflow/example_dags/tutorial_objectstorage.py
[2025-05-15T08:47:41.459+0000] {logging_mixin.py:190} INFO - [2025-05-15T08:47:41.458+0000] {dag.py:3239} INFO - Sync 1 DAGs
[2025-05-15T08:47:41.506+0000] {logging_mixin.py:190} INFO - [2025-05-15T08:47:41.506+0000] {dag.py:4180} INFO - Setting next_dagrun for tutorial_objectstorage to None, run_after=None
[2025-05-15T08:47:41.582+0000] {processor.py:208} INFO - Processing /home/airflow/.local/lib/python3.12/site-packages/airflow/example_dags/tutorial_objectstorage.py took 0.248 seconds
[2025-05-15T08:48:12.367+0000] {processor.py:186} INFO - Started process (PID=178) to work on /home/airflow/.local/lib/python3.12/site-packages/airflow/example_dags/tutorial_objectstorage.py
[2025-05-15T08:48:12.372+0000] {processor.py:914} INFO - Processing file /home/airflow/.local/lib/python3.12/site-packages/airflow/example_dags/tutorial_objectstorage.py for tasks to queue
[2025-05-15T08:48:12.377+0000] {logging_mixin.py:190} INFO - [2025-05-15T08:48:12.377+0000] {dagbag.py:588} INFO - Filling up the DagBag from /home/airflow/.local/lib/python3.12/site-packages/airflow/example_dags/tutorial_objectstorage.py
[2025-05-15T08:48:12.399+0000] {processor.py:925} INFO - DAG(s) 'tutorial_objectstorage' retrieved from /home/airflow/.local/lib/python3.12/site-packages/airflow/example_dags/tutorial_objectstorage.py
[2025-05-15T08:48:12.440+0000] {logging_mixin.py:190} INFO - [2025-05-15T08:48:12.439+0000] {dag.py:3239} INFO - Sync 1 DAGs
[2025-05-15T08:48:12.471+0000] {logging_mixin.py:190} INFO - [2025-05-15T08:48:12.470+0000] {dag.py:4180} INFO - Setting next_dagrun for tutorial_objectstorage to None, run_after=None
[2025-05-15T08:48:12.508+0000] {processor.py:208} INFO - Processing /home/airflow/.local/lib/python3.12/site-packages/airflow/example_dags/tutorial_objectstorage.py took 0.149 seconds
[2025-05-15T08:48:47.941+0000] {processor.py:186} INFO - Started process (PID=245) to work on /home/airflow/.local/lib/python3.12/site-packages/airflow/example_dags/tutorial_objectstorage.py
[2025-05-15T08:48:47.946+0000] {processor.py:914} INFO - Processing file /home/airflow/.local/lib/python3.12/site-packages/airflow/example_dags/tutorial_objectstorage.py for tasks to queue
[2025-05-15T08:48:47.962+0000] {logging_mixin.py:190} INFO - [2025-05-15T08:48:47.959+0000] {dagbag.py:588} INFO - Filling up the DagBag from /home/airflow/.local/lib/python3.12/site-packages/airflow/example_dags/tutorial_objectstorage.py
[2025-05-15T08:48:47.996+0000] {processor.py:925} INFO - DAG(s) 'tutorial_objectstorage' retrieved from /home/airflow/.local/lib/python3.12/site-packages/airflow/example_dags/tutorial_objectstorage.py
[2025-05-15T08:48:48.110+0000] {logging_mixin.py:190} INFO - [2025-05-15T08:48:48.109+0000] {dag.py:3239} INFO - Sync 1 DAGs
[2025-05-15T08:48:48.178+0000] {logging_mixin.py:190} INFO - [2025-05-15T08:48:48.178+0000] {dag.py:4180} INFO - Setting next_dagrun for tutorial_objectstorage to None, run_after=None
[2025-05-15T08:48:48.300+0000] {processor.py:208} INFO - Processing /home/airflow/.local/lib/python3.12/site-packages/airflow/example_dags/tutorial_objectstorage.py took 0.380 seconds
[2025-05-15T08:49:26.525+0000] {processor.py:186} INFO - Started process (PID=310) to work on /home/airflow/.local/lib/python3.12/site-packages/airflow/example_dags/tutorial_objectstorage.py
[2025-05-15T08:49:26.624+0000] {processor.py:914} INFO - Processing file /home/airflow/.local/lib/python3.12/site-packages/airflow/example_dags/tutorial_objectstorage.py for tasks to queue
[2025-05-15T08:49:26.700+0000] {logging_mixin.py:190} INFO - [2025-05-15T08:49:26.699+0000] {dagbag.py:588} INFO - Filling up the DagBag from /home/airflow/.local/lib/python3.12/site-packages/airflow/example_dags/tutorial_objectstorage.py
[2025-05-15T08:49:26.831+0000] {processor.py:925} INFO - DAG(s) 'tutorial_objectstorage' retrieved from /home/airflow/.local/lib/python3.12/site-packages/airflow/example_dags/tutorial_objectstorage.py
[2025-05-15T08:49:27.026+0000] {logging_mixin.py:190} INFO - [2025-05-15T08:49:27.022+0000] {dag.py:3239} INFO - Sync 1 DAGs
[2025-05-15T08:49:27.185+0000] {logging_mixin.py:190} INFO - [2025-05-15T08:49:27.183+0000] {dag.py:4180} INFO - Setting next_dagrun for tutorial_objectstorage to None, run_after=None
[2025-05-15T08:49:27.391+0000] {processor.py:208} INFO - Processing /home/airflow/.local/lib/python3.12/site-packages/airflow/example_dags/tutorial_objectstorage.py took 0.934 seconds
[2025-05-15T08:50:06.202+0000] {processor.py:186} INFO - Started process (PID=376) to work on /home/airflow/.local/lib/python3.12/site-packages/airflow/example_dags/tutorial_objectstorage.py
[2025-05-15T08:50:06.222+0000] {processor.py:914} INFO - Processing file /home/airflow/.local/lib/python3.12/site-packages/airflow/example_dags/tutorial_objectstorage.py for tasks to queue
[2025-05-15T08:50:06.256+0000] {logging_mixin.py:190} INFO - [2025-05-15T08:50:06.253+0000] {dagbag.py:588} INFO - Filling up the DagBag from /home/airflow/.local/lib/python3.12/site-packages/airflow/example_dags/tutorial_objectstorage.py
[2025-05-15T08:50:06.298+0000] {processor.py:925} INFO - DAG(s) 'tutorial_objectstorage' retrieved from /home/airflow/.local/lib/python3.12/site-packages/airflow/example_dags/tutorial_objectstorage.py
[2025-05-15T08:50:06.403+0000] {logging_mixin.py:190} INFO - [2025-05-15T08:50:06.402+0000] {dag.py:3239} INFO - Sync 1 DAGs
[2025-05-15T08:50:06.484+0000] {logging_mixin.py:190} INFO - [2025-05-15T08:50:06.483+0000] {dag.py:4180} INFO - Setting next_dagrun for tutorial_objectstorage to None, run_after=None
[2025-05-15T08:50:06.598+0000] {processor.py:208} INFO - Processing /home/airflow/.local/lib/python3.12/site-packages/airflow/example_dags/tutorial_objectstorage.py took 0.419 seconds
[2025-05-15T08:50:52.675+0000] {processor.py:186} INFO - Started process (PID=452) to work on /home/airflow/.local/lib/python3.12/site-packages/airflow/example_dags/tutorial_objectstorage.py
[2025-05-15T08:50:52.706+0000] {processor.py:914} INFO - Processing file /home/airflow/.local/lib/python3.12/site-packages/airflow/example_dags/tutorial_objectstorage.py for tasks to queue
[2025-05-15T08:50:52.766+0000] {logging_mixin.py:190} INFO - [2025-05-15T08:50:52.762+0000] {dagbag.py:588} INFO - Filling up the DagBag from /home/airflow/.local/lib/python3.12/site-packages/airflow/example_dags/tutorial_objectstorage.py
[2025-05-15T08:50:52.822+0000] {processor.py:925} INFO - DAG(s) 'tutorial_objectstorage' retrieved from /home/airflow/.local/lib/python3.12/site-packages/airflow/example_dags/tutorial_objectstorage.py
[2025-05-15T08:50:52.947+0000] {logging_mixin.py:190} INFO - [2025-05-15T08:50:52.945+0000] {dag.py:3239} INFO - Sync 1 DAGs
[2025-05-15T08:50:53.029+0000] {logging_mixin.py:190} INFO - [2025-05-15T08:50:53.028+0000] {dag.py:4180} INFO - Setting next_dagrun for tutorial_objectstorage to None, run_after=None
[2025-05-15T08:50:53.180+0000] {processor.py:208} INFO - Processing /home/airflow/.local/lib/python3.12/site-packages/airflow/example_dags/tutorial_objectstorage.py took 0.524 seconds
[2025-05-15T08:51:32.895+0000] {processor.py:186} INFO - Started process (PID=515) to work on /home/airflow/.local/lib/python3.12/site-packages/airflow/example_dags/tutorial_objectstorage.py
[2025-05-15T08:51:32.935+0000] {processor.py:914} INFO - Processing file /home/airflow/.local/lib/python3.12/site-packages/airflow/example_dags/tutorial_objectstorage.py for tasks to queue
[2025-05-15T08:51:32.951+0000] {logging_mixin.py:190} INFO - [2025-05-15T08:51:32.950+0000] {dagbag.py:588} INFO - Filling up the DagBag from /home/airflow/.local/lib/python3.12/site-packages/airflow/example_dags/tutorial_objectstorage.py
[2025-05-15T08:51:32.990+0000] {processor.py:925} INFO - DAG(s) 'tutorial_objectstorage' retrieved from /home/airflow/.local/lib/python3.12/site-packages/airflow/example_dags/tutorial_objectstorage.py
[2025-05-15T08:51:33.042+0000] {logging_mixin.py:190} INFO - [2025-05-15T08:51:33.041+0000] {dag.py:3239} INFO - Sync 1 DAGs
[2025-05-15T08:51:33.089+0000] {logging_mixin.py:190} INFO - [2025-05-15T08:51:33.088+0000] {dag.py:4180} INFO - Setting next_dagrun for tutorial_objectstorage to None, run_after=None
[2025-05-15T08:51:33.161+0000] {processor.py:208} INFO - Processing /home/airflow/.local/lib/python3.12/site-packages/airflow/example_dags/tutorial_objectstorage.py took 0.285 seconds
[2025-05-15T08:52:03.566+0000] {processor.py:186} INFO - Started process (PID=579) to work on /home/airflow/.local/lib/python3.12/site-packages/airflow/example_dags/tutorial_objectstorage.py
[2025-05-15T08:52:03.570+0000] {processor.py:914} INFO - Processing file /home/airflow/.local/lib/python3.12/site-packages/airflow/example_dags/tutorial_objectstorage.py for tasks to queue
[2025-05-15T08:52:03.577+0000] {logging_mixin.py:190} INFO - [2025-05-15T08:52:03.576+0000] {dagbag.py:588} INFO - Filling up the DagBag from /home/airflow/.local/lib/python3.12/site-packages/airflow/example_dags/tutorial_objectstorage.py
[2025-05-15T08:52:03.604+0000] {processor.py:925} INFO - DAG(s) 'tutorial_objectstorage' retrieved from /home/airflow/.local/lib/python3.12/site-packages/airflow/example_dags/tutorial_objectstorage.py
[2025-05-15T08:52:03.662+0000] {logging_mixin.py:190} INFO - [2025-05-15T08:52:03.661+0000] {dag.py:3239} INFO - Sync 1 DAGs
[2025-05-15T08:52:03.704+0000] {logging_mixin.py:190} INFO - [2025-05-15T08:52:03.703+0000] {dag.py:4180} INFO - Setting next_dagrun for tutorial_objectstorage to None, run_after=None
[2025-05-15T08:52:03.764+0000] {processor.py:208} INFO - Processing /home/airflow/.local/lib/python3.12/site-packages/airflow/example_dags/tutorial_objectstorage.py took 0.213 seconds
[2025-05-15T08:52:39.056+0000] {processor.py:186} INFO - Started process (PID=644) to work on /home/airflow/.local/lib/python3.12/site-packages/airflow/example_dags/tutorial_objectstorage.py
[2025-05-15T08:52:39.059+0000] {processor.py:914} INFO - Processing file /home/airflow/.local/lib/python3.12/site-packages/airflow/example_dags/tutorial_objectstorage.py for tasks to queue
[2025-05-15T08:52:39.069+0000] {logging_mixin.py:190} INFO - [2025-05-15T08:52:39.068+0000] {dagbag.py:588} INFO - Filling up the DagBag from /home/airflow/.local/lib/python3.12/site-packages/airflow/example_dags/tutorial_objectstorage.py
[2025-05-15T08:52:39.095+0000] {processor.py:925} INFO - DAG(s) 'tutorial_objectstorage' retrieved from /home/airflow/.local/lib/python3.12/site-packages/airflow/example_dags/tutorial_objectstorage.py
[2025-05-15T08:52:39.158+0000] {logging_mixin.py:190} INFO - [2025-05-15T08:52:39.158+0000] {dag.py:3239} INFO - Sync 1 DAGs
[2025-05-15T08:52:39.203+0000] {logging_mixin.py:190} INFO - [2025-05-15T08:52:39.202+0000] {dag.py:4180} INFO - Setting next_dagrun for tutorial_objectstorage to None, run_after=None
[2025-05-15T08:52:39.297+0000] {processor.py:208} INFO - Processing /home/airflow/.local/lib/python3.12/site-packages/airflow/example_dags/tutorial_objectstorage.py took 0.258 seconds
[2025-05-15T08:53:15.032+0000] {processor.py:186} INFO - Started process (PID=716) to work on /home/airflow/.local/lib/python3.12/site-packages/airflow/example_dags/tutorial_objectstorage.py
[2025-05-15T08:53:15.036+0000] {processor.py:914} INFO - Processing file /home/airflow/.local/lib/python3.12/site-packages/airflow/example_dags/tutorial_objectstorage.py for tasks to queue
[2025-05-15T08:53:15.046+0000] {logging_mixin.py:190} INFO - [2025-05-15T08:53:15.045+0000] {dagbag.py:588} INFO - Filling up the DagBag from /home/airflow/.local/lib/python3.12/site-packages/airflow/example_dags/tutorial_objectstorage.py
[2025-05-15T08:53:15.084+0000] {processor.py:925} INFO - DAG(s) 'tutorial_objectstorage' retrieved from /home/airflow/.local/lib/python3.12/site-packages/airflow/example_dags/tutorial_objectstorage.py
[2025-05-15T08:53:15.206+0000] {logging_mixin.py:190} INFO - [2025-05-15T08:53:15.205+0000] {dag.py:3239} INFO - Sync 1 DAGs
[2025-05-15T08:53:15.276+0000] {logging_mixin.py:190} INFO - [2025-05-15T08:53:15.276+0000] {dag.py:4180} INFO - Setting next_dagrun for tutorial_objectstorage to None, run_after=None
[2025-05-15T08:53:15.394+0000] {processor.py:208} INFO - Processing /home/airflow/.local/lib/python3.12/site-packages/airflow/example_dags/tutorial_objectstorage.py took 0.384 seconds
[2025-05-15T08:53:45.710+0000] {processor.py:186} INFO - Started process (PID=780) to work on /home/airflow/.local/lib/python3.12/site-packages/airflow/example_dags/tutorial_objectstorage.py
[2025-05-15T08:53:45.713+0000] {processor.py:914} INFO - Processing file /home/airflow/.local/lib/python3.12/site-packages/airflow/example_dags/tutorial_objectstorage.py for tasks to queue
[2025-05-15T08:53:45.720+0000] {logging_mixin.py:190} INFO - [2025-05-15T08:53:45.719+0000] {dagbag.py:588} INFO - Filling up the DagBag from /home/airflow/.local/lib/python3.12/site-packages/airflow/example_dags/tutorial_objectstorage.py
[2025-05-15T08:53:45.747+0000] {processor.py:925} INFO - DAG(s) 'tutorial_objectstorage' retrieved from /home/airflow/.local/lib/python3.12/site-packages/airflow/example_dags/tutorial_objectstorage.py
[2025-05-15T08:53:45.788+0000] {logging_mixin.py:190} INFO - [2025-05-15T08:53:45.788+0000] {dag.py:3239} INFO - Sync 1 DAGs
[2025-05-15T08:53:45.836+0000] {logging_mixin.py:190} INFO - [2025-05-15T08:53:45.835+0000] {dag.py:4180} INFO - Setting next_dagrun for tutorial_objectstorage to None, run_after=None
[2025-05-15T08:53:45.881+0000] {processor.py:208} INFO - Processing /home/airflow/.local/lib/python3.12/site-packages/airflow/example_dags/tutorial_objectstorage.py took 0.186 seconds
[2025-05-15T08:54:26.102+0000] {processor.py:186} INFO - Started process (PID=845) to work on /home/airflow/.local/lib/python3.12/site-packages/airflow/example_dags/tutorial_objectstorage.py
[2025-05-15T08:54:26.113+0000] {processor.py:914} INFO - Processing file /home/airflow/.local/lib/python3.12/site-packages/airflow/example_dags/tutorial_objectstorage.py for tasks to queue
[2025-05-15T08:54:26.131+0000] {logging_mixin.py:190} INFO - [2025-05-15T08:54:26.129+0000] {dagbag.py:588} INFO - Filling up the DagBag from /home/airflow/.local/lib/python3.12/site-packages/airflow/example_dags/tutorial_objectstorage.py
[2025-05-15T08:54:26.188+0000] {processor.py:925} INFO - DAG(s) 'tutorial_objectstorage' retrieved from /home/airflow/.local/lib/python3.12/site-packages/airflow/example_dags/tutorial_objectstorage.py
[2025-05-15T08:54:26.297+0000] {logging_mixin.py:190} INFO - [2025-05-15T08:54:26.296+0000] {dag.py:3239} INFO - Sync 1 DAGs
[2025-05-15T08:54:26.374+0000] {logging_mixin.py:190} INFO - [2025-05-15T08:54:26.374+0000] {dag.py:4180} INFO - Setting next_dagrun for tutorial_objectstorage to None, run_after=None
[2025-05-15T08:54:26.492+0000] {processor.py:208} INFO - Processing /home/airflow/.local/lib/python3.12/site-packages/airflow/example_dags/tutorial_objectstorage.py took 0.421 seconds
[2025-05-15T08:54:57.283+0000] {processor.py:186} INFO - Started process (PID=910) to work on /home/airflow/.local/lib/python3.12/site-packages/airflow/example_dags/tutorial_objectstorage.py
[2025-05-15T08:54:57.285+0000] {processor.py:914} INFO - Processing file /home/airflow/.local/lib/python3.12/site-packages/airflow/example_dags/tutorial_objectstorage.py for tasks to queue
[2025-05-15T08:54:57.291+0000] {logging_mixin.py:190} INFO - [2025-05-15T08:54:57.290+0000] {dagbag.py:588} INFO - Filling up the DagBag from /home/airflow/.local/lib/python3.12/site-packages/airflow/example_dags/tutorial_objectstorage.py
[2025-05-15T08:54:57.309+0000] {processor.py:925} INFO - DAG(s) 'tutorial_objectstorage' retrieved from /home/airflow/.local/lib/python3.12/site-packages/airflow/example_dags/tutorial_objectstorage.py
[2025-05-15T08:54:57.351+0000] {logging_mixin.py:190} INFO - [2025-05-15T08:54:57.350+0000] {dag.py:3239} INFO - Sync 1 DAGs
[2025-05-15T08:54:57.382+0000] {logging_mixin.py:190} INFO - [2025-05-15T08:54:57.381+0000] {dag.py:4180} INFO - Setting next_dagrun for tutorial_objectstorage to None, run_after=None
[2025-05-15T08:54:57.426+0000] {processor.py:208} INFO - Processing /home/airflow/.local/lib/python3.12/site-packages/airflow/example_dags/tutorial_objectstorage.py took 0.156 seconds
[2025-05-15T08:55:28.520+0000] {processor.py:186} INFO - Started process (PID=975) to work on /home/airflow/.local/lib/python3.12/site-packages/airflow/example_dags/tutorial_objectstorage.py
[2025-05-15T08:55:28.526+0000] {processor.py:914} INFO - Processing file /home/airflow/.local/lib/python3.12/site-packages/airflow/example_dags/tutorial_objectstorage.py for tasks to queue
[2025-05-15T08:55:28.533+0000] {logging_mixin.py:190} INFO - [2025-05-15T08:55:28.532+0000] {dagbag.py:588} INFO - Filling up the DagBag from /home/airflow/.local/lib/python3.12/site-packages/airflow/example_dags/tutorial_objectstorage.py
[2025-05-15T08:55:28.562+0000] {processor.py:925} INFO - DAG(s) 'tutorial_objectstorage' retrieved from /home/airflow/.local/lib/python3.12/site-packages/airflow/example_dags/tutorial_objectstorage.py
[2025-05-15T08:55:28.641+0000] {logging_mixin.py:190} INFO - [2025-05-15T08:55:28.640+0000] {dag.py:3239} INFO - Sync 1 DAGs
[2025-05-15T08:55:28.711+0000] {logging_mixin.py:190} INFO - [2025-05-15T08:55:28.710+0000] {dag.py:4180} INFO - Setting next_dagrun for tutorial_objectstorage to None, run_after=None
[2025-05-15T08:55:28.808+0000] {processor.py:208} INFO - Processing /home/airflow/.local/lib/python3.12/site-packages/airflow/example_dags/tutorial_objectstorage.py took 0.308 seconds
[2025-05-15T08:55:59.822+0000] {processor.py:186} INFO - Started process (PID=1041) to work on /home/airflow/.local/lib/python3.12/site-packages/airflow/example_dags/tutorial_objectstorage.py
[2025-05-15T08:55:59.825+0000] {processor.py:914} INFO - Processing file /home/airflow/.local/lib/python3.12/site-packages/airflow/example_dags/tutorial_objectstorage.py for tasks to queue
[2025-05-15T08:55:59.832+0000] {logging_mixin.py:190} INFO - [2025-05-15T08:55:59.832+0000] {dagbag.py:588} INFO - Filling up the DagBag from /home/airflow/.local/lib/python3.12/site-packages/airflow/example_dags/tutorial_objectstorage.py
[2025-05-15T08:55:59.857+0000] {processor.py:925} INFO - DAG(s) 'tutorial_objectstorage' retrieved from /home/airflow/.local/lib/python3.12/site-packages/airflow/example_dags/tutorial_objectstorage.py
[2025-05-15T08:55:59.902+0000] {logging_mixin.py:190} INFO - [2025-05-15T08:55:59.902+0000] {dag.py:3239} INFO - Sync 1 DAGs
[2025-05-15T08:55:59.937+0000] {logging_mixin.py:190} INFO - [2025-05-15T08:55:59.937+0000] {dag.py:4180} INFO - Setting next_dagrun for tutorial_objectstorage to None, run_after=None
[2025-05-15T08:55:59.980+0000] {processor.py:208} INFO - Processing /home/airflow/.local/lib/python3.12/site-packages/airflow/example_dags/tutorial_objectstorage.py took 0.176 seconds
[2025-05-15T08:56:30.633+0000] {processor.py:186} INFO - Started process (PID=1107) to work on /home/airflow/.local/lib/python3.12/site-packages/airflow/example_dags/tutorial_objectstorage.py
[2025-05-15T08:56:30.636+0000] {processor.py:914} INFO - Processing file /home/airflow/.local/lib/python3.12/site-packages/airflow/example_dags/tutorial_objectstorage.py for tasks to queue
[2025-05-15T08:56:30.641+0000] {logging_mixin.py:190} INFO - [2025-05-15T08:56:30.641+0000] {dagbag.py:588} INFO - Filling up the DagBag from /home/airflow/.local/lib/python3.12/site-packages/airflow/example_dags/tutorial_objectstorage.py
[2025-05-15T08:56:30.663+0000] {processor.py:925} INFO - DAG(s) 'tutorial_objectstorage' retrieved from /home/airflow/.local/lib/python3.12/site-packages/airflow/example_dags/tutorial_objectstorage.py
[2025-05-15T08:56:30.699+0000] {logging_mixin.py:190} INFO - [2025-05-15T08:56:30.698+0000] {dag.py:3239} INFO - Sync 1 DAGs
[2025-05-15T08:56:30.736+0000] {logging_mixin.py:190} INFO - [2025-05-15T08:56:30.735+0000] {dag.py:4180} INFO - Setting next_dagrun for tutorial_objectstorage to None, run_after=None
[2025-05-15T08:56:30.774+0000] {processor.py:208} INFO - Processing /home/airflow/.local/lib/python3.12/site-packages/airflow/example_dags/tutorial_objectstorage.py took 0.154 seconds
[2025-05-15T08:57:01.796+0000] {processor.py:186} INFO - Started process (PID=1172) to work on /home/airflow/.local/lib/python3.12/site-packages/airflow/example_dags/tutorial_objectstorage.py
[2025-05-15T08:57:01.799+0000] {processor.py:914} INFO - Processing file /home/airflow/.local/lib/python3.12/site-packages/airflow/example_dags/tutorial_objectstorage.py for tasks to queue
[2025-05-15T08:57:01.804+0000] {logging_mixin.py:190} INFO - [2025-05-15T08:57:01.804+0000] {dagbag.py:588} INFO - Filling up the DagBag from /home/airflow/.local/lib/python3.12/site-packages/airflow/example_dags/tutorial_objectstorage.py
[2025-05-15T08:57:01.823+0000] {processor.py:925} INFO - DAG(s) 'tutorial_objectstorage' retrieved from /home/airflow/.local/lib/python3.12/site-packages/airflow/example_dags/tutorial_objectstorage.py
[2025-05-15T08:57:01.860+0000] {logging_mixin.py:190} INFO - [2025-05-15T08:57:01.860+0000] {dag.py:3239} INFO - Sync 1 DAGs
[2025-05-15T08:57:01.880+0000] {logging_mixin.py:190} INFO - [2025-05-15T08:57:01.880+0000] {dag.py:4180} INFO - Setting next_dagrun for tutorial_objectstorage to None, run_after=None
[2025-05-15T08:57:01.907+0000] {processor.py:208} INFO - Processing /home/airflow/.local/lib/python3.12/site-packages/airflow/example_dags/tutorial_objectstorage.py took 0.124 seconds
[2025-05-15T08:57:35.137+0000] {processor.py:186} INFO - Started process (PID=1237) to work on /home/airflow/.local/lib/python3.12/site-packages/airflow/example_dags/tutorial_objectstorage.py
[2025-05-15T08:57:35.141+0000] {processor.py:914} INFO - Processing file /home/airflow/.local/lib/python3.12/site-packages/airflow/example_dags/tutorial_objectstorage.py for tasks to queue
[2025-05-15T08:57:35.149+0000] {logging_mixin.py:190} INFO - [2025-05-15T08:57:35.148+0000] {dagbag.py:588} INFO - Filling up the DagBag from /home/airflow/.local/lib/python3.12/site-packages/airflow/example_dags/tutorial_objectstorage.py
[2025-05-15T08:57:35.172+0000] {processor.py:925} INFO - DAG(s) 'tutorial_objectstorage' retrieved from /home/airflow/.local/lib/python3.12/site-packages/airflow/example_dags/tutorial_objectstorage.py
[2025-05-15T08:57:35.285+0000] {logging_mixin.py:190} INFO - [2025-05-15T08:57:35.284+0000] {dag.py:3239} INFO - Sync 1 DAGs
[2025-05-15T08:57:35.332+0000] {logging_mixin.py:190} INFO - [2025-05-15T08:57:35.332+0000] {dag.py:4180} INFO - Setting next_dagrun for tutorial_objectstorage to None, run_after=None
[2025-05-15T08:57:35.396+0000] {processor.py:208} INFO - Processing /home/airflow/.local/lib/python3.12/site-packages/airflow/example_dags/tutorial_objectstorage.py took 0.274 seconds
[2025-05-15T08:58:05.480+0000] {processor.py:186} INFO - Started process (PID=1303) to work on /home/airflow/.local/lib/python3.12/site-packages/airflow/example_dags/tutorial_objectstorage.py
[2025-05-15T08:58:05.483+0000] {processor.py:914} INFO - Processing file /home/airflow/.local/lib/python3.12/site-packages/airflow/example_dags/tutorial_objectstorage.py for tasks to queue
[2025-05-15T08:58:05.488+0000] {logging_mixin.py:190} INFO - [2025-05-15T08:58:05.487+0000] {dagbag.py:588} INFO - Filling up the DagBag from /home/airflow/.local/lib/python3.12/site-packages/airflow/example_dags/tutorial_objectstorage.py
[2025-05-15T08:58:05.502+0000] {processor.py:925} INFO - DAG(s) 'tutorial_objectstorage' retrieved from /home/airflow/.local/lib/python3.12/site-packages/airflow/example_dags/tutorial_objectstorage.py
[2025-05-15T08:58:05.534+0000] {logging_mixin.py:190} INFO - [2025-05-15T08:58:05.533+0000] {dag.py:3239} INFO - Sync 1 DAGs
[2025-05-15T08:58:05.561+0000] {logging_mixin.py:190} INFO - [2025-05-15T08:58:05.560+0000] {dag.py:4180} INFO - Setting next_dagrun for tutorial_objectstorage to None, run_after=None
[2025-05-15T08:58:05.599+0000] {processor.py:208} INFO - Processing /home/airflow/.local/lib/python3.12/site-packages/airflow/example_dags/tutorial_objectstorage.py took 0.130 seconds
[2025-05-15T08:58:36.075+0000] {processor.py:186} INFO - Started process (PID=1367) to work on /home/airflow/.local/lib/python3.12/site-packages/airflow/example_dags/tutorial_objectstorage.py
[2025-05-15T08:58:36.077+0000] {processor.py:914} INFO - Processing file /home/airflow/.local/lib/python3.12/site-packages/airflow/example_dags/tutorial_objectstorage.py for tasks to queue
[2025-05-15T08:58:36.081+0000] {logging_mixin.py:190} INFO - [2025-05-15T08:58:36.080+0000] {dagbag.py:588} INFO - Filling up the DagBag from /home/airflow/.local/lib/python3.12/site-packages/airflow/example_dags/tutorial_objectstorage.py
[2025-05-15T08:58:36.096+0000] {processor.py:925} INFO - DAG(s) 'tutorial_objectstorage' retrieved from /home/airflow/.local/lib/python3.12/site-packages/airflow/example_dags/tutorial_objectstorage.py
[2025-05-15T08:58:36.133+0000] {logging_mixin.py:190} INFO - [2025-05-15T08:58:36.132+0000] {dag.py:3239} INFO - Sync 1 DAGs
[2025-05-15T08:58:36.155+0000] {logging_mixin.py:190} INFO - [2025-05-15T08:58:36.155+0000] {dag.py:4180} INFO - Setting next_dagrun for tutorial_objectstorage to None, run_after=None
[2025-05-15T08:58:36.199+0000] {processor.py:208} INFO - Processing /home/airflow/.local/lib/python3.12/site-packages/airflow/example_dags/tutorial_objectstorage.py took 0.134 seconds
[2025-05-15T08:59:08.124+0000] {processor.py:186} INFO - Started process (PID=1434) to work on /home/airflow/.local/lib/python3.12/site-packages/airflow/example_dags/tutorial_objectstorage.py
[2025-05-15T08:59:08.127+0000] {processor.py:914} INFO - Processing file /home/airflow/.local/lib/python3.12/site-packages/airflow/example_dags/tutorial_objectstorage.py for tasks to queue
[2025-05-15T08:59:08.133+0000] {logging_mixin.py:190} INFO - [2025-05-15T08:59:08.132+0000] {dagbag.py:588} INFO - Filling up the DagBag from /home/airflow/.local/lib/python3.12/site-packages/airflow/example_dags/tutorial_objectstorage.py
[2025-05-15T08:59:08.158+0000] {processor.py:925} INFO - DAG(s) 'tutorial_objectstorage' retrieved from /home/airflow/.local/lib/python3.12/site-packages/airflow/example_dags/tutorial_objectstorage.py
[2025-05-15T08:59:08.203+0000] {logging_mixin.py:190} INFO - [2025-05-15T08:59:08.203+0000] {dag.py:3239} INFO - Sync 1 DAGs
[2025-05-15T08:59:08.238+0000] {logging_mixin.py:190} INFO - [2025-05-15T08:59:08.238+0000] {dag.py:4180} INFO - Setting next_dagrun for tutorial_objectstorage to None, run_after=None
[2025-05-15T08:59:08.285+0000] {processor.py:208} INFO - Processing /home/airflow/.local/lib/python3.12/site-packages/airflow/example_dags/tutorial_objectstorage.py took 0.176 seconds
[2025-05-15T08:59:38.631+0000] {processor.py:186} INFO - Started process (PID=1499) to work on /home/airflow/.local/lib/python3.12/site-packages/airflow/example_dags/tutorial_objectstorage.py
[2025-05-15T08:59:38.633+0000] {processor.py:914} INFO - Processing file /home/airflow/.local/lib/python3.12/site-packages/airflow/example_dags/tutorial_objectstorage.py for tasks to queue
[2025-05-15T08:59:38.636+0000] {logging_mixin.py:190} INFO - [2025-05-15T08:59:38.636+0000] {dagbag.py:588} INFO - Filling up the DagBag from /home/airflow/.local/lib/python3.12/site-packages/airflow/example_dags/tutorial_objectstorage.py
[2025-05-15T08:59:38.648+0000] {processor.py:925} INFO - DAG(s) 'tutorial_objectstorage' retrieved from /home/airflow/.local/lib/python3.12/site-packages/airflow/example_dags/tutorial_objectstorage.py
[2025-05-15T08:59:38.672+0000] {logging_mixin.py:190} INFO - [2025-05-15T08:59:38.671+0000] {dag.py:3239} INFO - Sync 1 DAGs
[2025-05-15T08:59:38.694+0000] {logging_mixin.py:190} INFO - [2025-05-15T08:59:38.693+0000] {dag.py:4180} INFO - Setting next_dagrun for tutorial_objectstorage to None, run_after=None
[2025-05-15T08:59:38.725+0000] {processor.py:208} INFO - Processing /home/airflow/.local/lib/python3.12/site-packages/airflow/example_dags/tutorial_objectstorage.py took 0.105 seconds
[2025-05-15T09:00:18.025+0000] {processor.py:186} INFO - Started process (PID=1570) to work on /home/airflow/.local/lib/python3.12/site-packages/airflow/example_dags/tutorial_objectstorage.py
[2025-05-15T09:00:18.034+0000] {processor.py:914} INFO - Processing file /home/airflow/.local/lib/python3.12/site-packages/airflow/example_dags/tutorial_objectstorage.py for tasks to queue
[2025-05-15T09:00:18.052+0000] {logging_mixin.py:190} INFO - [2025-05-15T09:00:18.050+0000] {dagbag.py:588} INFO - Filling up the DagBag from /home/airflow/.local/lib/python3.12/site-packages/airflow/example_dags/tutorial_objectstorage.py
[2025-05-15T09:00:18.105+0000] {processor.py:925} INFO - DAG(s) 'tutorial_objectstorage' retrieved from /home/airflow/.local/lib/python3.12/site-packages/airflow/example_dags/tutorial_objectstorage.py
[2025-05-15T09:00:18.236+0000] {logging_mixin.py:190} INFO - [2025-05-15T09:00:18.235+0000] {dag.py:3239} INFO - Sync 1 DAGs
[2025-05-15T09:00:18.329+0000] {logging_mixin.py:190} INFO - [2025-05-15T09:00:18.328+0000] {dag.py:4180} INFO - Setting next_dagrun for tutorial_objectstorage to None, run_after=None
[2025-05-15T09:00:18.520+0000] {processor.py:208} INFO - Processing /home/airflow/.local/lib/python3.12/site-packages/airflow/example_dags/tutorial_objectstorage.py took 0.520 seconds
[2025-05-15T09:00:54.427+0000] {processor.py:186} INFO - Started process (PID=1637) to work on /home/airflow/.local/lib/python3.12/site-packages/airflow/example_dags/tutorial_objectstorage.py
[2025-05-15T09:00:54.441+0000] {processor.py:914} INFO - Processing file /home/airflow/.local/lib/python3.12/site-packages/airflow/example_dags/tutorial_objectstorage.py for tasks to queue
[2025-05-15T09:00:54.476+0000] {logging_mixin.py:190} INFO - [2025-05-15T09:00:54.472+0000] {dagbag.py:588} INFO - Filling up the DagBag from /home/airflow/.local/lib/python3.12/site-packages/airflow/example_dags/tutorial_objectstorage.py
[2025-05-15T09:00:54.580+0000] {processor.py:925} INFO - DAG(s) 'tutorial_objectstorage' retrieved from /home/airflow/.local/lib/python3.12/site-packages/airflow/example_dags/tutorial_objectstorage.py
[2025-05-15T09:00:54.661+0000] {logging_mixin.py:190} INFO - [2025-05-15T09:00:54.660+0000] {dag.py:3239} INFO - Sync 1 DAGs
[2025-05-15T09:00:54.732+0000] {logging_mixin.py:190} INFO - [2025-05-15T09:00:54.729+0000] {dag.py:4180} INFO - Setting next_dagrun for tutorial_objectstorage to None, run_after=None
[2025-05-15T09:00:54.806+0000] {processor.py:208} INFO - Processing /home/airflow/.local/lib/python3.12/site-packages/airflow/example_dags/tutorial_objectstorage.py took 0.484 seconds
[2025-05-15T09:01:57.796+0000] {processor.py:186} INFO - Started process (PID=1716) to work on /home/airflow/.local/lib/python3.12/site-packages/airflow/example_dags/tutorial_objectstorage.py
[2025-05-15T09:01:57.806+0000] {processor.py:914} INFO - Processing file /home/airflow/.local/lib/python3.12/site-packages/airflow/example_dags/tutorial_objectstorage.py for tasks to queue
[2025-05-15T09:01:57.826+0000] {logging_mixin.py:190} INFO - [2025-05-15T09:01:57.824+0000] {dagbag.py:588} INFO - Filling up the DagBag from /home/airflow/.local/lib/python3.12/site-packages/airflow/example_dags/tutorial_objectstorage.py
[2025-05-15T09:01:57.884+0000] {processor.py:925} INFO - DAG(s) 'tutorial_objectstorage' retrieved from /home/airflow/.local/lib/python3.12/site-packages/airflow/example_dags/tutorial_objectstorage.py
[2025-05-15T09:01:58.044+0000] {logging_mixin.py:190} INFO - [2025-05-15T09:01:58.043+0000] {dag.py:3239} INFO - Sync 1 DAGs
[2025-05-15T09:01:58.140+0000] {logging_mixin.py:190} INFO - [2025-05-15T09:01:58.139+0000] {dag.py:4180} INFO - Setting next_dagrun for tutorial_objectstorage to None, run_after=None
[2025-05-15T09:01:58.281+0000] {processor.py:208} INFO - Processing /home/airflow/.local/lib/python3.12/site-packages/airflow/example_dags/tutorial_objectstorage.py took 0.539 seconds
[2025-05-15T09:02:36.639+0000] {processor.py:186} INFO - Started process (PID=1781) to work on /home/airflow/.local/lib/python3.12/site-packages/airflow/example_dags/tutorial_objectstorage.py
[2025-05-15T09:02:36.647+0000] {processor.py:914} INFO - Processing file /home/airflow/.local/lib/python3.12/site-packages/airflow/example_dags/tutorial_objectstorage.py for tasks to queue
[2025-05-15T09:02:36.676+0000] {logging_mixin.py:190} INFO - [2025-05-15T09:02:36.675+0000] {dagbag.py:588} INFO - Filling up the DagBag from /home/airflow/.local/lib/python3.12/site-packages/airflow/example_dags/tutorial_objectstorage.py
[2025-05-15T09:02:36.772+0000] {processor.py:925} INFO - DAG(s) 'tutorial_objectstorage' retrieved from /home/airflow/.local/lib/python3.12/site-packages/airflow/example_dags/tutorial_objectstorage.py
[2025-05-15T09:02:36.902+0000] {logging_mixin.py:190} INFO - [2025-05-15T09:02:36.902+0000] {dag.py:3239} INFO - Sync 1 DAGs
[2025-05-15T09:02:37.001+0000] {logging_mixin.py:190} INFO - [2025-05-15T09:02:37.000+0000] {dag.py:4180} INFO - Setting next_dagrun for tutorial_objectstorage to None, run_after=None
[2025-05-15T09:02:37.094+0000] {processor.py:208} INFO - Processing /home/airflow/.local/lib/python3.12/site-packages/airflow/example_dags/tutorial_objectstorage.py took 0.478 seconds
[2025-05-15T09:03:52.524+0000] {processor.py:186} INFO - Started process (PID=1858) to work on /home/airflow/.local/lib/python3.12/site-packages/airflow/example_dags/tutorial_objectstorage.py
[2025-05-15T09:03:52.538+0000] {processor.py:914} INFO - Processing file /home/airflow/.local/lib/python3.12/site-packages/airflow/example_dags/tutorial_objectstorage.py for tasks to queue
[2025-05-15T09:03:52.558+0000] {logging_mixin.py:190} INFO - [2025-05-15T09:03:52.557+0000] {dagbag.py:588} INFO - Filling up the DagBag from /home/airflow/.local/lib/python3.12/site-packages/airflow/example_dags/tutorial_objectstorage.py
[2025-05-15T09:03:52.596+0000] {processor.py:925} INFO - DAG(s) 'tutorial_objectstorage' retrieved from /home/airflow/.local/lib/python3.12/site-packages/airflow/example_dags/tutorial_objectstorage.py
[2025-05-15T09:03:52.810+0000] {logging_mixin.py:190} INFO - [2025-05-15T09:03:52.809+0000] {dag.py:3239} INFO - Sync 1 DAGs
[2025-05-15T09:03:52.883+0000] {logging_mixin.py:190} INFO - [2025-05-15T09:03:52.883+0000] {dag.py:4180} INFO - Setting next_dagrun for tutorial_objectstorage to None, run_after=None
[2025-05-15T09:03:53.040+0000] {processor.py:208} INFO - Processing /home/airflow/.local/lib/python3.12/site-packages/airflow/example_dags/tutorial_objectstorage.py took 0.536 seconds
[2025-05-15T09:04:28.597+0000] {processor.py:186} INFO - Started process (PID=1923) to work on /home/airflow/.local/lib/python3.12/site-packages/airflow/example_dags/tutorial_objectstorage.py
[2025-05-15T09:04:28.604+0000] {processor.py:914} INFO - Processing file /home/airflow/.local/lib/python3.12/site-packages/airflow/example_dags/tutorial_objectstorage.py for tasks to queue
[2025-05-15T09:04:28.619+0000] {logging_mixin.py:190} INFO - [2025-05-15T09:04:28.615+0000] {dagbag.py:588} INFO - Filling up the DagBag from /home/airflow/.local/lib/python3.12/site-packages/airflow/example_dags/tutorial_objectstorage.py
[2025-05-15T09:04:28.672+0000] {processor.py:925} INFO - DAG(s) 'tutorial_objectstorage' retrieved from /home/airflow/.local/lib/python3.12/site-packages/airflow/example_dags/tutorial_objectstorage.py
[2025-05-15T09:04:28.778+0000] {logging_mixin.py:190} INFO - [2025-05-15T09:04:28.778+0000] {dag.py:3239} INFO - Sync 1 DAGs
[2025-05-15T09:04:28.852+0000] {logging_mixin.py:190} INFO - [2025-05-15T09:04:28.852+0000] {dag.py:4180} INFO - Setting next_dagrun for tutorial_objectstorage to None, run_after=None
[2025-05-15T09:04:28.920+0000] {processor.py:208} INFO - Processing /home/airflow/.local/lib/python3.12/site-packages/airflow/example_dags/tutorial_objectstorage.py took 0.353 seconds
[2025-05-15T09:05:02.993+0000] {processor.py:186} INFO - Started process (PID=1988) to work on /home/airflow/.local/lib/python3.12/site-packages/airflow/example_dags/tutorial_objectstorage.py
[2025-05-15T09:05:03.004+0000] {processor.py:914} INFO - Processing file /home/airflow/.local/lib/python3.12/site-packages/airflow/example_dags/tutorial_objectstorage.py for tasks to queue
[2025-05-15T09:05:03.026+0000] {logging_mixin.py:190} INFO - [2025-05-15T09:05:03.025+0000] {dagbag.py:588} INFO - Filling up the DagBag from /home/airflow/.local/lib/python3.12/site-packages/airflow/example_dags/tutorial_objectstorage.py
[2025-05-15T09:05:03.060+0000] {processor.py:925} INFO - DAG(s) 'tutorial_objectstorage' retrieved from /home/airflow/.local/lib/python3.12/site-packages/airflow/example_dags/tutorial_objectstorage.py
[2025-05-15T09:05:03.185+0000] {logging_mixin.py:190} INFO - [2025-05-15T09:05:03.185+0000] {dag.py:3239} INFO - Sync 1 DAGs
[2025-05-15T09:05:03.262+0000] {logging_mixin.py:190} INFO - [2025-05-15T09:05:03.261+0000] {dag.py:4180} INFO - Setting next_dagrun for tutorial_objectstorage to None, run_after=None
[2025-05-15T09:05:03.398+0000] {processor.py:208} INFO - Processing /home/airflow/.local/lib/python3.12/site-packages/airflow/example_dags/tutorial_objectstorage.py took 0.427 seconds
[2025-05-15T09:05:45.079+0000] {processor.py:186} INFO - Started process (PID=2053) to work on /home/airflow/.local/lib/python3.12/site-packages/airflow/example_dags/tutorial_objectstorage.py
[2025-05-15T09:05:45.082+0000] {processor.py:914} INFO - Processing file /home/airflow/.local/lib/python3.12/site-packages/airflow/example_dags/tutorial_objectstorage.py for tasks to queue
[2025-05-15T09:05:45.090+0000] {logging_mixin.py:190} INFO - [2025-05-15T09:05:45.089+0000] {dagbag.py:588} INFO - Filling up the DagBag from /home/airflow/.local/lib/python3.12/site-packages/airflow/example_dags/tutorial_objectstorage.py
[2025-05-15T09:05:45.115+0000] {processor.py:925} INFO - DAG(s) 'tutorial_objectstorage' retrieved from /home/airflow/.local/lib/python3.12/site-packages/airflow/example_dags/tutorial_objectstorage.py
[2025-05-15T09:05:45.214+0000] {logging_mixin.py:190} INFO - [2025-05-15T09:05:45.211+0000] {dag.py:3239} INFO - Sync 1 DAGs
[2025-05-15T09:05:45.254+0000] {logging_mixin.py:190} INFO - [2025-05-15T09:05:45.253+0000] {dag.py:4180} INFO - Setting next_dagrun for tutorial_objectstorage to None, run_after=None
[2025-05-15T09:05:45.316+0000] {processor.py:208} INFO - Processing /home/airflow/.local/lib/python3.12/site-packages/airflow/example_dags/tutorial_objectstorage.py took 0.254 seconds
[2025-05-15T09:06:15.697+0000] {processor.py:186} INFO - Started process (PID=2118) to work on /home/airflow/.local/lib/python3.12/site-packages/airflow/example_dags/tutorial_objectstorage.py
[2025-05-15T09:06:15.699+0000] {processor.py:914} INFO - Processing file /home/airflow/.local/lib/python3.12/site-packages/airflow/example_dags/tutorial_objectstorage.py for tasks to queue
[2025-05-15T09:06:15.703+0000] {logging_mixin.py:190} INFO - [2025-05-15T09:06:15.703+0000] {dagbag.py:588} INFO - Filling up the DagBag from /home/airflow/.local/lib/python3.12/site-packages/airflow/example_dags/tutorial_objectstorage.py
[2025-05-15T09:06:15.727+0000] {processor.py:925} INFO - DAG(s) 'tutorial_objectstorage' retrieved from /home/airflow/.local/lib/python3.12/site-packages/airflow/example_dags/tutorial_objectstorage.py
[2025-05-15T09:06:15.774+0000] {logging_mixin.py:190} INFO - [2025-05-15T09:06:15.774+0000] {dag.py:3239} INFO - Sync 1 DAGs
[2025-05-15T09:06:15.803+0000] {logging_mixin.py:190} INFO - [2025-05-15T09:06:15.802+0000] {dag.py:4180} INFO - Setting next_dagrun for tutorial_objectstorage to None, run_after=None
[2025-05-15T09:06:15.848+0000] {processor.py:208} INFO - Processing /home/airflow/.local/lib/python3.12/site-packages/airflow/example_dags/tutorial_objectstorage.py took 0.160 seconds
[2025-05-15T09:06:47.638+0000] {processor.py:186} INFO - Started process (PID=2183) to work on /home/airflow/.local/lib/python3.12/site-packages/airflow/example_dags/tutorial_objectstorage.py
[2025-05-15T09:06:47.642+0000] {processor.py:914} INFO - Processing file /home/airflow/.local/lib/python3.12/site-packages/airflow/example_dags/tutorial_objectstorage.py for tasks to queue
[2025-05-15T09:06:47.651+0000] {logging_mixin.py:190} INFO - [2025-05-15T09:06:47.650+0000] {dagbag.py:588} INFO - Filling up the DagBag from /home/airflow/.local/lib/python3.12/site-packages/airflow/example_dags/tutorial_objectstorage.py
[2025-05-15T09:06:47.680+0000] {processor.py:925} INFO - DAG(s) 'tutorial_objectstorage' retrieved from /home/airflow/.local/lib/python3.12/site-packages/airflow/example_dags/tutorial_objectstorage.py
[2025-05-15T09:06:47.731+0000] {logging_mixin.py:190} INFO - [2025-05-15T09:06:47.730+0000] {dag.py:3239} INFO - Sync 1 DAGs
[2025-05-15T09:06:47.771+0000] {logging_mixin.py:190} INFO - [2025-05-15T09:06:47.770+0000] {dag.py:4180} INFO - Setting next_dagrun for tutorial_objectstorage to None, run_after=None
[2025-05-15T09:06:47.829+0000] {processor.py:208} INFO - Processing /home/airflow/.local/lib/python3.12/site-packages/airflow/example_dags/tutorial_objectstorage.py took 0.210 seconds
[2025-05-15T09:07:19.333+0000] {processor.py:186} INFO - Started process (PID=2252) to work on /home/airflow/.local/lib/python3.12/site-packages/airflow/example_dags/tutorial_objectstorage.py
[2025-05-15T09:07:19.404+0000] {processor.py:914} INFO - Processing file /home/airflow/.local/lib/python3.12/site-packages/airflow/example_dags/tutorial_objectstorage.py for tasks to queue
[2025-05-15T09:07:19.442+0000] {logging_mixin.py:190} INFO - [2025-05-15T09:07:19.441+0000] {dagbag.py:588} INFO - Filling up the DagBag from /home/airflow/.local/lib/python3.12/site-packages/airflow/example_dags/tutorial_objectstorage.py
[2025-05-15T09:07:19.491+0000] {processor.py:925} INFO - DAG(s) 'tutorial_objectstorage' retrieved from /home/airflow/.local/lib/python3.12/site-packages/airflow/example_dags/tutorial_objectstorage.py
[2025-05-15T09:07:19.584+0000] {logging_mixin.py:190} INFO - [2025-05-15T09:07:19.583+0000] {dag.py:3239} INFO - Sync 1 DAGs
[2025-05-15T09:07:19.644+0000] {logging_mixin.py:190} INFO - [2025-05-15T09:07:19.643+0000] {dag.py:4180} INFO - Setting next_dagrun for tutorial_objectstorage to None, run_after=None
[2025-05-15T09:07:19.761+0000] {processor.py:208} INFO - Processing /home/airflow/.local/lib/python3.12/site-packages/airflow/example_dags/tutorial_objectstorage.py took 0.451 seconds
[2025-05-15T09:07:50.182+0000] {processor.py:186} INFO - Started process (PID=2316) to work on /home/airflow/.local/lib/python3.12/site-packages/airflow/example_dags/tutorial_objectstorage.py
[2025-05-15T09:07:50.186+0000] {processor.py:914} INFO - Processing file /home/airflow/.local/lib/python3.12/site-packages/airflow/example_dags/tutorial_objectstorage.py for tasks to queue
[2025-05-15T09:07:50.195+0000] {logging_mixin.py:190} INFO - [2025-05-15T09:07:50.193+0000] {dagbag.py:588} INFO - Filling up the DagBag from /home/airflow/.local/lib/python3.12/site-packages/airflow/example_dags/tutorial_objectstorage.py
[2025-05-15T09:07:50.218+0000] {processor.py:925} INFO - DAG(s) 'tutorial_objectstorage' retrieved from /home/airflow/.local/lib/python3.12/site-packages/airflow/example_dags/tutorial_objectstorage.py
[2025-05-15T09:07:50.279+0000] {logging_mixin.py:190} INFO - [2025-05-15T09:07:50.279+0000] {dag.py:3239} INFO - Sync 1 DAGs
[2025-05-15T09:07:50.319+0000] {logging_mixin.py:190} INFO - [2025-05-15T09:07:50.318+0000] {dag.py:4180} INFO - Setting next_dagrun for tutorial_objectstorage to None, run_after=None
[2025-05-15T09:07:50.373+0000] {processor.py:208} INFO - Processing /home/airflow/.local/lib/python3.12/site-packages/airflow/example_dags/tutorial_objectstorage.py took 0.206 seconds
[2025-05-15T09:08:20.614+0000] {processor.py:186} INFO - Started process (PID=2381) to work on /home/airflow/.local/lib/python3.12/site-packages/airflow/example_dags/tutorial_objectstorage.py
[2025-05-15T09:08:20.617+0000] {processor.py:914} INFO - Processing file /home/airflow/.local/lib/python3.12/site-packages/airflow/example_dags/tutorial_objectstorage.py for tasks to queue
[2025-05-15T09:08:20.621+0000] {logging_mixin.py:190} INFO - [2025-05-15T09:08:20.620+0000] {dagbag.py:588} INFO - Filling up the DagBag from /home/airflow/.local/lib/python3.12/site-packages/airflow/example_dags/tutorial_objectstorage.py
[2025-05-15T09:08:20.639+0000] {processor.py:925} INFO - DAG(s) 'tutorial_objectstorage' retrieved from /home/airflow/.local/lib/python3.12/site-packages/airflow/example_dags/tutorial_objectstorage.py
[2025-05-15T09:08:20.679+0000] {logging_mixin.py:190} INFO - [2025-05-15T09:08:20.678+0000] {dag.py:3239} INFO - Sync 1 DAGs
[2025-05-15T09:08:20.708+0000] {logging_mixin.py:190} INFO - [2025-05-15T09:08:20.708+0000] {dag.py:4180} INFO - Setting next_dagrun for tutorial_objectstorage to None, run_after=None
[2025-05-15T09:08:20.746+0000] {processor.py:208} INFO - Processing /home/airflow/.local/lib/python3.12/site-packages/airflow/example_dags/tutorial_objectstorage.py took 0.141 seconds
[2025-05-15T09:08:50.876+0000] {processor.py:186} INFO - Started process (PID=2447) to work on /home/airflow/.local/lib/python3.12/site-packages/airflow/example_dags/tutorial_objectstorage.py
[2025-05-15T09:08:50.878+0000] {processor.py:914} INFO - Processing file /home/airflow/.local/lib/python3.12/site-packages/airflow/example_dags/tutorial_objectstorage.py for tasks to queue
[2025-05-15T09:08:50.882+0000] {logging_mixin.py:190} INFO - [2025-05-15T09:08:50.881+0000] {dagbag.py:588} INFO - Filling up the DagBag from /home/airflow/.local/lib/python3.12/site-packages/airflow/example_dags/tutorial_objectstorage.py
[2025-05-15T09:08:50.896+0000] {processor.py:925} INFO - DAG(s) 'tutorial_objectstorage' retrieved from /home/airflow/.local/lib/python3.12/site-packages/airflow/example_dags/tutorial_objectstorage.py
[2025-05-15T09:08:50.926+0000] {logging_mixin.py:190} INFO - [2025-05-15T09:08:50.926+0000] {dag.py:3239} INFO - Sync 1 DAGs
[2025-05-15T09:08:50.949+0000] {logging_mixin.py:190} INFO - [2025-05-15T09:08:50.949+0000] {dag.py:4180} INFO - Setting next_dagrun for tutorial_objectstorage to None, run_after=None
[2025-05-15T09:08:50.985+0000] {processor.py:208} INFO - Processing /home/airflow/.local/lib/python3.12/site-packages/airflow/example_dags/tutorial_objectstorage.py took 0.119 seconds
[2025-05-15T09:09:27.112+0000] {processor.py:186} INFO - Started process (PID=2512) to work on /home/airflow/.local/lib/python3.12/site-packages/airflow/example_dags/tutorial_objectstorage.py
[2025-05-15T09:09:27.117+0000] {processor.py:914} INFO - Processing file /home/airflow/.local/lib/python3.12/site-packages/airflow/example_dags/tutorial_objectstorage.py for tasks to queue
[2025-05-15T09:09:27.124+0000] {logging_mixin.py:190} INFO - [2025-05-15T09:09:27.123+0000] {dagbag.py:588} INFO - Filling up the DagBag from /home/airflow/.local/lib/python3.12/site-packages/airflow/example_dags/tutorial_objectstorage.py
[2025-05-15T09:09:27.152+0000] {processor.py:925} INFO - DAG(s) 'tutorial_objectstorage' retrieved from /home/airflow/.local/lib/python3.12/site-packages/airflow/example_dags/tutorial_objectstorage.py
[2025-05-15T09:09:27.227+0000] {logging_mixin.py:190} INFO - [2025-05-15T09:09:27.226+0000] {dag.py:3239} INFO - Sync 1 DAGs
[2025-05-15T09:09:27.281+0000] {logging_mixin.py:190} INFO - [2025-05-15T09:09:27.281+0000] {dag.py:4180} INFO - Setting next_dagrun for tutorial_objectstorage to None, run_after=None
[2025-05-15T09:09:27.391+0000] {processor.py:208} INFO - Processing /home/airflow/.local/lib/python3.12/site-packages/airflow/example_dags/tutorial_objectstorage.py took 0.297 seconds
[2025-05-15T09:09:57.902+0000] {processor.py:186} INFO - Started process (PID=2576) to work on /home/airflow/.local/lib/python3.12/site-packages/airflow/example_dags/tutorial_objectstorage.py
[2025-05-15T09:09:57.906+0000] {processor.py:914} INFO - Processing file /home/airflow/.local/lib/python3.12/site-packages/airflow/example_dags/tutorial_objectstorage.py for tasks to queue
[2025-05-15T09:09:57.915+0000] {logging_mixin.py:190} INFO - [2025-05-15T09:09:57.914+0000] {dagbag.py:588} INFO - Filling up the DagBag from /home/airflow/.local/lib/python3.12/site-packages/airflow/example_dags/tutorial_objectstorage.py
[2025-05-15T09:09:57.931+0000] {processor.py:925} INFO - DAG(s) 'tutorial_objectstorage' retrieved from /home/airflow/.local/lib/python3.12/site-packages/airflow/example_dags/tutorial_objectstorage.py
[2025-05-15T09:09:57.960+0000] {logging_mixin.py:190} INFO - [2025-05-15T09:09:57.959+0000] {dag.py:3239} INFO - Sync 1 DAGs
[2025-05-15T09:09:57.983+0000] {logging_mixin.py:190} INFO - [2025-05-15T09:09:57.983+0000] {dag.py:4180} INFO - Setting next_dagrun for tutorial_objectstorage to None, run_after=None
[2025-05-15T09:09:58.012+0000] {processor.py:208} INFO - Processing /home/airflow/.local/lib/python3.12/site-packages/airflow/example_dags/tutorial_objectstorage.py took 0.122 seconds
[2025-05-15T09:10:37.792+0000] {processor.py:186} INFO - Started process (PID=2642) to work on /home/airflow/.local/lib/python3.12/site-packages/airflow/example_dags/tutorial_objectstorage.py
[2025-05-15T09:10:37.794+0000] {processor.py:914} INFO - Processing file /home/airflow/.local/lib/python3.12/site-packages/airflow/example_dags/tutorial_objectstorage.py for tasks to queue
[2025-05-15T09:10:37.801+0000] {logging_mixin.py:190} INFO - [2025-05-15T09:10:37.800+0000] {dagbag.py:588} INFO - Filling up the DagBag from /home/airflow/.local/lib/python3.12/site-packages/airflow/example_dags/tutorial_objectstorage.py
[2025-05-15T09:10:37.827+0000] {processor.py:925} INFO - DAG(s) 'tutorial_objectstorage' retrieved from /home/airflow/.local/lib/python3.12/site-packages/airflow/example_dags/tutorial_objectstorage.py
[2025-05-15T09:10:37.884+0000] {logging_mixin.py:190} INFO - [2025-05-15T09:10:37.884+0000] {dag.py:3239} INFO - Sync 1 DAGs
[2025-05-15T09:10:37.926+0000] {logging_mixin.py:190} INFO - [2025-05-15T09:10:37.926+0000] {dag.py:4180} INFO - Setting next_dagrun for tutorial_objectstorage to None, run_after=None
[2025-05-15T09:10:37.984+0000] {processor.py:208} INFO - Processing /home/airflow/.local/lib/python3.12/site-packages/airflow/example_dags/tutorial_objectstorage.py took 0.204 seconds
[2025-05-15T09:11:09.209+0000] {processor.py:186} INFO - Started process (PID=2707) to work on /home/airflow/.local/lib/python3.12/site-packages/airflow/example_dags/tutorial_objectstorage.py
[2025-05-15T09:11:09.213+0000] {processor.py:914} INFO - Processing file /home/airflow/.local/lib/python3.12/site-packages/airflow/example_dags/tutorial_objectstorage.py for tasks to queue
[2025-05-15T09:11:09.221+0000] {logging_mixin.py:190} INFO - [2025-05-15T09:11:09.220+0000] {dagbag.py:588} INFO - Filling up the DagBag from /home/airflow/.local/lib/python3.12/site-packages/airflow/example_dags/tutorial_objectstorage.py
[2025-05-15T09:11:09.246+0000] {processor.py:925} INFO - DAG(s) 'tutorial_objectstorage' retrieved from /home/airflow/.local/lib/python3.12/site-packages/airflow/example_dags/tutorial_objectstorage.py
[2025-05-15T09:11:09.294+0000] {logging_mixin.py:190} INFO - [2025-05-15T09:11:09.293+0000] {dag.py:3239} INFO - Sync 1 DAGs
[2025-05-15T09:11:09.336+0000] {logging_mixin.py:190} INFO - [2025-05-15T09:11:09.336+0000] {dag.py:4180} INFO - Setting next_dagrun for tutorial_objectstorage to None, run_after=None
[2025-05-15T09:11:09.392+0000] {processor.py:208} INFO - Processing /home/airflow/.local/lib/python3.12/site-packages/airflow/example_dags/tutorial_objectstorage.py took 0.197 seconds
[2025-05-15T09:11:41.236+0000] {processor.py:186} INFO - Started process (PID=2771) to work on /home/airflow/.local/lib/python3.12/site-packages/airflow/example_dags/tutorial_objectstorage.py
[2025-05-15T09:11:41.243+0000] {processor.py:914} INFO - Processing file /home/airflow/.local/lib/python3.12/site-packages/airflow/example_dags/tutorial_objectstorage.py for tasks to queue
[2025-05-15T09:11:41.259+0000] {logging_mixin.py:190} INFO - [2025-05-15T09:11:41.258+0000] {dagbag.py:588} INFO - Filling up the DagBag from /home/airflow/.local/lib/python3.12/site-packages/airflow/example_dags/tutorial_objectstorage.py
[2025-05-15T09:11:41.304+0000] {processor.py:925} INFO - DAG(s) 'tutorial_objectstorage' retrieved from /home/airflow/.local/lib/python3.12/site-packages/airflow/example_dags/tutorial_objectstorage.py
[2025-05-15T09:11:41.402+0000] {logging_mixin.py:190} INFO - [2025-05-15T09:11:41.399+0000] {dag.py:3239} INFO - Sync 1 DAGs
[2025-05-15T09:11:41.481+0000] {logging_mixin.py:190} INFO - [2025-05-15T09:11:41.480+0000] {dag.py:4180} INFO - Setting next_dagrun for tutorial_objectstorage to None, run_after=None
[2025-05-15T09:11:41.593+0000] {processor.py:208} INFO - Processing /home/airflow/.local/lib/python3.12/site-packages/airflow/example_dags/tutorial_objectstorage.py took 0.386 seconds
[2025-05-15T09:12:12.411+0000] {processor.py:186} INFO - Started process (PID=2836) to work on /home/airflow/.local/lib/python3.12/site-packages/airflow/example_dags/tutorial_objectstorage.py
[2025-05-15T09:12:12.416+0000] {processor.py:914} INFO - Processing file /home/airflow/.local/lib/python3.12/site-packages/airflow/example_dags/tutorial_objectstorage.py for tasks to queue
[2025-05-15T09:12:12.421+0000] {logging_mixin.py:190} INFO - [2025-05-15T09:12:12.420+0000] {dagbag.py:588} INFO - Filling up the DagBag from /home/airflow/.local/lib/python3.12/site-packages/airflow/example_dags/tutorial_objectstorage.py
[2025-05-15T09:12:12.459+0000] {processor.py:925} INFO - DAG(s) 'tutorial_objectstorage' retrieved from /home/airflow/.local/lib/python3.12/site-packages/airflow/example_dags/tutorial_objectstorage.py
[2025-05-15T09:12:12.532+0000] {logging_mixin.py:190} INFO - [2025-05-15T09:12:12.531+0000] {dag.py:3239} INFO - Sync 1 DAGs
[2025-05-15T09:12:12.590+0000] {logging_mixin.py:190} INFO - [2025-05-15T09:12:12.589+0000] {dag.py:4180} INFO - Setting next_dagrun for tutorial_objectstorage to None, run_after=None
[2025-05-15T09:12:12.651+0000] {processor.py:208} INFO - Processing /home/airflow/.local/lib/python3.12/site-packages/airflow/example_dags/tutorial_objectstorage.py took 0.252 seconds
[2025-05-15T09:12:42.942+0000] {processor.py:186} INFO - Started process (PID=2901) to work on /home/airflow/.local/lib/python3.12/site-packages/airflow/example_dags/tutorial_objectstorage.py
[2025-05-15T09:12:42.945+0000] {processor.py:914} INFO - Processing file /home/airflow/.local/lib/python3.12/site-packages/airflow/example_dags/tutorial_objectstorage.py for tasks to queue
[2025-05-15T09:12:42.950+0000] {logging_mixin.py:190} INFO - [2025-05-15T09:12:42.949+0000] {dagbag.py:588} INFO - Filling up the DagBag from /home/airflow/.local/lib/python3.12/site-packages/airflow/example_dags/tutorial_objectstorage.py
[2025-05-15T09:12:42.968+0000] {processor.py:925} INFO - DAG(s) 'tutorial_objectstorage' retrieved from /home/airflow/.local/lib/python3.12/site-packages/airflow/example_dags/tutorial_objectstorage.py
[2025-05-15T09:12:43.010+0000] {logging_mixin.py:190} INFO - [2025-05-15T09:12:43.009+0000] {dag.py:3239} INFO - Sync 1 DAGs
[2025-05-15T09:12:43.034+0000] {logging_mixin.py:190} INFO - [2025-05-15T09:12:43.033+0000] {dag.py:4180} INFO - Setting next_dagrun for tutorial_objectstorage to None, run_after=None
[2025-05-15T09:12:43.079+0000] {processor.py:208} INFO - Processing /home/airflow/.local/lib/python3.12/site-packages/airflow/example_dags/tutorial_objectstorage.py took 0.150 seconds
[2025-05-15T09:13:13.350+0000] {processor.py:186} INFO - Started process (PID=2966) to work on /home/airflow/.local/lib/python3.12/site-packages/airflow/example_dags/tutorial_objectstorage.py
[2025-05-15T09:13:13.352+0000] {processor.py:914} INFO - Processing file /home/airflow/.local/lib/python3.12/site-packages/airflow/example_dags/tutorial_objectstorage.py for tasks to queue
[2025-05-15T09:13:13.357+0000] {logging_mixin.py:190} INFO - [2025-05-15T09:13:13.356+0000] {dagbag.py:588} INFO - Filling up the DagBag from /home/airflow/.local/lib/python3.12/site-packages/airflow/example_dags/tutorial_objectstorage.py
[2025-05-15T09:13:13.376+0000] {processor.py:925} INFO - DAG(s) 'tutorial_objectstorage' retrieved from /home/airflow/.local/lib/python3.12/site-packages/airflow/example_dags/tutorial_objectstorage.py
[2025-05-15T09:13:13.411+0000] {logging_mixin.py:190} INFO - [2025-05-15T09:13:13.410+0000] {dag.py:3239} INFO - Sync 1 DAGs
[2025-05-15T09:13:13.439+0000] {logging_mixin.py:190} INFO - [2025-05-15T09:13:13.439+0000] {dag.py:4180} INFO - Setting next_dagrun for tutorial_objectstorage to None, run_after=None
[2025-05-15T09:13:13.485+0000] {processor.py:208} INFO - Processing /home/airflow/.local/lib/python3.12/site-packages/airflow/example_dags/tutorial_objectstorage.py took 0.146 seconds
[2025-05-15T09:13:44.248+0000] {processor.py:186} INFO - Started process (PID=3031) to work on /home/airflow/.local/lib/python3.12/site-packages/airflow/example_dags/tutorial_objectstorage.py
[2025-05-15T09:13:44.250+0000] {processor.py:914} INFO - Processing file /home/airflow/.local/lib/python3.12/site-packages/airflow/example_dags/tutorial_objectstorage.py for tasks to queue
[2025-05-15T09:13:44.256+0000] {logging_mixin.py:190} INFO - [2025-05-15T09:13:44.255+0000] {dagbag.py:588} INFO - Filling up the DagBag from /home/airflow/.local/lib/python3.12/site-packages/airflow/example_dags/tutorial_objectstorage.py
[2025-05-15T09:13:44.274+0000] {processor.py:925} INFO - DAG(s) 'tutorial_objectstorage' retrieved from /home/airflow/.local/lib/python3.12/site-packages/airflow/example_dags/tutorial_objectstorage.py
[2025-05-15T09:13:44.310+0000] {logging_mixin.py:190} INFO - [2025-05-15T09:13:44.310+0000] {dag.py:3239} INFO - Sync 1 DAGs
[2025-05-15T09:13:44.336+0000] {logging_mixin.py:190} INFO - [2025-05-15T09:13:44.335+0000] {dag.py:4180} INFO - Setting next_dagrun for tutorial_objectstorage to None, run_after=None
[2025-05-15T09:13:44.372+0000] {processor.py:208} INFO - Processing /home/airflow/.local/lib/python3.12/site-packages/airflow/example_dags/tutorial_objectstorage.py took 0.133 seconds
[2025-05-15T09:14:15.003+0000] {processor.py:186} INFO - Started process (PID=3096) to work on /home/airflow/.local/lib/python3.12/site-packages/airflow/example_dags/tutorial_objectstorage.py
[2025-05-15T09:14:15.006+0000] {processor.py:914} INFO - Processing file /home/airflow/.local/lib/python3.12/site-packages/airflow/example_dags/tutorial_objectstorage.py for tasks to queue
[2025-05-15T09:14:15.020+0000] {logging_mixin.py:190} INFO - [2025-05-15T09:14:15.019+0000] {dagbag.py:588} INFO - Filling up the DagBag from /home/airflow/.local/lib/python3.12/site-packages/airflow/example_dags/tutorial_objectstorage.py
[2025-05-15T09:14:15.040+0000] {processor.py:925} INFO - DAG(s) 'tutorial_objectstorage' retrieved from /home/airflow/.local/lib/python3.12/site-packages/airflow/example_dags/tutorial_objectstorage.py
[2025-05-15T09:14:15.075+0000] {logging_mixin.py:190} INFO - [2025-05-15T09:14:15.075+0000] {dag.py:3239} INFO - Sync 1 DAGs
[2025-05-15T09:14:15.099+0000] {logging_mixin.py:190} INFO - [2025-05-15T09:14:15.098+0000] {dag.py:4180} INFO - Setting next_dagrun for tutorial_objectstorage to None, run_after=None
[2025-05-15T09:14:15.138+0000] {processor.py:208} INFO - Processing /home/airflow/.local/lib/python3.12/site-packages/airflow/example_dags/tutorial_objectstorage.py took 0.157 seconds
[2025-05-15T09:14:46.259+0000] {processor.py:186} INFO - Started process (PID=3161) to work on /home/airflow/.local/lib/python3.12/site-packages/airflow/example_dags/tutorial_objectstorage.py
[2025-05-15T09:14:46.275+0000] {processor.py:914} INFO - Processing file /home/airflow/.local/lib/python3.12/site-packages/airflow/example_dags/tutorial_objectstorage.py for tasks to queue
[2025-05-15T09:14:46.317+0000] {logging_mixin.py:190} INFO - [2025-05-15T09:14:46.315+0000] {dagbag.py:588} INFO - Filling up the DagBag from /home/airflow/.local/lib/python3.12/site-packages/airflow/example_dags/tutorial_objectstorage.py
[2025-05-15T09:14:46.397+0000] {processor.py:925} INFO - DAG(s) 'tutorial_objectstorage' retrieved from /home/airflow/.local/lib/python3.12/site-packages/airflow/example_dags/tutorial_objectstorage.py
[2025-05-15T09:14:46.526+0000] {logging_mixin.py:190} INFO - [2025-05-15T09:14:46.525+0000] {dag.py:3239} INFO - Sync 1 DAGs
[2025-05-15T09:14:46.653+0000] {logging_mixin.py:190} INFO - [2025-05-15T09:14:46.652+0000] {dag.py:4180} INFO - Setting next_dagrun for tutorial_objectstorage to None, run_after=None
[2025-05-15T09:14:46.822+0000] {processor.py:208} INFO - Processing /home/airflow/.local/lib/python3.12/site-packages/airflow/example_dags/tutorial_objectstorage.py took 0.588 seconds
[2025-05-15T09:15:35.142+0000] {processor.py:186} INFO - Started process (PID=3237) to work on /home/airflow/.local/lib/python3.12/site-packages/airflow/example_dags/tutorial_objectstorage.py
[2025-05-15T09:15:35.159+0000] {processor.py:914} INFO - Processing file /home/airflow/.local/lib/python3.12/site-packages/airflow/example_dags/tutorial_objectstorage.py for tasks to queue
[2025-05-15T09:15:35.187+0000] {logging_mixin.py:190} INFO - [2025-05-15T09:15:35.184+0000] {dagbag.py:588} INFO - Filling up the DagBag from /home/airflow/.local/lib/python3.12/site-packages/airflow/example_dags/tutorial_objectstorage.py
[2025-05-15T09:15:35.246+0000] {processor.py:925} INFO - DAG(s) 'tutorial_objectstorage' retrieved from /home/airflow/.local/lib/python3.12/site-packages/airflow/example_dags/tutorial_objectstorage.py
[2025-05-15T09:15:35.362+0000] {logging_mixin.py:190} INFO - [2025-05-15T09:15:35.361+0000] {dag.py:3239} INFO - Sync 1 DAGs
[2025-05-15T09:15:35.519+0000] {logging_mixin.py:190} INFO - [2025-05-15T09:15:35.518+0000] {dag.py:4180} INFO - Setting next_dagrun for tutorial_objectstorage to None, run_after=None
[2025-05-15T09:15:35.756+0000] {processor.py:208} INFO - Processing /home/airflow/.local/lib/python3.12/site-packages/airflow/example_dags/tutorial_objectstorage.py took 0.634 seconds
[2025-05-15T09:16:06.256+0000] {processor.py:186} INFO - Started process (PID=3303) to work on /home/airflow/.local/lib/python3.12/site-packages/airflow/example_dags/tutorial_objectstorage.py
[2025-05-15T09:16:06.263+0000] {processor.py:914} INFO - Processing file /home/airflow/.local/lib/python3.12/site-packages/airflow/example_dags/tutorial_objectstorage.py for tasks to queue
[2025-05-15T09:16:06.272+0000] {logging_mixin.py:190} INFO - [2025-05-15T09:16:06.271+0000] {dagbag.py:588} INFO - Filling up the DagBag from /home/airflow/.local/lib/python3.12/site-packages/airflow/example_dags/tutorial_objectstorage.py
[2025-05-15T09:16:06.320+0000] {processor.py:925} INFO - DAG(s) 'tutorial_objectstorage' retrieved from /home/airflow/.local/lib/python3.12/site-packages/airflow/example_dags/tutorial_objectstorage.py
[2025-05-15T09:16:06.404+0000] {logging_mixin.py:190} INFO - [2025-05-15T09:16:06.403+0000] {dag.py:3239} INFO - Sync 1 DAGs
[2025-05-15T09:16:06.450+0000] {logging_mixin.py:190} INFO - [2025-05-15T09:16:06.449+0000] {dag.py:4180} INFO - Setting next_dagrun for tutorial_objectstorage to None, run_after=None
[2025-05-15T09:16:06.582+0000] {processor.py:208} INFO - Processing /home/airflow/.local/lib/python3.12/site-packages/airflow/example_dags/tutorial_objectstorage.py took 0.346 seconds
[2025-05-15T09:16:38.173+0000] {processor.py:186} INFO - Started process (PID=3367) to work on /home/airflow/.local/lib/python3.12/site-packages/airflow/example_dags/tutorial_objectstorage.py
[2025-05-15T09:16:38.177+0000] {processor.py:914} INFO - Processing file /home/airflow/.local/lib/python3.12/site-packages/airflow/example_dags/tutorial_objectstorage.py for tasks to queue
[2025-05-15T09:16:38.185+0000] {logging_mixin.py:190} INFO - [2025-05-15T09:16:38.184+0000] {dagbag.py:588} INFO - Filling up the DagBag from /home/airflow/.local/lib/python3.12/site-packages/airflow/example_dags/tutorial_objectstorage.py
[2025-05-15T09:16:38.213+0000] {processor.py:925} INFO - DAG(s) 'tutorial_objectstorage' retrieved from /home/airflow/.local/lib/python3.12/site-packages/airflow/example_dags/tutorial_objectstorage.py
[2025-05-15T09:16:38.272+0000] {logging_mixin.py:190} INFO - [2025-05-15T09:16:38.271+0000] {dag.py:3239} INFO - Sync 1 DAGs
[2025-05-15T09:16:38.312+0000] {logging_mixin.py:190} INFO - [2025-05-15T09:16:38.312+0000] {dag.py:4180} INFO - Setting next_dagrun for tutorial_objectstorage to None, run_after=None
[2025-05-15T09:16:38.363+0000] {processor.py:208} INFO - Processing /home/airflow/.local/lib/python3.12/site-packages/airflow/example_dags/tutorial_objectstorage.py took 0.205 seconds
[2025-05-15T09:17:20.278+0000] {processor.py:186} INFO - Started process (PID=3433) to work on /home/airflow/.local/lib/python3.12/site-packages/airflow/example_dags/tutorial_objectstorage.py
[2025-05-15T09:17:20.284+0000] {processor.py:914} INFO - Processing file /home/airflow/.local/lib/python3.12/site-packages/airflow/example_dags/tutorial_objectstorage.py for tasks to queue
[2025-05-15T09:17:20.292+0000] {logging_mixin.py:190} INFO - [2025-05-15T09:17:20.291+0000] {dagbag.py:588} INFO - Filling up the DagBag from /home/airflow/.local/lib/python3.12/site-packages/airflow/example_dags/tutorial_objectstorage.py
[2025-05-15T09:17:20.333+0000] {processor.py:925} INFO - DAG(s) 'tutorial_objectstorage' retrieved from /home/airflow/.local/lib/python3.12/site-packages/airflow/example_dags/tutorial_objectstorage.py
[2025-05-15T09:17:20.445+0000] {logging_mixin.py:190} INFO - [2025-05-15T09:17:20.444+0000] {dag.py:3239} INFO - Sync 1 DAGs
[2025-05-15T09:17:20.508+0000] {logging_mixin.py:190} INFO - [2025-05-15T09:17:20.507+0000] {dag.py:4180} INFO - Setting next_dagrun for tutorial_objectstorage to None, run_after=None
[2025-05-15T09:17:20.631+0000] {processor.py:208} INFO - Processing /home/airflow/.local/lib/python3.12/site-packages/airflow/example_dags/tutorial_objectstorage.py took 0.373 seconds
[2025-05-15T09:17:53.257+0000] {processor.py:186} INFO - Started process (PID=3504) to work on /home/airflow/.local/lib/python3.12/site-packages/airflow/example_dags/tutorial_objectstorage.py
[2025-05-15T09:17:53.260+0000] {processor.py:914} INFO - Processing file /home/airflow/.local/lib/python3.12/site-packages/airflow/example_dags/tutorial_objectstorage.py for tasks to queue
[2025-05-15T09:17:53.266+0000] {logging_mixin.py:190} INFO - [2025-05-15T09:17:53.265+0000] {dagbag.py:588} INFO - Filling up the DagBag from /home/airflow/.local/lib/python3.12/site-packages/airflow/example_dags/tutorial_objectstorage.py
[2025-05-15T09:17:53.285+0000] {processor.py:925} INFO - DAG(s) 'tutorial_objectstorage' retrieved from /home/airflow/.local/lib/python3.12/site-packages/airflow/example_dags/tutorial_objectstorage.py
[2025-05-15T09:17:53.326+0000] {logging_mixin.py:190} INFO - [2025-05-15T09:17:53.325+0000] {dag.py:3239} INFO - Sync 1 DAGs
[2025-05-15T09:17:53.355+0000] {logging_mixin.py:190} INFO - [2025-05-15T09:17:53.354+0000] {dag.py:4180} INFO - Setting next_dagrun for tutorial_objectstorage to None, run_after=None
[2025-05-15T09:17:53.394+0000] {processor.py:208} INFO - Processing /home/airflow/.local/lib/python3.12/site-packages/airflow/example_dags/tutorial_objectstorage.py took 0.151 seconds
[2025-05-15T09:18:25.445+0000] {processor.py:186} INFO - Started process (PID=3569) to work on /home/airflow/.local/lib/python3.12/site-packages/airflow/example_dags/tutorial_objectstorage.py
[2025-05-15T09:18:25.449+0000] {processor.py:914} INFO - Processing file /home/airflow/.local/lib/python3.12/site-packages/airflow/example_dags/tutorial_objectstorage.py for tasks to queue
[2025-05-15T09:18:25.456+0000] {logging_mixin.py:190} INFO - [2025-05-15T09:18:25.455+0000] {dagbag.py:588} INFO - Filling up the DagBag from /home/airflow/.local/lib/python3.12/site-packages/airflow/example_dags/tutorial_objectstorage.py
[2025-05-15T09:18:25.480+0000] {processor.py:925} INFO - DAG(s) 'tutorial_objectstorage' retrieved from /home/airflow/.local/lib/python3.12/site-packages/airflow/example_dags/tutorial_objectstorage.py
[2025-05-15T09:18:25.533+0000] {logging_mixin.py:190} INFO - [2025-05-15T09:18:25.532+0000] {dag.py:3239} INFO - Sync 1 DAGs
[2025-05-15T09:18:25.573+0000] {logging_mixin.py:190} INFO - [2025-05-15T09:18:25.573+0000] {dag.py:4180} INFO - Setting next_dagrun for tutorial_objectstorage to None, run_after=None
[2025-05-15T09:18:25.630+0000] {processor.py:208} INFO - Processing /home/airflow/.local/lib/python3.12/site-packages/airflow/example_dags/tutorial_objectstorage.py took 0.200 seconds
[2025-05-15T09:18:57.503+0000] {processor.py:186} INFO - Started process (PID=3629) to work on /home/airflow/.local/lib/python3.12/site-packages/airflow/example_dags/tutorial_objectstorage.py
[2025-05-15T09:18:57.510+0000] {processor.py:914} INFO - Processing file /home/airflow/.local/lib/python3.12/site-packages/airflow/example_dags/tutorial_objectstorage.py for tasks to queue
[2025-05-15T09:18:57.562+0000] {logging_mixin.py:190} INFO - [2025-05-15T09:18:57.550+0000] {dagbag.py:588} INFO - Filling up the DagBag from /home/airflow/.local/lib/python3.12/site-packages/airflow/example_dags/tutorial_objectstorage.py
[2025-05-15T09:18:57.663+0000] {processor.py:925} INFO - DAG(s) 'tutorial_objectstorage' retrieved from /home/airflow/.local/lib/python3.12/site-packages/airflow/example_dags/tutorial_objectstorage.py
[2025-05-15T09:18:57.921+0000] {logging_mixin.py:190} INFO - [2025-05-15T09:18:57.919+0000] {dag.py:3239} INFO - Sync 1 DAGs
[2025-05-15T09:18:58.088+0000] {logging_mixin.py:190} INFO - [2025-05-15T09:18:58.086+0000] {dag.py:4180} INFO - Setting next_dagrun for tutorial_objectstorage to None, run_after=None
[2025-05-15T09:18:58.267+0000] {processor.py:208} INFO - Processing /home/airflow/.local/lib/python3.12/site-packages/airflow/example_dags/tutorial_objectstorage.py took 0.816 seconds
[2025-05-15T09:19:29.062+0000] {processor.py:186} INFO - Started process (PID=3695) to work on /home/airflow/.local/lib/python3.12/site-packages/airflow/example_dags/tutorial_objectstorage.py
[2025-05-15T09:19:29.064+0000] {processor.py:914} INFO - Processing file /home/airflow/.local/lib/python3.12/site-packages/airflow/example_dags/tutorial_objectstorage.py for tasks to queue
[2025-05-15T09:19:29.072+0000] {logging_mixin.py:190} INFO - [2025-05-15T09:19:29.072+0000] {dagbag.py:588} INFO - Filling up the DagBag from /home/airflow/.local/lib/python3.12/site-packages/airflow/example_dags/tutorial_objectstorage.py
[2025-05-15T09:19:29.095+0000] {processor.py:925} INFO - DAG(s) 'tutorial_objectstorage' retrieved from /home/airflow/.local/lib/python3.12/site-packages/airflow/example_dags/tutorial_objectstorage.py
[2025-05-15T09:19:29.125+0000] {logging_mixin.py:190} INFO - [2025-05-15T09:19:29.125+0000] {dag.py:3239} INFO - Sync 1 DAGs
[2025-05-15T09:19:29.149+0000] {logging_mixin.py:190} INFO - [2025-05-15T09:19:29.149+0000] {dag.py:4180} INFO - Setting next_dagrun for tutorial_objectstorage to None, run_after=None
[2025-05-15T09:19:29.181+0000] {processor.py:208} INFO - Processing /home/airflow/.local/lib/python3.12/site-packages/airflow/example_dags/tutorial_objectstorage.py took 0.134 seconds
[2025-05-15T09:20:00.469+0000] {processor.py:186} INFO - Started process (PID=3758) to work on /home/airflow/.local/lib/python3.12/site-packages/airflow/example_dags/tutorial_objectstorage.py
[2025-05-15T09:20:00.473+0000] {processor.py:914} INFO - Processing file /home/airflow/.local/lib/python3.12/site-packages/airflow/example_dags/tutorial_objectstorage.py for tasks to queue
[2025-05-15T09:20:00.481+0000] {logging_mixin.py:190} INFO - [2025-05-15T09:20:00.480+0000] {dagbag.py:588} INFO - Filling up the DagBag from /home/airflow/.local/lib/python3.12/site-packages/airflow/example_dags/tutorial_objectstorage.py
[2025-05-15T09:20:00.512+0000] {processor.py:925} INFO - DAG(s) 'tutorial_objectstorage' retrieved from /home/airflow/.local/lib/python3.12/site-packages/airflow/example_dags/tutorial_objectstorage.py
[2025-05-15T09:20:00.578+0000] {logging_mixin.py:190} INFO - [2025-05-15T09:20:00.577+0000] {dag.py:3239} INFO - Sync 1 DAGs
[2025-05-15T09:20:00.637+0000] {logging_mixin.py:190} INFO - [2025-05-15T09:20:00.636+0000] {dag.py:4180} INFO - Setting next_dagrun for tutorial_objectstorage to None, run_after=None
[2025-05-15T09:20:00.735+0000] {processor.py:208} INFO - Processing /home/airflow/.local/lib/python3.12/site-packages/airflow/example_dags/tutorial_objectstorage.py took 0.286 seconds
[2025-05-15T09:20:33.744+0000] {processor.py:186} INFO - Started process (PID=3822) to work on /home/airflow/.local/lib/python3.12/site-packages/airflow/example_dags/tutorial_objectstorage.py
[2025-05-15T09:20:33.751+0000] {processor.py:914} INFO - Processing file /home/airflow/.local/lib/python3.12/site-packages/airflow/example_dags/tutorial_objectstorage.py for tasks to queue
[2025-05-15T09:20:33.767+0000] {logging_mixin.py:190} INFO - [2025-05-15T09:20:33.764+0000] {dagbag.py:588} INFO - Filling up the DagBag from /home/airflow/.local/lib/python3.12/site-packages/airflow/example_dags/tutorial_objectstorage.py
[2025-05-15T09:20:33.799+0000] {processor.py:925} INFO - DAG(s) 'tutorial_objectstorage' retrieved from /home/airflow/.local/lib/python3.12/site-packages/airflow/example_dags/tutorial_objectstorage.py
[2025-05-15T09:20:33.895+0000] {logging_mixin.py:190} INFO - [2025-05-15T09:20:33.894+0000] {dag.py:3239} INFO - Sync 1 DAGs
[2025-05-15T09:20:33.965+0000] {logging_mixin.py:190} INFO - [2025-05-15T09:20:33.964+0000] {dag.py:4180} INFO - Setting next_dagrun for tutorial_objectstorage to None, run_after=None
[2025-05-15T09:20:34.078+0000] {processor.py:208} INFO - Processing /home/airflow/.local/lib/python3.12/site-packages/airflow/example_dags/tutorial_objectstorage.py took 0.356 seconds
[2025-05-15T09:21:06.800+0000] {processor.py:186} INFO - Started process (PID=3886) to work on /home/airflow/.local/lib/python3.12/site-packages/airflow/example_dags/tutorial_objectstorage.py
[2025-05-15T09:21:06.812+0000] {processor.py:914} INFO - Processing file /home/airflow/.local/lib/python3.12/site-packages/airflow/example_dags/tutorial_objectstorage.py for tasks to queue
[2025-05-15T09:21:06.824+0000] {logging_mixin.py:190} INFO - [2025-05-15T09:21:06.823+0000] {dagbag.py:588} INFO - Filling up the DagBag from /home/airflow/.local/lib/python3.12/site-packages/airflow/example_dags/tutorial_objectstorage.py
[2025-05-15T09:21:06.862+0000] {processor.py:925} INFO - DAG(s) 'tutorial_objectstorage' retrieved from /home/airflow/.local/lib/python3.12/site-packages/airflow/example_dags/tutorial_objectstorage.py
[2025-05-15T09:21:06.975+0000] {logging_mixin.py:190} INFO - [2025-05-15T09:21:06.974+0000] {dag.py:3239} INFO - Sync 1 DAGs
[2025-05-15T09:21:07.093+0000] {logging_mixin.py:190} INFO - [2025-05-15T09:21:07.092+0000] {dag.py:4180} INFO - Setting next_dagrun for tutorial_objectstorage to None, run_after=None
[2025-05-15T09:21:07.201+0000] {processor.py:208} INFO - Processing /home/airflow/.local/lib/python3.12/site-packages/airflow/example_dags/tutorial_objectstorage.py took 0.460 seconds
[2025-05-15T09:21:43.021+0000] {processor.py:186} INFO - Started process (PID=3959) to work on /home/airflow/.local/lib/python3.12/site-packages/airflow/example_dags/tutorial_objectstorage.py
[2025-05-15T09:21:43.028+0000] {processor.py:914} INFO - Processing file /home/airflow/.local/lib/python3.12/site-packages/airflow/example_dags/tutorial_objectstorage.py for tasks to queue
[2025-05-15T09:21:43.048+0000] {logging_mixin.py:190} INFO - [2025-05-15T09:21:43.046+0000] {dagbag.py:588} INFO - Filling up the DagBag from /home/airflow/.local/lib/python3.12/site-packages/airflow/example_dags/tutorial_objectstorage.py
[2025-05-15T09:21:43.248+0000] {processor.py:925} INFO - DAG(s) 'tutorial_objectstorage' retrieved from /home/airflow/.local/lib/python3.12/site-packages/airflow/example_dags/tutorial_objectstorage.py
[2025-05-15T09:21:43.626+0000] {logging_mixin.py:190} INFO - [2025-05-15T09:21:43.624+0000] {dag.py:3239} INFO - Sync 1 DAGs
[2025-05-15T09:21:43.955+0000] {logging_mixin.py:190} INFO - [2025-05-15T09:21:43.954+0000] {dag.py:4180} INFO - Setting next_dagrun for tutorial_objectstorage to None, run_after=None
[2025-05-15T09:21:44.064+0000] {processor.py:208} INFO - Processing /home/airflow/.local/lib/python3.12/site-packages/airflow/example_dags/tutorial_objectstorage.py took 1.075 seconds
[2025-05-15T09:22:14.609+0000] {processor.py:186} INFO - Started process (PID=4026) to work on /home/airflow/.local/lib/python3.12/site-packages/airflow/example_dags/tutorial_objectstorage.py
[2025-05-15T09:22:14.611+0000] {processor.py:914} INFO - Processing file /home/airflow/.local/lib/python3.12/site-packages/airflow/example_dags/tutorial_objectstorage.py for tasks to queue
[2025-05-15T09:22:14.617+0000] {logging_mixin.py:190} INFO - [2025-05-15T09:22:14.616+0000] {dagbag.py:588} INFO - Filling up the DagBag from /home/airflow/.local/lib/python3.12/site-packages/airflow/example_dags/tutorial_objectstorage.py
[2025-05-15T09:22:14.635+0000] {processor.py:925} INFO - DAG(s) 'tutorial_objectstorage' retrieved from /home/airflow/.local/lib/python3.12/site-packages/airflow/example_dags/tutorial_objectstorage.py
[2025-05-15T09:22:14.667+0000] {logging_mixin.py:190} INFO - [2025-05-15T09:22:14.666+0000] {dag.py:3239} INFO - Sync 1 DAGs
[2025-05-15T09:22:14.690+0000] {logging_mixin.py:190} INFO - [2025-05-15T09:22:14.690+0000] {dag.py:4180} INFO - Setting next_dagrun for tutorial_objectstorage to None, run_after=None
[2025-05-15T09:22:14.724+0000] {processor.py:208} INFO - Processing /home/airflow/.local/lib/python3.12/site-packages/airflow/example_dags/tutorial_objectstorage.py took 0.128 seconds
[2025-05-15T09:22:45.153+0000] {processor.py:186} INFO - Started process (PID=4092) to work on /home/airflow/.local/lib/python3.12/site-packages/airflow/example_dags/tutorial_objectstorage.py
[2025-05-15T09:22:45.157+0000] {processor.py:914} INFO - Processing file /home/airflow/.local/lib/python3.12/site-packages/airflow/example_dags/tutorial_objectstorage.py for tasks to queue
[2025-05-15T09:22:45.165+0000] {logging_mixin.py:190} INFO - [2025-05-15T09:22:45.164+0000] {dagbag.py:588} INFO - Filling up the DagBag from /home/airflow/.local/lib/python3.12/site-packages/airflow/example_dags/tutorial_objectstorage.py
[2025-05-15T09:22:45.192+0000] {processor.py:925} INFO - DAG(s) 'tutorial_objectstorage' retrieved from /home/airflow/.local/lib/python3.12/site-packages/airflow/example_dags/tutorial_objectstorage.py
[2025-05-15T09:22:45.336+0000] {logging_mixin.py:190} INFO - [2025-05-15T09:22:45.334+0000] {dag.py:3239} INFO - Sync 1 DAGs
[2025-05-15T09:22:45.421+0000] {logging_mixin.py:190} INFO - [2025-05-15T09:22:45.420+0000] {dag.py:4180} INFO - Setting next_dagrun for tutorial_objectstorage to None, run_after=None
[2025-05-15T09:22:45.490+0000] {processor.py:208} INFO - Processing /home/airflow/.local/lib/python3.12/site-packages/airflow/example_dags/tutorial_objectstorage.py took 0.353 seconds
[2025-05-15T09:23:19.009+0000] {processor.py:186} INFO - Started process (PID=4157) to work on /home/airflow/.local/lib/python3.12/site-packages/airflow/example_dags/tutorial_objectstorage.py
[2025-05-15T09:23:19.015+0000] {processor.py:914} INFO - Processing file /home/airflow/.local/lib/python3.12/site-packages/airflow/example_dags/tutorial_objectstorage.py for tasks to queue
[2025-05-15T09:23:19.026+0000] {logging_mixin.py:190} INFO - [2025-05-15T09:23:19.022+0000] {dagbag.py:588} INFO - Filling up the DagBag from /home/airflow/.local/lib/python3.12/site-packages/airflow/example_dags/tutorial_objectstorage.py
[2025-05-15T09:23:19.055+0000] {processor.py:925} INFO - DAG(s) 'tutorial_objectstorage' retrieved from /home/airflow/.local/lib/python3.12/site-packages/airflow/example_dags/tutorial_objectstorage.py
[2025-05-15T09:23:19.129+0000] {logging_mixin.py:190} INFO - [2025-05-15T09:23:19.126+0000] {dag.py:3239} INFO - Sync 1 DAGs
[2025-05-15T09:23:19.191+0000] {logging_mixin.py:190} INFO - [2025-05-15T09:23:19.191+0000] {dag.py:4180} INFO - Setting next_dagrun for tutorial_objectstorage to None, run_after=None
[2025-05-15T09:23:19.304+0000] {processor.py:208} INFO - Processing /home/airflow/.local/lib/python3.12/site-packages/airflow/example_dags/tutorial_objectstorage.py took 0.315 seconds
[2025-05-15T09:23:55.431+0000] {processor.py:186} INFO - Started process (PID=4231) to work on /home/airflow/.local/lib/python3.12/site-packages/airflow/example_dags/tutorial_objectstorage.py
[2025-05-15T09:23:55.440+0000] {processor.py:914} INFO - Processing file /home/airflow/.local/lib/python3.12/site-packages/airflow/example_dags/tutorial_objectstorage.py for tasks to queue
[2025-05-15T09:23:55.456+0000] {logging_mixin.py:190} INFO - [2025-05-15T09:23:55.455+0000] {dagbag.py:588} INFO - Filling up the DagBag from /home/airflow/.local/lib/python3.12/site-packages/airflow/example_dags/tutorial_objectstorage.py
[2025-05-15T09:23:55.497+0000] {processor.py:925} INFO - DAG(s) 'tutorial_objectstorage' retrieved from /home/airflow/.local/lib/python3.12/site-packages/airflow/example_dags/tutorial_objectstorage.py
[2025-05-15T09:23:55.585+0000] {logging_mixin.py:190} INFO - [2025-05-15T09:23:55.584+0000] {dag.py:3239} INFO - Sync 1 DAGs
[2025-05-15T09:23:56.037+0000] {logging_mixin.py:190} INFO - [2025-05-15T09:23:56.037+0000] {dag.py:4180} INFO - Setting next_dagrun for tutorial_objectstorage to None, run_after=None
[2025-05-15T09:23:56.141+0000] {processor.py:208} INFO - Processing /home/airflow/.local/lib/python3.12/site-packages/airflow/example_dags/tutorial_objectstorage.py took 0.741 seconds
[2025-05-15T09:24:31.908+0000] {processor.py:186} INFO - Started process (PID=4298) to work on /home/airflow/.local/lib/python3.12/site-packages/airflow/example_dags/tutorial_objectstorage.py
[2025-05-15T09:24:31.913+0000] {processor.py:914} INFO - Processing file /home/airflow/.local/lib/python3.12/site-packages/airflow/example_dags/tutorial_objectstorage.py for tasks to queue
[2025-05-15T09:24:31.928+0000] {logging_mixin.py:190} INFO - [2025-05-15T09:24:31.925+0000] {dagbag.py:588} INFO - Filling up the DagBag from /home/airflow/.local/lib/python3.12/site-packages/airflow/example_dags/tutorial_objectstorage.py
[2025-05-15T09:24:31.960+0000] {processor.py:925} INFO - DAG(s) 'tutorial_objectstorage' retrieved from /home/airflow/.local/lib/python3.12/site-packages/airflow/example_dags/tutorial_objectstorage.py
[2025-05-15T09:24:32.072+0000] {logging_mixin.py:190} INFO - [2025-05-15T09:24:32.071+0000] {dag.py:3239} INFO - Sync 1 DAGs
[2025-05-15T09:24:32.148+0000] {logging_mixin.py:190} INFO - [2025-05-15T09:24:32.147+0000] {dag.py:4180} INFO - Setting next_dagrun for tutorial_objectstorage to None, run_after=None
[2025-05-15T09:24:32.252+0000] {processor.py:208} INFO - Processing /home/airflow/.local/lib/python3.12/site-packages/airflow/example_dags/tutorial_objectstorage.py took 0.365 seconds
[2025-05-15T09:25:02.527+0000] {processor.py:186} INFO - Started process (PID=4363) to work on /home/airflow/.local/lib/python3.12/site-packages/airflow/example_dags/tutorial_objectstorage.py
[2025-05-15T09:25:02.533+0000] {processor.py:914} INFO - Processing file /home/airflow/.local/lib/python3.12/site-packages/airflow/example_dags/tutorial_objectstorage.py for tasks to queue
[2025-05-15T09:25:02.542+0000] {logging_mixin.py:190} INFO - [2025-05-15T09:25:02.541+0000] {dagbag.py:588} INFO - Filling up the DagBag from /home/airflow/.local/lib/python3.12/site-packages/airflow/example_dags/tutorial_objectstorage.py
[2025-05-15T09:25:02.566+0000] {processor.py:925} INFO - DAG(s) 'tutorial_objectstorage' retrieved from /home/airflow/.local/lib/python3.12/site-packages/airflow/example_dags/tutorial_objectstorage.py
[2025-05-15T09:25:02.634+0000] {logging_mixin.py:190} INFO - [2025-05-15T09:25:02.634+0000] {dag.py:3239} INFO - Sync 1 DAGs
[2025-05-15T09:25:02.668+0000] {logging_mixin.py:190} INFO - [2025-05-15T09:25:02.668+0000] {dag.py:4180} INFO - Setting next_dagrun for tutorial_objectstorage to None, run_after=None
[2025-05-15T09:25:02.732+0000] {processor.py:208} INFO - Processing /home/airflow/.local/lib/python3.12/site-packages/airflow/example_dags/tutorial_objectstorage.py took 0.216 seconds
[2025-05-15T18:16:43.702+0000] {processor.py:186} INFO - Started process (PID=113) to work on /home/airflow/.local/lib/python3.12/site-packages/airflow/example_dags/tutorial_objectstorage.py
[2025-05-15T18:16:43.705+0000] {processor.py:914} INFO - Processing file /home/airflow/.local/lib/python3.12/site-packages/airflow/example_dags/tutorial_objectstorage.py for tasks to queue
[2025-05-15T18:16:43.709+0000] {logging_mixin.py:190} INFO - [2025-05-15T18:16:43.708+0000] {dagbag.py:588} INFO - Filling up the DagBag from /home/airflow/.local/lib/python3.12/site-packages/airflow/example_dags/tutorial_objectstorage.py
[2025-05-15T18:16:43.726+0000] {processor.py:925} INFO - DAG(s) 'tutorial_objectstorage' retrieved from /home/airflow/.local/lib/python3.12/site-packages/airflow/example_dags/tutorial_objectstorage.py
[2025-05-15T18:16:43.763+0000] {logging_mixin.py:190} INFO - [2025-05-15T18:16:43.763+0000] {dag.py:3239} INFO - Sync 1 DAGs
[2025-05-15T18:16:43.793+0000] {logging_mixin.py:190} INFO - [2025-05-15T18:16:43.792+0000] {dag.py:4180} INFO - Setting next_dagrun for tutorial_objectstorage to None, run_after=None
[2025-05-15T18:16:43.836+0000] {processor.py:208} INFO - Processing /home/airflow/.local/lib/python3.12/site-packages/airflow/example_dags/tutorial_objectstorage.py took 0.144 seconds
[2025-05-15T18:17:31.450+0000] {processor.py:186} INFO - Started process (PID=185) to work on /home/airflow/.local/lib/python3.12/site-packages/airflow/example_dags/tutorial_objectstorage.py
[2025-05-15T18:17:31.454+0000] {processor.py:914} INFO - Processing file /home/airflow/.local/lib/python3.12/site-packages/airflow/example_dags/tutorial_objectstorage.py for tasks to queue
[2025-05-15T18:17:31.463+0000] {logging_mixin.py:190} INFO - [2025-05-15T18:17:31.461+0000] {dagbag.py:588} INFO - Filling up the DagBag from /home/airflow/.local/lib/python3.12/site-packages/airflow/example_dags/tutorial_objectstorage.py
[2025-05-15T18:17:31.501+0000] {processor.py:925} INFO - DAG(s) 'tutorial_objectstorage' retrieved from /home/airflow/.local/lib/python3.12/site-packages/airflow/example_dags/tutorial_objectstorage.py
[2025-05-15T18:17:31.658+0000] {logging_mixin.py:190} INFO - [2025-05-15T18:17:31.655+0000] {dag.py:3239} INFO - Sync 1 DAGs
[2025-05-15T18:17:31.757+0000] {logging_mixin.py:190} INFO - [2025-05-15T18:17:31.756+0000] {dag.py:4180} INFO - Setting next_dagrun for tutorial_objectstorage to None, run_after=None
[2025-05-15T18:17:31.858+0000] {processor.py:208} INFO - Processing /home/airflow/.local/lib/python3.12/site-packages/airflow/example_dags/tutorial_objectstorage.py took 0.432 seconds
[2025-05-15T18:19:00.505+0000] {processor.py:186} INFO - Started process (PID=263) to work on /home/airflow/.local/lib/python3.12/site-packages/airflow/example_dags/tutorial_objectstorage.py
[2025-05-15T18:19:00.743+0000] {processor.py:914} INFO - Processing file /home/airflow/.local/lib/python3.12/site-packages/airflow/example_dags/tutorial_objectstorage.py for tasks to queue
[2025-05-15T18:19:00.937+0000] {logging_mixin.py:190} INFO - [2025-05-15T18:19:00.923+0000] {dagbag.py:588} INFO - Filling up the DagBag from /home/airflow/.local/lib/python3.12/site-packages/airflow/example_dags/tutorial_objectstorage.py
[2025-05-15T18:19:01.135+0000] {processor.py:925} INFO - DAG(s) 'tutorial_objectstorage' retrieved from /home/airflow/.local/lib/python3.12/site-packages/airflow/example_dags/tutorial_objectstorage.py
[2025-05-15T18:19:01.525+0000] {logging_mixin.py:190} INFO - [2025-05-15T18:19:01.523+0000] {dag.py:3239} INFO - Sync 1 DAGs
[2025-05-15T18:19:01.763+0000] {logging_mixin.py:190} INFO - [2025-05-15T18:19:01.763+0000] {dag.py:4180} INFO - Setting next_dagrun for tutorial_objectstorage to None, run_after=None
[2025-05-15T18:19:03.430+0000] {processor.py:208} INFO - Processing /home/airflow/.local/lib/python3.12/site-packages/airflow/example_dags/tutorial_objectstorage.py took 3.031 seconds
[2025-05-15T18:22:20.040+0000] {processor.py:186} INFO - Started process (PID=382) to work on /home/airflow/.local/lib/python3.12/site-packages/airflow/example_dags/tutorial_objectstorage.py
[2025-05-15T18:22:20.080+0000] {processor.py:914} INFO - Processing file /home/airflow/.local/lib/python3.12/site-packages/airflow/example_dags/tutorial_objectstorage.py for tasks to queue
[2025-05-15T18:22:20.129+0000] {logging_mixin.py:190} INFO - [2025-05-15T18:22:20.127+0000] {dagbag.py:588} INFO - Filling up the DagBag from /home/airflow/.local/lib/python3.12/site-packages/airflow/example_dags/tutorial_objectstorage.py
[2025-05-15T18:22:20.346+0000] {processor.py:925} INFO - DAG(s) 'tutorial_objectstorage' retrieved from /home/airflow/.local/lib/python3.12/site-packages/airflow/example_dags/tutorial_objectstorage.py
[2025-05-15T18:22:20.981+0000] {logging_mixin.py:190} INFO - [2025-05-15T18:22:20.970+0000] {dag.py:3239} INFO - Sync 1 DAGs
[2025-05-15T18:22:21.291+0000] {logging_mixin.py:190} INFO - [2025-05-15T18:22:21.288+0000] {dag.py:4180} INFO - Setting next_dagrun for tutorial_objectstorage to None, run_after=None
[2025-05-15T18:22:21.530+0000] {processor.py:208} INFO - Processing /home/airflow/.local/lib/python3.12/site-packages/airflow/example_dags/tutorial_objectstorage.py took 1.560 seconds
[2025-05-15T18:25:39.846+0000] {processor.py:186} INFO - Started process (PID=509) to work on /home/airflow/.local/lib/python3.12/site-packages/airflow/example_dags/tutorial_objectstorage.py
[2025-05-15T18:25:40.091+0000] {processor.py:914} INFO - Processing file /home/airflow/.local/lib/python3.12/site-packages/airflow/example_dags/tutorial_objectstorage.py for tasks to queue
[2025-05-15T18:25:40.256+0000] {logging_mixin.py:190} INFO - [2025-05-15T18:25:40.240+0000] {dagbag.py:588} INFO - Filling up the DagBag from /home/airflow/.local/lib/python3.12/site-packages/airflow/example_dags/tutorial_objectstorage.py
[2025-05-15T18:25:40.425+0000] {processor.py:925} INFO - DAG(s) 'tutorial_objectstorage' retrieved from /home/airflow/.local/lib/python3.12/site-packages/airflow/example_dags/tutorial_objectstorage.py
[2025-05-15T18:25:41.012+0000] {logging_mixin.py:190} INFO - [2025-05-15T18:25:40.997+0000] {dag.py:3239} INFO - Sync 1 DAGs
[2025-05-15T18:25:41.674+0000] {logging_mixin.py:190} INFO - [2025-05-15T18:25:41.660+0000] {dag.py:4180} INFO - Setting next_dagrun for tutorial_objectstorage to None, run_after=None
[2025-05-15T18:25:42.261+0000] {processor.py:208} INFO - Processing /home/airflow/.local/lib/python3.12/site-packages/airflow/example_dags/tutorial_objectstorage.py took 2.557 seconds
[2025-05-15T18:28:08.888+0000] {processor.py:186} INFO - Started process (PID=581) to work on /home/airflow/.local/lib/python3.12/site-packages/airflow/example_dags/tutorial_objectstorage.py
[2025-05-15T18:28:08.911+0000] {processor.py:914} INFO - Processing file /home/airflow/.local/lib/python3.12/site-packages/airflow/example_dags/tutorial_objectstorage.py for tasks to queue
[2025-05-15T18:28:08.943+0000] {logging_mixin.py:190} INFO - [2025-05-15T18:28:08.941+0000] {dagbag.py:588} INFO - Filling up the DagBag from /home/airflow/.local/lib/python3.12/site-packages/airflow/example_dags/tutorial_objectstorage.py
[2025-05-15T18:28:09.068+0000] {processor.py:925} INFO - DAG(s) 'tutorial_objectstorage' retrieved from /home/airflow/.local/lib/python3.12/site-packages/airflow/example_dags/tutorial_objectstorage.py
[2025-05-15T18:28:09.503+0000] {logging_mixin.py:190} INFO - [2025-05-15T18:28:09.500+0000] {dag.py:3239} INFO - Sync 1 DAGs
[2025-05-15T18:28:09.699+0000] {logging_mixin.py:190} INFO - [2025-05-15T18:28:09.698+0000] {dag.py:4180} INFO - Setting next_dagrun for tutorial_objectstorage to None, run_after=None
[2025-05-15T18:28:10.339+0000] {processor.py:208} INFO - Processing /home/airflow/.local/lib/python3.12/site-packages/airflow/example_dags/tutorial_objectstorage.py took 1.529 seconds
[2025-05-15T18:29:49.923+0000] {processor.py:186} INFO - Started process (PID=656) to work on /home/airflow/.local/lib/python3.12/site-packages/airflow/example_dags/tutorial_objectstorage.py
[2025-05-15T18:29:49.933+0000] {processor.py:914} INFO - Processing file /home/airflow/.local/lib/python3.12/site-packages/airflow/example_dags/tutorial_objectstorage.py for tasks to queue
[2025-05-15T18:29:49.946+0000] {logging_mixin.py:190} INFO - [2025-05-15T18:29:49.945+0000] {dagbag.py:588} INFO - Filling up the DagBag from /home/airflow/.local/lib/python3.12/site-packages/airflow/example_dags/tutorial_objectstorage.py
[2025-05-15T18:29:50.008+0000] {processor.py:925} INFO - DAG(s) 'tutorial_objectstorage' retrieved from /home/airflow/.local/lib/python3.12/site-packages/airflow/example_dags/tutorial_objectstorage.py
[2025-05-15T18:29:50.130+0000] {logging_mixin.py:190} INFO - [2025-05-15T18:29:50.129+0000] {dag.py:3239} INFO - Sync 1 DAGs
[2025-05-15T18:29:50.202+0000] {logging_mixin.py:190} INFO - [2025-05-15T18:29:50.202+0000] {dag.py:4180} INFO - Setting next_dagrun for tutorial_objectstorage to None, run_after=None
[2025-05-15T18:29:50.350+0000] {processor.py:208} INFO - Processing /home/airflow/.local/lib/python3.12/site-packages/airflow/example_dags/tutorial_objectstorage.py took 0.454 seconds
[2025-05-15T18:31:14.225+0000] {processor.py:186} INFO - Started process (PID=736) to work on /home/airflow/.local/lib/python3.12/site-packages/airflow/example_dags/tutorial_objectstorage.py
[2025-05-15T18:31:14.233+0000] {processor.py:914} INFO - Processing file /home/airflow/.local/lib/python3.12/site-packages/airflow/example_dags/tutorial_objectstorage.py for tasks to queue
[2025-05-15T18:31:14.274+0000] {logging_mixin.py:190} INFO - [2025-05-15T18:31:14.273+0000] {dagbag.py:588} INFO - Filling up the DagBag from /home/airflow/.local/lib/python3.12/site-packages/airflow/example_dags/tutorial_objectstorage.py
[2025-05-15T18:31:14.369+0000] {processor.py:925} INFO - DAG(s) 'tutorial_objectstorage' retrieved from /home/airflow/.local/lib/python3.12/site-packages/airflow/example_dags/tutorial_objectstorage.py
[2025-05-15T18:31:14.722+0000] {logging_mixin.py:190} INFO - [2025-05-15T18:31:14.717+0000] {dag.py:3239} INFO - Sync 1 DAGs
[2025-05-15T18:31:15.035+0000] {logging_mixin.py:190} INFO - [2025-05-15T18:31:15.034+0000] {dag.py:4180} INFO - Setting next_dagrun for tutorial_objectstorage to None, run_after=None
[2025-05-15T18:31:15.557+0000] {processor.py:208} INFO - Processing /home/airflow/.local/lib/python3.12/site-packages/airflow/example_dags/tutorial_objectstorage.py took 1.483 seconds
[2025-05-15T18:32:15.261+0000] {processor.py:186} INFO - Started process (PID=811) to work on /home/airflow/.local/lib/python3.12/site-packages/airflow/example_dags/tutorial_objectstorage.py
[2025-05-15T18:32:15.269+0000] {processor.py:914} INFO - Processing file /home/airflow/.local/lib/python3.12/site-packages/airflow/example_dags/tutorial_objectstorage.py for tasks to queue
[2025-05-15T18:32:15.277+0000] {logging_mixin.py:190} INFO - [2025-05-15T18:32:15.276+0000] {dagbag.py:588} INFO - Filling up the DagBag from /home/airflow/.local/lib/python3.12/site-packages/airflow/example_dags/tutorial_objectstorage.py
[2025-05-15T18:32:15.329+0000] {processor.py:925} INFO - DAG(s) 'tutorial_objectstorage' retrieved from /home/airflow/.local/lib/python3.12/site-packages/airflow/example_dags/tutorial_objectstorage.py
[2025-05-15T18:32:15.455+0000] {logging_mixin.py:190} INFO - [2025-05-15T18:32:15.454+0000] {dag.py:3239} INFO - Sync 1 DAGs
[2025-05-15T18:32:15.560+0000] {logging_mixin.py:190} INFO - [2025-05-15T18:32:15.559+0000] {dag.py:4180} INFO - Setting next_dagrun for tutorial_objectstorage to None, run_after=None
[2025-05-15T18:32:15.659+0000] {processor.py:208} INFO - Processing /home/airflow/.local/lib/python3.12/site-packages/airflow/example_dags/tutorial_objectstorage.py took 0.434 seconds
