[2025-05-16T04:29:01.798+0000] {processor.py:186} INFO - Started process (PID=161) to work on /home/airflow/.local/lib/python3.12/site-packages/airflow/example_dags/example_latest_only_with_trigger.py
[2025-05-16T04:29:01.831+0000] {processor.py:914} INFO - Processing file /home/airflow/.local/lib/python3.12/site-packages/airflow/example_dags/example_latest_only_with_trigger.py for tasks to queue
[2025-05-16T04:29:01.924+0000] {logging_mixin.py:190} INFO - [2025-05-16T04:29:01.923+0000] {dagbag.py:588} INFO - Filling up the DagBag from /home/airflow/.local/lib/python3.12/site-packages/airflow/example_dags/example_latest_only_with_trigger.py
[2025-05-16T04:29:02.012+0000] {processor.py:925} INFO - DAG(s) 'latest_only_with_trigger' retrieved from /home/airflow/.local/lib/python3.12/site-packages/airflow/example_dags/example_latest_only_with_trigger.py
[2025-05-16T04:29:02.189+0000] {logging_mixin.py:190} INFO - [2025-05-16T04:29:02.187+0000] {dag.py:3239} INFO - Sync 1 DAGs
[2025-05-16T04:29:02.304+0000] {logging_mixin.py:190} INFO - [2025-05-16T04:29:02.303+0000] {dag.py:4180} INFO - Setting next_dagrun for latest_only_with_trigger to 2025-05-16 00:00:00+00:00, run_after=2025-05-16 04:00:00+00:00
[2025-05-16T04:29:02.437+0000] {processor.py:208} INFO - Processing /home/airflow/.local/lib/python3.12/site-packages/airflow/example_dags/example_latest_only_with_trigger.py took 0.655 seconds
[2025-05-16T04:29:56.678+0000] {processor.py:186} INFO - Started process (PID=238) to work on /home/airflow/.local/lib/python3.12/site-packages/airflow/example_dags/example_latest_only_with_trigger.py
[2025-05-16T04:29:56.685+0000] {processor.py:914} INFO - Processing file /home/airflow/.local/lib/python3.12/site-packages/airflow/example_dags/example_latest_only_with_trigger.py for tasks to queue
[2025-05-16T04:29:56.761+0000] {logging_mixin.py:190} INFO - [2025-05-16T04:29:56.742+0000] {dagbag.py:588} INFO - Filling up the DagBag from /home/airflow/.local/lib/python3.12/site-packages/airflow/example_dags/example_latest_only_with_trigger.py
[2025-05-16T04:29:56.846+0000] {processor.py:925} INFO - DAG(s) 'latest_only_with_trigger' retrieved from /home/airflow/.local/lib/python3.12/site-packages/airflow/example_dags/example_latest_only_with_trigger.py
[2025-05-16T04:29:57.130+0000] {logging_mixin.py:190} INFO - [2025-05-16T04:29:57.127+0000] {dag.py:3239} INFO - Sync 1 DAGs
[2025-05-16T04:29:57.791+0000] {logging_mixin.py:190} INFO - [2025-05-16T04:29:57.790+0000] {dag.py:4180} INFO - Setting next_dagrun for latest_only_with_trigger to 2025-05-16 00:00:00+00:00, run_after=2025-05-16 04:00:00+00:00
[2025-05-16T04:29:58.481+0000] {processor.py:208} INFO - Processing /home/airflow/.local/lib/python3.12/site-packages/airflow/example_dags/example_latest_only_with_trigger.py took 1.825 seconds
[2025-05-16T04:30:38.097+0000] {processor.py:186} INFO - Started process (PID=303) to work on /home/airflow/.local/lib/python3.12/site-packages/airflow/example_dags/example_latest_only_with_trigger.py
[2025-05-16T04:30:38.112+0000] {processor.py:914} INFO - Processing file /home/airflow/.local/lib/python3.12/site-packages/airflow/example_dags/example_latest_only_with_trigger.py for tasks to queue
[2025-05-16T04:30:38.156+0000] {logging_mixin.py:190} INFO - [2025-05-16T04:30:38.151+0000] {dagbag.py:588} INFO - Filling up the DagBag from /home/airflow/.local/lib/python3.12/site-packages/airflow/example_dags/example_latest_only_with_trigger.py
[2025-05-16T04:30:38.234+0000] {processor.py:925} INFO - DAG(s) 'latest_only_with_trigger' retrieved from /home/airflow/.local/lib/python3.12/site-packages/airflow/example_dags/example_latest_only_with_trigger.py
[2025-05-16T04:30:38.521+0000] {logging_mixin.py:190} INFO - [2025-05-16T04:30:38.518+0000] {dag.py:3239} INFO - Sync 1 DAGs
[2025-05-16T04:30:38.819+0000] {logging_mixin.py:190} INFO - [2025-05-16T04:30:38.819+0000] {dag.py:4180} INFO - Setting next_dagrun for latest_only_with_trigger to 2025-05-16 00:00:00+00:00, run_after=2025-05-16 04:00:00+00:00
[2025-05-16T04:30:39.054+0000] {processor.py:208} INFO - Processing /home/airflow/.local/lib/python3.12/site-packages/airflow/example_dags/example_latest_only_with_trigger.py took 0.987 seconds
[2025-05-16T04:31:31.342+0000] {processor.py:186} INFO - Started process (PID=377) to work on /home/airflow/.local/lib/python3.12/site-packages/airflow/example_dags/example_latest_only_with_trigger.py
[2025-05-16T04:31:31.346+0000] {processor.py:914} INFO - Processing file /home/airflow/.local/lib/python3.12/site-packages/airflow/example_dags/example_latest_only_with_trigger.py for tasks to queue
[2025-05-16T04:31:31.365+0000] {logging_mixin.py:190} INFO - [2025-05-16T04:31:31.363+0000] {dagbag.py:588} INFO - Filling up the DagBag from /home/airflow/.local/lib/python3.12/site-packages/airflow/example_dags/example_latest_only_with_trigger.py
[2025-05-16T04:31:31.453+0000] {processor.py:925} INFO - DAG(s) 'latest_only_with_trigger' retrieved from /home/airflow/.local/lib/python3.12/site-packages/airflow/example_dags/example_latest_only_with_trigger.py
[2025-05-16T04:31:31.662+0000] {logging_mixin.py:190} INFO - [2025-05-16T04:31:31.661+0000] {dag.py:3239} INFO - Sync 1 DAGs
[2025-05-16T04:31:31.791+0000] {logging_mixin.py:190} INFO - [2025-05-16T04:31:31.790+0000] {dag.py:4180} INFO - Setting next_dagrun for latest_only_with_trigger to 2025-05-16 00:00:00+00:00, run_after=2025-05-16 04:00:00+00:00
[2025-05-16T04:31:31.884+0000] {processor.py:208} INFO - Processing /home/airflow/.local/lib/python3.12/site-packages/airflow/example_dags/example_latest_only_with_trigger.py took 0.586 seconds
[2025-05-16T04:32:43.146+0000] {processor.py:186} INFO - Started process (PID=450) to work on /home/airflow/.local/lib/python3.12/site-packages/airflow/example_dags/example_latest_only_with_trigger.py
[2025-05-16T04:32:43.210+0000] {processor.py:914} INFO - Processing file /home/airflow/.local/lib/python3.12/site-packages/airflow/example_dags/example_latest_only_with_trigger.py for tasks to queue
[2025-05-16T04:32:43.382+0000] {logging_mixin.py:190} INFO - [2025-05-16T04:32:43.381+0000] {dagbag.py:588} INFO - Filling up the DagBag from /home/airflow/.local/lib/python3.12/site-packages/airflow/example_dags/example_latest_only_with_trigger.py
[2025-05-16T04:32:43.654+0000] {processor.py:925} INFO - DAG(s) 'latest_only_with_trigger' retrieved from /home/airflow/.local/lib/python3.12/site-packages/airflow/example_dags/example_latest_only_with_trigger.py
[2025-05-16T04:32:43.929+0000] {logging_mixin.py:190} INFO - [2025-05-16T04:32:43.928+0000] {dag.py:3239} INFO - Sync 1 DAGs
[2025-05-16T04:32:44.377+0000] {logging_mixin.py:190} INFO - [2025-05-16T04:32:44.375+0000] {dag.py:4180} INFO - Setting next_dagrun for latest_only_with_trigger to 2025-05-16 00:00:00+00:00, run_after=2025-05-16 04:00:00+00:00
[2025-05-16T04:32:44.768+0000] {processor.py:208} INFO - Processing /home/airflow/.local/lib/python3.12/site-packages/airflow/example_dags/example_latest_only_with_trigger.py took 1.712 seconds
[2025-05-16T04:33:59.682+0000] {processor.py:186} INFO - Started process (PID=527) to work on /home/airflow/.local/lib/python3.12/site-packages/airflow/example_dags/example_latest_only_with_trigger.py
[2025-05-16T04:33:59.706+0000] {processor.py:914} INFO - Processing file /home/airflow/.local/lib/python3.12/site-packages/airflow/example_dags/example_latest_only_with_trigger.py for tasks to queue
[2025-05-16T04:33:59.768+0000] {logging_mixin.py:190} INFO - [2025-05-16T04:33:59.766+0000] {dagbag.py:588} INFO - Filling up the DagBag from /home/airflow/.local/lib/python3.12/site-packages/airflow/example_dags/example_latest_only_with_trigger.py
[2025-05-16T04:33:59.907+0000] {processor.py:925} INFO - DAG(s) 'latest_only_with_trigger' retrieved from /home/airflow/.local/lib/python3.12/site-packages/airflow/example_dags/example_latest_only_with_trigger.py
[2025-05-16T04:34:00.875+0000] {logging_mixin.py:190} INFO - [2025-05-16T04:34:00.874+0000] {dag.py:3239} INFO - Sync 1 DAGs
[2025-05-16T04:34:00.975+0000] {logging_mixin.py:190} INFO - [2025-05-16T04:34:00.974+0000] {dag.py:4180} INFO - Setting next_dagrun for latest_only_with_trigger to 2025-05-16 00:00:00+00:00, run_after=2025-05-16 04:00:00+00:00
[2025-05-16T04:34:02.503+0000] {processor.py:208} INFO - Processing /home/airflow/.local/lib/python3.12/site-packages/airflow/example_dags/example_latest_only_with_trigger.py took 2.846 seconds
[2025-05-16T04:35:00.509+0000] {processor.py:186} INFO - Started process (PID=605) to work on /home/airflow/.local/lib/python3.12/site-packages/airflow/example_dags/example_latest_only_with_trigger.py
[2025-05-16T04:35:00.518+0000] {processor.py:914} INFO - Processing file /home/airflow/.local/lib/python3.12/site-packages/airflow/example_dags/example_latest_only_with_trigger.py for tasks to queue
[2025-05-16T04:35:00.539+0000] {logging_mixin.py:190} INFO - [2025-05-16T04:35:00.538+0000] {dagbag.py:588} INFO - Filling up the DagBag from /home/airflow/.local/lib/python3.12/site-packages/airflow/example_dags/example_latest_only_with_trigger.py
[2025-05-16T04:35:00.639+0000] {processor.py:925} INFO - DAG(s) 'latest_only_with_trigger' retrieved from /home/airflow/.local/lib/python3.12/site-packages/airflow/example_dags/example_latest_only_with_trigger.py
[2025-05-16T04:35:00.792+0000] {logging_mixin.py:190} INFO - [2025-05-16T04:35:00.789+0000] {dag.py:3239} INFO - Sync 1 DAGs
[2025-05-16T04:35:00.978+0000] {logging_mixin.py:190} INFO - [2025-05-16T04:35:00.977+0000] {dag.py:4180} INFO - Setting next_dagrun for latest_only_with_trigger to 2025-05-16 00:00:00+00:00, run_after=2025-05-16 04:00:00+00:00
[2025-05-16T04:35:01.100+0000] {processor.py:208} INFO - Processing /home/airflow/.local/lib/python3.12/site-packages/airflow/example_dags/example_latest_only_with_trigger.py took 0.611 seconds
[2025-05-16T04:35:37.762+0000] {processor.py:186} INFO - Started process (PID=676) to work on /home/airflow/.local/lib/python3.12/site-packages/airflow/example_dags/example_latest_only_with_trigger.py
[2025-05-16T04:35:37.768+0000] {processor.py:914} INFO - Processing file /home/airflow/.local/lib/python3.12/site-packages/airflow/example_dags/example_latest_only_with_trigger.py for tasks to queue
[2025-05-16T04:35:37.784+0000] {logging_mixin.py:190} INFO - [2025-05-16T04:35:37.783+0000] {dagbag.py:588} INFO - Filling up the DagBag from /home/airflow/.local/lib/python3.12/site-packages/airflow/example_dags/example_latest_only_with_trigger.py
[2025-05-16T04:35:37.819+0000] {processor.py:925} INFO - DAG(s) 'latest_only_with_trigger' retrieved from /home/airflow/.local/lib/python3.12/site-packages/airflow/example_dags/example_latest_only_with_trigger.py
[2025-05-16T04:35:37.927+0000] {logging_mixin.py:190} INFO - [2025-05-16T04:35:37.925+0000] {dag.py:3239} INFO - Sync 1 DAGs
[2025-05-16T04:35:38.067+0000] {logging_mixin.py:190} INFO - [2025-05-16T04:35:38.066+0000] {dag.py:4180} INFO - Setting next_dagrun for latest_only_with_trigger to 2025-05-16 00:00:00+00:00, run_after=2025-05-16 04:00:00+00:00
[2025-05-16T04:35:38.220+0000] {processor.py:208} INFO - Processing /home/airflow/.local/lib/python3.12/site-packages/airflow/example_dags/example_latest_only_with_trigger.py took 0.485 seconds
[2025-05-16T04:36:23.912+0000] {processor.py:186} INFO - Started process (PID=746) to work on /home/airflow/.local/lib/python3.12/site-packages/airflow/example_dags/example_latest_only_with_trigger.py
[2025-05-16T04:36:23.915+0000] {processor.py:914} INFO - Processing file /home/airflow/.local/lib/python3.12/site-packages/airflow/example_dags/example_latest_only_with_trigger.py for tasks to queue
[2025-05-16T04:36:23.923+0000] {logging_mixin.py:190} INFO - [2025-05-16T04:36:23.922+0000] {dagbag.py:588} INFO - Filling up the DagBag from /home/airflow/.local/lib/python3.12/site-packages/airflow/example_dags/example_latest_only_with_trigger.py
[2025-05-16T04:36:23.946+0000] {processor.py:925} INFO - DAG(s) 'latest_only_with_trigger' retrieved from /home/airflow/.local/lib/python3.12/site-packages/airflow/example_dags/example_latest_only_with_trigger.py
[2025-05-16T04:36:24.002+0000] {logging_mixin.py:190} INFO - [2025-05-16T04:36:24.001+0000] {dag.py:3239} INFO - Sync 1 DAGs
[2025-05-16T04:36:24.093+0000] {logging_mixin.py:190} INFO - [2025-05-16T04:36:24.092+0000] {dag.py:4180} INFO - Setting next_dagrun for latest_only_with_trigger to 2025-05-16 00:00:00+00:00, run_after=2025-05-16 04:00:00+00:00
[2025-05-16T04:36:24.189+0000] {processor.py:208} INFO - Processing /home/airflow/.local/lib/python3.12/site-packages/airflow/example_dags/example_latest_only_with_trigger.py took 0.292 seconds
[2025-05-16T04:37:12.287+0000] {processor.py:186} INFO - Started process (PID=817) to work on /home/airflow/.local/lib/python3.12/site-packages/airflow/example_dags/example_latest_only_with_trigger.py
[2025-05-16T04:37:12.292+0000] {processor.py:914} INFO - Processing file /home/airflow/.local/lib/python3.12/site-packages/airflow/example_dags/example_latest_only_with_trigger.py for tasks to queue
[2025-05-16T04:37:12.299+0000] {logging_mixin.py:190} INFO - [2025-05-16T04:37:12.298+0000] {dagbag.py:588} INFO - Filling up the DagBag from /home/airflow/.local/lib/python3.12/site-packages/airflow/example_dags/example_latest_only_with_trigger.py
[2025-05-16T04:37:12.322+0000] {processor.py:925} INFO - DAG(s) 'latest_only_with_trigger' retrieved from /home/airflow/.local/lib/python3.12/site-packages/airflow/example_dags/example_latest_only_with_trigger.py
[2025-05-16T04:37:12.374+0000] {logging_mixin.py:190} INFO - [2025-05-16T04:37:12.374+0000] {dag.py:3239} INFO - Sync 1 DAGs
[2025-05-16T04:37:12.439+0000] {logging_mixin.py:190} INFO - [2025-05-16T04:37:12.439+0000] {dag.py:4180} INFO - Setting next_dagrun for latest_only_with_trigger to 2025-05-16 00:00:00+00:00, run_after=2025-05-16 04:00:00+00:00
[2025-05-16T04:37:12.546+0000] {processor.py:208} INFO - Processing /home/airflow/.local/lib/python3.12/site-packages/airflow/example_dags/example_latest_only_with_trigger.py took 0.278 seconds
[2025-05-16T05:36:56.838+0000] {processor.py:186} INFO - Started process (PID=161) to work on /home/airflow/.local/lib/python3.12/site-packages/airflow/example_dags/example_latest_only_with_trigger.py
[2025-05-16T05:36:56.842+0000] {processor.py:914} INFO - Processing file /home/airflow/.local/lib/python3.12/site-packages/airflow/example_dags/example_latest_only_with_trigger.py for tasks to queue
[2025-05-16T05:36:56.846+0000] {logging_mixin.py:190} INFO - [2025-05-16T05:36:56.846+0000] {dagbag.py:588} INFO - Filling up the DagBag from /home/airflow/.local/lib/python3.12/site-packages/airflow/example_dags/example_latest_only_with_trigger.py
[2025-05-16T05:36:56.857+0000] {processor.py:925} INFO - DAG(s) 'latest_only_with_trigger' retrieved from /home/airflow/.local/lib/python3.12/site-packages/airflow/example_dags/example_latest_only_with_trigger.py
[2025-05-16T05:36:56.886+0000] {logging_mixin.py:190} INFO - [2025-05-16T05:36:56.885+0000] {dag.py:3239} INFO - Sync 1 DAGs
[2025-05-16T05:36:56.914+0000] {logging_mixin.py:190} INFO - [2025-05-16T05:36:56.914+0000] {dag.py:4180} INFO - Setting next_dagrun for latest_only_with_trigger to 2025-05-16 00:00:00+00:00, run_after=2025-05-16 04:00:00+00:00
[2025-05-16T05:36:56.942+0000] {processor.py:208} INFO - Processing /home/airflow/.local/lib/python3.12/site-packages/airflow/example_dags/example_latest_only_with_trigger.py took 0.113 seconds
[2025-05-16T05:37:28.125+0000] {processor.py:186} INFO - Started process (PID=227) to work on /home/airflow/.local/lib/python3.12/site-packages/airflow/example_dags/example_latest_only_with_trigger.py
[2025-05-16T05:37:28.128+0000] {processor.py:914} INFO - Processing file /home/airflow/.local/lib/python3.12/site-packages/airflow/example_dags/example_latest_only_with_trigger.py for tasks to queue
[2025-05-16T05:37:28.135+0000] {logging_mixin.py:190} INFO - [2025-05-16T05:37:28.134+0000] {dagbag.py:588} INFO - Filling up the DagBag from /home/airflow/.local/lib/python3.12/site-packages/airflow/example_dags/example_latest_only_with_trigger.py
[2025-05-16T05:37:28.152+0000] {processor.py:925} INFO - DAG(s) 'latest_only_with_trigger' retrieved from /home/airflow/.local/lib/python3.12/site-packages/airflow/example_dags/example_latest_only_with_trigger.py
[2025-05-16T05:37:28.211+0000] {logging_mixin.py:190} INFO - [2025-05-16T05:37:28.210+0000] {dag.py:3239} INFO - Sync 1 DAGs
[2025-05-16T05:37:28.303+0000] {logging_mixin.py:190} INFO - [2025-05-16T05:37:28.303+0000] {dag.py:4180} INFO - Setting next_dagrun for latest_only_with_trigger to 2025-05-16 00:00:00+00:00, run_after=2025-05-16 04:00:00+00:00
[2025-05-16T05:37:28.383+0000] {processor.py:208} INFO - Processing /home/airflow/.local/lib/python3.12/site-packages/airflow/example_dags/example_latest_only_with_trigger.py took 0.274 seconds
[2025-05-16T05:37:58.707+0000] {processor.py:186} INFO - Started process (PID=292) to work on /home/airflow/.local/lib/python3.12/site-packages/airflow/example_dags/example_latest_only_with_trigger.py
[2025-05-16T05:37:58.709+0000] {processor.py:914} INFO - Processing file /home/airflow/.local/lib/python3.12/site-packages/airflow/example_dags/example_latest_only_with_trigger.py for tasks to queue
[2025-05-16T05:37:58.711+0000] {logging_mixin.py:190} INFO - [2025-05-16T05:37:58.711+0000] {dagbag.py:588} INFO - Filling up the DagBag from /home/airflow/.local/lib/python3.12/site-packages/airflow/example_dags/example_latest_only_with_trigger.py
[2025-05-16T05:37:58.719+0000] {processor.py:925} INFO - DAG(s) 'latest_only_with_trigger' retrieved from /home/airflow/.local/lib/python3.12/site-packages/airflow/example_dags/example_latest_only_with_trigger.py
[2025-05-16T05:37:58.741+0000] {logging_mixin.py:190} INFO - [2025-05-16T05:37:58.740+0000] {dag.py:3239} INFO - Sync 1 DAGs
[2025-05-16T05:37:58.763+0000] {logging_mixin.py:190} INFO - [2025-05-16T05:37:58.763+0000] {dag.py:4180} INFO - Setting next_dagrun for latest_only_with_trigger to 2025-05-16 00:00:00+00:00, run_after=2025-05-16 04:00:00+00:00
[2025-05-16T05:37:58.787+0000] {processor.py:208} INFO - Processing /home/airflow/.local/lib/python3.12/site-packages/airflow/example_dags/example_latest_only_with_trigger.py took 0.086 seconds
[2025-05-16T05:38:29.321+0000] {processor.py:186} INFO - Started process (PID=357) to work on /home/airflow/.local/lib/python3.12/site-packages/airflow/example_dags/example_latest_only_with_trigger.py
[2025-05-16T05:38:29.323+0000] {processor.py:914} INFO - Processing file /home/airflow/.local/lib/python3.12/site-packages/airflow/example_dags/example_latest_only_with_trigger.py for tasks to queue
[2025-05-16T05:38:29.328+0000] {logging_mixin.py:190} INFO - [2025-05-16T05:38:29.327+0000] {dagbag.py:588} INFO - Filling up the DagBag from /home/airflow/.local/lib/python3.12/site-packages/airflow/example_dags/example_latest_only_with_trigger.py
[2025-05-16T05:38:29.337+0000] {processor.py:925} INFO - DAG(s) 'latest_only_with_trigger' retrieved from /home/airflow/.local/lib/python3.12/site-packages/airflow/example_dags/example_latest_only_with_trigger.py
[2025-05-16T05:38:29.361+0000] {logging_mixin.py:190} INFO - [2025-05-16T05:38:29.361+0000] {dag.py:3239} INFO - Sync 1 DAGs
[2025-05-16T05:38:29.383+0000] {logging_mixin.py:190} INFO - [2025-05-16T05:38:29.383+0000] {dag.py:4180} INFO - Setting next_dagrun for latest_only_with_trigger to 2025-05-16 00:00:00+00:00, run_after=2025-05-16 04:00:00+00:00
[2025-05-16T05:38:29.406+0000] {processor.py:208} INFO - Processing /home/airflow/.local/lib/python3.12/site-packages/airflow/example_dags/example_latest_only_with_trigger.py took 0.097 seconds
[2025-05-16T05:38:59.590+0000] {processor.py:186} INFO - Started process (PID=423) to work on /home/airflow/.local/lib/python3.12/site-packages/airflow/example_dags/example_latest_only_with_trigger.py
[2025-05-16T05:38:59.592+0000] {processor.py:914} INFO - Processing file /home/airflow/.local/lib/python3.12/site-packages/airflow/example_dags/example_latest_only_with_trigger.py for tasks to queue
[2025-05-16T05:38:59.596+0000] {logging_mixin.py:190} INFO - [2025-05-16T05:38:59.595+0000] {dagbag.py:588} INFO - Filling up the DagBag from /home/airflow/.local/lib/python3.12/site-packages/airflow/example_dags/example_latest_only_with_trigger.py
[2025-05-16T05:38:59.604+0000] {processor.py:925} INFO - DAG(s) 'latest_only_with_trigger' retrieved from /home/airflow/.local/lib/python3.12/site-packages/airflow/example_dags/example_latest_only_with_trigger.py
[2025-05-16T05:38:59.625+0000] {logging_mixin.py:190} INFO - [2025-05-16T05:38:59.625+0000] {dag.py:3239} INFO - Sync 1 DAGs
[2025-05-16T05:38:59.649+0000] {logging_mixin.py:190} INFO - [2025-05-16T05:38:59.649+0000] {dag.py:4180} INFO - Setting next_dagrun for latest_only_with_trigger to 2025-05-16 00:00:00+00:00, run_after=2025-05-16 04:00:00+00:00
[2025-05-16T05:38:59.672+0000] {processor.py:208} INFO - Processing /home/airflow/.local/lib/python3.12/site-packages/airflow/example_dags/example_latest_only_with_trigger.py took 0.094 seconds
[2025-05-16T05:39:29.895+0000] {processor.py:186} INFO - Started process (PID=489) to work on /home/airflow/.local/lib/python3.12/site-packages/airflow/example_dags/example_latest_only_with_trigger.py
[2025-05-16T05:39:29.897+0000] {processor.py:914} INFO - Processing file /home/airflow/.local/lib/python3.12/site-packages/airflow/example_dags/example_latest_only_with_trigger.py for tasks to queue
[2025-05-16T05:39:29.904+0000] {logging_mixin.py:190} INFO - [2025-05-16T05:39:29.903+0000] {dagbag.py:588} INFO - Filling up the DagBag from /home/airflow/.local/lib/python3.12/site-packages/airflow/example_dags/example_latest_only_with_trigger.py
[2025-05-16T05:39:29.916+0000] {processor.py:925} INFO - DAG(s) 'latest_only_with_trigger' retrieved from /home/airflow/.local/lib/python3.12/site-packages/airflow/example_dags/example_latest_only_with_trigger.py
[2025-05-16T05:39:29.943+0000] {logging_mixin.py:190} INFO - [2025-05-16T05:39:29.943+0000] {dag.py:3239} INFO - Sync 1 DAGs
[2025-05-16T05:39:29.974+0000] {logging_mixin.py:190} INFO - [2025-05-16T05:39:29.973+0000] {dag.py:4180} INFO - Setting next_dagrun for latest_only_with_trigger to 2025-05-16 00:00:00+00:00, run_after=2025-05-16 04:00:00+00:00
[2025-05-16T05:39:30.008+0000] {processor.py:208} INFO - Processing /home/airflow/.local/lib/python3.12/site-packages/airflow/example_dags/example_latest_only_with_trigger.py took 0.124 seconds
[2025-05-16T05:40:00.415+0000] {processor.py:186} INFO - Started process (PID=555) to work on /home/airflow/.local/lib/python3.12/site-packages/airflow/example_dags/example_latest_only_with_trigger.py
[2025-05-16T05:40:00.418+0000] {processor.py:914} INFO - Processing file /home/airflow/.local/lib/python3.12/site-packages/airflow/example_dags/example_latest_only_with_trigger.py for tasks to queue
[2025-05-16T05:40:00.422+0000] {logging_mixin.py:190} INFO - [2025-05-16T05:40:00.421+0000] {dagbag.py:588} INFO - Filling up the DagBag from /home/airflow/.local/lib/python3.12/site-packages/airflow/example_dags/example_latest_only_with_trigger.py
[2025-05-16T05:40:00.434+0000] {processor.py:925} INFO - DAG(s) 'latest_only_with_trigger' retrieved from /home/airflow/.local/lib/python3.12/site-packages/airflow/example_dags/example_latest_only_with_trigger.py
[2025-05-16T05:40:00.469+0000] {logging_mixin.py:190} INFO - [2025-05-16T05:40:00.468+0000] {dag.py:3239} INFO - Sync 1 DAGs
[2025-05-16T05:40:00.507+0000] {logging_mixin.py:190} INFO - [2025-05-16T05:40:00.507+0000] {dag.py:4180} INFO - Setting next_dagrun for latest_only_with_trigger to 2025-05-16 00:00:00+00:00, run_after=2025-05-16 04:00:00+00:00
[2025-05-16T05:40:00.545+0000] {processor.py:208} INFO - Processing /home/airflow/.local/lib/python3.12/site-packages/airflow/example_dags/example_latest_only_with_trigger.py took 0.140 seconds
[2025-05-16T05:40:30.988+0000] {processor.py:186} INFO - Started process (PID=621) to work on /home/airflow/.local/lib/python3.12/site-packages/airflow/example_dags/example_latest_only_with_trigger.py
[2025-05-16T05:40:30.990+0000] {processor.py:914} INFO - Processing file /home/airflow/.local/lib/python3.12/site-packages/airflow/example_dags/example_latest_only_with_trigger.py for tasks to queue
[2025-05-16T05:40:30.994+0000] {logging_mixin.py:190} INFO - [2025-05-16T05:40:30.993+0000] {dagbag.py:588} INFO - Filling up the DagBag from /home/airflow/.local/lib/python3.12/site-packages/airflow/example_dags/example_latest_only_with_trigger.py
[2025-05-16T05:40:31.007+0000] {processor.py:925} INFO - DAG(s) 'latest_only_with_trigger' retrieved from /home/airflow/.local/lib/python3.12/site-packages/airflow/example_dags/example_latest_only_with_trigger.py
[2025-05-16T05:40:31.048+0000] {logging_mixin.py:190} INFO - [2025-05-16T05:40:31.047+0000] {dag.py:3239} INFO - Sync 1 DAGs
[2025-05-16T05:40:31.091+0000] {logging_mixin.py:190} INFO - [2025-05-16T05:40:31.091+0000] {dag.py:4180} INFO - Setting next_dagrun for latest_only_with_trigger to 2025-05-16 00:00:00+00:00, run_after=2025-05-16 04:00:00+00:00
[2025-05-16T05:40:31.135+0000] {processor.py:208} INFO - Processing /home/airflow/.local/lib/python3.12/site-packages/airflow/example_dags/example_latest_only_with_trigger.py took 0.158 seconds
[2025-05-16T05:41:01.643+0000] {processor.py:186} INFO - Started process (PID=687) to work on /home/airflow/.local/lib/python3.12/site-packages/airflow/example_dags/example_latest_only_with_trigger.py
[2025-05-16T05:41:01.646+0000] {processor.py:914} INFO - Processing file /home/airflow/.local/lib/python3.12/site-packages/airflow/example_dags/example_latest_only_with_trigger.py for tasks to queue
[2025-05-16T05:41:01.650+0000] {logging_mixin.py:190} INFO - [2025-05-16T05:41:01.650+0000] {dagbag.py:588} INFO - Filling up the DagBag from /home/airflow/.local/lib/python3.12/site-packages/airflow/example_dags/example_latest_only_with_trigger.py
[2025-05-16T05:41:01.664+0000] {processor.py:925} INFO - DAG(s) 'latest_only_with_trigger' retrieved from /home/airflow/.local/lib/python3.12/site-packages/airflow/example_dags/example_latest_only_with_trigger.py
[2025-05-16T05:41:01.709+0000] {logging_mixin.py:190} INFO - [2025-05-16T05:41:01.709+0000] {dag.py:3239} INFO - Sync 1 DAGs
[2025-05-16T05:41:01.759+0000] {logging_mixin.py:190} INFO - [2025-05-16T05:41:01.758+0000] {dag.py:4180} INFO - Setting next_dagrun for latest_only_with_trigger to 2025-05-16 00:00:00+00:00, run_after=2025-05-16 04:00:00+00:00
[2025-05-16T05:41:01.803+0000] {processor.py:208} INFO - Processing /home/airflow/.local/lib/python3.12/site-packages/airflow/example_dags/example_latest_only_with_trigger.py took 0.170 seconds
[2025-05-16T05:41:31.939+0000] {processor.py:186} INFO - Started process (PID=753) to work on /home/airflow/.local/lib/python3.12/site-packages/airflow/example_dags/example_latest_only_with_trigger.py
[2025-05-16T05:41:31.941+0000] {processor.py:914} INFO - Processing file /home/airflow/.local/lib/python3.12/site-packages/airflow/example_dags/example_latest_only_with_trigger.py for tasks to queue
[2025-05-16T05:41:31.946+0000] {logging_mixin.py:190} INFO - [2025-05-16T05:41:31.945+0000] {dagbag.py:588} INFO - Filling up the DagBag from /home/airflow/.local/lib/python3.12/site-packages/airflow/example_dags/example_latest_only_with_trigger.py
[2025-05-16T05:41:31.960+0000] {processor.py:925} INFO - DAG(s) 'latest_only_with_trigger' retrieved from /home/airflow/.local/lib/python3.12/site-packages/airflow/example_dags/example_latest_only_with_trigger.py
[2025-05-16T05:41:32.006+0000] {logging_mixin.py:190} INFO - [2025-05-16T05:41:32.006+0000] {dag.py:3239} INFO - Sync 1 DAGs
[2025-05-16T05:41:32.054+0000] {logging_mixin.py:190} INFO - [2025-05-16T05:41:32.053+0000] {dag.py:4180} INFO - Setting next_dagrun for latest_only_with_trigger to 2025-05-16 00:00:00+00:00, run_after=2025-05-16 04:00:00+00:00
[2025-05-16T05:41:32.097+0000] {processor.py:208} INFO - Processing /home/airflow/.local/lib/python3.12/site-packages/airflow/example_dags/example_latest_only_with_trigger.py took 0.169 seconds
[2025-05-16T05:42:05.187+0000] {processor.py:186} INFO - Started process (PID=819) to work on /home/airflow/.local/lib/python3.12/site-packages/airflow/example_dags/example_latest_only_with_trigger.py
[2025-05-16T05:42:05.192+0000] {processor.py:914} INFO - Processing file /home/airflow/.local/lib/python3.12/site-packages/airflow/example_dags/example_latest_only_with_trigger.py for tasks to queue
[2025-05-16T05:42:05.200+0000] {logging_mixin.py:190} INFO - [2025-05-16T05:42:05.199+0000] {dagbag.py:588} INFO - Filling up the DagBag from /home/airflow/.local/lib/python3.12/site-packages/airflow/example_dags/example_latest_only_with_trigger.py
[2025-05-16T05:42:05.226+0000] {processor.py:925} INFO - DAG(s) 'latest_only_with_trigger' retrieved from /home/airflow/.local/lib/python3.12/site-packages/airflow/example_dags/example_latest_only_with_trigger.py
[2025-05-16T05:42:05.294+0000] {logging_mixin.py:190} INFO - [2025-05-16T05:42:05.293+0000] {dag.py:3239} INFO - Sync 1 DAGs
[2025-05-16T05:42:05.371+0000] {logging_mixin.py:190} INFO - [2025-05-16T05:42:05.371+0000] {dag.py:4180} INFO - Setting next_dagrun for latest_only_with_trigger to 2025-05-16 00:00:00+00:00, run_after=2025-05-16 04:00:00+00:00
[2025-05-16T05:42:05.427+0000] {processor.py:208} INFO - Processing /home/airflow/.local/lib/python3.12/site-packages/airflow/example_dags/example_latest_only_with_trigger.py took 0.260 seconds
[2025-05-16T05:42:35.493+0000] {processor.py:186} INFO - Started process (PID=884) to work on /home/airflow/.local/lib/python3.12/site-packages/airflow/example_dags/example_latest_only_with_trigger.py
[2025-05-16T05:42:35.495+0000] {processor.py:914} INFO - Processing file /home/airflow/.local/lib/python3.12/site-packages/airflow/example_dags/example_latest_only_with_trigger.py for tasks to queue
[2025-05-16T05:42:35.498+0000] {logging_mixin.py:190} INFO - [2025-05-16T05:42:35.498+0000] {dagbag.py:588} INFO - Filling up the DagBag from /home/airflow/.local/lib/python3.12/site-packages/airflow/example_dags/example_latest_only_with_trigger.py
[2025-05-16T05:42:35.509+0000] {processor.py:925} INFO - DAG(s) 'latest_only_with_trigger' retrieved from /home/airflow/.local/lib/python3.12/site-packages/airflow/example_dags/example_latest_only_with_trigger.py
[2025-05-16T05:42:35.538+0000] {logging_mixin.py:190} INFO - [2025-05-16T05:42:35.537+0000] {dag.py:3239} INFO - Sync 1 DAGs
[2025-05-16T05:42:35.572+0000] {logging_mixin.py:190} INFO - [2025-05-16T05:42:35.572+0000] {dag.py:4180} INFO - Setting next_dagrun for latest_only_with_trigger to 2025-05-16 00:00:00+00:00, run_after=2025-05-16 04:00:00+00:00
[2025-05-16T05:42:35.603+0000] {processor.py:208} INFO - Processing /home/airflow/.local/lib/python3.12/site-packages/airflow/example_dags/example_latest_only_with_trigger.py took 0.118 seconds
[2025-05-16T05:43:06.126+0000] {processor.py:186} INFO - Started process (PID=949) to work on /home/airflow/.local/lib/python3.12/site-packages/airflow/example_dags/example_latest_only_with_trigger.py
[2025-05-16T05:43:06.129+0000] {processor.py:914} INFO - Processing file /home/airflow/.local/lib/python3.12/site-packages/airflow/example_dags/example_latest_only_with_trigger.py for tasks to queue
[2025-05-16T05:43:06.135+0000] {logging_mixin.py:190} INFO - [2025-05-16T05:43:06.134+0000] {dagbag.py:588} INFO - Filling up the DagBag from /home/airflow/.local/lib/python3.12/site-packages/airflow/example_dags/example_latest_only_with_trigger.py
[2025-05-16T05:43:06.152+0000] {processor.py:925} INFO - DAG(s) 'latest_only_with_trigger' retrieved from /home/airflow/.local/lib/python3.12/site-packages/airflow/example_dags/example_latest_only_with_trigger.py
[2025-05-16T05:43:06.204+0000] {logging_mixin.py:190} INFO - [2025-05-16T05:43:06.203+0000] {dag.py:3239} INFO - Sync 1 DAGs
[2025-05-16T05:43:06.266+0000] {logging_mixin.py:190} INFO - [2025-05-16T05:43:06.265+0000] {dag.py:4180} INFO - Setting next_dagrun for latest_only_with_trigger to 2025-05-16 00:00:00+00:00, run_after=2025-05-16 04:00:00+00:00
[2025-05-16T05:43:06.319+0000] {processor.py:208} INFO - Processing /home/airflow/.local/lib/python3.12/site-packages/airflow/example_dags/example_latest_only_with_trigger.py took 0.208 seconds
[2025-05-16T05:43:36.495+0000] {processor.py:186} INFO - Started process (PID=1014) to work on /home/airflow/.local/lib/python3.12/site-packages/airflow/example_dags/example_latest_only_with_trigger.py
[2025-05-16T05:43:36.498+0000] {processor.py:914} INFO - Processing file /home/airflow/.local/lib/python3.12/site-packages/airflow/example_dags/example_latest_only_with_trigger.py for tasks to queue
[2025-05-16T05:43:36.504+0000] {logging_mixin.py:190} INFO - [2025-05-16T05:43:36.503+0000] {dagbag.py:588} INFO - Filling up the DagBag from /home/airflow/.local/lib/python3.12/site-packages/airflow/example_dags/example_latest_only_with_trigger.py
[2025-05-16T05:43:36.519+0000] {processor.py:925} INFO - DAG(s) 'latest_only_with_trigger' retrieved from /home/airflow/.local/lib/python3.12/site-packages/airflow/example_dags/example_latest_only_with_trigger.py
[2025-05-16T05:43:36.564+0000] {logging_mixin.py:190} INFO - [2025-05-16T05:43:36.564+0000] {dag.py:3239} INFO - Sync 1 DAGs
[2025-05-16T05:43:36.609+0000] {logging_mixin.py:190} INFO - [2025-05-16T05:43:36.609+0000] {dag.py:4180} INFO - Setting next_dagrun for latest_only_with_trigger to 2025-05-16 00:00:00+00:00, run_after=2025-05-16 04:00:00+00:00
[2025-05-16T05:43:36.653+0000] {processor.py:208} INFO - Processing /home/airflow/.local/lib/python3.12/site-packages/airflow/example_dags/example_latest_only_with_trigger.py took 0.169 seconds
[2025-05-16T05:44:07.357+0000] {processor.py:186} INFO - Started process (PID=1080) to work on /home/airflow/.local/lib/python3.12/site-packages/airflow/example_dags/example_latest_only_with_trigger.py
[2025-05-16T05:44:07.359+0000] {processor.py:914} INFO - Processing file /home/airflow/.local/lib/python3.12/site-packages/airflow/example_dags/example_latest_only_with_trigger.py for tasks to queue
[2025-05-16T05:44:07.363+0000] {logging_mixin.py:190} INFO - [2025-05-16T05:44:07.362+0000] {dagbag.py:588} INFO - Filling up the DagBag from /home/airflow/.local/lib/python3.12/site-packages/airflow/example_dags/example_latest_only_with_trigger.py
[2025-05-16T05:44:07.375+0000] {processor.py:925} INFO - DAG(s) 'latest_only_with_trigger' retrieved from /home/airflow/.local/lib/python3.12/site-packages/airflow/example_dags/example_latest_only_with_trigger.py
[2025-05-16T05:44:07.410+0000] {logging_mixin.py:190} INFO - [2025-05-16T05:44:07.410+0000] {dag.py:3239} INFO - Sync 1 DAGs
[2025-05-16T05:44:07.450+0000] {logging_mixin.py:190} INFO - [2025-05-16T05:44:07.449+0000] {dag.py:4180} INFO - Setting next_dagrun for latest_only_with_trigger to 2025-05-16 00:00:00+00:00, run_after=2025-05-16 04:00:00+00:00
[2025-05-16T05:44:07.487+0000] {processor.py:208} INFO - Processing /home/airflow/.local/lib/python3.12/site-packages/airflow/example_dags/example_latest_only_with_trigger.py took 0.139 seconds
[2025-05-16T05:44:44.748+0000] {processor.py:186} INFO - Started process (PID=1147) to work on /home/airflow/.local/lib/python3.12/site-packages/airflow/example_dags/example_latest_only_with_trigger.py
[2025-05-16T05:44:44.752+0000] {processor.py:914} INFO - Processing file /home/airflow/.local/lib/python3.12/site-packages/airflow/example_dags/example_latest_only_with_trigger.py for tasks to queue
[2025-05-16T05:44:44.760+0000] {logging_mixin.py:190} INFO - [2025-05-16T05:44:44.759+0000] {dagbag.py:588} INFO - Filling up the DagBag from /home/airflow/.local/lib/python3.12/site-packages/airflow/example_dags/example_latest_only_with_trigger.py
[2025-05-16T05:44:44.795+0000] {processor.py:925} INFO - DAG(s) 'latest_only_with_trigger' retrieved from /home/airflow/.local/lib/python3.12/site-packages/airflow/example_dags/example_latest_only_with_trigger.py
[2025-05-16T05:44:44.888+0000] {logging_mixin.py:190} INFO - [2025-05-16T05:44:44.888+0000] {dag.py:3239} INFO - Sync 1 DAGs
[2025-05-16T05:44:44.985+0000] {logging_mixin.py:190} INFO - [2025-05-16T05:44:44.984+0000] {dag.py:4180} INFO - Setting next_dagrun for latest_only_with_trigger to 2025-05-16 00:00:00+00:00, run_after=2025-05-16 04:00:00+00:00
[2025-05-16T05:44:45.075+0000] {processor.py:208} INFO - Processing /home/airflow/.local/lib/python3.12/site-packages/airflow/example_dags/example_latest_only_with_trigger.py took 0.351 seconds
[2025-05-16T05:45:24.185+0000] {processor.py:186} INFO - Started process (PID=1213) to work on /home/airflow/.local/lib/python3.12/site-packages/airflow/example_dags/example_latest_only_with_trigger.py
[2025-05-16T05:45:24.226+0000] {processor.py:914} INFO - Processing file /home/airflow/.local/lib/python3.12/site-packages/airflow/example_dags/example_latest_only_with_trigger.py for tasks to queue
[2025-05-16T05:45:24.283+0000] {logging_mixin.py:190} INFO - [2025-05-16T05:45:24.281+0000] {dagbag.py:588} INFO - Filling up the DagBag from /home/airflow/.local/lib/python3.12/site-packages/airflow/example_dags/example_latest_only_with_trigger.py
[2025-05-16T05:45:24.363+0000] {processor.py:925} INFO - DAG(s) 'latest_only_with_trigger' retrieved from /home/airflow/.local/lib/python3.12/site-packages/airflow/example_dags/example_latest_only_with_trigger.py
[2025-05-16T05:45:24.479+0000] {logging_mixin.py:190} INFO - [2025-05-16T05:45:24.478+0000] {dag.py:3239} INFO - Sync 1 DAGs
[2025-05-16T05:45:24.603+0000] {logging_mixin.py:190} INFO - [2025-05-16T05:45:24.602+0000] {dag.py:4180} INFO - Setting next_dagrun for latest_only_with_trigger to 2025-05-16 00:00:00+00:00, run_after=2025-05-16 04:00:00+00:00
[2025-05-16T05:45:24.678+0000] {processor.py:208} INFO - Processing /home/airflow/.local/lib/python3.12/site-packages/airflow/example_dags/example_latest_only_with_trigger.py took 0.515 seconds
[2025-05-16T05:45:58.324+0000] {processor.py:186} INFO - Started process (PID=1285) to work on /home/airflow/.local/lib/python3.12/site-packages/airflow/example_dags/example_latest_only_with_trigger.py
[2025-05-16T05:45:58.329+0000] {processor.py:914} INFO - Processing file /home/airflow/.local/lib/python3.12/site-packages/airflow/example_dags/example_latest_only_with_trigger.py for tasks to queue
[2025-05-16T05:45:58.338+0000] {logging_mixin.py:190} INFO - [2025-05-16T05:45:58.337+0000] {dagbag.py:588} INFO - Filling up the DagBag from /home/airflow/.local/lib/python3.12/site-packages/airflow/example_dags/example_latest_only_with_trigger.py
[2025-05-16T05:45:58.374+0000] {processor.py:925} INFO - DAG(s) 'latest_only_with_trigger' retrieved from /home/airflow/.local/lib/python3.12/site-packages/airflow/example_dags/example_latest_only_with_trigger.py
[2025-05-16T05:45:58.469+0000] {logging_mixin.py:190} INFO - [2025-05-16T05:45:58.468+0000] {dag.py:3239} INFO - Sync 1 DAGs
[2025-05-16T05:45:58.559+0000] {logging_mixin.py:190} INFO - [2025-05-16T05:45:58.558+0000] {dag.py:4180} INFO - Setting next_dagrun for latest_only_with_trigger to 2025-05-16 00:00:00+00:00, run_after=2025-05-16 04:00:00+00:00
[2025-05-16T05:45:58.645+0000] {processor.py:208} INFO - Processing /home/airflow/.local/lib/python3.12/site-packages/airflow/example_dags/example_latest_only_with_trigger.py took 0.345 seconds
[2025-05-16T05:46:29.469+0000] {processor.py:186} INFO - Started process (PID=1351) to work on /home/airflow/.local/lib/python3.12/site-packages/airflow/example_dags/example_latest_only_with_trigger.py
[2025-05-16T05:46:29.472+0000] {processor.py:914} INFO - Processing file /home/airflow/.local/lib/python3.12/site-packages/airflow/example_dags/example_latest_only_with_trigger.py for tasks to queue
[2025-05-16T05:46:29.477+0000] {logging_mixin.py:190} INFO - [2025-05-16T05:46:29.477+0000] {dagbag.py:588} INFO - Filling up the DagBag from /home/airflow/.local/lib/python3.12/site-packages/airflow/example_dags/example_latest_only_with_trigger.py
[2025-05-16T05:46:29.490+0000] {processor.py:925} INFO - DAG(s) 'latest_only_with_trigger' retrieved from /home/airflow/.local/lib/python3.12/site-packages/airflow/example_dags/example_latest_only_with_trigger.py
[2025-05-16T05:46:29.532+0000] {logging_mixin.py:190} INFO - [2025-05-16T05:46:29.531+0000] {dag.py:3239} INFO - Sync 1 DAGs
[2025-05-16T05:46:29.570+0000] {logging_mixin.py:190} INFO - [2025-05-16T05:46:29.570+0000] {dag.py:4180} INFO - Setting next_dagrun for latest_only_with_trigger to 2025-05-16 00:00:00+00:00, run_after=2025-05-16 04:00:00+00:00
[2025-05-16T05:46:29.609+0000] {processor.py:208} INFO - Processing /home/airflow/.local/lib/python3.12/site-packages/airflow/example_dags/example_latest_only_with_trigger.py took 0.150 seconds
[2025-05-16T05:47:00.221+0000] {processor.py:186} INFO - Started process (PID=1417) to work on /home/airflow/.local/lib/python3.12/site-packages/airflow/example_dags/example_latest_only_with_trigger.py
[2025-05-16T05:47:00.225+0000] {processor.py:914} INFO - Processing file /home/airflow/.local/lib/python3.12/site-packages/airflow/example_dags/example_latest_only_with_trigger.py for tasks to queue
[2025-05-16T05:47:00.231+0000] {logging_mixin.py:190} INFO - [2025-05-16T05:47:00.230+0000] {dagbag.py:588} INFO - Filling up the DagBag from /home/airflow/.local/lib/python3.12/site-packages/airflow/example_dags/example_latest_only_with_trigger.py
[2025-05-16T05:47:00.249+0000] {processor.py:925} INFO - DAG(s) 'latest_only_with_trigger' retrieved from /home/airflow/.local/lib/python3.12/site-packages/airflow/example_dags/example_latest_only_with_trigger.py
[2025-05-16T05:47:00.300+0000] {logging_mixin.py:190} INFO - [2025-05-16T05:47:00.299+0000] {dag.py:3239} INFO - Sync 1 DAGs
[2025-05-16T05:47:00.340+0000] {logging_mixin.py:190} INFO - [2025-05-16T05:47:00.340+0000] {dag.py:4180} INFO - Setting next_dagrun for latest_only_with_trigger to 2025-05-16 00:00:00+00:00, run_after=2025-05-16 04:00:00+00:00
[2025-05-16T05:47:00.375+0000] {processor.py:208} INFO - Processing /home/airflow/.local/lib/python3.12/site-packages/airflow/example_dags/example_latest_only_with_trigger.py took 0.167 seconds
[2025-05-16T05:47:31.081+0000] {processor.py:186} INFO - Started process (PID=1482) to work on /home/airflow/.local/lib/python3.12/site-packages/airflow/example_dags/example_latest_only_with_trigger.py
[2025-05-16T05:47:31.084+0000] {processor.py:914} INFO - Processing file /home/airflow/.local/lib/python3.12/site-packages/airflow/example_dags/example_latest_only_with_trigger.py for tasks to queue
[2025-05-16T05:47:31.089+0000] {logging_mixin.py:190} INFO - [2025-05-16T05:47:31.088+0000] {dagbag.py:588} INFO - Filling up the DagBag from /home/airflow/.local/lib/python3.12/site-packages/airflow/example_dags/example_latest_only_with_trigger.py
[2025-05-16T05:47:31.103+0000] {processor.py:925} INFO - DAG(s) 'latest_only_with_trigger' retrieved from /home/airflow/.local/lib/python3.12/site-packages/airflow/example_dags/example_latest_only_with_trigger.py
[2025-05-16T05:47:31.135+0000] {logging_mixin.py:190} INFO - [2025-05-16T05:47:31.134+0000] {dag.py:3239} INFO - Sync 1 DAGs
[2025-05-16T05:47:31.159+0000] {logging_mixin.py:190} INFO - [2025-05-16T05:47:31.159+0000] {dag.py:4180} INFO - Setting next_dagrun for latest_only_with_trigger to 2025-05-16 00:00:00+00:00, run_after=2025-05-16 04:00:00+00:00
[2025-05-16T05:47:31.188+0000] {processor.py:208} INFO - Processing /home/airflow/.local/lib/python3.12/site-packages/airflow/example_dags/example_latest_only_with_trigger.py took 0.119 seconds
[2025-05-16T05:48:01.950+0000] {processor.py:186} INFO - Started process (PID=1548) to work on /home/airflow/.local/lib/python3.12/site-packages/airflow/example_dags/example_latest_only_with_trigger.py
[2025-05-16T05:48:01.953+0000] {processor.py:914} INFO - Processing file /home/airflow/.local/lib/python3.12/site-packages/airflow/example_dags/example_latest_only_with_trigger.py for tasks to queue
[2025-05-16T05:48:01.960+0000] {logging_mixin.py:190} INFO - [2025-05-16T05:48:01.959+0000] {dagbag.py:588} INFO - Filling up the DagBag from /home/airflow/.local/lib/python3.12/site-packages/airflow/example_dags/example_latest_only_with_trigger.py
[2025-05-16T05:48:01.975+0000] {processor.py:925} INFO - DAG(s) 'latest_only_with_trigger' retrieved from /home/airflow/.local/lib/python3.12/site-packages/airflow/example_dags/example_latest_only_with_trigger.py
[2025-05-16T05:48:02.017+0000] {logging_mixin.py:190} INFO - [2025-05-16T05:48:02.016+0000] {dag.py:3239} INFO - Sync 1 DAGs
[2025-05-16T05:48:02.064+0000] {logging_mixin.py:190} INFO - [2025-05-16T05:48:02.064+0000] {dag.py:4180} INFO - Setting next_dagrun for latest_only_with_trigger to 2025-05-16 00:00:00+00:00, run_after=2025-05-16 04:00:00+00:00
[2025-05-16T05:48:02.100+0000] {processor.py:208} INFO - Processing /home/airflow/.local/lib/python3.12/site-packages/airflow/example_dags/example_latest_only_with_trigger.py took 0.162 seconds
[2025-05-16T05:48:32.599+0000] {processor.py:186} INFO - Started process (PID=1613) to work on /home/airflow/.local/lib/python3.12/site-packages/airflow/example_dags/example_latest_only_with_trigger.py
[2025-05-16T05:48:32.603+0000] {processor.py:914} INFO - Processing file /home/airflow/.local/lib/python3.12/site-packages/airflow/example_dags/example_latest_only_with_trigger.py for tasks to queue
[2025-05-16T05:48:32.609+0000] {logging_mixin.py:190} INFO - [2025-05-16T05:48:32.608+0000] {dagbag.py:588} INFO - Filling up the DagBag from /home/airflow/.local/lib/python3.12/site-packages/airflow/example_dags/example_latest_only_with_trigger.py
[2025-05-16T05:48:32.627+0000] {processor.py:925} INFO - DAG(s) 'latest_only_with_trigger' retrieved from /home/airflow/.local/lib/python3.12/site-packages/airflow/example_dags/example_latest_only_with_trigger.py
[2025-05-16T05:48:32.665+0000] {logging_mixin.py:190} INFO - [2025-05-16T05:48:32.664+0000] {dag.py:3239} INFO - Sync 1 DAGs
[2025-05-16T05:48:32.706+0000] {logging_mixin.py:190} INFO - [2025-05-16T05:48:32.705+0000] {dag.py:4180} INFO - Setting next_dagrun for latest_only_with_trigger to 2025-05-16 00:00:00+00:00, run_after=2025-05-16 04:00:00+00:00
[2025-05-16T05:48:32.753+0000] {processor.py:208} INFO - Processing /home/airflow/.local/lib/python3.12/site-packages/airflow/example_dags/example_latest_only_with_trigger.py took 0.168 seconds
[2025-05-16T05:49:02.952+0000] {processor.py:186} INFO - Started process (PID=1679) to work on /home/airflow/.local/lib/python3.12/site-packages/airflow/example_dags/example_latest_only_with_trigger.py
[2025-05-16T05:49:02.953+0000] {processor.py:914} INFO - Processing file /home/airflow/.local/lib/python3.12/site-packages/airflow/example_dags/example_latest_only_with_trigger.py for tasks to queue
[2025-05-16T05:49:02.956+0000] {logging_mixin.py:190} INFO - [2025-05-16T05:49:02.956+0000] {dagbag.py:588} INFO - Filling up the DagBag from /home/airflow/.local/lib/python3.12/site-packages/airflow/example_dags/example_latest_only_with_trigger.py
[2025-05-16T05:49:02.966+0000] {processor.py:925} INFO - DAG(s) 'latest_only_with_trigger' retrieved from /home/airflow/.local/lib/python3.12/site-packages/airflow/example_dags/example_latest_only_with_trigger.py
[2025-05-16T05:49:02.988+0000] {logging_mixin.py:190} INFO - [2025-05-16T05:49:02.988+0000] {dag.py:3239} INFO - Sync 1 DAGs
[2025-05-16T05:49:03.013+0000] {logging_mixin.py:190} INFO - [2025-05-16T05:49:03.013+0000] {dag.py:4180} INFO - Setting next_dagrun for latest_only_with_trigger to 2025-05-16 00:00:00+00:00, run_after=2025-05-16 04:00:00+00:00
[2025-05-16T05:49:03.050+0000] {processor.py:208} INFO - Processing /home/airflow/.local/lib/python3.12/site-packages/airflow/example_dags/example_latest_only_with_trigger.py took 0.105 seconds
[2025-05-16T05:49:37.129+0000] {processor.py:186} INFO - Started process (PID=1745) to work on /home/airflow/.local/lib/python3.12/site-packages/airflow/example_dags/example_latest_only_with_trigger.py
[2025-05-16T05:49:37.131+0000] {processor.py:914} INFO - Processing file /home/airflow/.local/lib/python3.12/site-packages/airflow/example_dags/example_latest_only_with_trigger.py for tasks to queue
[2025-05-16T05:49:37.137+0000] {logging_mixin.py:190} INFO - [2025-05-16T05:49:37.136+0000] {dagbag.py:588} INFO - Filling up the DagBag from /home/airflow/.local/lib/python3.12/site-packages/airflow/example_dags/example_latest_only_with_trigger.py
[2025-05-16T05:49:37.153+0000] {processor.py:925} INFO - DAG(s) 'latest_only_with_trigger' retrieved from /home/airflow/.local/lib/python3.12/site-packages/airflow/example_dags/example_latest_only_with_trigger.py
[2025-05-16T05:49:37.208+0000] {logging_mixin.py:190} INFO - [2025-05-16T05:49:37.207+0000] {dag.py:3239} INFO - Sync 1 DAGs
[2025-05-16T05:49:37.269+0000] {logging_mixin.py:190} INFO - [2025-05-16T05:49:37.269+0000] {dag.py:4180} INFO - Setting next_dagrun for latest_only_with_trigger to 2025-05-16 00:00:00+00:00, run_after=2025-05-16 04:00:00+00:00
[2025-05-16T05:49:37.318+0000] {processor.py:208} INFO - Processing /home/airflow/.local/lib/python3.12/site-packages/airflow/example_dags/example_latest_only_with_trigger.py took 0.203 seconds
[2025-05-16T05:50:17.416+0000] {processor.py:186} INFO - Started process (PID=1811) to work on /home/airflow/.local/lib/python3.12/site-packages/airflow/example_dags/example_latest_only_with_trigger.py
[2025-05-16T05:50:17.437+0000] {processor.py:914} INFO - Processing file /home/airflow/.local/lib/python3.12/site-packages/airflow/example_dags/example_latest_only_with_trigger.py for tasks to queue
[2025-05-16T05:50:17.508+0000] {logging_mixin.py:190} INFO - [2025-05-16T05:50:17.507+0000] {dagbag.py:588} INFO - Filling up the DagBag from /home/airflow/.local/lib/python3.12/site-packages/airflow/example_dags/example_latest_only_with_trigger.py
[2025-05-16T05:50:17.637+0000] {processor.py:925} INFO - DAG(s) 'latest_only_with_trigger' retrieved from /home/airflow/.local/lib/python3.12/site-packages/airflow/example_dags/example_latest_only_with_trigger.py
[2025-05-16T05:50:17.752+0000] {logging_mixin.py:190} INFO - [2025-05-16T05:50:17.751+0000] {dag.py:3239} INFO - Sync 1 DAGs
[2025-05-16T05:50:18.053+0000] {logging_mixin.py:190} INFO - [2025-05-16T05:50:18.051+0000] {dag.py:4180} INFO - Setting next_dagrun for latest_only_with_trigger to 2025-05-16 00:00:00+00:00, run_after=2025-05-16 04:00:00+00:00
[2025-05-16T05:50:18.240+0000] {processor.py:208} INFO - Processing /home/airflow/.local/lib/python3.12/site-packages/airflow/example_dags/example_latest_only_with_trigger.py took 0.932 seconds
[2025-05-16T05:50:55.427+0000] {processor.py:186} INFO - Started process (PID=1880) to work on /home/airflow/.local/lib/python3.12/site-packages/airflow/example_dags/example_latest_only_with_trigger.py
[2025-05-16T05:50:55.432+0000] {processor.py:914} INFO - Processing file /home/airflow/.local/lib/python3.12/site-packages/airflow/example_dags/example_latest_only_with_trigger.py for tasks to queue
[2025-05-16T05:50:55.449+0000] {logging_mixin.py:190} INFO - [2025-05-16T05:50:55.448+0000] {dagbag.py:588} INFO - Filling up the DagBag from /home/airflow/.local/lib/python3.12/site-packages/airflow/example_dags/example_latest_only_with_trigger.py
[2025-05-16T05:50:55.489+0000] {processor.py:925} INFO - DAG(s) 'latest_only_with_trigger' retrieved from /home/airflow/.local/lib/python3.12/site-packages/airflow/example_dags/example_latest_only_with_trigger.py
[2025-05-16T05:50:55.618+0000] {logging_mixin.py:190} INFO - [2025-05-16T05:50:55.617+0000] {dag.py:3239} INFO - Sync 1 DAGs
[2025-05-16T05:50:55.731+0000] {logging_mixin.py:190} INFO - [2025-05-16T05:50:55.730+0000] {dag.py:4180} INFO - Setting next_dagrun for latest_only_with_trigger to 2025-05-16 00:00:00+00:00, run_after=2025-05-16 04:00:00+00:00
[2025-05-16T05:50:55.872+0000] {processor.py:208} INFO - Processing /home/airflow/.local/lib/python3.12/site-packages/airflow/example_dags/example_latest_only_with_trigger.py took 0.469 seconds
[2025-05-16T05:51:32.492+0000] {processor.py:186} INFO - Started process (PID=1950) to work on /home/airflow/.local/lib/python3.12/site-packages/airflow/example_dags/example_latest_only_with_trigger.py
[2025-05-16T05:51:32.507+0000] {processor.py:914} INFO - Processing file /home/airflow/.local/lib/python3.12/site-packages/airflow/example_dags/example_latest_only_with_trigger.py for tasks to queue
[2025-05-16T05:51:32.529+0000] {logging_mixin.py:190} INFO - [2025-05-16T05:51:32.528+0000] {dagbag.py:588} INFO - Filling up the DagBag from /home/airflow/.local/lib/python3.12/site-packages/airflow/example_dags/example_latest_only_with_trigger.py
[2025-05-16T05:51:32.565+0000] {processor.py:925} INFO - DAG(s) 'latest_only_with_trigger' retrieved from /home/airflow/.local/lib/python3.12/site-packages/airflow/example_dags/example_latest_only_with_trigger.py
[2025-05-16T05:51:32.670+0000] {logging_mixin.py:190} INFO - [2025-05-16T05:51:32.667+0000] {dag.py:3239} INFO - Sync 1 DAGs
[2025-05-16T05:51:32.794+0000] {logging_mixin.py:190} INFO - [2025-05-16T05:51:32.794+0000] {dag.py:4180} INFO - Setting next_dagrun for latest_only_with_trigger to 2025-05-16 00:00:00+00:00, run_after=2025-05-16 04:00:00+00:00
[2025-05-16T05:51:32.903+0000] {processor.py:208} INFO - Processing /home/airflow/.local/lib/python3.12/site-packages/airflow/example_dags/example_latest_only_with_trigger.py took 0.431 seconds
[2025-05-16T05:52:29.261+0000] {processor.py:186} INFO - Started process (PID=2028) to work on /home/airflow/.local/lib/python3.12/site-packages/airflow/example_dags/example_latest_only_with_trigger.py
[2025-05-16T05:52:29.295+0000] {processor.py:914} INFO - Processing file /home/airflow/.local/lib/python3.12/site-packages/airflow/example_dags/example_latest_only_with_trigger.py for tasks to queue
[2025-05-16T05:52:29.389+0000] {logging_mixin.py:190} INFO - [2025-05-16T05:52:29.385+0000] {dagbag.py:588} INFO - Filling up the DagBag from /home/airflow/.local/lib/python3.12/site-packages/airflow/example_dags/example_latest_only_with_trigger.py
[2025-05-16T05:52:29.459+0000] {processor.py:925} INFO - DAG(s) 'latest_only_with_trigger' retrieved from /home/airflow/.local/lib/python3.12/site-packages/airflow/example_dags/example_latest_only_with_trigger.py
[2025-05-16T05:52:29.683+0000] {logging_mixin.py:190} INFO - [2025-05-16T05:52:29.683+0000] {dag.py:3239} INFO - Sync 1 DAGs
[2025-05-16T05:52:29.876+0000] {logging_mixin.py:190} INFO - [2025-05-16T05:52:29.875+0000] {dag.py:4180} INFO - Setting next_dagrun for latest_only_with_trigger to 2025-05-16 00:00:00+00:00, run_after=2025-05-16 04:00:00+00:00
[2025-05-16T05:52:30.002+0000] {processor.py:208} INFO - Processing /home/airflow/.local/lib/python3.12/site-packages/airflow/example_dags/example_latest_only_with_trigger.py took 0.806 seconds
[2025-05-16T05:53:00.392+0000] {processor.py:186} INFO - Started process (PID=2093) to work on /home/airflow/.local/lib/python3.12/site-packages/airflow/example_dags/example_latest_only_with_trigger.py
[2025-05-16T05:53:00.397+0000] {processor.py:914} INFO - Processing file /home/airflow/.local/lib/python3.12/site-packages/airflow/example_dags/example_latest_only_with_trigger.py for tasks to queue
[2025-05-16T05:53:00.405+0000] {logging_mixin.py:190} INFO - [2025-05-16T05:53:00.404+0000] {dagbag.py:588} INFO - Filling up the DagBag from /home/airflow/.local/lib/python3.12/site-packages/airflow/example_dags/example_latest_only_with_trigger.py
[2025-05-16T05:53:00.433+0000] {processor.py:925} INFO - DAG(s) 'latest_only_with_trigger' retrieved from /home/airflow/.local/lib/python3.12/site-packages/airflow/example_dags/example_latest_only_with_trigger.py
[2025-05-16T05:53:00.499+0000] {logging_mixin.py:190} INFO - [2025-05-16T05:53:00.498+0000] {dag.py:3239} INFO - Sync 1 DAGs
[2025-05-16T05:53:00.572+0000] {logging_mixin.py:190} INFO - [2025-05-16T05:53:00.571+0000] {dag.py:4180} INFO - Setting next_dagrun for latest_only_with_trigger to 2025-05-16 00:00:00+00:00, run_after=2025-05-16 04:00:00+00:00
[2025-05-16T05:53:00.634+0000] {processor.py:208} INFO - Processing /home/airflow/.local/lib/python3.12/site-packages/airflow/example_dags/example_latest_only_with_trigger.py took 0.258 seconds
[2025-05-16T05:53:31.233+0000] {processor.py:186} INFO - Started process (PID=2160) to work on /home/airflow/.local/lib/python3.12/site-packages/airflow/example_dags/example_latest_only_with_trigger.py
[2025-05-16T05:53:31.238+0000] {processor.py:914} INFO - Processing file /home/airflow/.local/lib/python3.12/site-packages/airflow/example_dags/example_latest_only_with_trigger.py for tasks to queue
[2025-05-16T05:53:31.245+0000] {logging_mixin.py:190} INFO - [2025-05-16T05:53:31.244+0000] {dagbag.py:588} INFO - Filling up the DagBag from /home/airflow/.local/lib/python3.12/site-packages/airflow/example_dags/example_latest_only_with_trigger.py
[2025-05-16T05:53:31.270+0000] {processor.py:925} INFO - DAG(s) 'latest_only_with_trigger' retrieved from /home/airflow/.local/lib/python3.12/site-packages/airflow/example_dags/example_latest_only_with_trigger.py
[2025-05-16T05:53:31.347+0000] {logging_mixin.py:190} INFO - [2025-05-16T05:53:31.344+0000] {dag.py:3239} INFO - Sync 1 DAGs
[2025-05-16T05:53:31.438+0000] {logging_mixin.py:190} INFO - [2025-05-16T05:53:31.437+0000] {dag.py:4180} INFO - Setting next_dagrun for latest_only_with_trigger to 2025-05-16 00:00:00+00:00, run_after=2025-05-16 04:00:00+00:00
[2025-05-16T05:53:31.496+0000] {processor.py:208} INFO - Processing /home/airflow/.local/lib/python3.12/site-packages/airflow/example_dags/example_latest_only_with_trigger.py took 0.284 seconds
[2025-05-16T05:54:09.435+0000] {processor.py:186} INFO - Started process (PID=2223) to work on /home/airflow/.local/lib/python3.12/site-packages/airflow/example_dags/example_latest_only_with_trigger.py
[2025-05-16T05:54:09.440+0000] {processor.py:914} INFO - Processing file /home/airflow/.local/lib/python3.12/site-packages/airflow/example_dags/example_latest_only_with_trigger.py for tasks to queue
[2025-05-16T05:54:09.448+0000] {logging_mixin.py:190} INFO - [2025-05-16T05:54:09.447+0000] {dagbag.py:588} INFO - Filling up the DagBag from /home/airflow/.local/lib/python3.12/site-packages/airflow/example_dags/example_latest_only_with_trigger.py
[2025-05-16T05:54:09.477+0000] {processor.py:925} INFO - DAG(s) 'latest_only_with_trigger' retrieved from /home/airflow/.local/lib/python3.12/site-packages/airflow/example_dags/example_latest_only_with_trigger.py
[2025-05-16T05:54:09.568+0000] {logging_mixin.py:190} INFO - [2025-05-16T05:54:09.568+0000] {dag.py:3239} INFO - Sync 1 DAGs
[2025-05-16T05:54:09.659+0000] {logging_mixin.py:190} INFO - [2025-05-16T05:54:09.658+0000] {dag.py:4180} INFO - Setting next_dagrun for latest_only_with_trigger to 2025-05-16 00:00:00+00:00, run_after=2025-05-16 04:00:00+00:00
[2025-05-16T05:54:09.727+0000] {processor.py:208} INFO - Processing /home/airflow/.local/lib/python3.12/site-packages/airflow/example_dags/example_latest_only_with_trigger.py took 0.312 seconds
[2025-05-16T05:54:47.221+0000] {processor.py:186} INFO - Started process (PID=2291) to work on /home/airflow/.local/lib/python3.12/site-packages/airflow/example_dags/example_latest_only_with_trigger.py
[2025-05-16T05:54:47.226+0000] {processor.py:914} INFO - Processing file /home/airflow/.local/lib/python3.12/site-packages/airflow/example_dags/example_latest_only_with_trigger.py for tasks to queue
[2025-05-16T05:54:47.235+0000] {logging_mixin.py:190} INFO - [2025-05-16T05:54:47.234+0000] {dagbag.py:588} INFO - Filling up the DagBag from /home/airflow/.local/lib/python3.12/site-packages/airflow/example_dags/example_latest_only_with_trigger.py
[2025-05-16T05:54:47.264+0000] {processor.py:925} INFO - DAG(s) 'latest_only_with_trigger' retrieved from /home/airflow/.local/lib/python3.12/site-packages/airflow/example_dags/example_latest_only_with_trigger.py
[2025-05-16T05:54:47.337+0000] {logging_mixin.py:190} INFO - [2025-05-16T05:54:47.336+0000] {dag.py:3239} INFO - Sync 1 DAGs
[2025-05-16T05:54:47.457+0000] {logging_mixin.py:190} INFO - [2025-05-16T05:54:47.456+0000] {dag.py:4180} INFO - Setting next_dagrun for latest_only_with_trigger to 2025-05-16 00:00:00+00:00, run_after=2025-05-16 04:00:00+00:00
[2025-05-16T05:54:47.527+0000] {processor.py:208} INFO - Processing /home/airflow/.local/lib/python3.12/site-packages/airflow/example_dags/example_latest_only_with_trigger.py took 0.325 seconds
[2025-05-16T05:55:43.009+0000] {processor.py:186} INFO - Started process (PID=2366) to work on /home/airflow/.local/lib/python3.12/site-packages/airflow/example_dags/example_latest_only_with_trigger.py
[2025-05-16T05:55:43.029+0000] {processor.py:914} INFO - Processing file /home/airflow/.local/lib/python3.12/site-packages/airflow/example_dags/example_latest_only_with_trigger.py for tasks to queue
[2025-05-16T05:55:43.049+0000] {logging_mixin.py:190} INFO - [2025-05-16T05:55:43.048+0000] {dagbag.py:588} INFO - Filling up the DagBag from /home/airflow/.local/lib/python3.12/site-packages/airflow/example_dags/example_latest_only_with_trigger.py
[2025-05-16T05:55:43.156+0000] {processor.py:925} INFO - DAG(s) 'latest_only_with_trigger' retrieved from /home/airflow/.local/lib/python3.12/site-packages/airflow/example_dags/example_latest_only_with_trigger.py
[2025-05-16T05:55:43.297+0000] {logging_mixin.py:190} INFO - [2025-05-16T05:55:43.294+0000] {dag.py:3239} INFO - Sync 1 DAGs
[2025-05-16T05:55:43.488+0000] {logging_mixin.py:190} INFO - [2025-05-16T05:55:43.487+0000] {dag.py:4180} INFO - Setting next_dagrun for latest_only_with_trigger to 2025-05-16 00:00:00+00:00, run_after=2025-05-16 04:00:00+00:00
[2025-05-16T05:55:43.696+0000] {processor.py:208} INFO - Processing /home/airflow/.local/lib/python3.12/site-packages/airflow/example_dags/example_latest_only_with_trigger.py took 0.727 seconds
[2025-05-16T05:57:01.014+0000] {processor.py:186} INFO - Started process (PID=2454) to work on /home/airflow/.local/lib/python3.12/site-packages/airflow/example_dags/example_latest_only_with_trigger.py
[2025-05-16T05:57:01.040+0000] {processor.py:914} INFO - Processing file /home/airflow/.local/lib/python3.12/site-packages/airflow/example_dags/example_latest_only_with_trigger.py for tasks to queue
[2025-05-16T05:57:01.062+0000] {logging_mixin.py:190} INFO - [2025-05-16T05:57:01.061+0000] {dagbag.py:588} INFO - Filling up the DagBag from /home/airflow/.local/lib/python3.12/site-packages/airflow/example_dags/example_latest_only_with_trigger.py
[2025-05-16T05:57:01.175+0000] {processor.py:925} INFO - DAG(s) 'latest_only_with_trigger' retrieved from /home/airflow/.local/lib/python3.12/site-packages/airflow/example_dags/example_latest_only_with_trigger.py
[2025-05-16T05:57:01.340+0000] {logging_mixin.py:190} INFO - [2025-05-16T05:57:01.339+0000] {dag.py:3239} INFO - Sync 1 DAGs
[2025-05-16T05:57:01.476+0000] {logging_mixin.py:190} INFO - [2025-05-16T05:57:01.475+0000] {dag.py:4180} INFO - Setting next_dagrun for latest_only_with_trigger to 2025-05-16 00:00:00+00:00, run_after=2025-05-16 04:00:00+00:00
[2025-05-16T05:57:01.623+0000] {processor.py:208} INFO - Processing /home/airflow/.local/lib/python3.12/site-packages/airflow/example_dags/example_latest_only_with_trigger.py took 0.633 seconds
[2025-05-16T05:57:33.966+0000] {processor.py:186} INFO - Started process (PID=2520) to work on /home/airflow/.local/lib/python3.12/site-packages/airflow/example_dags/example_latest_only_with_trigger.py
[2025-05-16T05:57:33.972+0000] {processor.py:914} INFO - Processing file /home/airflow/.local/lib/python3.12/site-packages/airflow/example_dags/example_latest_only_with_trigger.py for tasks to queue
[2025-05-16T05:57:33.981+0000] {logging_mixin.py:190} INFO - [2025-05-16T05:57:33.980+0000] {dagbag.py:588} INFO - Filling up the DagBag from /home/airflow/.local/lib/python3.12/site-packages/airflow/example_dags/example_latest_only_with_trigger.py
[2025-05-16T05:57:34.008+0000] {processor.py:925} INFO - DAG(s) 'latest_only_with_trigger' retrieved from /home/airflow/.local/lib/python3.12/site-packages/airflow/example_dags/example_latest_only_with_trigger.py
[2025-05-16T05:57:34.127+0000] {logging_mixin.py:190} INFO - [2025-05-16T05:57:34.126+0000] {dag.py:3239} INFO - Sync 1 DAGs
[2025-05-16T05:57:34.222+0000] {logging_mixin.py:190} INFO - [2025-05-16T05:57:34.221+0000] {dag.py:4180} INFO - Setting next_dagrun for latest_only_with_trigger to 2025-05-16 00:00:00+00:00, run_after=2025-05-16 04:00:00+00:00
[2025-05-16T05:57:34.335+0000] {processor.py:208} INFO - Processing /home/airflow/.local/lib/python3.12/site-packages/airflow/example_dags/example_latest_only_with_trigger.py took 0.390 seconds
[2025-05-16T05:58:18.556+0000] {processor.py:186} INFO - Started process (PID=2588) to work on /home/airflow/.local/lib/python3.12/site-packages/airflow/example_dags/example_latest_only_with_trigger.py
[2025-05-16T05:58:18.559+0000] {processor.py:914} INFO - Processing file /home/airflow/.local/lib/python3.12/site-packages/airflow/example_dags/example_latest_only_with_trigger.py for tasks to queue
[2025-05-16T05:58:18.567+0000] {logging_mixin.py:190} INFO - [2025-05-16T05:58:18.566+0000] {dagbag.py:588} INFO - Filling up the DagBag from /home/airflow/.local/lib/python3.12/site-packages/airflow/example_dags/example_latest_only_with_trigger.py
[2025-05-16T05:58:18.592+0000] {processor.py:925} INFO - DAG(s) 'latest_only_with_trigger' retrieved from /home/airflow/.local/lib/python3.12/site-packages/airflow/example_dags/example_latest_only_with_trigger.py
[2025-05-16T05:58:18.653+0000] {logging_mixin.py:190} INFO - [2025-05-16T05:58:18.652+0000] {dag.py:3239} INFO - Sync 1 DAGs
[2025-05-16T05:58:18.759+0000] {logging_mixin.py:190} INFO - [2025-05-16T05:58:18.758+0000] {dag.py:4180} INFO - Setting next_dagrun for latest_only_with_trigger to 2025-05-16 00:00:00+00:00, run_after=2025-05-16 04:00:00+00:00
[2025-05-16T05:58:18.843+0000] {processor.py:208} INFO - Processing /home/airflow/.local/lib/python3.12/site-packages/airflow/example_dags/example_latest_only_with_trigger.py took 0.304 seconds
[2025-05-16T05:58:52.211+0000] {processor.py:186} INFO - Started process (PID=2656) to work on /home/airflow/.local/lib/python3.12/site-packages/airflow/example_dags/example_latest_only_with_trigger.py
[2025-05-16T05:58:52.217+0000] {processor.py:914} INFO - Processing file /home/airflow/.local/lib/python3.12/site-packages/airflow/example_dags/example_latest_only_with_trigger.py for tasks to queue
[2025-05-16T05:58:52.227+0000] {logging_mixin.py:190} INFO - [2025-05-16T05:58:52.226+0000] {dagbag.py:588} INFO - Filling up the DagBag from /home/airflow/.local/lib/python3.12/site-packages/airflow/example_dags/example_latest_only_with_trigger.py
[2025-05-16T05:58:52.256+0000] {processor.py:925} INFO - DAG(s) 'latest_only_with_trigger' retrieved from /home/airflow/.local/lib/python3.12/site-packages/airflow/example_dags/example_latest_only_with_trigger.py
[2025-05-16T05:58:52.347+0000] {logging_mixin.py:190} INFO - [2025-05-16T05:58:52.347+0000] {dag.py:3239} INFO - Sync 1 DAGs
[2025-05-16T05:58:52.440+0000] {logging_mixin.py:190} INFO - [2025-05-16T05:58:52.439+0000] {dag.py:4180} INFO - Setting next_dagrun for latest_only_with_trigger to 2025-05-16 00:00:00+00:00, run_after=2025-05-16 04:00:00+00:00
[2025-05-16T05:58:52.510+0000] {processor.py:208} INFO - Processing /home/airflow/.local/lib/python3.12/site-packages/airflow/example_dags/example_latest_only_with_trigger.py took 0.320 seconds
[2025-05-16T05:59:31.359+0000] {processor.py:186} INFO - Started process (PID=2729) to work on /home/airflow/.local/lib/python3.12/site-packages/airflow/example_dags/example_latest_only_with_trigger.py
[2025-05-16T05:59:31.375+0000] {processor.py:914} INFO - Processing file /home/airflow/.local/lib/python3.12/site-packages/airflow/example_dags/example_latest_only_with_trigger.py for tasks to queue
[2025-05-16T05:59:31.409+0000] {logging_mixin.py:190} INFO - [2025-05-16T05:59:31.408+0000] {dagbag.py:588} INFO - Filling up the DagBag from /home/airflow/.local/lib/python3.12/site-packages/airflow/example_dags/example_latest_only_with_trigger.py
[2025-05-16T05:59:31.447+0000] {processor.py:925} INFO - DAG(s) 'latest_only_with_trigger' retrieved from /home/airflow/.local/lib/python3.12/site-packages/airflow/example_dags/example_latest_only_with_trigger.py
[2025-05-16T05:59:31.521+0000] {logging_mixin.py:190} INFO - [2025-05-16T05:59:31.520+0000] {dag.py:3239} INFO - Sync 1 DAGs
[2025-05-16T05:59:31.626+0000] {logging_mixin.py:190} INFO - [2025-05-16T05:59:31.625+0000] {dag.py:4180} INFO - Setting next_dagrun for latest_only_with_trigger to 2025-05-16 00:00:00+00:00, run_after=2025-05-16 04:00:00+00:00
[2025-05-16T05:59:31.746+0000] {processor.py:208} INFO - Processing /home/airflow/.local/lib/python3.12/site-packages/airflow/example_dags/example_latest_only_with_trigger.py took 0.403 seconds
[2025-05-16T06:00:09.772+0000] {processor.py:186} INFO - Started process (PID=2798) to work on /home/airflow/.local/lib/python3.12/site-packages/airflow/example_dags/example_latest_only_with_trigger.py
[2025-05-16T06:00:09.776+0000] {processor.py:914} INFO - Processing file /home/airflow/.local/lib/python3.12/site-packages/airflow/example_dags/example_latest_only_with_trigger.py for tasks to queue
[2025-05-16T06:00:09.784+0000] {logging_mixin.py:190} INFO - [2025-05-16T06:00:09.782+0000] {dagbag.py:588} INFO - Filling up the DagBag from /home/airflow/.local/lib/python3.12/site-packages/airflow/example_dags/example_latest_only_with_trigger.py
[2025-05-16T06:00:09.820+0000] {processor.py:925} INFO - DAG(s) 'latest_only_with_trigger' retrieved from /home/airflow/.local/lib/python3.12/site-packages/airflow/example_dags/example_latest_only_with_trigger.py
[2025-05-16T06:00:09.906+0000] {logging_mixin.py:190} INFO - [2025-05-16T06:00:09.906+0000] {dag.py:3239} INFO - Sync 1 DAGs
[2025-05-16T06:00:09.997+0000] {logging_mixin.py:190} INFO - [2025-05-16T06:00:09.996+0000] {dag.py:4180} INFO - Setting next_dagrun for latest_only_with_trigger to 2025-05-16 00:00:00+00:00, run_after=2025-05-16 04:00:00+00:00
[2025-05-16T06:00:10.100+0000] {processor.py:208} INFO - Processing /home/airflow/.local/lib/python3.12/site-packages/airflow/example_dags/example_latest_only_with_trigger.py took 0.346 seconds
[2025-05-16T06:00:47.070+0000] {processor.py:186} INFO - Started process (PID=2866) to work on /home/airflow/.local/lib/python3.12/site-packages/airflow/example_dags/example_latest_only_with_trigger.py
[2025-05-16T06:00:47.190+0000] {processor.py:914} INFO - Processing file /home/airflow/.local/lib/python3.12/site-packages/airflow/example_dags/example_latest_only_with_trigger.py for tasks to queue
[2025-05-16T06:00:47.344+0000] {logging_mixin.py:190} INFO - [2025-05-16T06:00:47.342+0000] {dagbag.py:588} INFO - Filling up the DagBag from /home/airflow/.local/lib/python3.12/site-packages/airflow/example_dags/example_latest_only_with_trigger.py
[2025-05-16T06:00:47.491+0000] {processor.py:925} INFO - DAG(s) 'latest_only_with_trigger' retrieved from /home/airflow/.local/lib/python3.12/site-packages/airflow/example_dags/example_latest_only_with_trigger.py
[2025-05-16T06:00:47.609+0000] {logging_mixin.py:190} INFO - [2025-05-16T06:00:47.608+0000] {dag.py:3239} INFO - Sync 1 DAGs
[2025-05-16T06:00:47.866+0000] {logging_mixin.py:190} INFO - [2025-05-16T06:00:47.866+0000] {dag.py:4180} INFO - Setting next_dagrun for latest_only_with_trigger to 2025-05-16 00:00:00+00:00, run_after=2025-05-16 04:00:00+00:00
[2025-05-16T06:00:47.985+0000] {processor.py:208} INFO - Processing /home/airflow/.local/lib/python3.12/site-packages/airflow/example_dags/example_latest_only_with_trigger.py took 0.946 seconds
[2025-05-16T06:01:32.472+0000] {processor.py:186} INFO - Started process (PID=2947) to work on /home/airflow/.local/lib/python3.12/site-packages/airflow/example_dags/example_latest_only_with_trigger.py
[2025-05-16T06:01:32.476+0000] {processor.py:914} INFO - Processing file /home/airflow/.local/lib/python3.12/site-packages/airflow/example_dags/example_latest_only_with_trigger.py for tasks to queue
[2025-05-16T06:01:32.484+0000] {logging_mixin.py:190} INFO - [2025-05-16T06:01:32.483+0000] {dagbag.py:588} INFO - Filling up the DagBag from /home/airflow/.local/lib/python3.12/site-packages/airflow/example_dags/example_latest_only_with_trigger.py
[2025-05-16T06:01:32.508+0000] {processor.py:925} INFO - DAG(s) 'latest_only_with_trigger' retrieved from /home/airflow/.local/lib/python3.12/site-packages/airflow/example_dags/example_latest_only_with_trigger.py
[2025-05-16T06:01:32.566+0000] {logging_mixin.py:190} INFO - [2025-05-16T06:01:32.565+0000] {dag.py:3239} INFO - Sync 1 DAGs
[2025-05-16T06:01:32.635+0000] {logging_mixin.py:190} INFO - [2025-05-16T06:01:32.634+0000] {dag.py:4180} INFO - Setting next_dagrun for latest_only_with_trigger to 2025-05-16 00:00:00+00:00, run_after=2025-05-16 04:00:00+00:00
[2025-05-16T06:01:32.695+0000] {processor.py:208} INFO - Processing /home/airflow/.local/lib/python3.12/site-packages/airflow/example_dags/example_latest_only_with_trigger.py took 0.245 seconds
[2025-05-16T06:02:07.227+0000] {processor.py:186} INFO - Started process (PID=3013) to work on /home/airflow/.local/lib/python3.12/site-packages/airflow/example_dags/example_latest_only_with_trigger.py
[2025-05-16T06:02:07.232+0000] {processor.py:914} INFO - Processing file /home/airflow/.local/lib/python3.12/site-packages/airflow/example_dags/example_latest_only_with_trigger.py for tasks to queue
[2025-05-16T06:02:07.240+0000] {logging_mixin.py:190} INFO - [2025-05-16T06:02:07.239+0000] {dagbag.py:588} INFO - Filling up the DagBag from /home/airflow/.local/lib/python3.12/site-packages/airflow/example_dags/example_latest_only_with_trigger.py
[2025-05-16T06:02:07.282+0000] {processor.py:925} INFO - DAG(s) 'latest_only_with_trigger' retrieved from /home/airflow/.local/lib/python3.12/site-packages/airflow/example_dags/example_latest_only_with_trigger.py
[2025-05-16T06:02:07.398+0000] {logging_mixin.py:190} INFO - [2025-05-16T06:02:07.395+0000] {dag.py:3239} INFO - Sync 1 DAGs
[2025-05-16T06:02:07.495+0000] {logging_mixin.py:190} INFO - [2025-05-16T06:02:07.494+0000] {dag.py:4180} INFO - Setting next_dagrun for latest_only_with_trigger to 2025-05-16 00:00:00+00:00, run_after=2025-05-16 04:00:00+00:00
[2025-05-16T06:02:07.603+0000] {processor.py:208} INFO - Processing /home/airflow/.local/lib/python3.12/site-packages/airflow/example_dags/example_latest_only_with_trigger.py took 0.401 seconds
[2025-05-16T06:02:59.470+0000] {processor.py:186} INFO - Started process (PID=3079) to work on /home/airflow/.local/lib/python3.12/site-packages/airflow/example_dags/example_latest_only_with_trigger.py
[2025-05-16T06:02:59.506+0000] {processor.py:914} INFO - Processing file /home/airflow/.local/lib/python3.12/site-packages/airflow/example_dags/example_latest_only_with_trigger.py for tasks to queue
[2025-05-16T06:02:59.557+0000] {logging_mixin.py:190} INFO - [2025-05-16T06:02:59.556+0000] {dagbag.py:588} INFO - Filling up the DagBag from /home/airflow/.local/lib/python3.12/site-packages/airflow/example_dags/example_latest_only_with_trigger.py
[2025-05-16T06:02:59.634+0000] {processor.py:925} INFO - DAG(s) 'latest_only_with_trigger' retrieved from /home/airflow/.local/lib/python3.12/site-packages/airflow/example_dags/example_latest_only_with_trigger.py
[2025-05-16T06:02:59.854+0000] {logging_mixin.py:190} INFO - [2025-05-16T06:02:59.854+0000] {dag.py:3239} INFO - Sync 1 DAGs
[2025-05-16T06:03:00.044+0000] {logging_mixin.py:190} INFO - [2025-05-16T06:03:00.041+0000] {dag.py:4180} INFO - Setting next_dagrun for latest_only_with_trigger to 2025-05-16 00:00:00+00:00, run_after=2025-05-16 04:00:00+00:00
[2025-05-16T06:03:00.179+0000] {processor.py:208} INFO - Processing /home/airflow/.local/lib/python3.12/site-packages/airflow/example_dags/example_latest_only_with_trigger.py took 0.748 seconds
[2025-05-16T06:03:49.098+0000] {processor.py:186} INFO - Started process (PID=3151) to work on /home/airflow/.local/lib/python3.12/site-packages/airflow/example_dags/example_latest_only_with_trigger.py
[2025-05-16T06:03:49.120+0000] {processor.py:914} INFO - Processing file /home/airflow/.local/lib/python3.12/site-packages/airflow/example_dags/example_latest_only_with_trigger.py for tasks to queue
[2025-05-16T06:03:49.179+0000] {logging_mixin.py:190} INFO - [2025-05-16T06:03:49.169+0000] {dagbag.py:588} INFO - Filling up the DagBag from /home/airflow/.local/lib/python3.12/site-packages/airflow/example_dags/example_latest_only_with_trigger.py
[2025-05-16T06:03:49.235+0000] {processor.py:925} INFO - DAG(s) 'latest_only_with_trigger' retrieved from /home/airflow/.local/lib/python3.12/site-packages/airflow/example_dags/example_latest_only_with_trigger.py
[2025-05-16T06:03:49.424+0000] {logging_mixin.py:190} INFO - [2025-05-16T06:03:49.423+0000] {dag.py:3239} INFO - Sync 1 DAGs
[2025-05-16T06:03:49.517+0000] {logging_mixin.py:190} INFO - [2025-05-16T06:03:49.516+0000] {dag.py:4180} INFO - Setting next_dagrun for latest_only_with_trigger to 2025-05-16 00:00:00+00:00, run_after=2025-05-16 04:00:00+00:00
[2025-05-16T06:03:49.618+0000] {processor.py:208} INFO - Processing /home/airflow/.local/lib/python3.12/site-packages/airflow/example_dags/example_latest_only_with_trigger.py took 0.611 seconds
