[2025-05-16T04:28:29.347+0000] {processor.py:186} INFO - Started process (PID=128) to work on /home/airflow/.local/lib/python3.12/site-packages/airflow/example_dags/example_branch_labels.py
[2025-05-16T04:28:29.376+0000] {processor.py:914} INFO - Processing file /home/airflow/.local/lib/python3.12/site-packages/airflow/example_dags/example_branch_labels.py for tasks to queue
[2025-05-16T04:28:29.392+0000] {logging_mixin.py:190} INFO - [2025-05-16T04:28:29.391+0000] {dagbag.py:588} INFO - Filling up the DagBag from /home/airflow/.local/lib/python3.12/site-packages/airflow/example_dags/example_branch_labels.py
[2025-05-16T04:28:29.442+0000] {processor.py:925} INFO - DAG(s) 'example_branch_labels' retrieved from /home/airflow/.local/lib/python3.12/site-packages/airflow/example_dags/example_branch_labels.py
[2025-05-16T04:28:29.657+0000] {logging_mixin.py:190} INFO - [2025-05-16T04:28:29.655+0000] {dag.py:3239} INFO - Sync 1 DAGs
[2025-05-16T04:28:29.917+0000] {logging_mixin.py:190} INFO - [2025-05-16T04:28:29.916+0000] {dag.py:4180} INFO - Setting next_dagrun for example_branch_labels to 2025-05-15 00:00:00+00:00, run_after=2025-05-16 00:00:00+00:00
[2025-05-16T04:28:30.075+0000] {processor.py:208} INFO - Processing /home/airflow/.local/lib/python3.12/site-packages/airflow/example_dags/example_branch_labels.py took 0.777 seconds
[2025-05-16T04:29:38.019+0000] {processor.py:186} INFO - Started process (PID=201) to work on /home/airflow/.local/lib/python3.12/site-packages/airflow/example_dags/example_branch_labels.py
[2025-05-16T04:29:38.027+0000] {processor.py:914} INFO - Processing file /home/airflow/.local/lib/python3.12/site-packages/airflow/example_dags/example_branch_labels.py for tasks to queue
[2025-05-16T04:29:38.044+0000] {logging_mixin.py:190} INFO - [2025-05-16T04:29:38.043+0000] {dagbag.py:588} INFO - Filling up the DagBag from /home/airflow/.local/lib/python3.12/site-packages/airflow/example_dags/example_branch_labels.py
[2025-05-16T04:29:38.082+0000] {processor.py:925} INFO - DAG(s) 'example_branch_labels' retrieved from /home/airflow/.local/lib/python3.12/site-packages/airflow/example_dags/example_branch_labels.py
[2025-05-16T04:29:38.200+0000] {logging_mixin.py:190} INFO - [2025-05-16T04:29:38.199+0000] {dag.py:3239} INFO - Sync 1 DAGs
[2025-05-16T04:29:38.336+0000] {logging_mixin.py:190} INFO - [2025-05-16T04:29:38.335+0000] {dag.py:4180} INFO - Setting next_dagrun for example_branch_labels to 2025-05-15 00:00:00+00:00, run_after=2025-05-16 00:00:00+00:00
[2025-05-16T04:29:38.458+0000] {processor.py:208} INFO - Processing /home/airflow/.local/lib/python3.12/site-packages/airflow/example_dags/example_branch_labels.py took 0.464 seconds
[2025-05-16T04:30:23.703+0000] {processor.py:186} INFO - Started process (PID=272) to work on /home/airflow/.local/lib/python3.12/site-packages/airflow/example_dags/example_branch_labels.py
[2025-05-16T04:30:23.713+0000] {processor.py:914} INFO - Processing file /home/airflow/.local/lib/python3.12/site-packages/airflow/example_dags/example_branch_labels.py for tasks to queue
[2025-05-16T04:30:23.753+0000] {logging_mixin.py:190} INFO - [2025-05-16T04:30:23.749+0000] {dagbag.py:588} INFO - Filling up the DagBag from /home/airflow/.local/lib/python3.12/site-packages/airflow/example_dags/example_branch_labels.py
[2025-05-16T04:30:23.813+0000] {processor.py:925} INFO - DAG(s) 'example_branch_labels' retrieved from /home/airflow/.local/lib/python3.12/site-packages/airflow/example_dags/example_branch_labels.py
[2025-05-16T04:30:23.944+0000] {logging_mixin.py:190} INFO - [2025-05-16T04:30:23.943+0000] {dag.py:3239} INFO - Sync 1 DAGs
[2025-05-16T04:30:24.057+0000] {logging_mixin.py:190} INFO - [2025-05-16T04:30:24.056+0000] {dag.py:4180} INFO - Setting next_dagrun for example_branch_labels to 2025-05-15 00:00:00+00:00, run_after=2025-05-16 00:00:00+00:00
[2025-05-16T04:30:24.175+0000] {processor.py:208} INFO - Processing /home/airflow/.local/lib/python3.12/site-packages/airflow/example_dags/example_branch_labels.py took 0.556 seconds
[2025-05-16T04:31:08.396+0000] {processor.py:186} INFO - Started process (PID=344) to work on /home/airflow/.local/lib/python3.12/site-packages/airflow/example_dags/example_branch_labels.py
[2025-05-16T04:31:08.413+0000] {processor.py:914} INFO - Processing file /home/airflow/.local/lib/python3.12/site-packages/airflow/example_dags/example_branch_labels.py for tasks to queue
[2025-05-16T04:31:08.448+0000] {logging_mixin.py:190} INFO - [2025-05-16T04:31:08.445+0000] {dagbag.py:588} INFO - Filling up the DagBag from /home/airflow/.local/lib/python3.12/site-packages/airflow/example_dags/example_branch_labels.py
[2025-05-16T04:31:08.539+0000] {processor.py:925} INFO - DAG(s) 'example_branch_labels' retrieved from /home/airflow/.local/lib/python3.12/site-packages/airflow/example_dags/example_branch_labels.py
[2025-05-16T04:31:08.787+0000] {logging_mixin.py:190} INFO - [2025-05-16T04:31:08.774+0000] {dag.py:3239} INFO - Sync 1 DAGs
[2025-05-16T04:31:08.978+0000] {logging_mixin.py:190} INFO - [2025-05-16T04:31:08.977+0000] {dag.py:4180} INFO - Setting next_dagrun for example_branch_labels to 2025-05-15 00:00:00+00:00, run_after=2025-05-16 00:00:00+00:00
[2025-05-16T04:31:09.154+0000] {processor.py:208} INFO - Processing /home/airflow/.local/lib/python3.12/site-packages/airflow/example_dags/example_branch_labels.py took 0.785 seconds
[2025-05-16T04:32:17.150+0000] {processor.py:186} INFO - Started process (PID=415) to work on /home/airflow/.local/lib/python3.12/site-packages/airflow/example_dags/example_branch_labels.py
[2025-05-16T04:32:17.186+0000] {processor.py:914} INFO - Processing file /home/airflow/.local/lib/python3.12/site-packages/airflow/example_dags/example_branch_labels.py for tasks to queue
[2025-05-16T04:32:17.235+0000] {logging_mixin.py:190} INFO - [2025-05-16T04:32:17.234+0000] {dagbag.py:588} INFO - Filling up the DagBag from /home/airflow/.local/lib/python3.12/site-packages/airflow/example_dags/example_branch_labels.py
[2025-05-16T04:32:17.293+0000] {processor.py:925} INFO - DAG(s) 'example_branch_labels' retrieved from /home/airflow/.local/lib/python3.12/site-packages/airflow/example_dags/example_branch_labels.py
[2025-05-16T04:32:17.389+0000] {logging_mixin.py:190} INFO - [2025-05-16T04:32:17.387+0000] {dag.py:3239} INFO - Sync 1 DAGs
[2025-05-16T04:32:17.538+0000] {logging_mixin.py:190} INFO - [2025-05-16T04:32:17.537+0000] {dag.py:4180} INFO - Setting next_dagrun for example_branch_labels to 2025-05-15 00:00:00+00:00, run_after=2025-05-16 00:00:00+00:00
[2025-05-16T04:32:17.640+0000] {processor.py:208} INFO - Processing /home/airflow/.local/lib/python3.12/site-packages/airflow/example_dags/example_branch_labels.py took 0.512 seconds
[2025-05-16T04:33:21.605+0000] {processor.py:186} INFO - Started process (PID=490) to work on /home/airflow/.local/lib/python3.12/site-packages/airflow/example_dags/example_branch_labels.py
[2025-05-16T04:33:21.892+0000] {processor.py:914} INFO - Processing file /home/airflow/.local/lib/python3.12/site-packages/airflow/example_dags/example_branch_labels.py for tasks to queue
[2025-05-16T04:33:22.045+0000] {logging_mixin.py:190} INFO - [2025-05-16T04:33:22.042+0000] {dagbag.py:588} INFO - Filling up the DagBag from /home/airflow/.local/lib/python3.12/site-packages/airflow/example_dags/example_branch_labels.py
[2025-05-16T04:33:22.253+0000] {processor.py:925} INFO - DAG(s) 'example_branch_labels' retrieved from /home/airflow/.local/lib/python3.12/site-packages/airflow/example_dags/example_branch_labels.py
[2025-05-16T04:33:22.529+0000] {logging_mixin.py:190} INFO - [2025-05-16T04:33:22.528+0000] {dag.py:3239} INFO - Sync 1 DAGs
[2025-05-16T04:33:23.192+0000] {logging_mixin.py:190} INFO - [2025-05-16T04:33:23.178+0000] {dag.py:4180} INFO - Setting next_dagrun for example_branch_labels to 2025-05-15 00:00:00+00:00, run_after=2025-05-16 00:00:00+00:00
[2025-05-16T04:33:23.648+0000] {processor.py:208} INFO - Processing /home/airflow/.local/lib/python3.12/site-packages/airflow/example_dags/example_branch_labels.py took 2.188 seconds
[2025-05-16T04:34:37.972+0000] {processor.py:186} INFO - Started process (PID=573) to work on /home/airflow/.local/lib/python3.12/site-packages/airflow/example_dags/example_branch_labels.py
[2025-05-16T04:34:37.987+0000] {processor.py:914} INFO - Processing file /home/airflow/.local/lib/python3.12/site-packages/airflow/example_dags/example_branch_labels.py for tasks to queue
[2025-05-16T04:34:38.074+0000] {logging_mixin.py:190} INFO - [2025-05-16T04:34:38.059+0000] {dagbag.py:588} INFO - Filling up the DagBag from /home/airflow/.local/lib/python3.12/site-packages/airflow/example_dags/example_branch_labels.py
[2025-05-16T04:34:38.283+0000] {processor.py:925} INFO - DAG(s) 'example_branch_labels' retrieved from /home/airflow/.local/lib/python3.12/site-packages/airflow/example_dags/example_branch_labels.py
[2025-05-16T04:34:38.723+0000] {logging_mixin.py:190} INFO - [2025-05-16T04:34:38.721+0000] {dag.py:3239} INFO - Sync 1 DAGs
[2025-05-16T04:34:39.221+0000] {logging_mixin.py:190} INFO - [2025-05-16T04:34:39.218+0000] {dag.py:4180} INFO - Setting next_dagrun for example_branch_labels to 2025-05-15 00:00:00+00:00, run_after=2025-05-16 00:00:00+00:00
[2025-05-16T04:34:39.568+0000] {processor.py:208} INFO - Processing /home/airflow/.local/lib/python3.12/site-packages/airflow/example_dags/example_branch_labels.py took 1.651 seconds
[2025-05-16T04:35:17.165+0000] {processor.py:186} INFO - Started process (PID=639) to work on /home/airflow/.local/lib/python3.12/site-packages/airflow/example_dags/example_branch_labels.py
[2025-05-16T04:35:17.238+0000] {processor.py:914} INFO - Processing file /home/airflow/.local/lib/python3.12/site-packages/airflow/example_dags/example_branch_labels.py for tasks to queue
[2025-05-16T04:35:17.283+0000] {logging_mixin.py:190} INFO - [2025-05-16T04:35:17.282+0000] {dagbag.py:588} INFO - Filling up the DagBag from /home/airflow/.local/lib/python3.12/site-packages/airflow/example_dags/example_branch_labels.py
[2025-05-16T04:35:17.396+0000] {processor.py:925} INFO - DAG(s) 'example_branch_labels' retrieved from /home/airflow/.local/lib/python3.12/site-packages/airflow/example_dags/example_branch_labels.py
[2025-05-16T04:35:17.572+0000] {logging_mixin.py:190} INFO - [2025-05-16T04:35:17.569+0000] {dag.py:3239} INFO - Sync 1 DAGs
[2025-05-16T04:35:17.917+0000] {logging_mixin.py:190} INFO - [2025-05-16T04:35:17.915+0000] {dag.py:4180} INFO - Setting next_dagrun for example_branch_labels to 2025-05-15 00:00:00+00:00, run_after=2025-05-16 00:00:00+00:00
[2025-05-16T04:35:18.252+0000] {processor.py:208} INFO - Processing /home/airflow/.local/lib/python3.12/site-packages/airflow/example_dags/example_branch_labels.py took 1.106 seconds
[2025-05-16T04:36:09.000+0000] {processor.py:186} INFO - Started process (PID=717) to work on /home/airflow/.local/lib/python3.12/site-packages/airflow/example_dags/example_branch_labels.py
[2025-05-16T04:36:09.007+0000] {processor.py:914} INFO - Processing file /home/airflow/.local/lib/python3.12/site-packages/airflow/example_dags/example_branch_labels.py for tasks to queue
[2025-05-16T04:36:09.017+0000] {logging_mixin.py:190} INFO - [2025-05-16T04:36:09.016+0000] {dagbag.py:588} INFO - Filling up the DagBag from /home/airflow/.local/lib/python3.12/site-packages/airflow/example_dags/example_branch_labels.py
[2025-05-16T04:36:09.138+0000] {processor.py:925} INFO - DAG(s) 'example_branch_labels' retrieved from /home/airflow/.local/lib/python3.12/site-packages/airflow/example_dags/example_branch_labels.py
[2025-05-16T04:36:09.366+0000] {logging_mixin.py:190} INFO - [2025-05-16T04:36:09.365+0000] {dag.py:3239} INFO - Sync 1 DAGs
[2025-05-16T04:36:09.815+0000] {logging_mixin.py:190} INFO - [2025-05-16T04:36:09.814+0000] {dag.py:4180} INFO - Setting next_dagrun for example_branch_labels to 2025-05-15 00:00:00+00:00, run_after=2025-05-16 00:00:00+00:00
[2025-05-16T04:36:10.180+0000] {processor.py:208} INFO - Processing /home/airflow/.local/lib/python3.12/site-packages/airflow/example_dags/example_branch_labels.py took 1.200 seconds
[2025-05-16T04:36:40.887+0000] {processor.py:186} INFO - Started process (PID=781) to work on /home/airflow/.local/lib/python3.12/site-packages/airflow/example_dags/example_branch_labels.py
[2025-05-16T04:36:40.896+0000] {processor.py:914} INFO - Processing file /home/airflow/.local/lib/python3.12/site-packages/airflow/example_dags/example_branch_labels.py for tasks to queue
[2025-05-16T04:36:40.960+0000] {logging_mixin.py:190} INFO - [2025-05-16T04:36:40.956+0000] {dagbag.py:588} INFO - Filling up the DagBag from /home/airflow/.local/lib/python3.12/site-packages/airflow/example_dags/example_branch_labels.py
[2025-05-16T04:36:41.006+0000] {processor.py:925} INFO - DAG(s) 'example_branch_labels' retrieved from /home/airflow/.local/lib/python3.12/site-packages/airflow/example_dags/example_branch_labels.py
[2025-05-16T04:36:41.319+0000] {logging_mixin.py:190} INFO - [2025-05-16T04:36:41.317+0000] {dag.py:3239} INFO - Sync 1 DAGs
[2025-05-16T04:36:41.658+0000] {logging_mixin.py:190} INFO - [2025-05-16T04:36:41.657+0000] {dag.py:4180} INFO - Setting next_dagrun for example_branch_labels to 2025-05-15 00:00:00+00:00, run_after=2025-05-16 00:00:00+00:00
[2025-05-16T04:36:41.979+0000] {processor.py:208} INFO - Processing /home/airflow/.local/lib/python3.12/site-packages/airflow/example_dags/example_branch_labels.py took 1.125 seconds
[2025-05-16T04:37:51.214+0000] {processor.py:186} INFO - Started process (PID=849) to work on /home/airflow/.local/lib/python3.12/site-packages/airflow/example_dags/example_branch_labels.py
[2025-05-16T04:37:51.229+0000] {processor.py:914} INFO - Processing file /home/airflow/.local/lib/python3.12/site-packages/airflow/example_dags/example_branch_labels.py for tasks to queue
[2025-05-16T04:37:51.245+0000] {logging_mixin.py:190} INFO - [2025-05-16T04:37:51.243+0000] {dagbag.py:588} INFO - Filling up the DagBag from /home/airflow/.local/lib/python3.12/site-packages/airflow/example_dags/example_branch_labels.py
[2025-05-16T04:37:51.296+0000] {processor.py:925} INFO - DAG(s) 'example_branch_labels' retrieved from /home/airflow/.local/lib/python3.12/site-packages/airflow/example_dags/example_branch_labels.py
[2025-05-16T04:37:51.397+0000] {logging_mixin.py:190} INFO - [2025-05-16T04:37:51.396+0000] {dag.py:3239} INFO - Sync 1 DAGs
[2025-05-16T04:37:51.558+0000] {logging_mixin.py:190} INFO - [2025-05-16T04:37:51.557+0000] {dag.py:4180} INFO - Setting next_dagrun for example_branch_labels to 2025-05-15 00:00:00+00:00, run_after=2025-05-16 00:00:00+00:00
[2025-05-16T04:37:51.664+0000] {processor.py:208} INFO - Processing /home/airflow/.local/lib/python3.12/site-packages/airflow/example_dags/example_branch_labels.py took 0.488 seconds
[2025-05-16T05:36:49.119+0000] {processor.py:186} INFO - Started process (PID=129) to work on /home/airflow/.local/lib/python3.12/site-packages/airflow/example_dags/example_branch_labels.py
[2025-05-16T05:36:49.122+0000] {processor.py:914} INFO - Processing file /home/airflow/.local/lib/python3.12/site-packages/airflow/example_dags/example_branch_labels.py for tasks to queue
[2025-05-16T05:36:49.129+0000] {logging_mixin.py:190} INFO - [2025-05-16T05:36:49.128+0000] {dagbag.py:588} INFO - Filling up the DagBag from /home/airflow/.local/lib/python3.12/site-packages/airflow/example_dags/example_branch_labels.py
[2025-05-16T05:36:49.157+0000] {processor.py:925} INFO - DAG(s) 'example_branch_labels' retrieved from /home/airflow/.local/lib/python3.12/site-packages/airflow/example_dags/example_branch_labels.py
[2025-05-16T05:36:49.221+0000] {logging_mixin.py:190} INFO - [2025-05-16T05:36:49.220+0000] {dag.py:3239} INFO - Sync 1 DAGs
[2025-05-16T05:36:49.288+0000] {logging_mixin.py:190} INFO - [2025-05-16T05:36:49.288+0000] {dag.py:4180} INFO - Setting next_dagrun for example_branch_labels to 2025-05-15 00:00:00+00:00, run_after=2025-05-16 00:00:00+00:00
[2025-05-16T05:36:49.330+0000] {processor.py:208} INFO - Processing /home/airflow/.local/lib/python3.12/site-packages/airflow/example_dags/example_branch_labels.py took 0.233 seconds
[2025-05-16T05:37:19.630+0000] {processor.py:186} INFO - Started process (PID=194) to work on /home/airflow/.local/lib/python3.12/site-packages/airflow/example_dags/example_branch_labels.py
[2025-05-16T05:37:19.633+0000] {processor.py:914} INFO - Processing file /home/airflow/.local/lib/python3.12/site-packages/airflow/example_dags/example_branch_labels.py for tasks to queue
[2025-05-16T05:37:19.636+0000] {logging_mixin.py:190} INFO - [2025-05-16T05:37:19.636+0000] {dagbag.py:588} INFO - Filling up the DagBag from /home/airflow/.local/lib/python3.12/site-packages/airflow/example_dags/example_branch_labels.py
[2025-05-16T05:37:19.651+0000] {processor.py:925} INFO - DAG(s) 'example_branch_labels' retrieved from /home/airflow/.local/lib/python3.12/site-packages/airflow/example_dags/example_branch_labels.py
[2025-05-16T05:37:19.684+0000] {logging_mixin.py:190} INFO - [2025-05-16T05:37:19.683+0000] {dag.py:3239} INFO - Sync 1 DAGs
[2025-05-16T05:37:19.749+0000] {logging_mixin.py:190} INFO - [2025-05-16T05:37:19.748+0000] {dag.py:4180} INFO - Setting next_dagrun for example_branch_labels to 2025-05-15 00:00:00+00:00, run_after=2025-05-16 00:00:00+00:00
[2025-05-16T05:37:19.793+0000] {processor.py:208} INFO - Processing /home/airflow/.local/lib/python3.12/site-packages/airflow/example_dags/example_branch_labels.py took 0.173 seconds
[2025-05-16T05:37:50.151+0000] {processor.py:186} INFO - Started process (PID=260) to work on /home/airflow/.local/lib/python3.12/site-packages/airflow/example_dags/example_branch_labels.py
[2025-05-16T05:37:50.153+0000] {processor.py:914} INFO - Processing file /home/airflow/.local/lib/python3.12/site-packages/airflow/example_dags/example_branch_labels.py for tasks to queue
[2025-05-16T05:37:50.155+0000] {logging_mixin.py:190} INFO - [2025-05-16T05:37:50.155+0000] {dagbag.py:588} INFO - Filling up the DagBag from /home/airflow/.local/lib/python3.12/site-packages/airflow/example_dags/example_branch_labels.py
[2025-05-16T05:37:50.166+0000] {processor.py:925} INFO - DAG(s) 'example_branch_labels' retrieved from /home/airflow/.local/lib/python3.12/site-packages/airflow/example_dags/example_branch_labels.py
[2025-05-16T05:37:50.189+0000] {logging_mixin.py:190} INFO - [2025-05-16T05:37:50.189+0000] {dag.py:3239} INFO - Sync 1 DAGs
[2025-05-16T05:37:50.217+0000] {logging_mixin.py:190} INFO - [2025-05-16T05:37:50.216+0000] {dag.py:4180} INFO - Setting next_dagrun for example_branch_labels to 2025-05-15 00:00:00+00:00, run_after=2025-05-16 00:00:00+00:00
[2025-05-16T05:37:50.243+0000] {processor.py:208} INFO - Processing /home/airflow/.local/lib/python3.12/site-packages/airflow/example_dags/example_branch_labels.py took 0.098 seconds
[2025-05-16T05:38:20.423+0000] {processor.py:186} INFO - Started process (PID=325) to work on /home/airflow/.local/lib/python3.12/site-packages/airflow/example_dags/example_branch_labels.py
[2025-05-16T05:38:20.424+0000] {processor.py:914} INFO - Processing file /home/airflow/.local/lib/python3.12/site-packages/airflow/example_dags/example_branch_labels.py for tasks to queue
[2025-05-16T05:38:20.427+0000] {logging_mixin.py:190} INFO - [2025-05-16T05:38:20.427+0000] {dagbag.py:588} INFO - Filling up the DagBag from /home/airflow/.local/lib/python3.12/site-packages/airflow/example_dags/example_branch_labels.py
[2025-05-16T05:38:20.439+0000] {processor.py:925} INFO - DAG(s) 'example_branch_labels' retrieved from /home/airflow/.local/lib/python3.12/site-packages/airflow/example_dags/example_branch_labels.py
[2025-05-16T05:38:20.461+0000] {logging_mixin.py:190} INFO - [2025-05-16T05:38:20.460+0000] {dag.py:3239} INFO - Sync 1 DAGs
[2025-05-16T05:38:20.485+0000] {logging_mixin.py:190} INFO - [2025-05-16T05:38:20.485+0000] {dag.py:4180} INFO - Setting next_dagrun for example_branch_labels to 2025-05-15 00:00:00+00:00, run_after=2025-05-16 00:00:00+00:00
[2025-05-16T05:38:20.509+0000] {processor.py:208} INFO - Processing /home/airflow/.local/lib/python3.12/site-packages/airflow/example_dags/example_branch_labels.py took 0.093 seconds
[2025-05-16T05:38:51.285+0000] {processor.py:186} INFO - Started process (PID=391) to work on /home/airflow/.local/lib/python3.12/site-packages/airflow/example_dags/example_branch_labels.py
[2025-05-16T05:38:51.287+0000] {processor.py:914} INFO - Processing file /home/airflow/.local/lib/python3.12/site-packages/airflow/example_dags/example_branch_labels.py for tasks to queue
[2025-05-16T05:38:51.291+0000] {logging_mixin.py:190} INFO - [2025-05-16T05:38:51.291+0000] {dagbag.py:588} INFO - Filling up the DagBag from /home/airflow/.local/lib/python3.12/site-packages/airflow/example_dags/example_branch_labels.py
[2025-05-16T05:38:51.308+0000] {processor.py:925} INFO - DAG(s) 'example_branch_labels' retrieved from /home/airflow/.local/lib/python3.12/site-packages/airflow/example_dags/example_branch_labels.py
[2025-05-16T05:38:51.344+0000] {logging_mixin.py:190} INFO - [2025-05-16T05:38:51.344+0000] {dag.py:3239} INFO - Sync 1 DAGs
[2025-05-16T05:38:51.387+0000] {logging_mixin.py:190} INFO - [2025-05-16T05:38:51.386+0000] {dag.py:4180} INFO - Setting next_dagrun for example_branch_labels to 2025-05-15 00:00:00+00:00, run_after=2025-05-16 00:00:00+00:00
[2025-05-16T05:38:51.424+0000] {processor.py:208} INFO - Processing /home/airflow/.local/lib/python3.12/site-packages/airflow/example_dags/example_branch_labels.py took 0.152 seconds
[2025-05-16T05:39:21.522+0000] {processor.py:186} INFO - Started process (PID=456) to work on /home/airflow/.local/lib/python3.12/site-packages/airflow/example_dags/example_branch_labels.py
[2025-05-16T05:39:21.524+0000] {processor.py:914} INFO - Processing file /home/airflow/.local/lib/python3.12/site-packages/airflow/example_dags/example_branch_labels.py for tasks to queue
[2025-05-16T05:39:21.528+0000] {logging_mixin.py:190} INFO - [2025-05-16T05:39:21.528+0000] {dagbag.py:588} INFO - Filling up the DagBag from /home/airflow/.local/lib/python3.12/site-packages/airflow/example_dags/example_branch_labels.py
[2025-05-16T05:39:21.545+0000] {processor.py:925} INFO - DAG(s) 'example_branch_labels' retrieved from /home/airflow/.local/lib/python3.12/site-packages/airflow/example_dags/example_branch_labels.py
[2025-05-16T05:39:21.588+0000] {logging_mixin.py:190} INFO - [2025-05-16T05:39:21.587+0000] {dag.py:3239} INFO - Sync 1 DAGs
[2025-05-16T05:39:21.627+0000] {logging_mixin.py:190} INFO - [2025-05-16T05:39:21.627+0000] {dag.py:4180} INFO - Setting next_dagrun for example_branch_labels to 2025-05-15 00:00:00+00:00, run_after=2025-05-16 00:00:00+00:00
[2025-05-16T05:39:21.662+0000] {processor.py:208} INFO - Processing /home/airflow/.local/lib/python3.12/site-packages/airflow/example_dags/example_branch_labels.py took 0.148 seconds
[2025-05-16T05:39:51.906+0000] {processor.py:186} INFO - Started process (PID=522) to work on /home/airflow/.local/lib/python3.12/site-packages/airflow/example_dags/example_branch_labels.py
[2025-05-16T05:39:51.908+0000] {processor.py:914} INFO - Processing file /home/airflow/.local/lib/python3.12/site-packages/airflow/example_dags/example_branch_labels.py for tasks to queue
[2025-05-16T05:39:51.913+0000] {logging_mixin.py:190} INFO - [2025-05-16T05:39:51.912+0000] {dagbag.py:588} INFO - Filling up the DagBag from /home/airflow/.local/lib/python3.12/site-packages/airflow/example_dags/example_branch_labels.py
[2025-05-16T05:39:51.925+0000] {processor.py:925} INFO - DAG(s) 'example_branch_labels' retrieved from /home/airflow/.local/lib/python3.12/site-packages/airflow/example_dags/example_branch_labels.py
[2025-05-16T05:39:51.950+0000] {logging_mixin.py:190} INFO - [2025-05-16T05:39:51.949+0000] {dag.py:3239} INFO - Sync 1 DAGs
[2025-05-16T05:39:51.987+0000] {logging_mixin.py:190} INFO - [2025-05-16T05:39:51.986+0000] {dag.py:4180} INFO - Setting next_dagrun for example_branch_labels to 2025-05-15 00:00:00+00:00, run_after=2025-05-16 00:00:00+00:00
[2025-05-16T05:39:52.019+0000] {processor.py:208} INFO - Processing /home/airflow/.local/lib/python3.12/site-packages/airflow/example_dags/example_branch_labels.py took 0.126 seconds
[2025-05-16T05:40:22.293+0000] {processor.py:186} INFO - Started process (PID=588) to work on /home/airflow/.local/lib/python3.12/site-packages/airflow/example_dags/example_branch_labels.py
[2025-05-16T05:40:22.295+0000] {processor.py:914} INFO - Processing file /home/airflow/.local/lib/python3.12/site-packages/airflow/example_dags/example_branch_labels.py for tasks to queue
[2025-05-16T05:40:22.298+0000] {logging_mixin.py:190} INFO - [2025-05-16T05:40:22.297+0000] {dagbag.py:588} INFO - Filling up the DagBag from /home/airflow/.local/lib/python3.12/site-packages/airflow/example_dags/example_branch_labels.py
[2025-05-16T05:40:22.308+0000] {processor.py:925} INFO - DAG(s) 'example_branch_labels' retrieved from /home/airflow/.local/lib/python3.12/site-packages/airflow/example_dags/example_branch_labels.py
[2025-05-16T05:40:22.330+0000] {logging_mixin.py:190} INFO - [2025-05-16T05:40:22.330+0000] {dag.py:3239} INFO - Sync 1 DAGs
[2025-05-16T05:40:22.354+0000] {logging_mixin.py:190} INFO - [2025-05-16T05:40:22.354+0000] {dag.py:4180} INFO - Setting next_dagrun for example_branch_labels to 2025-05-15 00:00:00+00:00, run_after=2025-05-16 00:00:00+00:00
[2025-05-16T05:40:22.381+0000] {processor.py:208} INFO - Processing /home/airflow/.local/lib/python3.12/site-packages/airflow/example_dags/example_branch_labels.py took 0.093 seconds
[2025-05-16T05:40:53.144+0000] {processor.py:186} INFO - Started process (PID=654) to work on /home/airflow/.local/lib/python3.12/site-packages/airflow/example_dags/example_branch_labels.py
[2025-05-16T05:40:53.146+0000] {processor.py:914} INFO - Processing file /home/airflow/.local/lib/python3.12/site-packages/airflow/example_dags/example_branch_labels.py for tasks to queue
[2025-05-16T05:40:53.151+0000] {logging_mixin.py:190} INFO - [2025-05-16T05:40:53.150+0000] {dagbag.py:588} INFO - Filling up the DagBag from /home/airflow/.local/lib/python3.12/site-packages/airflow/example_dags/example_branch_labels.py
[2025-05-16T05:40:53.171+0000] {processor.py:925} INFO - DAG(s) 'example_branch_labels' retrieved from /home/airflow/.local/lib/python3.12/site-packages/airflow/example_dags/example_branch_labels.py
[2025-05-16T05:40:53.206+0000] {logging_mixin.py:190} INFO - [2025-05-16T05:40:53.206+0000] {dag.py:3239} INFO - Sync 1 DAGs
[2025-05-16T05:40:53.256+0000] {logging_mixin.py:190} INFO - [2025-05-16T05:40:53.256+0000] {dag.py:4180} INFO - Setting next_dagrun for example_branch_labels to 2025-05-15 00:00:00+00:00, run_after=2025-05-16 00:00:00+00:00
[2025-05-16T05:40:53.295+0000] {processor.py:208} INFO - Processing /home/airflow/.local/lib/python3.12/site-packages/airflow/example_dags/example_branch_labels.py took 0.161 seconds
[2025-05-16T05:41:23.613+0000] {processor.py:186} INFO - Started process (PID=720) to work on /home/airflow/.local/lib/python3.12/site-packages/airflow/example_dags/example_branch_labels.py
[2025-05-16T05:41:23.615+0000] {processor.py:914} INFO - Processing file /home/airflow/.local/lib/python3.12/site-packages/airflow/example_dags/example_branch_labels.py for tasks to queue
[2025-05-16T05:41:23.621+0000] {logging_mixin.py:190} INFO - [2025-05-16T05:41:23.620+0000] {dagbag.py:588} INFO - Filling up the DagBag from /home/airflow/.local/lib/python3.12/site-packages/airflow/example_dags/example_branch_labels.py
[2025-05-16T05:41:23.640+0000] {processor.py:925} INFO - DAG(s) 'example_branch_labels' retrieved from /home/airflow/.local/lib/python3.12/site-packages/airflow/example_dags/example_branch_labels.py
[2025-05-16T05:41:23.686+0000] {logging_mixin.py:190} INFO - [2025-05-16T05:41:23.685+0000] {dag.py:3239} INFO - Sync 1 DAGs
[2025-05-16T05:41:23.745+0000] {logging_mixin.py:190} INFO - [2025-05-16T05:41:23.745+0000] {dag.py:4180} INFO - Setting next_dagrun for example_branch_labels to 2025-05-15 00:00:00+00:00, run_after=2025-05-16 00:00:00+00:00
[2025-05-16T05:41:23.793+0000] {processor.py:208} INFO - Processing /home/airflow/.local/lib/python3.12/site-packages/airflow/example_dags/example_branch_labels.py took 0.192 seconds
[2025-05-16T05:41:54.047+0000] {processor.py:186} INFO - Started process (PID=786) to work on /home/airflow/.local/lib/python3.12/site-packages/airflow/example_dags/example_branch_labels.py
[2025-05-16T05:41:54.050+0000] {processor.py:914} INFO - Processing file /home/airflow/.local/lib/python3.12/site-packages/airflow/example_dags/example_branch_labels.py for tasks to queue
[2025-05-16T05:41:54.056+0000] {logging_mixin.py:190} INFO - [2025-05-16T05:41:54.055+0000] {dagbag.py:588} INFO - Filling up the DagBag from /home/airflow/.local/lib/python3.12/site-packages/airflow/example_dags/example_branch_labels.py
[2025-05-16T05:41:54.083+0000] {processor.py:925} INFO - DAG(s) 'example_branch_labels' retrieved from /home/airflow/.local/lib/python3.12/site-packages/airflow/example_dags/example_branch_labels.py
[2025-05-16T05:41:54.137+0000] {logging_mixin.py:190} INFO - [2025-05-16T05:41:54.136+0000] {dag.py:3239} INFO - Sync 1 DAGs
[2025-05-16T05:41:54.196+0000] {logging_mixin.py:190} INFO - [2025-05-16T05:41:54.195+0000] {dag.py:4180} INFO - Setting next_dagrun for example_branch_labels to 2025-05-15 00:00:00+00:00, run_after=2025-05-16 00:00:00+00:00
[2025-05-16T05:41:54.239+0000] {processor.py:208} INFO - Processing /home/airflow/.local/lib/python3.12/site-packages/airflow/example_dags/example_branch_labels.py took 0.207 seconds
[2025-05-16T05:42:24.405+0000] {processor.py:186} INFO - Started process (PID=852) to work on /home/airflow/.local/lib/python3.12/site-packages/airflow/example_dags/example_branch_labels.py
[2025-05-16T05:42:24.408+0000] {processor.py:914} INFO - Processing file /home/airflow/.local/lib/python3.12/site-packages/airflow/example_dags/example_branch_labels.py for tasks to queue
[2025-05-16T05:42:24.412+0000] {logging_mixin.py:190} INFO - [2025-05-16T05:42:24.412+0000] {dagbag.py:588} INFO - Filling up the DagBag from /home/airflow/.local/lib/python3.12/site-packages/airflow/example_dags/example_branch_labels.py
[2025-05-16T05:42:24.431+0000] {processor.py:925} INFO - DAG(s) 'example_branch_labels' retrieved from /home/airflow/.local/lib/python3.12/site-packages/airflow/example_dags/example_branch_labels.py
[2025-05-16T05:42:24.472+0000] {logging_mixin.py:190} INFO - [2025-05-16T05:42:24.472+0000] {dag.py:3239} INFO - Sync 1 DAGs
[2025-05-16T05:42:24.516+0000] {logging_mixin.py:190} INFO - [2025-05-16T05:42:24.516+0000] {dag.py:4180} INFO - Setting next_dagrun for example_branch_labels to 2025-05-15 00:00:00+00:00, run_after=2025-05-16 00:00:00+00:00
[2025-05-16T05:42:24.550+0000] {processor.py:208} INFO - Processing /home/airflow/.local/lib/python3.12/site-packages/airflow/example_dags/example_branch_labels.py took 0.156 seconds
[2025-05-16T05:42:59.752+0000] {processor.py:186} INFO - Started process (PID=923) to work on /home/airflow/.local/lib/python3.12/site-packages/airflow/example_dags/example_branch_labels.py
[2025-05-16T05:42:59.757+0000] {processor.py:914} INFO - Processing file /home/airflow/.local/lib/python3.12/site-packages/airflow/example_dags/example_branch_labels.py for tasks to queue
[2025-05-16T05:42:59.773+0000] {logging_mixin.py:190} INFO - [2025-05-16T05:42:59.772+0000] {dagbag.py:588} INFO - Filling up the DagBag from /home/airflow/.local/lib/python3.12/site-packages/airflow/example_dags/example_branch_labels.py
[2025-05-16T05:42:59.807+0000] {processor.py:925} INFO - DAG(s) 'example_branch_labels' retrieved from /home/airflow/.local/lib/python3.12/site-packages/airflow/example_dags/example_branch_labels.py
[2025-05-16T05:42:59.882+0000] {logging_mixin.py:190} INFO - [2025-05-16T05:42:59.880+0000] {dag.py:3239} INFO - Sync 1 DAGs
[2025-05-16T05:42:59.990+0000] {logging_mixin.py:190} INFO - [2025-05-16T05:42:59.989+0000] {dag.py:4180} INFO - Setting next_dagrun for example_branch_labels to 2025-05-15 00:00:00+00:00, run_after=2025-05-16 00:00:00+00:00
[2025-05-16T05:43:00.060+0000] {processor.py:208} INFO - Processing /home/airflow/.local/lib/python3.12/site-packages/airflow/example_dags/example_branch_labels.py took 0.335 seconds
[2025-05-16T05:43:30.475+0000] {processor.py:186} INFO - Started process (PID=989) to work on /home/airflow/.local/lib/python3.12/site-packages/airflow/example_dags/example_branch_labels.py
[2025-05-16T05:43:30.476+0000] {processor.py:914} INFO - Processing file /home/airflow/.local/lib/python3.12/site-packages/airflow/example_dags/example_branch_labels.py for tasks to queue
[2025-05-16T05:43:30.479+0000] {logging_mixin.py:190} INFO - [2025-05-16T05:43:30.479+0000] {dagbag.py:588} INFO - Filling up the DagBag from /home/airflow/.local/lib/python3.12/site-packages/airflow/example_dags/example_branch_labels.py
[2025-05-16T05:43:30.490+0000] {processor.py:925} INFO - DAG(s) 'example_branch_labels' retrieved from /home/airflow/.local/lib/python3.12/site-packages/airflow/example_dags/example_branch_labels.py
[2025-05-16T05:43:30.511+0000] {logging_mixin.py:190} INFO - [2025-05-16T05:43:30.511+0000] {dag.py:3239} INFO - Sync 1 DAGs
[2025-05-16T05:43:30.537+0000] {logging_mixin.py:190} INFO - [2025-05-16T05:43:30.537+0000] {dag.py:4180} INFO - Setting next_dagrun for example_branch_labels to 2025-05-15 00:00:00+00:00, run_after=2025-05-16 00:00:00+00:00
[2025-05-16T05:43:30.560+0000] {processor.py:208} INFO - Processing /home/airflow/.local/lib/python3.12/site-packages/airflow/example_dags/example_branch_labels.py took 0.092 seconds
[2025-05-16T05:44:01.717+0000] {processor.py:186} INFO - Started process (PID=1055) to work on /home/airflow/.local/lib/python3.12/site-packages/airflow/example_dags/example_branch_labels.py
[2025-05-16T05:44:01.723+0000] {processor.py:914} INFO - Processing file /home/airflow/.local/lib/python3.12/site-packages/airflow/example_dags/example_branch_labels.py for tasks to queue
[2025-05-16T05:44:01.732+0000] {logging_mixin.py:190} INFO - [2025-05-16T05:44:01.731+0000] {dagbag.py:588} INFO - Filling up the DagBag from /home/airflow/.local/lib/python3.12/site-packages/airflow/example_dags/example_branch_labels.py
[2025-05-16T05:44:01.768+0000] {processor.py:925} INFO - DAG(s) 'example_branch_labels' retrieved from /home/airflow/.local/lib/python3.12/site-packages/airflow/example_dags/example_branch_labels.py
[2025-05-16T05:44:01.823+0000] {logging_mixin.py:190} INFO - [2025-05-16T05:44:01.822+0000] {dag.py:3239} INFO - Sync 1 DAGs
[2025-05-16T05:44:01.887+0000] {logging_mixin.py:190} INFO - [2025-05-16T05:44:01.887+0000] {dag.py:4180} INFO - Setting next_dagrun for example_branch_labels to 2025-05-15 00:00:00+00:00, run_after=2025-05-16 00:00:00+00:00
[2025-05-16T05:44:01.939+0000] {processor.py:208} INFO - Processing /home/airflow/.local/lib/python3.12/site-packages/airflow/example_dags/example_branch_labels.py took 0.239 seconds
[2025-05-16T05:44:33.032+0000] {processor.py:186} INFO - Started process (PID=1121) to work on /home/airflow/.local/lib/python3.12/site-packages/airflow/example_dags/example_branch_labels.py
[2025-05-16T05:44:33.036+0000] {processor.py:914} INFO - Processing file /home/airflow/.local/lib/python3.12/site-packages/airflow/example_dags/example_branch_labels.py for tasks to queue
[2025-05-16T05:44:33.045+0000] {logging_mixin.py:190} INFO - [2025-05-16T05:44:33.044+0000] {dagbag.py:588} INFO - Filling up the DagBag from /home/airflow/.local/lib/python3.12/site-packages/airflow/example_dags/example_branch_labels.py
[2025-05-16T05:44:33.079+0000] {processor.py:925} INFO - DAG(s) 'example_branch_labels' retrieved from /home/airflow/.local/lib/python3.12/site-packages/airflow/example_dags/example_branch_labels.py
[2025-05-16T05:44:33.189+0000] {logging_mixin.py:190} INFO - [2025-05-16T05:44:33.187+0000] {dag.py:3239} INFO - Sync 1 DAGs
[2025-05-16T05:44:33.292+0000] {logging_mixin.py:190} INFO - [2025-05-16T05:44:33.291+0000] {dag.py:4180} INFO - Setting next_dagrun for example_branch_labels to 2025-05-15 00:00:00+00:00, run_after=2025-05-16 00:00:00+00:00
[2025-05-16T05:44:33.394+0000] {processor.py:208} INFO - Processing /home/airflow/.local/lib/python3.12/site-packages/airflow/example_dags/example_branch_labels.py took 0.390 seconds
[2025-05-16T05:45:04.130+0000] {processor.py:186} INFO - Started process (PID=1187) to work on /home/airflow/.local/lib/python3.12/site-packages/airflow/example_dags/example_branch_labels.py
[2025-05-16T05:45:04.134+0000] {processor.py:914} INFO - Processing file /home/airflow/.local/lib/python3.12/site-packages/airflow/example_dags/example_branch_labels.py for tasks to queue
[2025-05-16T05:45:04.143+0000] {logging_mixin.py:190} INFO - [2025-05-16T05:45:04.142+0000] {dagbag.py:588} INFO - Filling up the DagBag from /home/airflow/.local/lib/python3.12/site-packages/airflow/example_dags/example_branch_labels.py
[2025-05-16T05:45:04.182+0000] {processor.py:925} INFO - DAG(s) 'example_branch_labels' retrieved from /home/airflow/.local/lib/python3.12/site-packages/airflow/example_dags/example_branch_labels.py
[2025-05-16T05:45:04.248+0000] {logging_mixin.py:190} INFO - [2025-05-16T05:45:04.248+0000] {dag.py:3239} INFO - Sync 1 DAGs
[2025-05-16T05:45:04.310+0000] {logging_mixin.py:190} INFO - [2025-05-16T05:45:04.309+0000] {dag.py:4180} INFO - Setting next_dagrun for example_branch_labels to 2025-05-15 00:00:00+00:00, run_after=2025-05-16 00:00:00+00:00
[2025-05-16T05:45:04.363+0000] {processor.py:208} INFO - Processing /home/airflow/.local/lib/python3.12/site-packages/airflow/example_dags/example_branch_labels.py took 0.248 seconds
[2025-05-16T05:45:45.632+0000] {processor.py:186} INFO - Started process (PID=1251) to work on /home/airflow/.local/lib/python3.12/site-packages/airflow/example_dags/example_branch_labels.py
[2025-05-16T05:45:45.636+0000] {processor.py:914} INFO - Processing file /home/airflow/.local/lib/python3.12/site-packages/airflow/example_dags/example_branch_labels.py for tasks to queue
[2025-05-16T05:45:45.646+0000] {logging_mixin.py:190} INFO - [2025-05-16T05:45:45.645+0000] {dagbag.py:588} INFO - Filling up the DagBag from /home/airflow/.local/lib/python3.12/site-packages/airflow/example_dags/example_branch_labels.py
[2025-05-16T05:45:45.685+0000] {processor.py:925} INFO - DAG(s) 'example_branch_labels' retrieved from /home/airflow/.local/lib/python3.12/site-packages/airflow/example_dags/example_branch_labels.py
[2025-05-16T05:45:45.760+0000] {logging_mixin.py:190} INFO - [2025-05-16T05:45:45.759+0000] {dag.py:3239} INFO - Sync 1 DAGs
[2025-05-16T05:45:45.875+0000] {logging_mixin.py:190} INFO - [2025-05-16T05:45:45.874+0000] {dag.py:4180} INFO - Setting next_dagrun for example_branch_labels to 2025-05-15 00:00:00+00:00, run_after=2025-05-16 00:00:00+00:00
[2025-05-16T05:45:45.974+0000] {processor.py:208} INFO - Processing /home/airflow/.local/lib/python3.12/site-packages/airflow/example_dags/example_branch_labels.py took 0.360 seconds
[2025-05-16T05:46:16.488+0000] {processor.py:186} INFO - Started process (PID=1317) to work on /home/airflow/.local/lib/python3.12/site-packages/airflow/example_dags/example_branch_labels.py
[2025-05-16T05:46:16.492+0000] {processor.py:914} INFO - Processing file /home/airflow/.local/lib/python3.12/site-packages/airflow/example_dags/example_branch_labels.py for tasks to queue
[2025-05-16T05:46:16.499+0000] {logging_mixin.py:190} INFO - [2025-05-16T05:46:16.498+0000] {dagbag.py:588} INFO - Filling up the DagBag from /home/airflow/.local/lib/python3.12/site-packages/airflow/example_dags/example_branch_labels.py
[2025-05-16T05:46:16.529+0000] {processor.py:925} INFO - DAG(s) 'example_branch_labels' retrieved from /home/airflow/.local/lib/python3.12/site-packages/airflow/example_dags/example_branch_labels.py
[2025-05-16T05:46:16.595+0000] {logging_mixin.py:190} INFO - [2025-05-16T05:46:16.594+0000] {dag.py:3239} INFO - Sync 1 DAGs
[2025-05-16T05:46:16.662+0000] {logging_mixin.py:190} INFO - [2025-05-16T05:46:16.661+0000] {dag.py:4180} INFO - Setting next_dagrun for example_branch_labels to 2025-05-15 00:00:00+00:00, run_after=2025-05-16 00:00:00+00:00
[2025-05-16T05:46:16.716+0000] {processor.py:208} INFO - Processing /home/airflow/.local/lib/python3.12/site-packages/airflow/example_dags/example_branch_labels.py took 0.246 seconds
[2025-05-16T05:46:47.001+0000] {processor.py:186} INFO - Started process (PID=1383) to work on /home/airflow/.local/lib/python3.12/site-packages/airflow/example_dags/example_branch_labels.py
[2025-05-16T05:46:47.003+0000] {processor.py:914} INFO - Processing file /home/airflow/.local/lib/python3.12/site-packages/airflow/example_dags/example_branch_labels.py for tasks to queue
[2025-05-16T05:46:47.007+0000] {logging_mixin.py:190} INFO - [2025-05-16T05:46:47.006+0000] {dagbag.py:588} INFO - Filling up the DagBag from /home/airflow/.local/lib/python3.12/site-packages/airflow/example_dags/example_branch_labels.py
[2025-05-16T05:46:47.024+0000] {processor.py:925} INFO - DAG(s) 'example_branch_labels' retrieved from /home/airflow/.local/lib/python3.12/site-packages/airflow/example_dags/example_branch_labels.py
[2025-05-16T05:46:47.069+0000] {logging_mixin.py:190} INFO - [2025-05-16T05:46:47.069+0000] {dag.py:3239} INFO - Sync 1 DAGs
[2025-05-16T05:46:47.111+0000] {logging_mixin.py:190} INFO - [2025-05-16T05:46:47.111+0000] {dag.py:4180} INFO - Setting next_dagrun for example_branch_labels to 2025-05-15 00:00:00+00:00, run_after=2025-05-16 00:00:00+00:00
[2025-05-16T05:46:47.157+0000] {processor.py:208} INFO - Processing /home/airflow/.local/lib/python3.12/site-packages/airflow/example_dags/example_branch_labels.py took 0.166 seconds
[2025-05-16T05:47:18.104+0000] {processor.py:186} INFO - Started process (PID=1449) to work on /home/airflow/.local/lib/python3.12/site-packages/airflow/example_dags/example_branch_labels.py
[2025-05-16T05:47:18.108+0000] {processor.py:914} INFO - Processing file /home/airflow/.local/lib/python3.12/site-packages/airflow/example_dags/example_branch_labels.py for tasks to queue
[2025-05-16T05:47:18.115+0000] {logging_mixin.py:190} INFO - [2025-05-16T05:47:18.114+0000] {dagbag.py:588} INFO - Filling up the DagBag from /home/airflow/.local/lib/python3.12/site-packages/airflow/example_dags/example_branch_labels.py
[2025-05-16T05:47:18.140+0000] {processor.py:925} INFO - DAG(s) 'example_branch_labels' retrieved from /home/airflow/.local/lib/python3.12/site-packages/airflow/example_dags/example_branch_labels.py
[2025-05-16T05:47:18.193+0000] {logging_mixin.py:190} INFO - [2025-05-16T05:47:18.192+0000] {dag.py:3239} INFO - Sync 1 DAGs
[2025-05-16T05:47:18.258+0000] {logging_mixin.py:190} INFO - [2025-05-16T05:47:18.257+0000] {dag.py:4180} INFO - Setting next_dagrun for example_branch_labels to 2025-05-15 00:00:00+00:00, run_after=2025-05-16 00:00:00+00:00
[2025-05-16T05:47:18.300+0000] {processor.py:208} INFO - Processing /home/airflow/.local/lib/python3.12/site-packages/airflow/example_dags/example_branch_labels.py took 0.210 seconds
[2025-05-16T05:47:48.450+0000] {processor.py:186} INFO - Started process (PID=1516) to work on /home/airflow/.local/lib/python3.12/site-packages/airflow/example_dags/example_branch_labels.py
[2025-05-16T05:47:48.452+0000] {processor.py:914} INFO - Processing file /home/airflow/.local/lib/python3.12/site-packages/airflow/example_dags/example_branch_labels.py for tasks to queue
[2025-05-16T05:47:48.456+0000] {logging_mixin.py:190} INFO - [2025-05-16T05:47:48.456+0000] {dagbag.py:588} INFO - Filling up the DagBag from /home/airflow/.local/lib/python3.12/site-packages/airflow/example_dags/example_branch_labels.py
[2025-05-16T05:47:48.474+0000] {processor.py:925} INFO - DAG(s) 'example_branch_labels' retrieved from /home/airflow/.local/lib/python3.12/site-packages/airflow/example_dags/example_branch_labels.py
[2025-05-16T05:47:48.509+0000] {logging_mixin.py:190} INFO - [2025-05-16T05:47:48.508+0000] {dag.py:3239} INFO - Sync 1 DAGs
[2025-05-16T05:47:48.560+0000] {logging_mixin.py:190} INFO - [2025-05-16T05:47:48.559+0000] {dag.py:4180} INFO - Setting next_dagrun for example_branch_labels to 2025-05-15 00:00:00+00:00, run_after=2025-05-16 00:00:00+00:00
[2025-05-16T05:47:48.596+0000] {processor.py:208} INFO - Processing /home/airflow/.local/lib/python3.12/site-packages/airflow/example_dags/example_branch_labels.py took 0.155 seconds
[2025-05-16T05:48:19.758+0000] {processor.py:186} INFO - Started process (PID=1582) to work on /home/airflow/.local/lib/python3.12/site-packages/airflow/example_dags/example_branch_labels.py
[2025-05-16T05:48:19.761+0000] {processor.py:914} INFO - Processing file /home/airflow/.local/lib/python3.12/site-packages/airflow/example_dags/example_branch_labels.py for tasks to queue
[2025-05-16T05:48:19.770+0000] {logging_mixin.py:190} INFO - [2025-05-16T05:48:19.769+0000] {dagbag.py:588} INFO - Filling up the DagBag from /home/airflow/.local/lib/python3.12/site-packages/airflow/example_dags/example_branch_labels.py
[2025-05-16T05:48:19.820+0000] {processor.py:925} INFO - DAG(s) 'example_branch_labels' retrieved from /home/airflow/.local/lib/python3.12/site-packages/airflow/example_dags/example_branch_labels.py
[2025-05-16T05:48:19.925+0000] {logging_mixin.py:190} INFO - [2025-05-16T05:48:19.924+0000] {dag.py:3239} INFO - Sync 1 DAGs
[2025-05-16T05:48:20.047+0000] {logging_mixin.py:190} INFO - [2025-05-16T05:48:20.046+0000] {dag.py:4180} INFO - Setting next_dagrun for example_branch_labels to 2025-05-15 00:00:00+00:00, run_after=2025-05-16 00:00:00+00:00
[2025-05-16T05:48:20.191+0000] {processor.py:208} INFO - Processing /home/airflow/.local/lib/python3.12/site-packages/airflow/example_dags/example_branch_labels.py took 0.452 seconds
[2025-05-16T05:48:51.173+0000] {processor.py:186} INFO - Started process (PID=1648) to work on /home/airflow/.local/lib/python3.12/site-packages/airflow/example_dags/example_branch_labels.py
[2025-05-16T05:48:51.178+0000] {processor.py:914} INFO - Processing file /home/airflow/.local/lib/python3.12/site-packages/airflow/example_dags/example_branch_labels.py for tasks to queue
[2025-05-16T05:48:51.185+0000] {logging_mixin.py:190} INFO - [2025-05-16T05:48:51.184+0000] {dagbag.py:588} INFO - Filling up the DagBag from /home/airflow/.local/lib/python3.12/site-packages/airflow/example_dags/example_branch_labels.py
[2025-05-16T05:48:51.210+0000] {processor.py:925} INFO - DAG(s) 'example_branch_labels' retrieved from /home/airflow/.local/lib/python3.12/site-packages/airflow/example_dags/example_branch_labels.py
[2025-05-16T05:48:51.287+0000] {logging_mixin.py:190} INFO - [2025-05-16T05:48:51.287+0000] {dag.py:3239} INFO - Sync 1 DAGs
[2025-05-16T05:48:51.363+0000] {logging_mixin.py:190} INFO - [2025-05-16T05:48:51.362+0000] {dag.py:4180} INFO - Setting next_dagrun for example_branch_labels to 2025-05-15 00:00:00+00:00, run_after=2025-05-16 00:00:00+00:00
[2025-05-16T05:48:51.414+0000] {processor.py:208} INFO - Processing /home/airflow/.local/lib/python3.12/site-packages/airflow/example_dags/example_branch_labels.py took 0.256 seconds
[2025-05-16T05:49:29.896+0000] {processor.py:186} INFO - Started process (PID=1719) to work on /home/airflow/.local/lib/python3.12/site-packages/airflow/example_dags/example_branch_labels.py
[2025-05-16T05:49:29.899+0000] {processor.py:914} INFO - Processing file /home/airflow/.local/lib/python3.12/site-packages/airflow/example_dags/example_branch_labels.py for tasks to queue
[2025-05-16T05:49:29.906+0000] {logging_mixin.py:190} INFO - [2025-05-16T05:49:29.905+0000] {dagbag.py:588} INFO - Filling up the DagBag from /home/airflow/.local/lib/python3.12/site-packages/airflow/example_dags/example_branch_labels.py
[2025-05-16T05:49:29.936+0000] {processor.py:925} INFO - DAG(s) 'example_branch_labels' retrieved from /home/airflow/.local/lib/python3.12/site-packages/airflow/example_dags/example_branch_labels.py
[2025-05-16T05:49:29.998+0000] {logging_mixin.py:190} INFO - [2025-05-16T05:49:29.998+0000] {dag.py:3239} INFO - Sync 1 DAGs
[2025-05-16T05:49:30.072+0000] {logging_mixin.py:190} INFO - [2025-05-16T05:49:30.072+0000] {dag.py:4180} INFO - Setting next_dagrun for example_branch_labels to 2025-05-15 00:00:00+00:00, run_after=2025-05-16 00:00:00+00:00
[2025-05-16T05:49:30.133+0000] {processor.py:208} INFO - Processing /home/airflow/.local/lib/python3.12/site-packages/airflow/example_dags/example_branch_labels.py took 0.255 seconds
[2025-05-16T05:50:04.287+0000] {processor.py:186} INFO - Started process (PID=1783) to work on /home/airflow/.local/lib/python3.12/site-packages/airflow/example_dags/example_branch_labels.py
[2025-05-16T05:50:04.297+0000] {processor.py:914} INFO - Processing file /home/airflow/.local/lib/python3.12/site-packages/airflow/example_dags/example_branch_labels.py for tasks to queue
[2025-05-16T05:50:04.314+0000] {logging_mixin.py:190} INFO - [2025-05-16T05:50:04.312+0000] {dagbag.py:588} INFO - Filling up the DagBag from /home/airflow/.local/lib/python3.12/site-packages/airflow/example_dags/example_branch_labels.py
[2025-05-16T05:50:04.378+0000] {processor.py:925} INFO - DAG(s) 'example_branch_labels' retrieved from /home/airflow/.local/lib/python3.12/site-packages/airflow/example_dags/example_branch_labels.py
[2025-05-16T05:50:04.553+0000] {logging_mixin.py:190} INFO - [2025-05-16T05:50:04.552+0000] {dag.py:3239} INFO - Sync 1 DAGs
[2025-05-16T05:50:04.729+0000] {logging_mixin.py:190} INFO - [2025-05-16T05:50:04.727+0000] {dag.py:4180} INFO - Setting next_dagrun for example_branch_labels to 2025-05-15 00:00:00+00:00, run_after=2025-05-16 00:00:00+00:00
[2025-05-16T05:50:04.857+0000] {processor.py:208} INFO - Processing /home/airflow/.local/lib/python3.12/site-packages/airflow/example_dags/example_branch_labels.py took 0.589 seconds
[2025-05-16T05:50:38.370+0000] {processor.py:186} INFO - Started process (PID=1850) to work on /home/airflow/.local/lib/python3.12/site-packages/airflow/example_dags/example_branch_labels.py
[2025-05-16T05:50:38.379+0000] {processor.py:914} INFO - Processing file /home/airflow/.local/lib/python3.12/site-packages/airflow/example_dags/example_branch_labels.py for tasks to queue
[2025-05-16T05:50:38.395+0000] {logging_mixin.py:190} INFO - [2025-05-16T05:50:38.394+0000] {dagbag.py:588} INFO - Filling up the DagBag from /home/airflow/.local/lib/python3.12/site-packages/airflow/example_dags/example_branch_labels.py
[2025-05-16T05:50:38.460+0000] {processor.py:925} INFO - DAG(s) 'example_branch_labels' retrieved from /home/airflow/.local/lib/python3.12/site-packages/airflow/example_dags/example_branch_labels.py
[2025-05-16T05:50:38.615+0000] {logging_mixin.py:190} INFO - [2025-05-16T05:50:38.614+0000] {dag.py:3239} INFO - Sync 1 DAGs
[2025-05-16T05:50:38.768+0000] {logging_mixin.py:190} INFO - [2025-05-16T05:50:38.765+0000] {dag.py:4180} INFO - Setting next_dagrun for example_branch_labels to 2025-05-15 00:00:00+00:00, run_after=2025-05-16 00:00:00+00:00
[2025-05-16T05:50:38.890+0000] {processor.py:208} INFO - Processing /home/airflow/.local/lib/python3.12/site-packages/airflow/example_dags/example_branch_labels.py took 0.544 seconds
[2025-05-16T05:51:15.513+0000] {processor.py:186} INFO - Started process (PID=1914) to work on /home/airflow/.local/lib/python3.12/site-packages/airflow/example_dags/example_branch_labels.py
[2025-05-16T05:51:15.537+0000] {processor.py:914} INFO - Processing file /home/airflow/.local/lib/python3.12/site-packages/airflow/example_dags/example_branch_labels.py for tasks to queue
[2025-05-16T05:51:15.562+0000] {logging_mixin.py:190} INFO - [2025-05-16T05:51:15.561+0000] {dagbag.py:588} INFO - Filling up the DagBag from /home/airflow/.local/lib/python3.12/site-packages/airflow/example_dags/example_branch_labels.py
[2025-05-16T05:51:15.614+0000] {processor.py:925} INFO - DAG(s) 'example_branch_labels' retrieved from /home/airflow/.local/lib/python3.12/site-packages/airflow/example_dags/example_branch_labels.py
[2025-05-16T05:51:15.746+0000] {logging_mixin.py:190} INFO - [2025-05-16T05:51:15.744+0000] {dag.py:3239} INFO - Sync 1 DAGs
[2025-05-16T05:51:15.943+0000] {logging_mixin.py:190} INFO - [2025-05-16T05:51:15.942+0000] {dag.py:4180} INFO - Setting next_dagrun for example_branch_labels to 2025-05-15 00:00:00+00:00, run_after=2025-05-16 00:00:00+00:00
[2025-05-16T05:51:16.107+0000] {processor.py:208} INFO - Processing /home/airflow/.local/lib/python3.12/site-packages/airflow/example_dags/example_branch_labels.py took 0.635 seconds
[2025-05-16T05:51:56.707+0000] {processor.py:186} INFO - Started process (PID=1979) to work on /home/airflow/.local/lib/python3.12/site-packages/airflow/example_dags/example_branch_labels.py
[2025-05-16T05:51:56.730+0000] {processor.py:914} INFO - Processing file /home/airflow/.local/lib/python3.12/site-packages/airflow/example_dags/example_branch_labels.py for tasks to queue
[2025-05-16T05:51:56.785+0000] {logging_mixin.py:190} INFO - [2025-05-16T05:51:56.781+0000] {dagbag.py:588} INFO - Filling up the DagBag from /home/airflow/.local/lib/python3.12/site-packages/airflow/example_dags/example_branch_labels.py
[2025-05-16T05:51:56.843+0000] {processor.py:925} INFO - DAG(s) 'example_branch_labels' retrieved from /home/airflow/.local/lib/python3.12/site-packages/airflow/example_dags/example_branch_labels.py
[2025-05-16T05:51:56.997+0000] {logging_mixin.py:190} INFO - [2025-05-16T05:51:56.996+0000] {dag.py:3239} INFO - Sync 1 DAGs
[2025-05-16T05:51:57.172+0000] {logging_mixin.py:190} INFO - [2025-05-16T05:51:57.171+0000] {dag.py:4180} INFO - Setting next_dagrun for example_branch_labels to 2025-05-15 00:00:00+00:00, run_after=2025-05-16 00:00:00+00:00
[2025-05-16T05:51:57.335+0000] {processor.py:208} INFO - Processing /home/airflow/.local/lib/python3.12/site-packages/airflow/example_dags/example_branch_labels.py took 0.669 seconds
[2025-05-16T05:52:45.082+0000] {processor.py:186} INFO - Started process (PID=2051) to work on /home/airflow/.local/lib/python3.12/site-packages/airflow/example_dags/example_branch_labels.py
[2025-05-16T05:52:45.092+0000] {processor.py:914} INFO - Processing file /home/airflow/.local/lib/python3.12/site-packages/airflow/example_dags/example_branch_labels.py for tasks to queue
[2025-05-16T05:52:45.103+0000] {logging_mixin.py:190} INFO - [2025-05-16T05:52:45.102+0000] {dagbag.py:588} INFO - Filling up the DagBag from /home/airflow/.local/lib/python3.12/site-packages/airflow/example_dags/example_branch_labels.py
[2025-05-16T05:52:45.137+0000] {processor.py:925} INFO - DAG(s) 'example_branch_labels' retrieved from /home/airflow/.local/lib/python3.12/site-packages/airflow/example_dags/example_branch_labels.py
[2025-05-16T05:52:45.200+0000] {logging_mixin.py:190} INFO - [2025-05-16T05:52:45.199+0000] {dag.py:3239} INFO - Sync 1 DAGs
[2025-05-16T05:52:45.273+0000] {logging_mixin.py:190} INFO - [2025-05-16T05:52:45.272+0000] {dag.py:4180} INFO - Setting next_dagrun for example_branch_labels to 2025-05-15 00:00:00+00:00, run_after=2025-05-16 00:00:00+00:00
[2025-05-16T05:52:45.336+0000] {processor.py:208} INFO - Processing /home/airflow/.local/lib/python3.12/site-packages/airflow/example_dags/example_branch_labels.py took 0.278 seconds
[2025-05-16T05:53:16.169+0000] {processor.py:186} INFO - Started process (PID=2116) to work on /home/airflow/.local/lib/python3.12/site-packages/airflow/example_dags/example_branch_labels.py
[2025-05-16T05:53:16.174+0000] {processor.py:914} INFO - Processing file /home/airflow/.local/lib/python3.12/site-packages/airflow/example_dags/example_branch_labels.py for tasks to queue
[2025-05-16T05:53:16.185+0000] {logging_mixin.py:190} INFO - [2025-05-16T05:53:16.184+0000] {dagbag.py:588} INFO - Filling up the DagBag from /home/airflow/.local/lib/python3.12/site-packages/airflow/example_dags/example_branch_labels.py
[2025-05-16T05:53:16.222+0000] {processor.py:925} INFO - DAG(s) 'example_branch_labels' retrieved from /home/airflow/.local/lib/python3.12/site-packages/airflow/example_dags/example_branch_labels.py
[2025-05-16T05:53:16.312+0000] {logging_mixin.py:190} INFO - [2025-05-16T05:53:16.309+0000] {dag.py:3239} INFO - Sync 1 DAGs
[2025-05-16T05:53:16.417+0000] {logging_mixin.py:190} INFO - [2025-05-16T05:53:16.416+0000] {dag.py:4180} INFO - Setting next_dagrun for example_branch_labels to 2025-05-15 00:00:00+00:00, run_after=2025-05-16 00:00:00+00:00
[2025-05-16T05:53:16.500+0000] {processor.py:208} INFO - Processing /home/airflow/.local/lib/python3.12/site-packages/airflow/example_dags/example_branch_labels.py took 0.348 seconds
[2025-05-16T05:53:54.868+0000] {processor.py:186} INFO - Started process (PID=2185) to work on /home/airflow/.local/lib/python3.12/site-packages/airflow/example_dags/example_branch_labels.py
[2025-05-16T05:53:54.880+0000] {processor.py:914} INFO - Processing file /home/airflow/.local/lib/python3.12/site-packages/airflow/example_dags/example_branch_labels.py for tasks to queue
[2025-05-16T05:53:54.890+0000] {logging_mixin.py:190} INFO - [2025-05-16T05:53:54.889+0000] {dagbag.py:588} INFO - Filling up the DagBag from /home/airflow/.local/lib/python3.12/site-packages/airflow/example_dags/example_branch_labels.py
[2025-05-16T05:53:54.924+0000] {processor.py:925} INFO - DAG(s) 'example_branch_labels' retrieved from /home/airflow/.local/lib/python3.12/site-packages/airflow/example_dags/example_branch_labels.py
[2025-05-16T05:53:54.986+0000] {logging_mixin.py:190} INFO - [2025-05-16T05:53:54.985+0000] {dag.py:3239} INFO - Sync 1 DAGs
[2025-05-16T05:53:55.065+0000] {logging_mixin.py:190} INFO - [2025-05-16T05:53:55.065+0000] {dag.py:4180} INFO - Setting next_dagrun for example_branch_labels to 2025-05-15 00:00:00+00:00, run_after=2025-05-16 00:00:00+00:00
[2025-05-16T05:53:55.129+0000] {processor.py:208} INFO - Processing /home/airflow/.local/lib/python3.12/site-packages/airflow/example_dags/example_branch_labels.py took 0.279 seconds
[2025-05-16T05:54:30.764+0000] {processor.py:186} INFO - Started process (PID=2257) to work on /home/airflow/.local/lib/python3.12/site-packages/airflow/example_dags/example_branch_labels.py
[2025-05-16T05:54:30.800+0000] {processor.py:914} INFO - Processing file /home/airflow/.local/lib/python3.12/site-packages/airflow/example_dags/example_branch_labels.py for tasks to queue
[2025-05-16T05:54:30.828+0000] {logging_mixin.py:190} INFO - [2025-05-16T05:54:30.826+0000] {dagbag.py:588} INFO - Filling up the DagBag from /home/airflow/.local/lib/python3.12/site-packages/airflow/example_dags/example_branch_labels.py
[2025-05-16T05:54:30.924+0000] {processor.py:925} INFO - DAG(s) 'example_branch_labels' retrieved from /home/airflow/.local/lib/python3.12/site-packages/airflow/example_dags/example_branch_labels.py
[2025-05-16T05:54:31.149+0000] {logging_mixin.py:190} INFO - [2025-05-16T05:54:31.146+0000] {dag.py:3239} INFO - Sync 1 DAGs
[2025-05-16T05:54:31.321+0000] {logging_mixin.py:190} INFO - [2025-05-16T05:54:31.320+0000] {dag.py:4180} INFO - Setting next_dagrun for example_branch_labels to 2025-05-15 00:00:00+00:00, run_after=2025-05-16 00:00:00+00:00
[2025-05-16T05:54:31.414+0000] {processor.py:208} INFO - Processing /home/airflow/.local/lib/python3.12/site-packages/airflow/example_dags/example_branch_labels.py took 0.724 seconds
[2025-05-16T05:55:06.692+0000] {processor.py:186} INFO - Started process (PID=2324) to work on /home/airflow/.local/lib/python3.12/site-packages/airflow/example_dags/example_branch_labels.py
[2025-05-16T05:55:06.718+0000] {processor.py:914} INFO - Processing file /home/airflow/.local/lib/python3.12/site-packages/airflow/example_dags/example_branch_labels.py for tasks to queue
[2025-05-16T05:55:06.748+0000] {logging_mixin.py:190} INFO - [2025-05-16T05:55:06.747+0000] {dagbag.py:588} INFO - Filling up the DagBag from /home/airflow/.local/lib/python3.12/site-packages/airflow/example_dags/example_branch_labels.py
[2025-05-16T05:55:06.801+0000] {processor.py:925} INFO - DAG(s) 'example_branch_labels' retrieved from /home/airflow/.local/lib/python3.12/site-packages/airflow/example_dags/example_branch_labels.py
[2025-05-16T05:55:06.934+0000] {logging_mixin.py:190} INFO - [2025-05-16T05:55:06.933+0000] {dag.py:3239} INFO - Sync 1 DAGs
[2025-05-16T05:55:07.042+0000] {logging_mixin.py:190} INFO - [2025-05-16T05:55:07.041+0000] {dag.py:4180} INFO - Setting next_dagrun for example_branch_labels to 2025-05-15 00:00:00+00:00, run_after=2025-05-16 00:00:00+00:00
[2025-05-16T05:55:07.129+0000] {processor.py:208} INFO - Processing /home/airflow/.local/lib/python3.12/site-packages/airflow/example_dags/example_branch_labels.py took 0.460 seconds
[2025-05-16T05:56:24.893+0000] {processor.py:186} INFO - Started process (PID=2404) to work on /home/airflow/.local/lib/python3.12/site-packages/airflow/example_dags/example_branch_labels.py
[2025-05-16T05:56:24.947+0000] {processor.py:914} INFO - Processing file /home/airflow/.local/lib/python3.12/site-packages/airflow/example_dags/example_branch_labels.py for tasks to queue
[2025-05-16T05:56:24.991+0000] {logging_mixin.py:190} INFO - [2025-05-16T05:56:24.989+0000] {dagbag.py:588} INFO - Filling up the DagBag from /home/airflow/.local/lib/python3.12/site-packages/airflow/example_dags/example_branch_labels.py
[2025-05-16T05:56:25.076+0000] {processor.py:925} INFO - DAG(s) 'example_branch_labels' retrieved from /home/airflow/.local/lib/python3.12/site-packages/airflow/example_dags/example_branch_labels.py
[2025-05-16T05:56:25.223+0000] {logging_mixin.py:190} INFO - [2025-05-16T05:56:25.222+0000] {dag.py:3239} INFO - Sync 1 DAGs
[2025-05-16T05:56:25.358+0000] {logging_mixin.py:190} INFO - [2025-05-16T05:56:25.357+0000] {dag.py:4180} INFO - Setting next_dagrun for example_branch_labels to 2025-05-15 00:00:00+00:00, run_after=2025-05-16 00:00:00+00:00
[2025-05-16T05:56:25.482+0000] {processor.py:208} INFO - Processing /home/airflow/.local/lib/python3.12/site-packages/airflow/example_dags/example_branch_labels.py took 0.614 seconds
[2025-05-16T05:57:16.128+0000] {processor.py:186} INFO - Started process (PID=2476) to work on /home/airflow/.local/lib/python3.12/site-packages/airflow/example_dags/example_branch_labels.py
[2025-05-16T05:57:16.137+0000] {processor.py:914} INFO - Processing file /home/airflow/.local/lib/python3.12/site-packages/airflow/example_dags/example_branch_labels.py for tasks to queue
[2025-05-16T05:57:16.167+0000] {logging_mixin.py:190} INFO - [2025-05-16T05:57:16.166+0000] {dagbag.py:588} INFO - Filling up the DagBag from /home/airflow/.local/lib/python3.12/site-packages/airflow/example_dags/example_branch_labels.py
[2025-05-16T05:57:16.210+0000] {processor.py:925} INFO - DAG(s) 'example_branch_labels' retrieved from /home/airflow/.local/lib/python3.12/site-packages/airflow/example_dags/example_branch_labels.py
[2025-05-16T05:57:16.366+0000] {logging_mixin.py:190} INFO - [2025-05-16T05:57:16.362+0000] {dag.py:3239} INFO - Sync 1 DAGs
[2025-05-16T05:57:16.477+0000] {logging_mixin.py:190} INFO - [2025-05-16T05:57:16.476+0000] {dag.py:4180} INFO - Setting next_dagrun for example_branch_labels to 2025-05-15 00:00:00+00:00, run_after=2025-05-16 00:00:00+00:00
[2025-05-16T05:57:16.655+0000] {processor.py:208} INFO - Processing /home/airflow/.local/lib/python3.12/site-packages/airflow/example_dags/example_branch_labels.py took 0.552 seconds
[2025-05-16T05:57:55.489+0000] {processor.py:186} INFO - Started process (PID=2542) to work on /home/airflow/.local/lib/python3.12/site-packages/airflow/example_dags/example_branch_labels.py
[2025-05-16T05:57:55.505+0000] {processor.py:914} INFO - Processing file /home/airflow/.local/lib/python3.12/site-packages/airflow/example_dags/example_branch_labels.py for tasks to queue
[2025-05-16T05:57:55.530+0000] {logging_mixin.py:190} INFO - [2025-05-16T05:57:55.529+0000] {dagbag.py:588} INFO - Filling up the DagBag from /home/airflow/.local/lib/python3.12/site-packages/airflow/example_dags/example_branch_labels.py
[2025-05-16T05:57:55.596+0000] {processor.py:925} INFO - DAG(s) 'example_branch_labels' retrieved from /home/airflow/.local/lib/python3.12/site-packages/airflow/example_dags/example_branch_labels.py
[2025-05-16T05:57:55.720+0000] {logging_mixin.py:190} INFO - [2025-05-16T05:57:55.719+0000] {dag.py:3239} INFO - Sync 1 DAGs
[2025-05-16T05:57:55.844+0000] {logging_mixin.py:190} INFO - [2025-05-16T05:57:55.844+0000] {dag.py:4180} INFO - Setting next_dagrun for example_branch_labels to 2025-05-15 00:00:00+00:00, run_after=2025-05-16 00:00:00+00:00
[2025-05-16T05:57:55.972+0000] {processor.py:208} INFO - Processing /home/airflow/.local/lib/python3.12/site-packages/airflow/example_dags/example_branch_labels.py took 0.507 seconds
[2025-05-16T05:58:27.929+0000] {processor.py:186} INFO - Started process (PID=2608) to work on /home/airflow/.local/lib/python3.12/site-packages/airflow/example_dags/example_branch_labels.py
[2025-05-16T05:58:27.942+0000] {processor.py:914} INFO - Processing file /home/airflow/.local/lib/python3.12/site-packages/airflow/example_dags/example_branch_labels.py for tasks to queue
[2025-05-16T05:58:27.960+0000] {logging_mixin.py:190} INFO - [2025-05-16T05:58:27.957+0000] {dagbag.py:588} INFO - Filling up the DagBag from /home/airflow/.local/lib/python3.12/site-packages/airflow/example_dags/example_branch_labels.py
[2025-05-16T05:58:28.016+0000] {processor.py:925} INFO - DAG(s) 'example_branch_labels' retrieved from /home/airflow/.local/lib/python3.12/site-packages/airflow/example_dags/example_branch_labels.py
[2025-05-16T05:58:28.138+0000] {logging_mixin.py:190} INFO - [2025-05-16T05:58:28.137+0000] {dag.py:3239} INFO - Sync 1 DAGs
[2025-05-16T05:58:28.285+0000] {logging_mixin.py:190} INFO - [2025-05-16T05:58:28.284+0000] {dag.py:4180} INFO - Setting next_dagrun for example_branch_labels to 2025-05-15 00:00:00+00:00, run_after=2025-05-16 00:00:00+00:00
[2025-05-16T05:58:28.442+0000] {processor.py:208} INFO - Processing /home/airflow/.local/lib/python3.12/site-packages/airflow/example_dags/example_branch_labels.py took 0.541 seconds
[2025-05-16T05:59:04.812+0000] {processor.py:186} INFO - Started process (PID=2680) to work on /home/airflow/.local/lib/python3.12/site-packages/airflow/example_dags/example_branch_labels.py
[2025-05-16T05:59:04.819+0000] {processor.py:914} INFO - Processing file /home/airflow/.local/lib/python3.12/site-packages/airflow/example_dags/example_branch_labels.py for tasks to queue
[2025-05-16T05:59:04.837+0000] {logging_mixin.py:190} INFO - [2025-05-16T05:59:04.836+0000] {dagbag.py:588} INFO - Filling up the DagBag from /home/airflow/.local/lib/python3.12/site-packages/airflow/example_dags/example_branch_labels.py
[2025-05-16T05:59:04.868+0000] {processor.py:925} INFO - DAG(s) 'example_branch_labels' retrieved from /home/airflow/.local/lib/python3.12/site-packages/airflow/example_dags/example_branch_labels.py
[2025-05-16T05:59:04.962+0000] {logging_mixin.py:190} INFO - [2025-05-16T05:59:04.962+0000] {dag.py:3239} INFO - Sync 1 DAGs
[2025-05-16T05:59:05.058+0000] {logging_mixin.py:190} INFO - [2025-05-16T05:59:05.057+0000] {dag.py:4180} INFO - Setting next_dagrun for example_branch_labels to 2025-05-15 00:00:00+00:00, run_after=2025-05-16 00:00:00+00:00
[2025-05-16T05:59:05.159+0000] {processor.py:208} INFO - Processing /home/airflow/.local/lib/python3.12/site-packages/airflow/example_dags/example_branch_labels.py took 0.368 seconds
[2025-05-16T05:59:45.940+0000] {processor.py:186} INFO - Started process (PID=2750) to work on /home/airflow/.local/lib/python3.12/site-packages/airflow/example_dags/example_branch_labels.py
[2025-05-16T05:59:45.944+0000] {processor.py:914} INFO - Processing file /home/airflow/.local/lib/python3.12/site-packages/airflow/example_dags/example_branch_labels.py for tasks to queue
[2025-05-16T05:59:45.952+0000] {logging_mixin.py:190} INFO - [2025-05-16T05:59:45.951+0000] {dagbag.py:588} INFO - Filling up the DagBag from /home/airflow/.local/lib/python3.12/site-packages/airflow/example_dags/example_branch_labels.py
[2025-05-16T05:59:45.980+0000] {processor.py:925} INFO - DAG(s) 'example_branch_labels' retrieved from /home/airflow/.local/lib/python3.12/site-packages/airflow/example_dags/example_branch_labels.py
[2025-05-16T05:59:46.045+0000] {logging_mixin.py:190} INFO - [2025-05-16T05:59:46.044+0000] {dag.py:3239} INFO - Sync 1 DAGs
[2025-05-16T05:59:46.158+0000] {logging_mixin.py:190} INFO - [2025-05-16T05:59:46.157+0000] {dag.py:4180} INFO - Setting next_dagrun for example_branch_labels to 2025-05-15 00:00:00+00:00, run_after=2025-05-16 00:00:00+00:00
[2025-05-16T05:59:46.224+0000] {processor.py:208} INFO - Processing /home/airflow/.local/lib/python3.12/site-packages/airflow/example_dags/example_branch_labels.py took 0.300 seconds
[2025-05-16T06:00:17.096+0000] {processor.py:186} INFO - Started process (PID=2816) to work on /home/airflow/.local/lib/python3.12/site-packages/airflow/example_dags/example_branch_labels.py
[2025-05-16T06:00:17.100+0000] {processor.py:914} INFO - Processing file /home/airflow/.local/lib/python3.12/site-packages/airflow/example_dags/example_branch_labels.py for tasks to queue
[2025-05-16T06:00:17.107+0000] {logging_mixin.py:190} INFO - [2025-05-16T06:00:17.106+0000] {dagbag.py:588} INFO - Filling up the DagBag from /home/airflow/.local/lib/python3.12/site-packages/airflow/example_dags/example_branch_labels.py
[2025-05-16T06:00:17.138+0000] {processor.py:925} INFO - DAG(s) 'example_branch_labels' retrieved from /home/airflow/.local/lib/python3.12/site-packages/airflow/example_dags/example_branch_labels.py
[2025-05-16T06:00:17.200+0000] {logging_mixin.py:190} INFO - [2025-05-16T06:00:17.199+0000] {dag.py:3239} INFO - Sync 1 DAGs
[2025-05-16T06:00:17.243+0000] {logging_mixin.py:190} INFO - [2025-05-16T06:00:17.242+0000] {dag.py:4180} INFO - Setting next_dagrun for example_branch_labels to 2025-05-15 00:00:00+00:00, run_after=2025-05-16 00:00:00+00:00
[2025-05-16T06:00:17.291+0000] {processor.py:208} INFO - Processing /home/airflow/.local/lib/python3.12/site-packages/airflow/example_dags/example_branch_labels.py took 0.211 seconds
[2025-05-16T06:00:57.951+0000] {processor.py:186} INFO - Started process (PID=2880) to work on /home/airflow/.local/lib/python3.12/site-packages/airflow/example_dags/example_branch_labels.py
[2025-05-16T06:00:57.956+0000] {processor.py:914} INFO - Processing file /home/airflow/.local/lib/python3.12/site-packages/airflow/example_dags/example_branch_labels.py for tasks to queue
[2025-05-16T06:00:57.968+0000] {logging_mixin.py:190} INFO - [2025-05-16T06:00:57.967+0000] {dagbag.py:588} INFO - Filling up the DagBag from /home/airflow/.local/lib/python3.12/site-packages/airflow/example_dags/example_branch_labels.py
[2025-05-16T06:00:58.007+0000] {processor.py:925} INFO - DAG(s) 'example_branch_labels' retrieved from /home/airflow/.local/lib/python3.12/site-packages/airflow/example_dags/example_branch_labels.py
[2025-05-16T06:00:58.159+0000] {logging_mixin.py:190} INFO - [2025-05-16T06:00:58.157+0000] {dag.py:3239} INFO - Sync 1 DAGs
[2025-05-16T06:00:58.324+0000] {logging_mixin.py:190} INFO - [2025-05-16T06:00:58.323+0000] {dag.py:4180} INFO - Setting next_dagrun for example_branch_labels to 2025-05-15 00:00:00+00:00, run_after=2025-05-16 00:00:00+00:00
[2025-05-16T06:00:58.619+0000] {processor.py:208} INFO - Processing /home/airflow/.local/lib/python3.12/site-packages/airflow/example_dags/example_branch_labels.py took 0.696 seconds
[2025-05-16T06:01:36.365+0000] {processor.py:186} INFO - Started process (PID=2952) to work on /home/airflow/.local/lib/python3.12/site-packages/airflow/example_dags/example_branch_labels.py
[2025-05-16T06:01:36.374+0000] {processor.py:914} INFO - Processing file /home/airflow/.local/lib/python3.12/site-packages/airflow/example_dags/example_branch_labels.py for tasks to queue
[2025-05-16T06:01:36.386+0000] {logging_mixin.py:190} INFO - [2025-05-16T06:01:36.385+0000] {dagbag.py:588} INFO - Filling up the DagBag from /home/airflow/.local/lib/python3.12/site-packages/airflow/example_dags/example_branch_labels.py
[2025-05-16T06:01:36.423+0000] {processor.py:925} INFO - DAG(s) 'example_branch_labels' retrieved from /home/airflow/.local/lib/python3.12/site-packages/airflow/example_dags/example_branch_labels.py
[2025-05-16T06:01:36.503+0000] {logging_mixin.py:190} INFO - [2025-05-16T06:01:36.502+0000] {dag.py:3239} INFO - Sync 1 DAGs
[2025-05-16T06:01:36.618+0000] {logging_mixin.py:190} INFO - [2025-05-16T06:01:36.617+0000] {dag.py:4180} INFO - Setting next_dagrun for example_branch_labels to 2025-05-15 00:00:00+00:00, run_after=2025-05-16 00:00:00+00:00
[2025-05-16T06:01:36.683+0000] {processor.py:208} INFO - Processing /home/airflow/.local/lib/python3.12/site-packages/airflow/example_dags/example_branch_labels.py took 0.336 seconds
[2025-05-16T06:02:11.440+0000] {processor.py:186} INFO - Started process (PID=3018) to work on /home/airflow/.local/lib/python3.12/site-packages/airflow/example_dags/example_branch_labels.py
[2025-05-16T06:02:11.448+0000] {processor.py:914} INFO - Processing file /home/airflow/.local/lib/python3.12/site-packages/airflow/example_dags/example_branch_labels.py for tasks to queue
[2025-05-16T06:02:11.468+0000] {logging_mixin.py:190} INFO - [2025-05-16T06:02:11.467+0000] {dagbag.py:588} INFO - Filling up the DagBag from /home/airflow/.local/lib/python3.12/site-packages/airflow/example_dags/example_branch_labels.py
[2025-05-16T06:02:11.507+0000] {processor.py:925} INFO - DAG(s) 'example_branch_labels' retrieved from /home/airflow/.local/lib/python3.12/site-packages/airflow/example_dags/example_branch_labels.py
[2025-05-16T06:02:11.657+0000] {logging_mixin.py:190} INFO - [2025-05-16T06:02:11.656+0000] {dag.py:3239} INFO - Sync 1 DAGs
[2025-05-16T06:02:11.809+0000] {logging_mixin.py:190} INFO - [2025-05-16T06:02:11.808+0000] {dag.py:4180} INFO - Setting next_dagrun for example_branch_labels to 2025-05-15 00:00:00+00:00, run_after=2025-05-16 00:00:00+00:00
[2025-05-16T06:02:11.942+0000] {processor.py:208} INFO - Processing /home/airflow/.local/lib/python3.12/site-packages/airflow/example_dags/example_branch_labels.py took 0.527 seconds
[2025-05-16T06:03:21.121+0000] {processor.py:186} INFO - Started process (PID=3103) to work on /home/airflow/.local/lib/python3.12/site-packages/airflow/example_dags/example_branch_labels.py
[2025-05-16T06:03:21.146+0000] {processor.py:914} INFO - Processing file /home/airflow/.local/lib/python3.12/site-packages/airflow/example_dags/example_branch_labels.py for tasks to queue
[2025-05-16T06:03:21.170+0000] {logging_mixin.py:190} INFO - [2025-05-16T06:03:21.168+0000] {dagbag.py:588} INFO - Filling up the DagBag from /home/airflow/.local/lib/python3.12/site-packages/airflow/example_dags/example_branch_labels.py
[2025-05-16T06:03:21.246+0000] {processor.py:925} INFO - DAG(s) 'example_branch_labels' retrieved from /home/airflow/.local/lib/python3.12/site-packages/airflow/example_dags/example_branch_labels.py
[2025-05-16T06:03:21.457+0000] {logging_mixin.py:190} INFO - [2025-05-16T06:03:21.456+0000] {dag.py:3239} INFO - Sync 1 DAGs
[2025-05-16T06:03:21.709+0000] {logging_mixin.py:190} INFO - [2025-05-16T06:03:21.708+0000] {dag.py:4180} INFO - Setting next_dagrun for example_branch_labels to 2025-05-15 00:00:00+00:00, run_after=2025-05-16 00:00:00+00:00
[2025-05-16T06:03:21.886+0000] {processor.py:208} INFO - Processing /home/airflow/.local/lib/python3.12/site-packages/airflow/example_dags/example_branch_labels.py took 0.806 seconds
