[2025-05-16T04:28:22.247+0000] {processor.py:186} INFO - Started process (PID=112) to work on /home/airflow/.local/lib/python3.12/site-packages/airflow/example_dags/example_xcomargs.py
[2025-05-16T04:28:22.252+0000] {processor.py:914} INFO - Processing file /home/airflow/.local/lib/python3.12/site-packages/airflow/example_dags/example_xcomargs.py for tasks to queue
[2025-05-16T04:28:22.279+0000] {logging_mixin.py:190} INFO - [2025-05-16T04:28:22.274+0000] {dagbag.py:588} INFO - Filling up the DagBag from /home/airflow/.local/lib/python3.12/site-packages/airflow/example_dags/example_xcomargs.py
[2025-05-16T04:28:22.330+0000] {processor.py:925} INFO - DAG(s) 'example_xcom_args_with_operators', 'example_xcom_args' retrieved from /home/airflow/.local/lib/python3.12/site-packages/airflow/example_dags/example_xcomargs.py
[2025-05-16T04:28:22.525+0000] {logging_mixin.py:190} INFO - [2025-05-16T04:28:22.525+0000] {dag.py:3239} INFO - Sync 2 DAGs
[2025-05-16T04:28:22.578+0000] {logging_mixin.py:190} INFO - [2025-05-16T04:28:22.577+0000] {dag.py:4180} INFO - Setting next_dagrun for example_xcom_args to None, run_after=None
[2025-05-16T04:28:22.604+0000] {logging_mixin.py:190} INFO - [2025-05-16T04:28:22.601+0000] {dag.py:4180} INFO - Setting next_dagrun for example_xcom_args_with_operators to None, run_after=None
[2025-05-16T04:28:22.668+0000] {processor.py:208} INFO - Processing /home/airflow/.local/lib/python3.12/site-packages/airflow/example_dags/example_xcomargs.py took 0.450 seconds
[2025-05-16T04:29:29.173+0000] {processor.py:186} INFO - Started process (PID=191) to work on /home/airflow/.local/lib/python3.12/site-packages/airflow/example_dags/example_xcomargs.py
[2025-05-16T04:29:29.206+0000] {processor.py:914} INFO - Processing file /home/airflow/.local/lib/python3.12/site-packages/airflow/example_dags/example_xcomargs.py for tasks to queue
[2025-05-16T04:29:29.217+0000] {logging_mixin.py:190} INFO - [2025-05-16T04:29:29.215+0000] {dagbag.py:588} INFO - Filling up the DagBag from /home/airflow/.local/lib/python3.12/site-packages/airflow/example_dags/example_xcomargs.py
[2025-05-16T04:29:29.273+0000] {processor.py:925} INFO - DAG(s) 'example_xcom_args_with_operators', 'example_xcom_args' retrieved from /home/airflow/.local/lib/python3.12/site-packages/airflow/example_dags/example_xcomargs.py
[2025-05-16T04:29:29.430+0000] {logging_mixin.py:190} INFO - [2025-05-16T04:29:29.429+0000] {dag.py:3239} INFO - Sync 2 DAGs
[2025-05-16T04:29:29.556+0000] {logging_mixin.py:190} INFO - [2025-05-16T04:29:29.555+0000] {dag.py:4180} INFO - Setting next_dagrun for example_xcom_args to None, run_after=None
[2025-05-16T04:29:29.582+0000] {logging_mixin.py:190} INFO - [2025-05-16T04:29:29.581+0000] {dag.py:4180} INFO - Setting next_dagrun for example_xcom_args_with_operators to None, run_after=None
[2025-05-16T04:29:29.794+0000] {processor.py:208} INFO - Processing /home/airflow/.local/lib/python3.12/site-packages/airflow/example_dags/example_xcomargs.py took 0.726 seconds
[2025-05-16T04:30:14.848+0000] {processor.py:186} INFO - Started process (PID=257) to work on /home/airflow/.local/lib/python3.12/site-packages/airflow/example_dags/example_xcomargs.py
[2025-05-16T04:30:14.853+0000] {processor.py:914} INFO - Processing file /home/airflow/.local/lib/python3.12/site-packages/airflow/example_dags/example_xcomargs.py for tasks to queue
[2025-05-16T04:30:14.871+0000] {logging_mixin.py:190} INFO - [2025-05-16T04:30:14.868+0000] {dagbag.py:588} INFO - Filling up the DagBag from /home/airflow/.local/lib/python3.12/site-packages/airflow/example_dags/example_xcomargs.py
[2025-05-16T04:30:14.912+0000] {processor.py:925} INFO - DAG(s) 'example_xcom_args', 'example_xcom_args_with_operators' retrieved from /home/airflow/.local/lib/python3.12/site-packages/airflow/example_dags/example_xcomargs.py
[2025-05-16T04:30:15.072+0000] {logging_mixin.py:190} INFO - [2025-05-16T04:30:15.071+0000] {dag.py:3239} INFO - Sync 2 DAGs
[2025-05-16T04:30:15.139+0000] {logging_mixin.py:190} INFO - [2025-05-16T04:30:15.138+0000] {dag.py:4180} INFO - Setting next_dagrun for example_xcom_args to None, run_after=None
[2025-05-16T04:30:15.169+0000] {logging_mixin.py:190} INFO - [2025-05-16T04:30:15.167+0000] {dag.py:4180} INFO - Setting next_dagrun for example_xcom_args_with_operators to None, run_after=None
[2025-05-16T04:30:15.294+0000] {processor.py:208} INFO - Processing /home/airflow/.local/lib/python3.12/site-packages/airflow/example_dags/example_xcomargs.py took 0.470 seconds
[2025-05-16T04:30:52.850+0000] {processor.py:186} INFO - Started process (PID=323) to work on /home/airflow/.local/lib/python3.12/site-packages/airflow/example_dags/example_xcomargs.py
[2025-05-16T04:30:52.880+0000] {processor.py:914} INFO - Processing file /home/airflow/.local/lib/python3.12/site-packages/airflow/example_dags/example_xcomargs.py for tasks to queue
[2025-05-16T04:30:52.918+0000] {logging_mixin.py:190} INFO - [2025-05-16T04:30:52.911+0000] {dagbag.py:588} INFO - Filling up the DagBag from /home/airflow/.local/lib/python3.12/site-packages/airflow/example_dags/example_xcomargs.py
[2025-05-16T04:30:53.166+0000] {processor.py:925} INFO - DAG(s) 'example_xcom_args', 'example_xcom_args_with_operators' retrieved from /home/airflow/.local/lib/python3.12/site-packages/airflow/example_dags/example_xcomargs.py
[2025-05-16T04:30:53.513+0000] {logging_mixin.py:190} INFO - [2025-05-16T04:30:53.511+0000] {dag.py:3239} INFO - Sync 2 DAGs
[2025-05-16T04:30:53.904+0000] {logging_mixin.py:190} INFO - [2025-05-16T04:30:53.890+0000] {dag.py:4180} INFO - Setting next_dagrun for example_xcom_args to None, run_after=None
[2025-05-16T04:30:53.984+0000] {logging_mixin.py:190} INFO - [2025-05-16T04:30:53.972+0000] {dag.py:4180} INFO - Setting next_dagrun for example_xcom_args_with_operators to None, run_after=None
[2025-05-16T04:30:54.351+0000] {processor.py:208} INFO - Processing /home/airflow/.local/lib/python3.12/site-packages/airflow/example_dags/example_xcomargs.py took 1.543 seconds
[2025-05-16T04:32:06.043+0000] {processor.py:186} INFO - Started process (PID=406) to work on /home/airflow/.local/lib/python3.12/site-packages/airflow/example_dags/example_xcomargs.py
[2025-05-16T04:32:06.073+0000] {processor.py:914} INFO - Processing file /home/airflow/.local/lib/python3.12/site-packages/airflow/example_dags/example_xcomargs.py for tasks to queue
[2025-05-16T04:32:06.099+0000] {logging_mixin.py:190} INFO - [2025-05-16T04:32:06.095+0000] {dagbag.py:588} INFO - Filling up the DagBag from /home/airflow/.local/lib/python3.12/site-packages/airflow/example_dags/example_xcomargs.py
[2025-05-16T04:32:06.342+0000] {processor.py:925} INFO - DAG(s) 'example_xcom_args_with_operators', 'example_xcom_args' retrieved from /home/airflow/.local/lib/python3.12/site-packages/airflow/example_dags/example_xcomargs.py
[2025-05-16T04:32:06.728+0000] {logging_mixin.py:190} INFO - [2025-05-16T04:32:06.726+0000] {dag.py:3239} INFO - Sync 2 DAGs
[2025-05-16T04:32:06.839+0000] {logging_mixin.py:190} INFO - [2025-05-16T04:32:06.839+0000] {dag.py:4180} INFO - Setting next_dagrun for example_xcom_args to None, run_after=None
[2025-05-16T04:32:06.882+0000] {logging_mixin.py:190} INFO - [2025-05-16T04:32:06.880+0000] {dag.py:4180} INFO - Setting next_dagrun for example_xcom_args_with_operators to None, run_after=None
[2025-05-16T04:32:07.194+0000] {processor.py:208} INFO - Processing /home/airflow/.local/lib/python3.12/site-packages/airflow/example_dags/example_xcomargs.py took 1.184 seconds
[2025-05-16T04:33:08.606+0000] {processor.py:186} INFO - Started process (PID=480) to work on /home/airflow/.local/lib/python3.12/site-packages/airflow/example_dags/example_xcomargs.py
[2025-05-16T04:33:08.612+0000] {processor.py:914} INFO - Processing file /home/airflow/.local/lib/python3.12/site-packages/airflow/example_dags/example_xcomargs.py for tasks to queue
[2025-05-16T04:33:08.624+0000] {logging_mixin.py:190} INFO - [2025-05-16T04:33:08.623+0000] {dagbag.py:588} INFO - Filling up the DagBag from /home/airflow/.local/lib/python3.12/site-packages/airflow/example_dags/example_xcomargs.py
[2025-05-16T04:33:08.665+0000] {processor.py:925} INFO - DAG(s) 'example_xcom_args_with_operators', 'example_xcom_args' retrieved from /home/airflow/.local/lib/python3.12/site-packages/airflow/example_dags/example_xcomargs.py
[2025-05-16T04:33:08.740+0000] {logging_mixin.py:190} INFO - [2025-05-16T04:33:08.740+0000] {dag.py:3239} INFO - Sync 2 DAGs
[2025-05-16T04:33:08.783+0000] {logging_mixin.py:190} INFO - [2025-05-16T04:33:08.783+0000] {dag.py:4180} INFO - Setting next_dagrun for example_xcom_args to None, run_after=None
[2025-05-16T04:33:08.805+0000] {logging_mixin.py:190} INFO - [2025-05-16T04:33:08.804+0000] {dag.py:4180} INFO - Setting next_dagrun for example_xcom_args_with_operators to None, run_after=None
[2025-05-16T04:33:08.861+0000] {processor.py:208} INFO - Processing /home/airflow/.local/lib/python3.12/site-packages/airflow/example_dags/example_xcomargs.py took 0.270 seconds
[2025-05-16T04:34:27.321+0000] {processor.py:186} INFO - Started process (PID=557) to work on /home/airflow/.local/lib/python3.12/site-packages/airflow/example_dags/example_xcomargs.py
[2025-05-16T04:34:27.329+0000] {processor.py:914} INFO - Processing file /home/airflow/.local/lib/python3.12/site-packages/airflow/example_dags/example_xcomargs.py for tasks to queue
[2025-05-16T04:34:27.359+0000] {logging_mixin.py:190} INFO - [2025-05-16T04:34:27.358+0000] {dagbag.py:588} INFO - Filling up the DagBag from /home/airflow/.local/lib/python3.12/site-packages/airflow/example_dags/example_xcomargs.py
[2025-05-16T04:34:27.420+0000] {processor.py:925} INFO - DAG(s) 'example_xcom_args_with_operators', 'example_xcom_args' retrieved from /home/airflow/.local/lib/python3.12/site-packages/airflow/example_dags/example_xcomargs.py
[2025-05-16T04:34:27.558+0000] {logging_mixin.py:190} INFO - [2025-05-16T04:34:27.556+0000] {dag.py:3239} INFO - Sync 2 DAGs
[2025-05-16T04:34:27.670+0000] {logging_mixin.py:190} INFO - [2025-05-16T04:34:27.669+0000] {dag.py:4180} INFO - Setting next_dagrun for example_xcom_args to None, run_after=None
[2025-05-16T04:34:27.712+0000] {logging_mixin.py:190} INFO - [2025-05-16T04:34:27.711+0000] {dag.py:4180} INFO - Setting next_dagrun for example_xcom_args_with_operators to None, run_after=None
[2025-05-16T04:34:27.860+0000] {processor.py:208} INFO - Processing /home/airflow/.local/lib/python3.12/site-packages/airflow/example_dags/example_xcomargs.py took 0.571 seconds
[2025-05-16T04:35:09.675+0000] {processor.py:186} INFO - Started process (PID=629) to work on /home/airflow/.local/lib/python3.12/site-packages/airflow/example_dags/example_xcomargs.py
[2025-05-16T04:35:09.682+0000] {processor.py:914} INFO - Processing file /home/airflow/.local/lib/python3.12/site-packages/airflow/example_dags/example_xcomargs.py for tasks to queue
[2025-05-16T04:35:09.696+0000] {logging_mixin.py:190} INFO - [2025-05-16T04:35:09.695+0000] {dagbag.py:588} INFO - Filling up the DagBag from /home/airflow/.local/lib/python3.12/site-packages/airflow/example_dags/example_xcomargs.py
[2025-05-16T04:35:09.736+0000] {processor.py:925} INFO - DAG(s) 'example_xcom_args_with_operators', 'example_xcom_args' retrieved from /home/airflow/.local/lib/python3.12/site-packages/airflow/example_dags/example_xcomargs.py
[2025-05-16T04:35:09.888+0000] {logging_mixin.py:190} INFO - [2025-05-16T04:35:09.886+0000] {dag.py:3239} INFO - Sync 2 DAGs
[2025-05-16T04:35:09.967+0000] {logging_mixin.py:190} INFO - [2025-05-16T04:35:09.966+0000] {dag.py:4180} INFO - Setting next_dagrun for example_xcom_args to None, run_after=None
[2025-05-16T04:35:09.988+0000] {logging_mixin.py:190} INFO - [2025-05-16T04:35:09.985+0000] {dag.py:4180} INFO - Setting next_dagrun for example_xcom_args_with_operators to None, run_after=None
[2025-05-16T04:35:10.115+0000] {processor.py:208} INFO - Processing /home/airflow/.local/lib/python3.12/site-packages/airflow/example_dags/example_xcomargs.py took 0.457 seconds
[2025-05-16T04:35:54.685+0000] {processor.py:186} INFO - Started process (PID=695) to work on /home/airflow/.local/lib/python3.12/site-packages/airflow/example_dags/example_xcomargs.py
[2025-05-16T04:35:54.698+0000] {processor.py:914} INFO - Processing file /home/airflow/.local/lib/python3.12/site-packages/airflow/example_dags/example_xcomargs.py for tasks to queue
[2025-05-16T04:35:54.744+0000] {logging_mixin.py:190} INFO - [2025-05-16T04:35:54.730+0000] {dagbag.py:588} INFO - Filling up the DagBag from /home/airflow/.local/lib/python3.12/site-packages/airflow/example_dags/example_xcomargs.py
[2025-05-16T04:35:54.895+0000] {processor.py:925} INFO - DAG(s) 'example_xcom_args', 'example_xcom_args_with_operators' retrieved from /home/airflow/.local/lib/python3.12/site-packages/airflow/example_dags/example_xcomargs.py
[2025-05-16T04:35:55.064+0000] {logging_mixin.py:190} INFO - [2025-05-16T04:35:55.063+0000] {dag.py:3239} INFO - Sync 2 DAGs
[2025-05-16T04:35:55.115+0000] {logging_mixin.py:190} INFO - [2025-05-16T04:35:55.114+0000] {dag.py:4180} INFO - Setting next_dagrun for example_xcom_args to None, run_after=None
[2025-05-16T04:35:55.132+0000] {logging_mixin.py:190} INFO - [2025-05-16T04:35:55.132+0000] {dag.py:4180} INFO - Setting next_dagrun for example_xcom_args_with_operators to None, run_after=None
[2025-05-16T04:35:55.202+0000] {processor.py:208} INFO - Processing /home/airflow/.local/lib/python3.12/site-packages/airflow/example_dags/example_xcomargs.py took 0.533 seconds
[2025-05-16T04:36:29.447+0000] {processor.py:186} INFO - Started process (PID=760) to work on /home/airflow/.local/lib/python3.12/site-packages/airflow/example_dags/example_xcomargs.py
[2025-05-16T04:36:29.455+0000] {processor.py:914} INFO - Processing file /home/airflow/.local/lib/python3.12/site-packages/airflow/example_dags/example_xcomargs.py for tasks to queue
[2025-05-16T04:36:29.471+0000] {logging_mixin.py:190} INFO - [2025-05-16T04:36:29.470+0000] {dagbag.py:588} INFO - Filling up the DagBag from /home/airflow/.local/lib/python3.12/site-packages/airflow/example_dags/example_xcomargs.py
[2025-05-16T04:36:29.507+0000] {processor.py:925} INFO - DAG(s) 'example_xcom_args', 'example_xcom_args_with_operators' retrieved from /home/airflow/.local/lib/python3.12/site-packages/airflow/example_dags/example_xcomargs.py
[2025-05-16T04:36:29.629+0000] {logging_mixin.py:190} INFO - [2025-05-16T04:36:29.628+0000] {dag.py:3239} INFO - Sync 2 DAGs
[2025-05-16T04:36:29.693+0000] {logging_mixin.py:190} INFO - [2025-05-16T04:36:29.693+0000] {dag.py:4180} INFO - Setting next_dagrun for example_xcom_args to None, run_after=None
[2025-05-16T04:36:29.716+0000] {logging_mixin.py:190} INFO - [2025-05-16T04:36:29.715+0000] {dag.py:4180} INFO - Setting next_dagrun for example_xcom_args_with_operators to None, run_after=None
[2025-05-16T04:36:29.826+0000] {processor.py:208} INFO - Processing /home/airflow/.local/lib/python3.12/site-packages/airflow/example_dags/example_xcomargs.py took 0.399 seconds
[2025-05-16T04:37:43.009+0000] {processor.py:186} INFO - Started process (PID=840) to work on /home/airflow/.local/lib/python3.12/site-packages/airflow/example_dags/example_xcomargs.py
[2025-05-16T04:37:43.016+0000] {processor.py:914} INFO - Processing file /home/airflow/.local/lib/python3.12/site-packages/airflow/example_dags/example_xcomargs.py for tasks to queue
[2025-05-16T04:37:43.050+0000] {logging_mixin.py:190} INFO - [2025-05-16T04:37:43.049+0000] {dagbag.py:588} INFO - Filling up the DagBag from /home/airflow/.local/lib/python3.12/site-packages/airflow/example_dags/example_xcomargs.py
[2025-05-16T04:37:43.172+0000] {processor.py:925} INFO - DAG(s) 'example_xcom_args_with_operators', 'example_xcom_args' retrieved from /home/airflow/.local/lib/python3.12/site-packages/airflow/example_dags/example_xcomargs.py
[2025-05-16T04:37:43.455+0000] {logging_mixin.py:190} INFO - [2025-05-16T04:37:43.443+0000] {dag.py:3239} INFO - Sync 2 DAGs
[2025-05-16T04:37:43.699+0000] {logging_mixin.py:190} INFO - [2025-05-16T04:37:43.684+0000] {dag.py:4180} INFO - Setting next_dagrun for example_xcom_args to None, run_after=None
[2025-05-16T04:37:43.897+0000] {logging_mixin.py:190} INFO - [2025-05-16T04:37:43.896+0000] {dag.py:4180} INFO - Setting next_dagrun for example_xcom_args_with_operators to None, run_after=None
[2025-05-16T04:37:44.483+0000] {processor.py:208} INFO - Processing /home/airflow/.local/lib/python3.12/site-packages/airflow/example_dags/example_xcomargs.py took 1.583 seconds
[2025-05-16T05:36:46.773+0000] {processor.py:186} INFO - Started process (PID=119) to work on /home/airflow/.local/lib/python3.12/site-packages/airflow/example_dags/example_xcomargs.py
[2025-05-16T05:36:46.776+0000] {processor.py:914} INFO - Processing file /home/airflow/.local/lib/python3.12/site-packages/airflow/example_dags/example_xcomargs.py for tasks to queue
[2025-05-16T05:36:46.782+0000] {logging_mixin.py:190} INFO - [2025-05-16T05:36:46.781+0000] {dagbag.py:588} INFO - Filling up the DagBag from /home/airflow/.local/lib/python3.12/site-packages/airflow/example_dags/example_xcomargs.py
[2025-05-16T05:36:46.804+0000] {processor.py:925} INFO - DAG(s) 'example_xcom_args', 'example_xcom_args_with_operators' retrieved from /home/airflow/.local/lib/python3.12/site-packages/airflow/example_dags/example_xcomargs.py
[2025-05-16T05:36:46.862+0000] {logging_mixin.py:190} INFO - [2025-05-16T05:36:46.861+0000] {dag.py:3239} INFO - Sync 2 DAGs
[2025-05-16T05:36:46.898+0000] {logging_mixin.py:190} INFO - [2025-05-16T05:36:46.898+0000] {dag.py:4180} INFO - Setting next_dagrun for example_xcom_args to None, run_after=None
[2025-05-16T05:36:46.915+0000] {logging_mixin.py:190} INFO - [2025-05-16T05:36:46.915+0000] {dag.py:4180} INFO - Setting next_dagrun for example_xcom_args_with_operators to None, run_after=None
[2025-05-16T05:36:46.974+0000] {processor.py:208} INFO - Processing /home/airflow/.local/lib/python3.12/site-packages/airflow/example_dags/example_xcomargs.py took 0.212 seconds
[2025-05-16T05:37:17.428+0000] {processor.py:186} INFO - Started process (PID=184) to work on /home/airflow/.local/lib/python3.12/site-packages/airflow/example_dags/example_xcomargs.py
[2025-05-16T05:37:17.431+0000] {processor.py:914} INFO - Processing file /home/airflow/.local/lib/python3.12/site-packages/airflow/example_dags/example_xcomargs.py for tasks to queue
[2025-05-16T05:37:17.436+0000] {logging_mixin.py:190} INFO - [2025-05-16T05:37:17.436+0000] {dagbag.py:588} INFO - Filling up the DagBag from /home/airflow/.local/lib/python3.12/site-packages/airflow/example_dags/example_xcomargs.py
[2025-05-16T05:37:17.454+0000] {processor.py:925} INFO - DAG(s) 'example_xcom_args', 'example_xcom_args_with_operators' retrieved from /home/airflow/.local/lib/python3.12/site-packages/airflow/example_dags/example_xcomargs.py
[2025-05-16T05:37:17.507+0000] {logging_mixin.py:190} INFO - [2025-05-16T05:37:17.507+0000] {dag.py:3239} INFO - Sync 2 DAGs
[2025-05-16T05:37:17.542+0000] {logging_mixin.py:190} INFO - [2025-05-16T05:37:17.542+0000] {dag.py:4180} INFO - Setting next_dagrun for example_xcom_args to None, run_after=None
[2025-05-16T05:37:17.552+0000] {logging_mixin.py:190} INFO - [2025-05-16T05:37:17.552+0000] {dag.py:4180} INFO - Setting next_dagrun for example_xcom_args_with_operators to None, run_after=None
[2025-05-16T05:37:17.590+0000] {processor.py:208} INFO - Processing /home/airflow/.local/lib/python3.12/site-packages/airflow/example_dags/example_xcomargs.py took 0.170 seconds
[2025-05-16T05:37:48.133+0000] {processor.py:186} INFO - Started process (PID=249) to work on /home/airflow/.local/lib/python3.12/site-packages/airflow/example_dags/example_xcomargs.py
[2025-05-16T05:37:48.136+0000] {processor.py:914} INFO - Processing file /home/airflow/.local/lib/python3.12/site-packages/airflow/example_dags/example_xcomargs.py for tasks to queue
[2025-05-16T05:37:48.139+0000] {logging_mixin.py:190} INFO - [2025-05-16T05:37:48.139+0000] {dagbag.py:588} INFO - Filling up the DagBag from /home/airflow/.local/lib/python3.12/site-packages/airflow/example_dags/example_xcomargs.py
[2025-05-16T05:37:48.151+0000] {processor.py:925} INFO - DAG(s) 'example_xcom_args_with_operators', 'example_xcom_args' retrieved from /home/airflow/.local/lib/python3.12/site-packages/airflow/example_dags/example_xcomargs.py
[2025-05-16T05:37:48.191+0000] {logging_mixin.py:190} INFO - [2025-05-16T05:37:48.190+0000] {dag.py:3239} INFO - Sync 2 DAGs
[2025-05-16T05:37:48.215+0000] {logging_mixin.py:190} INFO - [2025-05-16T05:37:48.215+0000] {dag.py:4180} INFO - Setting next_dagrun for example_xcom_args to None, run_after=None
[2025-05-16T05:37:48.220+0000] {logging_mixin.py:190} INFO - [2025-05-16T05:37:48.220+0000] {dag.py:4180} INFO - Setting next_dagrun for example_xcom_args_with_operators to None, run_after=None
[2025-05-16T05:37:48.243+0000] {processor.py:208} INFO - Processing /home/airflow/.local/lib/python3.12/site-packages/airflow/example_dags/example_xcomargs.py took 0.122 seconds
[2025-05-16T05:38:18.362+0000] {processor.py:186} INFO - Started process (PID=315) to work on /home/airflow/.local/lib/python3.12/site-packages/airflow/example_dags/example_xcomargs.py
[2025-05-16T05:38:18.364+0000] {processor.py:914} INFO - Processing file /home/airflow/.local/lib/python3.12/site-packages/airflow/example_dags/example_xcomargs.py for tasks to queue
[2025-05-16T05:38:18.366+0000] {logging_mixin.py:190} INFO - [2025-05-16T05:38:18.366+0000] {dagbag.py:588} INFO - Filling up the DagBag from /home/airflow/.local/lib/python3.12/site-packages/airflow/example_dags/example_xcomargs.py
[2025-05-16T05:38:18.376+0000] {processor.py:925} INFO - DAG(s) 'example_xcom_args_with_operators', 'example_xcom_args' retrieved from /home/airflow/.local/lib/python3.12/site-packages/airflow/example_dags/example_xcomargs.py
[2025-05-16T05:38:18.400+0000] {logging_mixin.py:190} INFO - [2025-05-16T05:38:18.400+0000] {dag.py:3239} INFO - Sync 2 DAGs
[2025-05-16T05:38:18.419+0000] {logging_mixin.py:190} INFO - [2025-05-16T05:38:18.418+0000] {dag.py:4180} INFO - Setting next_dagrun for example_xcom_args to None, run_after=None
[2025-05-16T05:38:18.425+0000] {logging_mixin.py:190} INFO - [2025-05-16T05:38:18.424+0000] {dag.py:4180} INFO - Setting next_dagrun for example_xcom_args_with_operators to None, run_after=None
[2025-05-16T05:38:18.477+0000] {processor.py:208} INFO - Processing /home/airflow/.local/lib/python3.12/site-packages/airflow/example_dags/example_xcomargs.py took 0.120 seconds
[2025-05-16T05:38:49.026+0000] {processor.py:186} INFO - Started process (PID=381) to work on /home/airflow/.local/lib/python3.12/site-packages/airflow/example_dags/example_xcomargs.py
[2025-05-16T05:38:49.028+0000] {processor.py:914} INFO - Processing file /home/airflow/.local/lib/python3.12/site-packages/airflow/example_dags/example_xcomargs.py for tasks to queue
[2025-05-16T05:38:49.031+0000] {logging_mixin.py:190} INFO - [2025-05-16T05:38:49.031+0000] {dagbag.py:588} INFO - Filling up the DagBag from /home/airflow/.local/lib/python3.12/site-packages/airflow/example_dags/example_xcomargs.py
[2025-05-16T05:38:49.045+0000] {processor.py:925} INFO - DAG(s) 'example_xcom_args', 'example_xcom_args_with_operators' retrieved from /home/airflow/.local/lib/python3.12/site-packages/airflow/example_dags/example_xcomargs.py
[2025-05-16T05:38:49.077+0000] {logging_mixin.py:190} INFO - [2025-05-16T05:38:49.076+0000] {dag.py:3239} INFO - Sync 2 DAGs
[2025-05-16T05:38:49.095+0000] {logging_mixin.py:190} INFO - [2025-05-16T05:38:49.095+0000] {dag.py:4180} INFO - Setting next_dagrun for example_xcom_args to None, run_after=None
[2025-05-16T05:38:49.101+0000] {logging_mixin.py:190} INFO - [2025-05-16T05:38:49.100+0000] {dag.py:4180} INFO - Setting next_dagrun for example_xcom_args_with_operators to None, run_after=None
[2025-05-16T05:38:49.123+0000] {processor.py:208} INFO - Processing /home/airflow/.local/lib/python3.12/site-packages/airflow/example_dags/example_xcomargs.py took 0.105 seconds
[2025-05-16T05:39:19.524+0000] {processor.py:186} INFO - Started process (PID=447) to work on /home/airflow/.local/lib/python3.12/site-packages/airflow/example_dags/example_xcomargs.py
[2025-05-16T05:39:19.525+0000] {processor.py:914} INFO - Processing file /home/airflow/.local/lib/python3.12/site-packages/airflow/example_dags/example_xcomargs.py for tasks to queue
[2025-05-16T05:39:19.528+0000] {logging_mixin.py:190} INFO - [2025-05-16T05:39:19.528+0000] {dagbag.py:588} INFO - Filling up the DagBag from /home/airflow/.local/lib/python3.12/site-packages/airflow/example_dags/example_xcomargs.py
[2025-05-16T05:39:19.540+0000] {processor.py:925} INFO - DAG(s) 'example_xcom_args_with_operators', 'example_xcom_args' retrieved from /home/airflow/.local/lib/python3.12/site-packages/airflow/example_dags/example_xcomargs.py
[2025-05-16T05:39:19.566+0000] {logging_mixin.py:190} INFO - [2025-05-16T05:39:19.566+0000] {dag.py:3239} INFO - Sync 2 DAGs
[2025-05-16T05:39:19.581+0000] {logging_mixin.py:190} INFO - [2025-05-16T05:39:19.581+0000] {dag.py:4180} INFO - Setting next_dagrun for example_xcom_args to None, run_after=None
[2025-05-16T05:39:19.585+0000] {logging_mixin.py:190} INFO - [2025-05-16T05:39:19.585+0000] {dag.py:4180} INFO - Setting next_dagrun for example_xcom_args_with_operators to None, run_after=None
[2025-05-16T05:39:19.605+0000] {processor.py:208} INFO - Processing /home/airflow/.local/lib/python3.12/site-packages/airflow/example_dags/example_xcomargs.py took 0.088 seconds
[2025-05-16T05:39:49.751+0000] {processor.py:186} INFO - Started process (PID=513) to work on /home/airflow/.local/lib/python3.12/site-packages/airflow/example_dags/example_xcomargs.py
[2025-05-16T05:39:49.752+0000] {processor.py:914} INFO - Processing file /home/airflow/.local/lib/python3.12/site-packages/airflow/example_dags/example_xcomargs.py for tasks to queue
[2025-05-16T05:39:49.755+0000] {logging_mixin.py:190} INFO - [2025-05-16T05:39:49.755+0000] {dagbag.py:588} INFO - Filling up the DagBag from /home/airflow/.local/lib/python3.12/site-packages/airflow/example_dags/example_xcomargs.py
[2025-05-16T05:39:49.766+0000] {processor.py:925} INFO - DAG(s) 'example_xcom_args', 'example_xcom_args_with_operators' retrieved from /home/airflow/.local/lib/python3.12/site-packages/airflow/example_dags/example_xcomargs.py
[2025-05-16T05:39:49.790+0000] {logging_mixin.py:190} INFO - [2025-05-16T05:39:49.790+0000] {dag.py:3239} INFO - Sync 2 DAGs
[2025-05-16T05:39:49.804+0000] {logging_mixin.py:190} INFO - [2025-05-16T05:39:49.804+0000] {dag.py:4180} INFO - Setting next_dagrun for example_xcom_args to None, run_after=None
[2025-05-16T05:39:49.809+0000] {logging_mixin.py:190} INFO - [2025-05-16T05:39:49.808+0000] {dag.py:4180} INFO - Setting next_dagrun for example_xcom_args_with_operators to None, run_after=None
[2025-05-16T05:39:49.832+0000] {processor.py:208} INFO - Processing /home/airflow/.local/lib/python3.12/site-packages/airflow/example_dags/example_xcomargs.py took 0.087 seconds
[2025-05-16T05:40:20.392+0000] {processor.py:186} INFO - Started process (PID=579) to work on /home/airflow/.local/lib/python3.12/site-packages/airflow/example_dags/example_xcomargs.py
[2025-05-16T05:40:20.393+0000] {processor.py:914} INFO - Processing file /home/airflow/.local/lib/python3.12/site-packages/airflow/example_dags/example_xcomargs.py for tasks to queue
[2025-05-16T05:40:20.396+0000] {logging_mixin.py:190} INFO - [2025-05-16T05:40:20.395+0000] {dagbag.py:588} INFO - Filling up the DagBag from /home/airflow/.local/lib/python3.12/site-packages/airflow/example_dags/example_xcomargs.py
[2025-05-16T05:40:20.408+0000] {processor.py:925} INFO - DAG(s) 'example_xcom_args', 'example_xcom_args_with_operators' retrieved from /home/airflow/.local/lib/python3.12/site-packages/airflow/example_dags/example_xcomargs.py
[2025-05-16T05:40:20.439+0000] {logging_mixin.py:190} INFO - [2025-05-16T05:40:20.438+0000] {dag.py:3239} INFO - Sync 2 DAGs
[2025-05-16T05:40:20.456+0000] {logging_mixin.py:190} INFO - [2025-05-16T05:40:20.456+0000] {dag.py:4180} INFO - Setting next_dagrun for example_xcom_args to None, run_after=None
[2025-05-16T05:40:20.461+0000] {logging_mixin.py:190} INFO - [2025-05-16T05:40:20.461+0000] {dag.py:4180} INFO - Setting next_dagrun for example_xcom_args_with_operators to None, run_after=None
[2025-05-16T05:40:20.487+0000] {processor.py:208} INFO - Processing /home/airflow/.local/lib/python3.12/site-packages/airflow/example_dags/example_xcomargs.py took 0.103 seconds
[2025-05-16T05:40:51.414+0000] {processor.py:186} INFO - Started process (PID=645) to work on /home/airflow/.local/lib/python3.12/site-packages/airflow/example_dags/example_xcomargs.py
[2025-05-16T05:40:51.417+0000] {processor.py:914} INFO - Processing file /home/airflow/.local/lib/python3.12/site-packages/airflow/example_dags/example_xcomargs.py for tasks to queue
[2025-05-16T05:40:51.422+0000] {logging_mixin.py:190} INFO - [2025-05-16T05:40:51.421+0000] {dagbag.py:588} INFO - Filling up the DagBag from /home/airflow/.local/lib/python3.12/site-packages/airflow/example_dags/example_xcomargs.py
[2025-05-16T05:40:51.439+0000] {processor.py:925} INFO - DAG(s) 'example_xcom_args', 'example_xcom_args_with_operators' retrieved from /home/airflow/.local/lib/python3.12/site-packages/airflow/example_dags/example_xcomargs.py
[2025-05-16T05:40:51.492+0000] {logging_mixin.py:190} INFO - [2025-05-16T05:40:51.491+0000] {dag.py:3239} INFO - Sync 2 DAGs
[2025-05-16T05:40:51.531+0000] {logging_mixin.py:190} INFO - [2025-05-16T05:40:51.530+0000] {dag.py:4180} INFO - Setting next_dagrun for example_xcom_args to None, run_after=None
[2025-05-16T05:40:51.542+0000] {logging_mixin.py:190} INFO - [2025-05-16T05:40:51.541+0000] {dag.py:4180} INFO - Setting next_dagrun for example_xcom_args_with_operators to None, run_after=None
[2025-05-16T05:40:51.584+0000] {processor.py:208} INFO - Processing /home/airflow/.local/lib/python3.12/site-packages/airflow/example_dags/example_xcomargs.py took 0.181 seconds
[2025-05-16T05:41:22.341+0000] {processor.py:186} INFO - Started process (PID=711) to work on /home/airflow/.local/lib/python3.12/site-packages/airflow/example_dags/example_xcomargs.py
[2025-05-16T05:41:22.343+0000] {processor.py:914} INFO - Processing file /home/airflow/.local/lib/python3.12/site-packages/airflow/example_dags/example_xcomargs.py for tasks to queue
[2025-05-16T05:41:22.346+0000] {logging_mixin.py:190} INFO - [2025-05-16T05:41:22.345+0000] {dagbag.py:588} INFO - Filling up the DagBag from /home/airflow/.local/lib/python3.12/site-packages/airflow/example_dags/example_xcomargs.py
[2025-05-16T05:41:22.359+0000] {processor.py:925} INFO - DAG(s) 'example_xcom_args_with_operators', 'example_xcom_args' retrieved from /home/airflow/.local/lib/python3.12/site-packages/airflow/example_dags/example_xcomargs.py
[2025-05-16T05:41:22.391+0000] {logging_mixin.py:190} INFO - [2025-05-16T05:41:22.391+0000] {dag.py:3239} INFO - Sync 2 DAGs
[2025-05-16T05:41:22.421+0000] {logging_mixin.py:190} INFO - [2025-05-16T05:41:22.421+0000] {dag.py:4180} INFO - Setting next_dagrun for example_xcom_args to None, run_after=None
[2025-05-16T05:41:22.431+0000] {logging_mixin.py:190} INFO - [2025-05-16T05:41:22.431+0000] {dag.py:4180} INFO - Setting next_dagrun for example_xcom_args_with_operators to None, run_after=None
[2025-05-16T05:41:22.468+0000] {processor.py:208} INFO - Processing /home/airflow/.local/lib/python3.12/site-packages/airflow/example_dags/example_xcomargs.py took 0.134 seconds
[2025-05-16T05:41:52.959+0000] {processor.py:186} INFO - Started process (PID=777) to work on /home/airflow/.local/lib/python3.12/site-packages/airflow/example_dags/example_xcomargs.py
[2025-05-16T05:41:52.962+0000] {processor.py:914} INFO - Processing file /home/airflow/.local/lib/python3.12/site-packages/airflow/example_dags/example_xcomargs.py for tasks to queue
[2025-05-16T05:41:52.966+0000] {logging_mixin.py:190} INFO - [2025-05-16T05:41:52.966+0000] {dagbag.py:588} INFO - Filling up the DagBag from /home/airflow/.local/lib/python3.12/site-packages/airflow/example_dags/example_xcomargs.py
[2025-05-16T05:41:52.988+0000] {processor.py:925} INFO - DAG(s) 'example_xcom_args', 'example_xcom_args_with_operators' retrieved from /home/airflow/.local/lib/python3.12/site-packages/airflow/example_dags/example_xcomargs.py
[2025-05-16T05:41:53.039+0000] {logging_mixin.py:190} INFO - [2025-05-16T05:41:53.039+0000] {dag.py:3239} INFO - Sync 2 DAGs
[2025-05-16T05:41:53.074+0000] {logging_mixin.py:190} INFO - [2025-05-16T05:41:53.073+0000] {dag.py:4180} INFO - Setting next_dagrun for example_xcom_args to None, run_after=None
[2025-05-16T05:41:53.088+0000] {logging_mixin.py:190} INFO - [2025-05-16T05:41:53.087+0000] {dag.py:4180} INFO - Setting next_dagrun for example_xcom_args_with_operators to None, run_after=None
[2025-05-16T05:41:53.134+0000] {processor.py:208} INFO - Processing /home/airflow/.local/lib/python3.12/site-packages/airflow/example_dags/example_xcomargs.py took 0.195 seconds
[2025-05-16T05:42:23.374+0000] {processor.py:186} INFO - Started process (PID=843) to work on /home/airflow/.local/lib/python3.12/site-packages/airflow/example_dags/example_xcomargs.py
[2025-05-16T05:42:23.376+0000] {processor.py:914} INFO - Processing file /home/airflow/.local/lib/python3.12/site-packages/airflow/example_dags/example_xcomargs.py for tasks to queue
[2025-05-16T05:42:23.379+0000] {logging_mixin.py:190} INFO - [2025-05-16T05:42:23.378+0000] {dagbag.py:588} INFO - Filling up the DagBag from /home/airflow/.local/lib/python3.12/site-packages/airflow/example_dags/example_xcomargs.py
[2025-05-16T05:42:23.390+0000] {processor.py:925} INFO - DAG(s) 'example_xcom_args_with_operators', 'example_xcom_args' retrieved from /home/airflow/.local/lib/python3.12/site-packages/airflow/example_dags/example_xcomargs.py
[2025-05-16T05:42:23.414+0000] {logging_mixin.py:190} INFO - [2025-05-16T05:42:23.414+0000] {dag.py:3239} INFO - Sync 2 DAGs
[2025-05-16T05:42:23.429+0000] {logging_mixin.py:190} INFO - [2025-05-16T05:42:23.429+0000] {dag.py:4180} INFO - Setting next_dagrun for example_xcom_args to None, run_after=None
[2025-05-16T05:42:23.434+0000] {logging_mixin.py:190} INFO - [2025-05-16T05:42:23.434+0000] {dag.py:4180} INFO - Setting next_dagrun for example_xcom_args_with_operators to None, run_after=None
[2025-05-16T05:42:23.478+0000] {processor.py:208} INFO - Processing /home/airflow/.local/lib/python3.12/site-packages/airflow/example_dags/example_xcomargs.py took 0.110 seconds
[2025-05-16T05:42:56.845+0000] {processor.py:186} INFO - Started process (PID=914) to work on /home/airflow/.local/lib/python3.12/site-packages/airflow/example_dags/example_xcomargs.py
[2025-05-16T05:42:56.893+0000] {processor.py:914} INFO - Processing file /home/airflow/.local/lib/python3.12/site-packages/airflow/example_dags/example_xcomargs.py for tasks to queue
[2025-05-16T05:42:56.911+0000] {logging_mixin.py:190} INFO - [2025-05-16T05:42:56.909+0000] {dagbag.py:588} INFO - Filling up the DagBag from /home/airflow/.local/lib/python3.12/site-packages/airflow/example_dags/example_xcomargs.py
[2025-05-16T05:42:56.965+0000] {processor.py:925} INFO - DAG(s) 'example_xcom_args_with_operators', 'example_xcom_args' retrieved from /home/airflow/.local/lib/python3.12/site-packages/airflow/example_dags/example_xcomargs.py
[2025-05-16T05:42:57.086+0000] {logging_mixin.py:190} INFO - [2025-05-16T05:42:57.085+0000] {dag.py:3239} INFO - Sync 2 DAGs
[2025-05-16T05:42:57.187+0000] {logging_mixin.py:190} INFO - [2025-05-16T05:42:57.186+0000] {dag.py:4180} INFO - Setting next_dagrun for example_xcom_args to None, run_after=None
[2025-05-16T05:42:57.305+0000] {logging_mixin.py:190} INFO - [2025-05-16T05:42:57.304+0000] {dag.py:4180} INFO - Setting next_dagrun for example_xcom_args_with_operators to None, run_after=None
[2025-05-16T05:42:57.426+0000] {processor.py:208} INFO - Processing /home/airflow/.local/lib/python3.12/site-packages/airflow/example_dags/example_xcomargs.py took 0.598 seconds
[2025-05-16T05:43:27.688+0000] {processor.py:186} INFO - Started process (PID=980) to work on /home/airflow/.local/lib/python3.12/site-packages/airflow/example_dags/example_xcomargs.py
[2025-05-16T05:43:27.690+0000] {processor.py:914} INFO - Processing file /home/airflow/.local/lib/python3.12/site-packages/airflow/example_dags/example_xcomargs.py for tasks to queue
[2025-05-16T05:43:27.692+0000] {logging_mixin.py:190} INFO - [2025-05-16T05:43:27.692+0000] {dagbag.py:588} INFO - Filling up the DagBag from /home/airflow/.local/lib/python3.12/site-packages/airflow/example_dags/example_xcomargs.py
[2025-05-16T05:43:27.704+0000] {processor.py:925} INFO - DAG(s) 'example_xcom_args_with_operators', 'example_xcom_args' retrieved from /home/airflow/.local/lib/python3.12/site-packages/airflow/example_dags/example_xcomargs.py
[2025-05-16T05:43:27.743+0000] {logging_mixin.py:190} INFO - [2025-05-16T05:43:27.743+0000] {dag.py:3239} INFO - Sync 2 DAGs
[2025-05-16T05:43:27.759+0000] {logging_mixin.py:190} INFO - [2025-05-16T05:43:27.759+0000] {dag.py:4180} INFO - Setting next_dagrun for example_xcom_args to None, run_after=None
[2025-05-16T05:43:27.764+0000] {logging_mixin.py:190} INFO - [2025-05-16T05:43:27.764+0000] {dag.py:4180} INFO - Setting next_dagrun for example_xcom_args_with_operators to None, run_after=None
[2025-05-16T05:43:27.788+0000] {processor.py:208} INFO - Processing /home/airflow/.local/lib/python3.12/site-packages/airflow/example_dags/example_xcomargs.py took 0.107 seconds
[2025-05-16T05:43:58.365+0000] {processor.py:186} INFO - Started process (PID=1046) to work on /home/airflow/.local/lib/python3.12/site-packages/airflow/example_dags/example_xcomargs.py
[2025-05-16T05:43:58.369+0000] {processor.py:914} INFO - Processing file /home/airflow/.local/lib/python3.12/site-packages/airflow/example_dags/example_xcomargs.py for tasks to queue
[2025-05-16T05:43:58.381+0000] {logging_mixin.py:190} INFO - [2025-05-16T05:43:58.380+0000] {dagbag.py:588} INFO - Filling up the DagBag from /home/airflow/.local/lib/python3.12/site-packages/airflow/example_dags/example_xcomargs.py
[2025-05-16T05:43:58.415+0000] {processor.py:925} INFO - DAG(s) 'example_xcom_args_with_operators', 'example_xcom_args' retrieved from /home/airflow/.local/lib/python3.12/site-packages/airflow/example_dags/example_xcomargs.py
[2025-05-16T05:43:58.508+0000] {logging_mixin.py:190} INFO - [2025-05-16T05:43:58.507+0000] {dag.py:3239} INFO - Sync 2 DAGs
[2025-05-16T05:43:58.570+0000] {logging_mixin.py:190} INFO - [2025-05-16T05:43:58.570+0000] {dag.py:4180} INFO - Setting next_dagrun for example_xcom_args to None, run_after=None
[2025-05-16T05:43:58.605+0000] {logging_mixin.py:190} INFO - [2025-05-16T05:43:58.605+0000] {dag.py:4180} INFO - Setting next_dagrun for example_xcom_args_with_operators to None, run_after=None
[2025-05-16T05:43:58.689+0000] {processor.py:208} INFO - Processing /home/airflow/.local/lib/python3.12/site-packages/airflow/example_dags/example_xcomargs.py took 0.342 seconds
[2025-05-16T05:44:29.014+0000] {processor.py:186} INFO - Started process (PID=1112) to work on /home/airflow/.local/lib/python3.12/site-packages/airflow/example_dags/example_xcomargs.py
[2025-05-16T05:44:29.016+0000] {processor.py:914} INFO - Processing file /home/airflow/.local/lib/python3.12/site-packages/airflow/example_dags/example_xcomargs.py for tasks to queue
[2025-05-16T05:44:29.022+0000] {logging_mixin.py:190} INFO - [2025-05-16T05:44:29.021+0000] {dagbag.py:588} INFO - Filling up the DagBag from /home/airflow/.local/lib/python3.12/site-packages/airflow/example_dags/example_xcomargs.py
[2025-05-16T05:44:29.045+0000] {processor.py:925} INFO - DAG(s) 'example_xcom_args', 'example_xcom_args_with_operators' retrieved from /home/airflow/.local/lib/python3.12/site-packages/airflow/example_dags/example_xcomargs.py
[2025-05-16T05:44:29.103+0000] {logging_mixin.py:190} INFO - [2025-05-16T05:44:29.103+0000] {dag.py:3239} INFO - Sync 2 DAGs
[2025-05-16T05:44:29.162+0000] {logging_mixin.py:190} INFO - [2025-05-16T05:44:29.162+0000] {dag.py:4180} INFO - Setting next_dagrun for example_xcom_args to None, run_after=None
[2025-05-16T05:44:29.173+0000] {logging_mixin.py:190} INFO - [2025-05-16T05:44:29.172+0000] {dag.py:4180} INFO - Setting next_dagrun for example_xcom_args_with_operators to None, run_after=None
[2025-05-16T05:44:29.211+0000] {processor.py:208} INFO - Processing /home/airflow/.local/lib/python3.12/site-packages/airflow/example_dags/example_xcomargs.py took 0.211 seconds
[2025-05-16T05:45:00.183+0000] {processor.py:186} INFO - Started process (PID=1178) to work on /home/airflow/.local/lib/python3.12/site-packages/airflow/example_dags/example_xcomargs.py
[2025-05-16T05:45:00.186+0000] {processor.py:914} INFO - Processing file /home/airflow/.local/lib/python3.12/site-packages/airflow/example_dags/example_xcomargs.py for tasks to queue
[2025-05-16T05:45:00.193+0000] {logging_mixin.py:190} INFO - [2025-05-16T05:45:00.192+0000] {dagbag.py:588} INFO - Filling up the DagBag from /home/airflow/.local/lib/python3.12/site-packages/airflow/example_dags/example_xcomargs.py
[2025-05-16T05:45:00.219+0000] {processor.py:925} INFO - DAG(s) 'example_xcom_args_with_operators', 'example_xcom_args' retrieved from /home/airflow/.local/lib/python3.12/site-packages/airflow/example_dags/example_xcomargs.py
[2025-05-16T05:45:00.276+0000] {logging_mixin.py:190} INFO - [2025-05-16T05:45:00.275+0000] {dag.py:3239} INFO - Sync 2 DAGs
[2025-05-16T05:45:00.320+0000] {logging_mixin.py:190} INFO - [2025-05-16T05:45:00.320+0000] {dag.py:4180} INFO - Setting next_dagrun for example_xcom_args to None, run_after=None
[2025-05-16T05:45:00.333+0000] {logging_mixin.py:190} INFO - [2025-05-16T05:45:00.332+0000] {dag.py:4180} INFO - Setting next_dagrun for example_xcom_args_with_operators to None, run_after=None
[2025-05-16T05:45:00.383+0000] {processor.py:208} INFO - Processing /home/airflow/.local/lib/python3.12/site-packages/airflow/example_dags/example_xcomargs.py took 0.215 seconds
[2025-05-16T05:45:40.853+0000] {processor.py:186} INFO - Started process (PID=1242) to work on /home/airflow/.local/lib/python3.12/site-packages/airflow/example_dags/example_xcomargs.py
[2025-05-16T05:45:40.999+0000] {processor.py:914} INFO - Processing file /home/airflow/.local/lib/python3.12/site-packages/airflow/example_dags/example_xcomargs.py for tasks to queue
[2025-05-16T05:45:41.029+0000] {logging_mixin.py:190} INFO - [2025-05-16T05:45:41.028+0000] {dagbag.py:588} INFO - Filling up the DagBag from /home/airflow/.local/lib/python3.12/site-packages/airflow/example_dags/example_xcomargs.py
[2025-05-16T05:45:41.087+0000] {processor.py:925} INFO - DAG(s) 'example_xcom_args_with_operators', 'example_xcom_args' retrieved from /home/airflow/.local/lib/python3.12/site-packages/airflow/example_dags/example_xcomargs.py
[2025-05-16T05:45:41.188+0000] {logging_mixin.py:190} INFO - [2025-05-16T05:45:41.188+0000] {dag.py:3239} INFO - Sync 2 DAGs
[2025-05-16T05:45:41.268+0000] {logging_mixin.py:190} INFO - [2025-05-16T05:45:41.268+0000] {dag.py:4180} INFO - Setting next_dagrun for example_xcom_args to None, run_after=None
[2025-05-16T05:45:41.375+0000] {logging_mixin.py:190} INFO - [2025-05-16T05:45:41.374+0000] {dag.py:4180} INFO - Setting next_dagrun for example_xcom_args_with_operators to None, run_after=None
[2025-05-16T05:45:41.464+0000] {processor.py:208} INFO - Processing /home/airflow/.local/lib/python3.12/site-packages/airflow/example_dags/example_xcomargs.py took 0.631 seconds
[2025-05-16T05:46:12.382+0000] {processor.py:186} INFO - Started process (PID=1308) to work on /home/airflow/.local/lib/python3.12/site-packages/airflow/example_dags/example_xcomargs.py
[2025-05-16T05:46:12.395+0000] {processor.py:914} INFO - Processing file /home/airflow/.local/lib/python3.12/site-packages/airflow/example_dags/example_xcomargs.py for tasks to queue
[2025-05-16T05:46:12.411+0000] {logging_mixin.py:190} INFO - [2025-05-16T05:46:12.409+0000] {dagbag.py:588} INFO - Filling up the DagBag from /home/airflow/.local/lib/python3.12/site-packages/airflow/example_dags/example_xcomargs.py
[2025-05-16T05:46:12.452+0000] {processor.py:925} INFO - DAG(s) 'example_xcom_args', 'example_xcom_args_with_operators' retrieved from /home/airflow/.local/lib/python3.12/site-packages/airflow/example_dags/example_xcomargs.py
[2025-05-16T05:46:12.567+0000] {logging_mixin.py:190} INFO - [2025-05-16T05:46:12.566+0000] {dag.py:3239} INFO - Sync 2 DAGs
[2025-05-16T05:46:12.661+0000] {logging_mixin.py:190} INFO - [2025-05-16T05:46:12.659+0000] {dag.py:4180} INFO - Setting next_dagrun for example_xcom_args to None, run_after=None
[2025-05-16T05:46:12.727+0000] {logging_mixin.py:190} INFO - [2025-05-16T05:46:12.727+0000] {dag.py:4180} INFO - Setting next_dagrun for example_xcom_args_with_operators to None, run_after=None
[2025-05-16T05:46:12.824+0000] {processor.py:208} INFO - Processing /home/airflow/.local/lib/python3.12/site-packages/airflow/example_dags/example_xcomargs.py took 0.468 seconds
[2025-05-16T05:46:43.021+0000] {processor.py:186} INFO - Started process (PID=1374) to work on /home/airflow/.local/lib/python3.12/site-packages/airflow/example_dags/example_xcomargs.py
[2025-05-16T05:46:43.023+0000] {processor.py:914} INFO - Processing file /home/airflow/.local/lib/python3.12/site-packages/airflow/example_dags/example_xcomargs.py for tasks to queue
[2025-05-16T05:46:43.026+0000] {logging_mixin.py:190} INFO - [2025-05-16T05:46:43.026+0000] {dagbag.py:588} INFO - Filling up the DagBag from /home/airflow/.local/lib/python3.12/site-packages/airflow/example_dags/example_xcomargs.py
[2025-05-16T05:46:43.042+0000] {processor.py:925} INFO - DAG(s) 'example_xcom_args', 'example_xcom_args_with_operators' retrieved from /home/airflow/.local/lib/python3.12/site-packages/airflow/example_dags/example_xcomargs.py
[2025-05-16T05:46:43.086+0000] {logging_mixin.py:190} INFO - [2025-05-16T05:46:43.086+0000] {dag.py:3239} INFO - Sync 2 DAGs
[2025-05-16T05:46:43.111+0000] {logging_mixin.py:190} INFO - [2025-05-16T05:46:43.111+0000] {dag.py:4180} INFO - Setting next_dagrun for example_xcom_args to None, run_after=None
[2025-05-16T05:46:43.117+0000] {logging_mixin.py:190} INFO - [2025-05-16T05:46:43.117+0000] {dag.py:4180} INFO - Setting next_dagrun for example_xcom_args_with_operators to None, run_after=None
[2025-05-16T05:46:43.152+0000] {processor.py:208} INFO - Processing /home/airflow/.local/lib/python3.12/site-packages/airflow/example_dags/example_xcomargs.py took 0.143 seconds
[2025-05-16T05:47:15.696+0000] {processor.py:186} INFO - Started process (PID=1440) to work on /home/airflow/.local/lib/python3.12/site-packages/airflow/example_dags/example_xcomargs.py
[2025-05-16T05:47:15.700+0000] {processor.py:914} INFO - Processing file /home/airflow/.local/lib/python3.12/site-packages/airflow/example_dags/example_xcomargs.py for tasks to queue
[2025-05-16T05:47:15.708+0000] {logging_mixin.py:190} INFO - [2025-05-16T05:47:15.707+0000] {dagbag.py:588} INFO - Filling up the DagBag from /home/airflow/.local/lib/python3.12/site-packages/airflow/example_dags/example_xcomargs.py
[2025-05-16T05:47:15.736+0000] {processor.py:925} INFO - DAG(s) 'example_xcom_args', 'example_xcom_args_with_operators' retrieved from /home/airflow/.local/lib/python3.12/site-packages/airflow/example_dags/example_xcomargs.py
[2025-05-16T05:47:15.804+0000] {logging_mixin.py:190} INFO - [2025-05-16T05:47:15.803+0000] {dag.py:3239} INFO - Sync 2 DAGs
[2025-05-16T05:47:15.845+0000] {logging_mixin.py:190} INFO - [2025-05-16T05:47:15.845+0000] {dag.py:4180} INFO - Setting next_dagrun for example_xcom_args to None, run_after=None
[2025-05-16T05:47:15.861+0000] {logging_mixin.py:190} INFO - [2025-05-16T05:47:15.861+0000] {dag.py:4180} INFO - Setting next_dagrun for example_xcom_args_with_operators to None, run_after=None
[2025-05-16T05:47:15.918+0000] {processor.py:208} INFO - Processing /home/airflow/.local/lib/python3.12/site-packages/airflow/example_dags/example_xcomargs.py took 0.237 seconds
[2025-05-16T05:47:46.014+0000] {processor.py:186} INFO - Started process (PID=1506) to work on /home/airflow/.local/lib/python3.12/site-packages/airflow/example_dags/example_xcomargs.py
[2025-05-16T05:47:46.016+0000] {processor.py:914} INFO - Processing file /home/airflow/.local/lib/python3.12/site-packages/airflow/example_dags/example_xcomargs.py for tasks to queue
[2025-05-16T05:47:46.021+0000] {logging_mixin.py:190} INFO - [2025-05-16T05:47:46.021+0000] {dagbag.py:588} INFO - Filling up the DagBag from /home/airflow/.local/lib/python3.12/site-packages/airflow/example_dags/example_xcomargs.py
[2025-05-16T05:47:46.040+0000] {processor.py:925} INFO - DAG(s) 'example_xcom_args_with_operators', 'example_xcom_args' retrieved from /home/airflow/.local/lib/python3.12/site-packages/airflow/example_dags/example_xcomargs.py
[2025-05-16T05:47:46.077+0000] {logging_mixin.py:190} INFO - [2025-05-16T05:47:46.077+0000] {dag.py:3239} INFO - Sync 2 DAGs
[2025-05-16T05:47:46.103+0000] {logging_mixin.py:190} INFO - [2025-05-16T05:47:46.103+0000] {dag.py:4180} INFO - Setting next_dagrun for example_xcom_args to None, run_after=None
[2025-05-16T05:47:46.111+0000] {logging_mixin.py:190} INFO - [2025-05-16T05:47:46.110+0000] {dag.py:4180} INFO - Setting next_dagrun for example_xcom_args_with_operators to None, run_after=None
[2025-05-16T05:47:46.145+0000] {processor.py:208} INFO - Processing /home/airflow/.local/lib/python3.12/site-packages/airflow/example_dags/example_xcomargs.py took 0.142 seconds
[2025-05-16T05:48:16.483+0000] {processor.py:186} INFO - Started process (PID=1572) to work on /home/airflow/.local/lib/python3.12/site-packages/airflow/example_dags/example_xcomargs.py
[2025-05-16T05:48:16.485+0000] {processor.py:914} INFO - Processing file /home/airflow/.local/lib/python3.12/site-packages/airflow/example_dags/example_xcomargs.py for tasks to queue
[2025-05-16T05:48:16.491+0000] {logging_mixin.py:190} INFO - [2025-05-16T05:48:16.490+0000] {dagbag.py:588} INFO - Filling up the DagBag from /home/airflow/.local/lib/python3.12/site-packages/airflow/example_dags/example_xcomargs.py
[2025-05-16T05:48:16.513+0000] {processor.py:925} INFO - DAG(s) 'example_xcom_args', 'example_xcom_args_with_operators' retrieved from /home/airflow/.local/lib/python3.12/site-packages/airflow/example_dags/example_xcomargs.py
[2025-05-16T05:48:16.559+0000] {logging_mixin.py:190} INFO - [2025-05-16T05:48:16.559+0000] {dag.py:3239} INFO - Sync 2 DAGs
[2025-05-16T05:48:16.591+0000] {logging_mixin.py:190} INFO - [2025-05-16T05:48:16.590+0000] {dag.py:4180} INFO - Setting next_dagrun for example_xcom_args to None, run_after=None
[2025-05-16T05:48:16.600+0000] {logging_mixin.py:190} INFO - [2025-05-16T05:48:16.599+0000] {dag.py:4180} INFO - Setting next_dagrun for example_xcom_args_with_operators to None, run_after=None
[2025-05-16T05:48:16.642+0000] {processor.py:208} INFO - Processing /home/airflow/.local/lib/python3.12/site-packages/airflow/example_dags/example_xcomargs.py took 0.174 seconds
[2025-05-16T05:48:47.831+0000] {processor.py:186} INFO - Started process (PID=1636) to work on /home/airflow/.local/lib/python3.12/site-packages/airflow/example_dags/example_xcomargs.py
[2025-05-16T05:48:47.834+0000] {processor.py:914} INFO - Processing file /home/airflow/.local/lib/python3.12/site-packages/airflow/example_dags/example_xcomargs.py for tasks to queue
[2025-05-16T05:48:47.840+0000] {logging_mixin.py:190} INFO - [2025-05-16T05:48:47.839+0000] {dagbag.py:588} INFO - Filling up the DagBag from /home/airflow/.local/lib/python3.12/site-packages/airflow/example_dags/example_xcomargs.py
[2025-05-16T05:48:47.859+0000] {processor.py:925} INFO - DAG(s) 'example_xcom_args', 'example_xcom_args_with_operators' retrieved from /home/airflow/.local/lib/python3.12/site-packages/airflow/example_dags/example_xcomargs.py
[2025-05-16T05:48:47.902+0000] {logging_mixin.py:190} INFO - [2025-05-16T05:48:47.902+0000] {dag.py:3239} INFO - Sync 2 DAGs
[2025-05-16T05:48:47.930+0000] {logging_mixin.py:190} INFO - [2025-05-16T05:48:47.930+0000] {dag.py:4180} INFO - Setting next_dagrun for example_xcom_args to None, run_after=None
[2025-05-16T05:48:47.939+0000] {logging_mixin.py:190} INFO - [2025-05-16T05:48:47.939+0000] {dag.py:4180} INFO - Setting next_dagrun for example_xcom_args_with_operators to None, run_after=None
[2025-05-16T05:48:47.973+0000] {processor.py:208} INFO - Processing /home/airflow/.local/lib/python3.12/site-packages/airflow/example_dags/example_xcomargs.py took 0.155 seconds
[2025-05-16T05:49:22.767+0000] {processor.py:186} INFO - Started process (PID=1699) to work on /home/airflow/.local/lib/python3.12/site-packages/airflow/example_dags/example_xcomargs.py
[2025-05-16T05:49:22.771+0000] {processor.py:914} INFO - Processing file /home/airflow/.local/lib/python3.12/site-packages/airflow/example_dags/example_xcomargs.py for tasks to queue
[2025-05-16T05:49:22.788+0000] {logging_mixin.py:190} INFO - [2025-05-16T05:49:22.785+0000] {dagbag.py:588} INFO - Filling up the DagBag from /home/airflow/.local/lib/python3.12/site-packages/airflow/example_dags/example_xcomargs.py
[2025-05-16T05:49:22.830+0000] {processor.py:925} INFO - DAG(s) 'example_xcom_args_with_operators', 'example_xcom_args' retrieved from /home/airflow/.local/lib/python3.12/site-packages/airflow/example_dags/example_xcomargs.py
[2025-05-16T05:49:22.967+0000] {logging_mixin.py:190} INFO - [2025-05-16T05:49:22.965+0000] {dag.py:3239} INFO - Sync 2 DAGs
[2025-05-16T05:49:23.046+0000] {logging_mixin.py:190} INFO - [2025-05-16T05:49:23.045+0000] {dag.py:4180} INFO - Setting next_dagrun for example_xcom_args to None, run_after=None
[2025-05-16T05:49:23.065+0000] {logging_mixin.py:190} INFO - [2025-05-16T05:49:23.065+0000] {dag.py:4180} INFO - Setting next_dagrun for example_xcom_args_with_operators to None, run_after=None
[2025-05-16T05:49:23.178+0000] {processor.py:208} INFO - Processing /home/airflow/.local/lib/python3.12/site-packages/airflow/example_dags/example_xcomargs.py took 0.440 seconds
[2025-05-16T05:49:55.530+0000] {processor.py:186} INFO - Started process (PID=1765) to work on /home/airflow/.local/lib/python3.12/site-packages/airflow/example_dags/example_xcomargs.py
[2025-05-16T05:49:55.534+0000] {processor.py:914} INFO - Processing file /home/airflow/.local/lib/python3.12/site-packages/airflow/example_dags/example_xcomargs.py for tasks to queue
[2025-05-16T05:49:55.545+0000] {logging_mixin.py:190} INFO - [2025-05-16T05:49:55.543+0000] {dagbag.py:588} INFO - Filling up the DagBag from /home/airflow/.local/lib/python3.12/site-packages/airflow/example_dags/example_xcomargs.py
[2025-05-16T05:49:55.587+0000] {processor.py:925} INFO - DAG(s) 'example_xcom_args_with_operators', 'example_xcom_args' retrieved from /home/airflow/.local/lib/python3.12/site-packages/airflow/example_dags/example_xcomargs.py
[2025-05-16T05:49:55.693+0000] {logging_mixin.py:190} INFO - [2025-05-16T05:49:55.692+0000] {dag.py:3239} INFO - Sync 2 DAGs
[2025-05-16T05:49:55.792+0000] {logging_mixin.py:190} INFO - [2025-05-16T05:49:55.791+0000] {dag.py:4180} INFO - Setting next_dagrun for example_xcom_args to None, run_after=None
[2025-05-16T05:49:55.816+0000] {logging_mixin.py:190} INFO - [2025-05-16T05:49:55.815+0000] {dag.py:4180} INFO - Setting next_dagrun for example_xcom_args_with_operators to None, run_after=None
[2025-05-16T05:49:55.914+0000] {processor.py:208} INFO - Processing /home/airflow/.local/lib/python3.12/site-packages/airflow/example_dags/example_xcomargs.py took 0.405 seconds
[2025-05-16T05:50:29.028+0000] {processor.py:186} INFO - Started process (PID=1838) to work on /home/airflow/.local/lib/python3.12/site-packages/airflow/example_dags/example_xcomargs.py
[2025-05-16T05:50:29.034+0000] {processor.py:914} INFO - Processing file /home/airflow/.local/lib/python3.12/site-packages/airflow/example_dags/example_xcomargs.py for tasks to queue
[2025-05-16T05:50:29.043+0000] {logging_mixin.py:190} INFO - [2025-05-16T05:50:29.042+0000] {dagbag.py:588} INFO - Filling up the DagBag from /home/airflow/.local/lib/python3.12/site-packages/airflow/example_dags/example_xcomargs.py
[2025-05-16T05:50:29.091+0000] {processor.py:925} INFO - DAG(s) 'example_xcom_args', 'example_xcom_args_with_operators' retrieved from /home/airflow/.local/lib/python3.12/site-packages/airflow/example_dags/example_xcomargs.py
[2025-05-16T05:50:29.216+0000] {logging_mixin.py:190} INFO - [2025-05-16T05:50:29.216+0000] {dag.py:3239} INFO - Sync 2 DAGs
[2025-05-16T05:50:29.295+0000] {logging_mixin.py:190} INFO - [2025-05-16T05:50:29.293+0000] {dag.py:4180} INFO - Setting next_dagrun for example_xcom_args to None, run_after=None
[2025-05-16T05:50:29.320+0000] {logging_mixin.py:190} INFO - [2025-05-16T05:50:29.319+0000] {dag.py:4180} INFO - Setting next_dagrun for example_xcom_args_with_operators to None, run_after=None
[2025-05-16T05:50:29.416+0000] {processor.py:208} INFO - Processing /home/airflow/.local/lib/python3.12/site-packages/airflow/example_dags/example_xcomargs.py took 0.413 seconds
[2025-05-16T05:51:08.818+0000] {processor.py:186} INFO - Started process (PID=1904) to work on /home/airflow/.local/lib/python3.12/site-packages/airflow/example_dags/example_xcomargs.py
[2025-05-16T05:51:08.828+0000] {processor.py:914} INFO - Processing file /home/airflow/.local/lib/python3.12/site-packages/airflow/example_dags/example_xcomargs.py for tasks to queue
[2025-05-16T05:51:08.844+0000] {logging_mixin.py:190} INFO - [2025-05-16T05:51:08.843+0000] {dagbag.py:588} INFO - Filling up the DagBag from /home/airflow/.local/lib/python3.12/site-packages/airflow/example_dags/example_xcomargs.py
[2025-05-16T05:51:08.898+0000] {processor.py:925} INFO - DAG(s) 'example_xcom_args', 'example_xcom_args_with_operators' retrieved from /home/airflow/.local/lib/python3.12/site-packages/airflow/example_dags/example_xcomargs.py
[2025-05-16T05:51:09.036+0000] {logging_mixin.py:190} INFO - [2025-05-16T05:51:09.033+0000] {dag.py:3239} INFO - Sync 2 DAGs
[2025-05-16T05:51:09.117+0000] {logging_mixin.py:190} INFO - [2025-05-16T05:51:09.116+0000] {dag.py:4180} INFO - Setting next_dagrun for example_xcom_args to None, run_after=None
[2025-05-16T05:51:09.141+0000] {logging_mixin.py:190} INFO - [2025-05-16T05:51:09.140+0000] {dag.py:4180} INFO - Setting next_dagrun for example_xcom_args_with_operators to None, run_after=None
[2025-05-16T05:51:09.237+0000] {processor.py:208} INFO - Processing /home/airflow/.local/lib/python3.12/site-packages/airflow/example_dags/example_xcomargs.py took 0.457 seconds
[2025-05-16T05:51:49.500+0000] {processor.py:186} INFO - Started process (PID=1968) to work on /home/airflow/.local/lib/python3.12/site-packages/airflow/example_dags/example_xcomargs.py
[2025-05-16T05:51:49.521+0000] {processor.py:914} INFO - Processing file /home/airflow/.local/lib/python3.12/site-packages/airflow/example_dags/example_xcomargs.py for tasks to queue
[2025-05-16T05:51:49.539+0000] {logging_mixin.py:190} INFO - [2025-05-16T05:51:49.538+0000] {dagbag.py:588} INFO - Filling up the DagBag from /home/airflow/.local/lib/python3.12/site-packages/airflow/example_dags/example_xcomargs.py
[2025-05-16T05:51:49.596+0000] {processor.py:925} INFO - DAG(s) 'example_xcom_args', 'example_xcom_args_with_operators' retrieved from /home/airflow/.local/lib/python3.12/site-packages/airflow/example_dags/example_xcomargs.py
[2025-05-16T05:51:49.703+0000] {logging_mixin.py:190} INFO - [2025-05-16T05:51:49.702+0000] {dag.py:3239} INFO - Sync 2 DAGs
[2025-05-16T05:51:49.768+0000] {logging_mixin.py:190} INFO - [2025-05-16T05:51:49.768+0000] {dag.py:4180} INFO - Setting next_dagrun for example_xcom_args to None, run_after=None
[2025-05-16T05:51:49.790+0000] {logging_mixin.py:190} INFO - [2025-05-16T05:51:49.789+0000] {dag.py:4180} INFO - Setting next_dagrun for example_xcom_args_with_operators to None, run_after=None
[2025-05-16T05:51:49.885+0000] {processor.py:208} INFO - Processing /home/airflow/.local/lib/python3.12/site-packages/airflow/example_dags/example_xcomargs.py took 0.409 seconds
[2025-05-16T05:52:38.955+0000] {processor.py:186} INFO - Started process (PID=2041) to work on /home/airflow/.local/lib/python3.12/site-packages/airflow/example_dags/example_xcomargs.py
[2025-05-16T05:52:38.964+0000] {processor.py:914} INFO - Processing file /home/airflow/.local/lib/python3.12/site-packages/airflow/example_dags/example_xcomargs.py for tasks to queue
[2025-05-16T05:52:38.980+0000] {logging_mixin.py:190} INFO - [2025-05-16T05:52:38.979+0000] {dagbag.py:588} INFO - Filling up the DagBag from /home/airflow/.local/lib/python3.12/site-packages/airflow/example_dags/example_xcomargs.py
[2025-05-16T05:52:39.028+0000] {processor.py:925} INFO - DAG(s) 'example_xcom_args', 'example_xcom_args_with_operators' retrieved from /home/airflow/.local/lib/python3.12/site-packages/airflow/example_dags/example_xcomargs.py
[2025-05-16T05:52:39.125+0000] {logging_mixin.py:190} INFO - [2025-05-16T05:52:39.125+0000] {dag.py:3239} INFO - Sync 2 DAGs
[2025-05-16T05:52:39.197+0000] {logging_mixin.py:190} INFO - [2025-05-16T05:52:39.196+0000] {dag.py:4180} INFO - Setting next_dagrun for example_xcom_args to None, run_after=None
[2025-05-16T05:52:39.224+0000] {logging_mixin.py:190} INFO - [2025-05-16T05:52:39.223+0000] {dag.py:4180} INFO - Setting next_dagrun for example_xcom_args_with_operators to None, run_after=None
[2025-05-16T05:52:39.293+0000] {processor.py:208} INFO - Processing /home/airflow/.local/lib/python3.12/site-packages/airflow/example_dags/example_xcomargs.py took 0.357 seconds
[2025-05-16T05:53:09.858+0000] {processor.py:186} INFO - Started process (PID=2106) to work on /home/airflow/.local/lib/python3.12/site-packages/airflow/example_dags/example_xcomargs.py
[2025-05-16T05:53:09.863+0000] {processor.py:914} INFO - Processing file /home/airflow/.local/lib/python3.12/site-packages/airflow/example_dags/example_xcomargs.py for tasks to queue
[2025-05-16T05:53:09.873+0000] {logging_mixin.py:190} INFO - [2025-05-16T05:53:09.872+0000] {dagbag.py:588} INFO - Filling up the DagBag from /home/airflow/.local/lib/python3.12/site-packages/airflow/example_dags/example_xcomargs.py
[2025-05-16T05:53:09.915+0000] {processor.py:925} INFO - DAG(s) 'example_xcom_args_with_operators', 'example_xcom_args' retrieved from /home/airflow/.local/lib/python3.12/site-packages/airflow/example_dags/example_xcomargs.py
[2025-05-16T05:53:10.024+0000] {logging_mixin.py:190} INFO - [2025-05-16T05:53:10.023+0000] {dag.py:3239} INFO - Sync 2 DAGs
[2025-05-16T05:53:10.099+0000] {logging_mixin.py:190} INFO - [2025-05-16T05:53:10.098+0000] {dag.py:4180} INFO - Setting next_dagrun for example_xcom_args to None, run_after=None
[2025-05-16T05:53:10.123+0000] {logging_mixin.py:190} INFO - [2025-05-16T05:53:10.123+0000] {dag.py:4180} INFO - Setting next_dagrun for example_xcom_args_with_operators to None, run_after=None
[2025-05-16T05:53:10.234+0000] {processor.py:208} INFO - Processing /home/airflow/.local/lib/python3.12/site-packages/airflow/example_dags/example_xcomargs.py took 0.400 seconds
[2025-05-16T05:53:46.246+0000] {processor.py:186} INFO - Started process (PID=2173) to work on /home/airflow/.local/lib/python3.12/site-packages/airflow/example_dags/example_xcomargs.py
[2025-05-16T05:53:46.250+0000] {processor.py:914} INFO - Processing file /home/airflow/.local/lib/python3.12/site-packages/airflow/example_dags/example_xcomargs.py for tasks to queue
[2025-05-16T05:53:46.264+0000] {logging_mixin.py:190} INFO - [2025-05-16T05:53:46.263+0000] {dagbag.py:588} INFO - Filling up the DagBag from /home/airflow/.local/lib/python3.12/site-packages/airflow/example_dags/example_xcomargs.py
[2025-05-16T05:53:46.295+0000] {processor.py:925} INFO - DAG(s) 'example_xcom_args', 'example_xcom_args_with_operators' retrieved from /home/airflow/.local/lib/python3.12/site-packages/airflow/example_dags/example_xcomargs.py
[2025-05-16T05:53:46.427+0000] {logging_mixin.py:190} INFO - [2025-05-16T05:53:46.427+0000] {dag.py:3239} INFO - Sync 2 DAGs
[2025-05-16T05:53:46.493+0000] {logging_mixin.py:190} INFO - [2025-05-16T05:53:46.492+0000] {dag.py:4180} INFO - Setting next_dagrun for example_xcom_args to None, run_after=None
[2025-05-16T05:53:46.512+0000] {logging_mixin.py:190} INFO - [2025-05-16T05:53:46.512+0000] {dag.py:4180} INFO - Setting next_dagrun for example_xcom_args_with_operators to None, run_after=None
[2025-05-16T05:53:46.619+0000] {processor.py:208} INFO - Processing /home/airflow/.local/lib/python3.12/site-packages/airflow/example_dags/example_xcomargs.py took 0.401 seconds
[2025-05-16T05:54:18.580+0000] {processor.py:186} INFO - Started process (PID=2238) to work on /home/airflow/.local/lib/python3.12/site-packages/airflow/example_dags/example_xcomargs.py
[2025-05-16T05:54:18.591+0000] {processor.py:914} INFO - Processing file /home/airflow/.local/lib/python3.12/site-packages/airflow/example_dags/example_xcomargs.py for tasks to queue
[2025-05-16T05:54:18.602+0000] {logging_mixin.py:190} INFO - [2025-05-16T05:54:18.600+0000] {dagbag.py:588} INFO - Filling up the DagBag from /home/airflow/.local/lib/python3.12/site-packages/airflow/example_dags/example_xcomargs.py
[2025-05-16T05:54:18.649+0000] {processor.py:925} INFO - DAG(s) 'example_xcom_args_with_operators', 'example_xcom_args' retrieved from /home/airflow/.local/lib/python3.12/site-packages/airflow/example_dags/example_xcomargs.py
[2025-05-16T05:54:18.743+0000] {logging_mixin.py:190} INFO - [2025-05-16T05:54:18.742+0000] {dag.py:3239} INFO - Sync 2 DAGs
[2025-05-16T05:54:18.803+0000] {logging_mixin.py:190} INFO - [2025-05-16T05:54:18.802+0000] {dag.py:4180} INFO - Setting next_dagrun for example_xcom_args to None, run_after=None
[2025-05-16T05:54:18.818+0000] {logging_mixin.py:190} INFO - [2025-05-16T05:54:18.817+0000] {dag.py:4180} INFO - Setting next_dagrun for example_xcom_args_with_operators to None, run_after=None
[2025-05-16T05:54:18.895+0000] {processor.py:208} INFO - Processing /home/airflow/.local/lib/python3.12/site-packages/airflow/example_dags/example_xcomargs.py took 0.342 seconds
[2025-05-16T05:54:51.307+0000] {processor.py:186} INFO - Started process (PID=2302) to work on /home/airflow/.local/lib/python3.12/site-packages/airflow/example_dags/example_xcomargs.py
[2025-05-16T05:54:51.329+0000] {processor.py:914} INFO - Processing file /home/airflow/.local/lib/python3.12/site-packages/airflow/example_dags/example_xcomargs.py for tasks to queue
[2025-05-16T05:54:51.352+0000] {logging_mixin.py:190} INFO - [2025-05-16T05:54:51.351+0000] {dagbag.py:588} INFO - Filling up the DagBag from /home/airflow/.local/lib/python3.12/site-packages/airflow/example_dags/example_xcomargs.py
[2025-05-16T05:54:51.410+0000] {processor.py:925} INFO - DAG(s) 'example_xcom_args', 'example_xcom_args_with_operators' retrieved from /home/airflow/.local/lib/python3.12/site-packages/airflow/example_dags/example_xcomargs.py
[2025-05-16T05:54:51.511+0000] {logging_mixin.py:190} INFO - [2025-05-16T05:54:51.510+0000] {dag.py:3239} INFO - Sync 2 DAGs
[2025-05-16T05:54:51.572+0000] {logging_mixin.py:190} INFO - [2025-05-16T05:54:51.571+0000] {dag.py:4180} INFO - Setting next_dagrun for example_xcom_args to None, run_after=None
[2025-05-16T05:54:51.626+0000] {logging_mixin.py:190} INFO - [2025-05-16T05:54:51.624+0000] {dag.py:4180} INFO - Setting next_dagrun for example_xcom_args_with_operators to None, run_after=None
[2025-05-16T05:54:54.805+0000] {processor.py:208} INFO - Processing /home/airflow/.local/lib/python3.12/site-packages/airflow/example_dags/example_xcomargs.py took 3.519 seconds
[2025-05-16T05:56:14.477+0000] {processor.py:186} INFO - Started process (PID=2394) to work on /home/airflow/.local/lib/python3.12/site-packages/airflow/example_dags/example_xcomargs.py
[2025-05-16T05:56:14.519+0000] {processor.py:914} INFO - Processing file /home/airflow/.local/lib/python3.12/site-packages/airflow/example_dags/example_xcomargs.py for tasks to queue
[2025-05-16T05:56:14.585+0000] {logging_mixin.py:190} INFO - [2025-05-16T05:56:14.584+0000] {dagbag.py:588} INFO - Filling up the DagBag from /home/airflow/.local/lib/python3.12/site-packages/airflow/example_dags/example_xcomargs.py
[2025-05-16T05:56:14.661+0000] {processor.py:925} INFO - DAG(s) 'example_xcom_args', 'example_xcom_args_with_operators' retrieved from /home/airflow/.local/lib/python3.12/site-packages/airflow/example_dags/example_xcomargs.py
[2025-05-16T05:56:14.793+0000] {logging_mixin.py:190} INFO - [2025-05-16T05:56:14.792+0000] {dag.py:3239} INFO - Sync 2 DAGs
[2025-05-16T05:56:14.884+0000] {logging_mixin.py:190} INFO - [2025-05-16T05:56:14.884+0000] {dag.py:4180} INFO - Setting next_dagrun for example_xcom_args to None, run_after=None
[2025-05-16T05:56:14.942+0000] {logging_mixin.py:190} INFO - [2025-05-16T05:56:14.940+0000] {dag.py:4180} INFO - Setting next_dagrun for example_xcom_args_with_operators to None, run_after=None
[2025-05-16T05:56:15.093+0000] {processor.py:208} INFO - Processing /home/airflow/.local/lib/python3.12/site-packages/airflow/example_dags/example_xcomargs.py took 0.638 seconds
[2025-05-16T05:57:09.137+0000] {processor.py:186} INFO - Started process (PID=2466) to work on /home/airflow/.local/lib/python3.12/site-packages/airflow/example_dags/example_xcomargs.py
[2025-05-16T05:57:09.159+0000] {processor.py:914} INFO - Processing file /home/airflow/.local/lib/python3.12/site-packages/airflow/example_dags/example_xcomargs.py for tasks to queue
[2025-05-16T05:57:09.186+0000] {logging_mixin.py:190} INFO - [2025-05-16T05:57:09.185+0000] {dagbag.py:588} INFO - Filling up the DagBag from /home/airflow/.local/lib/python3.12/site-packages/airflow/example_dags/example_xcomargs.py
[2025-05-16T05:57:09.250+0000] {processor.py:925} INFO - DAG(s) 'example_xcom_args', 'example_xcom_args_with_operators' retrieved from /home/airflow/.local/lib/python3.12/site-packages/airflow/example_dags/example_xcomargs.py
[2025-05-16T05:57:09.412+0000] {logging_mixin.py:190} INFO - [2025-05-16T05:57:09.411+0000] {dag.py:3239} INFO - Sync 2 DAGs
[2025-05-16T05:57:09.498+0000] {logging_mixin.py:190} INFO - [2025-05-16T05:57:09.497+0000] {dag.py:4180} INFO - Setting next_dagrun for example_xcom_args to None, run_after=None
[2025-05-16T05:57:09.562+0000] {logging_mixin.py:190} INFO - [2025-05-16T05:57:09.561+0000] {dag.py:4180} INFO - Setting next_dagrun for example_xcom_args_with_operators to None, run_after=None
[2025-05-16T05:57:09.671+0000] {processor.py:208} INFO - Processing /home/airflow/.local/lib/python3.12/site-packages/airflow/example_dags/example_xcomargs.py took 0.554 seconds
[2025-05-16T05:57:40.808+0000] {processor.py:186} INFO - Started process (PID=2531) to work on /home/airflow/.local/lib/python3.12/site-packages/airflow/example_dags/example_xcomargs.py
[2025-05-16T05:57:40.847+0000] {processor.py:914} INFO - Processing file /home/airflow/.local/lib/python3.12/site-packages/airflow/example_dags/example_xcomargs.py for tasks to queue
[2025-05-16T05:57:40.937+0000] {logging_mixin.py:190} INFO - [2025-05-16T05:57:40.933+0000] {dagbag.py:588} INFO - Filling up the DagBag from /home/airflow/.local/lib/python3.12/site-packages/airflow/example_dags/example_xcomargs.py
[2025-05-16T05:57:41.015+0000] {processor.py:925} INFO - DAG(s) 'example_xcom_args_with_operators', 'example_xcom_args' retrieved from /home/airflow/.local/lib/python3.12/site-packages/airflow/example_dags/example_xcomargs.py
[2025-05-16T05:57:41.183+0000] {logging_mixin.py:190} INFO - [2025-05-16T05:57:41.182+0000] {dag.py:3239} INFO - Sync 2 DAGs
[2025-05-16T05:57:41.350+0000] {logging_mixin.py:190} INFO - [2025-05-16T05:57:41.349+0000] {dag.py:4180} INFO - Setting next_dagrun for example_xcom_args to None, run_after=None
[2025-05-16T05:57:41.421+0000] {logging_mixin.py:190} INFO - [2025-05-16T05:57:41.419+0000] {dag.py:4180} INFO - Setting next_dagrun for example_xcom_args_with_operators to None, run_after=None
[2025-05-16T05:57:41.613+0000] {processor.py:208} INFO - Processing /home/airflow/.local/lib/python3.12/site-packages/airflow/example_dags/example_xcomargs.py took 0.841 seconds
[2025-05-16T05:58:22.592+0000] {processor.py:186} INFO - Started process (PID=2598) to work on /home/airflow/.local/lib/python3.12/site-packages/airflow/example_dags/example_xcomargs.py
[2025-05-16T05:58:22.627+0000] {processor.py:914} INFO - Processing file /home/airflow/.local/lib/python3.12/site-packages/airflow/example_dags/example_xcomargs.py for tasks to queue
[2025-05-16T05:58:22.653+0000] {logging_mixin.py:190} INFO - [2025-05-16T05:58:22.652+0000] {dagbag.py:588} INFO - Filling up the DagBag from /home/airflow/.local/lib/python3.12/site-packages/airflow/example_dags/example_xcomargs.py
[2025-05-16T05:58:22.732+0000] {processor.py:925} INFO - DAG(s) 'example_xcom_args', 'example_xcom_args_with_operators' retrieved from /home/airflow/.local/lib/python3.12/site-packages/airflow/example_dags/example_xcomargs.py
[2025-05-16T05:58:22.864+0000] {logging_mixin.py:190} INFO - [2025-05-16T05:58:22.863+0000] {dag.py:3239} INFO - Sync 2 DAGs
[2025-05-16T05:58:22.924+0000] {logging_mixin.py:190} INFO - [2025-05-16T05:58:22.923+0000] {dag.py:4180} INFO - Setting next_dagrun for example_xcom_args to None, run_after=None
[2025-05-16T05:58:22.942+0000] {logging_mixin.py:190} INFO - [2025-05-16T05:58:22.941+0000] {dag.py:4180} INFO - Setting next_dagrun for example_xcom_args_with_operators to None, run_after=None
[2025-05-16T05:58:23.027+0000] {processor.py:208} INFO - Processing /home/airflow/.local/lib/python3.12/site-packages/airflow/example_dags/example_xcomargs.py took 0.456 seconds
[2025-05-16T05:58:56.053+0000] {processor.py:186} INFO - Started process (PID=2665) to work on /home/airflow/.local/lib/python3.12/site-packages/airflow/example_dags/example_xcomargs.py
[2025-05-16T05:58:56.066+0000] {processor.py:914} INFO - Processing file /home/airflow/.local/lib/python3.12/site-packages/airflow/example_dags/example_xcomargs.py for tasks to queue
[2025-05-16T05:58:56.079+0000] {logging_mixin.py:190} INFO - [2025-05-16T05:58:56.078+0000] {dagbag.py:588} INFO - Filling up the DagBag from /home/airflow/.local/lib/python3.12/site-packages/airflow/example_dags/example_xcomargs.py
[2025-05-16T05:58:56.143+0000] {processor.py:925} INFO - DAG(s) 'example_xcom_args_with_operators', 'example_xcom_args' retrieved from /home/airflow/.local/lib/python3.12/site-packages/airflow/example_dags/example_xcomargs.py
[2025-05-16T05:58:56.263+0000] {logging_mixin.py:190} INFO - [2025-05-16T05:58:56.262+0000] {dag.py:3239} INFO - Sync 2 DAGs
[2025-05-16T05:58:56.373+0000] {logging_mixin.py:190} INFO - [2025-05-16T05:58:56.372+0000] {dag.py:4180} INFO - Setting next_dagrun for example_xcom_args to None, run_after=None
[2025-05-16T05:58:56.408+0000] {logging_mixin.py:190} INFO - [2025-05-16T05:58:56.407+0000] {dag.py:4180} INFO - Setting next_dagrun for example_xcom_args_with_operators to None, run_after=None
[2025-05-16T05:58:56.550+0000] {processor.py:208} INFO - Processing /home/airflow/.local/lib/python3.12/site-packages/airflow/example_dags/example_xcomargs.py took 0.522 seconds
[2025-05-16T05:59:32.692+0000] {processor.py:186} INFO - Started process (PID=2733) to work on /home/airflow/.local/lib/python3.12/site-packages/airflow/example_dags/example_xcomargs.py
[2025-05-16T05:59:32.698+0000] {processor.py:914} INFO - Processing file /home/airflow/.local/lib/python3.12/site-packages/airflow/example_dags/example_xcomargs.py for tasks to queue
[2025-05-16T05:59:32.706+0000] {logging_mixin.py:190} INFO - [2025-05-16T05:59:32.705+0000] {dagbag.py:588} INFO - Filling up the DagBag from /home/airflow/.local/lib/python3.12/site-packages/airflow/example_dags/example_xcomargs.py
[2025-05-16T05:59:32.737+0000] {processor.py:925} INFO - DAG(s) 'example_xcom_args', 'example_xcom_args_with_operators' retrieved from /home/airflow/.local/lib/python3.12/site-packages/airflow/example_dags/example_xcomargs.py
[2025-05-16T05:59:32.809+0000] {logging_mixin.py:190} INFO - [2025-05-16T05:59:32.808+0000] {dag.py:3239} INFO - Sync 2 DAGs
[2025-05-16T05:59:32.852+0000] {logging_mixin.py:190} INFO - [2025-05-16T05:59:32.852+0000] {dag.py:4180} INFO - Setting next_dagrun for example_xcom_args to None, run_after=None
[2025-05-16T05:59:32.866+0000] {logging_mixin.py:190} INFO - [2025-05-16T05:59:32.865+0000] {dag.py:4180} INFO - Setting next_dagrun for example_xcom_args_with_operators to None, run_after=None
[2025-05-16T05:59:32.924+0000] {processor.py:208} INFO - Processing /home/airflow/.local/lib/python3.12/site-packages/airflow/example_dags/example_xcomargs.py took 0.250 seconds
[2025-05-16T06:00:05.686+0000] {processor.py:186} INFO - Started process (PID=2790) to work on /home/airflow/.local/lib/python3.12/site-packages/airflow/example_dags/example_xcomargs.py
[2025-05-16T06:00:05.690+0000] {processor.py:914} INFO - Processing file /home/airflow/.local/lib/python3.12/site-packages/airflow/example_dags/example_xcomargs.py for tasks to queue
[2025-05-16T06:00:05.700+0000] {logging_mixin.py:190} INFO - [2025-05-16T06:00:05.699+0000] {dagbag.py:588} INFO - Filling up the DagBag from /home/airflow/.local/lib/python3.12/site-packages/airflow/example_dags/example_xcomargs.py
[2025-05-16T06:00:05.742+0000] {processor.py:925} INFO - DAG(s) 'example_xcom_args_with_operators', 'example_xcom_args' retrieved from /home/airflow/.local/lib/python3.12/site-packages/airflow/example_dags/example_xcomargs.py
[2025-05-16T06:00:05.871+0000] {logging_mixin.py:190} INFO - [2025-05-16T06:00:05.870+0000] {dag.py:3239} INFO - Sync 2 DAGs
[2025-05-16T06:00:05.919+0000] {logging_mixin.py:190} INFO - [2025-05-16T06:00:05.918+0000] {dag.py:4180} INFO - Setting next_dagrun for example_xcom_args to None, run_after=None
[2025-05-16T06:00:05.944+0000] {logging_mixin.py:190} INFO - [2025-05-16T06:00:05.941+0000] {dag.py:4180} INFO - Setting next_dagrun for example_xcom_args_with_operators to None, run_after=None
[2025-05-16T06:00:06.017+0000] {processor.py:208} INFO - Processing /home/airflow/.local/lib/python3.12/site-packages/airflow/example_dags/example_xcomargs.py took 0.356 seconds
[2025-05-16T06:00:37.498+0000] {processor.py:186} INFO - Started process (PID=2853) to work on /home/airflow/.local/lib/python3.12/site-packages/airflow/example_dags/example_xcomargs.py
[2025-05-16T06:00:37.541+0000] {processor.py:914} INFO - Processing file /home/airflow/.local/lib/python3.12/site-packages/airflow/example_dags/example_xcomargs.py for tasks to queue
[2025-05-16T06:00:37.570+0000] {logging_mixin.py:190} INFO - [2025-05-16T06:00:37.568+0000] {dagbag.py:588} INFO - Filling up the DagBag from /home/airflow/.local/lib/python3.12/site-packages/airflow/example_dags/example_xcomargs.py
[2025-05-16T06:00:37.623+0000] {processor.py:925} INFO - DAG(s) 'example_xcom_args', 'example_xcom_args_with_operators' retrieved from /home/airflow/.local/lib/python3.12/site-packages/airflow/example_dags/example_xcomargs.py
[2025-05-16T06:00:37.759+0000] {logging_mixin.py:190} INFO - [2025-05-16T06:00:37.758+0000] {dag.py:3239} INFO - Sync 2 DAGs
[2025-05-16T06:00:37.831+0000] {logging_mixin.py:190} INFO - [2025-05-16T06:00:37.830+0000] {dag.py:4180} INFO - Setting next_dagrun for example_xcom_args to None, run_after=None
[2025-05-16T06:00:37.879+0000] {logging_mixin.py:190} INFO - [2025-05-16T06:00:37.878+0000] {dag.py:4180} INFO - Setting next_dagrun for example_xcom_args_with_operators to None, run_after=None
[2025-05-16T06:00:37.993+0000] {processor.py:208} INFO - Processing /home/airflow/.local/lib/python3.12/site-packages/airflow/example_dags/example_xcomargs.py took 0.515 seconds
[2025-05-16T06:01:18.335+0000] {processor.py:186} INFO - Started process (PID=2912) to work on /home/airflow/.local/lib/python3.12/site-packages/airflow/example_dags/example_xcomargs.py
[2025-05-16T06:01:18.366+0000] {processor.py:914} INFO - Processing file /home/airflow/.local/lib/python3.12/site-packages/airflow/example_dags/example_xcomargs.py for tasks to queue
[2025-05-16T06:01:18.405+0000] {logging_mixin.py:190} INFO - [2025-05-16T06:01:18.404+0000] {dagbag.py:588} INFO - Filling up the DagBag from /home/airflow/.local/lib/python3.12/site-packages/airflow/example_dags/example_xcomargs.py
[2025-05-16T06:01:18.465+0000] {processor.py:925} INFO - DAG(s) 'example_xcom_args_with_operators', 'example_xcom_args' retrieved from /home/airflow/.local/lib/python3.12/site-packages/airflow/example_dags/example_xcomargs.py
[2025-05-16T06:01:18.563+0000] {logging_mixin.py:190} INFO - [2025-05-16T06:01:18.562+0000] {dag.py:3239} INFO - Sync 2 DAGs
[2025-05-16T06:01:18.633+0000] {logging_mixin.py:190} INFO - [2025-05-16T06:01:18.632+0000] {dag.py:4180} INFO - Setting next_dagrun for example_xcom_args to None, run_after=None
[2025-05-16T06:01:18.664+0000] {logging_mixin.py:190} INFO - [2025-05-16T06:01:18.663+0000] {dag.py:4180} INFO - Setting next_dagrun for example_xcom_args_with_operators to None, run_after=None
[2025-05-16T06:01:18.756+0000] {processor.py:208} INFO - Processing /home/airflow/.local/lib/python3.12/site-packages/airflow/example_dags/example_xcomargs.py took 0.443 seconds
[2025-05-16T06:01:50.286+0000] {processor.py:186} INFO - Started process (PID=2973) to work on /home/airflow/.local/lib/python3.12/site-packages/airflow/example_dags/example_xcomargs.py
[2025-05-16T06:01:50.291+0000] {processor.py:914} INFO - Processing file /home/airflow/.local/lib/python3.12/site-packages/airflow/example_dags/example_xcomargs.py for tasks to queue
[2025-05-16T06:01:50.300+0000] {logging_mixin.py:190} INFO - [2025-05-16T06:01:50.299+0000] {dagbag.py:588} INFO - Filling up the DagBag from /home/airflow/.local/lib/python3.12/site-packages/airflow/example_dags/example_xcomargs.py
[2025-05-16T06:01:50.332+0000] {processor.py:925} INFO - DAG(s) 'example_xcom_args', 'example_xcom_args_with_operators' retrieved from /home/airflow/.local/lib/python3.12/site-packages/airflow/example_dags/example_xcomargs.py
[2025-05-16T06:01:50.416+0000] {logging_mixin.py:190} INFO - [2025-05-16T06:01:50.415+0000] {dag.py:3239} INFO - Sync 2 DAGs
[2025-05-16T06:01:50.480+0000] {logging_mixin.py:190} INFO - [2025-05-16T06:01:50.480+0000] {dag.py:4180} INFO - Setting next_dagrun for example_xcom_args to None, run_after=None
[2025-05-16T06:01:50.502+0000] {logging_mixin.py:190} INFO - [2025-05-16T06:01:50.500+0000] {dag.py:4180} INFO - Setting next_dagrun for example_xcom_args_with_operators to None, run_after=None
[2025-05-16T06:01:50.580+0000] {processor.py:208} INFO - Processing /home/airflow/.local/lib/python3.12/site-packages/airflow/example_dags/example_xcomargs.py took 0.310 seconds
[2025-05-16T06:02:21.712+0000] {processor.py:186} INFO - Started process (PID=3033) to work on /home/airflow/.local/lib/python3.12/site-packages/airflow/example_dags/example_xcomargs.py
[2025-05-16T06:02:21.719+0000] {processor.py:914} INFO - Processing file /home/airflow/.local/lib/python3.12/site-packages/airflow/example_dags/example_xcomargs.py for tasks to queue
[2025-05-16T06:02:21.730+0000] {logging_mixin.py:190} INFO - [2025-05-16T06:02:21.729+0000] {dagbag.py:588} INFO - Filling up the DagBag from /home/airflow/.local/lib/python3.12/site-packages/airflow/example_dags/example_xcomargs.py
[2025-05-16T06:02:21.772+0000] {processor.py:925} INFO - DAG(s) 'example_xcom_args_with_operators', 'example_xcom_args' retrieved from /home/airflow/.local/lib/python3.12/site-packages/airflow/example_dags/example_xcomargs.py
[2025-05-16T06:02:21.870+0000] {logging_mixin.py:190} INFO - [2025-05-16T06:02:21.868+0000] {dag.py:3239} INFO - Sync 2 DAGs
[2025-05-16T06:02:21.921+0000] {logging_mixin.py:190} INFO - [2025-05-16T06:02:21.920+0000] {dag.py:4180} INFO - Setting next_dagrun for example_xcom_args to None, run_after=None
[2025-05-16T06:02:21.945+0000] {logging_mixin.py:190} INFO - [2025-05-16T06:02:21.944+0000] {dag.py:4180} INFO - Setting next_dagrun for example_xcom_args_with_operators to None, run_after=None
[2025-05-16T06:02:22.047+0000] {processor.py:208} INFO - Processing /home/airflow/.local/lib/python3.12/site-packages/airflow/example_dags/example_xcomargs.py took 0.357 seconds
[2025-05-16T06:03:13.946+0000] {processor.py:186} INFO - Started process (PID=3098) to work on /home/airflow/.local/lib/python3.12/site-packages/airflow/example_dags/example_xcomargs.py
[2025-05-16T06:03:13.972+0000] {processor.py:914} INFO - Processing file /home/airflow/.local/lib/python3.12/site-packages/airflow/example_dags/example_xcomargs.py for tasks to queue
[2025-05-16T06:03:14.025+0000] {logging_mixin.py:190} INFO - [2025-05-16T06:03:14.019+0000] {dagbag.py:588} INFO - Filling up the DagBag from /home/airflow/.local/lib/python3.12/site-packages/airflow/example_dags/example_xcomargs.py
[2025-05-16T06:03:14.117+0000] {processor.py:925} INFO - DAG(s) 'example_xcom_args', 'example_xcom_args_with_operators' retrieved from /home/airflow/.local/lib/python3.12/site-packages/airflow/example_dags/example_xcomargs.py
[2025-05-16T06:03:14.307+0000] {logging_mixin.py:190} INFO - [2025-05-16T06:03:14.306+0000] {dag.py:3239} INFO - Sync 2 DAGs
[2025-05-16T06:03:14.443+0000] {logging_mixin.py:190} INFO - [2025-05-16T06:03:14.442+0000] {dag.py:4180} INFO - Setting next_dagrun for example_xcom_args to None, run_after=None
[2025-05-16T06:03:14.469+0000] {logging_mixin.py:190} INFO - [2025-05-16T06:03:14.468+0000] {dag.py:4180} INFO - Setting next_dagrun for example_xcom_args_with_operators to None, run_after=None
[2025-05-16T06:03:14.639+0000] {processor.py:208} INFO - Processing /home/airflow/.local/lib/python3.12/site-packages/airflow/example_dags/example_xcomargs.py took 0.727 seconds
