[2025-05-16T04:28:30.296+0000] {processor.py:186} INFO - Started process (PID=129) to work on /home/airflow/.local/lib/python3.12/site-packages/airflow/example_dags/example_nested_branch_dag.py
[2025-05-16T04:28:30.303+0000] {processor.py:914} INFO - Processing file /home/airflow/.local/lib/python3.12/site-packages/airflow/example_dags/example_nested_branch_dag.py for tasks to queue
[2025-05-16T04:28:30.312+0000] {logging_mixin.py:190} INFO - [2025-05-16T04:28:30.311+0000] {dagbag.py:588} INFO - Filling up the DagBag from /home/airflow/.local/lib/python3.12/site-packages/airflow/example_dags/example_nested_branch_dag.py
[2025-05-16T04:28:30.388+0000] {processor.py:925} INFO - DAG(s) 'example_nested_branch_dag' retrieved from /home/airflow/.local/lib/python3.12/site-packages/airflow/example_dags/example_nested_branch_dag.py
[2025-05-16T04:28:30.577+0000] {logging_mixin.py:190} INFO - [2025-05-16T04:28:30.576+0000] {dag.py:3239} INFO - Sync 1 DAGs
[2025-05-16T04:28:30.778+0000] {logging_mixin.py:190} INFO - [2025-05-16T04:28:30.775+0000] {dag.py:4180} INFO - Setting next_dagrun for example_nested_branch_dag to 2025-05-15 00:00:00+00:00, run_after=2025-05-16 00:00:00+00:00
[2025-05-16T04:28:30.880+0000] {processor.py:208} INFO - Processing /home/airflow/.local/lib/python3.12/site-packages/airflow/example_dags/example_nested_branch_dag.py took 0.610 seconds
[2025-05-16T04:29:38.906+0000] {processor.py:186} INFO - Started process (PID=202) to work on /home/airflow/.local/lib/python3.12/site-packages/airflow/example_dags/example_nested_branch_dag.py
[2025-05-16T04:29:38.926+0000] {processor.py:914} INFO - Processing file /home/airflow/.local/lib/python3.12/site-packages/airflow/example_dags/example_nested_branch_dag.py for tasks to queue
[2025-05-16T04:29:38.963+0000] {logging_mixin.py:190} INFO - [2025-05-16T04:29:38.955+0000] {dagbag.py:588} INFO - Filling up the DagBag from /home/airflow/.local/lib/python3.12/site-packages/airflow/example_dags/example_nested_branch_dag.py
[2025-05-16T04:29:39.025+0000] {processor.py:925} INFO - DAG(s) 'example_nested_branch_dag' retrieved from /home/airflow/.local/lib/python3.12/site-packages/airflow/example_dags/example_nested_branch_dag.py
[2025-05-16T04:29:39.168+0000] {logging_mixin.py:190} INFO - [2025-05-16T04:29:39.168+0000] {dag.py:3239} INFO - Sync 1 DAGs
[2025-05-16T04:29:39.281+0000] {logging_mixin.py:190} INFO - [2025-05-16T04:29:39.278+0000] {dag.py:4180} INFO - Setting next_dagrun for example_nested_branch_dag to 2025-05-15 00:00:00+00:00, run_after=2025-05-16 00:00:00+00:00
[2025-05-16T04:29:39.456+0000] {processor.py:208} INFO - Processing /home/airflow/.local/lib/python3.12/site-packages/airflow/example_dags/example_nested_branch_dag.py took 0.620 seconds
[2025-05-16T04:30:24.475+0000] {processor.py:186} INFO - Started process (PID=273) to work on /home/airflow/.local/lib/python3.12/site-packages/airflow/example_dags/example_nested_branch_dag.py
[2025-05-16T04:30:24.482+0000] {processor.py:914} INFO - Processing file /home/airflow/.local/lib/python3.12/site-packages/airflow/example_dags/example_nested_branch_dag.py for tasks to queue
[2025-05-16T04:30:24.498+0000] {logging_mixin.py:190} INFO - [2025-05-16T04:30:24.496+0000] {dagbag.py:588} INFO - Filling up the DagBag from /home/airflow/.local/lib/python3.12/site-packages/airflow/example_dags/example_nested_branch_dag.py
[2025-05-16T04:30:24.620+0000] {processor.py:925} INFO - DAG(s) 'example_nested_branch_dag' retrieved from /home/airflow/.local/lib/python3.12/site-packages/airflow/example_dags/example_nested_branch_dag.py
[2025-05-16T04:30:24.878+0000] {logging_mixin.py:190} INFO - [2025-05-16T04:30:24.874+0000] {dag.py:3239} INFO - Sync 1 DAGs
[2025-05-16T04:30:25.315+0000] {logging_mixin.py:190} INFO - [2025-05-16T04:30:25.314+0000] {dag.py:4180} INFO - Setting next_dagrun for example_nested_branch_dag to 2025-05-15 00:00:00+00:00, run_after=2025-05-16 00:00:00+00:00
[2025-05-16T04:30:25.470+0000] {processor.py:208} INFO - Processing /home/airflow/.local/lib/python3.12/site-packages/airflow/example_dags/example_nested_branch_dag.py took 1.062 seconds
[2025-05-16T04:31:09.504+0000] {processor.py:186} INFO - Started process (PID=345) to work on /home/airflow/.local/lib/python3.12/site-packages/airflow/example_dags/example_nested_branch_dag.py
[2025-05-16T04:31:09.519+0000] {processor.py:914} INFO - Processing file /home/airflow/.local/lib/python3.12/site-packages/airflow/example_dags/example_nested_branch_dag.py for tasks to queue
[2025-05-16T04:31:09.548+0000] {logging_mixin.py:190} INFO - [2025-05-16T04:31:09.544+0000] {dagbag.py:588} INFO - Filling up the DagBag from /home/airflow/.local/lib/python3.12/site-packages/airflow/example_dags/example_nested_branch_dag.py
[2025-05-16T04:31:09.613+0000] {processor.py:925} INFO - DAG(s) 'example_nested_branch_dag' retrieved from /home/airflow/.local/lib/python3.12/site-packages/airflow/example_dags/example_nested_branch_dag.py
[2025-05-16T04:31:09.825+0000] {logging_mixin.py:190} INFO - [2025-05-16T04:31:09.822+0000] {dag.py:3239} INFO - Sync 1 DAGs
[2025-05-16T04:31:10.117+0000] {logging_mixin.py:190} INFO - [2025-05-16T04:31:10.116+0000] {dag.py:4180} INFO - Setting next_dagrun for example_nested_branch_dag to 2025-05-15 00:00:00+00:00, run_after=2025-05-16 00:00:00+00:00
[2025-05-16T04:31:10.226+0000] {processor.py:208} INFO - Processing /home/airflow/.local/lib/python3.12/site-packages/airflow/example_dags/example_nested_branch_dag.py took 0.809 seconds
[2025-05-16T04:32:19.148+0000] {processor.py:186} INFO - Started process (PID=418) to work on /home/airflow/.local/lib/python3.12/site-packages/airflow/example_dags/example_nested_branch_dag.py
[2025-05-16T04:32:19.163+0000] {processor.py:914} INFO - Processing file /home/airflow/.local/lib/python3.12/site-packages/airflow/example_dags/example_nested_branch_dag.py for tasks to queue
[2025-05-16T04:32:19.186+0000] {logging_mixin.py:190} INFO - [2025-05-16T04:32:19.185+0000] {dagbag.py:588} INFO - Filling up the DagBag from /home/airflow/.local/lib/python3.12/site-packages/airflow/example_dags/example_nested_branch_dag.py
[2025-05-16T04:32:19.234+0000] {processor.py:925} INFO - DAG(s) 'example_nested_branch_dag' retrieved from /home/airflow/.local/lib/python3.12/site-packages/airflow/example_dags/example_nested_branch_dag.py
[2025-05-16T04:32:19.361+0000] {logging_mixin.py:190} INFO - [2025-05-16T04:32:19.360+0000] {dag.py:3239} INFO - Sync 1 DAGs
[2025-05-16T04:32:19.456+0000] {logging_mixin.py:190} INFO - [2025-05-16T04:32:19.455+0000] {dag.py:4180} INFO - Setting next_dagrun for example_nested_branch_dag to 2025-05-15 00:00:00+00:00, run_after=2025-05-16 00:00:00+00:00
[2025-05-16T04:32:19.522+0000] {processor.py:208} INFO - Processing /home/airflow/.local/lib/python3.12/site-packages/airflow/example_dags/example_nested_branch_dag.py took 0.395 seconds
[2025-05-16T04:33:24.318+0000] {processor.py:186} INFO - Started process (PID=491) to work on /home/airflow/.local/lib/python3.12/site-packages/airflow/example_dags/example_nested_branch_dag.py
[2025-05-16T04:33:24.372+0000] {processor.py:914} INFO - Processing file /home/airflow/.local/lib/python3.12/site-packages/airflow/example_dags/example_nested_branch_dag.py for tasks to queue
[2025-05-16T04:33:24.404+0000] {logging_mixin.py:190} INFO - [2025-05-16T04:33:24.403+0000] {dagbag.py:588} INFO - Filling up the DagBag from /home/airflow/.local/lib/python3.12/site-packages/airflow/example_dags/example_nested_branch_dag.py
[2025-05-16T04:33:24.523+0000] {processor.py:925} INFO - DAG(s) 'example_nested_branch_dag' retrieved from /home/airflow/.local/lib/python3.12/site-packages/airflow/example_dags/example_nested_branch_dag.py
[2025-05-16T04:33:24.736+0000] {logging_mixin.py:190} INFO - [2025-05-16T04:33:24.734+0000] {dag.py:3239} INFO - Sync 1 DAGs
[2025-05-16T04:33:25.179+0000] {logging_mixin.py:190} INFO - [2025-05-16T04:33:25.168+0000] {dag.py:4180} INFO - Setting next_dagrun for example_nested_branch_dag to 2025-05-15 00:00:00+00:00, run_after=2025-05-16 00:00:00+00:00
[2025-05-16T04:33:25.531+0000] {processor.py:208} INFO - Processing /home/airflow/.local/lib/python3.12/site-packages/airflow/example_dags/example_nested_branch_dag.py took 1.256 seconds
[2025-05-16T04:34:39.778+0000] {processor.py:186} INFO - Started process (PID=574) to work on /home/airflow/.local/lib/python3.12/site-packages/airflow/example_dags/example_nested_branch_dag.py
[2025-05-16T04:34:39.791+0000] {processor.py:914} INFO - Processing file /home/airflow/.local/lib/python3.12/site-packages/airflow/example_dags/example_nested_branch_dag.py for tasks to queue
[2025-05-16T04:34:39.827+0000] {logging_mixin.py:190} INFO - [2025-05-16T04:34:39.821+0000] {dagbag.py:588} INFO - Filling up the DagBag from /home/airflow/.local/lib/python3.12/site-packages/airflow/example_dags/example_nested_branch_dag.py
[2025-05-16T04:34:39.904+0000] {processor.py:925} INFO - DAG(s) 'example_nested_branch_dag' retrieved from /home/airflow/.local/lib/python3.12/site-packages/airflow/example_dags/example_nested_branch_dag.py
[2025-05-16T04:34:40.167+0000] {logging_mixin.py:190} INFO - [2025-05-16T04:34:40.164+0000] {dag.py:3239} INFO - Sync 1 DAGs
[2025-05-16T04:34:40.441+0000] {logging_mixin.py:190} INFO - [2025-05-16T04:34:40.440+0000] {dag.py:4180} INFO - Setting next_dagrun for example_nested_branch_dag to 2025-05-15 00:00:00+00:00, run_after=2025-05-16 00:00:00+00:00
[2025-05-16T04:34:40.798+0000] {processor.py:208} INFO - Processing /home/airflow/.local/lib/python3.12/site-packages/airflow/example_dags/example_nested_branch_dag.py took 1.051 seconds
[2025-05-16T04:35:18.384+0000] {processor.py:186} INFO - Started process (PID=640) to work on /home/airflow/.local/lib/python3.12/site-packages/airflow/example_dags/example_nested_branch_dag.py
[2025-05-16T04:35:18.391+0000] {processor.py:914} INFO - Processing file /home/airflow/.local/lib/python3.12/site-packages/airflow/example_dags/example_nested_branch_dag.py for tasks to queue
[2025-05-16T04:35:18.403+0000] {logging_mixin.py:190} INFO - [2025-05-16T04:35:18.402+0000] {dagbag.py:588} INFO - Filling up the DagBag from /home/airflow/.local/lib/python3.12/site-packages/airflow/example_dags/example_nested_branch_dag.py
[2025-05-16T04:35:18.461+0000] {processor.py:925} INFO - DAG(s) 'example_nested_branch_dag' retrieved from /home/airflow/.local/lib/python3.12/site-packages/airflow/example_dags/example_nested_branch_dag.py
[2025-05-16T04:35:18.745+0000] {logging_mixin.py:190} INFO - [2025-05-16T04:35:18.744+0000] {dag.py:3239} INFO - Sync 1 DAGs
[2025-05-16T04:35:19.120+0000] {logging_mixin.py:190} INFO - [2025-05-16T04:35:19.120+0000] {dag.py:4180} INFO - Setting next_dagrun for example_nested_branch_dag to 2025-05-15 00:00:00+00:00, run_after=2025-05-16 00:00:00+00:00
[2025-05-16T04:35:19.567+0000] {processor.py:208} INFO - Processing /home/airflow/.local/lib/python3.12/site-packages/airflow/example_dags/example_nested_branch_dag.py took 1.208 seconds
[2025-05-16T04:36:10.518+0000] {processor.py:186} INFO - Started process (PID=718) to work on /home/airflow/.local/lib/python3.12/site-packages/airflow/example_dags/example_nested_branch_dag.py
[2025-05-16T04:36:10.528+0000] {processor.py:914} INFO - Processing file /home/airflow/.local/lib/python3.12/site-packages/airflow/example_dags/example_nested_branch_dag.py for tasks to queue
[2025-05-16T04:36:10.578+0000] {logging_mixin.py:190} INFO - [2025-05-16T04:36:10.574+0000] {dagbag.py:588} INFO - Filling up the DagBag from /home/airflow/.local/lib/python3.12/site-packages/airflow/example_dags/example_nested_branch_dag.py
[2025-05-16T04:36:10.631+0000] {processor.py:925} INFO - DAG(s) 'example_nested_branch_dag' retrieved from /home/airflow/.local/lib/python3.12/site-packages/airflow/example_dags/example_nested_branch_dag.py
[2025-05-16T04:36:11.066+0000] {logging_mixin.py:190} INFO - [2025-05-16T04:36:11.065+0000] {dag.py:3239} INFO - Sync 1 DAGs
[2025-05-16T04:36:11.307+0000] {logging_mixin.py:190} INFO - [2025-05-16T04:36:11.306+0000] {dag.py:4180} INFO - Setting next_dagrun for example_nested_branch_dag to 2025-05-15 00:00:00+00:00, run_after=2025-05-16 00:00:00+00:00
[2025-05-16T04:36:11.445+0000] {processor.py:208} INFO - Processing /home/airflow/.local/lib/python3.12/site-packages/airflow/example_dags/example_nested_branch_dag.py took 0.944 seconds
[2025-05-16T04:36:42.000+0000] {processor.py:186} INFO - Started process (PID=782) to work on /home/airflow/.local/lib/python3.12/site-packages/airflow/example_dags/example_nested_branch_dag.py
[2025-05-16T04:36:42.008+0000] {processor.py:914} INFO - Processing file /home/airflow/.local/lib/python3.12/site-packages/airflow/example_dags/example_nested_branch_dag.py for tasks to queue
[2025-05-16T04:36:42.088+0000] {logging_mixin.py:190} INFO - [2025-05-16T04:36:42.073+0000] {dagbag.py:588} INFO - Filling up the DagBag from /home/airflow/.local/lib/python3.12/site-packages/airflow/example_dags/example_nested_branch_dag.py
[2025-05-16T04:36:42.148+0000] {processor.py:925} INFO - DAG(s) 'example_nested_branch_dag' retrieved from /home/airflow/.local/lib/python3.12/site-packages/airflow/example_dags/example_nested_branch_dag.py
[2025-05-16T04:36:42.476+0000] {logging_mixin.py:190} INFO - [2025-05-16T04:36:42.473+0000] {dag.py:3239} INFO - Sync 1 DAGs
[2025-05-16T04:36:42.614+0000] {logging_mixin.py:190} INFO - [2025-05-16T04:36:42.613+0000] {dag.py:4180} INFO - Setting next_dagrun for example_nested_branch_dag to 2025-05-15 00:00:00+00:00, run_after=2025-05-16 00:00:00+00:00
[2025-05-16T04:36:42.692+0000] {processor.py:208} INFO - Processing /home/airflow/.local/lib/python3.12/site-packages/airflow/example_dags/example_nested_branch_dag.py took 0.802 seconds
[2025-05-16T04:37:52.642+0000] {processor.py:186} INFO - Started process (PID=850) to work on /home/airflow/.local/lib/python3.12/site-packages/airflow/example_dags/example_nested_branch_dag.py
[2025-05-16T04:37:52.650+0000] {processor.py:914} INFO - Processing file /home/airflow/.local/lib/python3.12/site-packages/airflow/example_dags/example_nested_branch_dag.py for tasks to queue
[2025-05-16T04:37:52.662+0000] {logging_mixin.py:190} INFO - [2025-05-16T04:37:52.661+0000] {dagbag.py:588} INFO - Filling up the DagBag from /home/airflow/.local/lib/python3.12/site-packages/airflow/example_dags/example_nested_branch_dag.py
[2025-05-16T04:37:52.733+0000] {processor.py:925} INFO - DAG(s) 'example_nested_branch_dag' retrieved from /home/airflow/.local/lib/python3.12/site-packages/airflow/example_dags/example_nested_branch_dag.py
[2025-05-16T04:37:52.844+0000] {logging_mixin.py:190} INFO - [2025-05-16T04:37:52.843+0000] {dag.py:3239} INFO - Sync 1 DAGs
[2025-05-16T04:37:52.969+0000] {logging_mixin.py:190} INFO - [2025-05-16T04:37:52.968+0000] {dag.py:4180} INFO - Setting next_dagrun for example_nested_branch_dag to 2025-05-15 00:00:00+00:00, run_after=2025-05-16 00:00:00+00:00
[2025-05-16T04:37:53.106+0000] {processor.py:208} INFO - Processing /home/airflow/.local/lib/python3.12/site-packages/airflow/example_dags/example_nested_branch_dag.py took 0.489 seconds
[2025-05-16T05:36:49.406+0000] {processor.py:186} INFO - Started process (PID=130) to work on /home/airflow/.local/lib/python3.12/site-packages/airflow/example_dags/example_nested_branch_dag.py
[2025-05-16T05:36:49.409+0000] {processor.py:914} INFO - Processing file /home/airflow/.local/lib/python3.12/site-packages/airflow/example_dags/example_nested_branch_dag.py for tasks to queue
[2025-05-16T05:36:49.416+0000] {logging_mixin.py:190} INFO - [2025-05-16T05:36:49.415+0000] {dagbag.py:588} INFO - Filling up the DagBag from /home/airflow/.local/lib/python3.12/site-packages/airflow/example_dags/example_nested_branch_dag.py
[2025-05-16T05:36:49.448+0000] {processor.py:925} INFO - DAG(s) 'example_nested_branch_dag' retrieved from /home/airflow/.local/lib/python3.12/site-packages/airflow/example_dags/example_nested_branch_dag.py
[2025-05-16T05:36:49.525+0000] {logging_mixin.py:190} INFO - [2025-05-16T05:36:49.524+0000] {dag.py:3239} INFO - Sync 1 DAGs
[2025-05-16T05:36:49.613+0000] {logging_mixin.py:190} INFO - [2025-05-16T05:36:49.612+0000] {dag.py:4180} INFO - Setting next_dagrun for example_nested_branch_dag to 2025-05-15 00:00:00+00:00, run_after=2025-05-16 00:00:00+00:00
[2025-05-16T05:36:49.677+0000] {processor.py:208} INFO - Processing /home/airflow/.local/lib/python3.12/site-packages/airflow/example_dags/example_nested_branch_dag.py took 0.284 seconds
[2025-05-16T05:37:19.977+0000] {processor.py:186} INFO - Started process (PID=195) to work on /home/airflow/.local/lib/python3.12/site-packages/airflow/example_dags/example_nested_branch_dag.py
[2025-05-16T05:37:19.980+0000] {processor.py:914} INFO - Processing file /home/airflow/.local/lib/python3.12/site-packages/airflow/example_dags/example_nested_branch_dag.py for tasks to queue
[2025-05-16T05:37:19.985+0000] {logging_mixin.py:190} INFO - [2025-05-16T05:37:19.985+0000] {dagbag.py:588} INFO - Filling up the DagBag from /home/airflow/.local/lib/python3.12/site-packages/airflow/example_dags/example_nested_branch_dag.py
[2025-05-16T05:37:20.007+0000] {processor.py:925} INFO - DAG(s) 'example_nested_branch_dag' retrieved from /home/airflow/.local/lib/python3.12/site-packages/airflow/example_dags/example_nested_branch_dag.py
[2025-05-16T05:37:20.053+0000] {logging_mixin.py:190} INFO - [2025-05-16T05:37:20.053+0000] {dag.py:3239} INFO - Sync 1 DAGs
[2025-05-16T05:37:20.126+0000] {logging_mixin.py:190} INFO - [2025-05-16T05:37:20.125+0000] {dag.py:4180} INFO - Setting next_dagrun for example_nested_branch_dag to 2025-05-15 00:00:00+00:00, run_after=2025-05-16 00:00:00+00:00
[2025-05-16T05:37:20.187+0000] {processor.py:208} INFO - Processing /home/airflow/.local/lib/python3.12/site-packages/airflow/example_dags/example_nested_branch_dag.py took 0.222 seconds
[2025-05-16T05:37:50.302+0000] {processor.py:186} INFO - Started process (PID=261) to work on /home/airflow/.local/lib/python3.12/site-packages/airflow/example_dags/example_nested_branch_dag.py
[2025-05-16T05:37:50.304+0000] {processor.py:914} INFO - Processing file /home/airflow/.local/lib/python3.12/site-packages/airflow/example_dags/example_nested_branch_dag.py for tasks to queue
[2025-05-16T05:37:50.312+0000] {logging_mixin.py:190} INFO - [2025-05-16T05:37:50.311+0000] {dagbag.py:588} INFO - Filling up the DagBag from /home/airflow/.local/lib/python3.12/site-packages/airflow/example_dags/example_nested_branch_dag.py
[2025-05-16T05:37:50.336+0000] {processor.py:925} INFO - DAG(s) 'example_nested_branch_dag' retrieved from /home/airflow/.local/lib/python3.12/site-packages/airflow/example_dags/example_nested_branch_dag.py
[2025-05-16T05:37:50.378+0000] {logging_mixin.py:190} INFO - [2025-05-16T05:37:50.378+0000] {dag.py:3239} INFO - Sync 1 DAGs
[2025-05-16T05:37:50.429+0000] {logging_mixin.py:190} INFO - [2025-05-16T05:37:50.428+0000] {dag.py:4180} INFO - Setting next_dagrun for example_nested_branch_dag to 2025-05-15 00:00:00+00:00, run_after=2025-05-16 00:00:00+00:00
[2025-05-16T05:37:50.474+0000] {processor.py:208} INFO - Processing /home/airflow/.local/lib/python3.12/site-packages/airflow/example_dags/example_nested_branch_dag.py took 0.182 seconds
[2025-05-16T05:38:20.564+0000] {processor.py:186} INFO - Started process (PID=326) to work on /home/airflow/.local/lib/python3.12/site-packages/airflow/example_dags/example_nested_branch_dag.py
[2025-05-16T05:38:20.565+0000] {processor.py:914} INFO - Processing file /home/airflow/.local/lib/python3.12/site-packages/airflow/example_dags/example_nested_branch_dag.py for tasks to queue
[2025-05-16T05:38:20.567+0000] {logging_mixin.py:190} INFO - [2025-05-16T05:38:20.567+0000] {dagbag.py:588} INFO - Filling up the DagBag from /home/airflow/.local/lib/python3.12/site-packages/airflow/example_dags/example_nested_branch_dag.py
[2025-05-16T05:38:20.580+0000] {processor.py:925} INFO - DAG(s) 'example_nested_branch_dag' retrieved from /home/airflow/.local/lib/python3.12/site-packages/airflow/example_dags/example_nested_branch_dag.py
[2025-05-16T05:38:20.602+0000] {logging_mixin.py:190} INFO - [2025-05-16T05:38:20.602+0000] {dag.py:3239} INFO - Sync 1 DAGs
[2025-05-16T05:38:20.628+0000] {logging_mixin.py:190} INFO - [2025-05-16T05:38:20.628+0000] {dag.py:4180} INFO - Setting next_dagrun for example_nested_branch_dag to 2025-05-15 00:00:00+00:00, run_after=2025-05-16 00:00:00+00:00
[2025-05-16T05:38:20.652+0000] {processor.py:208} INFO - Processing /home/airflow/.local/lib/python3.12/site-packages/airflow/example_dags/example_nested_branch_dag.py took 0.095 seconds
[2025-05-16T05:38:51.497+0000] {processor.py:186} INFO - Started process (PID=392) to work on /home/airflow/.local/lib/python3.12/site-packages/airflow/example_dags/example_nested_branch_dag.py
[2025-05-16T05:38:51.499+0000] {processor.py:914} INFO - Processing file /home/airflow/.local/lib/python3.12/site-packages/airflow/example_dags/example_nested_branch_dag.py for tasks to queue
[2025-05-16T05:38:51.505+0000] {logging_mixin.py:190} INFO - [2025-05-16T05:38:51.504+0000] {dagbag.py:588} INFO - Filling up the DagBag from /home/airflow/.local/lib/python3.12/site-packages/airflow/example_dags/example_nested_branch_dag.py
[2025-05-16T05:38:51.537+0000] {processor.py:925} INFO - DAG(s) 'example_nested_branch_dag' retrieved from /home/airflow/.local/lib/python3.12/site-packages/airflow/example_dags/example_nested_branch_dag.py
[2025-05-16T05:38:51.594+0000] {logging_mixin.py:190} INFO - [2025-05-16T05:38:51.593+0000] {dag.py:3239} INFO - Sync 1 DAGs
[2025-05-16T05:38:51.646+0000] {logging_mixin.py:190} INFO - [2025-05-16T05:38:51.645+0000] {dag.py:4180} INFO - Setting next_dagrun for example_nested_branch_dag to 2025-05-15 00:00:00+00:00, run_after=2025-05-16 00:00:00+00:00
[2025-05-16T05:38:51.686+0000] {processor.py:208} INFO - Processing /home/airflow/.local/lib/python3.12/site-packages/airflow/example_dags/example_nested_branch_dag.py took 0.207 seconds
[2025-05-16T05:39:22.555+0000] {processor.py:186} INFO - Started process (PID=458) to work on /home/airflow/.local/lib/python3.12/site-packages/airflow/example_dags/example_nested_branch_dag.py
[2025-05-16T05:39:22.557+0000] {processor.py:914} INFO - Processing file /home/airflow/.local/lib/python3.12/site-packages/airflow/example_dags/example_nested_branch_dag.py for tasks to queue
[2025-05-16T05:39:22.561+0000] {logging_mixin.py:190} INFO - [2025-05-16T05:39:22.560+0000] {dagbag.py:588} INFO - Filling up the DagBag from /home/airflow/.local/lib/python3.12/site-packages/airflow/example_dags/example_nested_branch_dag.py
[2025-05-16T05:39:22.579+0000] {processor.py:925} INFO - DAG(s) 'example_nested_branch_dag' retrieved from /home/airflow/.local/lib/python3.12/site-packages/airflow/example_dags/example_nested_branch_dag.py
[2025-05-16T05:39:22.615+0000] {logging_mixin.py:190} INFO - [2025-05-16T05:39:22.614+0000] {dag.py:3239} INFO - Sync 1 DAGs
[2025-05-16T05:39:22.655+0000] {logging_mixin.py:190} INFO - [2025-05-16T05:39:22.654+0000] {dag.py:4180} INFO - Setting next_dagrun for example_nested_branch_dag to 2025-05-15 00:00:00+00:00, run_after=2025-05-16 00:00:00+00:00
[2025-05-16T05:39:22.690+0000] {processor.py:208} INFO - Processing /home/airflow/.local/lib/python3.12/site-packages/airflow/example_dags/example_nested_branch_dag.py took 0.144 seconds
[2025-05-16T05:39:52.972+0000] {processor.py:186} INFO - Started process (PID=523) to work on /home/airflow/.local/lib/python3.12/site-packages/airflow/example_dags/example_nested_branch_dag.py
[2025-05-16T05:39:52.975+0000] {processor.py:914} INFO - Processing file /home/airflow/.local/lib/python3.12/site-packages/airflow/example_dags/example_nested_branch_dag.py for tasks to queue
[2025-05-16T05:39:52.981+0000] {logging_mixin.py:190} INFO - [2025-05-16T05:39:52.981+0000] {dagbag.py:588} INFO - Filling up the DagBag from /home/airflow/.local/lib/python3.12/site-packages/airflow/example_dags/example_nested_branch_dag.py
[2025-05-16T05:39:52.995+0000] {processor.py:925} INFO - DAG(s) 'example_nested_branch_dag' retrieved from /home/airflow/.local/lib/python3.12/site-packages/airflow/example_dags/example_nested_branch_dag.py
[2025-05-16T05:39:53.020+0000] {logging_mixin.py:190} INFO - [2025-05-16T05:39:53.020+0000] {dag.py:3239} INFO - Sync 1 DAGs
[2025-05-16T05:39:53.043+0000] {logging_mixin.py:190} INFO - [2025-05-16T05:39:53.043+0000] {dag.py:4180} INFO - Setting next_dagrun for example_nested_branch_dag to 2025-05-15 00:00:00+00:00, run_after=2025-05-16 00:00:00+00:00
[2025-05-16T05:39:53.067+0000] {processor.py:208} INFO - Processing /home/airflow/.local/lib/python3.12/site-packages/airflow/example_dags/example_nested_branch_dag.py took 0.107 seconds
[2025-05-16T05:40:23.348+0000] {processor.py:186} INFO - Started process (PID=589) to work on /home/airflow/.local/lib/python3.12/site-packages/airflow/example_dags/example_nested_branch_dag.py
[2025-05-16T05:40:23.349+0000] {processor.py:914} INFO - Processing file /home/airflow/.local/lib/python3.12/site-packages/airflow/example_dags/example_nested_branch_dag.py for tasks to queue
[2025-05-16T05:40:23.352+0000] {logging_mixin.py:190} INFO - [2025-05-16T05:40:23.352+0000] {dagbag.py:588} INFO - Filling up the DagBag from /home/airflow/.local/lib/python3.12/site-packages/airflow/example_dags/example_nested_branch_dag.py
[2025-05-16T05:40:23.363+0000] {processor.py:925} INFO - DAG(s) 'example_nested_branch_dag' retrieved from /home/airflow/.local/lib/python3.12/site-packages/airflow/example_dags/example_nested_branch_dag.py
[2025-05-16T05:40:23.387+0000] {logging_mixin.py:190} INFO - [2025-05-16T05:40:23.386+0000] {dag.py:3239} INFO - Sync 1 DAGs
[2025-05-16T05:40:23.411+0000] {logging_mixin.py:190} INFO - [2025-05-16T05:40:23.411+0000] {dag.py:4180} INFO - Setting next_dagrun for example_nested_branch_dag to 2025-05-15 00:00:00+00:00, run_after=2025-05-16 00:00:00+00:00
[2025-05-16T05:40:23.437+0000] {processor.py:208} INFO - Processing /home/airflow/.local/lib/python3.12/site-packages/airflow/example_dags/example_nested_branch_dag.py took 0.101 seconds
[2025-05-16T05:40:54.251+0000] {processor.py:186} INFO - Started process (PID=655) to work on /home/airflow/.local/lib/python3.12/site-packages/airflow/example_dags/example_nested_branch_dag.py
[2025-05-16T05:40:54.254+0000] {processor.py:914} INFO - Processing file /home/airflow/.local/lib/python3.12/site-packages/airflow/example_dags/example_nested_branch_dag.py for tasks to queue
[2025-05-16T05:40:54.261+0000] {logging_mixin.py:190} INFO - [2025-05-16T05:40:54.260+0000] {dagbag.py:588} INFO - Filling up the DagBag from /home/airflow/.local/lib/python3.12/site-packages/airflow/example_dags/example_nested_branch_dag.py
[2025-05-16T05:40:54.288+0000] {processor.py:925} INFO - DAG(s) 'example_nested_branch_dag' retrieved from /home/airflow/.local/lib/python3.12/site-packages/airflow/example_dags/example_nested_branch_dag.py
[2025-05-16T05:40:54.347+0000] {logging_mixin.py:190} INFO - [2025-05-16T05:40:54.346+0000] {dag.py:3239} INFO - Sync 1 DAGs
[2025-05-16T05:40:54.410+0000] {logging_mixin.py:190} INFO - [2025-05-16T05:40:54.410+0000] {dag.py:4180} INFO - Setting next_dagrun for example_nested_branch_dag to 2025-05-15 00:00:00+00:00, run_after=2025-05-16 00:00:00+00:00
[2025-05-16T05:40:54.468+0000] {processor.py:208} INFO - Processing /home/airflow/.local/lib/python3.12/site-packages/airflow/example_dags/example_nested_branch_dag.py took 0.227 seconds
[2025-05-16T05:41:24.636+0000] {processor.py:186} INFO - Started process (PID=721) to work on /home/airflow/.local/lib/python3.12/site-packages/airflow/example_dags/example_nested_branch_dag.py
[2025-05-16T05:41:24.639+0000] {processor.py:914} INFO - Processing file /home/airflow/.local/lib/python3.12/site-packages/airflow/example_dags/example_nested_branch_dag.py for tasks to queue
[2025-05-16T05:41:24.644+0000] {logging_mixin.py:190} INFO - [2025-05-16T05:41:24.643+0000] {dagbag.py:588} INFO - Filling up the DagBag from /home/airflow/.local/lib/python3.12/site-packages/airflow/example_dags/example_nested_branch_dag.py
[2025-05-16T05:41:24.669+0000] {processor.py:925} INFO - DAG(s) 'example_nested_branch_dag' retrieved from /home/airflow/.local/lib/python3.12/site-packages/airflow/example_dags/example_nested_branch_dag.py
[2025-05-16T05:41:24.710+0000] {logging_mixin.py:190} INFO - [2025-05-16T05:41:24.709+0000] {dag.py:3239} INFO - Sync 1 DAGs
[2025-05-16T05:41:24.748+0000] {logging_mixin.py:190} INFO - [2025-05-16T05:41:24.747+0000] {dag.py:4180} INFO - Setting next_dagrun for example_nested_branch_dag to 2025-05-15 00:00:00+00:00, run_after=2025-05-16 00:00:00+00:00
[2025-05-16T05:41:24.780+0000] {processor.py:208} INFO - Processing /home/airflow/.local/lib/python3.12/site-packages/airflow/example_dags/example_nested_branch_dag.py took 0.157 seconds
[2025-05-16T05:41:55.296+0000] {processor.py:186} INFO - Started process (PID=793) to work on /home/airflow/.local/lib/python3.12/site-packages/airflow/example_dags/example_nested_branch_dag.py
[2025-05-16T05:41:55.299+0000] {processor.py:914} INFO - Processing file /home/airflow/.local/lib/python3.12/site-packages/airflow/example_dags/example_nested_branch_dag.py for tasks to queue
[2025-05-16T05:41:55.307+0000] {logging_mixin.py:190} INFO - [2025-05-16T05:41:55.305+0000] {dagbag.py:588} INFO - Filling up the DagBag from /home/airflow/.local/lib/python3.12/site-packages/airflow/example_dags/example_nested_branch_dag.py
[2025-05-16T05:41:55.335+0000] {processor.py:925} INFO - DAG(s) 'example_nested_branch_dag' retrieved from /home/airflow/.local/lib/python3.12/site-packages/airflow/example_dags/example_nested_branch_dag.py
[2025-05-16T05:41:55.380+0000] {logging_mixin.py:190} INFO - [2025-05-16T05:41:55.380+0000] {dag.py:3239} INFO - Sync 1 DAGs
[2025-05-16T05:41:55.429+0000] {logging_mixin.py:190} INFO - [2025-05-16T05:41:55.428+0000] {dag.py:4180} INFO - Setting next_dagrun for example_nested_branch_dag to 2025-05-15 00:00:00+00:00, run_after=2025-05-16 00:00:00+00:00
[2025-05-16T05:41:55.464+0000] {processor.py:208} INFO - Processing /home/airflow/.local/lib/python3.12/site-packages/airflow/example_dags/example_nested_branch_dag.py took 0.184 seconds
[2025-05-16T05:42:25.633+0000] {processor.py:186} INFO - Started process (PID=859) to work on /home/airflow/.local/lib/python3.12/site-packages/airflow/example_dags/example_nested_branch_dag.py
[2025-05-16T05:42:25.634+0000] {processor.py:914} INFO - Processing file /home/airflow/.local/lib/python3.12/site-packages/airflow/example_dags/example_nested_branch_dag.py for tasks to queue
[2025-05-16T05:42:25.638+0000] {logging_mixin.py:190} INFO - [2025-05-16T05:42:25.637+0000] {dagbag.py:588} INFO - Filling up the DagBag from /home/airflow/.local/lib/python3.12/site-packages/airflow/example_dags/example_nested_branch_dag.py
[2025-05-16T05:42:25.651+0000] {processor.py:925} INFO - DAG(s) 'example_nested_branch_dag' retrieved from /home/airflow/.local/lib/python3.12/site-packages/airflow/example_dags/example_nested_branch_dag.py
[2025-05-16T05:42:25.677+0000] {logging_mixin.py:190} INFO - [2025-05-16T05:42:25.677+0000] {dag.py:3239} INFO - Sync 1 DAGs
[2025-05-16T05:42:25.705+0000] {logging_mixin.py:190} INFO - [2025-05-16T05:42:25.705+0000] {dag.py:4180} INFO - Setting next_dagrun for example_nested_branch_dag to 2025-05-15 00:00:00+00:00, run_after=2025-05-16 00:00:00+00:00
[2025-05-16T05:42:25.732+0000] {processor.py:208} INFO - Processing /home/airflow/.local/lib/python3.12/site-packages/airflow/example_dags/example_nested_branch_dag.py took 0.107 seconds
[2025-05-16T05:43:00.061+0000] {processor.py:186} INFO - Started process (PID=924) to work on /home/airflow/.local/lib/python3.12/site-packages/airflow/example_dags/example_nested_branch_dag.py
[2025-05-16T05:43:00.066+0000] {processor.py:914} INFO - Processing file /home/airflow/.local/lib/python3.12/site-packages/airflow/example_dags/example_nested_branch_dag.py for tasks to queue
[2025-05-16T05:43:00.076+0000] {logging_mixin.py:190} INFO - [2025-05-16T05:43:00.073+0000] {dagbag.py:588} INFO - Filling up the DagBag from /home/airflow/.local/lib/python3.12/site-packages/airflow/example_dags/example_nested_branch_dag.py
[2025-05-16T05:43:00.108+0000] {processor.py:925} INFO - DAG(s) 'example_nested_branch_dag' retrieved from /home/airflow/.local/lib/python3.12/site-packages/airflow/example_dags/example_nested_branch_dag.py
[2025-05-16T05:43:00.167+0000] {logging_mixin.py:190} INFO - [2025-05-16T05:43:00.166+0000] {dag.py:3239} INFO - Sync 1 DAGs
[2025-05-16T05:43:00.242+0000] {logging_mixin.py:190} INFO - [2025-05-16T05:43:00.241+0000] {dag.py:4180} INFO - Setting next_dagrun for example_nested_branch_dag to 2025-05-15 00:00:00+00:00, run_after=2025-05-16 00:00:00+00:00
[2025-05-16T05:43:00.300+0000] {processor.py:208} INFO - Processing /home/airflow/.local/lib/python3.12/site-packages/airflow/example_dags/example_nested_branch_dag.py took 0.258 seconds
[2025-05-16T05:43:30.612+0000] {processor.py:186} INFO - Started process (PID=990) to work on /home/airflow/.local/lib/python3.12/site-packages/airflow/example_dags/example_nested_branch_dag.py
[2025-05-16T05:43:30.613+0000] {processor.py:914} INFO - Processing file /home/airflow/.local/lib/python3.12/site-packages/airflow/example_dags/example_nested_branch_dag.py for tasks to queue
[2025-05-16T05:43:30.616+0000] {logging_mixin.py:190} INFO - [2025-05-16T05:43:30.615+0000] {dagbag.py:588} INFO - Filling up the DagBag from /home/airflow/.local/lib/python3.12/site-packages/airflow/example_dags/example_nested_branch_dag.py
[2025-05-16T05:43:30.627+0000] {processor.py:925} INFO - DAG(s) 'example_nested_branch_dag' retrieved from /home/airflow/.local/lib/python3.12/site-packages/airflow/example_dags/example_nested_branch_dag.py
[2025-05-16T05:43:30.650+0000] {logging_mixin.py:190} INFO - [2025-05-16T05:43:30.649+0000] {dag.py:3239} INFO - Sync 1 DAGs
[2025-05-16T05:43:30.676+0000] {logging_mixin.py:190} INFO - [2025-05-16T05:43:30.676+0000] {dag.py:4180} INFO - Setting next_dagrun for example_nested_branch_dag to 2025-05-15 00:00:00+00:00, run_after=2025-05-16 00:00:00+00:00
[2025-05-16T05:43:30.703+0000] {processor.py:208} INFO - Processing /home/airflow/.local/lib/python3.12/site-packages/airflow/example_dags/example_nested_branch_dag.py took 0.098 seconds
[2025-05-16T05:44:02.097+0000] {processor.py:186} INFO - Started process (PID=1056) to work on /home/airflow/.local/lib/python3.12/site-packages/airflow/example_dags/example_nested_branch_dag.py
[2025-05-16T05:44:02.102+0000] {processor.py:914} INFO - Processing file /home/airflow/.local/lib/python3.12/site-packages/airflow/example_dags/example_nested_branch_dag.py for tasks to queue
[2025-05-16T05:44:02.110+0000] {logging_mixin.py:190} INFO - [2025-05-16T05:44:02.109+0000] {dagbag.py:588} INFO - Filling up the DagBag from /home/airflow/.local/lib/python3.12/site-packages/airflow/example_dags/example_nested_branch_dag.py
[2025-05-16T05:44:02.142+0000] {processor.py:925} INFO - DAG(s) 'example_nested_branch_dag' retrieved from /home/airflow/.local/lib/python3.12/site-packages/airflow/example_dags/example_nested_branch_dag.py
[2025-05-16T05:44:02.198+0000] {logging_mixin.py:190} INFO - [2025-05-16T05:44:02.197+0000] {dag.py:3239} INFO - Sync 1 DAGs
[2025-05-16T05:44:02.265+0000] {logging_mixin.py:190} INFO - [2025-05-16T05:44:02.264+0000] {dag.py:4180} INFO - Setting next_dagrun for example_nested_branch_dag to 2025-05-15 00:00:00+00:00, run_after=2025-05-16 00:00:00+00:00
[2025-05-16T05:44:02.318+0000] {processor.py:208} INFO - Processing /home/airflow/.local/lib/python3.12/site-packages/airflow/example_dags/example_nested_branch_dag.py took 0.238 seconds
[2025-05-16T05:44:33.476+0000] {processor.py:186} INFO - Started process (PID=1122) to work on /home/airflow/.local/lib/python3.12/site-packages/airflow/example_dags/example_nested_branch_dag.py
[2025-05-16T05:44:33.481+0000] {processor.py:914} INFO - Processing file /home/airflow/.local/lib/python3.12/site-packages/airflow/example_dags/example_nested_branch_dag.py for tasks to queue
[2025-05-16T05:44:33.491+0000] {logging_mixin.py:190} INFO - [2025-05-16T05:44:33.490+0000] {dagbag.py:588} INFO - Filling up the DagBag from /home/airflow/.local/lib/python3.12/site-packages/airflow/example_dags/example_nested_branch_dag.py
[2025-05-16T05:44:33.532+0000] {processor.py:925} INFO - DAG(s) 'example_nested_branch_dag' retrieved from /home/airflow/.local/lib/python3.12/site-packages/airflow/example_dags/example_nested_branch_dag.py
[2025-05-16T05:44:33.642+0000] {logging_mixin.py:190} INFO - [2025-05-16T05:44:33.641+0000] {dag.py:3239} INFO - Sync 1 DAGs
[2025-05-16T05:44:33.748+0000] {logging_mixin.py:190} INFO - [2025-05-16T05:44:33.747+0000] {dag.py:4180} INFO - Setting next_dagrun for example_nested_branch_dag to 2025-05-15 00:00:00+00:00, run_after=2025-05-16 00:00:00+00:00
[2025-05-16T05:44:33.893+0000] {processor.py:208} INFO - Processing /home/airflow/.local/lib/python3.12/site-packages/airflow/example_dags/example_nested_branch_dag.py took 0.437 seconds
[2025-05-16T05:45:04.512+0000] {processor.py:186} INFO - Started process (PID=1188) to work on /home/airflow/.local/lib/python3.12/site-packages/airflow/example_dags/example_nested_branch_dag.py
[2025-05-16T05:45:04.515+0000] {processor.py:914} INFO - Processing file /home/airflow/.local/lib/python3.12/site-packages/airflow/example_dags/example_nested_branch_dag.py for tasks to queue
[2025-05-16T05:45:04.520+0000] {logging_mixin.py:190} INFO - [2025-05-16T05:45:04.520+0000] {dagbag.py:588} INFO - Filling up the DagBag from /home/airflow/.local/lib/python3.12/site-packages/airflow/example_dags/example_nested_branch_dag.py
[2025-05-16T05:45:04.541+0000] {processor.py:925} INFO - DAG(s) 'example_nested_branch_dag' retrieved from /home/airflow/.local/lib/python3.12/site-packages/airflow/example_dags/example_nested_branch_dag.py
[2025-05-16T05:45:04.601+0000] {logging_mixin.py:190} INFO - [2025-05-16T05:45:04.600+0000] {dag.py:3239} INFO - Sync 1 DAGs
[2025-05-16T05:45:04.670+0000] {logging_mixin.py:190} INFO - [2025-05-16T05:45:04.669+0000] {dag.py:4180} INFO - Setting next_dagrun for example_nested_branch_dag to 2025-05-15 00:00:00+00:00, run_after=2025-05-16 00:00:00+00:00
[2025-05-16T05:45:04.716+0000] {processor.py:208} INFO - Processing /home/airflow/.local/lib/python3.12/site-packages/airflow/example_dags/example_nested_branch_dag.py took 0.214 seconds
[2025-05-16T05:45:46.569+0000] {processor.py:186} INFO - Started process (PID=1254) to work on /home/airflow/.local/lib/python3.12/site-packages/airflow/example_dags/example_nested_branch_dag.py
[2025-05-16T05:45:46.572+0000] {processor.py:914} INFO - Processing file /home/airflow/.local/lib/python3.12/site-packages/airflow/example_dags/example_nested_branch_dag.py for tasks to queue
[2025-05-16T05:45:46.580+0000] {logging_mixin.py:190} INFO - [2025-05-16T05:45:46.579+0000] {dagbag.py:588} INFO - Filling up the DagBag from /home/airflow/.local/lib/python3.12/site-packages/airflow/example_dags/example_nested_branch_dag.py
[2025-05-16T05:45:46.615+0000] {processor.py:925} INFO - DAG(s) 'example_nested_branch_dag' retrieved from /home/airflow/.local/lib/python3.12/site-packages/airflow/example_dags/example_nested_branch_dag.py
[2025-05-16T05:45:46.682+0000] {logging_mixin.py:190} INFO - [2025-05-16T05:45:46.682+0000] {dag.py:3239} INFO - Sync 1 DAGs
[2025-05-16T05:45:46.748+0000] {logging_mixin.py:190} INFO - [2025-05-16T05:45:46.747+0000] {dag.py:4180} INFO - Setting next_dagrun for example_nested_branch_dag to 2025-05-15 00:00:00+00:00, run_after=2025-05-16 00:00:00+00:00
[2025-05-16T05:45:46.805+0000] {processor.py:208} INFO - Processing /home/airflow/.local/lib/python3.12/site-packages/airflow/example_dags/example_nested_branch_dag.py took 0.253 seconds
[2025-05-16T05:46:17.219+0000] {processor.py:186} INFO - Started process (PID=1319) to work on /home/airflow/.local/lib/python3.12/site-packages/airflow/example_dags/example_nested_branch_dag.py
[2025-05-16T05:46:17.224+0000] {processor.py:914} INFO - Processing file /home/airflow/.local/lib/python3.12/site-packages/airflow/example_dags/example_nested_branch_dag.py for tasks to queue
[2025-05-16T05:46:17.231+0000] {logging_mixin.py:190} INFO - [2025-05-16T05:46:17.230+0000] {dagbag.py:588} INFO - Filling up the DagBag from /home/airflow/.local/lib/python3.12/site-packages/airflow/example_dags/example_nested_branch_dag.py
[2025-05-16T05:46:17.261+0000] {processor.py:925} INFO - DAG(s) 'example_nested_branch_dag' retrieved from /home/airflow/.local/lib/python3.12/site-packages/airflow/example_dags/example_nested_branch_dag.py
[2025-05-16T05:46:17.320+0000] {logging_mixin.py:190} INFO - [2025-05-16T05:46:17.319+0000] {dag.py:3239} INFO - Sync 1 DAGs
[2025-05-16T05:46:17.375+0000] {logging_mixin.py:190} INFO - [2025-05-16T05:46:17.375+0000] {dag.py:4180} INFO - Setting next_dagrun for example_nested_branch_dag to 2025-05-15 00:00:00+00:00, run_after=2025-05-16 00:00:00+00:00
[2025-05-16T05:46:17.430+0000] {processor.py:208} INFO - Processing /home/airflow/.local/lib/python3.12/site-packages/airflow/example_dags/example_nested_branch_dag.py took 0.226 seconds
[2025-05-16T05:46:48.300+0000] {processor.py:186} INFO - Started process (PID=1385) to work on /home/airflow/.local/lib/python3.12/site-packages/airflow/example_dags/example_nested_branch_dag.py
[2025-05-16T05:46:48.303+0000] {processor.py:914} INFO - Processing file /home/airflow/.local/lib/python3.12/site-packages/airflow/example_dags/example_nested_branch_dag.py for tasks to queue
[2025-05-16T05:46:48.309+0000] {logging_mixin.py:190} INFO - [2025-05-16T05:46:48.308+0000] {dagbag.py:588} INFO - Filling up the DagBag from /home/airflow/.local/lib/python3.12/site-packages/airflow/example_dags/example_nested_branch_dag.py
[2025-05-16T05:46:48.332+0000] {processor.py:925} INFO - DAG(s) 'example_nested_branch_dag' retrieved from /home/airflow/.local/lib/python3.12/site-packages/airflow/example_dags/example_nested_branch_dag.py
[2025-05-16T05:46:48.372+0000] {logging_mixin.py:190} INFO - [2025-05-16T05:46:48.372+0000] {dag.py:3239} INFO - Sync 1 DAGs
[2025-05-16T05:46:48.414+0000] {logging_mixin.py:190} INFO - [2025-05-16T05:46:48.413+0000] {dag.py:4180} INFO - Setting next_dagrun for example_nested_branch_dag to 2025-05-15 00:00:00+00:00, run_after=2025-05-16 00:00:00+00:00
[2025-05-16T05:46:48.453+0000] {processor.py:208} INFO - Processing /home/airflow/.local/lib/python3.12/site-packages/airflow/example_dags/example_nested_branch_dag.py took 0.168 seconds
[2025-05-16T05:47:19.358+0000] {processor.py:186} INFO - Started process (PID=1451) to work on /home/airflow/.local/lib/python3.12/site-packages/airflow/example_dags/example_nested_branch_dag.py
[2025-05-16T05:47:19.362+0000] {processor.py:914} INFO - Processing file /home/airflow/.local/lib/python3.12/site-packages/airflow/example_dags/example_nested_branch_dag.py for tasks to queue
[2025-05-16T05:47:19.368+0000] {logging_mixin.py:190} INFO - [2025-05-16T05:47:19.367+0000] {dagbag.py:588} INFO - Filling up the DagBag from /home/airflow/.local/lib/python3.12/site-packages/airflow/example_dags/example_nested_branch_dag.py
[2025-05-16T05:47:19.390+0000] {processor.py:925} INFO - DAG(s) 'example_nested_branch_dag' retrieved from /home/airflow/.local/lib/python3.12/site-packages/airflow/example_dags/example_nested_branch_dag.py
[2025-05-16T05:47:19.435+0000] {logging_mixin.py:190} INFO - [2025-05-16T05:47:19.435+0000] {dag.py:3239} INFO - Sync 1 DAGs
[2025-05-16T05:47:19.480+0000] {logging_mixin.py:190} INFO - [2025-05-16T05:47:19.480+0000] {dag.py:4180} INFO - Setting next_dagrun for example_nested_branch_dag to 2025-05-15 00:00:00+00:00, run_after=2025-05-16 00:00:00+00:00
[2025-05-16T05:47:19.527+0000] {processor.py:208} INFO - Processing /home/airflow/.local/lib/python3.12/site-packages/airflow/example_dags/example_nested_branch_dag.py took 0.188 seconds
[2025-05-16T05:47:49.723+0000] {processor.py:186} INFO - Started process (PID=1517) to work on /home/airflow/.local/lib/python3.12/site-packages/airflow/example_dags/example_nested_branch_dag.py
[2025-05-16T05:47:49.726+0000] {processor.py:914} INFO - Processing file /home/airflow/.local/lib/python3.12/site-packages/airflow/example_dags/example_nested_branch_dag.py for tasks to queue
[2025-05-16T05:47:49.733+0000] {logging_mixin.py:190} INFO - [2025-05-16T05:47:49.732+0000] {dagbag.py:588} INFO - Filling up the DagBag from /home/airflow/.local/lib/python3.12/site-packages/airflow/example_dags/example_nested_branch_dag.py
[2025-05-16T05:47:49.760+0000] {processor.py:925} INFO - DAG(s) 'example_nested_branch_dag' retrieved from /home/airflow/.local/lib/python3.12/site-packages/airflow/example_dags/example_nested_branch_dag.py
[2025-05-16T05:47:49.807+0000] {logging_mixin.py:190} INFO - [2025-05-16T05:47:49.807+0000] {dag.py:3239} INFO - Sync 1 DAGs
[2025-05-16T05:47:49.861+0000] {logging_mixin.py:190} INFO - [2025-05-16T05:47:49.860+0000] {dag.py:4180} INFO - Setting next_dagrun for example_nested_branch_dag to 2025-05-15 00:00:00+00:00, run_after=2025-05-16 00:00:00+00:00
[2025-05-16T05:47:49.910+0000] {processor.py:208} INFO - Processing /home/airflow/.local/lib/python3.12/site-packages/airflow/example_dags/example_nested_branch_dag.py took 0.201 seconds
[2025-05-16T05:48:20.651+0000] {processor.py:186} INFO - Started process (PID=1583) to work on /home/airflow/.local/lib/python3.12/site-packages/airflow/example_dags/example_nested_branch_dag.py
[2025-05-16T05:48:20.659+0000] {processor.py:914} INFO - Processing file /home/airflow/.local/lib/python3.12/site-packages/airflow/example_dags/example_nested_branch_dag.py for tasks to queue
[2025-05-16T05:48:20.686+0000] {logging_mixin.py:190} INFO - [2025-05-16T05:48:20.683+0000] {dagbag.py:588} INFO - Filling up the DagBag from /home/airflow/.local/lib/python3.12/site-packages/airflow/example_dags/example_nested_branch_dag.py
[2025-05-16T05:48:20.737+0000] {processor.py:925} INFO - DAG(s) 'example_nested_branch_dag' retrieved from /home/airflow/.local/lib/python3.12/site-packages/airflow/example_dags/example_nested_branch_dag.py
[2025-05-16T05:48:20.893+0000] {logging_mixin.py:190} INFO - [2025-05-16T05:48:20.892+0000] {dag.py:3239} INFO - Sync 1 DAGs
[2025-05-16T05:48:21.046+0000] {logging_mixin.py:190} INFO - [2025-05-16T05:48:21.045+0000] {dag.py:4180} INFO - Setting next_dagrun for example_nested_branch_dag to 2025-05-15 00:00:00+00:00, run_after=2025-05-16 00:00:00+00:00
[2025-05-16T05:48:21.139+0000] {processor.py:208} INFO - Processing /home/airflow/.local/lib/python3.12/site-packages/airflow/example_dags/example_nested_branch_dag.py took 0.520 seconds
[2025-05-16T05:48:51.413+0000] {processor.py:186} INFO - Started process (PID=1649) to work on /home/airflow/.local/lib/python3.12/site-packages/airflow/example_dags/example_nested_branch_dag.py
[2025-05-16T05:48:51.416+0000] {processor.py:914} INFO - Processing file /home/airflow/.local/lib/python3.12/site-packages/airflow/example_dags/example_nested_branch_dag.py for tasks to queue
[2025-05-16T05:48:51.422+0000] {logging_mixin.py:190} INFO - [2025-05-16T05:48:51.421+0000] {dagbag.py:588} INFO - Filling up the DagBag from /home/airflow/.local/lib/python3.12/site-packages/airflow/example_dags/example_nested_branch_dag.py
[2025-05-16T05:48:51.450+0000] {processor.py:925} INFO - DAG(s) 'example_nested_branch_dag' retrieved from /home/airflow/.local/lib/python3.12/site-packages/airflow/example_dags/example_nested_branch_dag.py
[2025-05-16T05:48:51.490+0000] {logging_mixin.py:190} INFO - [2025-05-16T05:48:51.490+0000] {dag.py:3239} INFO - Sync 1 DAGs
[2025-05-16T05:48:51.554+0000] {logging_mixin.py:190} INFO - [2025-05-16T05:48:51.553+0000] {dag.py:4180} INFO - Setting next_dagrun for example_nested_branch_dag to 2025-05-15 00:00:00+00:00, run_after=2025-05-16 00:00:00+00:00
[2025-05-16T05:48:51.594+0000] {processor.py:208} INFO - Processing /home/airflow/.local/lib/python3.12/site-packages/airflow/example_dags/example_nested_branch_dag.py took 0.193 seconds
[2025-05-16T05:49:30.237+0000] {processor.py:186} INFO - Started process (PID=1720) to work on /home/airflow/.local/lib/python3.12/site-packages/airflow/example_dags/example_nested_branch_dag.py
[2025-05-16T05:49:30.240+0000] {processor.py:914} INFO - Processing file /home/airflow/.local/lib/python3.12/site-packages/airflow/example_dags/example_nested_branch_dag.py for tasks to queue
[2025-05-16T05:49:30.247+0000] {logging_mixin.py:190} INFO - [2025-05-16T05:49:30.246+0000] {dagbag.py:588} INFO - Filling up the DagBag from /home/airflow/.local/lib/python3.12/site-packages/airflow/example_dags/example_nested_branch_dag.py
[2025-05-16T05:49:30.279+0000] {processor.py:925} INFO - DAG(s) 'example_nested_branch_dag' retrieved from /home/airflow/.local/lib/python3.12/site-packages/airflow/example_dags/example_nested_branch_dag.py
[2025-05-16T05:49:30.338+0000] {logging_mixin.py:190} INFO - [2025-05-16T05:49:30.337+0000] {dag.py:3239} INFO - Sync 1 DAGs
[2025-05-16T05:49:30.428+0000] {logging_mixin.py:190} INFO - [2025-05-16T05:49:30.428+0000] {dag.py:4180} INFO - Setting next_dagrun for example_nested_branch_dag to 2025-05-15 00:00:00+00:00, run_after=2025-05-16 00:00:00+00:00
[2025-05-16T05:49:30.489+0000] {processor.py:208} INFO - Processing /home/airflow/.local/lib/python3.12/site-packages/airflow/example_dags/example_nested_branch_dag.py took 0.267 seconds
[2025-05-16T05:50:04.894+0000] {processor.py:186} INFO - Started process (PID=1784) to work on /home/airflow/.local/lib/python3.12/site-packages/airflow/example_dags/example_nested_branch_dag.py
[2025-05-16T05:50:04.907+0000] {processor.py:914} INFO - Processing file /home/airflow/.local/lib/python3.12/site-packages/airflow/example_dags/example_nested_branch_dag.py for tasks to queue
[2025-05-16T05:50:04.920+0000] {logging_mixin.py:190} INFO - [2025-05-16T05:50:04.919+0000] {dagbag.py:588} INFO - Filling up the DagBag from /home/airflow/.local/lib/python3.12/site-packages/airflow/example_dags/example_nested_branch_dag.py
[2025-05-16T05:50:04.980+0000] {processor.py:925} INFO - DAG(s) 'example_nested_branch_dag' retrieved from /home/airflow/.local/lib/python3.12/site-packages/airflow/example_dags/example_nested_branch_dag.py
[2025-05-16T05:50:05.085+0000] {logging_mixin.py:190} INFO - [2025-05-16T05:50:05.084+0000] {dag.py:3239} INFO - Sync 1 DAGs
[2025-05-16T05:50:05.236+0000] {logging_mixin.py:190} INFO - [2025-05-16T05:50:05.235+0000] {dag.py:4180} INFO - Setting next_dagrun for example_nested_branch_dag to 2025-05-15 00:00:00+00:00, run_after=2025-05-16 00:00:00+00:00
[2025-05-16T05:50:05.372+0000] {processor.py:208} INFO - Processing /home/airflow/.local/lib/python3.12/site-packages/airflow/example_dags/example_nested_branch_dag.py took 0.501 seconds
[2025-05-16T05:50:38.537+0000] {processor.py:186} INFO - Started process (PID=1851) to work on /home/airflow/.local/lib/python3.12/site-packages/airflow/example_dags/example_nested_branch_dag.py
[2025-05-16T05:50:38.548+0000] {processor.py:914} INFO - Processing file /home/airflow/.local/lib/python3.12/site-packages/airflow/example_dags/example_nested_branch_dag.py for tasks to queue
[2025-05-16T05:50:38.562+0000] {logging_mixin.py:190} INFO - [2025-05-16T05:50:38.560+0000] {dagbag.py:588} INFO - Filling up the DagBag from /home/airflow/.local/lib/python3.12/site-packages/airflow/example_dags/example_nested_branch_dag.py
[2025-05-16T05:50:38.627+0000] {processor.py:925} INFO - DAG(s) 'example_nested_branch_dag' retrieved from /home/airflow/.local/lib/python3.12/site-packages/airflow/example_dags/example_nested_branch_dag.py
[2025-05-16T05:50:38.744+0000] {logging_mixin.py:190} INFO - [2025-05-16T05:50:38.741+0000] {dag.py:3239} INFO - Sync 1 DAGs
[2025-05-16T05:50:38.884+0000] {logging_mixin.py:190} INFO - [2025-05-16T05:50:38.883+0000] {dag.py:4180} INFO - Setting next_dagrun for example_nested_branch_dag to 2025-05-15 00:00:00+00:00, run_after=2025-05-16 00:00:00+00:00
[2025-05-16T05:50:39.011+0000] {processor.py:208} INFO - Processing /home/airflow/.local/lib/python3.12/site-packages/airflow/example_dags/example_nested_branch_dag.py took 0.513 seconds
[2025-05-16T05:51:17.149+0000] {processor.py:186} INFO - Started process (PID=1915) to work on /home/airflow/.local/lib/python3.12/site-packages/airflow/example_dags/example_nested_branch_dag.py
[2025-05-16T05:51:17.196+0000] {processor.py:914} INFO - Processing file /home/airflow/.local/lib/python3.12/site-packages/airflow/example_dags/example_nested_branch_dag.py for tasks to queue
[2025-05-16T05:51:17.246+0000] {logging_mixin.py:190} INFO - [2025-05-16T05:51:17.245+0000] {dagbag.py:588} INFO - Filling up the DagBag from /home/airflow/.local/lib/python3.12/site-packages/airflow/example_dags/example_nested_branch_dag.py
[2025-05-16T05:51:17.376+0000] {processor.py:925} INFO - DAG(s) 'example_nested_branch_dag' retrieved from /home/airflow/.local/lib/python3.12/site-packages/airflow/example_dags/example_nested_branch_dag.py
[2025-05-16T05:51:17.560+0000] {logging_mixin.py:190} INFO - [2025-05-16T05:51:17.558+0000] {dag.py:3239} INFO - Sync 1 DAGs
[2025-05-16T05:51:17.987+0000] {logging_mixin.py:190} INFO - [2025-05-16T05:51:17.986+0000] {dag.py:4180} INFO - Setting next_dagrun for example_nested_branch_dag to 2025-05-15 00:00:00+00:00, run_after=2025-05-16 00:00:00+00:00
[2025-05-16T05:51:18.282+0000] {processor.py:208} INFO - Processing /home/airflow/.local/lib/python3.12/site-packages/airflow/example_dags/example_nested_branch_dag.py took 1.179 seconds
[2025-05-16T05:51:58.099+0000] {processor.py:186} INFO - Started process (PID=1980) to work on /home/airflow/.local/lib/python3.12/site-packages/airflow/example_dags/example_nested_branch_dag.py
[2025-05-16T05:51:58.170+0000] {processor.py:914} INFO - Processing file /home/airflow/.local/lib/python3.12/site-packages/airflow/example_dags/example_nested_branch_dag.py for tasks to queue
[2025-05-16T05:51:58.219+0000] {logging_mixin.py:190} INFO - [2025-05-16T05:51:58.217+0000] {dagbag.py:588} INFO - Filling up the DagBag from /home/airflow/.local/lib/python3.12/site-packages/airflow/example_dags/example_nested_branch_dag.py
[2025-05-16T05:51:58.330+0000] {processor.py:925} INFO - DAG(s) 'example_nested_branch_dag' retrieved from /home/airflow/.local/lib/python3.12/site-packages/airflow/example_dags/example_nested_branch_dag.py
[2025-05-16T05:51:58.585+0000] {logging_mixin.py:190} INFO - [2025-05-16T05:51:58.582+0000] {dag.py:3239} INFO - Sync 1 DAGs
[2025-05-16T05:51:58.774+0000] {logging_mixin.py:190} INFO - [2025-05-16T05:51:58.773+0000] {dag.py:4180} INFO - Setting next_dagrun for example_nested_branch_dag to 2025-05-15 00:00:00+00:00, run_after=2025-05-16 00:00:00+00:00
[2025-05-16T05:51:58.972+0000] {processor.py:208} INFO - Processing /home/airflow/.local/lib/python3.12/site-packages/airflow/example_dags/example_nested_branch_dag.py took 0.907 seconds
[2025-05-16T05:52:45.495+0000] {processor.py:186} INFO - Started process (PID=2052) to work on /home/airflow/.local/lib/python3.12/site-packages/airflow/example_dags/example_nested_branch_dag.py
[2025-05-16T05:52:45.499+0000] {processor.py:914} INFO - Processing file /home/airflow/.local/lib/python3.12/site-packages/airflow/example_dags/example_nested_branch_dag.py for tasks to queue
[2025-05-16T05:52:45.513+0000] {logging_mixin.py:190} INFO - [2025-05-16T05:52:45.512+0000] {dagbag.py:588} INFO - Filling up the DagBag from /home/airflow/.local/lib/python3.12/site-packages/airflow/example_dags/example_nested_branch_dag.py
[2025-05-16T05:52:45.554+0000] {processor.py:925} INFO - DAG(s) 'example_nested_branch_dag' retrieved from /home/airflow/.local/lib/python3.12/site-packages/airflow/example_dags/example_nested_branch_dag.py
[2025-05-16T05:52:45.632+0000] {logging_mixin.py:190} INFO - [2025-05-16T05:52:45.631+0000] {dag.py:3239} INFO - Sync 1 DAGs
[2025-05-16T05:52:45.711+0000] {logging_mixin.py:190} INFO - [2025-05-16T05:52:45.710+0000] {dag.py:4180} INFO - Setting next_dagrun for example_nested_branch_dag to 2025-05-15 00:00:00+00:00, run_after=2025-05-16 00:00:00+00:00
[2025-05-16T05:52:45.772+0000] {processor.py:208} INFO - Processing /home/airflow/.local/lib/python3.12/site-packages/airflow/example_dags/example_nested_branch_dag.py took 0.295 seconds
[2025-05-16T05:53:16.629+0000] {processor.py:186} INFO - Started process (PID=2118) to work on /home/airflow/.local/lib/python3.12/site-packages/airflow/example_dags/example_nested_branch_dag.py
[2025-05-16T05:53:16.633+0000] {processor.py:914} INFO - Processing file /home/airflow/.local/lib/python3.12/site-packages/airflow/example_dags/example_nested_branch_dag.py for tasks to queue
[2025-05-16T05:53:16.642+0000] {logging_mixin.py:190} INFO - [2025-05-16T05:53:16.640+0000] {dagbag.py:588} INFO - Filling up the DagBag from /home/airflow/.local/lib/python3.12/site-packages/airflow/example_dags/example_nested_branch_dag.py
[2025-05-16T05:53:16.676+0000] {processor.py:925} INFO - DAG(s) 'example_nested_branch_dag' retrieved from /home/airflow/.local/lib/python3.12/site-packages/airflow/example_dags/example_nested_branch_dag.py
[2025-05-16T05:53:16.743+0000] {logging_mixin.py:190} INFO - [2025-05-16T05:53:16.742+0000] {dag.py:3239} INFO - Sync 1 DAGs
[2025-05-16T05:53:16.858+0000] {logging_mixin.py:190} INFO - [2025-05-16T05:53:16.857+0000] {dag.py:4180} INFO - Setting next_dagrun for example_nested_branch_dag to 2025-05-15 00:00:00+00:00, run_after=2025-05-16 00:00:00+00:00
[2025-05-16T05:53:16.962+0000] {processor.py:208} INFO - Processing /home/airflow/.local/lib/python3.12/site-packages/airflow/example_dags/example_nested_branch_dag.py took 0.352 seconds
[2025-05-16T05:53:54.975+0000] {processor.py:186} INFO - Started process (PID=2186) to work on /home/airflow/.local/lib/python3.12/site-packages/airflow/example_dags/example_nested_branch_dag.py
[2025-05-16T05:53:54.979+0000] {processor.py:914} INFO - Processing file /home/airflow/.local/lib/python3.12/site-packages/airflow/example_dags/example_nested_branch_dag.py for tasks to queue
[2025-05-16T05:53:54.986+0000] {logging_mixin.py:190} INFO - [2025-05-16T05:53:54.985+0000] {dagbag.py:588} INFO - Filling up the DagBag from /home/airflow/.local/lib/python3.12/site-packages/airflow/example_dags/example_nested_branch_dag.py
[2025-05-16T05:53:55.024+0000] {processor.py:925} INFO - DAG(s) 'example_nested_branch_dag' retrieved from /home/airflow/.local/lib/python3.12/site-packages/airflow/example_dags/example_nested_branch_dag.py
[2025-05-16T05:53:55.092+0000] {logging_mixin.py:190} INFO - [2025-05-16T05:53:55.091+0000] {dag.py:3239} INFO - Sync 1 DAGs
[2025-05-16T05:53:55.169+0000] {logging_mixin.py:190} INFO - [2025-05-16T05:53:55.168+0000] {dag.py:4180} INFO - Setting next_dagrun for example_nested_branch_dag to 2025-05-15 00:00:00+00:00, run_after=2025-05-16 00:00:00+00:00
[2025-05-16T05:53:55.264+0000] {processor.py:208} INFO - Processing /home/airflow/.local/lib/python3.12/site-packages/airflow/example_dags/example_nested_branch_dag.py took 0.308 seconds
[2025-05-16T05:54:31.909+0000] {processor.py:186} INFO - Started process (PID=2258) to work on /home/airflow/.local/lib/python3.12/site-packages/airflow/example_dags/example_nested_branch_dag.py
[2025-05-16T05:54:31.929+0000] {processor.py:914} INFO - Processing file /home/airflow/.local/lib/python3.12/site-packages/airflow/example_dags/example_nested_branch_dag.py for tasks to queue
[2025-05-16T05:54:31.954+0000] {logging_mixin.py:190} INFO - [2025-05-16T05:54:31.953+0000] {dagbag.py:588} INFO - Filling up the DagBag from /home/airflow/.local/lib/python3.12/site-packages/airflow/example_dags/example_nested_branch_dag.py
[2025-05-16T05:54:32.010+0000] {processor.py:925} INFO - DAG(s) 'example_nested_branch_dag' retrieved from /home/airflow/.local/lib/python3.12/site-packages/airflow/example_dags/example_nested_branch_dag.py
[2025-05-16T05:54:32.188+0000] {logging_mixin.py:190} INFO - [2025-05-16T05:54:32.187+0000] {dag.py:3239} INFO - Sync 1 DAGs
[2025-05-16T05:54:32.323+0000] {logging_mixin.py:190} INFO - [2025-05-16T05:54:32.321+0000] {dag.py:4180} INFO - Setting next_dagrun for example_nested_branch_dag to 2025-05-15 00:00:00+00:00, run_after=2025-05-16 00:00:00+00:00
[2025-05-16T05:54:33.994+0000] {processor.py:208} INFO - Processing /home/airflow/.local/lib/python3.12/site-packages/airflow/example_dags/example_nested_branch_dag.py took 2.111 seconds
[2025-05-16T05:55:07.604+0000] {processor.py:186} INFO - Started process (PID=2325) to work on /home/airflow/.local/lib/python3.12/site-packages/airflow/example_dags/example_nested_branch_dag.py
[2025-05-16T05:55:07.636+0000] {processor.py:914} INFO - Processing file /home/airflow/.local/lib/python3.12/site-packages/airflow/example_dags/example_nested_branch_dag.py for tasks to queue
[2025-05-16T05:55:07.666+0000] {logging_mixin.py:190} INFO - [2025-05-16T05:55:07.665+0000] {dagbag.py:588} INFO - Filling up the DagBag from /home/airflow/.local/lib/python3.12/site-packages/airflow/example_dags/example_nested_branch_dag.py
[2025-05-16T05:55:07.723+0000] {processor.py:925} INFO - DAG(s) 'example_nested_branch_dag' retrieved from /home/airflow/.local/lib/python3.12/site-packages/airflow/example_dags/example_nested_branch_dag.py
[2025-05-16T05:55:07.845+0000] {logging_mixin.py:190} INFO - [2025-05-16T05:55:07.844+0000] {dag.py:3239} INFO - Sync 1 DAGs
[2025-05-16T05:55:07.997+0000] {logging_mixin.py:190} INFO - [2025-05-16T05:55:07.996+0000] {dag.py:4180} INFO - Setting next_dagrun for example_nested_branch_dag to 2025-05-15 00:00:00+00:00, run_after=2025-05-16 00:00:00+00:00
[2025-05-16T05:55:08.126+0000] {processor.py:208} INFO - Processing /home/airflow/.local/lib/python3.12/site-packages/airflow/example_dags/example_nested_branch_dag.py took 0.542 seconds
[2025-05-16T05:56:27.833+0000] {processor.py:186} INFO - Started process (PID=2405) to work on /home/airflow/.local/lib/python3.12/site-packages/airflow/example_dags/example_nested_branch_dag.py
[2025-05-16T05:56:27.939+0000] {processor.py:914} INFO - Processing file /home/airflow/.local/lib/python3.12/site-packages/airflow/example_dags/example_nested_branch_dag.py for tasks to queue
[2025-05-16T05:56:27.968+0000] {logging_mixin.py:190} INFO - [2025-05-16T05:56:27.967+0000] {dagbag.py:588} INFO - Filling up the DagBag from /home/airflow/.local/lib/python3.12/site-packages/airflow/example_dags/example_nested_branch_dag.py
[2025-05-16T05:56:28.033+0000] {processor.py:925} INFO - DAG(s) 'example_nested_branch_dag' retrieved from /home/airflow/.local/lib/python3.12/site-packages/airflow/example_dags/example_nested_branch_dag.py
[2025-05-16T05:56:28.310+0000] {logging_mixin.py:190} INFO - [2025-05-16T05:56:28.308+0000] {dag.py:3239} INFO - Sync 1 DAGs
[2025-05-16T05:56:28.565+0000] {logging_mixin.py:190} INFO - [2025-05-16T05:56:28.564+0000] {dag.py:4180} INFO - Setting next_dagrun for example_nested_branch_dag to 2025-05-15 00:00:00+00:00, run_after=2025-05-16 00:00:00+00:00
[2025-05-16T05:56:28.677+0000] {processor.py:208} INFO - Processing /home/airflow/.local/lib/python3.12/site-packages/airflow/example_dags/example_nested_branch_dag.py took 0.866 seconds
[2025-05-16T05:57:16.907+0000] {processor.py:186} INFO - Started process (PID=2477) to work on /home/airflow/.local/lib/python3.12/site-packages/airflow/example_dags/example_nested_branch_dag.py
[2025-05-16T05:57:16.912+0000] {processor.py:914} INFO - Processing file /home/airflow/.local/lib/python3.12/site-packages/airflow/example_dags/example_nested_branch_dag.py for tasks to queue
[2025-05-16T05:57:16.923+0000] {logging_mixin.py:190} INFO - [2025-05-16T05:57:16.922+0000] {dagbag.py:588} INFO - Filling up the DagBag from /home/airflow/.local/lib/python3.12/site-packages/airflow/example_dags/example_nested_branch_dag.py
[2025-05-16T05:57:16.963+0000] {processor.py:925} INFO - DAG(s) 'example_nested_branch_dag' retrieved from /home/airflow/.local/lib/python3.12/site-packages/airflow/example_dags/example_nested_branch_dag.py
[2025-05-16T05:57:17.118+0000] {logging_mixin.py:190} INFO - [2025-05-16T05:57:17.117+0000] {dag.py:3239} INFO - Sync 1 DAGs
[2025-05-16T05:57:17.257+0000] {logging_mixin.py:190} INFO - [2025-05-16T05:57:17.257+0000] {dag.py:4180} INFO - Setting next_dagrun for example_nested_branch_dag to 2025-05-15 00:00:00+00:00, run_after=2025-05-16 00:00:00+00:00
[2025-05-16T05:57:17.344+0000] {processor.py:208} INFO - Processing /home/airflow/.local/lib/python3.12/site-packages/airflow/example_dags/example_nested_branch_dag.py took 0.460 seconds
[2025-05-16T05:57:56.729+0000] {processor.py:186} INFO - Started process (PID=2543) to work on /home/airflow/.local/lib/python3.12/site-packages/airflow/example_dags/example_nested_branch_dag.py
[2025-05-16T05:57:56.776+0000] {processor.py:914} INFO - Processing file /home/airflow/.local/lib/python3.12/site-packages/airflow/example_dags/example_nested_branch_dag.py for tasks to queue
[2025-05-16T05:57:56.854+0000] {logging_mixin.py:190} INFO - [2025-05-16T05:57:56.852+0000] {dagbag.py:588} INFO - Filling up the DagBag from /home/airflow/.local/lib/python3.12/site-packages/airflow/example_dags/example_nested_branch_dag.py
[2025-05-16T05:57:56.936+0000] {processor.py:925} INFO - DAG(s) 'example_nested_branch_dag' retrieved from /home/airflow/.local/lib/python3.12/site-packages/airflow/example_dags/example_nested_branch_dag.py
[2025-05-16T05:57:57.091+0000] {logging_mixin.py:190} INFO - [2025-05-16T05:57:57.090+0000] {dag.py:3239} INFO - Sync 1 DAGs
[2025-05-16T05:57:57.232+0000] {logging_mixin.py:190} INFO - [2025-05-16T05:57:57.231+0000] {dag.py:4180} INFO - Setting next_dagrun for example_nested_branch_dag to 2025-05-15 00:00:00+00:00, run_after=2025-05-16 00:00:00+00:00
[2025-05-16T05:57:57.367+0000] {processor.py:208} INFO - Processing /home/airflow/.local/lib/python3.12/site-packages/airflow/example_dags/example_nested_branch_dag.py took 0.743 seconds
[2025-05-16T05:58:29.250+0000] {processor.py:186} INFO - Started process (PID=2609) to work on /home/airflow/.local/lib/python3.12/site-packages/airflow/example_dags/example_nested_branch_dag.py
[2025-05-16T05:58:29.261+0000] {processor.py:914} INFO - Processing file /home/airflow/.local/lib/python3.12/site-packages/airflow/example_dags/example_nested_branch_dag.py for tasks to queue
[2025-05-16T05:58:29.303+0000] {logging_mixin.py:190} INFO - [2025-05-16T05:58:29.301+0000] {dagbag.py:588} INFO - Filling up the DagBag from /home/airflow/.local/lib/python3.12/site-packages/airflow/example_dags/example_nested_branch_dag.py
[2025-05-16T05:58:29.356+0000] {processor.py:925} INFO - DAG(s) 'example_nested_branch_dag' retrieved from /home/airflow/.local/lib/python3.12/site-packages/airflow/example_dags/example_nested_branch_dag.py
[2025-05-16T05:58:29.465+0000] {logging_mixin.py:190} INFO - [2025-05-16T05:58:29.462+0000] {dag.py:3239} INFO - Sync 1 DAGs
[2025-05-16T05:58:29.566+0000] {logging_mixin.py:190} INFO - [2025-05-16T05:58:29.565+0000] {dag.py:4180} INFO - Setting next_dagrun for example_nested_branch_dag to 2025-05-15 00:00:00+00:00, run_after=2025-05-16 00:00:00+00:00
[2025-05-16T05:58:29.670+0000] {processor.py:208} INFO - Processing /home/airflow/.local/lib/python3.12/site-packages/airflow/example_dags/example_nested_branch_dag.py took 0.439 seconds
[2025-05-16T05:59:04.964+0000] {processor.py:186} INFO - Started process (PID=2681) to work on /home/airflow/.local/lib/python3.12/site-packages/airflow/example_dags/example_nested_branch_dag.py
[2025-05-16T05:59:04.969+0000] {processor.py:914} INFO - Processing file /home/airflow/.local/lib/python3.12/site-packages/airflow/example_dags/example_nested_branch_dag.py for tasks to queue
[2025-05-16T05:59:04.977+0000] {logging_mixin.py:190} INFO - [2025-05-16T05:59:04.976+0000] {dagbag.py:588} INFO - Filling up the DagBag from /home/airflow/.local/lib/python3.12/site-packages/airflow/example_dags/example_nested_branch_dag.py
[2025-05-16T05:59:05.016+0000] {processor.py:925} INFO - DAG(s) 'example_nested_branch_dag' retrieved from /home/airflow/.local/lib/python3.12/site-packages/airflow/example_dags/example_nested_branch_dag.py
[2025-05-16T05:59:05.152+0000] {logging_mixin.py:190} INFO - [2025-05-16T05:59:05.152+0000] {dag.py:3239} INFO - Sync 1 DAGs
[2025-05-16T05:59:05.238+0000] {logging_mixin.py:190} INFO - [2025-05-16T05:59:05.237+0000] {dag.py:4180} INFO - Setting next_dagrun for example_nested_branch_dag to 2025-05-15 00:00:00+00:00, run_after=2025-05-16 00:00:00+00:00
[2025-05-16T05:59:05.323+0000] {processor.py:208} INFO - Processing /home/airflow/.local/lib/python3.12/site-packages/airflow/example_dags/example_nested_branch_dag.py took 0.379 seconds
[2025-05-16T05:59:45.943+0000] {processor.py:186} INFO - Started process (PID=2751) to work on /home/airflow/.local/lib/python3.12/site-packages/airflow/example_dags/example_nested_branch_dag.py
[2025-05-16T05:59:45.946+0000] {processor.py:914} INFO - Processing file /home/airflow/.local/lib/python3.12/site-packages/airflow/example_dags/example_nested_branch_dag.py for tasks to queue
[2025-05-16T05:59:45.956+0000] {logging_mixin.py:190} INFO - [2025-05-16T05:59:45.953+0000] {dagbag.py:588} INFO - Filling up the DagBag from /home/airflow/.local/lib/python3.12/site-packages/airflow/example_dags/example_nested_branch_dag.py
[2025-05-16T05:59:45.994+0000] {processor.py:925} INFO - DAG(s) 'example_nested_branch_dag' retrieved from /home/airflow/.local/lib/python3.12/site-packages/airflow/example_dags/example_nested_branch_dag.py
[2025-05-16T05:59:46.085+0000] {logging_mixin.py:190} INFO - [2025-05-16T05:59:46.074+0000] {dag.py:3239} INFO - Sync 1 DAGs
[2025-05-16T05:59:46.189+0000] {logging_mixin.py:190} INFO - [2025-05-16T05:59:46.188+0000] {dag.py:4180} INFO - Setting next_dagrun for example_nested_branch_dag to 2025-05-15 00:00:00+00:00, run_after=2025-05-16 00:00:00+00:00
[2025-05-16T05:59:46.267+0000] {processor.py:208} INFO - Processing /home/airflow/.local/lib/python3.12/site-packages/airflow/example_dags/example_nested_branch_dag.py took 0.343 seconds
[2025-05-16T06:00:17.098+0000] {processor.py:186} INFO - Started process (PID=2817) to work on /home/airflow/.local/lib/python3.12/site-packages/airflow/example_dags/example_nested_branch_dag.py
[2025-05-16T06:00:17.101+0000] {processor.py:914} INFO - Processing file /home/airflow/.local/lib/python3.12/site-packages/airflow/example_dags/example_nested_branch_dag.py for tasks to queue
[2025-05-16T06:00:17.108+0000] {logging_mixin.py:190} INFO - [2025-05-16T06:00:17.107+0000] {dagbag.py:588} INFO - Filling up the DagBag from /home/airflow/.local/lib/python3.12/site-packages/airflow/example_dags/example_nested_branch_dag.py
[2025-05-16T06:00:17.140+0000] {processor.py:925} INFO - DAG(s) 'example_nested_branch_dag' retrieved from /home/airflow/.local/lib/python3.12/site-packages/airflow/example_dags/example_nested_branch_dag.py
[2025-05-16T06:00:17.202+0000] {logging_mixin.py:190} INFO - [2025-05-16T06:00:17.202+0000] {dag.py:3239} INFO - Sync 1 DAGs
[2025-05-16T06:00:17.243+0000] {logging_mixin.py:190} INFO - [2025-05-16T06:00:17.243+0000] {dag.py:4180} INFO - Setting next_dagrun for example_nested_branch_dag to 2025-05-15 00:00:00+00:00, run_after=2025-05-16 00:00:00+00:00
[2025-05-16T06:00:17.295+0000] {processor.py:208} INFO - Processing /home/airflow/.local/lib/python3.12/site-packages/airflow/example_dags/example_nested_branch_dag.py took 0.217 seconds
[2025-05-16T06:00:57.957+0000] {processor.py:186} INFO - Started process (PID=2881) to work on /home/airflow/.local/lib/python3.12/site-packages/airflow/example_dags/example_nested_branch_dag.py
[2025-05-16T06:00:57.964+0000] {processor.py:914} INFO - Processing file /home/airflow/.local/lib/python3.12/site-packages/airflow/example_dags/example_nested_branch_dag.py for tasks to queue
[2025-05-16T06:00:57.980+0000] {logging_mixin.py:190} INFO - [2025-05-16T06:00:57.977+0000] {dagbag.py:588} INFO - Filling up the DagBag from /home/airflow/.local/lib/python3.12/site-packages/airflow/example_dags/example_nested_branch_dag.py
[2025-05-16T06:00:58.028+0000] {processor.py:925} INFO - DAG(s) 'example_nested_branch_dag' retrieved from /home/airflow/.local/lib/python3.12/site-packages/airflow/example_dags/example_nested_branch_dag.py
[2025-05-16T06:00:58.176+0000] {logging_mixin.py:190} INFO - [2025-05-16T06:00:58.174+0000] {dag.py:3239} INFO - Sync 1 DAGs
[2025-05-16T06:00:58.346+0000] {logging_mixin.py:190} INFO - [2025-05-16T06:00:58.345+0000] {dag.py:4180} INFO - Setting next_dagrun for example_nested_branch_dag to 2025-05-15 00:00:00+00:00, run_after=2025-05-16 00:00:00+00:00
[2025-05-16T06:00:58.547+0000] {processor.py:208} INFO - Processing /home/airflow/.local/lib/python3.12/site-packages/airflow/example_dags/example_nested_branch_dag.py took 0.620 seconds
[2025-05-16T06:01:36.976+0000] {processor.py:186} INFO - Started process (PID=2953) to work on /home/airflow/.local/lib/python3.12/site-packages/airflow/example_dags/example_nested_branch_dag.py
[2025-05-16T06:01:36.980+0000] {processor.py:914} INFO - Processing file /home/airflow/.local/lib/python3.12/site-packages/airflow/example_dags/example_nested_branch_dag.py for tasks to queue
[2025-05-16T06:01:36.991+0000] {logging_mixin.py:190} INFO - [2025-05-16T06:01:36.990+0000] {dagbag.py:588} INFO - Filling up the DagBag from /home/airflow/.local/lib/python3.12/site-packages/airflow/example_dags/example_nested_branch_dag.py
[2025-05-16T06:01:37.033+0000] {processor.py:925} INFO - DAG(s) 'example_nested_branch_dag' retrieved from /home/airflow/.local/lib/python3.12/site-packages/airflow/example_dags/example_nested_branch_dag.py
[2025-05-16T06:01:37.149+0000] {logging_mixin.py:190} INFO - [2025-05-16T06:01:37.148+0000] {dag.py:3239} INFO - Sync 1 DAGs
[2025-05-16T06:01:37.222+0000] {logging_mixin.py:190} INFO - [2025-05-16T06:01:37.221+0000] {dag.py:4180} INFO - Setting next_dagrun for example_nested_branch_dag to 2025-05-15 00:00:00+00:00, run_after=2025-05-16 00:00:00+00:00
[2025-05-16T06:01:37.302+0000] {processor.py:208} INFO - Processing /home/airflow/.local/lib/python3.12/site-packages/airflow/example_dags/example_nested_branch_dag.py took 0.347 seconds
[2025-05-16T06:02:12.702+0000] {processor.py:186} INFO - Started process (PID=3019) to work on /home/airflow/.local/lib/python3.12/site-packages/airflow/example_dags/example_nested_branch_dag.py
[2025-05-16T06:02:12.710+0000] {processor.py:914} INFO - Processing file /home/airflow/.local/lib/python3.12/site-packages/airflow/example_dags/example_nested_branch_dag.py for tasks to queue
[2025-05-16T06:02:12.723+0000] {logging_mixin.py:190} INFO - [2025-05-16T06:02:12.721+0000] {dagbag.py:588} INFO - Filling up the DagBag from /home/airflow/.local/lib/python3.12/site-packages/airflow/example_dags/example_nested_branch_dag.py
[2025-05-16T06:02:12.784+0000] {processor.py:925} INFO - DAG(s) 'example_nested_branch_dag' retrieved from /home/airflow/.local/lib/python3.12/site-packages/airflow/example_dags/example_nested_branch_dag.py
[2025-05-16T06:02:12.939+0000] {logging_mixin.py:190} INFO - [2025-05-16T06:02:12.938+0000] {dag.py:3239} INFO - Sync 1 DAGs
[2025-05-16T06:02:13.188+0000] {logging_mixin.py:190} INFO - [2025-05-16T06:02:13.187+0000] {dag.py:4180} INFO - Setting next_dagrun for example_nested_branch_dag to 2025-05-15 00:00:00+00:00, run_after=2025-05-16 00:00:00+00:00
[2025-05-16T06:02:13.344+0000] {processor.py:208} INFO - Processing /home/airflow/.local/lib/python3.12/site-packages/airflow/example_dags/example_nested_branch_dag.py took 0.670 seconds
[2025-05-16T06:03:23.348+0000] {processor.py:186} INFO - Started process (PID=3104) to work on /home/airflow/.local/lib/python3.12/site-packages/airflow/example_dags/example_nested_branch_dag.py
[2025-05-16T06:03:23.415+0000] {processor.py:914} INFO - Processing file /home/airflow/.local/lib/python3.12/site-packages/airflow/example_dags/example_nested_branch_dag.py for tasks to queue
[2025-05-16T06:03:23.463+0000] {logging_mixin.py:190} INFO - [2025-05-16T06:03:23.461+0000] {dagbag.py:588} INFO - Filling up the DagBag from /home/airflow/.local/lib/python3.12/site-packages/airflow/example_dags/example_nested_branch_dag.py
[2025-05-16T06:03:23.561+0000] {processor.py:925} INFO - DAG(s) 'example_nested_branch_dag' retrieved from /home/airflow/.local/lib/python3.12/site-packages/airflow/example_dags/example_nested_branch_dag.py
[2025-05-16T06:03:23.670+0000] {logging_mixin.py:190} INFO - [2025-05-16T06:03:23.669+0000] {dag.py:3239} INFO - Sync 1 DAGs
[2025-05-16T06:03:24.023+0000] {logging_mixin.py:190} INFO - [2025-05-16T06:03:24.008+0000] {dag.py:4180} INFO - Setting next_dagrun for example_nested_branch_dag to 2025-05-15 00:00:00+00:00, run_after=2025-05-16 00:00:00+00:00
[2025-05-16T06:03:24.249+0000] {processor.py:208} INFO - Processing /home/airflow/.local/lib/python3.12/site-packages/airflow/example_dags/example_nested_branch_dag.py took 0.924 seconds
