[2025-05-16T04:29:02.314+0000] {processor.py:186} INFO - Started process (PID=162) to work on /home/airflow/.local/lib/python3.12/site-packages/airflow/example_dags/example_latest_only.py
[2025-05-16T04:29:02.347+0000] {processor.py:914} INFO - Processing file /home/airflow/.local/lib/python3.12/site-packages/airflow/example_dags/example_latest_only.py for tasks to queue
[2025-05-16T04:29:02.397+0000] {logging_mixin.py:190} INFO - [2025-05-16T04:29:02.396+0000] {dagbag.py:588} INFO - Filling up the DagBag from /home/airflow/.local/lib/python3.12/site-packages/airflow/example_dags/example_latest_only.py
[2025-05-16T04:29:02.446+0000] {processor.py:925} INFO - DAG(s) 'latest_only' retrieved from /home/airflow/.local/lib/python3.12/site-packages/airflow/example_dags/example_latest_only.py
[2025-05-16T04:29:02.605+0000] {logging_mixin.py:190} INFO - [2025-05-16T04:29:02.604+0000] {dag.py:3239} INFO - Sync 1 DAGs
[2025-05-16T04:29:02.736+0000] {logging_mixin.py:190} INFO - [2025-05-16T04:29:02.736+0000] {dag.py:4180} INFO - Setting next_dagrun for latest_only to 2025-05-16 00:00:00+00:00, run_after=2025-05-16 04:00:00+00:00
[2025-05-16T04:29:02.899+0000] {processor.py:208} INFO - Processing /home/airflow/.local/lib/python3.12/site-packages/airflow/example_dags/example_latest_only.py took 0.610 seconds
[2025-05-16T04:29:58.796+0000] {processor.py:186} INFO - Started process (PID=239) to work on /home/airflow/.local/lib/python3.12/site-packages/airflow/example_dags/example_latest_only.py
[2025-05-16T04:29:58.825+0000] {processor.py:914} INFO - Processing file /home/airflow/.local/lib/python3.12/site-packages/airflow/example_dags/example_latest_only.py for tasks to queue
[2025-05-16T04:29:58.846+0000] {logging_mixin.py:190} INFO - [2025-05-16T04:29:58.845+0000] {dagbag.py:588} INFO - Filling up the DagBag from /home/airflow/.local/lib/python3.12/site-packages/airflow/example_dags/example_latest_only.py
[2025-05-16T04:29:58.920+0000] {processor.py:925} INFO - DAG(s) 'latest_only' retrieved from /home/airflow/.local/lib/python3.12/site-packages/airflow/example_dags/example_latest_only.py
[2025-05-16T04:29:59.140+0000] {logging_mixin.py:190} INFO - [2025-05-16T04:29:59.139+0000] {dag.py:3239} INFO - Sync 1 DAGs
[2025-05-16T04:29:59.382+0000] {logging_mixin.py:190} INFO - [2025-05-16T04:29:59.381+0000] {dag.py:4180} INFO - Setting next_dagrun for latest_only to 2025-05-16 00:00:00+00:00, run_after=2025-05-16 04:00:00+00:00
[2025-05-16T04:29:59.586+0000] {processor.py:208} INFO - Processing /home/airflow/.local/lib/python3.12/site-packages/airflow/example_dags/example_latest_only.py took 0.856 seconds
[2025-05-16T04:30:38.626+0000] {processor.py:186} INFO - Started process (PID=304) to work on /home/airflow/.local/lib/python3.12/site-packages/airflow/example_dags/example_latest_only.py
[2025-05-16T04:30:38.634+0000] {processor.py:914} INFO - Processing file /home/airflow/.local/lib/python3.12/site-packages/airflow/example_dags/example_latest_only.py for tasks to queue
[2025-05-16T04:30:38.688+0000] {logging_mixin.py:190} INFO - [2025-05-16T04:30:38.676+0000] {dagbag.py:588} INFO - Filling up the DagBag from /home/airflow/.local/lib/python3.12/site-packages/airflow/example_dags/example_latest_only.py
[2025-05-16T04:30:38.713+0000] {processor.py:925} INFO - DAG(s) 'latest_only' retrieved from /home/airflow/.local/lib/python3.12/site-packages/airflow/example_dags/example_latest_only.py
[2025-05-16T04:30:38.919+0000] {logging_mixin.py:190} INFO - [2025-05-16T04:30:38.918+0000] {dag.py:3239} INFO - Sync 1 DAGs
[2025-05-16T04:30:39.095+0000] {logging_mixin.py:190} INFO - [2025-05-16T04:30:39.094+0000] {dag.py:4180} INFO - Setting next_dagrun for latest_only to 2025-05-16 00:00:00+00:00, run_after=2025-05-16 04:00:00+00:00
[2025-05-16T04:30:39.296+0000] {processor.py:208} INFO - Processing /home/airflow/.local/lib/python3.12/site-packages/airflow/example_dags/example_latest_only.py took 0.727 seconds
[2025-05-16T04:31:32.311+0000] {processor.py:186} INFO - Started process (PID=378) to work on /home/airflow/.local/lib/python3.12/site-packages/airflow/example_dags/example_latest_only.py
[2025-05-16T04:31:32.331+0000] {processor.py:914} INFO - Processing file /home/airflow/.local/lib/python3.12/site-packages/airflow/example_dags/example_latest_only.py for tasks to queue
[2025-05-16T04:31:32.882+0000] {logging_mixin.py:190} INFO - [2025-05-16T04:31:32.798+0000] {dagbag.py:588} INFO - Filling up the DagBag from /home/airflow/.local/lib/python3.12/site-packages/airflow/example_dags/example_latest_only.py
[2025-05-16T04:31:33.206+0000] {processor.py:925} INFO - DAG(s) 'latest_only' retrieved from /home/airflow/.local/lib/python3.12/site-packages/airflow/example_dags/example_latest_only.py
[2025-05-16T04:31:33.323+0000] {logging_mixin.py:190} INFO - [2025-05-16T04:31:33.323+0000] {dag.py:3239} INFO - Sync 1 DAGs
[2025-05-16T04:31:33.390+0000] {logging_mixin.py:190} INFO - [2025-05-16T04:31:33.389+0000] {dag.py:4180} INFO - Setting next_dagrun for latest_only to 2025-05-16 00:00:00+00:00, run_after=2025-05-16 04:00:00+00:00
[2025-05-16T04:31:33.479+0000] {processor.py:208} INFO - Processing /home/airflow/.local/lib/python3.12/site-packages/airflow/example_dags/example_latest_only.py took 1.262 seconds
[2025-05-16T04:32:45.904+0000] {processor.py:186} INFO - Started process (PID=451) to work on /home/airflow/.local/lib/python3.12/site-packages/airflow/example_dags/example_latest_only.py
[2025-05-16T04:32:45.950+0000] {processor.py:914} INFO - Processing file /home/airflow/.local/lib/python3.12/site-packages/airflow/example_dags/example_latest_only.py for tasks to queue
[2025-05-16T04:32:46.079+0000] {logging_mixin.py:190} INFO - [2025-05-16T04:32:46.077+0000] {dagbag.py:588} INFO - Filling up the DagBag from /home/airflow/.local/lib/python3.12/site-packages/airflow/example_dags/example_latest_only.py
[2025-05-16T04:32:46.176+0000] {processor.py:925} INFO - DAG(s) 'latest_only' retrieved from /home/airflow/.local/lib/python3.12/site-packages/airflow/example_dags/example_latest_only.py
[2025-05-16T04:32:46.613+0000] {logging_mixin.py:190} INFO - [2025-05-16T04:32:46.610+0000] {dag.py:3239} INFO - Sync 1 DAGs
[2025-05-16T04:32:47.291+0000] {logging_mixin.py:190} INFO - [2025-05-16T04:32:47.291+0000] {dag.py:4180} INFO - Setting next_dagrun for latest_only to 2025-05-16 00:00:00+00:00, run_after=2025-05-16 04:00:00+00:00
[2025-05-16T04:32:47.515+0000] {processor.py:208} INFO - Processing /home/airflow/.local/lib/python3.12/site-packages/airflow/example_dags/example_latest_only.py took 1.643 seconds
[2025-05-16T04:34:03.525+0000] {processor.py:186} INFO - Started process (PID=534) to work on /home/airflow/.local/lib/python3.12/site-packages/airflow/example_dags/example_latest_only.py
[2025-05-16T04:34:03.577+0000] {processor.py:914} INFO - Processing file /home/airflow/.local/lib/python3.12/site-packages/airflow/example_dags/example_latest_only.py for tasks to queue
[2025-05-16T04:34:03.651+0000] {logging_mixin.py:190} INFO - [2025-05-16T04:34:03.636+0000] {dagbag.py:588} INFO - Filling up the DagBag from /home/airflow/.local/lib/python3.12/site-packages/airflow/example_dags/example_latest_only.py
[2025-05-16T04:34:03.793+0000] {processor.py:925} INFO - DAG(s) 'latest_only' retrieved from /home/airflow/.local/lib/python3.12/site-packages/airflow/example_dags/example_latest_only.py
[2025-05-16T04:34:04.185+0000] {logging_mixin.py:190} INFO - [2025-05-16T04:34:04.169+0000] {dag.py:3239} INFO - Sync 1 DAGs
[2025-05-16T04:34:04.586+0000] {logging_mixin.py:190} INFO - [2025-05-16T04:34:04.585+0000] {dag.py:4180} INFO - Setting next_dagrun for latest_only to 2025-05-16 00:00:00+00:00, run_after=2025-05-16 04:00:00+00:00
[2025-05-16T04:34:05.101+0000] {processor.py:208} INFO - Processing /home/airflow/.local/lib/python3.12/site-packages/airflow/example_dags/example_latest_only.py took 1.730 seconds
[2025-05-16T04:35:01.711+0000] {processor.py:186} INFO - Started process (PID=612) to work on /home/airflow/.local/lib/python3.12/site-packages/airflow/example_dags/example_latest_only.py
[2025-05-16T04:35:01.739+0000] {processor.py:914} INFO - Processing file /home/airflow/.local/lib/python3.12/site-packages/airflow/example_dags/example_latest_only.py for tasks to queue
[2025-05-16T04:35:01.754+0000] {logging_mixin.py:190} INFO - [2025-05-16T04:35:01.753+0000] {dagbag.py:588} INFO - Filling up the DagBag from /home/airflow/.local/lib/python3.12/site-packages/airflow/example_dags/example_latest_only.py
[2025-05-16T04:35:01.802+0000] {processor.py:925} INFO - DAG(s) 'latest_only' retrieved from /home/airflow/.local/lib/python3.12/site-packages/airflow/example_dags/example_latest_only.py
[2025-05-16T04:35:01.957+0000] {logging_mixin.py:190} INFO - [2025-05-16T04:35:01.955+0000] {dag.py:3239} INFO - Sync 1 DAGs
[2025-05-16T04:35:02.097+0000] {logging_mixin.py:190} INFO - [2025-05-16T04:35:02.097+0000] {dag.py:4180} INFO - Setting next_dagrun for latest_only to 2025-05-16 00:00:00+00:00, run_after=2025-05-16 04:00:00+00:00
[2025-05-16T04:35:02.213+0000] {processor.py:208} INFO - Processing /home/airflow/.local/lib/python3.12/site-packages/airflow/example_dags/example_latest_only.py took 0.529 seconds
[2025-05-16T04:35:40.655+0000] {processor.py:186} INFO - Started process (PID=681) to work on /home/airflow/.local/lib/python3.12/site-packages/airflow/example_dags/example_latest_only.py
[2025-05-16T04:35:40.666+0000] {processor.py:914} INFO - Processing file /home/airflow/.local/lib/python3.12/site-packages/airflow/example_dags/example_latest_only.py for tasks to queue
[2025-05-16T04:35:40.677+0000] {logging_mixin.py:190} INFO - [2025-05-16T04:35:40.673+0000] {dagbag.py:588} INFO - Filling up the DagBag from /home/airflow/.local/lib/python3.12/site-packages/airflow/example_dags/example_latest_only.py
[2025-05-16T04:35:40.721+0000] {processor.py:925} INFO - DAG(s) 'latest_only' retrieved from /home/airflow/.local/lib/python3.12/site-packages/airflow/example_dags/example_latest_only.py
[2025-05-16T04:35:40.852+0000] {logging_mixin.py:190} INFO - [2025-05-16T04:35:40.851+0000] {dag.py:3239} INFO - Sync 1 DAGs
[2025-05-16T04:35:41.170+0000] {logging_mixin.py:190} INFO - [2025-05-16T04:35:41.169+0000] {dag.py:4180} INFO - Setting next_dagrun for latest_only to 2025-05-16 00:00:00+00:00, run_after=2025-05-16 04:00:00+00:00
[2025-05-16T04:35:41.417+0000] {processor.py:208} INFO - Processing /home/airflow/.local/lib/python3.12/site-packages/airflow/example_dags/example_latest_only.py took 0.784 seconds
[2025-05-16T04:36:24.343+0000] {processor.py:186} INFO - Started process (PID=747) to work on /home/airflow/.local/lib/python3.12/site-packages/airflow/example_dags/example_latest_only.py
[2025-05-16T04:36:24.346+0000] {processor.py:914} INFO - Processing file /home/airflow/.local/lib/python3.12/site-packages/airflow/example_dags/example_latest_only.py for tasks to queue
[2025-05-16T04:36:24.354+0000] {logging_mixin.py:190} INFO - [2025-05-16T04:36:24.353+0000] {dagbag.py:588} INFO - Filling up the DagBag from /home/airflow/.local/lib/python3.12/site-packages/airflow/example_dags/example_latest_only.py
[2025-05-16T04:36:24.374+0000] {processor.py:925} INFO - DAG(s) 'latest_only' retrieved from /home/airflow/.local/lib/python3.12/site-packages/airflow/example_dags/example_latest_only.py
[2025-05-16T04:36:24.425+0000] {logging_mixin.py:190} INFO - [2025-05-16T04:36:24.424+0000] {dag.py:3239} INFO - Sync 1 DAGs
[2025-05-16T04:36:24.558+0000] {logging_mixin.py:190} INFO - [2025-05-16T04:36:24.558+0000] {dag.py:4180} INFO - Setting next_dagrun for latest_only to 2025-05-16 00:00:00+00:00, run_after=2025-05-16 04:00:00+00:00
[2025-05-16T04:36:24.622+0000] {processor.py:208} INFO - Processing /home/airflow/.local/lib/python3.12/site-packages/airflow/example_dags/example_latest_only.py took 0.299 seconds
[2025-05-16T04:37:12.791+0000] {processor.py:186} INFO - Started process (PID=818) to work on /home/airflow/.local/lib/python3.12/site-packages/airflow/example_dags/example_latest_only.py
[2025-05-16T04:37:12.811+0000] {processor.py:914} INFO - Processing file /home/airflow/.local/lib/python3.12/site-packages/airflow/example_dags/example_latest_only.py for tasks to queue
[2025-05-16T04:37:12.821+0000] {logging_mixin.py:190} INFO - [2025-05-16T04:37:12.820+0000] {dagbag.py:588} INFO - Filling up the DagBag from /home/airflow/.local/lib/python3.12/site-packages/airflow/example_dags/example_latest_only.py
[2025-05-16T04:37:12.850+0000] {processor.py:925} INFO - DAG(s) 'latest_only' retrieved from /home/airflow/.local/lib/python3.12/site-packages/airflow/example_dags/example_latest_only.py
[2025-05-16T04:37:12.909+0000] {logging_mixin.py:190} INFO - [2025-05-16T04:37:12.908+0000] {dag.py:3239} INFO - Sync 1 DAGs
[2025-05-16T04:37:13.005+0000] {logging_mixin.py:190} INFO - [2025-05-16T04:37:13.004+0000] {dag.py:4180} INFO - Setting next_dagrun for latest_only to 2025-05-16 00:00:00+00:00, run_after=2025-05-16 04:00:00+00:00
[2025-05-16T04:37:13.166+0000] {processor.py:208} INFO - Processing /home/airflow/.local/lib/python3.12/site-packages/airflow/example_dags/example_latest_only.py took 0.392 seconds
[2025-05-16T05:36:56.987+0000] {processor.py:186} INFO - Started process (PID=162) to work on /home/airflow/.local/lib/python3.12/site-packages/airflow/example_dags/example_latest_only.py
[2025-05-16T05:36:56.990+0000] {processor.py:914} INFO - Processing file /home/airflow/.local/lib/python3.12/site-packages/airflow/example_dags/example_latest_only.py for tasks to queue
[2025-05-16T05:36:56.993+0000] {logging_mixin.py:190} INFO - [2025-05-16T05:36:56.993+0000] {dagbag.py:588} INFO - Filling up the DagBag from /home/airflow/.local/lib/python3.12/site-packages/airflow/example_dags/example_latest_only.py
[2025-05-16T05:36:57.003+0000] {processor.py:925} INFO - DAG(s) 'latest_only' retrieved from /home/airflow/.local/lib/python3.12/site-packages/airflow/example_dags/example_latest_only.py
[2025-05-16T05:36:57.028+0000] {logging_mixin.py:190} INFO - [2025-05-16T05:36:57.027+0000] {dag.py:3239} INFO - Sync 1 DAGs
[2025-05-16T05:36:57.055+0000] {logging_mixin.py:190} INFO - [2025-05-16T05:36:57.054+0000] {dag.py:4180} INFO - Setting next_dagrun for latest_only to 2025-05-16 00:00:00+00:00, run_after=2025-05-16 04:00:00+00:00
[2025-05-16T05:36:57.084+0000] {processor.py:208} INFO - Processing /home/airflow/.local/lib/python3.12/site-packages/airflow/example_dags/example_latest_only.py took 0.104 seconds
[2025-05-16T05:37:28.475+0000] {processor.py:186} INFO - Started process (PID=228) to work on /home/airflow/.local/lib/python3.12/site-packages/airflow/example_dags/example_latest_only.py
[2025-05-16T05:37:28.478+0000] {processor.py:914} INFO - Processing file /home/airflow/.local/lib/python3.12/site-packages/airflow/example_dags/example_latest_only.py for tasks to queue
[2025-05-16T05:37:28.484+0000] {logging_mixin.py:190} INFO - [2025-05-16T05:37:28.483+0000] {dagbag.py:588} INFO - Filling up the DagBag from /home/airflow/.local/lib/python3.12/site-packages/airflow/example_dags/example_latest_only.py
[2025-05-16T05:37:28.498+0000] {processor.py:925} INFO - DAG(s) 'latest_only' retrieved from /home/airflow/.local/lib/python3.12/site-packages/airflow/example_dags/example_latest_only.py
[2025-05-16T05:37:28.539+0000] {logging_mixin.py:190} INFO - [2025-05-16T05:37:28.538+0000] {dag.py:3239} INFO - Sync 1 DAGs
[2025-05-16T05:37:28.589+0000] {logging_mixin.py:190} INFO - [2025-05-16T05:37:28.588+0000] {dag.py:4180} INFO - Setting next_dagrun for latest_only to 2025-05-16 00:00:00+00:00, run_after=2025-05-16 04:00:00+00:00
[2025-05-16T05:37:28.633+0000] {processor.py:208} INFO - Processing /home/airflow/.local/lib/python3.12/site-packages/airflow/example_dags/example_latest_only.py took 0.169 seconds
[2025-05-16T05:37:58.829+0000] {processor.py:186} INFO - Started process (PID=293) to work on /home/airflow/.local/lib/python3.12/site-packages/airflow/example_dags/example_latest_only.py
[2025-05-16T05:37:58.831+0000] {processor.py:914} INFO - Processing file /home/airflow/.local/lib/python3.12/site-packages/airflow/example_dags/example_latest_only.py for tasks to queue
[2025-05-16T05:37:58.833+0000] {logging_mixin.py:190} INFO - [2025-05-16T05:37:58.833+0000] {dagbag.py:588} INFO - Filling up the DagBag from /home/airflow/.local/lib/python3.12/site-packages/airflow/example_dags/example_latest_only.py
[2025-05-16T05:37:58.840+0000] {processor.py:925} INFO - DAG(s) 'latest_only' retrieved from /home/airflow/.local/lib/python3.12/site-packages/airflow/example_dags/example_latest_only.py
[2025-05-16T05:37:58.862+0000] {logging_mixin.py:190} INFO - [2025-05-16T05:37:58.861+0000] {dag.py:3239} INFO - Sync 1 DAGs
[2025-05-16T05:37:58.885+0000] {logging_mixin.py:190} INFO - [2025-05-16T05:37:58.885+0000] {dag.py:4180} INFO - Setting next_dagrun for latest_only to 2025-05-16 00:00:00+00:00, run_after=2025-05-16 04:00:00+00:00
[2025-05-16T05:37:58.909+0000] {processor.py:208} INFO - Processing /home/airflow/.local/lib/python3.12/site-packages/airflow/example_dags/example_latest_only.py took 0.086 seconds
[2025-05-16T05:38:29.466+0000] {processor.py:186} INFO - Started process (PID=358) to work on /home/airflow/.local/lib/python3.12/site-packages/airflow/example_dags/example_latest_only.py
[2025-05-16T05:38:29.467+0000] {processor.py:914} INFO - Processing file /home/airflow/.local/lib/python3.12/site-packages/airflow/example_dags/example_latest_only.py for tasks to queue
[2025-05-16T05:38:29.470+0000] {logging_mixin.py:190} INFO - [2025-05-16T05:38:29.470+0000] {dagbag.py:588} INFO - Filling up the DagBag from /home/airflow/.local/lib/python3.12/site-packages/airflow/example_dags/example_latest_only.py
[2025-05-16T05:38:29.478+0000] {processor.py:925} INFO - DAG(s) 'latest_only' retrieved from /home/airflow/.local/lib/python3.12/site-packages/airflow/example_dags/example_latest_only.py
[2025-05-16T05:38:29.501+0000] {logging_mixin.py:190} INFO - [2025-05-16T05:38:29.501+0000] {dag.py:3239} INFO - Sync 1 DAGs
[2025-05-16T05:38:29.526+0000] {logging_mixin.py:190} INFO - [2025-05-16T05:38:29.525+0000] {dag.py:4180} INFO - Setting next_dagrun for latest_only to 2025-05-16 00:00:00+00:00, run_after=2025-05-16 04:00:00+00:00
[2025-05-16T05:38:29.550+0000] {processor.py:208} INFO - Processing /home/airflow/.local/lib/python3.12/site-packages/airflow/example_dags/example_latest_only.py took 0.090 seconds
[2025-05-16T05:38:59.750+0000] {processor.py:186} INFO - Started process (PID=424) to work on /home/airflow/.local/lib/python3.12/site-packages/airflow/example_dags/example_latest_only.py
[2025-05-16T05:38:59.752+0000] {processor.py:914} INFO - Processing file /home/airflow/.local/lib/python3.12/site-packages/airflow/example_dags/example_latest_only.py for tasks to queue
[2025-05-16T05:38:59.757+0000] {logging_mixin.py:190} INFO - [2025-05-16T05:38:59.756+0000] {dagbag.py:588} INFO - Filling up the DagBag from /home/airflow/.local/lib/python3.12/site-packages/airflow/example_dags/example_latest_only.py
[2025-05-16T05:38:59.768+0000] {processor.py:925} INFO - DAG(s) 'latest_only' retrieved from /home/airflow/.local/lib/python3.12/site-packages/airflow/example_dags/example_latest_only.py
[2025-05-16T05:38:59.811+0000] {logging_mixin.py:190} INFO - [2025-05-16T05:38:59.810+0000] {dag.py:3239} INFO - Sync 1 DAGs
[2025-05-16T05:38:59.844+0000] {logging_mixin.py:190} INFO - [2025-05-16T05:38:59.844+0000] {dag.py:4180} INFO - Setting next_dagrun for latest_only to 2025-05-16 00:00:00+00:00, run_after=2025-05-16 04:00:00+00:00
[2025-05-16T05:38:59.870+0000] {processor.py:208} INFO - Processing /home/airflow/.local/lib/python3.12/site-packages/airflow/example_dags/example_latest_only.py took 0.132 seconds
[2025-05-16T05:39:30.045+0000] {processor.py:186} INFO - Started process (PID=490) to work on /home/airflow/.local/lib/python3.12/site-packages/airflow/example_dags/example_latest_only.py
[2025-05-16T05:39:30.047+0000] {processor.py:914} INFO - Processing file /home/airflow/.local/lib/python3.12/site-packages/airflow/example_dags/example_latest_only.py for tasks to queue
[2025-05-16T05:39:30.051+0000] {logging_mixin.py:190} INFO - [2025-05-16T05:39:30.050+0000] {dagbag.py:588} INFO - Filling up the DagBag from /home/airflow/.local/lib/python3.12/site-packages/airflow/example_dags/example_latest_only.py
[2025-05-16T05:39:30.062+0000] {processor.py:925} INFO - DAG(s) 'latest_only' retrieved from /home/airflow/.local/lib/python3.12/site-packages/airflow/example_dags/example_latest_only.py
[2025-05-16T05:39:30.091+0000] {logging_mixin.py:190} INFO - [2025-05-16T05:39:30.091+0000] {dag.py:3239} INFO - Sync 1 DAGs
[2025-05-16T05:39:30.136+0000] {logging_mixin.py:190} INFO - [2025-05-16T05:39:30.135+0000] {dag.py:4180} INFO - Setting next_dagrun for latest_only to 2025-05-16 00:00:00+00:00, run_after=2025-05-16 04:00:00+00:00
[2025-05-16T05:39:30.171+0000] {processor.py:208} INFO - Processing /home/airflow/.local/lib/python3.12/site-packages/airflow/example_dags/example_latest_only.py took 0.136 seconds
[2025-05-16T05:40:00.620+0000] {processor.py:186} INFO - Started process (PID=556) to work on /home/airflow/.local/lib/python3.12/site-packages/airflow/example_dags/example_latest_only.py
[2025-05-16T05:40:00.621+0000] {processor.py:914} INFO - Processing file /home/airflow/.local/lib/python3.12/site-packages/airflow/example_dags/example_latest_only.py for tasks to queue
[2025-05-16T05:40:00.624+0000] {logging_mixin.py:190} INFO - [2025-05-16T05:40:00.624+0000] {dagbag.py:588} INFO - Filling up the DagBag from /home/airflow/.local/lib/python3.12/site-packages/airflow/example_dags/example_latest_only.py
[2025-05-16T05:40:00.633+0000] {processor.py:925} INFO - DAG(s) 'latest_only' retrieved from /home/airflow/.local/lib/python3.12/site-packages/airflow/example_dags/example_latest_only.py
[2025-05-16T05:40:00.656+0000] {logging_mixin.py:190} INFO - [2025-05-16T05:40:00.656+0000] {dag.py:3239} INFO - Sync 1 DAGs
[2025-05-16T05:40:00.694+0000] {logging_mixin.py:190} INFO - [2025-05-16T05:40:00.694+0000] {dag.py:4180} INFO - Setting next_dagrun for latest_only to 2025-05-16 00:00:00+00:00, run_after=2025-05-16 04:00:00+00:00
[2025-05-16T05:40:00.722+0000] {processor.py:208} INFO - Processing /home/airflow/.local/lib/python3.12/site-packages/airflow/example_dags/example_latest_only.py took 0.111 seconds
[2025-05-16T05:40:31.168+0000] {processor.py:186} INFO - Started process (PID=622) to work on /home/airflow/.local/lib/python3.12/site-packages/airflow/example_dags/example_latest_only.py
[2025-05-16T05:40:31.170+0000] {processor.py:914} INFO - Processing file /home/airflow/.local/lib/python3.12/site-packages/airflow/example_dags/example_latest_only.py for tasks to queue
[2025-05-16T05:40:31.175+0000] {logging_mixin.py:190} INFO - [2025-05-16T05:40:31.174+0000] {dagbag.py:588} INFO - Filling up the DagBag from /home/airflow/.local/lib/python3.12/site-packages/airflow/example_dags/example_latest_only.py
[2025-05-16T05:40:31.190+0000] {processor.py:925} INFO - DAG(s) 'latest_only' retrieved from /home/airflow/.local/lib/python3.12/site-packages/airflow/example_dags/example_latest_only.py
[2025-05-16T05:40:31.226+0000] {logging_mixin.py:190} INFO - [2025-05-16T05:40:31.226+0000] {dag.py:3239} INFO - Sync 1 DAGs
[2025-05-16T05:40:31.270+0000] {logging_mixin.py:190} INFO - [2025-05-16T05:40:31.269+0000] {dag.py:4180} INFO - Setting next_dagrun for latest_only to 2025-05-16 00:00:00+00:00, run_after=2025-05-16 04:00:00+00:00
[2025-05-16T05:40:31.306+0000] {processor.py:208} INFO - Processing /home/airflow/.local/lib/python3.12/site-packages/airflow/example_dags/example_latest_only.py took 0.149 seconds
[2025-05-16T05:41:01.896+0000] {processor.py:186} INFO - Started process (PID=688) to work on /home/airflow/.local/lib/python3.12/site-packages/airflow/example_dags/example_latest_only.py
[2025-05-16T05:41:01.898+0000] {processor.py:914} INFO - Processing file /home/airflow/.local/lib/python3.12/site-packages/airflow/example_dags/example_latest_only.py for tasks to queue
[2025-05-16T05:41:01.904+0000] {logging_mixin.py:190} INFO - [2025-05-16T05:41:01.903+0000] {dagbag.py:588} INFO - Filling up the DagBag from /home/airflow/.local/lib/python3.12/site-packages/airflow/example_dags/example_latest_only.py
[2025-05-16T05:41:01.920+0000] {processor.py:925} INFO - DAG(s) 'latest_only' retrieved from /home/airflow/.local/lib/python3.12/site-packages/airflow/example_dags/example_latest_only.py
[2025-05-16T05:41:01.958+0000] {logging_mixin.py:190} INFO - [2025-05-16T05:41:01.958+0000] {dag.py:3239} INFO - Sync 1 DAGs
[2025-05-16T05:41:02.005+0000] {logging_mixin.py:190} INFO - [2025-05-16T05:41:02.004+0000] {dag.py:4180} INFO - Setting next_dagrun for latest_only to 2025-05-16 00:00:00+00:00, run_after=2025-05-16 04:00:00+00:00
[2025-05-16T05:41:02.045+0000] {processor.py:208} INFO - Processing /home/airflow/.local/lib/python3.12/site-packages/airflow/example_dags/example_latest_only.py took 0.161 seconds
[2025-05-16T05:41:32.164+0000] {processor.py:186} INFO - Started process (PID=754) to work on /home/airflow/.local/lib/python3.12/site-packages/airflow/example_dags/example_latest_only.py
[2025-05-16T05:41:32.166+0000] {processor.py:914} INFO - Processing file /home/airflow/.local/lib/python3.12/site-packages/airflow/example_dags/example_latest_only.py for tasks to queue
[2025-05-16T05:41:32.170+0000] {logging_mixin.py:190} INFO - [2025-05-16T05:41:32.169+0000] {dagbag.py:588} INFO - Filling up the DagBag from /home/airflow/.local/lib/python3.12/site-packages/airflow/example_dags/example_latest_only.py
[2025-05-16T05:41:32.182+0000] {processor.py:925} INFO - DAG(s) 'latest_only' retrieved from /home/airflow/.local/lib/python3.12/site-packages/airflow/example_dags/example_latest_only.py
[2025-05-16T05:41:32.214+0000] {logging_mixin.py:190} INFO - [2025-05-16T05:41:32.214+0000] {dag.py:3239} INFO - Sync 1 DAGs
[2025-05-16T05:41:32.258+0000] {logging_mixin.py:190} INFO - [2025-05-16T05:41:32.257+0000] {dag.py:4180} INFO - Setting next_dagrun for latest_only to 2025-05-16 00:00:00+00:00, run_after=2025-05-16 04:00:00+00:00
[2025-05-16T05:41:32.294+0000] {processor.py:208} INFO - Processing /home/airflow/.local/lib/python3.12/site-packages/airflow/example_dags/example_latest_only.py took 0.140 seconds
[2025-05-16T05:42:05.676+0000] {processor.py:186} INFO - Started process (PID=820) to work on /home/airflow/.local/lib/python3.12/site-packages/airflow/example_dags/example_latest_only.py
[2025-05-16T05:42:05.681+0000] {processor.py:914} INFO - Processing file /home/airflow/.local/lib/python3.12/site-packages/airflow/example_dags/example_latest_only.py for tasks to queue
[2025-05-16T05:42:05.689+0000] {logging_mixin.py:190} INFO - [2025-05-16T05:42:05.688+0000] {dagbag.py:588} INFO - Filling up the DagBag from /home/airflow/.local/lib/python3.12/site-packages/airflow/example_dags/example_latest_only.py
[2025-05-16T05:42:05.710+0000] {processor.py:925} INFO - DAG(s) 'latest_only' retrieved from /home/airflow/.local/lib/python3.12/site-packages/airflow/example_dags/example_latest_only.py
[2025-05-16T05:42:05.760+0000] {logging_mixin.py:190} INFO - [2025-05-16T05:42:05.760+0000] {dag.py:3239} INFO - Sync 1 DAGs
[2025-05-16T05:42:05.827+0000] {logging_mixin.py:190} INFO - [2025-05-16T05:42:05.827+0000] {dag.py:4180} INFO - Setting next_dagrun for latest_only to 2025-05-16 00:00:00+00:00, run_after=2025-05-16 04:00:00+00:00
[2025-05-16T05:42:05.886+0000] {processor.py:208} INFO - Processing /home/airflow/.local/lib/python3.12/site-packages/airflow/example_dags/example_latest_only.py took 0.244 seconds
[2025-05-16T05:42:36.703+0000] {processor.py:186} INFO - Started process (PID=886) to work on /home/airflow/.local/lib/python3.12/site-packages/airflow/example_dags/example_latest_only.py
[2025-05-16T05:42:36.707+0000] {processor.py:914} INFO - Processing file /home/airflow/.local/lib/python3.12/site-packages/airflow/example_dags/example_latest_only.py for tasks to queue
[2025-05-16T05:42:36.714+0000] {logging_mixin.py:190} INFO - [2025-05-16T05:42:36.713+0000] {dagbag.py:588} INFO - Filling up the DagBag from /home/airflow/.local/lib/python3.12/site-packages/airflow/example_dags/example_latest_only.py
[2025-05-16T05:42:36.735+0000] {processor.py:925} INFO - DAG(s) 'latest_only' retrieved from /home/airflow/.local/lib/python3.12/site-packages/airflow/example_dags/example_latest_only.py
[2025-05-16T05:42:36.782+0000] {logging_mixin.py:190} INFO - [2025-05-16T05:42:36.781+0000] {dag.py:3239} INFO - Sync 1 DAGs
[2025-05-16T05:42:36.863+0000] {logging_mixin.py:190} INFO - [2025-05-16T05:42:36.861+0000] {dag.py:4180} INFO - Setting next_dagrun for latest_only to 2025-05-16 00:00:00+00:00, run_after=2025-05-16 04:00:00+00:00
[2025-05-16T05:42:36.942+0000] {processor.py:208} INFO - Processing /home/airflow/.local/lib/python3.12/site-packages/airflow/example_dags/example_latest_only.py took 0.250 seconds
[2025-05-16T05:43:07.167+0000] {processor.py:186} INFO - Started process (PID=950) to work on /home/airflow/.local/lib/python3.12/site-packages/airflow/example_dags/example_latest_only.py
[2025-05-16T05:43:07.170+0000] {processor.py:914} INFO - Processing file /home/airflow/.local/lib/python3.12/site-packages/airflow/example_dags/example_latest_only.py for tasks to queue
[2025-05-16T05:43:07.176+0000] {logging_mixin.py:190} INFO - [2025-05-16T05:43:07.175+0000] {dagbag.py:588} INFO - Filling up the DagBag from /home/airflow/.local/lib/python3.12/site-packages/airflow/example_dags/example_latest_only.py
[2025-05-16T05:43:07.192+0000] {processor.py:925} INFO - DAG(s) 'latest_only' retrieved from /home/airflow/.local/lib/python3.12/site-packages/airflow/example_dags/example_latest_only.py
[2025-05-16T05:43:07.244+0000] {logging_mixin.py:190} INFO - [2025-05-16T05:43:07.243+0000] {dag.py:3239} INFO - Sync 1 DAGs
[2025-05-16T05:43:07.303+0000] {logging_mixin.py:190} INFO - [2025-05-16T05:43:07.302+0000] {dag.py:4180} INFO - Setting next_dagrun for latest_only to 2025-05-16 00:00:00+00:00, run_after=2025-05-16 04:00:00+00:00
[2025-05-16T05:43:07.358+0000] {processor.py:208} INFO - Processing /home/airflow/.local/lib/python3.12/site-packages/airflow/example_dags/example_latest_only.py took 0.207 seconds
[2025-05-16T05:43:37.593+0000] {processor.py:186} INFO - Started process (PID=1016) to work on /home/airflow/.local/lib/python3.12/site-packages/airflow/example_dags/example_latest_only.py
[2025-05-16T05:43:37.595+0000] {processor.py:914} INFO - Processing file /home/airflow/.local/lib/python3.12/site-packages/airflow/example_dags/example_latest_only.py for tasks to queue
[2025-05-16T05:43:37.600+0000] {logging_mixin.py:190} INFO - [2025-05-16T05:43:37.599+0000] {dagbag.py:588} INFO - Filling up the DagBag from /home/airflow/.local/lib/python3.12/site-packages/airflow/example_dags/example_latest_only.py
[2025-05-16T05:43:37.612+0000] {processor.py:925} INFO - DAG(s) 'latest_only' retrieved from /home/airflow/.local/lib/python3.12/site-packages/airflow/example_dags/example_latest_only.py
[2025-05-16T05:43:37.649+0000] {logging_mixin.py:190} INFO - [2025-05-16T05:43:37.648+0000] {dag.py:3239} INFO - Sync 1 DAGs
[2025-05-16T05:43:37.691+0000] {logging_mixin.py:190} INFO - [2025-05-16T05:43:37.691+0000] {dag.py:4180} INFO - Setting next_dagrun for latest_only to 2025-05-16 00:00:00+00:00, run_after=2025-05-16 04:00:00+00:00
[2025-05-16T05:43:37.734+0000] {processor.py:208} INFO - Processing /home/airflow/.local/lib/python3.12/site-packages/airflow/example_dags/example_latest_only.py took 0.150 seconds
[2025-05-16T05:44:08.417+0000] {processor.py:186} INFO - Started process (PID=1081) to work on /home/airflow/.local/lib/python3.12/site-packages/airflow/example_dags/example_latest_only.py
[2025-05-16T05:44:08.421+0000] {processor.py:914} INFO - Processing file /home/airflow/.local/lib/python3.12/site-packages/airflow/example_dags/example_latest_only.py for tasks to queue
[2025-05-16T05:44:08.427+0000] {logging_mixin.py:190} INFO - [2025-05-16T05:44:08.426+0000] {dagbag.py:588} INFO - Filling up the DagBag from /home/airflow/.local/lib/python3.12/site-packages/airflow/example_dags/example_latest_only.py
[2025-05-16T05:44:08.443+0000] {processor.py:925} INFO - DAG(s) 'latest_only' retrieved from /home/airflow/.local/lib/python3.12/site-packages/airflow/example_dags/example_latest_only.py
[2025-05-16T05:44:08.480+0000] {logging_mixin.py:190} INFO - [2025-05-16T05:44:08.479+0000] {dag.py:3239} INFO - Sync 1 DAGs
[2025-05-16T05:44:08.517+0000] {logging_mixin.py:190} INFO - [2025-05-16T05:44:08.516+0000] {dag.py:4180} INFO - Setting next_dagrun for latest_only to 2025-05-16 00:00:00+00:00, run_after=2025-05-16 04:00:00+00:00
[2025-05-16T05:44:08.554+0000] {processor.py:208} INFO - Processing /home/airflow/.local/lib/python3.12/site-packages/airflow/example_dags/example_latest_only.py took 0.148 seconds
[2025-05-16T05:44:45.012+0000] {processor.py:186} INFO - Started process (PID=1148) to work on /home/airflow/.local/lib/python3.12/site-packages/airflow/example_dags/example_latest_only.py
[2025-05-16T05:44:45.018+0000] {processor.py:914} INFO - Processing file /home/airflow/.local/lib/python3.12/site-packages/airflow/example_dags/example_latest_only.py for tasks to queue
[2025-05-16T05:44:45.029+0000] {logging_mixin.py:190} INFO - [2025-05-16T05:44:45.028+0000] {dagbag.py:588} INFO - Filling up the DagBag from /home/airflow/.local/lib/python3.12/site-packages/airflow/example_dags/example_latest_only.py
[2025-05-16T05:44:45.051+0000] {processor.py:925} INFO - DAG(s) 'latest_only' retrieved from /home/airflow/.local/lib/python3.12/site-packages/airflow/example_dags/example_latest_only.py
[2025-05-16T05:44:45.170+0000] {logging_mixin.py:190} INFO - [2025-05-16T05:44:45.169+0000] {dag.py:3239} INFO - Sync 1 DAGs
[2025-05-16T05:44:45.278+0000] {logging_mixin.py:190} INFO - [2025-05-16T05:44:45.277+0000] {dag.py:4180} INFO - Setting next_dagrun for latest_only to 2025-05-16 00:00:00+00:00, run_after=2025-05-16 04:00:00+00:00
[2025-05-16T05:44:45.400+0000] {processor.py:208} INFO - Processing /home/airflow/.local/lib/python3.12/site-packages/airflow/example_dags/example_latest_only.py took 0.406 seconds
[2025-05-16T05:45:24.538+0000] {processor.py:186} INFO - Started process (PID=1214) to work on /home/airflow/.local/lib/python3.12/site-packages/airflow/example_dags/example_latest_only.py
[2025-05-16T05:45:24.544+0000] {processor.py:914} INFO - Processing file /home/airflow/.local/lib/python3.12/site-packages/airflow/example_dags/example_latest_only.py for tasks to queue
[2025-05-16T05:45:24.557+0000] {logging_mixin.py:190} INFO - [2025-05-16T05:45:24.556+0000] {dagbag.py:588} INFO - Filling up the DagBag from /home/airflow/.local/lib/python3.12/site-packages/airflow/example_dags/example_latest_only.py
[2025-05-16T05:45:24.586+0000] {processor.py:925} INFO - DAG(s) 'latest_only' retrieved from /home/airflow/.local/lib/python3.12/site-packages/airflow/example_dags/example_latest_only.py
[2025-05-16T05:45:24.662+0000] {logging_mixin.py:190} INFO - [2025-05-16T05:45:24.662+0000] {dag.py:3239} INFO - Sync 1 DAGs
[2025-05-16T05:45:24.797+0000] {logging_mixin.py:190} INFO - [2025-05-16T05:45:24.796+0000] {dag.py:4180} INFO - Setting next_dagrun for latest_only to 2025-05-16 00:00:00+00:00, run_after=2025-05-16 04:00:00+00:00
[2025-05-16T05:45:24.918+0000] {processor.py:208} INFO - Processing /home/airflow/.local/lib/python3.12/site-packages/airflow/example_dags/example_latest_only.py took 0.403 seconds
[2025-05-16T05:45:58.592+0000] {processor.py:186} INFO - Started process (PID=1286) to work on /home/airflow/.local/lib/python3.12/site-packages/airflow/example_dags/example_latest_only.py
[2025-05-16T05:45:58.596+0000] {processor.py:914} INFO - Processing file /home/airflow/.local/lib/python3.12/site-packages/airflow/example_dags/example_latest_only.py for tasks to queue
[2025-05-16T05:45:58.606+0000] {logging_mixin.py:190} INFO - [2025-05-16T05:45:58.605+0000] {dagbag.py:588} INFO - Filling up the DagBag from /home/airflow/.local/lib/python3.12/site-packages/airflow/example_dags/example_latest_only.py
[2025-05-16T05:45:58.638+0000] {processor.py:925} INFO - DAG(s) 'latest_only' retrieved from /home/airflow/.local/lib/python3.12/site-packages/airflow/example_dags/example_latest_only.py
[2025-05-16T05:45:58.728+0000] {logging_mixin.py:190} INFO - [2025-05-16T05:45:58.727+0000] {dag.py:3239} INFO - Sync 1 DAGs
[2025-05-16T05:45:58.831+0000] {logging_mixin.py:190} INFO - [2025-05-16T05:45:58.830+0000] {dag.py:4180} INFO - Setting next_dagrun for latest_only to 2025-05-16 00:00:00+00:00, run_after=2025-05-16 04:00:00+00:00
[2025-05-16T05:45:58.947+0000] {processor.py:208} INFO - Processing /home/airflow/.local/lib/python3.12/site-packages/airflow/example_dags/example_latest_only.py took 0.380 seconds
[2025-05-16T05:46:29.700+0000] {processor.py:186} INFO - Started process (PID=1352) to work on /home/airflow/.local/lib/python3.12/site-packages/airflow/example_dags/example_latest_only.py
[2025-05-16T05:46:29.704+0000] {processor.py:914} INFO - Processing file /home/airflow/.local/lib/python3.12/site-packages/airflow/example_dags/example_latest_only.py for tasks to queue
[2025-05-16T05:46:29.711+0000] {logging_mixin.py:190} INFO - [2025-05-16T05:46:29.711+0000] {dagbag.py:588} INFO - Filling up the DagBag from /home/airflow/.local/lib/python3.12/site-packages/airflow/example_dags/example_latest_only.py
[2025-05-16T05:46:29.732+0000] {processor.py:925} INFO - DAG(s) 'latest_only' retrieved from /home/airflow/.local/lib/python3.12/site-packages/airflow/example_dags/example_latest_only.py
[2025-05-16T05:46:29.778+0000] {logging_mixin.py:190} INFO - [2025-05-16T05:46:29.777+0000] {dag.py:3239} INFO - Sync 1 DAGs
[2025-05-16T05:46:29.824+0000] {logging_mixin.py:190} INFO - [2025-05-16T05:46:29.823+0000] {dag.py:4180} INFO - Setting next_dagrun for latest_only to 2025-05-16 00:00:00+00:00, run_after=2025-05-16 04:00:00+00:00
[2025-05-16T05:46:29.866+0000] {processor.py:208} INFO - Processing /home/airflow/.local/lib/python3.12/site-packages/airflow/example_dags/example_latest_only.py took 0.181 seconds
[2025-05-16T05:47:00.490+0000] {processor.py:186} INFO - Started process (PID=1418) to work on /home/airflow/.local/lib/python3.12/site-packages/airflow/example_dags/example_latest_only.py
[2025-05-16T05:47:00.495+0000] {processor.py:914} INFO - Processing file /home/airflow/.local/lib/python3.12/site-packages/airflow/example_dags/example_latest_only.py for tasks to queue
[2025-05-16T05:47:00.501+0000] {logging_mixin.py:190} INFO - [2025-05-16T05:47:00.500+0000] {dagbag.py:588} INFO - Filling up the DagBag from /home/airflow/.local/lib/python3.12/site-packages/airflow/example_dags/example_latest_only.py
[2025-05-16T05:47:00.518+0000] {processor.py:925} INFO - DAG(s) 'latest_only' retrieved from /home/airflow/.local/lib/python3.12/site-packages/airflow/example_dags/example_latest_only.py
[2025-05-16T05:47:00.561+0000] {logging_mixin.py:190} INFO - [2025-05-16T05:47:00.561+0000] {dag.py:3239} INFO - Sync 1 DAGs
[2025-05-16T05:47:00.609+0000] {logging_mixin.py:190} INFO - [2025-05-16T05:47:00.608+0000] {dag.py:4180} INFO - Setting next_dagrun for latest_only to 2025-05-16 00:00:00+00:00, run_after=2025-05-16 04:00:00+00:00
[2025-05-16T05:47:00.653+0000] {processor.py:208} INFO - Processing /home/airflow/.local/lib/python3.12/site-packages/airflow/example_dags/example_latest_only.py took 0.176 seconds
[2025-05-16T05:47:31.081+0000] {processor.py:186} INFO - Started process (PID=1483) to work on /home/airflow/.local/lib/python3.12/site-packages/airflow/example_dags/example_latest_only.py
[2025-05-16T05:47:31.084+0000] {processor.py:914} INFO - Processing file /home/airflow/.local/lib/python3.12/site-packages/airflow/example_dags/example_latest_only.py for tasks to queue
[2025-05-16T05:47:31.089+0000] {logging_mixin.py:190} INFO - [2025-05-16T05:47:31.088+0000] {dagbag.py:588} INFO - Filling up the DagBag from /home/airflow/.local/lib/python3.12/site-packages/airflow/example_dags/example_latest_only.py
[2025-05-16T05:47:31.102+0000] {processor.py:925} INFO - DAG(s) 'latest_only' retrieved from /home/airflow/.local/lib/python3.12/site-packages/airflow/example_dags/example_latest_only.py
[2025-05-16T05:47:31.134+0000] {logging_mixin.py:190} INFO - [2025-05-16T05:47:31.134+0000] {dag.py:3239} INFO - Sync 1 DAGs
[2025-05-16T05:47:31.159+0000] {logging_mixin.py:190} INFO - [2025-05-16T05:47:31.159+0000] {dag.py:4180} INFO - Setting next_dagrun for latest_only to 2025-05-16 00:00:00+00:00, run_after=2025-05-16 04:00:00+00:00
[2025-05-16T05:47:31.191+0000] {processor.py:208} INFO - Processing /home/airflow/.local/lib/python3.12/site-packages/airflow/example_dags/example_latest_only.py took 0.122 seconds
[2025-05-16T05:48:02.173+0000] {processor.py:186} INFO - Started process (PID=1549) to work on /home/airflow/.local/lib/python3.12/site-packages/airflow/example_dags/example_latest_only.py
[2025-05-16T05:48:02.176+0000] {processor.py:914} INFO - Processing file /home/airflow/.local/lib/python3.12/site-packages/airflow/example_dags/example_latest_only.py for tasks to queue
[2025-05-16T05:48:02.182+0000] {logging_mixin.py:190} INFO - [2025-05-16T05:48:02.181+0000] {dagbag.py:588} INFO - Filling up the DagBag from /home/airflow/.local/lib/python3.12/site-packages/airflow/example_dags/example_latest_only.py
[2025-05-16T05:48:02.198+0000] {processor.py:925} INFO - DAG(s) 'latest_only' retrieved from /home/airflow/.local/lib/python3.12/site-packages/airflow/example_dags/example_latest_only.py
[2025-05-16T05:48:02.230+0000] {logging_mixin.py:190} INFO - [2025-05-16T05:48:02.230+0000] {dag.py:3239} INFO - Sync 1 DAGs
[2025-05-16T05:48:02.254+0000] {logging_mixin.py:190} INFO - [2025-05-16T05:48:02.254+0000] {dag.py:4180} INFO - Setting next_dagrun for latest_only to 2025-05-16 00:00:00+00:00, run_after=2025-05-16 04:00:00+00:00
[2025-05-16T05:48:02.283+0000] {processor.py:208} INFO - Processing /home/airflow/.local/lib/python3.12/site-packages/airflow/example_dags/example_latest_only.py took 0.122 seconds
[2025-05-16T05:48:32.598+0000] {processor.py:186} INFO - Started process (PID=1614) to work on /home/airflow/.local/lib/python3.12/site-packages/airflow/example_dags/example_latest_only.py
[2025-05-16T05:48:32.602+0000] {processor.py:914} INFO - Processing file /home/airflow/.local/lib/python3.12/site-packages/airflow/example_dags/example_latest_only.py for tasks to queue
[2025-05-16T05:48:32.608+0000] {logging_mixin.py:190} INFO - [2025-05-16T05:48:32.607+0000] {dagbag.py:588} INFO - Filling up the DagBag from /home/airflow/.local/lib/python3.12/site-packages/airflow/example_dags/example_latest_only.py
[2025-05-16T05:48:32.621+0000] {processor.py:925} INFO - DAG(s) 'latest_only' retrieved from /home/airflow/.local/lib/python3.12/site-packages/airflow/example_dags/example_latest_only.py
[2025-05-16T05:48:32.658+0000] {logging_mixin.py:190} INFO - [2025-05-16T05:48:32.658+0000] {dag.py:3239} INFO - Sync 1 DAGs
[2025-05-16T05:48:32.706+0000] {logging_mixin.py:190} INFO - [2025-05-16T05:48:32.706+0000] {dag.py:4180} INFO - Setting next_dagrun for latest_only to 2025-05-16 00:00:00+00:00, run_after=2025-05-16 04:00:00+00:00
[2025-05-16T05:48:32.757+0000] {processor.py:208} INFO - Processing /home/airflow/.local/lib/python3.12/site-packages/airflow/example_dags/example_latest_only.py took 0.174 seconds
[2025-05-16T05:49:02.952+0000] {processor.py:186} INFO - Started process (PID=1680) to work on /home/airflow/.local/lib/python3.12/site-packages/airflow/example_dags/example_latest_only.py
[2025-05-16T05:49:02.953+0000] {processor.py:914} INFO - Processing file /home/airflow/.local/lib/python3.12/site-packages/airflow/example_dags/example_latest_only.py for tasks to queue
[2025-05-16T05:49:02.956+0000] {logging_mixin.py:190} INFO - [2025-05-16T05:49:02.956+0000] {dagbag.py:588} INFO - Filling up the DagBag from /home/airflow/.local/lib/python3.12/site-packages/airflow/example_dags/example_latest_only.py
[2025-05-16T05:49:02.966+0000] {processor.py:925} INFO - DAG(s) 'latest_only' retrieved from /home/airflow/.local/lib/python3.12/site-packages/airflow/example_dags/example_latest_only.py
[2025-05-16T05:49:02.987+0000] {logging_mixin.py:190} INFO - [2025-05-16T05:49:02.987+0000] {dag.py:3239} INFO - Sync 1 DAGs
[2025-05-16T05:49:03.012+0000] {logging_mixin.py:190} INFO - [2025-05-16T05:49:03.012+0000] {dag.py:4180} INFO - Setting next_dagrun for latest_only to 2025-05-16 00:00:00+00:00, run_after=2025-05-16 04:00:00+00:00
[2025-05-16T05:49:03.045+0000] {processor.py:208} INFO - Processing /home/airflow/.local/lib/python3.12/site-packages/airflow/example_dags/example_latest_only.py took 0.100 seconds
[2025-05-16T05:49:37.411+0000] {processor.py:186} INFO - Started process (PID=1746) to work on /home/airflow/.local/lib/python3.12/site-packages/airflow/example_dags/example_latest_only.py
[2025-05-16T05:49:37.415+0000] {processor.py:914} INFO - Processing file /home/airflow/.local/lib/python3.12/site-packages/airflow/example_dags/example_latest_only.py for tasks to queue
[2025-05-16T05:49:37.424+0000] {logging_mixin.py:190} INFO - [2025-05-16T05:49:37.423+0000] {dagbag.py:588} INFO - Filling up the DagBag from /home/airflow/.local/lib/python3.12/site-packages/airflow/example_dags/example_latest_only.py
[2025-05-16T05:49:37.443+0000] {processor.py:925} INFO - DAG(s) 'latest_only' retrieved from /home/airflow/.local/lib/python3.12/site-packages/airflow/example_dags/example_latest_only.py
[2025-05-16T05:49:37.503+0000] {logging_mixin.py:190} INFO - [2025-05-16T05:49:37.503+0000] {dag.py:3239} INFO - Sync 1 DAGs
[2025-05-16T05:49:37.575+0000] {logging_mixin.py:190} INFO - [2025-05-16T05:49:37.575+0000] {dag.py:4180} INFO - Setting next_dagrun for latest_only to 2025-05-16 00:00:00+00:00, run_after=2025-05-16 04:00:00+00:00
[2025-05-16T05:49:37.641+0000] {processor.py:208} INFO - Processing /home/airflow/.local/lib/python3.12/site-packages/airflow/example_dags/example_latest_only.py took 0.248 seconds
[2025-05-16T05:50:18.581+0000] {processor.py:186} INFO - Started process (PID=1812) to work on /home/airflow/.local/lib/python3.12/site-packages/airflow/example_dags/example_latest_only.py
[2025-05-16T05:50:18.604+0000] {processor.py:914} INFO - Processing file /home/airflow/.local/lib/python3.12/site-packages/airflow/example_dags/example_latest_only.py for tasks to queue
[2025-05-16T05:50:18.630+0000] {logging_mixin.py:190} INFO - [2025-05-16T05:50:18.629+0000] {dagbag.py:588} INFO - Filling up the DagBag from /home/airflow/.local/lib/python3.12/site-packages/airflow/example_dags/example_latest_only.py
[2025-05-16T05:50:18.664+0000] {processor.py:925} INFO - DAG(s) 'latest_only' retrieved from /home/airflow/.local/lib/python3.12/site-packages/airflow/example_dags/example_latest_only.py
[2025-05-16T05:50:18.787+0000] {logging_mixin.py:190} INFO - [2025-05-16T05:50:18.786+0000] {dag.py:3239} INFO - Sync 1 DAGs
[2025-05-16T05:50:18.943+0000] {logging_mixin.py:190} INFO - [2025-05-16T05:50:18.942+0000] {dag.py:4180} INFO - Setting next_dagrun for latest_only to 2025-05-16 00:00:00+00:00, run_after=2025-05-16 04:00:00+00:00
[2025-05-16T05:50:19.066+0000] {processor.py:208} INFO - Processing /home/airflow/.local/lib/python3.12/site-packages/airflow/example_dags/example_latest_only.py took 0.519 seconds
[2025-05-16T05:50:57.042+0000] {processor.py:186} INFO - Started process (PID=1881) to work on /home/airflow/.local/lib/python3.12/site-packages/airflow/example_dags/example_latest_only.py
[2025-05-16T05:50:57.179+0000] {processor.py:914} INFO - Processing file /home/airflow/.local/lib/python3.12/site-packages/airflow/example_dags/example_latest_only.py for tasks to queue
[2025-05-16T05:50:57.202+0000] {logging_mixin.py:190} INFO - [2025-05-16T05:50:57.201+0000] {dagbag.py:588} INFO - Filling up the DagBag from /home/airflow/.local/lib/python3.12/site-packages/airflow/example_dags/example_latest_only.py
[2025-05-16T05:50:57.247+0000] {processor.py:925} INFO - DAG(s) 'latest_only' retrieved from /home/airflow/.local/lib/python3.12/site-packages/airflow/example_dags/example_latest_only.py
[2025-05-16T05:50:57.359+0000] {logging_mixin.py:190} INFO - [2025-05-16T05:50:57.358+0000] {dag.py:3239} INFO - Sync 1 DAGs
[2025-05-16T05:50:57.517+0000] {logging_mixin.py:190} INFO - [2025-05-16T05:50:57.516+0000] {dag.py:4180} INFO - Setting next_dagrun for latest_only to 2025-05-16 00:00:00+00:00, run_after=2025-05-16 04:00:00+00:00
[2025-05-16T05:50:57.652+0000] {processor.py:208} INFO - Processing /home/airflow/.local/lib/python3.12/site-packages/airflow/example_dags/example_latest_only.py took 0.636 seconds
[2025-05-16T05:51:32.808+0000] {processor.py:186} INFO - Started process (PID=1951) to work on /home/airflow/.local/lib/python3.12/site-packages/airflow/example_dags/example_latest_only.py
[2025-05-16T05:51:32.829+0000] {processor.py:914} INFO - Processing file /home/airflow/.local/lib/python3.12/site-packages/airflow/example_dags/example_latest_only.py for tasks to queue
[2025-05-16T05:51:32.849+0000] {logging_mixin.py:190} INFO - [2025-05-16T05:51:32.848+0000] {dagbag.py:588} INFO - Filling up the DagBag from /home/airflow/.local/lib/python3.12/site-packages/airflow/example_dags/example_latest_only.py
[2025-05-16T05:51:32.906+0000] {processor.py:925} INFO - DAG(s) 'latest_only' retrieved from /home/airflow/.local/lib/python3.12/site-packages/airflow/example_dags/example_latest_only.py
[2025-05-16T05:51:33.001+0000] {logging_mixin.py:190} INFO - [2025-05-16T05:51:32.998+0000] {dag.py:3239} INFO - Sync 1 DAGs
[2025-05-16T05:51:33.107+0000] {logging_mixin.py:190} INFO - [2025-05-16T05:51:33.106+0000] {dag.py:4180} INFO - Setting next_dagrun for latest_only to 2025-05-16 00:00:00+00:00, run_after=2025-05-16 04:00:00+00:00
[2025-05-16T05:51:33.192+0000] {processor.py:208} INFO - Processing /home/airflow/.local/lib/python3.12/site-packages/airflow/example_dags/example_latest_only.py took 0.404 seconds
[2025-05-16T05:52:31.048+0000] {processor.py:186} INFO - Started process (PID=2029) to work on /home/airflow/.local/lib/python3.12/site-packages/airflow/example_dags/example_latest_only.py
[2025-05-16T05:52:31.055+0000] {processor.py:914} INFO - Processing file /home/airflow/.local/lib/python3.12/site-packages/airflow/example_dags/example_latest_only.py for tasks to queue
[2025-05-16T05:52:31.076+0000] {logging_mixin.py:190} INFO - [2025-05-16T05:52:31.074+0000] {dagbag.py:588} INFO - Filling up the DagBag from /home/airflow/.local/lib/python3.12/site-packages/airflow/example_dags/example_latest_only.py
[2025-05-16T05:52:31.103+0000] {processor.py:925} INFO - DAG(s) 'latest_only' retrieved from /home/airflow/.local/lib/python3.12/site-packages/airflow/example_dags/example_latest_only.py
[2025-05-16T05:52:31.247+0000] {logging_mixin.py:190} INFO - [2025-05-16T05:52:31.244+0000] {dag.py:3239} INFO - Sync 1 DAGs
[2025-05-16T05:52:31.394+0000] {logging_mixin.py:190} INFO - [2025-05-16T05:52:31.393+0000] {dag.py:4180} INFO - Setting next_dagrun for latest_only to 2025-05-16 00:00:00+00:00, run_after=2025-05-16 04:00:00+00:00
[2025-05-16T05:52:31.569+0000] {processor.py:208} INFO - Processing /home/airflow/.local/lib/python3.12/site-packages/airflow/example_dags/example_latest_only.py took 0.537 seconds
[2025-05-16T05:53:01.852+0000] {processor.py:186} INFO - Started process (PID=2094) to work on /home/airflow/.local/lib/python3.12/site-packages/airflow/example_dags/example_latest_only.py
[2025-05-16T05:53:01.855+0000] {processor.py:914} INFO - Processing file /home/airflow/.local/lib/python3.12/site-packages/airflow/example_dags/example_latest_only.py for tasks to queue
[2025-05-16T05:53:01.862+0000] {logging_mixin.py:190} INFO - [2025-05-16T05:53:01.861+0000] {dagbag.py:588} INFO - Filling up the DagBag from /home/airflow/.local/lib/python3.12/site-packages/airflow/example_dags/example_latest_only.py
[2025-05-16T05:53:01.881+0000] {processor.py:925} INFO - DAG(s) 'latest_only' retrieved from /home/airflow/.local/lib/python3.12/site-packages/airflow/example_dags/example_latest_only.py
[2025-05-16T05:53:01.933+0000] {logging_mixin.py:190} INFO - [2025-05-16T05:53:01.933+0000] {dag.py:3239} INFO - Sync 1 DAGs
[2025-05-16T05:53:01.999+0000] {logging_mixin.py:190} INFO - [2025-05-16T05:53:01.999+0000] {dag.py:4180} INFO - Setting next_dagrun for latest_only to 2025-05-16 00:00:00+00:00, run_after=2025-05-16 04:00:00+00:00
[2025-05-16T05:53:02.057+0000] {processor.py:208} INFO - Processing /home/airflow/.local/lib/python3.12/site-packages/airflow/example_dags/example_latest_only.py took 0.219 seconds
[2025-05-16T05:53:32.650+0000] {processor.py:186} INFO - Started process (PID=2161) to work on /home/airflow/.local/lib/python3.12/site-packages/airflow/example_dags/example_latest_only.py
[2025-05-16T05:53:32.654+0000] {processor.py:914} INFO - Processing file /home/airflow/.local/lib/python3.12/site-packages/airflow/example_dags/example_latest_only.py for tasks to queue
[2025-05-16T05:53:32.669+0000] {logging_mixin.py:190} INFO - [2025-05-16T05:53:32.668+0000] {dagbag.py:588} INFO - Filling up the DagBag from /home/airflow/.local/lib/python3.12/site-packages/airflow/example_dags/example_latest_only.py
[2025-05-16T05:53:32.703+0000] {processor.py:925} INFO - DAG(s) 'latest_only' retrieved from /home/airflow/.local/lib/python3.12/site-packages/airflow/example_dags/example_latest_only.py
[2025-05-16T05:53:32.813+0000] {logging_mixin.py:190} INFO - [2025-05-16T05:53:32.812+0000] {dag.py:3239} INFO - Sync 1 DAGs
[2025-05-16T05:53:32.908+0000] {logging_mixin.py:190} INFO - [2025-05-16T05:53:32.907+0000] {dag.py:4180} INFO - Setting next_dagrun for latest_only to 2025-05-16 00:00:00+00:00, run_after=2025-05-16 04:00:00+00:00
[2025-05-16T05:53:33.017+0000] {processor.py:208} INFO - Processing /home/airflow/.local/lib/python3.12/site-packages/airflow/example_dags/example_latest_only.py took 0.389 seconds
[2025-05-16T05:54:09.644+0000] {processor.py:186} INFO - Started process (PID=2224) to work on /home/airflow/.local/lib/python3.12/site-packages/airflow/example_dags/example_latest_only.py
[2025-05-16T05:54:09.646+0000] {processor.py:914} INFO - Processing file /home/airflow/.local/lib/python3.12/site-packages/airflow/example_dags/example_latest_only.py for tasks to queue
[2025-05-16T05:54:09.651+0000] {logging_mixin.py:190} INFO - [2025-05-16T05:54:09.650+0000] {dagbag.py:588} INFO - Filling up the DagBag from /home/airflow/.local/lib/python3.12/site-packages/airflow/example_dags/example_latest_only.py
[2025-05-16T05:54:09.674+0000] {processor.py:925} INFO - DAG(s) 'latest_only' retrieved from /home/airflow/.local/lib/python3.12/site-packages/airflow/example_dags/example_latest_only.py
[2025-05-16T05:54:09.746+0000] {logging_mixin.py:190} INFO - [2025-05-16T05:54:09.745+0000] {dag.py:3239} INFO - Sync 1 DAGs
[2025-05-16T05:54:09.857+0000] {logging_mixin.py:190} INFO - [2025-05-16T05:54:09.856+0000] {dag.py:4180} INFO - Setting next_dagrun for latest_only to 2025-05-16 00:00:00+00:00, run_after=2025-05-16 04:00:00+00:00
[2025-05-16T05:54:09.928+0000] {processor.py:208} INFO - Processing /home/airflow/.local/lib/python3.12/site-packages/airflow/example_dags/example_latest_only.py took 0.299 seconds
[2025-05-16T05:54:47.542+0000] {processor.py:186} INFO - Started process (PID=2292) to work on /home/airflow/.local/lib/python3.12/site-packages/airflow/example_dags/example_latest_only.py
[2025-05-16T05:54:47.642+0000] {processor.py:914} INFO - Processing file /home/airflow/.local/lib/python3.12/site-packages/airflow/example_dags/example_latest_only.py for tasks to queue
[2025-05-16T05:54:47.659+0000] {logging_mixin.py:190} INFO - [2025-05-16T05:54:47.658+0000] {dagbag.py:588} INFO - Filling up the DagBag from /home/airflow/.local/lib/python3.12/site-packages/airflow/example_dags/example_latest_only.py
[2025-05-16T05:54:47.711+0000] {processor.py:925} INFO - DAG(s) 'latest_only' retrieved from /home/airflow/.local/lib/python3.12/site-packages/airflow/example_dags/example_latest_only.py
[2025-05-16T05:54:47.813+0000] {logging_mixin.py:190} INFO - [2025-05-16T05:54:47.812+0000] {dag.py:3239} INFO - Sync 1 DAGs
[2025-05-16T05:54:47.950+0000] {logging_mixin.py:190} INFO - [2025-05-16T05:54:47.949+0000] {dag.py:4180} INFO - Setting next_dagrun for latest_only to 2025-05-16 00:00:00+00:00, run_after=2025-05-16 04:00:00+00:00
[2025-05-16T05:54:48.131+0000] {processor.py:208} INFO - Processing /home/airflow/.local/lib/python3.12/site-packages/airflow/example_dags/example_latest_only.py took 0.615 seconds
[2025-05-16T05:55:43.999+0000] {processor.py:186} INFO - Started process (PID=2367) to work on /home/airflow/.local/lib/python3.12/site-packages/airflow/example_dags/example_latest_only.py
[2025-05-16T05:55:43.022+0000] {processor.py:914} INFO - Processing file /home/airflow/.local/lib/python3.12/site-packages/airflow/example_dags/example_latest_only.py for tasks to queue
[2025-05-16T05:55:43.046+0000] {logging_mixin.py:190} INFO - [2025-05-16T05:55:43.045+0000] {dagbag.py:588} INFO - Filling up the DagBag from /home/airflow/.local/lib/python3.12/site-packages/airflow/example_dags/example_latest_only.py
[2025-05-16T05:55:43.151+0000] {processor.py:925} INFO - DAG(s) 'latest_only' retrieved from /home/airflow/.local/lib/python3.12/site-packages/airflow/example_dags/example_latest_only.py
[2025-05-16T05:55:43.315+0000] {logging_mixin.py:190} INFO - [2025-05-16T05:55:43.314+0000] {dag.py:3239} INFO - Sync 1 DAGs
[2025-05-16T05:55:43.487+0000] {logging_mixin.py:190} INFO - [2025-05-16T05:55:43.487+0000] {dag.py:4180} INFO - Setting next_dagrun for latest_only to 2025-05-16 00:00:00+00:00, run_after=2025-05-16 04:00:00+00:00
[2025-05-16T05:55:43.686+0000] {processor.py:208} INFO - Processing /home/airflow/.local/lib/python3.12/site-packages/airflow/example_dags/example_latest_only.py took 0.722 seconds
[2025-05-16T05:57:01.094+0000] {processor.py:186} INFO - Started process (PID=2455) to work on /home/airflow/.local/lib/python3.12/site-packages/airflow/example_dags/example_latest_only.py
[2025-05-16T05:57:01.187+0000] {processor.py:914} INFO - Processing file /home/airflow/.local/lib/python3.12/site-packages/airflow/example_dags/example_latest_only.py for tasks to queue
[2025-05-16T05:57:01.250+0000] {logging_mixin.py:190} INFO - [2025-05-16T05:57:01.249+0000] {dagbag.py:588} INFO - Filling up the DagBag from /home/airflow/.local/lib/python3.12/site-packages/airflow/example_dags/example_latest_only.py
[2025-05-16T05:57:01.330+0000] {processor.py:925} INFO - DAG(s) 'latest_only' retrieved from /home/airflow/.local/lib/python3.12/site-packages/airflow/example_dags/example_latest_only.py
[2025-05-16T05:57:01.415+0000] {logging_mixin.py:190} INFO - [2025-05-16T05:57:01.413+0000] {dag.py:3239} INFO - Sync 1 DAGs
[2025-05-16T05:57:01.574+0000] {logging_mixin.py:190} INFO - [2025-05-16T05:57:01.573+0000] {dag.py:4180} INFO - Setting next_dagrun for latest_only to 2025-05-16 00:00:00+00:00, run_after=2025-05-16 04:00:00+00:00
[2025-05-16T05:57:01.719+0000] {processor.py:208} INFO - Processing /home/airflow/.local/lib/python3.12/site-packages/airflow/example_dags/example_latest_only.py took 0.641 seconds
[2025-05-16T05:57:34.226+0000] {processor.py:186} INFO - Started process (PID=2521) to work on /home/airflow/.local/lib/python3.12/site-packages/airflow/example_dags/example_latest_only.py
[2025-05-16T05:57:34.236+0000] {processor.py:914} INFO - Processing file /home/airflow/.local/lib/python3.12/site-packages/airflow/example_dags/example_latest_only.py for tasks to queue
[2025-05-16T05:57:34.250+0000] {logging_mixin.py:190} INFO - [2025-05-16T05:57:34.249+0000] {dagbag.py:588} INFO - Filling up the DagBag from /home/airflow/.local/lib/python3.12/site-packages/airflow/example_dags/example_latest_only.py
[2025-05-16T05:57:34.286+0000] {processor.py:925} INFO - DAG(s) 'latest_only' retrieved from /home/airflow/.local/lib/python3.12/site-packages/airflow/example_dags/example_latest_only.py
[2025-05-16T05:57:34.380+0000] {logging_mixin.py:190} INFO - [2025-05-16T05:57:34.379+0000] {dag.py:3239} INFO - Sync 1 DAGs
[2025-05-16T05:57:34.491+0000] {logging_mixin.py:190} INFO - [2025-05-16T05:57:34.490+0000] {dag.py:4180} INFO - Setting next_dagrun for latest_only to 2025-05-16 00:00:00+00:00, run_after=2025-05-16 04:00:00+00:00
[2025-05-16T05:57:34.571+0000] {processor.py:208} INFO - Processing /home/airflow/.local/lib/python3.12/site-packages/airflow/example_dags/example_latest_only.py took 0.366 seconds
[2025-05-16T05:58:18.891+0000] {processor.py:186} INFO - Started process (PID=2589) to work on /home/airflow/.local/lib/python3.12/site-packages/airflow/example_dags/example_latest_only.py
[2025-05-16T05:58:18.903+0000] {processor.py:914} INFO - Processing file /home/airflow/.local/lib/python3.12/site-packages/airflow/example_dags/example_latest_only.py for tasks to queue
[2025-05-16T05:58:18.916+0000] {logging_mixin.py:190} INFO - [2025-05-16T05:58:18.914+0000] {dagbag.py:588} INFO - Filling up the DagBag from /home/airflow/.local/lib/python3.12/site-packages/airflow/example_dags/example_latest_only.py
[2025-05-16T05:58:18.944+0000] {processor.py:925} INFO - DAG(s) 'latest_only' retrieved from /home/airflow/.local/lib/python3.12/site-packages/airflow/example_dags/example_latest_only.py
[2025-05-16T05:58:19.021+0000] {logging_mixin.py:190} INFO - [2025-05-16T05:58:19.020+0000] {dag.py:3239} INFO - Sync 1 DAGs
[2025-05-16T05:58:19.132+0000] {logging_mixin.py:190} INFO - [2025-05-16T05:58:19.132+0000] {dag.py:4180} INFO - Setting next_dagrun for latest_only to 2025-05-16 00:00:00+00:00, run_after=2025-05-16 04:00:00+00:00
[2025-05-16T05:58:19.260+0000] {processor.py:208} INFO - Processing /home/airflow/.local/lib/python3.12/site-packages/airflow/example_dags/example_latest_only.py took 0.388 seconds
[2025-05-16T05:58:52.778+0000] {processor.py:186} INFO - Started process (PID=2657) to work on /home/airflow/.local/lib/python3.12/site-packages/airflow/example_dags/example_latest_only.py
[2025-05-16T05:58:52.782+0000] {processor.py:914} INFO - Processing file /home/airflow/.local/lib/python3.12/site-packages/airflow/example_dags/example_latest_only.py for tasks to queue
[2025-05-16T05:58:52.790+0000] {logging_mixin.py:190} INFO - [2025-05-16T05:58:52.789+0000] {dagbag.py:588} INFO - Filling up the DagBag from /home/airflow/.local/lib/python3.12/site-packages/airflow/example_dags/example_latest_only.py
[2025-05-16T05:58:52.813+0000] {processor.py:925} INFO - DAG(s) 'latest_only' retrieved from /home/airflow/.local/lib/python3.12/site-packages/airflow/example_dags/example_latest_only.py
[2025-05-16T05:58:52.897+0000] {logging_mixin.py:190} INFO - [2025-05-16T05:58:52.896+0000] {dag.py:3239} INFO - Sync 1 DAGs
[2025-05-16T05:58:53.003+0000] {logging_mixin.py:190} INFO - [2025-05-16T05:58:53.003+0000] {dag.py:4180} INFO - Setting next_dagrun for latest_only to 2025-05-16 00:00:00+00:00, run_after=2025-05-16 04:00:00+00:00
[2025-05-16T05:58:53.100+0000] {processor.py:208} INFO - Processing /home/airflow/.local/lib/python3.12/site-packages/airflow/example_dags/example_latest_only.py took 0.345 seconds
[2025-05-16T05:59:31.622+0000] {processor.py:186} INFO - Started process (PID=2730) to work on /home/airflow/.local/lib/python3.12/site-packages/airflow/example_dags/example_latest_only.py
[2025-05-16T05:59:31.638+0000] {processor.py:914} INFO - Processing file /home/airflow/.local/lib/python3.12/site-packages/airflow/example_dags/example_latest_only.py for tasks to queue
[2025-05-16T05:59:31.670+0000] {logging_mixin.py:190} INFO - [2025-05-16T05:59:31.667+0000] {dagbag.py:588} INFO - Filling up the DagBag from /home/airflow/.local/lib/python3.12/site-packages/airflow/example_dags/example_latest_only.py
[2025-05-16T05:59:31.693+0000] {processor.py:925} INFO - DAG(s) 'latest_only' retrieved from /home/airflow/.local/lib/python3.12/site-packages/airflow/example_dags/example_latest_only.py
[2025-05-16T05:59:31.803+0000] {logging_mixin.py:190} INFO - [2025-05-16T05:59:31.802+0000] {dag.py:3239} INFO - Sync 1 DAGs
[2025-05-16T05:59:31.928+0000] {logging_mixin.py:190} INFO - [2025-05-16T05:59:31.927+0000] {dag.py:4180} INFO - Setting next_dagrun for latest_only to 2025-05-16 00:00:00+00:00, run_after=2025-05-16 04:00:00+00:00
[2025-05-16T05:59:32.075+0000] {processor.py:208} INFO - Processing /home/airflow/.local/lib/python3.12/site-packages/airflow/example_dags/example_latest_only.py took 0.474 seconds
[2025-05-16T06:00:09.831+0000] {processor.py:186} INFO - Started process (PID=2799) to work on /home/airflow/.local/lib/python3.12/site-packages/airflow/example_dags/example_latest_only.py
[2025-05-16T06:00:09.839+0000] {processor.py:914} INFO - Processing file /home/airflow/.local/lib/python3.12/site-packages/airflow/example_dags/example_latest_only.py for tasks to queue
[2025-05-16T06:00:09.847+0000] {logging_mixin.py:190} INFO - [2025-05-16T06:00:09.847+0000] {dagbag.py:588} INFO - Filling up the DagBag from /home/airflow/.local/lib/python3.12/site-packages/airflow/example_dags/example_latest_only.py
[2025-05-16T06:00:09.873+0000] {processor.py:925} INFO - DAG(s) 'latest_only' retrieved from /home/airflow/.local/lib/python3.12/site-packages/airflow/example_dags/example_latest_only.py
[2025-05-16T06:00:09.989+0000] {logging_mixin.py:190} INFO - [2025-05-16T06:00:09.988+0000] {dag.py:3239} INFO - Sync 1 DAGs
[2025-05-16T06:00:10.113+0000] {logging_mixin.py:190} INFO - [2025-05-16T06:00:10.113+0000] {dag.py:4180} INFO - Setting next_dagrun for latest_only to 2025-05-16 00:00:00+00:00, run_after=2025-05-16 04:00:00+00:00
[2025-05-16T06:00:10.228+0000] {processor.py:208} INFO - Processing /home/airflow/.local/lib/python3.12/site-packages/airflow/example_dags/example_latest_only.py took 0.420 seconds
[2025-05-16T06:00:48.318+0000] {processor.py:186} INFO - Started process (PID=2867) to work on /home/airflow/.local/lib/python3.12/site-packages/airflow/example_dags/example_latest_only.py
[2025-05-16T06:00:48.341+0000] {processor.py:914} INFO - Processing file /home/airflow/.local/lib/python3.12/site-packages/airflow/example_dags/example_latest_only.py for tasks to queue
[2025-05-16T06:00:48.355+0000] {logging_mixin.py:190} INFO - [2025-05-16T06:00:48.354+0000] {dagbag.py:588} INFO - Filling up the DagBag from /home/airflow/.local/lib/python3.12/site-packages/airflow/example_dags/example_latest_only.py
[2025-05-16T06:00:48.391+0000] {processor.py:925} INFO - DAG(s) 'latest_only' retrieved from /home/airflow/.local/lib/python3.12/site-packages/airflow/example_dags/example_latest_only.py
[2025-05-16T06:00:48.528+0000] {logging_mixin.py:190} INFO - [2025-05-16T06:00:48.526+0000] {dag.py:3239} INFO - Sync 1 DAGs
[2025-05-16T06:00:48.653+0000] {logging_mixin.py:190} INFO - [2025-05-16T06:00:48.652+0000] {dag.py:4180} INFO - Setting next_dagrun for latest_only to 2025-05-16 00:00:00+00:00, run_after=2025-05-16 04:00:00+00:00
[2025-05-16T06:00:48.785+0000] {processor.py:208} INFO - Processing /home/airflow/.local/lib/python3.12/site-packages/airflow/example_dags/example_latest_only.py took 0.493 seconds
[2025-05-16T06:01:32.826+0000] {processor.py:186} INFO - Started process (PID=2948) to work on /home/airflow/.local/lib/python3.12/site-packages/airflow/example_dags/example_latest_only.py
[2025-05-16T06:01:32.831+0000] {processor.py:914} INFO - Processing file /home/airflow/.local/lib/python3.12/site-packages/airflow/example_dags/example_latest_only.py for tasks to queue
[2025-05-16T06:01:32.838+0000] {logging_mixin.py:190} INFO - [2025-05-16T06:01:32.837+0000] {dagbag.py:588} INFO - Filling up the DagBag from /home/airflow/.local/lib/python3.12/site-packages/airflow/example_dags/example_latest_only.py
[2025-05-16T06:01:32.860+0000] {processor.py:925} INFO - DAG(s) 'latest_only' retrieved from /home/airflow/.local/lib/python3.12/site-packages/airflow/example_dags/example_latest_only.py
[2025-05-16T06:01:32.914+0000] {logging_mixin.py:190} INFO - [2025-05-16T06:01:32.913+0000] {dag.py:3239} INFO - Sync 1 DAGs
[2025-05-16T06:01:32.983+0000] {logging_mixin.py:190} INFO - [2025-05-16T06:01:32.983+0000] {dag.py:4180} INFO - Setting next_dagrun for latest_only to 2025-05-16 00:00:00+00:00, run_after=2025-05-16 04:00:00+00:00
[2025-05-16T06:01:33.039+0000] {processor.py:208} INFO - Processing /home/airflow/.local/lib/python3.12/site-packages/airflow/example_dags/example_latest_only.py took 0.232 seconds
[2025-05-16T06:02:07.917+0000] {processor.py:186} INFO - Started process (PID=3014) to work on /home/airflow/.local/lib/python3.12/site-packages/airflow/example_dags/example_latest_only.py
[2025-05-16T06:02:07.925+0000] {processor.py:914} INFO - Processing file /home/airflow/.local/lib/python3.12/site-packages/airflow/example_dags/example_latest_only.py for tasks to queue
[2025-05-16T06:02:07.946+0000] {logging_mixin.py:190} INFO - [2025-05-16T06:02:07.939+0000] {dagbag.py:588} INFO - Filling up the DagBag from /home/airflow/.local/lib/python3.12/site-packages/airflow/example_dags/example_latest_only.py
[2025-05-16T06:02:08.001+0000] {processor.py:925} INFO - DAG(s) 'latest_only' retrieved from /home/airflow/.local/lib/python3.12/site-packages/airflow/example_dags/example_latest_only.py
[2025-05-16T06:02:08.130+0000] {logging_mixin.py:190} INFO - [2025-05-16T06:02:08.129+0000] {dag.py:3239} INFO - Sync 1 DAGs
[2025-05-16T06:02:08.248+0000] {logging_mixin.py:190} INFO - [2025-05-16T06:02:08.247+0000] {dag.py:4180} INFO - Setting next_dagrun for latest_only to 2025-05-16 00:00:00+00:00, run_after=2025-05-16 04:00:00+00:00
[2025-05-16T06:02:08.439+0000] {processor.py:208} INFO - Processing /home/airflow/.local/lib/python3.12/site-packages/airflow/example_dags/example_latest_only.py took 0.547 seconds
[2025-05-16T06:03:01.241+0000] {processor.py:186} INFO - Started process (PID=3080) to work on /home/airflow/.local/lib/python3.12/site-packages/airflow/example_dags/example_latest_only.py
[2025-05-16T06:03:01.284+0000] {processor.py:914} INFO - Processing file /home/airflow/.local/lib/python3.12/site-packages/airflow/example_dags/example_latest_only.py for tasks to queue
[2025-05-16T06:03:01.328+0000] {logging_mixin.py:190} INFO - [2025-05-16T06:03:01.325+0000] {dagbag.py:588} INFO - Filling up the DagBag from /home/airflow/.local/lib/python3.12/site-packages/airflow/example_dags/example_latest_only.py
[2025-05-16T06:03:01.381+0000] {processor.py:925} INFO - DAG(s) 'latest_only' retrieved from /home/airflow/.local/lib/python3.12/site-packages/airflow/example_dags/example_latest_only.py
[2025-05-16T06:03:01.586+0000] {logging_mixin.py:190} INFO - [2025-05-16T06:03:01.585+0000] {dag.py:3239} INFO - Sync 1 DAGs
[2025-05-16T06:03:01.722+0000] {logging_mixin.py:190} INFO - [2025-05-16T06:03:01.722+0000] {dag.py:4180} INFO - Setting next_dagrun for latest_only to 2025-05-16 00:00:00+00:00, run_after=2025-05-16 04:00:00+00:00
[2025-05-16T06:03:01.835+0000] {processor.py:208} INFO - Processing /home/airflow/.local/lib/python3.12/site-packages/airflow/example_dags/example_latest_only.py took 0.627 seconds
[2025-05-16T06:03:50.021+0000] {processor.py:186} INFO - Started process (PID=3152) to work on /home/airflow/.local/lib/python3.12/site-packages/airflow/example_dags/example_latest_only.py
[2025-05-16T06:03:50.040+0000] {processor.py:914} INFO - Processing file /home/airflow/.local/lib/python3.12/site-packages/airflow/example_dags/example_latest_only.py for tasks to queue
[2025-05-16T06:03:50.105+0000] {logging_mixin.py:190} INFO - [2025-05-16T06:03:50.104+0000] {dagbag.py:588} INFO - Filling up the DagBag from /home/airflow/.local/lib/python3.12/site-packages/airflow/example_dags/example_latest_only.py
[2025-05-16T06:03:50.147+0000] {processor.py:925} INFO - DAG(s) 'latest_only' retrieved from /home/airflow/.local/lib/python3.12/site-packages/airflow/example_dags/example_latest_only.py
[2025-05-16T06:03:50.244+0000] {logging_mixin.py:190} INFO - [2025-05-16T06:03:50.243+0000] {dag.py:3239} INFO - Sync 1 DAGs
[2025-05-16T06:03:50.498+0000] {logging_mixin.py:190} INFO - [2025-05-16T06:03:50.497+0000] {dag.py:4180} INFO - Setting next_dagrun for latest_only to 2025-05-16 00:00:00+00:00, run_after=2025-05-16 04:00:00+00:00
[2025-05-16T06:03:50.633+0000] {processor.py:208} INFO - Processing /home/airflow/.local/lib/python3.12/site-packages/airflow/example_dags/example_latest_only.py took 0.644 seconds
