[2025-05-16T04:28:34.099+0000] {processor.py:186} INFO - Started process (PID=135) to work on /home/airflow/.local/lib/python3.12/site-packages/airflow/example_dags/example_branch_day_of_week_operator.py
[2025-05-16T04:28:34.118+0000] {processor.py:914} INFO - Processing file /home/airflow/.local/lib/python3.12/site-packages/airflow/example_dags/example_branch_day_of_week_operator.py for tasks to queue
[2025-05-16T04:28:34.146+0000] {logging_mixin.py:190} INFO - [2025-05-16T04:28:34.139+0000] {dagbag.py:588} INFO - Filling up the DagBag from /home/airflow/.local/lib/python3.12/site-packages/airflow/example_dags/example_branch_day_of_week_operator.py
[2025-05-16T04:28:34.303+0000] {processor.py:925} INFO - DAG(s) 'example_weekday_branch_operator' retrieved from /home/airflow/.local/lib/python3.12/site-packages/airflow/example_dags/example_branch_day_of_week_operator.py
[2025-05-16T04:28:34.520+0000] {logging_mixin.py:190} INFO - [2025-05-16T04:28:34.517+0000] {dag.py:3239} INFO - Sync 1 DAGs
[2025-05-16T04:28:34.830+0000] {logging_mixin.py:190} INFO - [2025-05-16T04:28:34.829+0000] {dag.py:4180} INFO - Setting next_dagrun for example_weekday_branch_operator to 2025-05-15 00:00:00+00:00, run_after=2025-05-16 00:00:00+00:00
[2025-05-16T04:28:34.990+0000] {processor.py:208} INFO - Processing /home/airflow/.local/lib/python3.12/site-packages/airflow/example_dags/example_branch_day_of_week_operator.py took 1.059 seconds
[2025-05-16T04:29:41.785+0000] {processor.py:186} INFO - Started process (PID=208) to work on /home/airflow/.local/lib/python3.12/site-packages/airflow/example_dags/example_branch_day_of_week_operator.py
[2025-05-16T04:29:41.789+0000] {processor.py:914} INFO - Processing file /home/airflow/.local/lib/python3.12/site-packages/airflow/example_dags/example_branch_day_of_week_operator.py for tasks to queue
[2025-05-16T04:29:41.802+0000] {logging_mixin.py:190} INFO - [2025-05-16T04:29:41.800+0000] {dagbag.py:588} INFO - Filling up the DagBag from /home/airflow/.local/lib/python3.12/site-packages/airflow/example_dags/example_branch_day_of_week_operator.py
[2025-05-16T04:29:41.862+0000] {processor.py:925} INFO - DAG(s) 'example_weekday_branch_operator' retrieved from /home/airflow/.local/lib/python3.12/site-packages/airflow/example_dags/example_branch_day_of_week_operator.py
[2025-05-16T04:29:41.982+0000] {logging_mixin.py:190} INFO - [2025-05-16T04:29:41.981+0000] {dag.py:3239} INFO - Sync 1 DAGs
[2025-05-16T04:29:42.105+0000] {logging_mixin.py:190} INFO - [2025-05-16T04:29:42.104+0000] {dag.py:4180} INFO - Setting next_dagrun for example_weekday_branch_operator to 2025-05-15 00:00:00+00:00, run_after=2025-05-16 00:00:00+00:00
[2025-05-16T04:29:42.261+0000] {processor.py:208} INFO - Processing /home/airflow/.local/lib/python3.12/site-packages/airflow/example_dags/example_branch_day_of_week_operator.py took 0.504 seconds
[2025-05-16T04:30:28.223+0000] {processor.py:186} INFO - Started process (PID=285) to work on /home/airflow/.local/lib/python3.12/site-packages/airflow/example_dags/example_branch_day_of_week_operator.py
[2025-05-16T04:30:28.229+0000] {processor.py:914} INFO - Processing file /home/airflow/.local/lib/python3.12/site-packages/airflow/example_dags/example_branch_day_of_week_operator.py for tasks to queue
[2025-05-16T04:30:28.238+0000] {logging_mixin.py:190} INFO - [2025-05-16T04:30:28.237+0000] {dagbag.py:588} INFO - Filling up the DagBag from /home/airflow/.local/lib/python3.12/site-packages/airflow/example_dags/example_branch_day_of_week_operator.py
[2025-05-16T04:30:28.284+0000] {processor.py:925} INFO - DAG(s) 'example_weekday_branch_operator' retrieved from /home/airflow/.local/lib/python3.12/site-packages/airflow/example_dags/example_branch_day_of_week_operator.py
[2025-05-16T04:30:28.423+0000] {logging_mixin.py:190} INFO - [2025-05-16T04:30:28.420+0000] {dag.py:3239} INFO - Sync 1 DAGs
[2025-05-16T04:30:28.581+0000] {logging_mixin.py:190} INFO - [2025-05-16T04:30:28.580+0000] {dag.py:4180} INFO - Setting next_dagrun for example_weekday_branch_operator to 2025-05-15 00:00:00+00:00, run_after=2025-05-16 00:00:00+00:00
[2025-05-16T04:30:28.737+0000] {processor.py:208} INFO - Processing /home/airflow/.local/lib/python3.12/site-packages/airflow/example_dags/example_branch_day_of_week_operator.py took 0.534 seconds
[2025-05-16T04:31:12.261+0000] {processor.py:186} INFO - Started process (PID=351) to work on /home/airflow/.local/lib/python3.12/site-packages/airflow/example_dags/example_branch_day_of_week_operator.py
[2025-05-16T04:31:12.280+0000] {processor.py:914} INFO - Processing file /home/airflow/.local/lib/python3.12/site-packages/airflow/example_dags/example_branch_day_of_week_operator.py for tasks to queue
[2025-05-16T04:31:12.308+0000] {logging_mixin.py:190} INFO - [2025-05-16T04:31:12.306+0000] {dagbag.py:588} INFO - Filling up the DagBag from /home/airflow/.local/lib/python3.12/site-packages/airflow/example_dags/example_branch_day_of_week_operator.py
[2025-05-16T04:31:12.385+0000] {processor.py:925} INFO - DAG(s) 'example_weekday_branch_operator' retrieved from /home/airflow/.local/lib/python3.12/site-packages/airflow/example_dags/example_branch_day_of_week_operator.py
[2025-05-16T04:31:12.529+0000] {logging_mixin.py:190} INFO - [2025-05-16T04:31:12.528+0000] {dag.py:3239} INFO - Sync 1 DAGs
[2025-05-16T04:31:12.713+0000] {logging_mixin.py:190} INFO - [2025-05-16T04:31:12.712+0000] {dag.py:4180} INFO - Setting next_dagrun for example_weekday_branch_operator to 2025-05-15 00:00:00+00:00, run_after=2025-05-16 00:00:00+00:00
[2025-05-16T04:31:12.860+0000] {processor.py:208} INFO - Processing /home/airflow/.local/lib/python3.12/site-packages/airflow/example_dags/example_branch_day_of_week_operator.py took 0.650 seconds
[2025-05-16T04:32:22.421+0000] {processor.py:186} INFO - Started process (PID=424) to work on /home/airflow/.local/lib/python3.12/site-packages/airflow/example_dags/example_branch_day_of_week_operator.py
[2025-05-16T04:32:22.426+0000] {processor.py:914} INFO - Processing file /home/airflow/.local/lib/python3.12/site-packages/airflow/example_dags/example_branch_day_of_week_operator.py for tasks to queue
[2025-05-16T04:32:22.439+0000] {logging_mixin.py:190} INFO - [2025-05-16T04:32:22.438+0000] {dagbag.py:588} INFO - Filling up the DagBag from /home/airflow/.local/lib/python3.12/site-packages/airflow/example_dags/example_branch_day_of_week_operator.py
[2025-05-16T04:32:22.470+0000] {processor.py:925} INFO - DAG(s) 'example_weekday_branch_operator' retrieved from /home/airflow/.local/lib/python3.12/site-packages/airflow/example_dags/example_branch_day_of_week_operator.py
[2025-05-16T04:32:22.580+0000] {logging_mixin.py:190} INFO - [2025-05-16T04:32:22.579+0000] {dag.py:3239} INFO - Sync 1 DAGs
[2025-05-16T04:32:22.725+0000] {logging_mixin.py:190} INFO - [2025-05-16T04:32:22.724+0000] {dag.py:4180} INFO - Setting next_dagrun for example_weekday_branch_operator to 2025-05-15 00:00:00+00:00, run_after=2025-05-16 00:00:00+00:00
[2025-05-16T04:32:22.853+0000] {processor.py:208} INFO - Processing /home/airflow/.local/lib/python3.12/site-packages/airflow/example_dags/example_branch_day_of_week_operator.py took 0.449 seconds
[2025-05-16T04:33:31.260+0000] {processor.py:186} INFO - Started process (PID=503) to work on /home/airflow/.local/lib/python3.12/site-packages/airflow/example_dags/example_branch_day_of_week_operator.py
[2025-05-16T04:33:31.277+0000] {processor.py:914} INFO - Processing file /home/airflow/.local/lib/python3.12/site-packages/airflow/example_dags/example_branch_day_of_week_operator.py for tasks to queue
[2025-05-16T04:33:31.302+0000] {logging_mixin.py:190} INFO - [2025-05-16T04:33:31.301+0000] {dagbag.py:588} INFO - Filling up the DagBag from /home/airflow/.local/lib/python3.12/site-packages/airflow/example_dags/example_branch_day_of_week_operator.py
[2025-05-16T04:33:31.364+0000] {processor.py:925} INFO - DAG(s) 'example_weekday_branch_operator' retrieved from /home/airflow/.local/lib/python3.12/site-packages/airflow/example_dags/example_branch_day_of_week_operator.py
[2025-05-16T04:33:31.529+0000] {logging_mixin.py:190} INFO - [2025-05-16T04:33:31.526+0000] {dag.py:3239} INFO - Sync 1 DAGs
[2025-05-16T04:33:31.714+0000] {logging_mixin.py:190} INFO - [2025-05-16T04:33:31.713+0000] {dag.py:4180} INFO - Setting next_dagrun for example_weekday_branch_operator to 2025-05-15 00:00:00+00:00, run_after=2025-05-16 00:00:00+00:00
[2025-05-16T04:33:31.842+0000] {processor.py:208} INFO - Processing /home/airflow/.local/lib/python3.12/site-packages/airflow/example_dags/example_branch_day_of_week_operator.py took 0.599 seconds
[2025-05-16T04:34:45.791+0000] {processor.py:186} INFO - Started process (PID=580) to work on /home/airflow/.local/lib/python3.12/site-packages/airflow/example_dags/example_branch_day_of_week_operator.py
[2025-05-16T04:34:45.798+0000] {processor.py:914} INFO - Processing file /home/airflow/.local/lib/python3.12/site-packages/airflow/example_dags/example_branch_day_of_week_operator.py for tasks to queue
[2025-05-16T04:34:45.824+0000] {logging_mixin.py:190} INFO - [2025-05-16T04:34:45.820+0000] {dagbag.py:588} INFO - Filling up the DagBag from /home/airflow/.local/lib/python3.12/site-packages/airflow/example_dags/example_branch_day_of_week_operator.py
[2025-05-16T04:34:45.928+0000] {processor.py:925} INFO - DAG(s) 'example_weekday_branch_operator' retrieved from /home/airflow/.local/lib/python3.12/site-packages/airflow/example_dags/example_branch_day_of_week_operator.py
[2025-05-16T04:34:46.218+0000] {logging_mixin.py:190} INFO - [2025-05-16T04:34:46.217+0000] {dag.py:3239} INFO - Sync 1 DAGs
[2025-05-16T04:34:46.556+0000] {logging_mixin.py:190} INFO - [2025-05-16T04:34:46.555+0000] {dag.py:4180} INFO - Setting next_dagrun for example_weekday_branch_operator to 2025-05-15 00:00:00+00:00, run_after=2025-05-16 00:00:00+00:00
[2025-05-16T04:34:47.137+0000] {processor.py:208} INFO - Processing /home/airflow/.local/lib/python3.12/site-packages/airflow/example_dags/example_branch_day_of_week_operator.py took 1.397 seconds
[2025-05-16T04:35:22.453+0000] {processor.py:186} INFO - Started process (PID=646) to work on /home/airflow/.local/lib/python3.12/site-packages/airflow/example_dags/example_branch_day_of_week_operator.py
[2025-05-16T04:35:22.460+0000] {processor.py:914} INFO - Processing file /home/airflow/.local/lib/python3.12/site-packages/airflow/example_dags/example_branch_day_of_week_operator.py for tasks to queue
[2025-05-16T04:35:22.486+0000] {logging_mixin.py:190} INFO - [2025-05-16T04:35:22.483+0000] {dagbag.py:588} INFO - Filling up the DagBag from /home/airflow/.local/lib/python3.12/site-packages/airflow/example_dags/example_branch_day_of_week_operator.py
[2025-05-16T04:35:22.563+0000] {processor.py:925} INFO - DAG(s) 'example_weekday_branch_operator' retrieved from /home/airflow/.local/lib/python3.12/site-packages/airflow/example_dags/example_branch_day_of_week_operator.py
[2025-05-16T04:35:22.693+0000] {logging_mixin.py:190} INFO - [2025-05-16T04:35:22.692+0000] {dag.py:3239} INFO - Sync 1 DAGs
[2025-05-16T04:35:22.803+0000] {logging_mixin.py:190} INFO - [2025-05-16T04:35:22.802+0000] {dag.py:4180} INFO - Setting next_dagrun for example_weekday_branch_operator to 2025-05-15 00:00:00+00:00, run_after=2025-05-16 00:00:00+00:00
[2025-05-16T04:35:22.926+0000] {processor.py:208} INFO - Processing /home/airflow/.local/lib/python3.12/site-packages/airflow/example_dags/example_branch_day_of_week_operator.py took 0.527 seconds
[2025-05-16T04:36:16.134+0000] {processor.py:186} INFO - Started process (PID=724) to work on /home/airflow/.local/lib/python3.12/site-packages/airflow/example_dags/example_branch_day_of_week_operator.py
[2025-05-16T04:36:16.147+0000] {processor.py:914} INFO - Processing file /home/airflow/.local/lib/python3.12/site-packages/airflow/example_dags/example_branch_day_of_week_operator.py for tasks to queue
[2025-05-16T04:36:16.184+0000] {logging_mixin.py:190} INFO - [2025-05-16T04:36:16.178+0000] {dagbag.py:588} INFO - Filling up the DagBag from /home/airflow/.local/lib/python3.12/site-packages/airflow/example_dags/example_branch_day_of_week_operator.py
[2025-05-16T04:36:16.275+0000] {processor.py:925} INFO - DAG(s) 'example_weekday_branch_operator' retrieved from /home/airflow/.local/lib/python3.12/site-packages/airflow/example_dags/example_branch_day_of_week_operator.py
[2025-05-16T04:36:16.365+0000] {logging_mixin.py:190} INFO - [2025-05-16T04:36:16.364+0000] {dag.py:3239} INFO - Sync 1 DAGs
[2025-05-16T04:36:16.460+0000] {logging_mixin.py:190} INFO - [2025-05-16T04:36:16.459+0000] {dag.py:4180} INFO - Setting next_dagrun for example_weekday_branch_operator to 2025-05-15 00:00:00+00:00, run_after=2025-05-16 00:00:00+00:00
[2025-05-16T04:36:16.534+0000] {processor.py:208} INFO - Processing /home/airflow/.local/lib/python3.12/site-packages/airflow/example_dags/example_branch_day_of_week_operator.py took 0.504 seconds
[2025-05-16T04:36:55.032+0000] {processor.py:186} INFO - Started process (PID=789) to work on /home/airflow/.local/lib/python3.12/site-packages/airflow/example_dags/example_branch_day_of_week_operator.py
[2025-05-16T04:36:55.052+0000] {processor.py:914} INFO - Processing file /home/airflow/.local/lib/python3.12/site-packages/airflow/example_dags/example_branch_day_of_week_operator.py for tasks to queue
[2025-05-16T04:36:55.174+0000] {logging_mixin.py:190} INFO - [2025-05-16T04:36:55.173+0000] {dagbag.py:588} INFO - Filling up the DagBag from /home/airflow/.local/lib/python3.12/site-packages/airflow/example_dags/example_branch_day_of_week_operator.py
[2025-05-16T04:36:55.342+0000] {processor.py:925} INFO - DAG(s) 'example_weekday_branch_operator' retrieved from /home/airflow/.local/lib/python3.12/site-packages/airflow/example_dags/example_branch_day_of_week_operator.py
[2025-05-16T04:36:56.326+0000] {logging_mixin.py:190} INFO - [2025-05-16T04:36:56.323+0000] {dag.py:3239} INFO - Sync 1 DAGs
[2025-05-16T04:36:56.571+0000] {logging_mixin.py:190} INFO - [2025-05-16T04:36:56.570+0000] {dag.py:4180} INFO - Setting next_dagrun for example_weekday_branch_operator to 2025-05-15 00:00:00+00:00, run_after=2025-05-16 00:00:00+00:00
[2025-05-16T04:36:56.909+0000] {processor.py:208} INFO - Processing /home/airflow/.local/lib/python3.12/site-packages/airflow/example_dags/example_branch_day_of_week_operator.py took 2.009 seconds
[2025-05-16T05:36:50.800+0000] {processor.py:186} INFO - Started process (PID=136) to work on /home/airflow/.local/lib/python3.12/site-packages/airflow/example_dags/example_branch_day_of_week_operator.py
[2025-05-16T05:36:50.803+0000] {processor.py:914} INFO - Processing file /home/airflow/.local/lib/python3.12/site-packages/airflow/example_dags/example_branch_day_of_week_operator.py for tasks to queue
[2025-05-16T05:36:50.809+0000] {logging_mixin.py:190} INFO - [2025-05-16T05:36:50.808+0000] {dagbag.py:588} INFO - Filling up the DagBag from /home/airflow/.local/lib/python3.12/site-packages/airflow/example_dags/example_branch_day_of_week_operator.py
[2025-05-16T05:36:50.839+0000] {processor.py:925} INFO - DAG(s) 'example_weekday_branch_operator' retrieved from /home/airflow/.local/lib/python3.12/site-packages/airflow/example_dags/example_branch_day_of_week_operator.py
[2025-05-16T05:36:50.907+0000] {logging_mixin.py:190} INFO - [2025-05-16T05:36:50.906+0000] {dag.py:3239} INFO - Sync 1 DAGs
[2025-05-16T05:36:50.966+0000] {logging_mixin.py:190} INFO - [2025-05-16T05:36:50.965+0000] {dag.py:4180} INFO - Setting next_dagrun for example_weekday_branch_operator to 2025-05-15 00:00:00+00:00, run_after=2025-05-16 00:00:00+00:00
[2025-05-16T05:36:51.018+0000] {processor.py:208} INFO - Processing /home/airflow/.local/lib/python3.12/site-packages/airflow/example_dags/example_branch_day_of_week_operator.py took 0.233 seconds
[2025-05-16T05:37:21.924+0000] {processor.py:186} INFO - Started process (PID=202) to work on /home/airflow/.local/lib/python3.12/site-packages/airflow/example_dags/example_branch_day_of_week_operator.py
[2025-05-16T05:37:21.929+0000] {processor.py:914} INFO - Processing file /home/airflow/.local/lib/python3.12/site-packages/airflow/example_dags/example_branch_day_of_week_operator.py for tasks to queue
[2025-05-16T05:37:21.935+0000] {logging_mixin.py:190} INFO - [2025-05-16T05:37:21.935+0000] {dagbag.py:588} INFO - Filling up the DagBag from /home/airflow/.local/lib/python3.12/site-packages/airflow/example_dags/example_branch_day_of_week_operator.py
[2025-05-16T05:37:21.961+0000] {processor.py:925} INFO - DAG(s) 'example_weekday_branch_operator' retrieved from /home/airflow/.local/lib/python3.12/site-packages/airflow/example_dags/example_branch_day_of_week_operator.py
[2025-05-16T05:37:22.056+0000] {logging_mixin.py:190} INFO - [2025-05-16T05:37:22.056+0000] {dag.py:3239} INFO - Sync 1 DAGs
[2025-05-16T05:37:22.140+0000] {logging_mixin.py:190} INFO - [2025-05-16T05:37:22.139+0000] {dag.py:4180} INFO - Setting next_dagrun for example_weekday_branch_operator to 2025-05-15 00:00:00+00:00, run_after=2025-05-16 00:00:00+00:00
[2025-05-16T05:37:22.199+0000] {processor.py:208} INFO - Processing /home/airflow/.local/lib/python3.12/site-packages/airflow/example_dags/example_branch_day_of_week_operator.py took 0.288 seconds
[2025-05-16T05:37:52.607+0000] {processor.py:186} INFO - Started process (PID=268) to work on /home/airflow/.local/lib/python3.12/site-packages/airflow/example_dags/example_branch_day_of_week_operator.py
[2025-05-16T05:37:52.610+0000] {processor.py:914} INFO - Processing file /home/airflow/.local/lib/python3.12/site-packages/airflow/example_dags/example_branch_day_of_week_operator.py for tasks to queue
[2025-05-16T05:37:52.616+0000] {logging_mixin.py:190} INFO - [2025-05-16T05:37:52.615+0000] {dagbag.py:588} INFO - Filling up the DagBag from /home/airflow/.local/lib/python3.12/site-packages/airflow/example_dags/example_branch_day_of_week_operator.py
[2025-05-16T05:37:52.641+0000] {processor.py:925} INFO - DAG(s) 'example_weekday_branch_operator' retrieved from /home/airflow/.local/lib/python3.12/site-packages/airflow/example_dags/example_branch_day_of_week_operator.py
[2025-05-16T05:37:52.693+0000] {logging_mixin.py:190} INFO - [2025-05-16T05:37:52.693+0000] {dag.py:3239} INFO - Sync 1 DAGs
[2025-05-16T05:37:52.731+0000] {logging_mixin.py:190} INFO - [2025-05-16T05:37:52.731+0000] {dag.py:4180} INFO - Setting next_dagrun for example_weekday_branch_operator to 2025-05-15 00:00:00+00:00, run_after=2025-05-16 00:00:00+00:00
[2025-05-16T05:37:52.763+0000] {processor.py:208} INFO - Processing /home/airflow/.local/lib/python3.12/site-packages/airflow/example_dags/example_branch_day_of_week_operator.py took 0.170 seconds
[2025-05-16T05:38:23.615+0000] {processor.py:186} INFO - Started process (PID=333) to work on /home/airflow/.local/lib/python3.12/site-packages/airflow/example_dags/example_branch_day_of_week_operator.py
[2025-05-16T05:38:23.618+0000] {processor.py:914} INFO - Processing file /home/airflow/.local/lib/python3.12/site-packages/airflow/example_dags/example_branch_day_of_week_operator.py for tasks to queue
[2025-05-16T05:38:23.623+0000] {logging_mixin.py:190} INFO - [2025-05-16T05:38:23.623+0000] {dagbag.py:588} INFO - Filling up the DagBag from /home/airflow/.local/lib/python3.12/site-packages/airflow/example_dags/example_branch_day_of_week_operator.py
[2025-05-16T05:38:23.635+0000] {processor.py:925} INFO - DAG(s) 'example_weekday_branch_operator' retrieved from /home/airflow/.local/lib/python3.12/site-packages/airflow/example_dags/example_branch_day_of_week_operator.py
[2025-05-16T05:38:23.658+0000] {logging_mixin.py:190} INFO - [2025-05-16T05:38:23.657+0000] {dag.py:3239} INFO - Sync 1 DAGs
[2025-05-16T05:38:23.684+0000] {logging_mixin.py:190} INFO - [2025-05-16T05:38:23.683+0000] {dag.py:4180} INFO - Setting next_dagrun for example_weekday_branch_operator to 2025-05-15 00:00:00+00:00, run_after=2025-05-16 00:00:00+00:00
[2025-05-16T05:38:23.709+0000] {processor.py:208} INFO - Processing /home/airflow/.local/lib/python3.12/site-packages/airflow/example_dags/example_branch_day_of_week_operator.py took 0.110 seconds
[2025-05-16T05:38:53.766+0000] {processor.py:186} INFO - Started process (PID=399) to work on /home/airflow/.local/lib/python3.12/site-packages/airflow/example_dags/example_branch_day_of_week_operator.py
[2025-05-16T05:38:53.768+0000] {processor.py:914} INFO - Processing file /home/airflow/.local/lib/python3.12/site-packages/airflow/example_dags/example_branch_day_of_week_operator.py for tasks to queue
[2025-05-16T05:38:53.770+0000] {logging_mixin.py:190} INFO - [2025-05-16T05:38:53.770+0000] {dagbag.py:588} INFO - Filling up the DagBag from /home/airflow/.local/lib/python3.12/site-packages/airflow/example_dags/example_branch_day_of_week_operator.py
[2025-05-16T05:38:53.786+0000] {processor.py:925} INFO - DAG(s) 'example_weekday_branch_operator' retrieved from /home/airflow/.local/lib/python3.12/site-packages/airflow/example_dags/example_branch_day_of_week_operator.py
[2025-05-16T05:38:53.811+0000] {logging_mixin.py:190} INFO - [2025-05-16T05:38:53.811+0000] {dag.py:3239} INFO - Sync 1 DAGs
[2025-05-16T05:38:53.840+0000] {logging_mixin.py:190} INFO - [2025-05-16T05:38:53.839+0000] {dag.py:4180} INFO - Setting next_dagrun for example_weekday_branch_operator to 2025-05-15 00:00:00+00:00, run_after=2025-05-16 00:00:00+00:00
[2025-05-16T05:38:53.868+0000] {processor.py:208} INFO - Processing /home/airflow/.local/lib/python3.12/site-packages/airflow/example_dags/example_branch_day_of_week_operator.py took 0.108 seconds
[2025-05-16T05:39:24.344+0000] {processor.py:186} INFO - Started process (PID=465) to work on /home/airflow/.local/lib/python3.12/site-packages/airflow/example_dags/example_branch_day_of_week_operator.py
[2025-05-16T05:39:24.347+0000] {processor.py:914} INFO - Processing file /home/airflow/.local/lib/python3.12/site-packages/airflow/example_dags/example_branch_day_of_week_operator.py for tasks to queue
[2025-05-16T05:39:24.352+0000] {logging_mixin.py:190} INFO - [2025-05-16T05:39:24.351+0000] {dagbag.py:588} INFO - Filling up the DagBag from /home/airflow/.local/lib/python3.12/site-packages/airflow/example_dags/example_branch_day_of_week_operator.py
[2025-05-16T05:39:24.371+0000] {processor.py:925} INFO - DAG(s) 'example_weekday_branch_operator' retrieved from /home/airflow/.local/lib/python3.12/site-packages/airflow/example_dags/example_branch_day_of_week_operator.py
[2025-05-16T05:39:24.419+0000] {logging_mixin.py:190} INFO - [2025-05-16T05:39:24.418+0000] {dag.py:3239} INFO - Sync 1 DAGs
[2025-05-16T05:39:24.464+0000] {logging_mixin.py:190} INFO - [2025-05-16T05:39:24.463+0000] {dag.py:4180} INFO - Setting next_dagrun for example_weekday_branch_operator to 2025-05-15 00:00:00+00:00, run_after=2025-05-16 00:00:00+00:00
[2025-05-16T05:39:24.501+0000] {processor.py:208} INFO - Processing /home/airflow/.local/lib/python3.12/site-packages/airflow/example_dags/example_branch_day_of_week_operator.py took 0.174 seconds
[2025-05-16T05:39:54.708+0000] {processor.py:186} INFO - Started process (PID=530) to work on /home/airflow/.local/lib/python3.12/site-packages/airflow/example_dags/example_branch_day_of_week_operator.py
[2025-05-16T05:39:54.710+0000] {processor.py:914} INFO - Processing file /home/airflow/.local/lib/python3.12/site-packages/airflow/example_dags/example_branch_day_of_week_operator.py for tasks to queue
[2025-05-16T05:39:54.713+0000] {logging_mixin.py:190} INFO - [2025-05-16T05:39:54.713+0000] {dagbag.py:588} INFO - Filling up the DagBag from /home/airflow/.local/lib/python3.12/site-packages/airflow/example_dags/example_branch_day_of_week_operator.py
[2025-05-16T05:39:54.725+0000] {processor.py:925} INFO - DAG(s) 'example_weekday_branch_operator' retrieved from /home/airflow/.local/lib/python3.12/site-packages/airflow/example_dags/example_branch_day_of_week_operator.py
[2025-05-16T05:39:54.753+0000] {logging_mixin.py:190} INFO - [2025-05-16T05:39:54.753+0000] {dag.py:3239} INFO - Sync 1 DAGs
[2025-05-16T05:39:54.781+0000] {logging_mixin.py:190} INFO - [2025-05-16T05:39:54.781+0000] {dag.py:4180} INFO - Setting next_dagrun for example_weekday_branch_operator to 2025-05-15 00:00:00+00:00, run_after=2025-05-16 00:00:00+00:00
[2025-05-16T05:39:54.814+0000] {processor.py:208} INFO - Processing /home/airflow/.local/lib/python3.12/site-packages/airflow/example_dags/example_branch_day_of_week_operator.py took 0.113 seconds
[2025-05-16T05:40:24.929+0000] {processor.py:186} INFO - Started process (PID=601) to work on /home/airflow/.local/lib/python3.12/site-packages/airflow/example_dags/example_branch_day_of_week_operator.py
[2025-05-16T05:40:24.930+0000] {processor.py:914} INFO - Processing file /home/airflow/.local/lib/python3.12/site-packages/airflow/example_dags/example_branch_day_of_week_operator.py for tasks to queue
[2025-05-16T05:40:24.934+0000] {logging_mixin.py:190} INFO - [2025-05-16T05:40:24.933+0000] {dagbag.py:588} INFO - Filling up the DagBag from /home/airflow/.local/lib/python3.12/site-packages/airflow/example_dags/example_branch_day_of_week_operator.py
[2025-05-16T05:40:24.945+0000] {processor.py:925} INFO - DAG(s) 'example_weekday_branch_operator' retrieved from /home/airflow/.local/lib/python3.12/site-packages/airflow/example_dags/example_branch_day_of_week_operator.py
[2025-05-16T05:40:24.977+0000] {logging_mixin.py:190} INFO - [2025-05-16T05:40:24.976+0000] {dag.py:3239} INFO - Sync 1 DAGs
[2025-05-16T05:40:25.019+0000] {logging_mixin.py:190} INFO - [2025-05-16T05:40:25.018+0000] {dag.py:4180} INFO - Setting next_dagrun for example_weekday_branch_operator to 2025-05-15 00:00:00+00:00, run_after=2025-05-16 00:00:00+00:00
[2025-05-16T05:40:25.059+0000] {processor.py:208} INFO - Processing /home/airflow/.local/lib/python3.12/site-packages/airflow/example_dags/example_branch_day_of_week_operator.py took 0.138 seconds
[2025-05-16T05:40:55.512+0000] {processor.py:186} INFO - Started process (PID=667) to work on /home/airflow/.local/lib/python3.12/site-packages/airflow/example_dags/example_branch_day_of_week_operator.py
[2025-05-16T05:40:55.517+0000] {processor.py:914} INFO - Processing file /home/airflow/.local/lib/python3.12/site-packages/airflow/example_dags/example_branch_day_of_week_operator.py for tasks to queue
[2025-05-16T05:40:55.522+0000] {logging_mixin.py:190} INFO - [2025-05-16T05:40:55.522+0000] {dagbag.py:588} INFO - Filling up the DagBag from /home/airflow/.local/lib/python3.12/site-packages/airflow/example_dags/example_branch_day_of_week_operator.py
[2025-05-16T05:40:55.564+0000] {processor.py:925} INFO - DAG(s) 'example_weekday_branch_operator' retrieved from /home/airflow/.local/lib/python3.12/site-packages/airflow/example_dags/example_branch_day_of_week_operator.py
[2025-05-16T05:40:55.610+0000] {logging_mixin.py:190} INFO - [2025-05-16T05:40:55.609+0000] {dag.py:3239} INFO - Sync 1 DAGs
[2025-05-16T05:40:55.671+0000] {logging_mixin.py:190} INFO - [2025-05-16T05:40:55.670+0000] {dag.py:4180} INFO - Setting next_dagrun for example_weekday_branch_operator to 2025-05-15 00:00:00+00:00, run_after=2025-05-16 00:00:00+00:00
[2025-05-16T05:40:55.721+0000] {processor.py:208} INFO - Processing /home/airflow/.local/lib/python3.12/site-packages/airflow/example_dags/example_branch_day_of_week_operator.py took 0.230 seconds
[2025-05-16T05:41:26.548+0000] {processor.py:186} INFO - Started process (PID=733) to work on /home/airflow/.local/lib/python3.12/site-packages/airflow/example_dags/example_branch_day_of_week_operator.py
[2025-05-16T05:41:26.550+0000] {processor.py:914} INFO - Processing file /home/airflow/.local/lib/python3.12/site-packages/airflow/example_dags/example_branch_day_of_week_operator.py for tasks to queue
[2025-05-16T05:41:26.556+0000] {logging_mixin.py:190} INFO - [2025-05-16T05:41:26.555+0000] {dagbag.py:588} INFO - Filling up the DagBag from /home/airflow/.local/lib/python3.12/site-packages/airflow/example_dags/example_branch_day_of_week_operator.py
[2025-05-16T05:41:26.574+0000] {processor.py:925} INFO - DAG(s) 'example_weekday_branch_operator' retrieved from /home/airflow/.local/lib/python3.12/site-packages/airflow/example_dags/example_branch_day_of_week_operator.py
[2025-05-16T05:41:26.611+0000] {logging_mixin.py:190} INFO - [2025-05-16T05:41:26.611+0000] {dag.py:3239} INFO - Sync 1 DAGs
[2025-05-16T05:41:26.663+0000] {logging_mixin.py:190} INFO - [2025-05-16T05:41:26.662+0000] {dag.py:4180} INFO - Setting next_dagrun for example_weekday_branch_operator to 2025-05-15 00:00:00+00:00, run_after=2025-05-16 00:00:00+00:00
[2025-05-16T05:41:26.705+0000] {processor.py:208} INFO - Processing /home/airflow/.local/lib/python3.12/site-packages/airflow/example_dags/example_branch_day_of_week_operator.py took 0.170 seconds
[2025-05-16T05:41:57.101+0000] {processor.py:186} INFO - Started process (PID=799) to work on /home/airflow/.local/lib/python3.12/site-packages/airflow/example_dags/example_branch_day_of_week_operator.py
[2025-05-16T05:41:57.103+0000] {processor.py:914} INFO - Processing file /home/airflow/.local/lib/python3.12/site-packages/airflow/example_dags/example_branch_day_of_week_operator.py for tasks to queue
[2025-05-16T05:41:57.106+0000] {logging_mixin.py:190} INFO - [2025-05-16T05:41:57.106+0000] {dagbag.py:588} INFO - Filling up the DagBag from /home/airflow/.local/lib/python3.12/site-packages/airflow/example_dags/example_branch_day_of_week_operator.py
[2025-05-16T05:41:57.117+0000] {processor.py:925} INFO - DAG(s) 'example_weekday_branch_operator' retrieved from /home/airflow/.local/lib/python3.12/site-packages/airflow/example_dags/example_branch_day_of_week_operator.py
[2025-05-16T05:41:57.140+0000] {logging_mixin.py:190} INFO - [2025-05-16T05:41:57.140+0000] {dag.py:3239} INFO - Sync 1 DAGs
[2025-05-16T05:41:57.165+0000] {logging_mixin.py:190} INFO - [2025-05-16T05:41:57.165+0000] {dag.py:4180} INFO - Setting next_dagrun for example_weekday_branch_operator to 2025-05-15 00:00:00+00:00, run_after=2025-05-16 00:00:00+00:00
[2025-05-16T05:41:57.192+0000] {processor.py:208} INFO - Processing /home/airflow/.local/lib/python3.12/site-packages/airflow/example_dags/example_branch_day_of_week_operator.py took 0.098 seconds
[2025-05-16T05:42:27.357+0000] {processor.py:186} INFO - Started process (PID=865) to work on /home/airflow/.local/lib/python3.12/site-packages/airflow/example_dags/example_branch_day_of_week_operator.py
[2025-05-16T05:42:27.360+0000] {processor.py:914} INFO - Processing file /home/airflow/.local/lib/python3.12/site-packages/airflow/example_dags/example_branch_day_of_week_operator.py for tasks to queue
[2025-05-16T05:42:27.365+0000] {logging_mixin.py:190} INFO - [2025-05-16T05:42:27.364+0000] {dagbag.py:588} INFO - Filling up the DagBag from /home/airflow/.local/lib/python3.12/site-packages/airflow/example_dags/example_branch_day_of_week_operator.py
[2025-05-16T05:42:27.382+0000] {processor.py:925} INFO - DAG(s) 'example_weekday_branch_operator' retrieved from /home/airflow/.local/lib/python3.12/site-packages/airflow/example_dags/example_branch_day_of_week_operator.py
[2025-05-16T05:42:27.419+0000] {logging_mixin.py:190} INFO - [2025-05-16T05:42:27.419+0000] {dag.py:3239} INFO - Sync 1 DAGs
[2025-05-16T05:42:27.475+0000] {logging_mixin.py:190} INFO - [2025-05-16T05:42:27.475+0000] {dag.py:4180} INFO - Setting next_dagrun for example_weekday_branch_operator to 2025-05-15 00:00:00+00:00, run_after=2025-05-16 00:00:00+00:00
[2025-05-16T05:42:27.522+0000] {processor.py:208} INFO - Processing /home/airflow/.local/lib/python3.12/site-packages/airflow/example_dags/example_branch_day_of_week_operator.py took 0.179 seconds
[2025-05-16T05:43:01.175+0000] {processor.py:186} INFO - Started process (PID=930) to work on /home/airflow/.local/lib/python3.12/site-packages/airflow/example_dags/example_branch_day_of_week_operator.py
[2025-05-16T05:43:01.179+0000] {processor.py:914} INFO - Processing file /home/airflow/.local/lib/python3.12/site-packages/airflow/example_dags/example_branch_day_of_week_operator.py for tasks to queue
[2025-05-16T05:43:01.186+0000] {logging_mixin.py:190} INFO - [2025-05-16T05:43:01.185+0000] {dagbag.py:588} INFO - Filling up the DagBag from /home/airflow/.local/lib/python3.12/site-packages/airflow/example_dags/example_branch_day_of_week_operator.py
[2025-05-16T05:43:01.210+0000] {processor.py:925} INFO - DAG(s) 'example_weekday_branch_operator' retrieved from /home/airflow/.local/lib/python3.12/site-packages/airflow/example_dags/example_branch_day_of_week_operator.py
[2025-05-16T05:43:01.262+0000] {logging_mixin.py:190} INFO - [2025-05-16T05:43:01.262+0000] {dag.py:3239} INFO - Sync 1 DAGs
[2025-05-16T05:43:01.325+0000] {logging_mixin.py:190} INFO - [2025-05-16T05:43:01.324+0000] {dag.py:4180} INFO - Setting next_dagrun for example_weekday_branch_operator to 2025-05-15 00:00:00+00:00, run_after=2025-05-16 00:00:00+00:00
[2025-05-16T05:43:01.387+0000] {processor.py:208} INFO - Processing /home/airflow/.local/lib/python3.12/site-packages/airflow/example_dags/example_branch_day_of_week_operator.py took 0.227 seconds
[2025-05-16T05:43:31.628+0000] {processor.py:186} INFO - Started process (PID=996) to work on /home/airflow/.local/lib/python3.12/site-packages/airflow/example_dags/example_branch_day_of_week_operator.py
[2025-05-16T05:43:31.631+0000] {processor.py:914} INFO - Processing file /home/airflow/.local/lib/python3.12/site-packages/airflow/example_dags/example_branch_day_of_week_operator.py for tasks to queue
[2025-05-16T05:43:31.636+0000] {logging_mixin.py:190} INFO - [2025-05-16T05:43:31.636+0000] {dagbag.py:588} INFO - Filling up the DagBag from /home/airflow/.local/lib/python3.12/site-packages/airflow/example_dags/example_branch_day_of_week_operator.py
[2025-05-16T05:43:31.654+0000] {processor.py:925} INFO - DAG(s) 'example_weekday_branch_operator' retrieved from /home/airflow/.local/lib/python3.12/site-packages/airflow/example_dags/example_branch_day_of_week_operator.py
[2025-05-16T05:43:31.705+0000] {logging_mixin.py:190} INFO - [2025-05-16T05:43:31.705+0000] {dag.py:3239} INFO - Sync 1 DAGs
[2025-05-16T05:43:31.750+0000] {logging_mixin.py:190} INFO - [2025-05-16T05:43:31.749+0000] {dag.py:4180} INFO - Setting next_dagrun for example_weekday_branch_operator to 2025-05-15 00:00:00+00:00, run_after=2025-05-16 00:00:00+00:00
[2025-05-16T05:43:31.804+0000] {processor.py:208} INFO - Processing /home/airflow/.local/lib/python3.12/site-packages/airflow/example_dags/example_branch_day_of_week_operator.py took 0.185 seconds
[2025-05-16T05:44:03.517+0000] {processor.py:186} INFO - Started process (PID=1062) to work on /home/airflow/.local/lib/python3.12/site-packages/airflow/example_dags/example_branch_day_of_week_operator.py
[2025-05-16T05:44:03.521+0000] {processor.py:914} INFO - Processing file /home/airflow/.local/lib/python3.12/site-packages/airflow/example_dags/example_branch_day_of_week_operator.py for tasks to queue
[2025-05-16T05:44:03.528+0000] {logging_mixin.py:190} INFO - [2025-05-16T05:44:03.527+0000] {dagbag.py:588} INFO - Filling up the DagBag from /home/airflow/.local/lib/python3.12/site-packages/airflow/example_dags/example_branch_day_of_week_operator.py
[2025-05-16T05:44:03.558+0000] {processor.py:925} INFO - DAG(s) 'example_weekday_branch_operator' retrieved from /home/airflow/.local/lib/python3.12/site-packages/airflow/example_dags/example_branch_day_of_week_operator.py
[2025-05-16T05:44:03.623+0000] {logging_mixin.py:190} INFO - [2025-05-16T05:44:03.622+0000] {dag.py:3239} INFO - Sync 1 DAGs
[2025-05-16T05:44:03.695+0000] {logging_mixin.py:190} INFO - [2025-05-16T05:44:03.694+0000] {dag.py:4180} INFO - Setting next_dagrun for example_weekday_branch_operator to 2025-05-15 00:00:00+00:00, run_after=2025-05-16 00:00:00+00:00
[2025-05-16T05:44:03.744+0000] {processor.py:208} INFO - Processing /home/airflow/.local/lib/python3.12/site-packages/airflow/example_dags/example_branch_day_of_week_operator.py took 0.243 seconds
[2025-05-16T05:44:36.583+0000] {processor.py:186} INFO - Started process (PID=1128) to work on /home/airflow/.local/lib/python3.12/site-packages/airflow/example_dags/example_branch_day_of_week_operator.py
[2025-05-16T05:44:36.587+0000] {processor.py:914} INFO - Processing file /home/airflow/.local/lib/python3.12/site-packages/airflow/example_dags/example_branch_day_of_week_operator.py for tasks to queue
[2025-05-16T05:44:36.594+0000] {logging_mixin.py:190} INFO - [2025-05-16T05:44:36.593+0000] {dagbag.py:588} INFO - Filling up the DagBag from /home/airflow/.local/lib/python3.12/site-packages/airflow/example_dags/example_branch_day_of_week_operator.py
[2025-05-16T05:44:36.620+0000] {processor.py:925} INFO - DAG(s) 'example_weekday_branch_operator' retrieved from /home/airflow/.local/lib/python3.12/site-packages/airflow/example_dags/example_branch_day_of_week_operator.py
[2025-05-16T05:44:36.677+0000] {logging_mixin.py:190} INFO - [2025-05-16T05:44:36.676+0000] {dag.py:3239} INFO - Sync 1 DAGs
[2025-05-16T05:44:36.740+0000] {logging_mixin.py:190} INFO - [2025-05-16T05:44:36.739+0000] {dag.py:4180} INFO - Setting next_dagrun for example_weekday_branch_operator to 2025-05-15 00:00:00+00:00, run_after=2025-05-16 00:00:00+00:00
[2025-05-16T05:44:36.797+0000] {processor.py:208} INFO - Processing /home/airflow/.local/lib/python3.12/site-packages/airflow/example_dags/example_branch_day_of_week_operator.py took 0.231 seconds
[2025-05-16T05:45:07.181+0000] {processor.py:186} INFO - Started process (PID=1194) to work on /home/airflow/.local/lib/python3.12/site-packages/airflow/example_dags/example_branch_day_of_week_operator.py
[2025-05-16T05:45:07.184+0000] {processor.py:914} INFO - Processing file /home/airflow/.local/lib/python3.12/site-packages/airflow/example_dags/example_branch_day_of_week_operator.py for tasks to queue
[2025-05-16T05:45:07.190+0000] {logging_mixin.py:190} INFO - [2025-05-16T05:45:07.189+0000] {dagbag.py:588} INFO - Filling up the DagBag from /home/airflow/.local/lib/python3.12/site-packages/airflow/example_dags/example_branch_day_of_week_operator.py
[2025-05-16T05:45:07.215+0000] {processor.py:925} INFO - DAG(s) 'example_weekday_branch_operator' retrieved from /home/airflow/.local/lib/python3.12/site-packages/airflow/example_dags/example_branch_day_of_week_operator.py
[2025-05-16T05:45:07.264+0000] {logging_mixin.py:190} INFO - [2025-05-16T05:45:07.264+0000] {dag.py:3239} INFO - Sync 1 DAGs
[2025-05-16T05:45:07.315+0000] {logging_mixin.py:190} INFO - [2025-05-16T05:45:07.315+0000] {dag.py:4180} INFO - Setting next_dagrun for example_weekday_branch_operator to 2025-05-15 00:00:00+00:00, run_after=2025-05-16 00:00:00+00:00
[2025-05-16T05:45:07.366+0000] {processor.py:208} INFO - Processing /home/airflow/.local/lib/python3.12/site-packages/airflow/example_dags/example_branch_day_of_week_operator.py took 0.199 seconds
[2025-05-16T05:45:48.130+0000] {processor.py:186} INFO - Started process (PID=1260) to work on /home/airflow/.local/lib/python3.12/site-packages/airflow/example_dags/example_branch_day_of_week_operator.py
[2025-05-16T05:45:48.134+0000] {processor.py:914} INFO - Processing file /home/airflow/.local/lib/python3.12/site-packages/airflow/example_dags/example_branch_day_of_week_operator.py for tasks to queue
[2025-05-16T05:45:48.142+0000] {logging_mixin.py:190} INFO - [2025-05-16T05:45:48.141+0000] {dagbag.py:588} INFO - Filling up the DagBag from /home/airflow/.local/lib/python3.12/site-packages/airflow/example_dags/example_branch_day_of_week_operator.py
[2025-05-16T05:45:48.170+0000] {processor.py:925} INFO - DAG(s) 'example_weekday_branch_operator' retrieved from /home/airflow/.local/lib/python3.12/site-packages/airflow/example_dags/example_branch_day_of_week_operator.py
[2025-05-16T05:45:48.228+0000] {logging_mixin.py:190} INFO - [2025-05-16T05:45:48.227+0000] {dag.py:3239} INFO - Sync 1 DAGs
[2025-05-16T05:45:48.288+0000] {logging_mixin.py:190} INFO - [2025-05-16T05:45:48.288+0000] {dag.py:4180} INFO - Setting next_dagrun for example_weekday_branch_operator to 2025-05-15 00:00:00+00:00, run_after=2025-05-16 00:00:00+00:00
[2025-05-16T05:45:48.341+0000] {processor.py:208} INFO - Processing /home/airflow/.local/lib/python3.12/site-packages/airflow/example_dags/example_branch_day_of_week_operator.py took 0.229 seconds
[2025-05-16T05:46:19.592+0000] {processor.py:186} INFO - Started process (PID=1326) to work on /home/airflow/.local/lib/python3.12/site-packages/airflow/example_dags/example_branch_day_of_week_operator.py
[2025-05-16T05:46:19.597+0000] {processor.py:914} INFO - Processing file /home/airflow/.local/lib/python3.12/site-packages/airflow/example_dags/example_branch_day_of_week_operator.py for tasks to queue
[2025-05-16T05:46:19.604+0000] {logging_mixin.py:190} INFO - [2025-05-16T05:46:19.604+0000] {dagbag.py:588} INFO - Filling up the DagBag from /home/airflow/.local/lib/python3.12/site-packages/airflow/example_dags/example_branch_day_of_week_operator.py
[2025-05-16T05:46:19.632+0000] {processor.py:925} INFO - DAG(s) 'example_weekday_branch_operator' retrieved from /home/airflow/.local/lib/python3.12/site-packages/airflow/example_dags/example_branch_day_of_week_operator.py
[2025-05-16T05:46:19.687+0000] {logging_mixin.py:190} INFO - [2025-05-16T05:46:19.686+0000] {dag.py:3239} INFO - Sync 1 DAGs
[2025-05-16T05:46:19.757+0000] {logging_mixin.py:190} INFO - [2025-05-16T05:46:19.757+0000] {dag.py:4180} INFO - Setting next_dagrun for example_weekday_branch_operator to 2025-05-15 00:00:00+00:00, run_after=2025-05-16 00:00:00+00:00
[2025-05-16T05:46:19.815+0000] {processor.py:208} INFO - Processing /home/airflow/.local/lib/python3.12/site-packages/airflow/example_dags/example_branch_day_of_week_operator.py took 0.239 seconds
[2025-05-16T05:46:51.010+0000] {processor.py:186} INFO - Started process (PID=1392) to work on /home/airflow/.local/lib/python3.12/site-packages/airflow/example_dags/example_branch_day_of_week_operator.py
[2025-05-16T05:46:51.013+0000] {processor.py:914} INFO - Processing file /home/airflow/.local/lib/python3.12/site-packages/airflow/example_dags/example_branch_day_of_week_operator.py for tasks to queue
[2025-05-16T05:46:51.020+0000] {logging_mixin.py:190} INFO - [2025-05-16T05:46:51.019+0000] {dagbag.py:588} INFO - Filling up the DagBag from /home/airflow/.local/lib/python3.12/site-packages/airflow/example_dags/example_branch_day_of_week_operator.py
[2025-05-16T05:46:51.045+0000] {processor.py:925} INFO - DAG(s) 'example_weekday_branch_operator' retrieved from /home/airflow/.local/lib/python3.12/site-packages/airflow/example_dags/example_branch_day_of_week_operator.py
[2025-05-16T05:46:51.100+0000] {logging_mixin.py:190} INFO - [2025-05-16T05:46:51.100+0000] {dag.py:3239} INFO - Sync 1 DAGs
[2025-05-16T05:46:51.169+0000] {logging_mixin.py:190} INFO - [2025-05-16T05:46:51.168+0000] {dag.py:4180} INFO - Setting next_dagrun for example_weekday_branch_operator to 2025-05-15 00:00:00+00:00, run_after=2025-05-16 00:00:00+00:00
[2025-05-16T05:46:51.219+0000] {processor.py:208} INFO - Processing /home/airflow/.local/lib/python3.12/site-packages/airflow/example_dags/example_branch_day_of_week_operator.py took 0.224 seconds
[2025-05-16T05:47:21.368+0000] {processor.py:186} INFO - Started process (PID=1457) to work on /home/airflow/.local/lib/python3.12/site-packages/airflow/example_dags/example_branch_day_of_week_operator.py
[2025-05-16T05:47:21.371+0000] {processor.py:914} INFO - Processing file /home/airflow/.local/lib/python3.12/site-packages/airflow/example_dags/example_branch_day_of_week_operator.py for tasks to queue
[2025-05-16T05:47:21.376+0000] {logging_mixin.py:190} INFO - [2025-05-16T05:47:21.375+0000] {dagbag.py:588} INFO - Filling up the DagBag from /home/airflow/.local/lib/python3.12/site-packages/airflow/example_dags/example_branch_day_of_week_operator.py
[2025-05-16T05:47:21.395+0000] {processor.py:925} INFO - DAG(s) 'example_weekday_branch_operator' retrieved from /home/airflow/.local/lib/python3.12/site-packages/airflow/example_dags/example_branch_day_of_week_operator.py
[2025-05-16T05:47:21.438+0000] {logging_mixin.py:190} INFO - [2025-05-16T05:47:21.437+0000] {dag.py:3239} INFO - Sync 1 DAGs
[2025-05-16T05:47:21.484+0000] {logging_mixin.py:190} INFO - [2025-05-16T05:47:21.483+0000] {dag.py:4180} INFO - Setting next_dagrun for example_weekday_branch_operator to 2025-05-15 00:00:00+00:00, run_after=2025-05-16 00:00:00+00:00
[2025-05-16T05:47:21.523+0000] {processor.py:208} INFO - Processing /home/airflow/.local/lib/python3.12/site-packages/airflow/example_dags/example_branch_day_of_week_operator.py took 0.169 seconds
[2025-05-16T05:47:52.564+0000] {processor.py:186} INFO - Started process (PID=1523) to work on /home/airflow/.local/lib/python3.12/site-packages/airflow/example_dags/example_branch_day_of_week_operator.py
[2025-05-16T05:47:52.565+0000] {processor.py:914} INFO - Processing file /home/airflow/.local/lib/python3.12/site-packages/airflow/example_dags/example_branch_day_of_week_operator.py for tasks to queue
[2025-05-16T05:47:52.568+0000] {logging_mixin.py:190} INFO - [2025-05-16T05:47:52.567+0000] {dagbag.py:588} INFO - Filling up the DagBag from /home/airflow/.local/lib/python3.12/site-packages/airflow/example_dags/example_branch_day_of_week_operator.py
[2025-05-16T05:47:52.578+0000] {processor.py:925} INFO - DAG(s) 'example_weekday_branch_operator' retrieved from /home/airflow/.local/lib/python3.12/site-packages/airflow/example_dags/example_branch_day_of_week_operator.py
[2025-05-16T05:47:52.598+0000] {logging_mixin.py:190} INFO - [2025-05-16T05:47:52.598+0000] {dag.py:3239} INFO - Sync 1 DAGs
[2025-05-16T05:47:52.622+0000] {logging_mixin.py:190} INFO - [2025-05-16T05:47:52.622+0000] {dag.py:4180} INFO - Setting next_dagrun for example_weekday_branch_operator to 2025-05-15 00:00:00+00:00, run_after=2025-05-16 00:00:00+00:00
[2025-05-16T05:47:52.664+0000] {processor.py:208} INFO - Processing /home/airflow/.local/lib/python3.12/site-packages/airflow/example_dags/example_branch_day_of_week_operator.py took 0.106 seconds
[2025-05-16T05:48:23.193+0000] {processor.py:186} INFO - Started process (PID=1589) to work on /home/airflow/.local/lib/python3.12/site-packages/airflow/example_dags/example_branch_day_of_week_operator.py
[2025-05-16T05:48:23.197+0000] {processor.py:914} INFO - Processing file /home/airflow/.local/lib/python3.12/site-packages/airflow/example_dags/example_branch_day_of_week_operator.py for tasks to queue
[2025-05-16T05:48:23.203+0000] {logging_mixin.py:190} INFO - [2025-05-16T05:48:23.202+0000] {dagbag.py:588} INFO - Filling up the DagBag from /home/airflow/.local/lib/python3.12/site-packages/airflow/example_dags/example_branch_day_of_week_operator.py
[2025-05-16T05:48:23.231+0000] {processor.py:925} INFO - DAG(s) 'example_weekday_branch_operator' retrieved from /home/airflow/.local/lib/python3.12/site-packages/airflow/example_dags/example_branch_day_of_week_operator.py
[2025-05-16T05:48:23.293+0000] {logging_mixin.py:190} INFO - [2025-05-16T05:48:23.293+0000] {dag.py:3239} INFO - Sync 1 DAGs
[2025-05-16T05:48:23.351+0000] {logging_mixin.py:190} INFO - [2025-05-16T05:48:23.350+0000] {dag.py:4180} INFO - Setting next_dagrun for example_weekday_branch_operator to 2025-05-15 00:00:00+00:00, run_after=2025-05-16 00:00:00+00:00
[2025-05-16T05:48:23.397+0000] {processor.py:208} INFO - Processing /home/airflow/.local/lib/python3.12/site-packages/airflow/example_dags/example_branch_day_of_week_operator.py took 0.219 seconds
[2025-05-16T05:48:53.727+0000] {processor.py:186} INFO - Started process (PID=1655) to work on /home/airflow/.local/lib/python3.12/site-packages/airflow/example_dags/example_branch_day_of_week_operator.py
[2025-05-16T05:48:53.730+0000] {processor.py:914} INFO - Processing file /home/airflow/.local/lib/python3.12/site-packages/airflow/example_dags/example_branch_day_of_week_operator.py for tasks to queue
[2025-05-16T05:48:53.739+0000] {logging_mixin.py:190} INFO - [2025-05-16T05:48:53.737+0000] {dagbag.py:588} INFO - Filling up the DagBag from /home/airflow/.local/lib/python3.12/site-packages/airflow/example_dags/example_branch_day_of_week_operator.py
[2025-05-16T05:48:53.766+0000] {processor.py:925} INFO - DAG(s) 'example_weekday_branch_operator' retrieved from /home/airflow/.local/lib/python3.12/site-packages/airflow/example_dags/example_branch_day_of_week_operator.py
[2025-05-16T05:48:53.823+0000] {logging_mixin.py:190} INFO - [2025-05-16T05:48:53.822+0000] {dag.py:3239} INFO - Sync 1 DAGs
[2025-05-16T05:48:53.890+0000] {logging_mixin.py:190} INFO - [2025-05-16T05:48:53.890+0000] {dag.py:4180} INFO - Setting next_dagrun for example_weekday_branch_operator to 2025-05-15 00:00:00+00:00, run_after=2025-05-16 00:00:00+00:00
[2025-05-16T05:48:53.945+0000] {processor.py:208} INFO - Processing /home/airflow/.local/lib/python3.12/site-packages/airflow/example_dags/example_branch_day_of_week_operator.py took 0.232 seconds
[2025-05-16T05:49:31.903+0000] {processor.py:186} INFO - Started process (PID=1726) to work on /home/airflow/.local/lib/python3.12/site-packages/airflow/example_dags/example_branch_day_of_week_operator.py
[2025-05-16T05:49:31.909+0000] {processor.py:914} INFO - Processing file /home/airflow/.local/lib/python3.12/site-packages/airflow/example_dags/example_branch_day_of_week_operator.py for tasks to queue
[2025-05-16T05:49:31.919+0000] {logging_mixin.py:190} INFO - [2025-05-16T05:49:31.918+0000] {dagbag.py:588} INFO - Filling up the DagBag from /home/airflow/.local/lib/python3.12/site-packages/airflow/example_dags/example_branch_day_of_week_operator.py
[2025-05-16T05:49:31.970+0000] {processor.py:925} INFO - DAG(s) 'example_weekday_branch_operator' retrieved from /home/airflow/.local/lib/python3.12/site-packages/airflow/example_dags/example_branch_day_of_week_operator.py
[2025-05-16T05:49:32.095+0000] {logging_mixin.py:190} INFO - [2025-05-16T05:49:32.093+0000] {dag.py:3239} INFO - Sync 1 DAGs
[2025-05-16T05:49:32.208+0000] {logging_mixin.py:190} INFO - [2025-05-16T05:49:32.206+0000] {dag.py:4180} INFO - Setting next_dagrun for example_weekday_branch_operator to 2025-05-15 00:00:00+00:00, run_after=2025-05-16 00:00:00+00:00
[2025-05-16T05:49:32.316+0000] {processor.py:208} INFO - Processing /home/airflow/.local/lib/python3.12/site-packages/airflow/example_dags/example_branch_day_of_week_operator.py took 0.440 seconds
[2025-05-16T05:50:07.078+0000] {processor.py:186} INFO - Started process (PID=1790) to work on /home/airflow/.local/lib/python3.12/site-packages/airflow/example_dags/example_branch_day_of_week_operator.py
[2025-05-16T05:50:07.083+0000] {processor.py:914} INFO - Processing file /home/airflow/.local/lib/python3.12/site-packages/airflow/example_dags/example_branch_day_of_week_operator.py for tasks to queue
[2025-05-16T05:50:07.102+0000] {logging_mixin.py:190} INFO - [2025-05-16T05:50:07.101+0000] {dagbag.py:588} INFO - Filling up the DagBag from /home/airflow/.local/lib/python3.12/site-packages/airflow/example_dags/example_branch_day_of_week_operator.py
[2025-05-16T05:50:07.138+0000] {processor.py:925} INFO - DAG(s) 'example_weekday_branch_operator' retrieved from /home/airflow/.local/lib/python3.12/site-packages/airflow/example_dags/example_branch_day_of_week_operator.py
[2025-05-16T05:50:07.268+0000] {logging_mixin.py:190} INFO - [2025-05-16T05:50:07.266+0000] {dag.py:3239} INFO - Sync 1 DAGs
[2025-05-16T05:50:07.409+0000] {logging_mixin.py:190} INFO - [2025-05-16T05:50:07.408+0000] {dag.py:4180} INFO - Setting next_dagrun for example_weekday_branch_operator to 2025-05-15 00:00:00+00:00, run_after=2025-05-16 00:00:00+00:00
[2025-05-16T05:50:07.528+0000] {processor.py:208} INFO - Processing /home/airflow/.local/lib/python3.12/site-packages/airflow/example_dags/example_branch_day_of_week_operator.py took 0.472 seconds
[2025-05-16T05:50:42.493+0000] {processor.py:186} INFO - Started process (PID=1857) to work on /home/airflow/.local/lib/python3.12/site-packages/airflow/example_dags/example_branch_day_of_week_operator.py
[2025-05-16T05:50:42.503+0000] {processor.py:914} INFO - Processing file /home/airflow/.local/lib/python3.12/site-packages/airflow/example_dags/example_branch_day_of_week_operator.py for tasks to queue
[2025-05-16T05:50:42.529+0000] {logging_mixin.py:190} INFO - [2025-05-16T05:50:42.527+0000] {dagbag.py:588} INFO - Filling up the DagBag from /home/airflow/.local/lib/python3.12/site-packages/airflow/example_dags/example_branch_day_of_week_operator.py
[2025-05-16T05:50:42.589+0000] {processor.py:925} INFO - DAG(s) 'example_weekday_branch_operator' retrieved from /home/airflow/.local/lib/python3.12/site-packages/airflow/example_dags/example_branch_day_of_week_operator.py
[2025-05-16T05:50:42.679+0000] {logging_mixin.py:190} INFO - [2025-05-16T05:50:42.679+0000] {dag.py:3239} INFO - Sync 1 DAGs
[2025-05-16T05:50:42.807+0000] {logging_mixin.py:190} INFO - [2025-05-16T05:50:42.806+0000] {dag.py:4180} INFO - Setting next_dagrun for example_weekday_branch_operator to 2025-05-15 00:00:00+00:00, run_after=2025-05-16 00:00:00+00:00
[2025-05-16T05:50:42.912+0000] {processor.py:208} INFO - Processing /home/airflow/.local/lib/python3.12/site-packages/airflow/example_dags/example_branch_day_of_week_operator.py took 0.439 seconds
[2025-05-16T05:51:23.133+0000] {processor.py:186} INFO - Started process (PID=1924) to work on /home/airflow/.local/lib/python3.12/site-packages/airflow/example_dags/example_branch_day_of_week_operator.py
[2025-05-16T05:51:23.138+0000] {processor.py:914} INFO - Processing file /home/airflow/.local/lib/python3.12/site-packages/airflow/example_dags/example_branch_day_of_week_operator.py for tasks to queue
[2025-05-16T05:51:23.148+0000] {logging_mixin.py:190} INFO - [2025-05-16T05:51:23.147+0000] {dagbag.py:588} INFO - Filling up the DagBag from /home/airflow/.local/lib/python3.12/site-packages/airflow/example_dags/example_branch_day_of_week_operator.py
[2025-05-16T05:51:23.189+0000] {processor.py:925} INFO - DAG(s) 'example_weekday_branch_operator' retrieved from /home/airflow/.local/lib/python3.12/site-packages/airflow/example_dags/example_branch_day_of_week_operator.py
[2025-05-16T05:51:23.283+0000] {logging_mixin.py:190} INFO - [2025-05-16T05:51:23.281+0000] {dag.py:3239} INFO - Sync 1 DAGs
[2025-05-16T05:51:23.407+0000] {logging_mixin.py:190} INFO - [2025-05-16T05:51:23.406+0000] {dag.py:4180} INFO - Setting next_dagrun for example_weekday_branch_operator to 2025-05-15 00:00:00+00:00, run_after=2025-05-16 00:00:00+00:00
[2025-05-16T05:51:23.526+0000] {processor.py:208} INFO - Processing /home/airflow/.local/lib/python3.12/site-packages/airflow/example_dags/example_branch_day_of_week_operator.py took 0.419 seconds
[2025-05-16T05:52:05.667+0000] {processor.py:186} INFO - Started process (PID=1993) to work on /home/airflow/.local/lib/python3.12/site-packages/airflow/example_dags/example_branch_day_of_week_operator.py
[2025-05-16T05:52:05.680+0000] {processor.py:914} INFO - Processing file /home/airflow/.local/lib/python3.12/site-packages/airflow/example_dags/example_branch_day_of_week_operator.py for tasks to queue
[2025-05-16T05:52:05.703+0000] {logging_mixin.py:190} INFO - [2025-05-16T05:52:05.701+0000] {dagbag.py:588} INFO - Filling up the DagBag from /home/airflow/.local/lib/python3.12/site-packages/airflow/example_dags/example_branch_day_of_week_operator.py
[2025-05-16T05:52:05.750+0000] {processor.py:925} INFO - DAG(s) 'example_weekday_branch_operator' retrieved from /home/airflow/.local/lib/python3.12/site-packages/airflow/example_dags/example_branch_day_of_week_operator.py
[2025-05-16T05:52:05.841+0000] {logging_mixin.py:190} INFO - [2025-05-16T05:52:05.840+0000] {dag.py:3239} INFO - Sync 1 DAGs
[2025-05-16T05:52:06.043+0000] {logging_mixin.py:190} INFO - [2025-05-16T05:52:06.042+0000] {dag.py:4180} INFO - Setting next_dagrun for example_weekday_branch_operator to 2025-05-15 00:00:00+00:00, run_after=2025-05-16 00:00:00+00:00
[2025-05-16T05:52:06.213+0000] {processor.py:208} INFO - Processing /home/airflow/.local/lib/python3.12/site-packages/airflow/example_dags/example_branch_day_of_week_operator.py took 0.563 seconds
[2025-05-16T05:52:47.364+0000] {processor.py:186} INFO - Started process (PID=2059) to work on /home/airflow/.local/lib/python3.12/site-packages/airflow/example_dags/example_branch_day_of_week_operator.py
[2025-05-16T05:52:47.369+0000] {processor.py:914} INFO - Processing file /home/airflow/.local/lib/python3.12/site-packages/airflow/example_dags/example_branch_day_of_week_operator.py for tasks to queue
[2025-05-16T05:52:47.392+0000] {logging_mixin.py:190} INFO - [2025-05-16T05:52:47.391+0000] {dagbag.py:588} INFO - Filling up the DagBag from /home/airflow/.local/lib/python3.12/site-packages/airflow/example_dags/example_branch_day_of_week_operator.py
[2025-05-16T05:52:47.437+0000] {processor.py:925} INFO - DAG(s) 'example_weekday_branch_operator' retrieved from /home/airflow/.local/lib/python3.12/site-packages/airflow/example_dags/example_branch_day_of_week_operator.py
[2025-05-16T05:52:47.554+0000] {logging_mixin.py:190} INFO - [2025-05-16T05:52:47.553+0000] {dag.py:3239} INFO - Sync 1 DAGs
[2025-05-16T05:52:47.670+0000] {logging_mixin.py:190} INFO - [2025-05-16T05:52:47.670+0000] {dag.py:4180} INFO - Setting next_dagrun for example_weekday_branch_operator to 2025-05-15 00:00:00+00:00, run_after=2025-05-16 00:00:00+00:00
[2025-05-16T05:52:47.780+0000] {processor.py:208} INFO - Processing /home/airflow/.local/lib/python3.12/site-packages/airflow/example_dags/example_branch_day_of_week_operator.py took 0.438 seconds
[2025-05-16T05:53:20.783+0000] {processor.py:186} INFO - Started process (PID=2125) to work on /home/airflow/.local/lib/python3.12/site-packages/airflow/example_dags/example_branch_day_of_week_operator.py
[2025-05-16T05:53:20.793+0000] {processor.py:914} INFO - Processing file /home/airflow/.local/lib/python3.12/site-packages/airflow/example_dags/example_branch_day_of_week_operator.py for tasks to queue
[2025-05-16T05:53:20.812+0000] {logging_mixin.py:190} INFO - [2025-05-16T05:53:20.811+0000] {dagbag.py:588} INFO - Filling up the DagBag from /home/airflow/.local/lib/python3.12/site-packages/airflow/example_dags/example_branch_day_of_week_operator.py
[2025-05-16T05:53:20.847+0000] {processor.py:925} INFO - DAG(s) 'example_weekday_branch_operator' retrieved from /home/airflow/.local/lib/python3.12/site-packages/airflow/example_dags/example_branch_day_of_week_operator.py
[2025-05-16T05:53:20.941+0000] {logging_mixin.py:190} INFO - [2025-05-16T05:53:20.941+0000] {dag.py:3239} INFO - Sync 1 DAGs
[2025-05-16T05:53:21.063+0000] {logging_mixin.py:190} INFO - [2025-05-16T05:53:21.062+0000] {dag.py:4180} INFO - Setting next_dagrun for example_weekday_branch_operator to 2025-05-15 00:00:00+00:00, run_after=2025-05-16 00:00:00+00:00
[2025-05-16T05:53:21.139+0000] {processor.py:208} INFO - Processing /home/airflow/.local/lib/python3.12/site-packages/airflow/example_dags/example_branch_day_of_week_operator.py took 0.380 seconds
[2025-05-16T05:53:58.413+0000] {processor.py:186} INFO - Started process (PID=2196) to work on /home/airflow/.local/lib/python3.12/site-packages/airflow/example_dags/example_branch_day_of_week_operator.py
[2025-05-16T05:53:58.417+0000] {processor.py:914} INFO - Processing file /home/airflow/.local/lib/python3.12/site-packages/airflow/example_dags/example_branch_day_of_week_operator.py for tasks to queue
[2025-05-16T05:53:58.424+0000] {logging_mixin.py:190} INFO - [2025-05-16T05:53:58.423+0000] {dagbag.py:588} INFO - Filling up the DagBag from /home/airflow/.local/lib/python3.12/site-packages/airflow/example_dags/example_branch_day_of_week_operator.py
[2025-05-16T05:53:58.453+0000] {processor.py:925} INFO - DAG(s) 'example_weekday_branch_operator' retrieved from /home/airflow/.local/lib/python3.12/site-packages/airflow/example_dags/example_branch_day_of_week_operator.py
[2025-05-16T05:53:58.514+0000] {logging_mixin.py:190} INFO - [2025-05-16T05:53:58.513+0000] {dag.py:3239} INFO - Sync 1 DAGs
[2025-05-16T05:53:58.572+0000] {logging_mixin.py:190} INFO - [2025-05-16T05:53:58.572+0000] {dag.py:4180} INFO - Setting next_dagrun for example_weekday_branch_operator to 2025-05-15 00:00:00+00:00, run_after=2025-05-16 00:00:00+00:00
[2025-05-16T05:53:58.620+0000] {processor.py:208} INFO - Processing /home/airflow/.local/lib/python3.12/site-packages/airflow/example_dags/example_branch_day_of_week_operator.py took 0.224 seconds
[2025-05-16T05:54:40.333+0000] {processor.py:186} INFO - Started process (PID=2268) to work on /home/airflow/.local/lib/python3.12/site-packages/airflow/example_dags/example_branch_day_of_week_operator.py
[2025-05-16T05:54:40.372+0000] {processor.py:914} INFO - Processing file /home/airflow/.local/lib/python3.12/site-packages/airflow/example_dags/example_branch_day_of_week_operator.py for tasks to queue
[2025-05-16T05:54:40.423+0000] {logging_mixin.py:190} INFO - [2025-05-16T05:54:40.422+0000] {dagbag.py:588} INFO - Filling up the DagBag from /home/airflow/.local/lib/python3.12/site-packages/airflow/example_dags/example_branch_day_of_week_operator.py
[2025-05-16T05:54:40.465+0000] {processor.py:925} INFO - DAG(s) 'example_weekday_branch_operator' retrieved from /home/airflow/.local/lib/python3.12/site-packages/airflow/example_dags/example_branch_day_of_week_operator.py
[2025-05-16T05:54:40.564+0000] {logging_mixin.py:190} INFO - [2025-05-16T05:54:40.563+0000] {dag.py:3239} INFO - Sync 1 DAGs
[2025-05-16T05:54:40.673+0000] {logging_mixin.py:190} INFO - [2025-05-16T05:54:40.672+0000] {dag.py:4180} INFO - Setting next_dagrun for example_weekday_branch_operator to 2025-05-15 00:00:00+00:00, run_after=2025-05-16 00:00:00+00:00
[2025-05-16T05:54:40.772+0000] {processor.py:208} INFO - Processing /home/airflow/.local/lib/python3.12/site-packages/airflow/example_dags/example_branch_day_of_week_operator.py took 0.465 seconds
[2025-05-16T05:55:18.458+0000] {processor.py:186} INFO - Started process (PID=2334) to work on /home/airflow/.local/lib/python3.12/site-packages/airflow/example_dags/example_branch_day_of_week_operator.py
[2025-05-16T05:55:18.641+0000] {processor.py:914} INFO - Processing file /home/airflow/.local/lib/python3.12/site-packages/airflow/example_dags/example_branch_day_of_week_operator.py for tasks to queue
[2025-05-16T05:55:18.736+0000] {logging_mixin.py:190} INFO - [2025-05-16T05:55:18.734+0000] {dagbag.py:588} INFO - Filling up the DagBag from /home/airflow/.local/lib/python3.12/site-packages/airflow/example_dags/example_branch_day_of_week_operator.py
[2025-05-16T05:55:18.837+0000] {processor.py:925} INFO - DAG(s) 'example_weekday_branch_operator' retrieved from /home/airflow/.local/lib/python3.12/site-packages/airflow/example_dags/example_branch_day_of_week_operator.py
[2025-05-16T05:55:19.001+0000] {logging_mixin.py:190} INFO - [2025-05-16T05:55:19.000+0000] {dag.py:3239} INFO - Sync 1 DAGs
[2025-05-16T05:55:19.258+0000] {logging_mixin.py:190} INFO - [2025-05-16T05:55:19.256+0000] {dag.py:4180} INFO - Setting next_dagrun for example_weekday_branch_operator to 2025-05-15 00:00:00+00:00, run_after=2025-05-16 00:00:00+00:00
[2025-05-16T05:55:19.442+0000] {processor.py:208} INFO - Processing /home/airflow/.local/lib/python3.12/site-packages/airflow/example_dags/example_branch_day_of_week_operator.py took 1.007 seconds
[2025-05-16T05:56:33.123+0000] {processor.py:186} INFO - Started process (PID=2417) to work on /home/airflow/.local/lib/python3.12/site-packages/airflow/example_dags/example_branch_day_of_week_operator.py
[2025-05-16T05:56:33.130+0000] {processor.py:914} INFO - Processing file /home/airflow/.local/lib/python3.12/site-packages/airflow/example_dags/example_branch_day_of_week_operator.py for tasks to queue
[2025-05-16T05:56:33.140+0000] {logging_mixin.py:190} INFO - [2025-05-16T05:56:33.139+0000] {dagbag.py:588} INFO - Filling up the DagBag from /home/airflow/.local/lib/python3.12/site-packages/airflow/example_dags/example_branch_day_of_week_operator.py
[2025-05-16T05:56:33.188+0000] {processor.py:925} INFO - DAG(s) 'example_weekday_branch_operator' retrieved from /home/airflow/.local/lib/python3.12/site-packages/airflow/example_dags/example_branch_day_of_week_operator.py
[2025-05-16T05:56:33.292+0000] {logging_mixin.py:190} INFO - [2025-05-16T05:56:33.291+0000] {dag.py:3239} INFO - Sync 1 DAGs
[2025-05-16T05:56:33.377+0000] {logging_mixin.py:190} INFO - [2025-05-16T05:56:33.377+0000] {dag.py:4180} INFO - Setting next_dagrun for example_weekday_branch_operator to 2025-05-15 00:00:00+00:00, run_after=2025-05-16 00:00:00+00:00
[2025-05-16T05:56:33.479+0000] {processor.py:208} INFO - Processing /home/airflow/.local/lib/python3.12/site-packages/airflow/example_dags/example_branch_day_of_week_operator.py took 0.378 seconds
[2025-05-16T05:57:18.669+0000] {processor.py:186} INFO - Started process (PID=2483) to work on /home/airflow/.local/lib/python3.12/site-packages/airflow/example_dags/example_branch_day_of_week_operator.py
[2025-05-16T05:57:18.673+0000] {processor.py:914} INFO - Processing file /home/airflow/.local/lib/python3.12/site-packages/airflow/example_dags/example_branch_day_of_week_operator.py for tasks to queue
[2025-05-16T05:57:18.682+0000] {logging_mixin.py:190} INFO - [2025-05-16T05:57:18.680+0000] {dagbag.py:588} INFO - Filling up the DagBag from /home/airflow/.local/lib/python3.12/site-packages/airflow/example_dags/example_branch_day_of_week_operator.py
[2025-05-16T05:57:18.728+0000] {processor.py:925} INFO - DAG(s) 'example_weekday_branch_operator' retrieved from /home/airflow/.local/lib/python3.12/site-packages/airflow/example_dags/example_branch_day_of_week_operator.py
[2025-05-16T05:57:18.828+0000] {logging_mixin.py:190} INFO - [2025-05-16T05:57:18.826+0000] {dag.py:3239} INFO - Sync 1 DAGs
[2025-05-16T05:57:18.962+0000] {logging_mixin.py:190} INFO - [2025-05-16T05:57:18.961+0000] {dag.py:4180} INFO - Setting next_dagrun for example_weekday_branch_operator to 2025-05-15 00:00:00+00:00, run_after=2025-05-16 00:00:00+00:00
[2025-05-16T05:57:19.117+0000] {processor.py:208} INFO - Processing /home/airflow/.local/lib/python3.12/site-packages/airflow/example_dags/example_branch_day_of_week_operator.py took 0.470 seconds
[2025-05-16T05:58:06.512+0000] {processor.py:186} INFO - Started process (PID=2565) to work on /home/airflow/.local/lib/python3.12/site-packages/airflow/example_dags/example_branch_day_of_week_operator.py
[2025-05-16T05:58:06.520+0000] {processor.py:914} INFO - Processing file /home/airflow/.local/lib/python3.12/site-packages/airflow/example_dags/example_branch_day_of_week_operator.py for tasks to queue
[2025-05-16T05:58:06.534+0000] {logging_mixin.py:190} INFO - [2025-05-16T05:58:06.533+0000] {dagbag.py:588} INFO - Filling up the DagBag from /home/airflow/.local/lib/python3.12/site-packages/airflow/example_dags/example_branch_day_of_week_operator.py
[2025-05-16T05:58:06.578+0000] {processor.py:925} INFO - DAG(s) 'example_weekday_branch_operator' retrieved from /home/airflow/.local/lib/python3.12/site-packages/airflow/example_dags/example_branch_day_of_week_operator.py
[2025-05-16T05:58:06.694+0000] {logging_mixin.py:190} INFO - [2025-05-16T05:58:06.693+0000] {dag.py:3239} INFO - Sync 1 DAGs
[2025-05-16T05:58:06.833+0000] {logging_mixin.py:190} INFO - [2025-05-16T05:58:06.832+0000] {dag.py:4180} INFO - Setting next_dagrun for example_weekday_branch_operator to 2025-05-15 00:00:00+00:00, run_after=2025-05-16 00:00:00+00:00
[2025-05-16T05:58:06.987+0000] {processor.py:208} INFO - Processing /home/airflow/.local/lib/python3.12/site-packages/airflow/example_dags/example_branch_day_of_week_operator.py took 0.501 seconds
[2025-05-16T05:58:39.592+0000] {processor.py:186} INFO - Started process (PID=2632) to work on /home/airflow/.local/lib/python3.12/site-packages/airflow/example_dags/example_branch_day_of_week_operator.py
[2025-05-16T05:58:39.597+0000] {processor.py:914} INFO - Processing file /home/airflow/.local/lib/python3.12/site-packages/airflow/example_dags/example_branch_day_of_week_operator.py for tasks to queue
[2025-05-16T05:58:39.617+0000] {logging_mixin.py:190} INFO - [2025-05-16T05:58:39.615+0000] {dagbag.py:588} INFO - Filling up the DagBag from /home/airflow/.local/lib/python3.12/site-packages/airflow/example_dags/example_branch_day_of_week_operator.py
[2025-05-16T05:58:39.651+0000] {processor.py:925} INFO - DAG(s) 'example_weekday_branch_operator' retrieved from /home/airflow/.local/lib/python3.12/site-packages/airflow/example_dags/example_branch_day_of_week_operator.py
[2025-05-16T05:58:39.748+0000] {logging_mixin.py:190} INFO - [2025-05-16T05:58:39.747+0000] {dag.py:3239} INFO - Sync 1 DAGs
[2025-05-16T05:58:39.856+0000] {logging_mixin.py:190} INFO - [2025-05-16T05:58:39.855+0000] {dag.py:4180} INFO - Setting next_dagrun for example_weekday_branch_operator to 2025-05-15 00:00:00+00:00, run_after=2025-05-16 00:00:00+00:00
[2025-05-16T05:58:39.970+0000] {processor.py:208} INFO - Processing /home/airflow/.local/lib/python3.12/site-packages/airflow/example_dags/example_branch_day_of_week_operator.py took 0.401 seconds
[2025-05-16T05:59:19.005+0000] {processor.py:186} INFO - Started process (PID=2698) to work on /home/airflow/.local/lib/python3.12/site-packages/airflow/example_dags/example_branch_day_of_week_operator.py
[2025-05-16T05:59:19.018+0000] {processor.py:914} INFO - Processing file /home/airflow/.local/lib/python3.12/site-packages/airflow/example_dags/example_branch_day_of_week_operator.py for tasks to queue
[2025-05-16T05:59:19.072+0000] {logging_mixin.py:190} INFO - [2025-05-16T05:59:19.071+0000] {dagbag.py:588} INFO - Filling up the DagBag from /home/airflow/.local/lib/python3.12/site-packages/airflow/example_dags/example_branch_day_of_week_operator.py
[2025-05-16T05:59:19.185+0000] {processor.py:925} INFO - DAG(s) 'example_weekday_branch_operator' retrieved from /home/airflow/.local/lib/python3.12/site-packages/airflow/example_dags/example_branch_day_of_week_operator.py
[2025-05-16T05:59:19.246+0000] {logging_mixin.py:190} INFO - [2025-05-16T05:59:19.245+0000] {dag.py:3239} INFO - Sync 1 DAGs
[2025-05-16T05:59:19.327+0000] {logging_mixin.py:190} INFO - [2025-05-16T05:59:19.326+0000] {dag.py:4180} INFO - Setting next_dagrun for example_weekday_branch_operator to 2025-05-15 00:00:00+00:00, run_after=2025-05-16 00:00:00+00:00
[2025-05-16T05:59:19.386+0000] {processor.py:208} INFO - Processing /home/airflow/.local/lib/python3.12/site-packages/airflow/example_dags/example_branch_day_of_week_operator.py took 0.401 seconds
[2025-05-16T05:59:56.352+0000] {processor.py:186} INFO - Started process (PID=2767) to work on /home/airflow/.local/lib/python3.12/site-packages/airflow/example_dags/example_branch_day_of_week_operator.py
[2025-05-16T05:59:56.360+0000] {processor.py:914} INFO - Processing file /home/airflow/.local/lib/python3.12/site-packages/airflow/example_dags/example_branch_day_of_week_operator.py for tasks to queue
[2025-05-16T05:59:56.385+0000] {logging_mixin.py:190} INFO - [2025-05-16T05:59:56.384+0000] {dagbag.py:588} INFO - Filling up the DagBag from /home/airflow/.local/lib/python3.12/site-packages/airflow/example_dags/example_branch_day_of_week_operator.py
[2025-05-16T05:59:56.441+0000] {processor.py:925} INFO - DAG(s) 'example_weekday_branch_operator' retrieved from /home/airflow/.local/lib/python3.12/site-packages/airflow/example_dags/example_branch_day_of_week_operator.py
[2025-05-16T05:59:56.565+0000] {logging_mixin.py:190} INFO - [2025-05-16T05:59:56.564+0000] {dag.py:3239} INFO - Sync 1 DAGs
[2025-05-16T05:59:56.699+0000] {logging_mixin.py:190} INFO - [2025-05-16T05:59:56.698+0000] {dag.py:4180} INFO - Setting next_dagrun for example_weekday_branch_operator to 2025-05-15 00:00:00+00:00, run_after=2025-05-16 00:00:00+00:00
[2025-05-16T05:59:56.852+0000] {processor.py:208} INFO - Processing /home/airflow/.local/lib/python3.12/site-packages/airflow/example_dags/example_branch_day_of_week_operator.py took 0.523 seconds
[2025-05-16T06:00:28.136+0000] {processor.py:186} INFO - Started process (PID=2834) to work on /home/airflow/.local/lib/python3.12/site-packages/airflow/example_dags/example_branch_day_of_week_operator.py
[2025-05-16T06:00:28.142+0000] {processor.py:914} INFO - Processing file /home/airflow/.local/lib/python3.12/site-packages/airflow/example_dags/example_branch_day_of_week_operator.py for tasks to queue
[2025-05-16T06:00:28.152+0000] {logging_mixin.py:190} INFO - [2025-05-16T06:00:28.150+0000] {dagbag.py:588} INFO - Filling up the DagBag from /home/airflow/.local/lib/python3.12/site-packages/airflow/example_dags/example_branch_day_of_week_operator.py
[2025-05-16T06:00:28.188+0000] {processor.py:925} INFO - DAG(s) 'example_weekday_branch_operator' retrieved from /home/airflow/.local/lib/python3.12/site-packages/airflow/example_dags/example_branch_day_of_week_operator.py
[2025-05-16T06:00:28.262+0000] {logging_mixin.py:190} INFO - [2025-05-16T06:00:28.261+0000] {dag.py:3239} INFO - Sync 1 DAGs
[2025-05-16T06:00:28.360+0000] {logging_mixin.py:190} INFO - [2025-05-16T06:00:28.360+0000] {dag.py:4180} INFO - Setting next_dagrun for example_weekday_branch_operator to 2025-05-15 00:00:00+00:00, run_after=2025-05-16 00:00:00+00:00
[2025-05-16T06:00:28.448+0000] {processor.py:208} INFO - Processing /home/airflow/.local/lib/python3.12/site-packages/airflow/example_dags/example_branch_day_of_week_operator.py took 0.333 seconds
[2025-05-16T06:01:14.009+0000] {processor.py:186} INFO - Started process (PID=2906) to work on /home/airflow/.local/lib/python3.12/site-packages/airflow/example_dags/example_branch_day_of_week_operator.py
[2025-05-16T06:01:14.018+0000] {processor.py:914} INFO - Processing file /home/airflow/.local/lib/python3.12/site-packages/airflow/example_dags/example_branch_day_of_week_operator.py for tasks to queue
[2025-05-16T06:01:14.109+0000] {logging_mixin.py:190} INFO - [2025-05-16T06:01:14.095+0000] {dagbag.py:588} INFO - Filling up the DagBag from /home/airflow/.local/lib/python3.12/site-packages/airflow/example_dags/example_branch_day_of_week_operator.py
[2025-05-16T06:01:14.223+0000] {processor.py:925} INFO - DAG(s) 'example_weekday_branch_operator' retrieved from /home/airflow/.local/lib/python3.12/site-packages/airflow/example_dags/example_branch_day_of_week_operator.py
[2025-05-16T06:01:14.703+0000] {logging_mixin.py:190} INFO - [2025-05-16T06:01:14.688+0000] {dag.py:3239} INFO - Sync 1 DAGs
[2025-05-16T06:01:15.308+0000] {logging_mixin.py:190} INFO - [2025-05-16T06:01:15.308+0000] {dag.py:4180} INFO - Setting next_dagrun for example_weekday_branch_operator to 2025-05-15 00:00:00+00:00, run_after=2025-05-16 00:00:00+00:00
[2025-05-16T06:01:15.681+0000] {processor.py:208} INFO - Processing /home/airflow/.local/lib/python3.12/site-packages/airflow/example_dags/example_branch_day_of_week_operator.py took 1.700 seconds
[2025-05-16T06:01:49.863+0000] {processor.py:186} INFO - Started process (PID=2972) to work on /home/airflow/.local/lib/python3.12/site-packages/airflow/example_dags/example_branch_day_of_week_operator.py
[2025-05-16T06:01:49.868+0000] {processor.py:914} INFO - Processing file /home/airflow/.local/lib/python3.12/site-packages/airflow/example_dags/example_branch_day_of_week_operator.py for tasks to queue
[2025-05-16T06:01:49.878+0000] {logging_mixin.py:190} INFO - [2025-05-16T06:01:49.876+0000] {dagbag.py:588} INFO - Filling up the DagBag from /home/airflow/.local/lib/python3.12/site-packages/airflow/example_dags/example_branch_day_of_week_operator.py
[2025-05-16T06:01:49.906+0000] {processor.py:925} INFO - DAG(s) 'example_weekday_branch_operator' retrieved from /home/airflow/.local/lib/python3.12/site-packages/airflow/example_dags/example_branch_day_of_week_operator.py
[2025-05-16T06:01:49.968+0000] {logging_mixin.py:190} INFO - [2025-05-16T06:01:49.968+0000] {dag.py:3239} INFO - Sync 1 DAGs
[2025-05-16T06:01:50.042+0000] {logging_mixin.py:190} INFO - [2025-05-16T06:01:50.041+0000] {dag.py:4180} INFO - Setting next_dagrun for example_weekday_branch_operator to 2025-05-15 00:00:00+00:00, run_after=2025-05-16 00:00:00+00:00
[2025-05-16T06:01:50.104+0000] {processor.py:208} INFO - Processing /home/airflow/.local/lib/python3.12/site-packages/airflow/example_dags/example_branch_day_of_week_operator.py took 0.257 seconds
[2025-05-16T06:02:26.161+0000] {processor.py:186} INFO - Started process (PID=3039) to work on /home/airflow/.local/lib/python3.12/site-packages/airflow/example_dags/example_branch_day_of_week_operator.py
[2025-05-16T06:02:26.169+0000] {processor.py:914} INFO - Processing file /home/airflow/.local/lib/python3.12/site-packages/airflow/example_dags/example_branch_day_of_week_operator.py for tasks to queue
[2025-05-16T06:02:26.184+0000] {logging_mixin.py:190} INFO - [2025-05-16T06:02:26.183+0000] {dagbag.py:588} INFO - Filling up the DagBag from /home/airflow/.local/lib/python3.12/site-packages/airflow/example_dags/example_branch_day_of_week_operator.py
[2025-05-16T06:02:26.230+0000] {processor.py:925} INFO - DAG(s) 'example_weekday_branch_operator' retrieved from /home/airflow/.local/lib/python3.12/site-packages/airflow/example_dags/example_branch_day_of_week_operator.py
[2025-05-16T06:02:26.316+0000] {logging_mixin.py:190} INFO - [2025-05-16T06:02:26.315+0000] {dag.py:3239} INFO - Sync 1 DAGs
[2025-05-16T06:02:26.434+0000] {logging_mixin.py:190} INFO - [2025-05-16T06:02:26.433+0000] {dag.py:4180} INFO - Setting next_dagrun for example_weekday_branch_operator to 2025-05-15 00:00:00+00:00, run_after=2025-05-16 00:00:00+00:00
[2025-05-16T06:02:26.575+0000] {processor.py:208} INFO - Processing /home/airflow/.local/lib/python3.12/site-packages/airflow/example_dags/example_branch_day_of_week_operator.py took 0.435 seconds
[2025-05-16T06:03:29.477+0000] {processor.py:186} INFO - Started process (PID=3110) to work on /home/airflow/.local/lib/python3.12/site-packages/airflow/example_dags/example_branch_day_of_week_operator.py
[2025-05-16T06:03:29.485+0000] {processor.py:914} INFO - Processing file /home/airflow/.local/lib/python3.12/site-packages/airflow/example_dags/example_branch_day_of_week_operator.py for tasks to queue
[2025-05-16T06:03:29.513+0000] {logging_mixin.py:190} INFO - [2025-05-16T06:03:29.510+0000] {dagbag.py:588} INFO - Filling up the DagBag from /home/airflow/.local/lib/python3.12/site-packages/airflow/example_dags/example_branch_day_of_week_operator.py
[2025-05-16T06:03:29.576+0000] {processor.py:925} INFO - DAG(s) 'example_weekday_branch_operator' retrieved from /home/airflow/.local/lib/python3.12/site-packages/airflow/example_dags/example_branch_day_of_week_operator.py
[2025-05-16T06:03:29.709+0000] {logging_mixin.py:190} INFO - [2025-05-16T06:03:29.708+0000] {dag.py:3239} INFO - Sync 1 DAGs
[2025-05-16T06:03:29.919+0000] {logging_mixin.py:190} INFO - [2025-05-16T06:03:29.918+0000] {dag.py:4180} INFO - Setting next_dagrun for example_weekday_branch_operator to 2025-05-15 00:00:00+00:00, run_after=2025-05-16 00:00:00+00:00
[2025-05-16T06:03:30.106+0000] {processor.py:208} INFO - Processing /home/airflow/.local/lib/python3.12/site-packages/airflow/example_dags/example_branch_day_of_week_operator.py took 0.655 seconds
