[2025-05-16T04:28:27.806+0000] {processor.py:186} INFO - Started process (PID=126) to work on /home/airflow/.local/lib/python3.12/site-packages/airflow/example_dags/tutorial.py
[2025-05-16T04:28:27.811+0000] {processor.py:914} INFO - Processing file /home/airflow/.local/lib/python3.12/site-packages/airflow/example_dags/tutorial.py for tasks to queue
[2025-05-16T04:28:27.819+0000] {logging_mixin.py:190} INFO - [2025-05-16T04:28:27.818+0000] {dagbag.py:588} INFO - Filling up the DagBag from /home/airflow/.local/lib/python3.12/site-packages/airflow/example_dags/tutorial.py
[2025-05-16T04:28:27.885+0000] {processor.py:925} INFO - DAG(s) 'tutorial' retrieved from /home/airflow/.local/lib/python3.12/site-packages/airflow/example_dags/tutorial.py
[2025-05-16T04:28:28.094+0000] {logging_mixin.py:190} INFO - [2025-05-16T04:28:28.093+0000] {dag.py:3239} INFO - Sync 1 DAGs
[2025-05-16T04:28:28.228+0000] {logging_mixin.py:190} INFO - [2025-05-16T04:28:28.227+0000] {dag.py:4180} INFO - Setting next_dagrun for tutorial to 2025-05-15 00:00:00+00:00, run_after=2025-05-16 00:00:00+00:00
[2025-05-16T04:28:28.337+0000] {processor.py:208} INFO - Processing /home/airflow/.local/lib/python3.12/site-packages/airflow/example_dags/tutorial.py took 0.552 seconds
[2025-05-16T04:29:36.811+0000] {processor.py:186} INFO - Started process (PID=199) to work on /home/airflow/.local/lib/python3.12/site-packages/airflow/example_dags/tutorial.py
[2025-05-16T04:29:36.815+0000] {processor.py:914} INFO - Processing file /home/airflow/.local/lib/python3.12/site-packages/airflow/example_dags/tutorial.py for tasks to queue
[2025-05-16T04:29:36.825+0000] {logging_mixin.py:190} INFO - [2025-05-16T04:29:36.824+0000] {dagbag.py:588} INFO - Filling up the DagBag from /home/airflow/.local/lib/python3.12/site-packages/airflow/example_dags/tutorial.py
[2025-05-16T04:29:36.855+0000] {processor.py:925} INFO - DAG(s) 'tutorial' retrieved from /home/airflow/.local/lib/python3.12/site-packages/airflow/example_dags/tutorial.py
[2025-05-16T04:29:36.980+0000] {logging_mixin.py:190} INFO - [2025-05-16T04:29:36.979+0000] {dag.py:3239} INFO - Sync 1 DAGs
[2025-05-16T04:29:37.091+0000] {logging_mixin.py:190} INFO - [2025-05-16T04:29:37.090+0000] {dag.py:4180} INFO - Setting next_dagrun for tutorial to 2025-05-15 00:00:00+00:00, run_after=2025-05-16 00:00:00+00:00
[2025-05-16T04:29:37.192+0000] {processor.py:208} INFO - Processing /home/airflow/.local/lib/python3.12/site-packages/airflow/example_dags/tutorial.py took 0.404 seconds
[2025-05-16T04:30:21.903+0000] {processor.py:186} INFO - Started process (PID=270) to work on /home/airflow/.local/lib/python3.12/site-packages/airflow/example_dags/tutorial.py
[2025-05-16T04:30:21.909+0000] {processor.py:914} INFO - Processing file /home/airflow/.local/lib/python3.12/site-packages/airflow/example_dags/tutorial.py for tasks to queue
[2025-05-16T04:30:21.935+0000] {logging_mixin.py:190} INFO - [2025-05-16T04:30:21.934+0000] {dagbag.py:588} INFO - Filling up the DagBag from /home/airflow/.local/lib/python3.12/site-packages/airflow/example_dags/tutorial.py
[2025-05-16T04:30:22.000+0000] {processor.py:925} INFO - DAG(s) 'tutorial' retrieved from /home/airflow/.local/lib/python3.12/site-packages/airflow/example_dags/tutorial.py
[2025-05-16T04:30:22.142+0000] {logging_mixin.py:190} INFO - [2025-05-16T04:30:22.140+0000] {dag.py:3239} INFO - Sync 1 DAGs
[2025-05-16T04:30:22.295+0000] {logging_mixin.py:190} INFO - [2025-05-16T04:30:22.291+0000] {dag.py:4180} INFO - Setting next_dagrun for tutorial to 2025-05-15 00:00:00+00:00, run_after=2025-05-16 00:00:00+00:00
[2025-05-16T04:30:22.442+0000] {processor.py:208} INFO - Processing /home/airflow/.local/lib/python3.12/site-packages/airflow/example_dags/tutorial.py took 0.611 seconds
[2025-05-16T04:31:06.234+0000] {processor.py:186} INFO - Started process (PID=342) to work on /home/airflow/.local/lib/python3.12/site-packages/airflow/example_dags/tutorial.py
[2025-05-16T04:31:06.242+0000] {processor.py:914} INFO - Processing file /home/airflow/.local/lib/python3.12/site-packages/airflow/example_dags/tutorial.py for tasks to queue
[2025-05-16T04:31:06.278+0000] {logging_mixin.py:190} INFO - [2025-05-16T04:31:06.268+0000] {dagbag.py:588} INFO - Filling up the DagBag from /home/airflow/.local/lib/python3.12/site-packages/airflow/example_dags/tutorial.py
[2025-05-16T04:31:06.372+0000] {processor.py:925} INFO - DAG(s) 'tutorial' retrieved from /home/airflow/.local/lib/python3.12/site-packages/airflow/example_dags/tutorial.py
[2025-05-16T04:31:06.569+0000] {logging_mixin.py:190} INFO - [2025-05-16T04:31:06.569+0000] {dag.py:3239} INFO - Sync 1 DAGs
[2025-05-16T04:31:06.713+0000] {logging_mixin.py:190} INFO - [2025-05-16T04:31:06.712+0000] {dag.py:4180} INFO - Setting next_dagrun for tutorial to 2025-05-15 00:00:00+00:00, run_after=2025-05-16 00:00:00+00:00
[2025-05-16T04:31:06.862+0000] {processor.py:208} INFO - Processing /home/airflow/.local/lib/python3.12/site-packages/airflow/example_dags/tutorial.py took 0.662 seconds
[2025-05-16T04:32:16.366+0000] {processor.py:186} INFO - Started process (PID=413) to work on /home/airflow/.local/lib/python3.12/site-packages/airflow/example_dags/tutorial.py
[2025-05-16T04:32:16.379+0000] {processor.py:914} INFO - Processing file /home/airflow/.local/lib/python3.12/site-packages/airflow/example_dags/tutorial.py for tasks to queue
[2025-05-16T04:32:16.392+0000] {logging_mixin.py:190} INFO - [2025-05-16T04:32:16.390+0000] {dagbag.py:588} INFO - Filling up the DagBag from /home/airflow/.local/lib/python3.12/site-packages/airflow/example_dags/tutorial.py
[2025-05-16T04:32:16.426+0000] {processor.py:925} INFO - DAG(s) 'tutorial' retrieved from /home/airflow/.local/lib/python3.12/site-packages/airflow/example_dags/tutorial.py
[2025-05-16T04:32:16.499+0000] {logging_mixin.py:190} INFO - [2025-05-16T04:32:16.498+0000] {dag.py:3239} INFO - Sync 1 DAGs
[2025-05-16T04:32:16.615+0000] {logging_mixin.py:190} INFO - [2025-05-16T04:32:16.614+0000] {dag.py:4180} INFO - Setting next_dagrun for tutorial to 2025-05-15 00:00:00+00:00, run_after=2025-05-16 00:00:00+00:00
[2025-05-16T04:32:16.699+0000] {processor.py:208} INFO - Processing /home/airflow/.local/lib/python3.12/site-packages/airflow/example_dags/tutorial.py took 0.351 seconds
[2025-05-16T04:33:15.119+0000] {processor.py:186} INFO - Started process (PID=488) to work on /home/airflow/.local/lib/python3.12/site-packages/airflow/example_dags/tutorial.py
[2025-05-16T04:33:15.138+0000] {processor.py:914} INFO - Processing file /home/airflow/.local/lib/python3.12/site-packages/airflow/example_dags/tutorial.py for tasks to queue
[2025-05-16T04:33:15.189+0000] {logging_mixin.py:190} INFO - [2025-05-16T04:33:15.173+0000] {dagbag.py:588} INFO - Filling up the DagBag from /home/airflow/.local/lib/python3.12/site-packages/airflow/example_dags/tutorial.py
[2025-05-16T04:33:15.288+0000] {processor.py:925} INFO - DAG(s) 'tutorial' retrieved from /home/airflow/.local/lib/python3.12/site-packages/airflow/example_dags/tutorial.py
[2025-05-16T04:33:15.700+0000] {logging_mixin.py:190} INFO - [2025-05-16T04:33:15.692+0000] {dag.py:3239} INFO - Sync 1 DAGs
[2025-05-16T04:33:16.023+0000] {logging_mixin.py:190} INFO - [2025-05-16T04:33:16.009+0000] {dag.py:4180} INFO - Setting next_dagrun for tutorial to 2025-05-15 00:00:00+00:00, run_after=2025-05-16 00:00:00+00:00
[2025-05-16T04:33:16.682+0000] {processor.py:208} INFO - Processing /home/airflow/.local/lib/python3.12/site-packages/airflow/example_dags/tutorial.py took 1.628 seconds
[2025-05-16T04:34:34.922+0000] {processor.py:186} INFO - Started process (PID=571) to work on /home/airflow/.local/lib/python3.12/site-packages/airflow/example_dags/tutorial.py
[2025-05-16T04:34:34.959+0000] {processor.py:914} INFO - Processing file /home/airflow/.local/lib/python3.12/site-packages/airflow/example_dags/tutorial.py for tasks to queue
[2025-05-16T04:34:35.033+0000] {logging_mixin.py:190} INFO - [2025-05-16T04:34:35.017+0000] {dagbag.py:588} INFO - Filling up the DagBag from /home/airflow/.local/lib/python3.12/site-packages/airflow/example_dags/tutorial.py
[2025-05-16T04:34:35.222+0000] {processor.py:925} INFO - DAG(s) 'tutorial' retrieved from /home/airflow/.local/lib/python3.12/site-packages/airflow/example_dags/tutorial.py
[2025-05-16T04:34:35.572+0000] {logging_mixin.py:190} INFO - [2025-05-16T04:34:35.570+0000] {dag.py:3239} INFO - Sync 1 DAGs
[2025-05-16T04:34:36.085+0000] {logging_mixin.py:190} INFO - [2025-05-16T04:34:36.084+0000] {dag.py:4180} INFO - Setting next_dagrun for tutorial to 2025-05-15 00:00:00+00:00, run_after=2025-05-16 00:00:00+00:00
[2025-05-16T04:34:36.489+0000] {processor.py:208} INFO - Processing /home/airflow/.local/lib/python3.12/site-packages/airflow/example_dags/tutorial.py took 1.745 seconds
[2025-05-16T04:35:14.333+0000] {processor.py:186} INFO - Started process (PID=637) to work on /home/airflow/.local/lib/python3.12/site-packages/airflow/example_dags/tutorial.py
[2025-05-16T04:35:14.358+0000] {processor.py:914} INFO - Processing file /home/airflow/.local/lib/python3.12/site-packages/airflow/example_dags/tutorial.py for tasks to queue
[2025-05-16T04:35:14.374+0000] {logging_mixin.py:190} INFO - [2025-05-16T04:35:14.373+0000] {dagbag.py:588} INFO - Filling up the DagBag from /home/airflow/.local/lib/python3.12/site-packages/airflow/example_dags/tutorial.py
[2025-05-16T04:35:14.420+0000] {processor.py:925} INFO - DAG(s) 'tutorial' retrieved from /home/airflow/.local/lib/python3.12/site-packages/airflow/example_dags/tutorial.py
[2025-05-16T04:35:14.566+0000] {logging_mixin.py:190} INFO - [2025-05-16T04:35:14.565+0000] {dag.py:3239} INFO - Sync 1 DAGs
[2025-05-16T04:35:14.760+0000] {logging_mixin.py:190} INFO - [2025-05-16T04:35:14.759+0000] {dag.py:4180} INFO - Setting next_dagrun for tutorial to 2025-05-15 00:00:00+00:00, run_after=2025-05-16 00:00:00+00:00
[2025-05-16T04:35:14.948+0000] {processor.py:208} INFO - Processing /home/airflow/.local/lib/python3.12/site-packages/airflow/example_dags/tutorial.py took 0.641 seconds
[2025-05-16T04:36:00.453+0000] {processor.py:186} INFO - Started process (PID=702) to work on /home/airflow/.local/lib/python3.12/site-packages/airflow/example_dags/tutorial.py
[2025-05-16T04:36:00.468+0000] {processor.py:914} INFO - Processing file /home/airflow/.local/lib/python3.12/site-packages/airflow/example_dags/tutorial.py for tasks to queue
[2025-05-16T04:36:00.487+0000] {logging_mixin.py:190} INFO - [2025-05-16T04:36:00.486+0000] {dagbag.py:588} INFO - Filling up the DagBag from /home/airflow/.local/lib/python3.12/site-packages/airflow/example_dags/tutorial.py
[2025-05-16T04:36:00.531+0000] {processor.py:925} INFO - DAG(s) 'tutorial' retrieved from /home/airflow/.local/lib/python3.12/site-packages/airflow/example_dags/tutorial.py
[2025-05-16T04:36:00.710+0000] {logging_mixin.py:190} INFO - [2025-05-16T04:36:00.696+0000] {dag.py:3239} INFO - Sync 1 DAGs
[2025-05-16T04:36:00.951+0000] {logging_mixin.py:190} INFO - [2025-05-16T04:36:00.951+0000] {dag.py:4180} INFO - Setting next_dagrun for tutorial to 2025-05-15 00:00:00+00:00, run_after=2025-05-16 00:00:00+00:00
[2025-05-16T04:36:01.100+0000] {processor.py:208} INFO - Processing /home/airflow/.local/lib/python3.12/site-packages/airflow/example_dags/tutorial.py took 0.684 seconds
[2025-05-16T04:36:34.362+0000] {processor.py:186} INFO - Started process (PID=773) to work on /home/airflow/.local/lib/python3.12/site-packages/airflow/example_dags/tutorial.py
[2025-05-16T04:36:34.381+0000] {processor.py:914} INFO - Processing file /home/airflow/.local/lib/python3.12/site-packages/airflow/example_dags/tutorial.py for tasks to queue
[2025-05-16T04:36:34.405+0000] {logging_mixin.py:190} INFO - [2025-05-16T04:36:34.403+0000] {dagbag.py:588} INFO - Filling up the DagBag from /home/airflow/.local/lib/python3.12/site-packages/airflow/example_dags/tutorial.py
[2025-05-16T04:36:34.453+0000] {processor.py:925} INFO - DAG(s) 'tutorial' retrieved from /home/airflow/.local/lib/python3.12/site-packages/airflow/example_dags/tutorial.py
[2025-05-16T04:36:34.578+0000] {logging_mixin.py:190} INFO - [2025-05-16T04:36:34.577+0000] {dag.py:3239} INFO - Sync 1 DAGs
[2025-05-16T04:36:34.725+0000] {logging_mixin.py:190} INFO - [2025-05-16T04:36:34.725+0000] {dag.py:4180} INFO - Setting next_dagrun for tutorial to 2025-05-15 00:00:00+00:00, run_after=2025-05-16 00:00:00+00:00
[2025-05-16T04:36:34.913+0000] {processor.py:208} INFO - Processing /home/airflow/.local/lib/python3.12/site-packages/airflow/example_dags/tutorial.py took 0.581 seconds
[2025-05-16T04:37:50.364+0000] {processor.py:186} INFO - Started process (PID=847) to work on /home/airflow/.local/lib/python3.12/site-packages/airflow/example_dags/tutorial.py
[2025-05-16T04:37:50.391+0000] {processor.py:914} INFO - Processing file /home/airflow/.local/lib/python3.12/site-packages/airflow/example_dags/tutorial.py for tasks to queue
[2025-05-16T04:37:50.405+0000] {logging_mixin.py:190} INFO - [2025-05-16T04:37:50.404+0000] {dagbag.py:588} INFO - Filling up the DagBag from /home/airflow/.local/lib/python3.12/site-packages/airflow/example_dags/tutorial.py
[2025-05-16T04:37:50.468+0000] {processor.py:925} INFO - DAG(s) 'tutorial' retrieved from /home/airflow/.local/lib/python3.12/site-packages/airflow/example_dags/tutorial.py
[2025-05-16T04:37:50.589+0000] {logging_mixin.py:190} INFO - [2025-05-16T04:37:50.588+0000] {dag.py:3239} INFO - Sync 1 DAGs
[2025-05-16T04:37:50.709+0000] {logging_mixin.py:190} INFO - [2025-05-16T04:37:50.708+0000] {dag.py:4180} INFO - Setting next_dagrun for tutorial to 2025-05-15 00:00:00+00:00, run_after=2025-05-16 00:00:00+00:00
[2025-05-16T04:37:50.872+0000] {processor.py:208} INFO - Processing /home/airflow/.local/lib/python3.12/site-packages/airflow/example_dags/tutorial.py took 0.646 seconds
[2025-05-16T05:36:48.625+0000] {processor.py:186} INFO - Started process (PID=127) to work on /home/airflow/.local/lib/python3.12/site-packages/airflow/example_dags/tutorial.py
[2025-05-16T05:36:48.630+0000] {processor.py:914} INFO - Processing file /home/airflow/.local/lib/python3.12/site-packages/airflow/example_dags/tutorial.py for tasks to queue
[2025-05-16T05:36:48.637+0000] {logging_mixin.py:190} INFO - [2025-05-16T05:36:48.636+0000] {dagbag.py:588} INFO - Filling up the DagBag from /home/airflow/.local/lib/python3.12/site-packages/airflow/example_dags/tutorial.py
[2025-05-16T05:36:48.660+0000] {processor.py:925} INFO - DAG(s) 'tutorial' retrieved from /home/airflow/.local/lib/python3.12/site-packages/airflow/example_dags/tutorial.py
[2025-05-16T05:36:48.711+0000] {logging_mixin.py:190} INFO - [2025-05-16T05:36:48.711+0000] {dag.py:3239} INFO - Sync 1 DAGs
[2025-05-16T05:36:48.761+0000] {logging_mixin.py:190} INFO - [2025-05-16T05:36:48.760+0000] {dag.py:4180} INFO - Setting next_dagrun for tutorial to 2025-05-15 00:00:00+00:00, run_after=2025-05-16 00:00:00+00:00
[2025-05-16T05:36:48.809+0000] {processor.py:208} INFO - Processing /home/airflow/.local/lib/python3.12/site-packages/airflow/example_dags/tutorial.py took 0.196 seconds
[2025-05-16T05:37:19.377+0000] {processor.py:186} INFO - Started process (PID=192) to work on /home/airflow/.local/lib/python3.12/site-packages/airflow/example_dags/tutorial.py
[2025-05-16T05:37:19.382+0000] {processor.py:914} INFO - Processing file /home/airflow/.local/lib/python3.12/site-packages/airflow/example_dags/tutorial.py for tasks to queue
[2025-05-16T05:37:19.387+0000] {logging_mixin.py:190} INFO - [2025-05-16T05:37:19.386+0000] {dagbag.py:588} INFO - Filling up the DagBag from /home/airflow/.local/lib/python3.12/site-packages/airflow/example_dags/tutorial.py
[2025-05-16T05:37:19.401+0000] {processor.py:925} INFO - DAG(s) 'tutorial' retrieved from /home/airflow/.local/lib/python3.12/site-packages/airflow/example_dags/tutorial.py
[2025-05-16T05:37:19.439+0000] {logging_mixin.py:190} INFO - [2025-05-16T05:37:19.439+0000] {dag.py:3239} INFO - Sync 1 DAGs
[2025-05-16T05:37:19.506+0000] {logging_mixin.py:190} INFO - [2025-05-16T05:37:19.506+0000] {dag.py:4180} INFO - Setting next_dagrun for tutorial to 2025-05-15 00:00:00+00:00, run_after=2025-05-16 00:00:00+00:00
[2025-05-16T05:37:19.545+0000] {processor.py:208} INFO - Processing /home/airflow/.local/lib/python3.12/site-packages/airflow/example_dags/tutorial.py took 0.177 seconds
[2025-05-16T05:37:49.860+0000] {processor.py:186} INFO - Started process (PID=258) to work on /home/airflow/.local/lib/python3.12/site-packages/airflow/example_dags/tutorial.py
[2025-05-16T05:37:49.863+0000] {processor.py:914} INFO - Processing file /home/airflow/.local/lib/python3.12/site-packages/airflow/example_dags/tutorial.py for tasks to queue
[2025-05-16T05:37:49.869+0000] {logging_mixin.py:190} INFO - [2025-05-16T05:37:49.868+0000] {dagbag.py:588} INFO - Filling up the DagBag from /home/airflow/.local/lib/python3.12/site-packages/airflow/example_dags/tutorial.py
[2025-05-16T05:37:49.888+0000] {processor.py:925} INFO - DAG(s) 'tutorial' retrieved from /home/airflow/.local/lib/python3.12/site-packages/airflow/example_dags/tutorial.py
[2025-05-16T05:37:49.936+0000] {logging_mixin.py:190} INFO - [2025-05-16T05:37:49.936+0000] {dag.py:3239} INFO - Sync 1 DAGs
[2025-05-16T05:37:49.966+0000] {logging_mixin.py:190} INFO - [2025-05-16T05:37:49.965+0000] {dag.py:4180} INFO - Setting next_dagrun for tutorial to 2025-05-15 00:00:00+00:00, run_after=2025-05-16 00:00:00+00:00
[2025-05-16T05:37:49.993+0000] {processor.py:208} INFO - Processing /home/airflow/.local/lib/python3.12/site-packages/airflow/example_dags/tutorial.py took 0.149 seconds
[2025-05-16T05:38:20.185+0000] {processor.py:186} INFO - Started process (PID=323) to work on /home/airflow/.local/lib/python3.12/site-packages/airflow/example_dags/tutorial.py
[2025-05-16T05:38:20.186+0000] {processor.py:914} INFO - Processing file /home/airflow/.local/lib/python3.12/site-packages/airflow/example_dags/tutorial.py for tasks to queue
[2025-05-16T05:38:20.188+0000] {logging_mixin.py:190} INFO - [2025-05-16T05:38:20.188+0000] {dagbag.py:588} INFO - Filling up the DagBag from /home/airflow/.local/lib/python3.12/site-packages/airflow/example_dags/tutorial.py
[2025-05-16T05:38:20.197+0000] {processor.py:925} INFO - DAG(s) 'tutorial' retrieved from /home/airflow/.local/lib/python3.12/site-packages/airflow/example_dags/tutorial.py
[2025-05-16T05:38:20.219+0000] {logging_mixin.py:190} INFO - [2025-05-16T05:38:20.218+0000] {dag.py:3239} INFO - Sync 1 DAGs
[2025-05-16T05:38:20.244+0000] {logging_mixin.py:190} INFO - [2025-05-16T05:38:20.244+0000] {dag.py:4180} INFO - Setting next_dagrun for tutorial to 2025-05-15 00:00:00+00:00, run_after=2025-05-16 00:00:00+00:00
[2025-05-16T05:38:20.269+0000] {processor.py:208} INFO - Processing /home/airflow/.local/lib/python3.12/site-packages/airflow/example_dags/tutorial.py took 0.091 seconds
[2025-05-16T05:38:50.911+0000] {processor.py:186} INFO - Started process (PID=389) to work on /home/airflow/.local/lib/python3.12/site-packages/airflow/example_dags/tutorial.py
[2025-05-16T05:38:50.913+0000] {processor.py:914} INFO - Processing file /home/airflow/.local/lib/python3.12/site-packages/airflow/example_dags/tutorial.py for tasks to queue
[2025-05-16T05:38:50.918+0000] {logging_mixin.py:190} INFO - [2025-05-16T05:38:50.917+0000] {dagbag.py:588} INFO - Filling up the DagBag from /home/airflow/.local/lib/python3.12/site-packages/airflow/example_dags/tutorial.py
[2025-05-16T05:38:50.931+0000] {processor.py:925} INFO - DAG(s) 'tutorial' retrieved from /home/airflow/.local/lib/python3.12/site-packages/airflow/example_dags/tutorial.py
[2025-05-16T05:38:50.966+0000] {logging_mixin.py:190} INFO - [2025-05-16T05:38:50.965+0000] {dag.py:3239} INFO - Sync 1 DAGs
[2025-05-16T05:38:51.007+0000] {logging_mixin.py:190} INFO - [2025-05-16T05:38:51.006+0000] {dag.py:4180} INFO - Setting next_dagrun for tutorial to 2025-05-15 00:00:00+00:00, run_after=2025-05-16 00:00:00+00:00
[2025-05-16T05:38:51.047+0000] {processor.py:208} INFO - Processing /home/airflow/.local/lib/python3.12/site-packages/airflow/example_dags/tutorial.py took 0.146 seconds
[2025-05-16T05:39:21.121+0000] {processor.py:186} INFO - Started process (PID=454) to work on /home/airflow/.local/lib/python3.12/site-packages/airflow/example_dags/tutorial.py
[2025-05-16T05:39:21.122+0000] {processor.py:914} INFO - Processing file /home/airflow/.local/lib/python3.12/site-packages/airflow/example_dags/tutorial.py for tasks to queue
[2025-05-16T05:39:21.126+0000] {logging_mixin.py:190} INFO - [2025-05-16T05:39:21.125+0000] {dagbag.py:588} INFO - Filling up the DagBag from /home/airflow/.local/lib/python3.12/site-packages/airflow/example_dags/tutorial.py
[2025-05-16T05:39:21.139+0000] {processor.py:925} INFO - DAG(s) 'tutorial' retrieved from /home/airflow/.local/lib/python3.12/site-packages/airflow/example_dags/tutorial.py
[2025-05-16T05:39:21.171+0000] {logging_mixin.py:190} INFO - [2025-05-16T05:39:21.170+0000] {dag.py:3239} INFO - Sync 1 DAGs
[2025-05-16T05:39:21.207+0000] {logging_mixin.py:190} INFO - [2025-05-16T05:39:21.206+0000] {dag.py:4180} INFO - Setting next_dagrun for tutorial to 2025-05-15 00:00:00+00:00, run_after=2025-05-16 00:00:00+00:00
[2025-05-16T05:39:21.244+0000] {processor.py:208} INFO - Processing /home/airflow/.local/lib/python3.12/site-packages/airflow/example_dags/tutorial.py took 0.132 seconds
[2025-05-16T05:39:51.509+0000] {processor.py:186} INFO - Started process (PID=520) to work on /home/airflow/.local/lib/python3.12/site-packages/airflow/example_dags/tutorial.py
[2025-05-16T05:39:51.511+0000] {processor.py:914} INFO - Processing file /home/airflow/.local/lib/python3.12/site-packages/airflow/example_dags/tutorial.py for tasks to queue
[2025-05-16T05:39:51.516+0000] {logging_mixin.py:190} INFO - [2025-05-16T05:39:51.515+0000] {dagbag.py:588} INFO - Filling up the DagBag from /home/airflow/.local/lib/python3.12/site-packages/airflow/example_dags/tutorial.py
[2025-05-16T05:39:51.532+0000] {processor.py:925} INFO - DAG(s) 'tutorial' retrieved from /home/airflow/.local/lib/python3.12/site-packages/airflow/example_dags/tutorial.py
[2025-05-16T05:39:51.577+0000] {logging_mixin.py:190} INFO - [2025-05-16T05:39:51.576+0000] {dag.py:3239} INFO - Sync 1 DAGs
[2025-05-16T05:39:51.627+0000] {logging_mixin.py:190} INFO - [2025-05-16T05:39:51.627+0000] {dag.py:4180} INFO - Setting next_dagrun for tutorial to 2025-05-15 00:00:00+00:00, run_after=2025-05-16 00:00:00+00:00
[2025-05-16T05:39:51.666+0000] {processor.py:208} INFO - Processing /home/airflow/.local/lib/python3.12/site-packages/airflow/example_dags/tutorial.py took 0.171 seconds
[2025-05-16T05:40:22.004+0000] {processor.py:186} INFO - Started process (PID=586) to work on /home/airflow/.local/lib/python3.12/site-packages/airflow/example_dags/tutorial.py
[2025-05-16T05:40:22.006+0000] {processor.py:914} INFO - Processing file /home/airflow/.local/lib/python3.12/site-packages/airflow/example_dags/tutorial.py for tasks to queue
[2025-05-16T05:40:22.009+0000] {logging_mixin.py:190} INFO - [2025-05-16T05:40:22.009+0000] {dagbag.py:588} INFO - Filling up the DagBag from /home/airflow/.local/lib/python3.12/site-packages/airflow/example_dags/tutorial.py
[2025-05-16T05:40:22.020+0000] {processor.py:925} INFO - DAG(s) 'tutorial' retrieved from /home/airflow/.local/lib/python3.12/site-packages/airflow/example_dags/tutorial.py
[2025-05-16T05:40:22.043+0000] {logging_mixin.py:190} INFO - [2025-05-16T05:40:22.043+0000] {dag.py:3239} INFO - Sync 1 DAGs
[2025-05-16T05:40:22.071+0000] {logging_mixin.py:190} INFO - [2025-05-16T05:40:22.071+0000] {dag.py:4180} INFO - Setting next_dagrun for tutorial to 2025-05-15 00:00:00+00:00, run_after=2025-05-16 00:00:00+00:00
[2025-05-16T05:40:22.096+0000] {processor.py:208} INFO - Processing /home/airflow/.local/lib/python3.12/site-packages/airflow/example_dags/tutorial.py took 0.098 seconds
[2025-05-16T05:40:52.682+0000] {processor.py:186} INFO - Started process (PID=651) to work on /home/airflow/.local/lib/python3.12/site-packages/airflow/example_dags/tutorial.py
[2025-05-16T05:40:52.686+0000] {processor.py:914} INFO - Processing file /home/airflow/.local/lib/python3.12/site-packages/airflow/example_dags/tutorial.py for tasks to queue
[2025-05-16T05:40:52.692+0000] {logging_mixin.py:190} INFO - [2025-05-16T05:40:52.691+0000] {dagbag.py:588} INFO - Filling up the DagBag from /home/airflow/.local/lib/python3.12/site-packages/airflow/example_dags/tutorial.py
[2025-05-16T05:40:52.712+0000] {processor.py:925} INFO - DAG(s) 'tutorial' retrieved from /home/airflow/.local/lib/python3.12/site-packages/airflow/example_dags/tutorial.py
[2025-05-16T05:40:52.753+0000] {logging_mixin.py:190} INFO - [2025-05-16T05:40:52.751+0000] {dag.py:3239} INFO - Sync 1 DAGs
[2025-05-16T05:40:52.811+0000] {logging_mixin.py:190} INFO - [2025-05-16T05:40:52.810+0000] {dag.py:4180} INFO - Setting next_dagrun for tutorial to 2025-05-15 00:00:00+00:00, run_after=2025-05-16 00:00:00+00:00
[2025-05-16T05:40:52.855+0000] {processor.py:208} INFO - Processing /home/airflow/.local/lib/python3.12/site-packages/airflow/example_dags/tutorial.py took 0.189 seconds
[2025-05-16T05:41:23.079+0000] {processor.py:186} INFO - Started process (PID=717) to work on /home/airflow/.local/lib/python3.12/site-packages/airflow/example_dags/tutorial.py
[2025-05-16T05:41:23.081+0000] {processor.py:914} INFO - Processing file /home/airflow/.local/lib/python3.12/site-packages/airflow/example_dags/tutorial.py for tasks to queue
[2025-05-16T05:41:23.086+0000] {logging_mixin.py:190} INFO - [2025-05-16T05:41:23.085+0000] {dagbag.py:588} INFO - Filling up the DagBag from /home/airflow/.local/lib/python3.12/site-packages/airflow/example_dags/tutorial.py
[2025-05-16T05:41:23.102+0000] {processor.py:925} INFO - DAG(s) 'tutorial' retrieved from /home/airflow/.local/lib/python3.12/site-packages/airflow/example_dags/tutorial.py
[2025-05-16T05:41:23.145+0000] {logging_mixin.py:190} INFO - [2025-05-16T05:41:23.144+0000] {dag.py:3239} INFO - Sync 1 DAGs
[2025-05-16T05:41:23.192+0000] {logging_mixin.py:190} INFO - [2025-05-16T05:41:23.191+0000] {dag.py:4180} INFO - Setting next_dagrun for tutorial to 2025-05-15 00:00:00+00:00, run_after=2025-05-16 00:00:00+00:00
[2025-05-16T05:41:23.235+0000] {processor.py:208} INFO - Processing /home/airflow/.local/lib/python3.12/site-packages/airflow/example_dags/tutorial.py took 0.168 seconds
[2025-05-16T05:41:53.665+0000] {processor.py:186} INFO - Started process (PID=783) to work on /home/airflow/.local/lib/python3.12/site-packages/airflow/example_dags/tutorial.py
[2025-05-16T05:41:53.668+0000] {processor.py:914} INFO - Processing file /home/airflow/.local/lib/python3.12/site-packages/airflow/example_dags/tutorial.py for tasks to queue
[2025-05-16T05:41:53.674+0000] {logging_mixin.py:190} INFO - [2025-05-16T05:41:53.673+0000] {dagbag.py:588} INFO - Filling up the DagBag from /home/airflow/.local/lib/python3.12/site-packages/airflow/example_dags/tutorial.py
[2025-05-16T05:41:53.695+0000] {processor.py:925} INFO - DAG(s) 'tutorial' retrieved from /home/airflow/.local/lib/python3.12/site-packages/airflow/example_dags/tutorial.py
[2025-05-16T05:41:53.743+0000] {logging_mixin.py:190} INFO - [2025-05-16T05:41:53.742+0000] {dag.py:3239} INFO - Sync 1 DAGs
[2025-05-16T05:41:53.801+0000] {logging_mixin.py:190} INFO - [2025-05-16T05:41:53.801+0000] {dag.py:4180} INFO - Setting next_dagrun for tutorial to 2025-05-15 00:00:00+00:00, run_after=2025-05-16 00:00:00+00:00
[2025-05-16T05:41:53.840+0000] {processor.py:208} INFO - Processing /home/airflow/.local/lib/python3.12/site-packages/airflow/example_dags/tutorial.py took 0.189 seconds
[2025-05-16T05:42:24.042+0000] {processor.py:186} INFO - Started process (PID=850) to work on /home/airflow/.local/lib/python3.12/site-packages/airflow/example_dags/tutorial.py
[2025-05-16T05:42:24.043+0000] {processor.py:914} INFO - Processing file /home/airflow/.local/lib/python3.12/site-packages/airflow/example_dags/tutorial.py for tasks to queue
[2025-05-16T05:42:24.046+0000] {logging_mixin.py:190} INFO - [2025-05-16T05:42:24.045+0000] {dagbag.py:588} INFO - Filling up the DagBag from /home/airflow/.local/lib/python3.12/site-packages/airflow/example_dags/tutorial.py
[2025-05-16T05:42:24.055+0000] {processor.py:925} INFO - DAG(s) 'tutorial' retrieved from /home/airflow/.local/lib/python3.12/site-packages/airflow/example_dags/tutorial.py
[2025-05-16T05:42:24.080+0000] {logging_mixin.py:190} INFO - [2025-05-16T05:42:24.080+0000] {dag.py:3239} INFO - Sync 1 DAGs
[2025-05-16T05:42:24.104+0000] {logging_mixin.py:190} INFO - [2025-05-16T05:42:24.104+0000] {dag.py:4180} INFO - Setting next_dagrun for tutorial to 2025-05-15 00:00:00+00:00, run_after=2025-05-16 00:00:00+00:00
[2025-05-16T05:42:24.127+0000] {processor.py:208} INFO - Processing /home/airflow/.local/lib/python3.12/site-packages/airflow/example_dags/tutorial.py took 0.091 seconds
[2025-05-16T05:42:59.225+0000] {processor.py:186} INFO - Started process (PID=921) to work on /home/airflow/.local/lib/python3.12/site-packages/airflow/example_dags/tutorial.py
[2025-05-16T05:42:59.229+0000] {processor.py:914} INFO - Processing file /home/airflow/.local/lib/python3.12/site-packages/airflow/example_dags/tutorial.py for tasks to queue
[2025-05-16T05:42:59.238+0000] {logging_mixin.py:190} INFO - [2025-05-16T05:42:59.236+0000] {dagbag.py:588} INFO - Filling up the DagBag from /home/airflow/.local/lib/python3.12/site-packages/airflow/example_dags/tutorial.py
[2025-05-16T05:42:59.265+0000] {processor.py:925} INFO - DAG(s) 'tutorial' retrieved from /home/airflow/.local/lib/python3.12/site-packages/airflow/example_dags/tutorial.py
[2025-05-16T05:42:59.329+0000] {logging_mixin.py:190} INFO - [2025-05-16T05:42:59.328+0000] {dag.py:3239} INFO - Sync 1 DAGs
[2025-05-16T05:42:59.454+0000] {logging_mixin.py:190} INFO - [2025-05-16T05:42:59.453+0000] {dag.py:4180} INFO - Setting next_dagrun for tutorial to 2025-05-15 00:00:00+00:00, run_after=2025-05-16 00:00:00+00:00
[2025-05-16T05:42:59.573+0000] {processor.py:208} INFO - Processing /home/airflow/.local/lib/python3.12/site-packages/airflow/example_dags/tutorial.py took 0.367 seconds
[2025-05-16T05:43:30.226+0000] {processor.py:186} INFO - Started process (PID=987) to work on /home/airflow/.local/lib/python3.12/site-packages/airflow/example_dags/tutorial.py
[2025-05-16T05:43:30.228+0000] {processor.py:914} INFO - Processing file /home/airflow/.local/lib/python3.12/site-packages/airflow/example_dags/tutorial.py for tasks to queue
[2025-05-16T05:43:30.230+0000] {logging_mixin.py:190} INFO - [2025-05-16T05:43:30.230+0000] {dagbag.py:588} INFO - Filling up the DagBag from /home/airflow/.local/lib/python3.12/site-packages/airflow/example_dags/tutorial.py
[2025-05-16T05:43:30.239+0000] {processor.py:925} INFO - DAG(s) 'tutorial' retrieved from /home/airflow/.local/lib/python3.12/site-packages/airflow/example_dags/tutorial.py
[2025-05-16T05:43:30.260+0000] {logging_mixin.py:190} INFO - [2025-05-16T05:43:30.260+0000] {dag.py:3239} INFO - Sync 1 DAGs
[2025-05-16T05:43:30.289+0000] {logging_mixin.py:190} INFO - [2025-05-16T05:43:30.289+0000] {dag.py:4180} INFO - Setting next_dagrun for tutorial to 2025-05-15 00:00:00+00:00, run_after=2025-05-16 00:00:00+00:00
[2025-05-16T05:43:30.312+0000] {processor.py:208} INFO - Processing /home/airflow/.local/lib/python3.12/site-packages/airflow/example_dags/tutorial.py took 0.091 seconds
[2025-05-16T05:44:01.360+0000] {processor.py:186} INFO - Started process (PID=1053) to work on /home/airflow/.local/lib/python3.12/site-packages/airflow/example_dags/tutorial.py
[2025-05-16T05:44:01.365+0000] {processor.py:914} INFO - Processing file /home/airflow/.local/lib/python3.12/site-packages/airflow/example_dags/tutorial.py for tasks to queue
[2025-05-16T05:44:01.373+0000] {logging_mixin.py:190} INFO - [2025-05-16T05:44:01.372+0000] {dagbag.py:588} INFO - Filling up the DagBag from /home/airflow/.local/lib/python3.12/site-packages/airflow/example_dags/tutorial.py
[2025-05-16T05:44:01.395+0000] {processor.py:925} INFO - DAG(s) 'tutorial' retrieved from /home/airflow/.local/lib/python3.12/site-packages/airflow/example_dags/tutorial.py
[2025-05-16T05:44:01.440+0000] {logging_mixin.py:190} INFO - [2025-05-16T05:44:01.439+0000] {dag.py:3239} INFO - Sync 1 DAGs
[2025-05-16T05:44:01.505+0000] {logging_mixin.py:190} INFO - [2025-05-16T05:44:01.505+0000] {dag.py:4180} INFO - Setting next_dagrun for tutorial to 2025-05-15 00:00:00+00:00, run_after=2025-05-16 00:00:00+00:00
[2025-05-16T05:44:01.557+0000] {processor.py:208} INFO - Processing /home/airflow/.local/lib/python3.12/site-packages/airflow/example_dags/tutorial.py took 0.218 seconds
[2025-05-16T05:44:32.167+0000] {processor.py:186} INFO - Started process (PID=1119) to work on /home/airflow/.local/lib/python3.12/site-packages/airflow/example_dags/tutorial.py
[2025-05-16T05:44:32.173+0000] {processor.py:914} INFO - Processing file /home/airflow/.local/lib/python3.12/site-packages/airflow/example_dags/tutorial.py for tasks to queue
[2025-05-16T05:44:32.186+0000] {logging_mixin.py:190} INFO - [2025-05-16T05:44:32.184+0000] {dagbag.py:588} INFO - Filling up the DagBag from /home/airflow/.local/lib/python3.12/site-packages/airflow/example_dags/tutorial.py
[2025-05-16T05:44:32.230+0000] {processor.py:925} INFO - DAG(s) 'tutorial' retrieved from /home/airflow/.local/lib/python3.12/site-packages/airflow/example_dags/tutorial.py
[2025-05-16T05:44:32.340+0000] {logging_mixin.py:190} INFO - [2025-05-16T05:44:32.340+0000] {dag.py:3239} INFO - Sync 1 DAGs
[2025-05-16T05:44:32.482+0000] {logging_mixin.py:190} INFO - [2025-05-16T05:44:32.480+0000] {dag.py:4180} INFO - Setting next_dagrun for tutorial to 2025-05-15 00:00:00+00:00, run_after=2025-05-16 00:00:00+00:00
[2025-05-16T05:44:32.554+0000] {processor.py:208} INFO - Processing /home/airflow/.local/lib/python3.12/site-packages/airflow/example_dags/tutorial.py took 0.421 seconds
[2025-05-16T05:45:02.840+0000] {processor.py:186} INFO - Started process (PID=1185) to work on /home/airflow/.local/lib/python3.12/site-packages/airflow/example_dags/tutorial.py
[2025-05-16T05:45:02.844+0000] {processor.py:914} INFO - Processing file /home/airflow/.local/lib/python3.12/site-packages/airflow/example_dags/tutorial.py for tasks to queue
[2025-05-16T05:45:02.848+0000] {logging_mixin.py:190} INFO - [2025-05-16T05:45:02.848+0000] {dagbag.py:588} INFO - Filling up the DagBag from /home/airflow/.local/lib/python3.12/site-packages/airflow/example_dags/tutorial.py
[2025-05-16T05:45:02.863+0000] {processor.py:925} INFO - DAG(s) 'tutorial' retrieved from /home/airflow/.local/lib/python3.12/site-packages/airflow/example_dags/tutorial.py
[2025-05-16T05:45:02.900+0000] {logging_mixin.py:190} INFO - [2025-05-16T05:45:02.900+0000] {dag.py:3239} INFO - Sync 1 DAGs
[2025-05-16T05:45:02.943+0000] {logging_mixin.py:190} INFO - [2025-05-16T05:45:02.942+0000] {dag.py:4180} INFO - Setting next_dagrun for tutorial to 2025-05-15 00:00:00+00:00, run_after=2025-05-16 00:00:00+00:00
[2025-05-16T05:45:02.981+0000] {processor.py:208} INFO - Processing /home/airflow/.local/lib/python3.12/site-packages/airflow/example_dags/tutorial.py took 0.151 seconds
[2025-05-16T05:45:45.030+0000] {processor.py:186} INFO - Started process (PID=1249) to work on /home/airflow/.local/lib/python3.12/site-packages/airflow/example_dags/tutorial.py
[2025-05-16T05:45:45.057+0000] {processor.py:914} INFO - Processing file /home/airflow/.local/lib/python3.12/site-packages/airflow/example_dags/tutorial.py for tasks to queue
[2025-05-16T05:45:45.100+0000] {logging_mixin.py:190} INFO - [2025-05-16T05:45:45.097+0000] {dagbag.py:588} INFO - Filling up the DagBag from /home/airflow/.local/lib/python3.12/site-packages/airflow/example_dags/tutorial.py
[2025-05-16T05:45:45.146+0000] {processor.py:925} INFO - DAG(s) 'tutorial' retrieved from /home/airflow/.local/lib/python3.12/site-packages/airflow/example_dags/tutorial.py
[2025-05-16T05:45:45.219+0000] {logging_mixin.py:190} INFO - [2025-05-16T05:45:45.218+0000] {dag.py:3239} INFO - Sync 1 DAGs
[2025-05-16T05:45:45.308+0000] {logging_mixin.py:190} INFO - [2025-05-16T05:45:45.307+0000] {dag.py:4180} INFO - Setting next_dagrun for tutorial to 2025-05-15 00:00:00+00:00, run_after=2025-05-16 00:00:00+00:00
[2025-05-16T05:45:45.378+0000] {processor.py:208} INFO - Processing /home/airflow/.local/lib/python3.12/site-packages/airflow/example_dags/tutorial.py took 0.368 seconds
[2025-05-16T05:46:16.058+0000] {processor.py:186} INFO - Started process (PID=1315) to work on /home/airflow/.local/lib/python3.12/site-packages/airflow/example_dags/tutorial.py
[2025-05-16T05:46:16.062+0000] {processor.py:914} INFO - Processing file /home/airflow/.local/lib/python3.12/site-packages/airflow/example_dags/tutorial.py for tasks to queue
[2025-05-16T05:46:16.071+0000] {logging_mixin.py:190} INFO - [2025-05-16T05:46:16.070+0000] {dagbag.py:588} INFO - Filling up the DagBag from /home/airflow/.local/lib/python3.12/site-packages/airflow/example_dags/tutorial.py
[2025-05-16T05:46:16.101+0000] {processor.py:925} INFO - DAG(s) 'tutorial' retrieved from /home/airflow/.local/lib/python3.12/site-packages/airflow/example_dags/tutorial.py
[2025-05-16T05:46:16.176+0000] {logging_mixin.py:190} INFO - [2025-05-16T05:46:16.175+0000] {dag.py:3239} INFO - Sync 1 DAGs
[2025-05-16T05:46:16.259+0000] {logging_mixin.py:190} INFO - [2025-05-16T05:46:16.259+0000] {dag.py:4180} INFO - Setting next_dagrun for tutorial to 2025-05-15 00:00:00+00:00, run_after=2025-05-16 00:00:00+00:00
[2025-05-16T05:46:16.329+0000] {processor.py:208} INFO - Processing /home/airflow/.local/lib/python3.12/site-packages/airflow/example_dags/tutorial.py took 0.291 seconds
[2025-05-16T05:46:46.764+0000] {processor.py:186} INFO - Started process (PID=1382) to work on /home/airflow/.local/lib/python3.12/site-packages/airflow/example_dags/tutorial.py
[2025-05-16T05:46:46.766+0000] {processor.py:914} INFO - Processing file /home/airflow/.local/lib/python3.12/site-packages/airflow/example_dags/tutorial.py for tasks to queue
[2025-05-16T05:46:46.772+0000] {logging_mixin.py:190} INFO - [2025-05-16T05:46:46.771+0000] {dagbag.py:588} INFO - Filling up the DagBag from /home/airflow/.local/lib/python3.12/site-packages/airflow/example_dags/tutorial.py
[2025-05-16T05:46:46.789+0000] {processor.py:925} INFO - DAG(s) 'tutorial' retrieved from /home/airflow/.local/lib/python3.12/site-packages/airflow/example_dags/tutorial.py
[2025-05-16T05:46:46.823+0000] {logging_mixin.py:190} INFO - [2025-05-16T05:46:46.823+0000] {dag.py:3239} INFO - Sync 1 DAGs
[2025-05-16T05:46:46.860+0000] {logging_mixin.py:190} INFO - [2025-05-16T05:46:46.860+0000] {dag.py:4180} INFO - Setting next_dagrun for tutorial to 2025-05-15 00:00:00+00:00, run_after=2025-05-16 00:00:00+00:00
[2025-05-16T05:46:46.899+0000] {processor.py:208} INFO - Processing /home/airflow/.local/lib/python3.12/site-packages/airflow/example_dags/tutorial.py took 0.151 seconds
[2025-05-16T05:47:17.372+0000] {processor.py:186} INFO - Started process (PID=1447) to work on /home/airflow/.local/lib/python3.12/site-packages/airflow/example_dags/tutorial.py
[2025-05-16T05:47:17.376+0000] {processor.py:914} INFO - Processing file /home/airflow/.local/lib/python3.12/site-packages/airflow/example_dags/tutorial.py for tasks to queue
[2025-05-16T05:47:17.382+0000] {logging_mixin.py:190} INFO - [2025-05-16T05:47:17.381+0000] {dagbag.py:588} INFO - Filling up the DagBag from /home/airflow/.local/lib/python3.12/site-packages/airflow/example_dags/tutorial.py
[2025-05-16T05:47:17.403+0000] {processor.py:925} INFO - DAG(s) 'tutorial' retrieved from /home/airflow/.local/lib/python3.12/site-packages/airflow/example_dags/tutorial.py
[2025-05-16T05:47:17.461+0000] {logging_mixin.py:190} INFO - [2025-05-16T05:47:17.460+0000] {dag.py:3239} INFO - Sync 1 DAGs
[2025-05-16T05:47:17.520+0000] {logging_mixin.py:190} INFO - [2025-05-16T05:47:17.520+0000] {dag.py:4180} INFO - Setting next_dagrun for tutorial to 2025-05-15 00:00:00+00:00, run_after=2025-05-16 00:00:00+00:00
[2025-05-16T05:47:17.575+0000] {processor.py:208} INFO - Processing /home/airflow/.local/lib/python3.12/site-packages/airflow/example_dags/tutorial.py took 0.251 seconds
[2025-05-16T05:47:47.840+0000] {processor.py:186} INFO - Started process (PID=1513) to work on /home/airflow/.local/lib/python3.12/site-packages/airflow/example_dags/tutorial.py
[2025-05-16T05:47:47.842+0000] {processor.py:914} INFO - Processing file /home/airflow/.local/lib/python3.12/site-packages/airflow/example_dags/tutorial.py for tasks to queue
[2025-05-16T05:47:47.847+0000] {logging_mixin.py:190} INFO - [2025-05-16T05:47:47.847+0000] {dagbag.py:588} INFO - Filling up the DagBag from /home/airflow/.local/lib/python3.12/site-packages/airflow/example_dags/tutorial.py
[2025-05-16T05:47:47.864+0000] {processor.py:925} INFO - DAG(s) 'tutorial' retrieved from /home/airflow/.local/lib/python3.12/site-packages/airflow/example_dags/tutorial.py
[2025-05-16T05:47:47.908+0000] {logging_mixin.py:190} INFO - [2025-05-16T05:47:47.908+0000] {dag.py:3239} INFO - Sync 1 DAGs
[2025-05-16T05:47:47.959+0000] {logging_mixin.py:190} INFO - [2025-05-16T05:47:47.959+0000] {dag.py:4180} INFO - Setting next_dagrun for tutorial to 2025-05-15 00:00:00+00:00, run_after=2025-05-16 00:00:00+00:00
[2025-05-16T05:47:47.998+0000] {processor.py:208} INFO - Processing /home/airflow/.local/lib/python3.12/site-packages/airflow/example_dags/tutorial.py took 0.171 seconds
[2025-05-16T05:48:18.225+0000] {processor.py:186} INFO - Started process (PID=1579) to work on /home/airflow/.local/lib/python3.12/site-packages/airflow/example_dags/tutorial.py
[2025-05-16T05:48:18.228+0000] {processor.py:914} INFO - Processing file /home/airflow/.local/lib/python3.12/site-packages/airflow/example_dags/tutorial.py for tasks to queue
[2025-05-16T05:48:18.233+0000] {logging_mixin.py:190} INFO - [2025-05-16T05:48:18.232+0000] {dagbag.py:588} INFO - Filling up the DagBag from /home/airflow/.local/lib/python3.12/site-packages/airflow/example_dags/tutorial.py
[2025-05-16T05:48:18.247+0000] {processor.py:925} INFO - DAG(s) 'tutorial' retrieved from /home/airflow/.local/lib/python3.12/site-packages/airflow/example_dags/tutorial.py
[2025-05-16T05:48:18.283+0000] {logging_mixin.py:190} INFO - [2025-05-16T05:48:18.282+0000] {dag.py:3239} INFO - Sync 1 DAGs
[2025-05-16T05:48:18.322+0000] {logging_mixin.py:190} INFO - [2025-05-16T05:48:18.321+0000] {dag.py:4180} INFO - Setting next_dagrun for tutorial to 2025-05-15 00:00:00+00:00, run_after=2025-05-16 00:00:00+00:00
[2025-05-16T05:48:18.360+0000] {processor.py:208} INFO - Processing /home/airflow/.local/lib/python3.12/site-packages/airflow/example_dags/tutorial.py took 0.146 seconds
[2025-05-16T05:48:49.579+0000] {processor.py:186} INFO - Started process (PID=1645) to work on /home/airflow/.local/lib/python3.12/site-packages/airflow/example_dags/tutorial.py
[2025-05-16T05:48:49.584+0000] {processor.py:914} INFO - Processing file /home/airflow/.local/lib/python3.12/site-packages/airflow/example_dags/tutorial.py for tasks to queue
[2025-05-16T05:48:49.592+0000] {logging_mixin.py:190} INFO - [2025-05-16T05:48:49.591+0000] {dagbag.py:588} INFO - Filling up the DagBag from /home/airflow/.local/lib/python3.12/site-packages/airflow/example_dags/tutorial.py
[2025-05-16T05:48:49.618+0000] {processor.py:925} INFO - DAG(s) 'tutorial' retrieved from /home/airflow/.local/lib/python3.12/site-packages/airflow/example_dags/tutorial.py
[2025-05-16T05:48:49.706+0000] {logging_mixin.py:190} INFO - [2025-05-16T05:48:49.705+0000] {dag.py:3239} INFO - Sync 1 DAGs
[2025-05-16T05:48:49.788+0000] {logging_mixin.py:190} INFO - [2025-05-16T05:48:49.788+0000] {dag.py:4180} INFO - Setting next_dagrun for tutorial to 2025-05-15 00:00:00+00:00, run_after=2025-05-16 00:00:00+00:00
[2025-05-16T05:48:49.871+0000] {processor.py:208} INFO - Processing /home/airflow/.local/lib/python3.12/site-packages/airflow/example_dags/tutorial.py took 0.313 seconds
[2025-05-16T05:49:26.169+0000] {processor.py:186} INFO - Started process (PID=1707) to work on /home/airflow/.local/lib/python3.12/site-packages/airflow/example_dags/tutorial.py
[2025-05-16T05:49:26.175+0000] {processor.py:914} INFO - Processing file /home/airflow/.local/lib/python3.12/site-packages/airflow/example_dags/tutorial.py for tasks to queue
[2025-05-16T05:49:26.189+0000] {logging_mixin.py:190} INFO - [2025-05-16T05:49:26.187+0000] {dagbag.py:588} INFO - Filling up the DagBag from /home/airflow/.local/lib/python3.12/site-packages/airflow/example_dags/tutorial.py
[2025-05-16T05:49:26.220+0000] {processor.py:925} INFO - DAG(s) 'tutorial' retrieved from /home/airflow/.local/lib/python3.12/site-packages/airflow/example_dags/tutorial.py
[2025-05-16T05:49:26.319+0000] {logging_mixin.py:190} INFO - [2025-05-16T05:49:26.318+0000] {dag.py:3239} INFO - Sync 1 DAGs
[2025-05-16T05:49:26.446+0000] {logging_mixin.py:190} INFO - [2025-05-16T05:49:26.444+0000] {dag.py:4180} INFO - Setting next_dagrun for tutorial to 2025-05-15 00:00:00+00:00, run_after=2025-05-16 00:00:00+00:00
[2025-05-16T05:49:26.543+0000] {processor.py:208} INFO - Processing /home/airflow/.local/lib/python3.12/site-packages/airflow/example_dags/tutorial.py took 0.397 seconds
[2025-05-16T05:49:59.469+0000] {processor.py:186} INFO - Started process (PID=1778) to work on /home/airflow/.local/lib/python3.12/site-packages/airflow/example_dags/tutorial.py
[2025-05-16T05:49:59.499+0000] {processor.py:914} INFO - Processing file /home/airflow/.local/lib/python3.12/site-packages/airflow/example_dags/tutorial.py for tasks to queue
[2025-05-16T05:49:59.520+0000] {logging_mixin.py:190} INFO - [2025-05-16T05:49:59.519+0000] {dagbag.py:588} INFO - Filling up the DagBag from /home/airflow/.local/lib/python3.12/site-packages/airflow/example_dags/tutorial.py
[2025-05-16T05:49:59.562+0000] {processor.py:925} INFO - DAG(s) 'tutorial' retrieved from /home/airflow/.local/lib/python3.12/site-packages/airflow/example_dags/tutorial.py
[2025-05-16T05:49:59.666+0000] {logging_mixin.py:190} INFO - [2025-05-16T05:49:59.665+0000] {dag.py:3239} INFO - Sync 1 DAGs
[2025-05-16T05:49:59.766+0000] {logging_mixin.py:190} INFO - [2025-05-16T05:49:59.765+0000] {dag.py:4180} INFO - Setting next_dagrun for tutorial to 2025-05-15 00:00:00+00:00, run_after=2025-05-16 00:00:00+00:00
[2025-05-16T05:49:59.881+0000] {processor.py:208} INFO - Processing /home/airflow/.local/lib/python3.12/site-packages/airflow/example_dags/tutorial.py took 0.436 seconds
[2025-05-16T05:50:31.882+0000] {processor.py:186} INFO - Started process (PID=1845) to work on /home/airflow/.local/lib/python3.12/site-packages/airflow/example_dags/tutorial.py
[2025-05-16T05:50:31.888+0000] {processor.py:914} INFO - Processing file /home/airflow/.local/lib/python3.12/site-packages/airflow/example_dags/tutorial.py for tasks to queue
[2025-05-16T05:50:31.907+0000] {logging_mixin.py:190} INFO - [2025-05-16T05:50:31.905+0000] {dagbag.py:588} INFO - Filling up the DagBag from /home/airflow/.local/lib/python3.12/site-packages/airflow/example_dags/tutorial.py
[2025-05-16T05:50:31.939+0000] {processor.py:925} INFO - DAG(s) 'tutorial' retrieved from /home/airflow/.local/lib/python3.12/site-packages/airflow/example_dags/tutorial.py
[2025-05-16T05:50:32.049+0000] {logging_mixin.py:190} INFO - [2025-05-16T05:50:32.048+0000] {dag.py:3239} INFO - Sync 1 DAGs
[2025-05-16T05:50:32.152+0000] {logging_mixin.py:190} INFO - [2025-05-16T05:50:32.151+0000] {dag.py:4180} INFO - Setting next_dagrun for tutorial to 2025-05-15 00:00:00+00:00, run_after=2025-05-16 00:00:00+00:00
[2025-05-16T05:50:32.254+0000] {processor.py:208} INFO - Processing /home/airflow/.local/lib/python3.12/site-packages/airflow/example_dags/tutorial.py took 0.397 seconds
[2025-05-16T05:51:13.642+0000] {processor.py:186} INFO - Started process (PID=1912) to work on /home/airflow/.local/lib/python3.12/site-packages/airflow/example_dags/tutorial.py
[2025-05-16T05:51:13.650+0000] {processor.py:914} INFO - Processing file /home/airflow/.local/lib/python3.12/site-packages/airflow/example_dags/tutorial.py for tasks to queue
[2025-05-16T05:51:13.669+0000] {logging_mixin.py:190} INFO - [2025-05-16T05:51:13.668+0000] {dagbag.py:588} INFO - Filling up the DagBag from /home/airflow/.local/lib/python3.12/site-packages/airflow/example_dags/tutorial.py
[2025-05-16T05:51:13.724+0000] {processor.py:925} INFO - DAG(s) 'tutorial' retrieved from /home/airflow/.local/lib/python3.12/site-packages/airflow/example_dags/tutorial.py
[2025-05-16T05:51:13.885+0000] {logging_mixin.py:190} INFO - [2025-05-16T05:51:13.883+0000] {dag.py:3239} INFO - Sync 1 DAGs
[2025-05-16T05:51:14.008+0000] {logging_mixin.py:190} INFO - [2025-05-16T05:51:14.007+0000] {dag.py:4180} INFO - Setting next_dagrun for tutorial to 2025-05-15 00:00:00+00:00, run_after=2025-05-16 00:00:00+00:00
[2025-05-16T05:51:14.129+0000] {processor.py:208} INFO - Processing /home/airflow/.local/lib/python3.12/site-packages/airflow/example_dags/tutorial.py took 0.511 seconds
[2025-05-16T05:51:54.835+0000] {processor.py:186} INFO - Started process (PID=1977) to work on /home/airflow/.local/lib/python3.12/site-packages/airflow/example_dags/tutorial.py
[2025-05-16T05:51:54.858+0000] {processor.py:914} INFO - Processing file /home/airflow/.local/lib/python3.12/site-packages/airflow/example_dags/tutorial.py for tasks to queue
[2025-05-16T05:51:54.874+0000] {logging_mixin.py:190} INFO - [2025-05-16T05:51:54.872+0000] {dagbag.py:588} INFO - Filling up the DagBag from /home/airflow/.local/lib/python3.12/site-packages/airflow/example_dags/tutorial.py
[2025-05-16T05:51:54.912+0000] {processor.py:925} INFO - DAG(s) 'tutorial' retrieved from /home/airflow/.local/lib/python3.12/site-packages/airflow/example_dags/tutorial.py
[2025-05-16T05:51:54.996+0000] {logging_mixin.py:190} INFO - [2025-05-16T05:51:54.995+0000] {dag.py:3239} INFO - Sync 1 DAGs
[2025-05-16T05:51:55.139+0000] {logging_mixin.py:190} INFO - [2025-05-16T05:51:55.138+0000] {dag.py:4180} INFO - Setting next_dagrun for tutorial to 2025-05-15 00:00:00+00:00, run_after=2025-05-16 00:00:00+00:00
[2025-05-16T05:51:55.258+0000] {processor.py:208} INFO - Processing /home/airflow/.local/lib/python3.12/site-packages/airflow/example_dags/tutorial.py took 0.441 seconds
[2025-05-16T05:52:43.789+0000] {processor.py:186} INFO - Started process (PID=2049) to work on /home/airflow/.local/lib/python3.12/site-packages/airflow/example_dags/tutorial.py
[2025-05-16T05:52:43.807+0000] {processor.py:914} INFO - Processing file /home/airflow/.local/lib/python3.12/site-packages/airflow/example_dags/tutorial.py for tasks to queue
[2025-05-16T05:52:43.830+0000] {logging_mixin.py:190} INFO - [2025-05-16T05:52:43.829+0000] {dagbag.py:588} INFO - Filling up the DagBag from /home/airflow/.local/lib/python3.12/site-packages/airflow/example_dags/tutorial.py
[2025-05-16T05:52:43.869+0000] {processor.py:925} INFO - DAG(s) 'tutorial' retrieved from /home/airflow/.local/lib/python3.12/site-packages/airflow/example_dags/tutorial.py
[2025-05-16T05:52:43.983+0000] {logging_mixin.py:190} INFO - [2025-05-16T05:52:43.981+0000] {dag.py:3239} INFO - Sync 1 DAGs
[2025-05-16T05:52:44.083+0000] {logging_mixin.py:190} INFO - [2025-05-16T05:52:44.082+0000] {dag.py:4180} INFO - Setting next_dagrun for tutorial to 2025-05-15 00:00:00+00:00, run_after=2025-05-16 00:00:00+00:00
[2025-05-16T05:52:44.200+0000] {processor.py:208} INFO - Processing /home/airflow/.local/lib/python3.12/site-packages/airflow/example_dags/tutorial.py took 0.440 seconds
[2025-05-16T05:53:15.627+0000] {processor.py:186} INFO - Started process (PID=2114) to work on /home/airflow/.local/lib/python3.12/site-packages/airflow/example_dags/tutorial.py
[2025-05-16T05:53:15.635+0000] {processor.py:914} INFO - Processing file /home/airflow/.local/lib/python3.12/site-packages/airflow/example_dags/tutorial.py for tasks to queue
[2025-05-16T05:53:15.654+0000] {logging_mixin.py:190} INFO - [2025-05-16T05:53:15.652+0000] {dagbag.py:588} INFO - Filling up the DagBag from /home/airflow/.local/lib/python3.12/site-packages/airflow/example_dags/tutorial.py
[2025-05-16T05:53:15.685+0000] {processor.py:925} INFO - DAG(s) 'tutorial' retrieved from /home/airflow/.local/lib/python3.12/site-packages/airflow/example_dags/tutorial.py
[2025-05-16T05:53:15.814+0000] {logging_mixin.py:190} INFO - [2025-05-16T05:53:15.812+0000] {dag.py:3239} INFO - Sync 1 DAGs
[2025-05-16T05:53:15.896+0000] {logging_mixin.py:190} INFO - [2025-05-16T05:53:15.895+0000] {dag.py:4180} INFO - Setting next_dagrun for tutorial to 2025-05-15 00:00:00+00:00, run_after=2025-05-16 00:00:00+00:00
[2025-05-16T05:53:15.968+0000] {processor.py:208} INFO - Processing /home/airflow/.local/lib/python3.12/site-packages/airflow/example_dags/tutorial.py took 0.360 seconds
[2025-05-16T05:53:54.066+0000] {processor.py:186} INFO - Started process (PID=2183) to work on /home/airflow/.local/lib/python3.12/site-packages/airflow/example_dags/tutorial.py
[2025-05-16T05:53:54.071+0000] {processor.py:914} INFO - Processing file /home/airflow/.local/lib/python3.12/site-packages/airflow/example_dags/tutorial.py for tasks to queue
[2025-05-16T05:53:54.083+0000] {logging_mixin.py:190} INFO - [2025-05-16T05:53:54.082+0000] {dagbag.py:588} INFO - Filling up the DagBag from /home/airflow/.local/lib/python3.12/site-packages/airflow/example_dags/tutorial.py
[2025-05-16T05:53:54.114+0000] {processor.py:925} INFO - DAG(s) 'tutorial' retrieved from /home/airflow/.local/lib/python3.12/site-packages/airflow/example_dags/tutorial.py
[2025-05-16T05:53:54.185+0000] {logging_mixin.py:190} INFO - [2025-05-16T05:53:54.183+0000] {dag.py:3239} INFO - Sync 1 DAGs
[2025-05-16T05:53:54.293+0000] {logging_mixin.py:190} INFO - [2025-05-16T05:53:54.292+0000] {dag.py:4180} INFO - Setting next_dagrun for tutorial to 2025-05-15 00:00:00+00:00, run_after=2025-05-16 00:00:00+00:00
[2025-05-16T05:53:54.369+0000] {processor.py:208} INFO - Processing /home/airflow/.local/lib/python3.12/site-packages/airflow/example_dags/tutorial.py took 0.321 seconds
[2025-05-16T05:54:30.048+0000] {processor.py:186} INFO - Started process (PID=2255) to work on /home/airflow/.local/lib/python3.12/site-packages/airflow/example_dags/tutorial.py
[2025-05-16T05:54:30.051+0000] {processor.py:914} INFO - Processing file /home/airflow/.local/lib/python3.12/site-packages/airflow/example_dags/tutorial.py for tasks to queue
[2025-05-16T05:54:30.058+0000] {logging_mixin.py:190} INFO - [2025-05-16T05:54:30.057+0000] {dagbag.py:588} INFO - Filling up the DagBag from /home/airflow/.local/lib/python3.12/site-packages/airflow/example_dags/tutorial.py
[2025-05-16T05:54:30.078+0000] {processor.py:925} INFO - DAG(s) 'tutorial' retrieved from /home/airflow/.local/lib/python3.12/site-packages/airflow/example_dags/tutorial.py
[2025-05-16T05:54:30.217+0000] {logging_mixin.py:190} INFO - [2025-05-16T05:54:30.216+0000] {dag.py:3239} INFO - Sync 1 DAGs
[2025-05-16T05:54:30.356+0000] {logging_mixin.py:190} INFO - [2025-05-16T05:54:30.356+0000] {dag.py:4180} INFO - Setting next_dagrun for tutorial to 2025-05-15 00:00:00+00:00, run_after=2025-05-16 00:00:00+00:00
[2025-05-16T05:54:30.497+0000] {processor.py:208} INFO - Processing /home/airflow/.local/lib/python3.12/site-packages/airflow/example_dags/tutorial.py took 0.466 seconds
[2025-05-16T05:55:05.266+0000] {processor.py:186} INFO - Started process (PID=2321) to work on /home/airflow/.local/lib/python3.12/site-packages/airflow/example_dags/tutorial.py
[2025-05-16T05:55:05.273+0000] {processor.py:914} INFO - Processing file /home/airflow/.local/lib/python3.12/site-packages/airflow/example_dags/tutorial.py for tasks to queue
[2025-05-16T05:55:05.284+0000] {logging_mixin.py:190} INFO - [2025-05-16T05:55:05.283+0000] {dagbag.py:588} INFO - Filling up the DagBag from /home/airflow/.local/lib/python3.12/site-packages/airflow/example_dags/tutorial.py
[2025-05-16T05:55:05.338+0000] {processor.py:925} INFO - DAG(s) 'tutorial' retrieved from /home/airflow/.local/lib/python3.12/site-packages/airflow/example_dags/tutorial.py
[2025-05-16T05:55:05.434+0000] {logging_mixin.py:190} INFO - [2025-05-16T05:55:05.432+0000] {dag.py:3239} INFO - Sync 1 DAGs
[2025-05-16T05:55:05.549+0000] {logging_mixin.py:190} INFO - [2025-05-16T05:55:05.548+0000] {dag.py:4180} INFO - Setting next_dagrun for tutorial to 2025-05-15 00:00:00+00:00, run_after=2025-05-16 00:00:00+00:00
[2025-05-16T05:55:05.629+0000] {processor.py:208} INFO - Processing /home/airflow/.local/lib/python3.12/site-packages/airflow/example_dags/tutorial.py took 0.383 seconds
[2025-05-16T05:56:20.000+0000] {processor.py:186} INFO - Started process (PID=2402) to work on /home/airflow/.local/lib/python3.12/site-packages/airflow/example_dags/tutorial.py
[2025-05-16T05:56:20.110+0000] {processor.py:914} INFO - Processing file /home/airflow/.local/lib/python3.12/site-packages/airflow/example_dags/tutorial.py for tasks to queue
[2025-05-16T05:56:20.240+0000] {logging_mixin.py:190} INFO - [2025-05-16T05:56:20.238+0000] {dagbag.py:588} INFO - Filling up the DagBag from /home/airflow/.local/lib/python3.12/site-packages/airflow/example_dags/tutorial.py
[2025-05-16T05:56:20.374+0000] {processor.py:925} INFO - DAG(s) 'tutorial' retrieved from /home/airflow/.local/lib/python3.12/site-packages/airflow/example_dags/tutorial.py
[2025-05-16T05:56:20.633+0000] {logging_mixin.py:190} INFO - [2025-05-16T05:56:20.632+0000] {dag.py:3239} INFO - Sync 1 DAGs
[2025-05-16T05:56:20.846+0000] {logging_mixin.py:190} INFO - [2025-05-16T05:56:20.843+0000] {dag.py:4180} INFO - Setting next_dagrun for tutorial to 2025-05-15 00:00:00+00:00, run_after=2025-05-16 00:00:00+00:00
[2025-05-16T05:56:21.014+0000] {processor.py:208} INFO - Processing /home/airflow/.local/lib/python3.12/site-packages/airflow/example_dags/tutorial.py took 1.034 seconds
[2025-05-16T05:57:14.594+0000] {processor.py:186} INFO - Started process (PID=2474) to work on /home/airflow/.local/lib/python3.12/site-packages/airflow/example_dags/tutorial.py
[2025-05-16T05:57:14.598+0000] {processor.py:914} INFO - Processing file /home/airflow/.local/lib/python3.12/site-packages/airflow/example_dags/tutorial.py for tasks to queue
[2025-05-16T05:57:14.607+0000] {logging_mixin.py:190} INFO - [2025-05-16T05:57:14.606+0000] {dagbag.py:588} INFO - Filling up the DagBag from /home/airflow/.local/lib/python3.12/site-packages/airflow/example_dags/tutorial.py
[2025-05-16T05:57:14.643+0000] {processor.py:925} INFO - DAG(s) 'tutorial' retrieved from /home/airflow/.local/lib/python3.12/site-packages/airflow/example_dags/tutorial.py
[2025-05-16T05:57:14.742+0000] {logging_mixin.py:190} INFO - [2025-05-16T05:57:14.740+0000] {dag.py:3239} INFO - Sync 1 DAGs
[2025-05-16T05:57:14.919+0000] {logging_mixin.py:190} INFO - [2025-05-16T05:57:14.919+0000] {dag.py:4180} INFO - Setting next_dagrun for tutorial to 2025-05-15 00:00:00+00:00, run_after=2025-05-16 00:00:00+00:00
[2025-05-16T05:57:15.116+0000] {processor.py:208} INFO - Processing /home/airflow/.local/lib/python3.12/site-packages/airflow/example_dags/tutorial.py took 0.549 seconds
[2025-05-16T05:57:52.152+0000] {processor.py:186} INFO - Started process (PID=2540) to work on /home/airflow/.local/lib/python3.12/site-packages/airflow/example_dags/tutorial.py
[2025-05-16T05:57:52.247+0000] {processor.py:914} INFO - Processing file /home/airflow/.local/lib/python3.12/site-packages/airflow/example_dags/tutorial.py for tasks to queue
[2025-05-16T05:57:52.292+0000] {logging_mixin.py:190} INFO - [2025-05-16T05:57:52.291+0000] {dagbag.py:588} INFO - Filling up the DagBag from /home/airflow/.local/lib/python3.12/site-packages/airflow/example_dags/tutorial.py
[2025-05-16T05:57:52.411+0000] {processor.py:925} INFO - DAG(s) 'tutorial' retrieved from /home/airflow/.local/lib/python3.12/site-packages/airflow/example_dags/tutorial.py
[2025-05-16T05:57:52.579+0000] {logging_mixin.py:190} INFO - [2025-05-16T05:57:52.578+0000] {dag.py:3239} INFO - Sync 1 DAGs
[2025-05-16T05:57:52.718+0000] {logging_mixin.py:190} INFO - [2025-05-16T05:57:52.717+0000] {dag.py:4180} INFO - Setting next_dagrun for tutorial to 2025-05-15 00:00:00+00:00, run_after=2025-05-16 00:00:00+00:00
[2025-05-16T05:57:52.861+0000] {processor.py:208} INFO - Processing /home/airflow/.local/lib/python3.12/site-packages/airflow/example_dags/tutorial.py took 0.753 seconds
[2025-05-16T05:58:26.651+0000] {processor.py:186} INFO - Started process (PID=2605) to work on /home/airflow/.local/lib/python3.12/site-packages/airflow/example_dags/tutorial.py
[2025-05-16T05:58:26.673+0000] {processor.py:914} INFO - Processing file /home/airflow/.local/lib/python3.12/site-packages/airflow/example_dags/tutorial.py for tasks to queue
[2025-05-16T05:58:26.699+0000] {logging_mixin.py:190} INFO - [2025-05-16T05:58:26.697+0000] {dagbag.py:588} INFO - Filling up the DagBag from /home/airflow/.local/lib/python3.12/site-packages/airflow/example_dags/tutorial.py
[2025-05-16T05:58:26.749+0000] {processor.py:925} INFO - DAG(s) 'tutorial' retrieved from /home/airflow/.local/lib/python3.12/site-packages/airflow/example_dags/tutorial.py
[2025-05-16T05:58:26.898+0000] {logging_mixin.py:190} INFO - [2025-05-16T05:58:26.896+0000] {dag.py:3239} INFO - Sync 1 DAGs
[2025-05-16T05:58:27.084+0000] {logging_mixin.py:190} INFO - [2025-05-16T05:58:27.083+0000] {dag.py:4180} INFO - Setting next_dagrun for tutorial to 2025-05-15 00:00:00+00:00, run_after=2025-05-16 00:00:00+00:00
[2025-05-16T05:58:27.203+0000] {processor.py:208} INFO - Processing /home/airflow/.local/lib/python3.12/site-packages/airflow/example_dags/tutorial.py took 0.580 seconds
[2025-05-16T05:59:04.335+0000] {processor.py:186} INFO - Started process (PID=2678) to work on /home/airflow/.local/lib/python3.12/site-packages/airflow/example_dags/tutorial.py
[2025-05-16T05:59:04.358+0000] {processor.py:914} INFO - Processing file /home/airflow/.local/lib/python3.12/site-packages/airflow/example_dags/tutorial.py for tasks to queue
[2025-05-16T05:59:04.381+0000] {logging_mixin.py:190} INFO - [2025-05-16T05:59:04.380+0000] {dagbag.py:588} INFO - Filling up the DagBag from /home/airflow/.local/lib/python3.12/site-packages/airflow/example_dags/tutorial.py
[2025-05-16T05:59:04.425+0000] {processor.py:925} INFO - DAG(s) 'tutorial' retrieved from /home/airflow/.local/lib/python3.12/site-packages/airflow/example_dags/tutorial.py
[2025-05-16T05:59:04.492+0000] {logging_mixin.py:190} INFO - [2025-05-16T05:59:04.491+0000] {dag.py:3239} INFO - Sync 1 DAGs
[2025-05-16T05:59:04.566+0000] {logging_mixin.py:190} INFO - [2025-05-16T05:59:04.566+0000] {dag.py:4180} INFO - Setting next_dagrun for tutorial to 2025-05-15 00:00:00+00:00, run_after=2025-05-16 00:00:00+00:00
[2025-05-16T05:59:04.630+0000] {processor.py:208} INFO - Processing /home/airflow/.local/lib/python3.12/site-packages/airflow/example_dags/tutorial.py took 0.313 seconds
[2025-05-16T05:59:45.063+0000] {processor.py:186} INFO - Started process (PID=2748) to work on /home/airflow/.local/lib/python3.12/site-packages/airflow/example_dags/tutorial.py
[2025-05-16T05:59:45.067+0000] {processor.py:914} INFO - Processing file /home/airflow/.local/lib/python3.12/site-packages/airflow/example_dags/tutorial.py for tasks to queue
[2025-05-16T05:59:45.074+0000] {logging_mixin.py:190} INFO - [2025-05-16T05:59:45.073+0000] {dagbag.py:588} INFO - Filling up the DagBag from /home/airflow/.local/lib/python3.12/site-packages/airflow/example_dags/tutorial.py
[2025-05-16T05:59:45.096+0000] {processor.py:925} INFO - DAG(s) 'tutorial' retrieved from /home/airflow/.local/lib/python3.12/site-packages/airflow/example_dags/tutorial.py
[2025-05-16T05:59:45.154+0000] {logging_mixin.py:190} INFO - [2025-05-16T05:59:45.154+0000] {dag.py:3239} INFO - Sync 1 DAGs
[2025-05-16T05:59:45.229+0000] {logging_mixin.py:190} INFO - [2025-05-16T05:59:45.228+0000] {dag.py:4180} INFO - Setting next_dagrun for tutorial to 2025-05-15 00:00:00+00:00, run_after=2025-05-16 00:00:00+00:00
[2025-05-16T05:59:45.286+0000] {processor.py:208} INFO - Processing /home/airflow/.local/lib/python3.12/site-packages/airflow/example_dags/tutorial.py took 0.240 seconds
[2025-05-16T06:00:16.247+0000] {processor.py:186} INFO - Started process (PID=2814) to work on /home/airflow/.local/lib/python3.12/site-packages/airflow/example_dags/tutorial.py
[2025-05-16T06:00:16.252+0000] {processor.py:914} INFO - Processing file /home/airflow/.local/lib/python3.12/site-packages/airflow/example_dags/tutorial.py for tasks to queue
[2025-05-16T06:00:16.260+0000] {logging_mixin.py:190} INFO - [2025-05-16T06:00:16.259+0000] {dagbag.py:588} INFO - Filling up the DagBag from /home/airflow/.local/lib/python3.12/site-packages/airflow/example_dags/tutorial.py
[2025-05-16T06:00:16.282+0000] {processor.py:925} INFO - DAG(s) 'tutorial' retrieved from /home/airflow/.local/lib/python3.12/site-packages/airflow/example_dags/tutorial.py
[2025-05-16T06:00:16.342+0000] {logging_mixin.py:190} INFO - [2025-05-16T06:00:16.341+0000] {dag.py:3239} INFO - Sync 1 DAGs
[2025-05-16T06:00:16.410+0000] {logging_mixin.py:190} INFO - [2025-05-16T06:00:16.409+0000] {dag.py:4180} INFO - Setting next_dagrun for tutorial to 2025-05-15 00:00:00+00:00, run_after=2025-05-16 00:00:00+00:00
[2025-05-16T06:00:16.458+0000] {processor.py:208} INFO - Processing /home/airflow/.local/lib/python3.12/site-packages/airflow/example_dags/tutorial.py took 0.227 seconds
[2025-05-16T06:00:54.871+0000] {processor.py:186} INFO - Started process (PID=2878) to work on /home/airflow/.local/lib/python3.12/site-packages/airflow/example_dags/tutorial.py
[2025-05-16T06:00:54.968+0000] {processor.py:914} INFO - Processing file /home/airflow/.local/lib/python3.12/site-packages/airflow/example_dags/tutorial.py for tasks to queue
[2025-05-16T06:00:55.051+0000] {logging_mixin.py:190} INFO - [2025-05-16T06:00:55.050+0000] {dagbag.py:588} INFO - Filling up the DagBag from /home/airflow/.local/lib/python3.12/site-packages/airflow/example_dags/tutorial.py
[2025-05-16T06:00:55.107+0000] {processor.py:925} INFO - DAG(s) 'tutorial' retrieved from /home/airflow/.local/lib/python3.12/site-packages/airflow/example_dags/tutorial.py
[2025-05-16T06:00:55.225+0000] {logging_mixin.py:190} INFO - [2025-05-16T06:00:55.224+0000] {dag.py:3239} INFO - Sync 1 DAGs
[2025-05-16T06:00:55.423+0000] {logging_mixin.py:190} INFO - [2025-05-16T06:00:55.422+0000] {dag.py:4180} INFO - Setting next_dagrun for tutorial to 2025-05-15 00:00:00+00:00, run_after=2025-05-16 00:00:00+00:00
[2025-05-16T06:00:55.621+0000] {processor.py:208} INFO - Processing /home/airflow/.local/lib/python3.12/site-packages/airflow/example_dags/tutorial.py took 0.771 seconds
[2025-05-16T06:01:32.084+0000] {processor.py:186} INFO - Started process (PID=2945) to work on /home/airflow/.local/lib/python3.12/site-packages/airflow/example_dags/tutorial.py
[2025-05-16T06:01:32.088+0000] {processor.py:914} INFO - Processing file /home/airflow/.local/lib/python3.12/site-packages/airflow/example_dags/tutorial.py for tasks to queue
[2025-05-16T06:01:32.096+0000] {logging_mixin.py:190} INFO - [2025-05-16T06:01:32.095+0000] {dagbag.py:588} INFO - Filling up the DagBag from /home/airflow/.local/lib/python3.12/site-packages/airflow/example_dags/tutorial.py
[2025-05-16T06:01:32.119+0000] {processor.py:925} INFO - DAG(s) 'tutorial' retrieved from /home/airflow/.local/lib/python3.12/site-packages/airflow/example_dags/tutorial.py
[2025-05-16T06:01:32.176+0000] {logging_mixin.py:190} INFO - [2025-05-16T06:01:32.175+0000] {dag.py:3239} INFO - Sync 1 DAGs
[2025-05-16T06:01:32.244+0000] {logging_mixin.py:190} INFO - [2025-05-16T06:01:32.243+0000] {dag.py:4180} INFO - Setting next_dagrun for tutorial to 2025-05-15 00:00:00+00:00, run_after=2025-05-16 00:00:00+00:00
[2025-05-16T06:01:32.302+0000] {processor.py:208} INFO - Processing /home/airflow/.local/lib/python3.12/site-packages/airflow/example_dags/tutorial.py took 0.234 seconds
[2025-05-16T06:02:05.175+0000] {processor.py:186} INFO - Started process (PID=3011) to work on /home/airflow/.local/lib/python3.12/site-packages/airflow/example_dags/tutorial.py
[2025-05-16T06:02:05.178+0000] {processor.py:914} INFO - Processing file /home/airflow/.local/lib/python3.12/site-packages/airflow/example_dags/tutorial.py for tasks to queue
[2025-05-16T06:02:05.189+0000] {logging_mixin.py:190} INFO - [2025-05-16T06:02:05.187+0000] {dagbag.py:588} INFO - Filling up the DagBag from /home/airflow/.local/lib/python3.12/site-packages/airflow/example_dags/tutorial.py
[2025-05-16T06:02:05.224+0000] {processor.py:925} INFO - DAG(s) 'tutorial' retrieved from /home/airflow/.local/lib/python3.12/site-packages/airflow/example_dags/tutorial.py
[2025-05-16T06:02:05.351+0000] {logging_mixin.py:190} INFO - [2025-05-16T06:02:05.348+0000] {dag.py:3239} INFO - Sync 1 DAGs
[2025-05-16T06:02:05.500+0000] {logging_mixin.py:190} INFO - [2025-05-16T06:02:05.499+0000] {dag.py:4180} INFO - Setting next_dagrun for tutorial to 2025-05-15 00:00:00+00:00, run_after=2025-05-16 00:00:00+00:00
[2025-05-16T06:02:05.633+0000] {processor.py:208} INFO - Processing /home/airflow/.local/lib/python3.12/site-packages/airflow/example_dags/tutorial.py took 0.474 seconds
[2025-05-16T06:02:50.408+0000] {processor.py:186} INFO - Started process (PID=3067) to work on /home/airflow/.local/lib/python3.12/site-packages/airflow/example_dags/tutorial.py
[2025-05-16T06:02:50.437+0000] {processor.py:914} INFO - Processing file /home/airflow/.local/lib/python3.12/site-packages/airflow/example_dags/tutorial.py for tasks to queue
[2025-05-16T06:02:50.472+0000] {logging_mixin.py:190} INFO - [2025-05-16T06:02:50.470+0000] {dagbag.py:588} INFO - Filling up the DagBag from /home/airflow/.local/lib/python3.12/site-packages/airflow/example_dags/tutorial.py
[2025-05-16T06:02:50.517+0000] {processor.py:925} INFO - DAG(s) 'tutorial' retrieved from /home/airflow/.local/lib/python3.12/site-packages/airflow/example_dags/tutorial.py
[2025-05-16T06:02:50.645+0000] {logging_mixin.py:190} INFO - [2025-05-16T06:02:50.644+0000] {dag.py:3239} INFO - Sync 1 DAGs
[2025-05-16T06:02:50.795+0000] {logging_mixin.py:190} INFO - [2025-05-16T06:02:50.795+0000] {dag.py:4180} INFO - Setting next_dagrun for tutorial to 2025-05-15 00:00:00+00:00, run_after=2025-05-16 00:00:00+00:00
[2025-05-16T06:02:50.948+0000] {processor.py:208} INFO - Processing /home/airflow/.local/lib/python3.12/site-packages/airflow/example_dags/tutorial.py took 0.585 seconds
[2025-05-16T06:03:37.242+0000] {processor.py:186} INFO - Started process (PID=3131) to work on /home/airflow/.local/lib/python3.12/site-packages/airflow/example_dags/tutorial.py
[2025-05-16T06:03:37.249+0000] {processor.py:914} INFO - Processing file /home/airflow/.local/lib/python3.12/site-packages/airflow/example_dags/tutorial.py for tasks to queue
[2025-05-16T06:03:37.258+0000] {logging_mixin.py:190} INFO - [2025-05-16T06:03:37.256+0000] {dagbag.py:588} INFO - Filling up the DagBag from /home/airflow/.local/lib/python3.12/site-packages/airflow/example_dags/tutorial.py
[2025-05-16T06:03:37.295+0000] {processor.py:925} INFO - DAG(s) 'tutorial' retrieved from /home/airflow/.local/lib/python3.12/site-packages/airflow/example_dags/tutorial.py
[2025-05-16T06:03:37.431+0000] {logging_mixin.py:190} INFO - [2025-05-16T06:03:37.428+0000] {dag.py:3239} INFO - Sync 1 DAGs
[2025-05-16T06:03:37.532+0000] {logging_mixin.py:190} INFO - [2025-05-16T06:03:37.532+0000] {dag.py:4180} INFO - Setting next_dagrun for tutorial to 2025-05-15 00:00:00+00:00, run_after=2025-05-16 00:00:00+00:00
[2025-05-16T06:03:37.645+0000] {processor.py:208} INFO - Processing /home/airflow/.local/lib/python3.12/site-packages/airflow/example_dags/tutorial.py took 0.423 seconds
