[2025-05-16T04:27:53.984+0000] {processor.py:186} INFO - Started process (PID=98) to work on /opt/airflow/dags/rocket_launch.py
[2025-05-16T04:27:53.995+0000] {processor.py:914} INFO - Processing file /opt/airflow/dags/rocket_launch.py for tasks to queue
[2025-05-16T04:27:54.060+0000] {logging_mixin.py:190} INFO - [2025-05-16T04:27:54.058+0000] {dagbag.py:588} INFO - Filling up the DagBag from /opt/airflow/dags/rocket_launch.py
[2025-05-16T04:27:54.596+0000] {processor.py:925} INFO - DAG(s) 'rocket_image_collector_modular' retrieved from /opt/airflow/dags/rocket_launch.py
[2025-05-16T04:27:56.442+0000] {logging_mixin.py:190} INFO - [2025-05-16T04:27:56.441+0000] {dag.py:3239} INFO - Sync 1 DAGs
[2025-05-16T04:27:56.679+0000] {logging_mixin.py:190} INFO - [2025-05-16T04:27:56.678+0000] {dag.py:4180} INFO - Setting next_dagrun for rocket_image_collector_modular to 2025-05-16 04:20:00+00:00, run_after=2025-05-16 04:25:00+00:00
[2025-05-16T04:27:56.991+0000] {processor.py:208} INFO - Processing /opt/airflow/dags/rocket_launch.py took 3.049 seconds
[2025-05-16T04:29:11.896+0000] {processor.py:186} INFO - Started process (PID=171) to work on /opt/airflow/dags/rocket_launch.py
[2025-05-16T04:29:11.905+0000] {processor.py:914} INFO - Processing file /opt/airflow/dags/rocket_launch.py for tasks to queue
[2025-05-16T04:29:11.925+0000] {logging_mixin.py:190} INFO - [2025-05-16T04:29:11.923+0000] {dagbag.py:588} INFO - Filling up the DagBag from /opt/airflow/dags/rocket_launch.py
[2025-05-16T04:29:12.203+0000] {processor.py:925} INFO - DAG(s) 'rocket_image_collector_modular' retrieved from /opt/airflow/dags/rocket_launch.py
[2025-05-16T04:29:12.365+0000] {logging_mixin.py:190} INFO - [2025-05-16T04:29:12.363+0000] {dag.py:3239} INFO - Sync 1 DAGs
[2025-05-16T04:29:12.543+0000] {logging_mixin.py:190} INFO - [2025-05-16T04:29:12.542+0000] {dag.py:4180} INFO - Setting next_dagrun for rocket_image_collector_modular to 2025-05-16 04:20:00+00:00, run_after=2025-05-16 04:25:00+00:00
[2025-05-16T04:29:12.709+0000] {processor.py:208} INFO - Processing /opt/airflow/dags/rocket_launch.py took 0.846 seconds
[2025-05-16T04:29:45.033+0000] {processor.py:186} INFO - Started process (PID=215) to work on /opt/airflow/dags/rocket_launch.py
[2025-05-16T04:29:45.041+0000] {processor.py:914} INFO - Processing file /opt/airflow/dags/rocket_launch.py for tasks to queue
[2025-05-16T04:29:45.056+0000] {logging_mixin.py:190} INFO - [2025-05-16T04:29:45.052+0000] {dagbag.py:588} INFO - Filling up the DagBag from /opt/airflow/dags/rocket_launch.py
[2025-05-16T04:29:45.274+0000] {processor.py:925} INFO - DAG(s) 'rocket_image_collector_modular' retrieved from /opt/airflow/dags/rocket_launch.py
[2025-05-16T04:29:45.381+0000] {logging_mixin.py:190} INFO - [2025-05-16T04:29:45.378+0000] {dag.py:3239} INFO - Sync 1 DAGs
[2025-05-16T04:29:45.509+0000] {logging_mixin.py:190} INFO - [2025-05-16T04:29:45.508+0000] {dag.py:4180} INFO - Setting next_dagrun for rocket_image_collector_modular to 2025-05-16 04:20:00+00:00, run_after=2025-05-16 04:25:00+00:00
[2025-05-16T04:29:45.581+0000] {processor.py:208} INFO - Processing /opt/airflow/dags/rocket_launch.py took 0.572 seconds
[2025-05-16T04:30:18.854+0000] {processor.py:186} INFO - Started process (PID=264) to work on /opt/airflow/dags/rocket_launch.py
[2025-05-16T04:30:18.862+0000] {processor.py:914} INFO - Processing file /opt/airflow/dags/rocket_launch.py for tasks to queue
[2025-05-16T04:30:18.877+0000] {logging_mixin.py:190} INFO - [2025-05-16T04:30:18.876+0000] {dagbag.py:588} INFO - Filling up the DagBag from /opt/airflow/dags/rocket_launch.py
[2025-05-16T04:30:19.100+0000] {processor.py:925} INFO - DAG(s) 'rocket_image_collector_modular' retrieved from /opt/airflow/dags/rocket_launch.py
[2025-05-16T04:30:19.213+0000] {logging_mixin.py:190} INFO - [2025-05-16T04:30:19.212+0000] {dag.py:3239} INFO - Sync 1 DAGs
[2025-05-16T04:30:19.371+0000] {logging_mixin.py:190} INFO - [2025-05-16T04:30:19.371+0000] {dag.py:4180} INFO - Setting next_dagrun for rocket_image_collector_modular to 2025-05-16 04:25:00+00:00, run_after=2025-05-16 04:30:00+00:00
[2025-05-16T04:30:19.618+0000] {processor.py:208} INFO - Processing /opt/airflow/dags/rocket_launch.py took 0.781 seconds
[2025-05-16T04:31:02.505+0000] {processor.py:186} INFO - Started process (PID=336) to work on /opt/airflow/dags/rocket_launch.py
[2025-05-16T04:31:02.512+0000] {processor.py:914} INFO - Processing file /opt/airflow/dags/rocket_launch.py for tasks to queue
[2025-05-16T04:31:02.523+0000] {logging_mixin.py:190} INFO - [2025-05-16T04:31:02.522+0000] {dagbag.py:588} INFO - Filling up the DagBag from /opt/airflow/dags/rocket_launch.py
[2025-05-16T04:31:02.739+0000] {processor.py:925} INFO - DAG(s) 'rocket_image_collector_modular' retrieved from /opt/airflow/dags/rocket_launch.py
[2025-05-16T04:31:02.866+0000] {logging_mixin.py:190} INFO - [2025-05-16T04:31:02.865+0000] {dag.py:3239} INFO - Sync 1 DAGs
[2025-05-16T04:31:03.000+0000] {logging_mixin.py:190} INFO - [2025-05-16T04:31:03.000+0000] {dag.py:4180} INFO - Setting next_dagrun for rocket_image_collector_modular to 2025-05-16 04:25:00+00:00, run_after=2025-05-16 04:30:00+00:00
[2025-05-16T04:31:03.129+0000] {processor.py:208} INFO - Processing /opt/airflow/dags/rocket_launch.py took 0.641 seconds
[2025-05-16T04:31:46.875+0000] {processor.py:186} INFO - Started process (PID=387) to work on /opt/airflow/dags/rocket_launch.py
[2025-05-16T04:31:46.932+0000] {processor.py:914} INFO - Processing file /opt/airflow/dags/rocket_launch.py for tasks to queue
[2025-05-16T04:31:46.988+0000] {logging_mixin.py:190} INFO - [2025-05-16T04:31:46.987+0000] {dagbag.py:588} INFO - Filling up the DagBag from /opt/airflow/dags/rocket_launch.py
[2025-05-16T04:31:47.882+0000] {processor.py:925} INFO - DAG(s) 'rocket_image_collector_modular' retrieved from /opt/airflow/dags/rocket_launch.py
[2025-05-16T04:31:48.138+0000] {logging_mixin.py:190} INFO - [2025-05-16T04:31:48.128+0000] {dag.py:3239} INFO - Sync 1 DAGs
[2025-05-16T04:31:48.359+0000] {logging_mixin.py:190} INFO - [2025-05-16T04:31:48.358+0000] {dag.py:4180} INFO - Setting next_dagrun for rocket_image_collector_modular to 2025-05-16 04:25:00+00:00, run_after=2025-05-16 04:30:00+00:00
[2025-05-16T04:31:48.510+0000] {processor.py:208} INFO - Processing /opt/airflow/dags/rocket_launch.py took 1.718 seconds
[2025-05-16T04:32:57.659+0000] {processor.py:186} INFO - Started process (PID=460) to work on /opt/airflow/dags/rocket_launch.py
[2025-05-16T04:32:57.685+0000] {processor.py:914} INFO - Processing file /opt/airflow/dags/rocket_launch.py for tasks to queue
[2025-05-16T04:32:57.726+0000] {logging_mixin.py:190} INFO - [2025-05-16T04:32:57.716+0000] {dagbag.py:588} INFO - Filling up the DagBag from /opt/airflow/dags/rocket_launch.py
[2025-05-16T04:32:58.574+0000] {processor.py:925} INFO - DAG(s) 'rocket_image_collector_modular' retrieved from /opt/airflow/dags/rocket_launch.py
[2025-05-16T04:32:58.880+0000] {logging_mixin.py:190} INFO - [2025-05-16T04:32:58.878+0000] {dag.py:3239} INFO - Sync 1 DAGs
[2025-05-16T04:32:59.085+0000] {logging_mixin.py:190} INFO - [2025-05-16T04:32:59.084+0000] {dag.py:4180} INFO - Setting next_dagrun for rocket_image_collector_modular to 2025-05-16 04:25:00+00:00, run_after=2025-05-16 04:30:00+00:00
[2025-05-16T04:32:59.332+0000] {processor.py:208} INFO - Processing /opt/airflow/dags/rocket_launch.py took 1.756 seconds
[2025-05-16T04:33:36.391+0000] {processor.py:186} INFO - Started process (PID=509) to work on /opt/airflow/dags/rocket_launch.py
[2025-05-16T04:33:36.418+0000] {processor.py:914} INFO - Processing file /opt/airflow/dags/rocket_launch.py for tasks to queue
[2025-05-16T04:33:36.439+0000] {logging_mixin.py:190} INFO - [2025-05-16T04:33:36.438+0000] {dagbag.py:588} INFO - Filling up the DagBag from /opt/airflow/dags/rocket_launch.py
[2025-05-16T04:33:37.415+0000] {processor.py:925} INFO - DAG(s) 'rocket_image_collector_modular' retrieved from /opt/airflow/dags/rocket_launch.py
[2025-05-16T04:33:37.516+0000] {logging_mixin.py:190} INFO - [2025-05-16T04:33:37.515+0000] {dag.py:3239} INFO - Sync 1 DAGs
[2025-05-16T04:33:37.632+0000] {logging_mixin.py:190} INFO - [2025-05-16T04:33:37.632+0000] {dag.py:4180} INFO - Setting next_dagrun for rocket_image_collector_modular to 2025-05-16 04:25:00+00:00, run_after=2025-05-16 04:30:00+00:00
[2025-05-16T04:33:37.826+0000] {processor.py:208} INFO - Processing /opt/airflow/dags/rocket_launch.py took 1.452 seconds
[2025-05-16T04:34:14.954+0000] {processor.py:186} INFO - Started process (PID=543) to work on /opt/airflow/dags/rocket_launch.py
[2025-05-16T04:34:14.962+0000] {processor.py:914} INFO - Processing file /opt/airflow/dags/rocket_launch.py for tasks to queue
[2025-05-16T04:34:15.074+0000] {logging_mixin.py:190} INFO - [2025-05-16T04:34:15.073+0000] {dagbag.py:588} INFO - Filling up the DagBag from /opt/airflow/dags/rocket_launch.py
[2025-05-16T04:34:15.664+0000] {processor.py:925} INFO - DAG(s) 'rocket_image_collector_modular' retrieved from /opt/airflow/dags/rocket_launch.py
[2025-05-16T04:34:15.807+0000] {logging_mixin.py:190} INFO - [2025-05-16T04:34:15.806+0000] {dag.py:3239} INFO - Sync 1 DAGs
[2025-05-16T04:34:15.948+0000] {logging_mixin.py:190} INFO - [2025-05-16T04:34:15.948+0000] {dag.py:4180} INFO - Setting next_dagrun for rocket_image_collector_modular to 2025-05-16 04:25:00+00:00, run_after=2025-05-16 04:30:00+00:00
[2025-05-16T04:34:16.097+0000] {processor.py:208} INFO - Processing /opt/airflow/dags/rocket_launch.py took 1.190 seconds
[2025-05-16T04:34:52.167+0000] {processor.py:186} INFO - Started process (PID=590) to work on /opt/airflow/dags/rocket_launch.py
[2025-05-16T04:34:52.176+0000] {processor.py:914} INFO - Processing file /opt/airflow/dags/rocket_launch.py for tasks to queue
[2025-05-16T04:34:52.191+0000] {logging_mixin.py:190} INFO - [2025-05-16T04:34:52.190+0000] {dagbag.py:588} INFO - Filling up the DagBag from /opt/airflow/dags/rocket_launch.py
[2025-05-16T04:34:52.431+0000] {processor.py:925} INFO - DAG(s) 'rocket_image_collector_modular' retrieved from /opt/airflow/dags/rocket_launch.py
[2025-05-16T04:34:52.523+0000] {logging_mixin.py:190} INFO - [2025-05-16T04:34:52.522+0000] {dag.py:3239} INFO - Sync 1 DAGs
[2025-05-16T04:34:52.661+0000] {logging_mixin.py:190} INFO - [2025-05-16T04:34:52.660+0000] {dag.py:4180} INFO - Setting next_dagrun for rocket_image_collector_modular to 2025-05-16 04:25:00+00:00, run_after=2025-05-16 04:30:00+00:00
[2025-05-16T04:34:52.832+0000] {processor.py:208} INFO - Processing /opt/airflow/dags/rocket_launch.py took 0.699 seconds
[2025-05-16T04:35:26.136+0000] {processor.py:186} INFO - Started process (PID=655) to work on /opt/airflow/dags/rocket_launch.py
[2025-05-16T04:35:26.144+0000] {processor.py:914} INFO - Processing file /opt/airflow/dags/rocket_launch.py for tasks to queue
[2025-05-16T04:35:26.157+0000] {logging_mixin.py:190} INFO - [2025-05-16T04:35:26.156+0000] {dagbag.py:588} INFO - Filling up the DagBag from /opt/airflow/dags/rocket_launch.py
[2025-05-16T04:35:26.367+0000] {processor.py:925} INFO - DAG(s) 'rocket_image_collector_modular' retrieved from /opt/airflow/dags/rocket_launch.py
[2025-05-16T04:35:26.501+0000] {logging_mixin.py:190} INFO - [2025-05-16T04:35:26.500+0000] {dag.py:3239} INFO - Sync 1 DAGs
[2025-05-16T04:35:26.652+0000] {logging_mixin.py:190} INFO - [2025-05-16T04:35:26.651+0000] {dag.py:4180} INFO - Setting next_dagrun for rocket_image_collector_modular to 2025-05-16 04:30:00+00:00, run_after=2025-05-16 04:35:00+00:00
[2025-05-16T04:35:26.776+0000] {processor.py:208} INFO - Processing /opt/airflow/dags/rocket_launch.py took 0.677 seconds
[2025-05-16T04:36:02.779+0000] {processor.py:186} INFO - Started process (PID=711) to work on /opt/airflow/dags/rocket_launch.py
[2025-05-16T04:36:02.786+0000] {processor.py:914} INFO - Processing file /opt/airflow/dags/rocket_launch.py for tasks to queue
[2025-05-16T04:36:02.861+0000] {logging_mixin.py:190} INFO - [2025-05-16T04:36:02.848+0000] {dagbag.py:588} INFO - Filling up the DagBag from /opt/airflow/dags/rocket_launch.py
[2025-05-16T04:36:03.182+0000] {processor.py:925} INFO - DAG(s) 'rocket_image_collector_modular' retrieved from /opt/airflow/dags/rocket_launch.py
[2025-05-16T04:36:03.333+0000] {logging_mixin.py:190} INFO - [2025-05-16T04:36:03.331+0000] {dag.py:3239} INFO - Sync 1 DAGs
[2025-05-16T04:36:03.581+0000] {logging_mixin.py:190} INFO - [2025-05-16T04:36:03.580+0000] {dag.py:4180} INFO - Setting next_dagrun for rocket_image_collector_modular to 2025-05-16 04:30:00+00:00, run_after=2025-05-16 04:35:00+00:00
[2025-05-16T04:36:03.902+0000] {processor.py:208} INFO - Processing /opt/airflow/dags/rocket_launch.py took 1.145 seconds
[2025-05-16T04:36:35.726+0000] {processor.py:186} INFO - Started process (PID=776) to work on /opt/airflow/dags/rocket_launch.py
[2025-05-16T04:36:35.730+0000] {processor.py:914} INFO - Processing file /opt/airflow/dags/rocket_launch.py for tasks to queue
[2025-05-16T04:36:35.742+0000] {logging_mixin.py:190} INFO - [2025-05-16T04:36:35.740+0000] {dagbag.py:588} INFO - Filling up the DagBag from /opt/airflow/dags/rocket_launch.py
[2025-05-16T04:36:35.901+0000] {processor.py:925} INFO - DAG(s) 'rocket_image_collector_modular' retrieved from /opt/airflow/dags/rocket_launch.py
[2025-05-16T04:36:35.984+0000] {logging_mixin.py:190} INFO - [2025-05-16T04:36:35.983+0000] {dag.py:3239} INFO - Sync 1 DAGs
[2025-05-16T04:36:36.095+0000] {logging_mixin.py:190} INFO - [2025-05-16T04:36:36.094+0000] {dag.py:4180} INFO - Setting next_dagrun for rocket_image_collector_modular to 2025-05-16 04:30:00+00:00, run_after=2025-05-16 04:35:00+00:00
[2025-05-16T04:36:36.231+0000] {processor.py:208} INFO - Processing /opt/airflow/dags/rocket_launch.py took 0.535 seconds
[2025-05-16T04:37:17.813+0000] {processor.py:186} INFO - Started process (PID=823) to work on /opt/airflow/dags/rocket_launch.py
[2025-05-16T04:37:17.825+0000] {processor.py:914} INFO - Processing file /opt/airflow/dags/rocket_launch.py for tasks to queue
[2025-05-16T04:37:17.862+0000] {logging_mixin.py:190} INFO - [2025-05-16T04:37:17.860+0000] {dagbag.py:588} INFO - Filling up the DagBag from /opt/airflow/dags/rocket_launch.py
[2025-05-16T04:37:18.579+0000] {processor.py:925} INFO - DAG(s) 'rocket_image_collector_modular' retrieved from /opt/airflow/dags/rocket_launch.py
[2025-05-16T04:37:18.760+0000] {logging_mixin.py:190} INFO - [2025-05-16T04:37:18.759+0000] {dag.py:3239} INFO - Sync 1 DAGs
[2025-05-16T04:37:19.091+0000] {logging_mixin.py:190} INFO - [2025-05-16T04:37:19.090+0000] {dag.py:4180} INFO - Setting next_dagrun for rocket_image_collector_modular to 2025-05-16 04:30:00+00:00, run_after=2025-05-16 04:35:00+00:00
[2025-05-16T04:37:19.960+0000] {processor.py:208} INFO - Processing /opt/airflow/dags/rocket_launch.py took 2.185 seconds
[2025-05-16T04:37:54.740+0000] {processor.py:186} INFO - Started process (PID=856) to work on /opt/airflow/dags/rocket_launch.py
[2025-05-16T04:37:54.746+0000] {processor.py:914} INFO - Processing file /opt/airflow/dags/rocket_launch.py for tasks to queue
[2025-05-16T04:37:54.766+0000] {logging_mixin.py:190} INFO - [2025-05-16T04:37:54.761+0000] {dagbag.py:588} INFO - Filling up the DagBag from /opt/airflow/dags/rocket_launch.py
[2025-05-16T04:37:55.066+0000] {processor.py:925} INFO - DAG(s) 'rocket_image_collector_modular' retrieved from /opt/airflow/dags/rocket_launch.py
[2025-05-16T04:37:55.226+0000] {logging_mixin.py:190} INFO - [2025-05-16T04:37:55.225+0000] {dag.py:3239} INFO - Sync 1 DAGs
[2025-05-16T04:37:55.360+0000] {logging_mixin.py:190} INFO - [2025-05-16T04:37:55.359+0000] {dag.py:4180} INFO - Setting next_dagrun for rocket_image_collector_modular to 2025-05-16 04:30:00+00:00, run_after=2025-05-16 04:35:00+00:00
[2025-05-16T04:37:55.483+0000] {processor.py:208} INFO - Processing /opt/airflow/dags/rocket_launch.py took 0.769 seconds
[2025-05-16T05:36:39.240+0000] {processor.py:186} INFO - Started process (PID=105) to work on /opt/airflow/dags/rocket_launch.py
[2025-05-16T05:36:39.246+0000] {processor.py:914} INFO - Processing file /opt/airflow/dags/rocket_launch.py for tasks to queue
[2025-05-16T05:36:39.271+0000] {logging_mixin.py:190} INFO - [2025-05-16T05:36:39.269+0000] {dagbag.py:588} INFO - Filling up the DagBag from /opt/airflow/dags/rocket_launch.py
[2025-05-16T05:36:39.360+0000] {processor.py:925} INFO - DAG(s) 'rocket_image_collector_modular' retrieved from /opt/airflow/dags/rocket_launch.py
[2025-05-16T05:36:39.521+0000] {logging_mixin.py:190} INFO - [2025-05-16T05:36:39.521+0000] {dag.py:3239} INFO - Sync 1 DAGs
[2025-05-16T05:36:39.666+0000] {logging_mixin.py:190} INFO - [2025-05-16T05:36:39.665+0000] {dag.py:4180} INFO - Setting next_dagrun for rocket_image_collector_modular to 2025-05-16 05:30:00+00:00, run_after=2025-05-16 05:35:00+00:00
[2025-05-16T05:36:39.956+0000] {processor.py:208} INFO - Processing /opt/airflow/dags/rocket_launch.py took 0.740 seconds
[2025-05-16T05:37:10.942+0000] {processor.py:186} INFO - Started process (PID=171) to work on /opt/airflow/dags/rocket_launch.py
[2025-05-16T05:37:10.945+0000] {processor.py:914} INFO - Processing file /opt/airflow/dags/rocket_launch.py for tasks to queue
[2025-05-16T05:37:10.954+0000] {logging_mixin.py:190} INFO - [2025-05-16T05:37:10.953+0000] {dagbag.py:588} INFO - Filling up the DagBag from /opt/airflow/dags/rocket_launch.py
[2025-05-16T05:37:11.021+0000] {processor.py:925} INFO - DAG(s) 'rocket_image_collector_modular' retrieved from /opt/airflow/dags/rocket_launch.py
[2025-05-16T05:37:11.087+0000] {logging_mixin.py:190} INFO - [2025-05-16T05:37:11.087+0000] {dag.py:3239} INFO - Sync 1 DAGs
[2025-05-16T05:37:11.157+0000] {logging_mixin.py:190} INFO - [2025-05-16T05:37:11.156+0000] {dag.py:4180} INFO - Setting next_dagrun for rocket_image_collector_modular to 2025-05-16 05:30:00+00:00, run_after=2025-05-16 05:35:00+00:00
[2025-05-16T05:37:11.225+0000] {processor.py:208} INFO - Processing /opt/airflow/dags/rocket_launch.py took 0.303 seconds
[2025-05-16T05:37:41.659+0000] {processor.py:186} INFO - Started process (PID=237) to work on /opt/airflow/dags/rocket_launch.py
[2025-05-16T05:37:41.663+0000] {processor.py:914} INFO - Processing file /opt/airflow/dags/rocket_launch.py for tasks to queue
[2025-05-16T05:37:41.672+0000] {logging_mixin.py:190} INFO - [2025-05-16T05:37:41.671+0000] {dagbag.py:588} INFO - Filling up the DagBag from /opt/airflow/dags/rocket_launch.py
[2025-05-16T05:37:41.814+0000] {processor.py:925} INFO - DAG(s) 'rocket_image_collector_modular' retrieved from /opt/airflow/dags/rocket_launch.py
[2025-05-16T05:37:41.864+0000] {logging_mixin.py:190} INFO - [2025-05-16T05:37:41.864+0000] {dag.py:3239} INFO - Sync 1 DAGs
[2025-05-16T05:37:41.919+0000] {logging_mixin.py:190} INFO - [2025-05-16T05:37:41.919+0000] {dag.py:4180} INFO - Setting next_dagrun for rocket_image_collector_modular to 2025-05-16 05:30:00+00:00, run_after=2025-05-16 05:35:00+00:00
[2025-05-16T05:37:41.963+0000] {processor.py:208} INFO - Processing /opt/airflow/dags/rocket_launch.py took 0.318 seconds
[2025-05-16T05:38:12.149+0000] {processor.py:186} INFO - Started process (PID=303) to work on /opt/airflow/dags/rocket_launch.py
[2025-05-16T05:38:12.151+0000] {processor.py:914} INFO - Processing file /opt/airflow/dags/rocket_launch.py for tasks to queue
[2025-05-16T05:38:12.157+0000] {logging_mixin.py:190} INFO - [2025-05-16T05:38:12.156+0000] {dagbag.py:588} INFO - Filling up the DagBag from /opt/airflow/dags/rocket_launch.py
[2025-05-16T05:38:12.229+0000] {processor.py:925} INFO - DAG(s) 'rocket_image_collector_modular' retrieved from /opt/airflow/dags/rocket_launch.py
[2025-05-16T05:38:12.290+0000] {logging_mixin.py:190} INFO - [2025-05-16T05:38:12.289+0000] {dag.py:3239} INFO - Sync 1 DAGs
[2025-05-16T05:38:12.344+0000] {logging_mixin.py:190} INFO - [2025-05-16T05:38:12.343+0000] {dag.py:4180} INFO - Setting next_dagrun for rocket_image_collector_modular to 2025-05-16 05:30:00+00:00, run_after=2025-05-16 05:35:00+00:00
[2025-05-16T05:38:12.390+0000] {processor.py:208} INFO - Processing /opt/airflow/dags/rocket_launch.py took 0.254 seconds
[2025-05-16T05:38:43.017+0000] {processor.py:186} INFO - Started process (PID=369) to work on /opt/airflow/dags/rocket_launch.py
[2025-05-16T05:38:43.019+0000] {processor.py:914} INFO - Processing file /opt/airflow/dags/rocket_launch.py for tasks to queue
[2025-05-16T05:38:43.022+0000] {logging_mixin.py:190} INFO - [2025-05-16T05:38:43.022+0000] {dagbag.py:588} INFO - Filling up the DagBag from /opt/airflow/dags/rocket_launch.py
[2025-05-16T05:38:43.062+0000] {processor.py:925} INFO - DAG(s) 'rocket_image_collector_modular' retrieved from /opt/airflow/dags/rocket_launch.py
[2025-05-16T05:38:43.094+0000] {logging_mixin.py:190} INFO - [2025-05-16T05:38:43.094+0000] {dag.py:3239} INFO - Sync 1 DAGs
[2025-05-16T05:38:43.130+0000] {logging_mixin.py:190} INFO - [2025-05-16T05:38:43.130+0000] {dag.py:4180} INFO - Setting next_dagrun for rocket_image_collector_modular to 2025-05-16 05:30:00+00:00, run_after=2025-05-16 05:35:00+00:00
[2025-05-16T05:38:43.161+0000] {processor.py:208} INFO - Processing /opt/airflow/dags/rocket_launch.py took 0.151 seconds
[2025-05-16T05:39:13.643+0000] {processor.py:186} INFO - Started process (PID=435) to work on /opt/airflow/dags/rocket_launch.py
[2025-05-16T05:39:13.645+0000] {processor.py:914} INFO - Processing file /opt/airflow/dags/rocket_launch.py for tasks to queue
[2025-05-16T05:39:13.649+0000] {logging_mixin.py:190} INFO - [2025-05-16T05:39:13.649+0000] {dagbag.py:588} INFO - Filling up the DagBag from /opt/airflow/dags/rocket_launch.py
[2025-05-16T05:39:13.684+0000] {processor.py:925} INFO - DAG(s) 'rocket_image_collector_modular' retrieved from /opt/airflow/dags/rocket_launch.py
[2025-05-16T05:39:13.711+0000] {logging_mixin.py:190} INFO - [2025-05-16T05:39:13.710+0000] {dag.py:3239} INFO - Sync 1 DAGs
[2025-05-16T05:39:13.750+0000] {logging_mixin.py:190} INFO - [2025-05-16T05:39:13.750+0000] {dag.py:4180} INFO - Setting next_dagrun for rocket_image_collector_modular to 2025-05-16 05:30:00+00:00, run_after=2025-05-16 05:35:00+00:00
[2025-05-16T05:39:13.784+0000] {processor.py:208} INFO - Processing /opt/airflow/dags/rocket_launch.py took 0.151 seconds
[2025-05-16T05:39:44.611+0000] {processor.py:186} INFO - Started process (PID=501) to work on /opt/airflow/dags/rocket_launch.py
[2025-05-16T05:39:44.612+0000] {processor.py:914} INFO - Processing file /opt/airflow/dags/rocket_launch.py for tasks to queue
[2025-05-16T05:39:44.614+0000] {logging_mixin.py:190} INFO - [2025-05-16T05:39:44.614+0000] {dagbag.py:588} INFO - Filling up the DagBag from /opt/airflow/dags/rocket_launch.py
[2025-05-16T05:39:44.635+0000] {processor.py:925} INFO - DAG(s) 'rocket_image_collector_modular' retrieved from /opt/airflow/dags/rocket_launch.py
[2025-05-16T05:39:44.656+0000] {logging_mixin.py:190} INFO - [2025-05-16T05:39:44.656+0000] {dag.py:3239} INFO - Sync 1 DAGs
[2025-05-16T05:39:44.685+0000] {logging_mixin.py:190} INFO - [2025-05-16T05:39:44.685+0000] {dag.py:4180} INFO - Setting next_dagrun for rocket_image_collector_modular to 2025-05-16 05:30:00+00:00, run_after=2025-05-16 05:35:00+00:00
[2025-05-16T05:39:44.718+0000] {processor.py:208} INFO - Processing /opt/airflow/dags/rocket_launch.py took 0.113 seconds
[2025-05-16T05:40:15.324+0000] {processor.py:186} INFO - Started process (PID=567) to work on /opt/airflow/dags/rocket_launch.py
[2025-05-16T05:40:15.325+0000] {processor.py:914} INFO - Processing file /opt/airflow/dags/rocket_launch.py for tasks to queue
[2025-05-16T05:40:15.329+0000] {logging_mixin.py:190} INFO - [2025-05-16T05:40:15.328+0000] {dagbag.py:588} INFO - Filling up the DagBag from /opt/airflow/dags/rocket_launch.py
[2025-05-16T05:40:15.372+0000] {processor.py:925} INFO - DAG(s) 'rocket_image_collector_modular' retrieved from /opt/airflow/dags/rocket_launch.py
[2025-05-16T05:40:15.396+0000] {logging_mixin.py:190} INFO - [2025-05-16T05:40:15.395+0000] {dag.py:3239} INFO - Sync 1 DAGs
[2025-05-16T05:40:15.424+0000] {logging_mixin.py:190} INFO - [2025-05-16T05:40:15.424+0000] {dag.py:4180} INFO - Setting next_dagrun for rocket_image_collector_modular to 2025-05-16 05:35:00+00:00, run_after=2025-05-16 05:40:00+00:00
[2025-05-16T05:40:15.451+0000] {processor.py:208} INFO - Processing /opt/airflow/dags/rocket_launch.py took 0.136 seconds
[2025-05-16T05:40:45.867+0000] {processor.py:186} INFO - Started process (PID=633) to work on /opt/airflow/dags/rocket_launch.py
[2025-05-16T05:40:45.869+0000] {processor.py:914} INFO - Processing file /opt/airflow/dags/rocket_launch.py for tasks to queue
[2025-05-16T05:40:45.873+0000] {logging_mixin.py:190} INFO - [2025-05-16T05:40:45.873+0000] {dagbag.py:588} INFO - Filling up the DagBag from /opt/airflow/dags/rocket_launch.py
[2025-05-16T05:40:45.921+0000] {processor.py:925} INFO - DAG(s) 'rocket_image_collector_modular' retrieved from /opt/airflow/dags/rocket_launch.py
[2025-05-16T05:40:45.944+0000] {logging_mixin.py:190} INFO - [2025-05-16T05:40:45.944+0000] {dag.py:3239} INFO - Sync 1 DAGs
[2025-05-16T05:40:45.970+0000] {logging_mixin.py:190} INFO - [2025-05-16T05:40:45.969+0000] {dag.py:4180} INFO - Setting next_dagrun for rocket_image_collector_modular to 2025-05-16 05:35:00+00:00, run_after=2025-05-16 05:40:00+00:00
[2025-05-16T05:40:46.002+0000] {processor.py:208} INFO - Processing /opt/airflow/dags/rocket_launch.py took 0.144 seconds
[2025-05-16T05:41:16.135+0000] {processor.py:186} INFO - Started process (PID=699) to work on /opt/airflow/dags/rocket_launch.py
[2025-05-16T05:41:16.136+0000] {processor.py:914} INFO - Processing file /opt/airflow/dags/rocket_launch.py for tasks to queue
[2025-05-16T05:41:16.139+0000] {logging_mixin.py:190} INFO - [2025-05-16T05:41:16.139+0000] {dagbag.py:588} INFO - Filling up the DagBag from /opt/airflow/dags/rocket_launch.py
[2025-05-16T05:41:16.178+0000] {processor.py:925} INFO - DAG(s) 'rocket_image_collector_modular' retrieved from /opt/airflow/dags/rocket_launch.py
[2025-05-16T05:41:16.200+0000] {logging_mixin.py:190} INFO - [2025-05-16T05:41:16.200+0000] {dag.py:3239} INFO - Sync 1 DAGs
[2025-05-16T05:41:16.229+0000] {logging_mixin.py:190} INFO - [2025-05-16T05:41:16.228+0000] {dag.py:4180} INFO - Setting next_dagrun for rocket_image_collector_modular to 2025-05-16 05:35:00+00:00, run_after=2025-05-16 05:40:00+00:00
[2025-05-16T05:41:16.258+0000] {processor.py:208} INFO - Processing /opt/airflow/dags/rocket_launch.py took 0.129 seconds
[2025-05-16T05:41:47.137+0000] {processor.py:186} INFO - Started process (PID=765) to work on /opt/airflow/dags/rocket_launch.py
[2025-05-16T05:41:47.139+0000] {processor.py:914} INFO - Processing file /opt/airflow/dags/rocket_launch.py for tasks to queue
[2025-05-16T05:41:47.143+0000] {logging_mixin.py:190} INFO - [2025-05-16T05:41:47.143+0000] {dagbag.py:588} INFO - Filling up the DagBag from /opt/airflow/dags/rocket_launch.py
[2025-05-16T05:41:47.194+0000] {processor.py:925} INFO - DAG(s) 'rocket_image_collector_modular' retrieved from /opt/airflow/dags/rocket_launch.py
[2025-05-16T05:41:47.232+0000] {logging_mixin.py:190} INFO - [2025-05-16T05:41:47.231+0000] {dag.py:3239} INFO - Sync 1 DAGs
[2025-05-16T05:41:47.275+0000] {logging_mixin.py:190} INFO - [2025-05-16T05:41:47.275+0000] {dag.py:4180} INFO - Setting next_dagrun for rocket_image_collector_modular to 2025-05-16 05:35:00+00:00, run_after=2025-05-16 05:40:00+00:00
[2025-05-16T05:41:47.316+0000] {processor.py:208} INFO - Processing /opt/airflow/dags/rocket_launch.py took 0.190 seconds
[2025-05-16T05:42:17.680+0000] {processor.py:186} INFO - Started process (PID=831) to work on /opt/airflow/dags/rocket_launch.py
[2025-05-16T05:42:17.692+0000] {processor.py:914} INFO - Processing file /opt/airflow/dags/rocket_launch.py for tasks to queue
[2025-05-16T05:42:17.701+0000] {logging_mixin.py:190} INFO - [2025-05-16T05:42:17.700+0000] {dagbag.py:588} INFO - Filling up the DagBag from /opt/airflow/dags/rocket_launch.py
[2025-05-16T05:42:17.902+0000] {processor.py:925} INFO - DAG(s) 'rocket_image_collector_modular' retrieved from /opt/airflow/dags/rocket_launch.py
[2025-05-16T05:42:17.983+0000] {logging_mixin.py:190} INFO - [2025-05-16T05:42:17.982+0000] {dag.py:3239} INFO - Sync 1 DAGs
[2025-05-16T05:42:18.090+0000] {logging_mixin.py:190} INFO - [2025-05-16T05:42:18.089+0000] {dag.py:4180} INFO - Setting next_dagrun for rocket_image_collector_modular to 2025-05-16 05:35:00+00:00, run_after=2025-05-16 05:40:00+00:00
[2025-05-16T05:42:18.162+0000] {processor.py:208} INFO - Processing /opt/airflow/dags/rocket_launch.py took 0.503 seconds
[2025-05-16T05:42:48.752+0000] {processor.py:186} INFO - Started process (PID=897) to work on /opt/airflow/dags/rocket_launch.py
[2025-05-16T05:42:48.756+0000] {processor.py:914} INFO - Processing file /opt/airflow/dags/rocket_launch.py for tasks to queue
[2025-05-16T05:42:48.764+0000] {logging_mixin.py:190} INFO - [2025-05-16T05:42:48.762+0000] {dagbag.py:588} INFO - Filling up the DagBag from /opt/airflow/dags/rocket_launch.py
[2025-05-16T05:42:48.869+0000] {processor.py:925} INFO - DAG(s) 'rocket_image_collector_modular' retrieved from /opt/airflow/dags/rocket_launch.py
[2025-05-16T05:42:48.931+0000] {logging_mixin.py:190} INFO - [2025-05-16T05:42:48.931+0000] {dag.py:3239} INFO - Sync 1 DAGs
[2025-05-16T05:42:49.038+0000] {logging_mixin.py:190} INFO - [2025-05-16T05:42:49.037+0000] {dag.py:4180} INFO - Setting next_dagrun for rocket_image_collector_modular to 2025-05-16 05:35:00+00:00, run_after=2025-05-16 05:40:00+00:00
[2025-05-16T05:42:49.116+0000] {processor.py:208} INFO - Processing /opt/airflow/dags/rocket_launch.py took 0.378 seconds
[2025-05-16T05:43:19.496+0000] {processor.py:186} INFO - Started process (PID=962) to work on /opt/airflow/dags/rocket_launch.py
[2025-05-16T05:43:19.498+0000] {processor.py:914} INFO - Processing file /opt/airflow/dags/rocket_launch.py for tasks to queue
[2025-05-16T05:43:19.501+0000] {logging_mixin.py:190} INFO - [2025-05-16T05:43:19.500+0000] {dagbag.py:588} INFO - Filling up the DagBag from /opt/airflow/dags/rocket_launch.py
[2025-05-16T05:43:19.525+0000] {processor.py:925} INFO - DAG(s) 'rocket_image_collector_modular' retrieved from /opt/airflow/dags/rocket_launch.py
[2025-05-16T05:43:19.545+0000] {logging_mixin.py:190} INFO - [2025-05-16T05:43:19.545+0000] {dag.py:3239} INFO - Sync 1 DAGs
[2025-05-16T05:43:19.571+0000] {logging_mixin.py:190} INFO - [2025-05-16T05:43:19.571+0000] {dag.py:4180} INFO - Setting next_dagrun for rocket_image_collector_modular to 2025-05-16 05:35:00+00:00, run_after=2025-05-16 05:40:00+00:00
[2025-05-16T05:43:19.595+0000] {processor.py:208} INFO - Processing /opt/airflow/dags/rocket_launch.py took 0.106 seconds
[2025-05-16T05:43:50.275+0000] {processor.py:186} INFO - Started process (PID=1028) to work on /opt/airflow/dags/rocket_launch.py
[2025-05-16T05:43:50.278+0000] {processor.py:914} INFO - Processing file /opt/airflow/dags/rocket_launch.py for tasks to queue
[2025-05-16T05:43:50.284+0000] {logging_mixin.py:190} INFO - [2025-05-16T05:43:50.283+0000] {dagbag.py:588} INFO - Filling up the DagBag from /opt/airflow/dags/rocket_launch.py
[2025-05-16T05:43:50.352+0000] {processor.py:925} INFO - DAG(s) 'rocket_image_collector_modular' retrieved from /opt/airflow/dags/rocket_launch.py
[2025-05-16T05:43:50.390+0000] {logging_mixin.py:190} INFO - [2025-05-16T05:43:50.389+0000] {dag.py:3239} INFO - Sync 1 DAGs
[2025-05-16T05:43:50.433+0000] {logging_mixin.py:190} INFO - [2025-05-16T05:43:50.433+0000] {dag.py:4180} INFO - Setting next_dagrun for rocket_image_collector_modular to 2025-05-16 05:35:00+00:00, run_after=2025-05-16 05:40:00+00:00
[2025-05-16T05:43:50.472+0000] {processor.py:208} INFO - Processing /opt/airflow/dags/rocket_launch.py took 0.212 seconds
[2025-05-16T05:44:21.225+0000] {processor.py:186} INFO - Started process (PID=1094) to work on /opt/airflow/dags/rocket_launch.py
[2025-05-16T05:44:21.226+0000] {processor.py:914} INFO - Processing file /opt/airflow/dags/rocket_launch.py for tasks to queue
[2025-05-16T05:44:21.229+0000] {logging_mixin.py:190} INFO - [2025-05-16T05:44:21.228+0000] {dagbag.py:588} INFO - Filling up the DagBag from /opt/airflow/dags/rocket_launch.py
[2025-05-16T05:44:21.254+0000] {processor.py:925} INFO - DAG(s) 'rocket_image_collector_modular' retrieved from /opt/airflow/dags/rocket_launch.py
[2025-05-16T05:44:21.277+0000] {logging_mixin.py:190} INFO - [2025-05-16T05:44:21.277+0000] {dag.py:3239} INFO - Sync 1 DAGs
[2025-05-16T05:44:21.304+0000] {logging_mixin.py:190} INFO - [2025-05-16T05:44:21.304+0000] {dag.py:4180} INFO - Setting next_dagrun for rocket_image_collector_modular to 2025-05-16 05:35:00+00:00, run_after=2025-05-16 05:40:00+00:00
[2025-05-16T05:44:21.330+0000] {processor.py:208} INFO - Processing /opt/airflow/dags/rocket_launch.py took 0.111 seconds
[2025-05-16T05:44:54.130+0000] {processor.py:186} INFO - Started process (PID=1157) to work on /opt/airflow/dags/rocket_launch.py
[2025-05-16T05:44:54.151+0000] {processor.py:914} INFO - Processing file /opt/airflow/dags/rocket_launch.py for tasks to queue
[2025-05-16T05:44:54.166+0000] {logging_mixin.py:190} INFO - [2025-05-16T05:44:54.164+0000] {dagbag.py:588} INFO - Filling up the DagBag from /opt/airflow/dags/rocket_launch.py
[2025-05-16T05:44:54.482+0000] {processor.py:925} INFO - DAG(s) 'rocket_image_collector_modular' retrieved from /opt/airflow/dags/rocket_launch.py
[2025-05-16T05:44:54.564+0000] {logging_mixin.py:190} INFO - [2025-05-16T05:44:54.563+0000] {dag.py:3239} INFO - Sync 1 DAGs
[2025-05-16T05:44:54.662+0000] {logging_mixin.py:190} INFO - [2025-05-16T05:44:54.662+0000] {dag.py:4180} INFO - Setting next_dagrun for rocket_image_collector_modular to 2025-05-16 05:35:00+00:00, run_after=2025-05-16 05:40:00+00:00
[2025-05-16T05:44:54.747+0000] {processor.py:208} INFO - Processing /opt/airflow/dags/rocket_launch.py took 0.641 seconds
[2025-05-16T05:45:28.840+0000] {processor.py:186} INFO - Started process (PID=1225) to work on /opt/airflow/dags/rocket_launch.py
[2025-05-16T05:45:28.855+0000] {processor.py:914} INFO - Processing file /opt/airflow/dags/rocket_launch.py for tasks to queue
[2025-05-16T05:45:28.865+0000] {logging_mixin.py:190} INFO - [2025-05-16T05:45:28.864+0000] {dagbag.py:588} INFO - Filling up the DagBag from /opt/airflow/dags/rocket_launch.py
[2025-05-16T05:45:29.397+0000] {processor.py:925} INFO - DAG(s) 'rocket_image_collector_modular' retrieved from /opt/airflow/dags/rocket_launch.py
[2025-05-16T05:45:29.528+0000] {logging_mixin.py:190} INFO - [2025-05-16T05:45:29.527+0000] {dag.py:3239} INFO - Sync 1 DAGs
[2025-05-16T05:45:29.632+0000] {logging_mixin.py:190} INFO - [2025-05-16T05:45:29.632+0000] {dag.py:4180} INFO - Setting next_dagrun for rocket_image_collector_modular to 2025-05-16 05:40:00+00:00, run_after=2025-05-16 05:45:00+00:00
[2025-05-16T05:45:29.748+0000] {processor.py:208} INFO - Processing /opt/airflow/dags/rocket_launch.py took 0.929 seconds
[2025-05-16T05:46:01.555+0000] {processor.py:186} INFO - Started process (PID=1291) to work on /opt/airflow/dags/rocket_launch.py
[2025-05-16T05:46:01.560+0000] {processor.py:914} INFO - Processing file /opt/airflow/dags/rocket_launch.py for tasks to queue
[2025-05-16T05:46:01.569+0000] {logging_mixin.py:190} INFO - [2025-05-16T05:46:01.568+0000] {dagbag.py:588} INFO - Filling up the DagBag from /opt/airflow/dags/rocket_launch.py
[2025-05-16T05:46:01.762+0000] {processor.py:925} INFO - DAG(s) 'rocket_image_collector_modular' retrieved from /opt/airflow/dags/rocket_launch.py
[2025-05-16T05:46:01.834+0000] {logging_mixin.py:190} INFO - [2025-05-16T05:46:01.833+0000] {dag.py:3239} INFO - Sync 1 DAGs
[2025-05-16T05:46:01.945+0000] {logging_mixin.py:190} INFO - [2025-05-16T05:46:01.944+0000] {dag.py:4180} INFO - Setting next_dagrun for rocket_image_collector_modular to 2025-05-16 05:40:00+00:00, run_after=2025-05-16 05:45:00+00:00
[2025-05-16T05:46:02.046+0000] {processor.py:208} INFO - Processing /opt/airflow/dags/rocket_launch.py took 0.514 seconds
[2025-05-16T05:46:32.400+0000] {processor.py:186} INFO - Started process (PID=1357) to work on /opt/airflow/dags/rocket_launch.py
[2025-05-16T05:46:32.403+0000] {processor.py:914} INFO - Processing file /opt/airflow/dags/rocket_launch.py for tasks to queue
[2025-05-16T05:46:32.409+0000] {logging_mixin.py:190} INFO - [2025-05-16T05:46:32.408+0000] {dagbag.py:588} INFO - Filling up the DagBag from /opt/airflow/dags/rocket_launch.py
[2025-05-16T05:46:32.512+0000] {processor.py:925} INFO - DAG(s) 'rocket_image_collector_modular' retrieved from /opt/airflow/dags/rocket_launch.py
[2025-05-16T05:46:32.558+0000] {logging_mixin.py:190} INFO - [2025-05-16T05:46:32.558+0000] {dag.py:3239} INFO - Sync 1 DAGs
[2025-05-16T05:46:32.612+0000] {logging_mixin.py:190} INFO - [2025-05-16T05:46:32.612+0000] {dag.py:4180} INFO - Setting next_dagrun for rocket_image_collector_modular to 2025-05-16 05:40:00+00:00, run_after=2025-05-16 05:45:00+00:00
[2025-05-16T05:46:32.662+0000] {processor.py:208} INFO - Processing /opt/airflow/dags/rocket_launch.py took 0.271 seconds
[2025-05-16T05:47:02.851+0000] {processor.py:186} INFO - Started process (PID=1423) to work on /opt/airflow/dags/rocket_launch.py
[2025-05-16T05:47:02.854+0000] {processor.py:914} INFO - Processing file /opt/airflow/dags/rocket_launch.py for tasks to queue
[2025-05-16T05:47:02.860+0000] {logging_mixin.py:190} INFO - [2025-05-16T05:47:02.859+0000] {dagbag.py:588} INFO - Filling up the DagBag from /opt/airflow/dags/rocket_launch.py
[2025-05-16T05:47:02.930+0000] {processor.py:925} INFO - DAG(s) 'rocket_image_collector_modular' retrieved from /opt/airflow/dags/rocket_launch.py
[2025-05-16T05:47:02.979+0000] {logging_mixin.py:190} INFO - [2025-05-16T05:47:02.978+0000] {dag.py:3239} INFO - Sync 1 DAGs
[2025-05-16T05:47:03.046+0000] {logging_mixin.py:190} INFO - [2025-05-16T05:47:03.045+0000] {dag.py:4180} INFO - Setting next_dagrun for rocket_image_collector_modular to 2025-05-16 05:40:00+00:00, run_after=2025-05-16 05:45:00+00:00
[2025-05-16T05:47:03.098+0000] {processor.py:208} INFO - Processing /opt/airflow/dags/rocket_launch.py took 0.261 seconds
[2025-05-16T05:47:33.391+0000] {processor.py:186} INFO - Started process (PID=1489) to work on /opt/airflow/dags/rocket_launch.py
[2025-05-16T05:47:33.394+0000] {processor.py:914} INFO - Processing file /opt/airflow/dags/rocket_launch.py for tasks to queue
[2025-05-16T05:47:33.399+0000] {logging_mixin.py:190} INFO - [2025-05-16T05:47:33.399+0000] {dagbag.py:588} INFO - Filling up the DagBag from /opt/airflow/dags/rocket_launch.py
[2025-05-16T05:47:33.453+0000] {processor.py:925} INFO - DAG(s) 'rocket_image_collector_modular' retrieved from /opt/airflow/dags/rocket_launch.py
[2025-05-16T05:47:33.494+0000] {logging_mixin.py:190} INFO - [2025-05-16T05:47:33.494+0000] {dag.py:3239} INFO - Sync 1 DAGs
[2025-05-16T05:47:33.538+0000] {logging_mixin.py:190} INFO - [2025-05-16T05:47:33.538+0000] {dag.py:4180} INFO - Setting next_dagrun for rocket_image_collector_modular to 2025-05-16 05:40:00+00:00, run_after=2025-05-16 05:45:00+00:00
[2025-05-16T05:47:33.575+0000] {processor.py:208} INFO - Processing /opt/airflow/dags/rocket_launch.py took 0.195 seconds
[2025-05-16T05:48:03.948+0000] {processor.py:186} INFO - Started process (PID=1555) to work on /opt/airflow/dags/rocket_launch.py
[2025-05-16T05:48:03.950+0000] {processor.py:914} INFO - Processing file /opt/airflow/dags/rocket_launch.py for tasks to queue
[2025-05-16T05:48:03.953+0000] {logging_mixin.py:190} INFO - [2025-05-16T05:48:03.952+0000] {dagbag.py:588} INFO - Filling up the DagBag from /opt/airflow/dags/rocket_launch.py
[2025-05-16T05:48:03.995+0000] {processor.py:925} INFO - DAG(s) 'rocket_image_collector_modular' retrieved from /opt/airflow/dags/rocket_launch.py
[2025-05-16T05:48:04.019+0000] {logging_mixin.py:190} INFO - [2025-05-16T05:48:04.019+0000] {dag.py:3239} INFO - Sync 1 DAGs
[2025-05-16T05:48:04.044+0000] {logging_mixin.py:190} INFO - [2025-05-16T05:48:04.044+0000] {dag.py:4180} INFO - Setting next_dagrun for rocket_image_collector_modular to 2025-05-16 05:40:00+00:00, run_after=2025-05-16 05:45:00+00:00
[2025-05-16T05:48:04.072+0000] {processor.py:208} INFO - Processing /opt/airflow/dags/rocket_launch.py took 0.134 seconds
[2025-05-16T05:48:37.104+0000] {processor.py:186} INFO - Started process (PID=1621) to work on /opt/airflow/dags/rocket_launch.py
[2025-05-16T05:48:37.108+0000] {processor.py:914} INFO - Processing file /opt/airflow/dags/rocket_launch.py for tasks to queue
[2025-05-16T05:48:37.116+0000] {logging_mixin.py:190} INFO - [2025-05-16T05:48:37.115+0000] {dagbag.py:588} INFO - Filling up the DagBag from /opt/airflow/dags/rocket_launch.py
[2025-05-16T05:48:37.224+0000] {processor.py:925} INFO - DAG(s) 'rocket_image_collector_modular' retrieved from /opt/airflow/dags/rocket_launch.py
[2025-05-16T05:48:37.305+0000] {logging_mixin.py:190} INFO - [2025-05-16T05:48:37.304+0000] {dag.py:3239} INFO - Sync 1 DAGs
[2025-05-16T05:48:37.374+0000] {logging_mixin.py:190} INFO - [2025-05-16T05:48:37.373+0000] {dag.py:4180} INFO - Setting next_dagrun for rocket_image_collector_modular to 2025-05-16 05:40:00+00:00, run_after=2025-05-16 05:45:00+00:00
[2025-05-16T05:48:37.442+0000] {processor.py:208} INFO - Processing /opt/airflow/dags/rocket_launch.py took 0.358 seconds
[2025-05-16T05:49:08.149+0000] {processor.py:186} INFO - Started process (PID=1687) to work on /opt/airflow/dags/rocket_launch.py
[2025-05-16T05:49:08.153+0000] {processor.py:914} INFO - Processing file /opt/airflow/dags/rocket_launch.py for tasks to queue
[2025-05-16T05:49:08.160+0000] {logging_mixin.py:190} INFO - [2025-05-16T05:49:08.159+0000] {dagbag.py:588} INFO - Filling up the DagBag from /opt/airflow/dags/rocket_launch.py
[2025-05-16T05:49:08.276+0000] {processor.py:925} INFO - DAG(s) 'rocket_image_collector_modular' retrieved from /opt/airflow/dags/rocket_launch.py
[2025-05-16T05:49:08.344+0000] {logging_mixin.py:190} INFO - [2025-05-16T05:49:08.343+0000] {dag.py:3239} INFO - Sync 1 DAGs
[2025-05-16T05:49:08.436+0000] {logging_mixin.py:190} INFO - [2025-05-16T05:49:08.435+0000] {dag.py:4180} INFO - Setting next_dagrun for rocket_image_collector_modular to 2025-05-16 05:40:00+00:00, run_after=2025-05-16 05:45:00+00:00
[2025-05-16T05:49:08.514+0000] {processor.py:208} INFO - Processing /opt/airflow/dags/rocket_launch.py took 0.381 seconds
[2025-05-16T05:49:39.348+0000] {processor.py:186} INFO - Started process (PID=1752) to work on /opt/airflow/dags/rocket_launch.py
[2025-05-16T05:49:39.352+0000] {processor.py:914} INFO - Processing file /opt/airflow/dags/rocket_launch.py for tasks to queue
[2025-05-16T05:49:39.362+0000] {logging_mixin.py:190} INFO - [2025-05-16T05:49:39.361+0000] {dagbag.py:588} INFO - Filling up the DagBag from /opt/airflow/dags/rocket_launch.py
[2025-05-16T05:49:39.491+0000] {processor.py:925} INFO - DAG(s) 'rocket_image_collector_modular' retrieved from /opt/airflow/dags/rocket_launch.py
[2025-05-16T05:49:39.566+0000] {logging_mixin.py:190} INFO - [2025-05-16T05:49:39.566+0000] {dag.py:3239} INFO - Sync 1 DAGs
[2025-05-16T05:49:39.652+0000] {logging_mixin.py:190} INFO - [2025-05-16T05:49:39.651+0000] {dag.py:4180} INFO - Setting next_dagrun for rocket_image_collector_modular to 2025-05-16 05:40:00+00:00, run_after=2025-05-16 05:45:00+00:00
[2025-05-16T05:49:39.757+0000] {processor.py:208} INFO - Processing /opt/airflow/dags/rocket_launch.py took 0.426 seconds
[2025-05-16T05:50:20.479+0000] {processor.py:186} INFO - Started process (PID=1817) to work on /opt/airflow/dags/rocket_launch.py
[2025-05-16T05:50:20.484+0000] {processor.py:914} INFO - Processing file /opt/airflow/dags/rocket_launch.py for tasks to queue
[2025-05-16T05:50:20.493+0000] {logging_mixin.py:190} INFO - [2025-05-16T05:50:20.492+0000] {dagbag.py:588} INFO - Filling up the DagBag from /opt/airflow/dags/rocket_launch.py
[2025-05-16T05:50:20.626+0000] {processor.py:925} INFO - DAG(s) 'rocket_image_collector_modular' retrieved from /opt/airflow/dags/rocket_launch.py
[2025-05-16T05:50:20.691+0000] {logging_mixin.py:190} INFO - [2025-05-16T05:50:20.690+0000] {dag.py:3239} INFO - Sync 1 DAGs
[2025-05-16T05:50:20.768+0000] {logging_mixin.py:190} INFO - [2025-05-16T05:50:20.768+0000] {dag.py:4180} INFO - Setting next_dagrun for rocket_image_collector_modular to 2025-05-16 05:45:00+00:00, run_after=2025-05-16 05:50:00+00:00
[2025-05-16T05:50:20.831+0000] {processor.py:208} INFO - Processing /opt/airflow/dags/rocket_launch.py took 0.371 seconds
[2025-05-16T05:50:53.900+0000] {processor.py:186} INFO - Started process (PID=1877) to work on /opt/airflow/dags/rocket_launch.py
[2025-05-16T05:50:53.911+0000] {processor.py:914} INFO - Processing file /opt/airflow/dags/rocket_launch.py for tasks to queue
[2025-05-16T05:50:53.932+0000] {logging_mixin.py:190} INFO - [2025-05-16T05:50:53.931+0000] {dagbag.py:588} INFO - Filling up the DagBag from /opt/airflow/dags/rocket_launch.py
[2025-05-16T05:50:54.265+0000] {processor.py:925} INFO - DAG(s) 'rocket_image_collector_modular' retrieved from /opt/airflow/dags/rocket_launch.py
[2025-05-16T05:50:54.367+0000] {logging_mixin.py:190} INFO - [2025-05-16T05:50:54.367+0000] {dag.py:3239} INFO - Sync 1 DAGs
[2025-05-16T05:50:54.528+0000] {logging_mixin.py:190} INFO - [2025-05-16T05:50:54.527+0000] {dag.py:4180} INFO - Setting next_dagrun for rocket_image_collector_modular to 2025-05-16 05:45:00+00:00, run_after=2025-05-16 05:50:00+00:00
[2025-05-16T05:50:54.808+0000] {processor.py:208} INFO - Processing /opt/airflow/dags/rocket_launch.py took 0.932 seconds
[2025-05-16T05:51:29.666+0000] {processor.py:186} INFO - Started process (PID=1944) to work on /opt/airflow/dags/rocket_launch.py
[2025-05-16T05:51:29.699+0000] {processor.py:914} INFO - Processing file /opt/airflow/dags/rocket_launch.py for tasks to queue
[2025-05-16T05:51:29.744+0000] {logging_mixin.py:190} INFO - [2025-05-16T05:51:29.742+0000] {dagbag.py:588} INFO - Filling up the DagBag from /opt/airflow/dags/rocket_launch.py
[2025-05-16T05:51:30.236+0000] {processor.py:925} INFO - DAG(s) 'rocket_image_collector_modular' retrieved from /opt/airflow/dags/rocket_launch.py
[2025-05-16T05:51:30.348+0000] {logging_mixin.py:190} INFO - [2025-05-16T05:51:30.347+0000] {dag.py:3239} INFO - Sync 1 DAGs
[2025-05-16T05:51:30.494+0000] {logging_mixin.py:190} INFO - [2025-05-16T05:51:30.494+0000] {dag.py:4180} INFO - Setting next_dagrun for rocket_image_collector_modular to 2025-05-16 05:45:00+00:00, run_after=2025-05-16 05:50:00+00:00
[2025-05-16T05:51:30.617+0000] {processor.py:208} INFO - Processing /opt/airflow/dags/rocket_launch.py took 0.977 seconds
[2025-05-16T05:52:18.390+0000] {processor.py:186} INFO - Started process (PID=2010) to work on /opt/airflow/dags/rocket_launch.py
[2025-05-16T05:52:18.427+0000] {processor.py:914} INFO - Processing file /opt/airflow/dags/rocket_launch.py for tasks to queue
[2025-05-16T05:52:18.499+0000] {logging_mixin.py:190} INFO - [2025-05-16T05:52:18.497+0000] {dagbag.py:588} INFO - Filling up the DagBag from /opt/airflow/dags/rocket_launch.py
[2025-05-16T05:52:22.315+0000] {processor.py:925} INFO - DAG(s) 'rocket_image_collector_modular' retrieved from /opt/airflow/dags/rocket_launch.py
[2025-05-16T05:52:22.372+0000] {logging_mixin.py:190} INFO - [2025-05-16T05:52:22.371+0000] {dag.py:3239} INFO - Sync 1 DAGs
[2025-05-16T05:52:22.453+0000] {logging_mixin.py:190} INFO - [2025-05-16T05:52:22.453+0000] {dag.py:4180} INFO - Setting next_dagrun for rocket_image_collector_modular to 2025-05-16 05:45:00+00:00, run_after=2025-05-16 05:50:00+00:00
[2025-05-16T05:52:22.565+0000] {processor.py:208} INFO - Processing /opt/airflow/dags/rocket_launch.py took 4.196 seconds
[2025-05-16T05:52:52.763+0000] {processor.py:186} INFO - Started process (PID=2075) to work on /opt/airflow/dags/rocket_launch.py
[2025-05-16T05:52:52.766+0000] {processor.py:914} INFO - Processing file /opt/airflow/dags/rocket_launch.py for tasks to queue
[2025-05-16T05:52:52.777+0000] {logging_mixin.py:190} INFO - [2025-05-16T05:52:52.776+0000] {dagbag.py:588} INFO - Filling up the DagBag from /opt/airflow/dags/rocket_launch.py
[2025-05-16T05:52:52.887+0000] {processor.py:925} INFO - DAG(s) 'rocket_image_collector_modular' retrieved from /opt/airflow/dags/rocket_launch.py
[2025-05-16T05:52:52.943+0000] {logging_mixin.py:190} INFO - [2025-05-16T05:52:52.942+0000] {dag.py:3239} INFO - Sync 1 DAGs
[2025-05-16T05:52:53.021+0000] {logging_mixin.py:190} INFO - [2025-05-16T05:52:53.020+0000] {dag.py:4180} INFO - Setting next_dagrun for rocket_image_collector_modular to 2025-05-16 05:45:00+00:00, run_after=2025-05-16 05:50:00+00:00
[2025-05-16T05:52:53.097+0000] {processor.py:208} INFO - Processing /opt/airflow/dags/rocket_launch.py took 0.351 seconds
[2025-05-16T05:53:24.562+0000] {processor.py:186} INFO - Started process (PID=2136) to work on /opt/airflow/dags/rocket_launch.py
[2025-05-16T05:53:24.566+0000] {processor.py:914} INFO - Processing file /opt/airflow/dags/rocket_launch.py for tasks to queue
[2025-05-16T05:53:24.578+0000] {logging_mixin.py:190} INFO - [2025-05-16T05:53:24.576+0000] {dagbag.py:588} INFO - Filling up the DagBag from /opt/airflow/dags/rocket_launch.py
[2025-05-16T05:53:24.709+0000] {processor.py:925} INFO - DAG(s) 'rocket_image_collector_modular' retrieved from /opt/airflow/dags/rocket_launch.py
[2025-05-16T05:53:24.793+0000] {logging_mixin.py:190} INFO - [2025-05-16T05:53:24.791+0000] {dag.py:3239} INFO - Sync 1 DAGs
[2025-05-16T05:53:24.910+0000] {logging_mixin.py:190} INFO - [2025-05-16T05:53:24.910+0000] {dag.py:4180} INFO - Setting next_dagrun for rocket_image_collector_modular to 2025-05-16 05:45:00+00:00, run_after=2025-05-16 05:50:00+00:00
[2025-05-16T05:53:24.998+0000] {processor.py:208} INFO - Processing /opt/airflow/dags/rocket_launch.py took 0.457 seconds
[2025-05-16T05:53:57.441+0000] {processor.py:186} INFO - Started process (PID=2191) to work on /opt/airflow/dags/rocket_launch.py
[2025-05-16T05:53:57.446+0000] {processor.py:914} INFO - Processing file /opt/airflow/dags/rocket_launch.py for tasks to queue
[2025-05-16T05:53:57.456+0000] {logging_mixin.py:190} INFO - [2025-05-16T05:53:57.455+0000] {dagbag.py:588} INFO - Filling up the DagBag from /opt/airflow/dags/rocket_launch.py
[2025-05-16T05:53:57.625+0000] {processor.py:925} INFO - DAG(s) 'rocket_image_collector_modular' retrieved from /opt/airflow/dags/rocket_launch.py
[2025-05-16T05:53:57.678+0000] {logging_mixin.py:190} INFO - [2025-05-16T05:53:57.677+0000] {dag.py:3239} INFO - Sync 1 DAGs
[2025-05-16T05:53:57.754+0000] {logging_mixin.py:190} INFO - [2025-05-16T05:53:57.754+0000] {dag.py:4180} INFO - Setting next_dagrun for rocket_image_collector_modular to 2025-05-16 05:45:00+00:00, run_after=2025-05-16 05:50:00+00:00
[2025-05-16T05:53:57.819+0000] {processor.py:208} INFO - Processing /opt/airflow/dags/rocket_launch.py took 0.395 seconds
[2025-05-16T05:54:32.396+0000] {processor.py:186} INFO - Started process (PID=2259) to work on /opt/airflow/dags/rocket_launch.py
[2025-05-16T05:54:32.401+0000] {processor.py:914} INFO - Processing file /opt/airflow/dags/rocket_launch.py for tasks to queue
[2025-05-16T05:54:32.412+0000] {logging_mixin.py:190} INFO - [2025-05-16T05:54:32.409+0000] {dagbag.py:588} INFO - Filling up the DagBag from /opt/airflow/dags/rocket_launch.py
[2025-05-16T05:54:32.565+0000] {processor.py:925} INFO - DAG(s) 'rocket_image_collector_modular' retrieved from /opt/airflow/dags/rocket_launch.py
[2025-05-16T05:54:32.657+0000] {logging_mixin.py:190} INFO - [2025-05-16T05:54:32.656+0000] {dag.py:3239} INFO - Sync 1 DAGs
[2025-05-16T05:54:32.777+0000] {logging_mixin.py:190} INFO - [2025-05-16T05:54:32.776+0000] {dag.py:4180} INFO - Setting next_dagrun for rocket_image_collector_modular to 2025-05-16 05:45:00+00:00, run_after=2025-05-16 05:50:00+00:00
[2025-05-16T05:54:33.987+0000] {processor.py:208} INFO - Processing /opt/airflow/dags/rocket_launch.py took 1.621 seconds
[2025-05-16T05:55:05.450+0000] {processor.py:186} INFO - Started process (PID=2322) to work on /opt/airflow/dags/rocket_launch.py
[2025-05-16T05:55:05.457+0000] {processor.py:914} INFO - Processing file /opt/airflow/dags/rocket_launch.py for tasks to queue
[2025-05-16T05:55:05.468+0000] {logging_mixin.py:190} INFO - [2025-05-16T05:55:05.467+0000] {dagbag.py:588} INFO - Filling up the DagBag from /opt/airflow/dags/rocket_launch.py
[2025-05-16T05:55:05.686+0000] {processor.py:925} INFO - DAG(s) 'rocket_image_collector_modular' retrieved from /opt/airflow/dags/rocket_launch.py
[2025-05-16T05:55:05.821+0000] {logging_mixin.py:190} INFO - [2025-05-16T05:55:05.821+0000] {dag.py:3239} INFO - Sync 1 DAGs
[2025-05-16T05:55:05.967+0000] {logging_mixin.py:190} INFO - [2025-05-16T05:55:05.967+0000] {dag.py:4180} INFO - Setting next_dagrun for rocket_image_collector_modular to 2025-05-16 05:50:00+00:00, run_after=2025-05-16 05:55:00+00:00
[2025-05-16T05:55:06.104+0000] {processor.py:208} INFO - Processing /opt/airflow/dags/rocket_launch.py took 0.677 seconds
[2025-05-16T05:56:03.040+0000] {processor.py:186} INFO - Started process (PID=2380) to work on /opt/airflow/dags/rocket_launch.py
[2025-05-16T05:56:03.043+0000] {processor.py:914} INFO - Processing file /opt/airflow/dags/rocket_launch.py for tasks to queue
[2025-05-16T05:56:03.052+0000] {logging_mixin.py:190} INFO - [2025-05-16T05:56:03.051+0000] {dagbag.py:588} INFO - Filling up the DagBag from /opt/airflow/dags/rocket_launch.py
[2025-05-16T05:56:03.160+0000] {processor.py:925} INFO - DAG(s) 'rocket_image_collector_modular' retrieved from /opt/airflow/dags/rocket_launch.py
[2025-05-16T05:56:03.222+0000] {logging_mixin.py:190} INFO - [2025-05-16T05:56:03.222+0000] {dag.py:3239} INFO - Sync 1 DAGs
[2025-05-16T05:56:03.341+0000] {logging_mixin.py:190} INFO - [2025-05-16T05:56:03.340+0000] {dag.py:4180} INFO - Setting next_dagrun for rocket_image_collector_modular to 2025-05-16 05:50:00+00:00, run_after=2025-05-16 05:55:00+00:00
[2025-05-16T05:56:03.448+0000] {processor.py:208} INFO - Processing /opt/airflow/dags/rocket_launch.py took 0.429 seconds
[2025-05-16T05:56:46.120+0000] {processor.py:186} INFO - Started process (PID=2428) to work on /opt/airflow/dags/rocket_launch.py
[2025-05-16T05:56:46.132+0000] {processor.py:914} INFO - Processing file /opt/airflow/dags/rocket_launch.py for tasks to queue
[2025-05-16T05:56:46.145+0000] {logging_mixin.py:190} INFO - [2025-05-16T05:56:46.144+0000] {dagbag.py:588} INFO - Filling up the DagBag from /opt/airflow/dags/rocket_launch.py
[2025-05-16T05:56:46.303+0000] {processor.py:925} INFO - DAG(s) 'rocket_image_collector_modular' retrieved from /opt/airflow/dags/rocket_launch.py
[2025-05-16T05:56:46.363+0000] {logging_mixin.py:190} INFO - [2025-05-16T05:56:46.362+0000] {dag.py:3239} INFO - Sync 1 DAGs
[2025-05-16T05:56:46.442+0000] {logging_mixin.py:190} INFO - [2025-05-16T05:56:46.442+0000] {dag.py:4180} INFO - Setting next_dagrun for rocket_image_collector_modular to 2025-05-16 05:50:00+00:00, run_after=2025-05-16 05:55:00+00:00
[2025-05-16T05:56:46.507+0000] {processor.py:208} INFO - Processing /opt/airflow/dags/rocket_launch.py took 0.406 seconds
[2025-05-16T05:57:20.209+0000] {processor.py:186} INFO - Started process (PID=2486) to work on /opt/airflow/dags/rocket_launch.py
[2025-05-16T05:57:20.230+0000] {processor.py:914} INFO - Processing file /opt/airflow/dags/rocket_launch.py for tasks to queue
[2025-05-16T05:57:20.288+0000] {logging_mixin.py:190} INFO - [2025-05-16T05:57:20.286+0000] {dagbag.py:588} INFO - Filling up the DagBag from /opt/airflow/dags/rocket_launch.py
[2025-05-16T05:57:20.770+0000] {processor.py:925} INFO - DAG(s) 'rocket_image_collector_modular' retrieved from /opt/airflow/dags/rocket_launch.py
[2025-05-16T05:57:20.853+0000] {logging_mixin.py:190} INFO - [2025-05-16T05:57:20.852+0000] {dag.py:3239} INFO - Sync 1 DAGs
[2025-05-16T05:57:20.975+0000] {logging_mixin.py:190} INFO - [2025-05-16T05:57:20.975+0000] {dag.py:4180} INFO - Setting next_dagrun for rocket_image_collector_modular to 2025-05-16 05:50:00+00:00, run_after=2025-05-16 05:55:00+00:00
[2025-05-16T05:57:21.066+0000] {processor.py:208} INFO - Processing /opt/airflow/dags/rocket_launch.py took 0.886 seconds
[2025-05-16T05:58:00.765+0000] {processor.py:186} INFO - Started process (PID=2555) to work on /opt/airflow/dags/rocket_launch.py
[2025-05-16T05:58:00.800+0000] {processor.py:914} INFO - Processing file /opt/airflow/dags/rocket_launch.py for tasks to queue
[2025-05-16T05:58:00.833+0000] {logging_mixin.py:190} INFO - [2025-05-16T05:58:00.831+0000] {dagbag.py:588} INFO - Filling up the DagBag from /opt/airflow/dags/rocket_launch.py
[2025-05-16T05:58:01.280+0000] {processor.py:925} INFO - DAG(s) 'rocket_image_collector_modular' retrieved from /opt/airflow/dags/rocket_launch.py
[2025-05-16T05:58:01.346+0000] {logging_mixin.py:190} INFO - [2025-05-16T05:58:01.345+0000] {dag.py:3239} INFO - Sync 1 DAGs
[2025-05-16T05:58:01.465+0000] {logging_mixin.py:190} INFO - [2025-05-16T05:58:01.464+0000] {dag.py:4180} INFO - Setting next_dagrun for rocket_image_collector_modular to 2025-05-16 05:50:00+00:00, run_after=2025-05-16 05:55:00+00:00
[2025-05-16T05:58:01.590+0000] {processor.py:208} INFO - Processing /opt/airflow/dags/rocket_launch.py took 0.851 seconds
[2025-05-16T05:58:33.601+0000] {processor.py:186} INFO - Started process (PID=2622) to work on /opt/airflow/dags/rocket_launch.py
[2025-05-16T05:58:33.610+0000] {processor.py:914} INFO - Processing file /opt/airflow/dags/rocket_launch.py for tasks to queue
[2025-05-16T05:58:33.623+0000] {logging_mixin.py:190} INFO - [2025-05-16T05:58:33.622+0000] {dagbag.py:588} INFO - Filling up the DagBag from /opt/airflow/dags/rocket_launch.py
[2025-05-16T05:58:33.855+0000] {processor.py:925} INFO - DAG(s) 'rocket_image_collector_modular' retrieved from /opt/airflow/dags/rocket_launch.py
[2025-05-16T05:58:33.917+0000] {logging_mixin.py:190} INFO - [2025-05-16T05:58:33.917+0000] {dag.py:3239} INFO - Sync 1 DAGs
[2025-05-16T05:58:33.993+0000] {logging_mixin.py:190} INFO - [2025-05-16T05:58:33.992+0000] {dag.py:4180} INFO - Setting next_dagrun for rocket_image_collector_modular to 2025-05-16 05:50:00+00:00, run_after=2025-05-16 05:55:00+00:00
[2025-05-16T05:58:34.056+0000] {processor.py:208} INFO - Processing /opt/airflow/dags/rocket_launch.py took 0.472 seconds
[2025-05-16T05:59:05.529+0000] {processor.py:186} INFO - Started process (PID=2683) to work on /opt/airflow/dags/rocket_launch.py
[2025-05-16T05:59:05.534+0000] {processor.py:914} INFO - Processing file /opt/airflow/dags/rocket_launch.py for tasks to queue
[2025-05-16T05:59:05.542+0000] {logging_mixin.py:190} INFO - [2025-05-16T05:59:05.541+0000] {dagbag.py:588} INFO - Filling up the DagBag from /opt/airflow/dags/rocket_launch.py
[2025-05-16T05:59:05.707+0000] {processor.py:925} INFO - DAG(s) 'rocket_image_collector_modular' retrieved from /opt/airflow/dags/rocket_launch.py
[2025-05-16T05:59:05.820+0000] {logging_mixin.py:190} INFO - [2025-05-16T05:59:05.819+0000] {dag.py:3239} INFO - Sync 1 DAGs
[2025-05-16T05:59:05.938+0000] {logging_mixin.py:190} INFO - [2025-05-16T05:59:05.937+0000] {dag.py:4180} INFO - Setting next_dagrun for rocket_image_collector_modular to 2025-05-16 05:50:00+00:00, run_after=2025-05-16 05:55:00+00:00
[2025-05-16T05:59:06.115+0000] {processor.py:208} INFO - Processing /opt/airflow/dags/rocket_launch.py took 0.604 seconds
[2025-05-16T05:59:43.054+0000] {processor.py:186} INFO - Started process (PID=2744) to work on /opt/airflow/dags/rocket_launch.py
[2025-05-16T05:59:43.066+0000] {processor.py:914} INFO - Processing file /opt/airflow/dags/rocket_launch.py for tasks to queue
[2025-05-16T05:59:43.079+0000] {logging_mixin.py:190} INFO - [2025-05-16T05:59:43.078+0000] {dagbag.py:588} INFO - Filling up the DagBag from /opt/airflow/dags/rocket_launch.py
[2025-05-16T05:59:43.334+0000] {processor.py:925} INFO - DAG(s) 'rocket_image_collector_modular' retrieved from /opt/airflow/dags/rocket_launch.py
[2025-05-16T05:59:43.451+0000] {logging_mixin.py:190} INFO - [2025-05-16T05:59:43.451+0000] {dag.py:3239} INFO - Sync 1 DAGs
[2025-05-16T05:59:43.560+0000] {logging_mixin.py:190} INFO - [2025-05-16T05:59:43.560+0000] {dag.py:4180} INFO - Setting next_dagrun for rocket_image_collector_modular to 2025-05-16 05:50:00+00:00, run_after=2025-05-16 05:55:00+00:00
[2025-05-16T05:59:43.683+0000] {processor.py:208} INFO - Processing /opt/airflow/dags/rocket_launch.py took 0.648 seconds
[2025-05-16T06:00:14.672+0000] {processor.py:186} INFO - Started process (PID=2810) to work on /opt/airflow/dags/rocket_launch.py
[2025-05-16T06:00:14.677+0000] {processor.py:914} INFO - Processing file /opt/airflow/dags/rocket_launch.py for tasks to queue
[2025-05-16T06:00:14.686+0000] {logging_mixin.py:190} INFO - [2025-05-16T06:00:14.685+0000] {dagbag.py:588} INFO - Filling up the DagBag from /opt/airflow/dags/rocket_launch.py
[2025-05-16T06:00:14.797+0000] {processor.py:925} INFO - DAG(s) 'rocket_image_collector_modular' retrieved from /opt/airflow/dags/rocket_launch.py
[2025-05-16T06:00:14.895+0000] {logging_mixin.py:190} INFO - [2025-05-16T06:00:14.894+0000] {dag.py:3239} INFO - Sync 1 DAGs
[2025-05-16T06:00:14.996+0000] {logging_mixin.py:190} INFO - [2025-05-16T06:00:14.996+0000] {dag.py:4180} INFO - Setting next_dagrun for rocket_image_collector_modular to 2025-05-16 05:55:00+00:00, run_after=2025-05-16 06:00:00+00:00
[2025-05-16T06:00:15.063+0000] {processor.py:208} INFO - Processing /opt/airflow/dags/rocket_launch.py took 0.411 seconds
[2025-05-16T06:00:49.988+0000] {processor.py:186} INFO - Started process (PID=2870) to work on /opt/airflow/dags/rocket_launch.py
[2025-05-16T06:00:50.018+0000] {processor.py:914} INFO - Processing file /opt/airflow/dags/rocket_launch.py for tasks to queue
[2025-05-16T06:00:50.057+0000] {logging_mixin.py:190} INFO - [2025-05-16T06:00:50.054+0000] {dagbag.py:588} INFO - Filling up the DagBag from /opt/airflow/dags/rocket_launch.py
[2025-05-16T06:00:50.430+0000] {processor.py:925} INFO - DAG(s) 'rocket_image_collector_modular' retrieved from /opt/airflow/dags/rocket_launch.py
[2025-05-16T06:00:50.562+0000] {logging_mixin.py:190} INFO - [2025-05-16T06:00:50.560+0000] {dag.py:3239} INFO - Sync 1 DAGs
[2025-05-16T06:00:50.735+0000] {logging_mixin.py:190} INFO - [2025-05-16T06:00:50.735+0000] {dag.py:4180} INFO - Setting next_dagrun for rocket_image_collector_modular to 2025-05-16 05:55:00+00:00, run_after=2025-05-16 06:00:00+00:00
[2025-05-16T06:00:50.849+0000] {processor.py:208} INFO - Processing /opt/airflow/dags/rocket_launch.py took 0.882 seconds
[2025-05-16T06:01:28.590+0000] {processor.py:186} INFO - Started process (PID=2932) to work on /opt/airflow/dags/rocket_launch.py
[2025-05-16T06:01:28.593+0000] {processor.py:914} INFO - Processing file /opt/airflow/dags/rocket_launch.py for tasks to queue
[2025-05-16T06:01:28.606+0000] {logging_mixin.py:190} INFO - [2025-05-16T06:01:28.605+0000] {dagbag.py:588} INFO - Filling up the DagBag from /opt/airflow/dags/rocket_launch.py
[2025-05-16T06:01:28.806+0000] {processor.py:925} INFO - DAG(s) 'rocket_image_collector_modular' retrieved from /opt/airflow/dags/rocket_launch.py
[2025-05-16T06:01:28.879+0000] {logging_mixin.py:190} INFO - [2025-05-16T06:01:28.878+0000] {dag.py:3239} INFO - Sync 1 DAGs
[2025-05-16T06:01:28.985+0000] {logging_mixin.py:190} INFO - [2025-05-16T06:01:28.984+0000] {dag.py:4180} INFO - Setting next_dagrun for rocket_image_collector_modular to 2025-05-16 05:55:00+00:00, run_after=2025-05-16 06:00:00+00:00
[2025-05-16T06:01:29.074+0000] {processor.py:208} INFO - Processing /opt/airflow/dags/rocket_launch.py took 0.507 seconds
[2025-05-16T06:02:02.832+0000] {processor.py:186} INFO - Started process (PID=3002) to work on /opt/airflow/dags/rocket_launch.py
[2025-05-16T06:02:02.836+0000] {processor.py:914} INFO - Processing file /opt/airflow/dags/rocket_launch.py for tasks to queue
[2025-05-16T06:02:02.847+0000] {logging_mixin.py:190} INFO - [2025-05-16T06:02:02.845+0000] {dagbag.py:588} INFO - Filling up the DagBag from /opt/airflow/dags/rocket_launch.py
[2025-05-16T06:02:02.969+0000] {processor.py:925} INFO - DAG(s) 'rocket_image_collector_modular' retrieved from /opt/airflow/dags/rocket_launch.py
[2025-05-16T06:02:03.038+0000] {logging_mixin.py:190} INFO - [2025-05-16T06:02:03.037+0000] {dag.py:3239} INFO - Sync 1 DAGs
[2025-05-16T06:02:03.149+0000] {logging_mixin.py:190} INFO - [2025-05-16T06:02:03.148+0000] {dag.py:4180} INFO - Setting next_dagrun for rocket_image_collector_modular to 2025-05-16 05:55:00+00:00, run_after=2025-05-16 06:00:00+00:00
[2025-05-16T06:02:03.255+0000] {processor.py:208} INFO - Processing /opt/airflow/dags/rocket_launch.py took 0.441 seconds
[2025-05-16T06:02:42.851+0000] {processor.py:186} INFO - Started process (PID=3060) to work on /opt/airflow/dags/rocket_launch.py
[2025-05-16T06:02:42.857+0000] {processor.py:914} INFO - Processing file /opt/airflow/dags/rocket_launch.py for tasks to queue
[2025-05-16T06:02:42.878+0000] {logging_mixin.py:190} INFO - [2025-05-16T06:02:42.877+0000] {dagbag.py:588} INFO - Filling up the DagBag from /opt/airflow/dags/rocket_launch.py
[2025-05-16T06:02:43.414+0000] {processor.py:925} INFO - DAG(s) 'rocket_image_collector_modular' retrieved from /opt/airflow/dags/rocket_launch.py
[2025-05-16T06:02:43.567+0000] {logging_mixin.py:190} INFO - [2025-05-16T06:02:43.563+0000] {dag.py:3239} INFO - Sync 1 DAGs
[2025-05-16T06:02:43.751+0000] {logging_mixin.py:190} INFO - [2025-05-16T06:02:43.749+0000] {dag.py:4180} INFO - Setting next_dagrun for rocket_image_collector_modular to 2025-05-16 05:55:00+00:00, run_after=2025-05-16 06:00:00+00:00
[2025-05-16T06:02:43.936+0000] {processor.py:208} INFO - Processing /opt/airflow/dags/rocket_launch.py took 1.115 seconds
[2025-05-16T06:03:33.516+0000] {processor.py:186} INFO - Started process (PID=3117) to work on /opt/airflow/dags/rocket_launch.py
[2025-05-16T06:03:33.520+0000] {processor.py:914} INFO - Processing file /opt/airflow/dags/rocket_launch.py for tasks to queue
[2025-05-16T06:03:33.530+0000] {logging_mixin.py:190} INFO - [2025-05-16T06:03:33.528+0000] {dagbag.py:588} INFO - Filling up the DagBag from /opt/airflow/dags/rocket_launch.py
[2025-05-16T06:03:33.702+0000] {processor.py:925} INFO - DAG(s) 'rocket_image_collector_modular' retrieved from /opt/airflow/dags/rocket_launch.py
[2025-05-16T06:03:33.792+0000] {logging_mixin.py:190} INFO - [2025-05-16T06:03:33.792+0000] {dag.py:3239} INFO - Sync 1 DAGs
[2025-05-16T06:03:33.925+0000] {logging_mixin.py:190} INFO - [2025-05-16T06:03:33.923+0000] {dag.py:4180} INFO - Setting next_dagrun for rocket_image_collector_modular to 2025-05-16 05:55:00+00:00, run_after=2025-05-16 06:00:00+00:00
[2025-05-16T06:03:34.161+0000] {processor.py:208} INFO - Processing /opt/airflow/dags/rocket_launch.py took 0.667 seconds
